          %Evm          Svm            E11          E22          E33          E23          E13          E12         SCAU11       SCAU22       SCAU33       SCAU23       SCAU13       SCAU12      TEMP
  0.00000E+00  0.17344E+03    0.00000E+00  0.00000E+00  0.00000E+00  0.00000E+00  0.00000E+00  0.00000E+00   -0.17343E+03  0.00000E+00  0.00000E+00  0.13522E+01  0.38588E+00  0.14654E-01
  0.99990E-03  0.17669E+03   -0.10000E-02  0.56623E-03  0.43377E-03  0.00000E+00  0.00000E+00  0.00000E+00   -0.17667E+03  0.00000E+00  0.00000E+00  0.15336E+01  0.34261E+00 -0.90950E-02
  0.19998E-02  0.17719E+03   -0.20000E-02  0.11298E-02  0.87020E-03  0.00000E+00  0.00000E+00  0.00000E+00   -0.17717E+03  0.00000E+00  0.00000E+00  0.15429E+01  0.36068E+00 -0.16407E-01
  0.29997E-02  0.17767E+03   -0.30000E-02  0.16933E-02  0.13067E-02  0.00000E+00  0.00000E+00  0.00000E+00   -0.17765E+03  0.00000E+00  0.00000E+00  0.15389E+01  0.38636E+00 -0.16244E-01
  0.39995E-02  0.17814E+03   -0.40000E-02  0.22566E-02  0.17434E-02  0.00000E+00  0.00000E+00  0.00000E+00   -0.17812E+03  0.00000E+00  0.00000E+00  0.15341E+01  0.41516E+00 -0.14561E-01
  0.49994E-02  0.17864E+03   -0.50000E-02  0.28199E-02  0.21801E-02  0.00000E+00  0.00000E+00  0.00000E+00   -0.17861E+03  0.00000E+00  0.00000E+00  0.15294E+01  0.44942E+00 -0.10153E-01
  0.59993E-02  0.17912E+03   -0.60000E-02  0.33832E-02  0.26168E-02  0.00000E+00  0.00000E+00  0.00000E+00   -0.17910E+03  0.00000E+00  0.00000E+00  0.15173E+01  0.48515E+00 -0.65537E-02
  0.69992E-02  0.17965E+03   -0.70000E-02  0.39464E-02  0.30536E-02  0.00000E+00  0.00000E+00  0.00000E+00   -0.17962E+03  0.00000E+00  0.00000E+00  0.14953E+01  0.53471E+00 -0.76816E-02
  0.79991E-02  0.18018E+03   -0.80000E-02  0.45096E-02  0.34904E-02  0.00000E+00  0.00000E+00  0.00000E+00   -0.18016E+03  0.00000E+00  0.00000E+00  0.14827E+01  0.56297E+00  0.92212E-02
  0.89990E-02  0.18071E+03   -0.90000E-02  0.50728E-02  0.39272E-02  0.00000E+00  0.00000E+00  0.00000E+00   -0.18069E+03  0.00000E+00  0.00000E+00  0.14827E+01  0.60865E+00 -0.30588E-03
  0.99988E-02  0.18123E+03   -0.10000E-01  0.56361E-02  0.43639E-02  0.00000E+00  0.00000E+00  0.00000E+00   -0.18121E+03  0.00000E+00  0.00000E+00  0.14748E+01  0.64335E+00  0.53421E-02
  0.10999E-01  0.18181E+03   -0.11000E-01  0.61994E-02  0.48006E-02  0.00000E+00  0.00000E+00  0.00000E+00   -0.18179E+03  0.00000E+00  0.00000E+00  0.14565E+01  0.69636E+00 -0.71333E-02
  0.11999E-01  0.18242E+03   -0.12000E-01  0.67628E-02  0.52372E-02  0.00000E+00  0.00000E+00  0.00000E+00   -0.18240E+03  0.00000E+00  0.00000E+00  0.14336E+01  0.72065E+00 -0.30085E-01
  0.12998E-01  0.18305E+03   -0.13000E-01  0.73265E-02  0.56735E-02  0.00000E+00  0.00000E+00  0.00000E+00   -0.18303E+03  0.00000E+00  0.00000E+00  0.14213E+01  0.75958E+00  0.38217E-04
  0.13998E-01  0.18378E+03   -0.14000E-01  0.78905E-02  0.61095E-02  0.00000E+00  0.00000E+00  0.00000E+00   -0.18375E+03  0.00000E+00  0.00000E+00  0.13766E+01  0.84131E+00 -0.24198E-01
  0.14998E-01  0.18447E+03   -0.15000E-01  0.84550E-02  0.65450E-02  0.00000E+00  0.00000E+00  0.00000E+00   -0.18444E+03  0.00000E+00  0.00000E+00  0.13766E+01  0.84672E+00 -0.25135E-01
  0.15998E-01  0.18508E+03   -0.16000E-01  0.90197E-02  0.69803E-02  0.00000E+00  0.00000E+00  0.00000E+00   -0.18506E+03  0.00000E+00  0.00000E+00  0.13757E+01  0.87425E+00 -0.28660E-01
  0.16998E-01  0.18576E+03   -0.17000E-01  0.95846E-02  0.74154E-02  0.00000E+00  0.00000E+00  0.00000E+00   -0.18574E+03  0.00000E+00  0.00000E+00  0.13091E+01  0.95066E+00 -0.61883E-02
  0.17998E-01  0.18635E+03   -0.18000E-01  0.10150E-01  0.78501E-02  0.00000E+00  0.00000E+00  0.00000E+00   -0.18633E+03  0.00000E+00  0.00000E+00  0.13261E+01  0.95586E+00 -0.83979E-02
  0.18998E-01  0.18698E+03   -0.19000E-01  0.10715E-01  0.82846E-02  0.00000E+00  0.00000E+00  0.00000E+00   -0.18696E+03  0.00000E+00  0.00000E+00  0.12986E+01  0.99169E+00 -0.82447E-02
  0.19998E-01  0.18766E+03   -0.20000E-01  0.11281E-01  0.87190E-02  0.00000E+00  0.00000E+00  0.00000E+00   -0.18764E+03  0.00000E+00  0.00000E+00  0.11959E+01  0.10564E+01 -0.10911E-01
  0.20998E-01  0.18829E+03   -0.21000E-01  0.11847E-01  0.91532E-02  0.00000E+00  0.00000E+00  0.00000E+00   -0.18827E+03  0.00000E+00  0.00000E+00  0.12496E+01  0.10618E+01 -0.21437E-01
  0.21997E-01  0.18899E+03   -0.22000E-01  0.12413E-01  0.95873E-02  0.00000E+00  0.00000E+00  0.00000E+00   -0.18896E+03  0.00000E+00  0.00000E+00  0.12585E+01  0.10948E+01 -0.19959E-01
  0.22997E-01  0.18986E+03   -0.23000E-01  0.12979E-01  0.10021E-01  0.00000E+00  0.00000E+00  0.00000E+00   -0.18984E+03  0.00000E+00  0.00000E+00  0.12502E+01  0.11848E+01 -0.33449E-01
  0.23997E-01  0.19047E+03   -0.24000E-01  0.13545E-01  0.10455E-01  0.00000E+00  0.00000E+00  0.00000E+00   -0.19045E+03  0.00000E+00  0.00000E+00  0.12315E+01  0.11793E+01 -0.34551E-01
  0.24997E-01  0.19133E+03   -0.25000E-01  0.14112E-01  0.10888E-01  0.00000E+00  0.00000E+00  0.00000E+00   -0.19130E+03  0.00000E+00  0.00000E+00  0.11412E+01  0.12037E+01 -0.55981E-01
  0.25997E-01  0.19192E+03   -0.26000E-01  0.14679E-01  0.11321E-01  0.00000E+00  0.00000E+00  0.00000E+00   -0.19189E+03  0.00000E+00  0.00000E+00  0.12044E+01  0.12068E+01 -0.36948E-01
  0.26997E-01  0.19255E+03   -0.27000E-01  0.15246E-01  0.11754E-01  0.00000E+00  0.00000E+00  0.00000E+00   -0.19253E+03  0.00000E+00  0.00000E+00  0.11699E+01  0.12466E+01 -0.51607E-01
  0.27997E-01  0.19318E+03   -0.28000E-01  0.15812E-01  0.12188E-01  0.00000E+00  0.00000E+00  0.00000E+00   -0.19316E+03  0.00000E+00  0.00000E+00  0.11822E+01  0.12623E+01 -0.45129E-01
  0.28997E-01  0.19393E+03   -0.29000E-01  0.16379E-01  0.12621E-01  0.00000E+00  0.00000E+00  0.00000E+00   -0.19390E+03  0.00000E+00  0.00000E+00  0.10980E+01  0.12968E+01 -0.21146E-01
  0.29997E-01  0.19463E+03   -0.30000E-01  0.16947E-01  0.13053E-01  0.00000E+00  0.00000E+00  0.00000E+00   -0.19461E+03  0.00000E+00  0.00000E+00  0.11279E+01  0.13273E+01 -0.22885E-01
  0.30996E-01  0.19527E+03   -0.31000E-01  0.17514E-01  0.13486E-01  0.00000E+00  0.00000E+00  0.00000E+00   -0.19524E+03  0.00000E+00  0.00000E+00  0.11148E+01  0.13362E+01 -0.29645E-01
  0.31996E-01  0.19591E+03   -0.32000E-01  0.18082E-01  0.13918E-01  0.00000E+00  0.00000E+00  0.00000E+00   -0.19588E+03  0.00000E+00  0.00000E+00  0.10977E+01  0.13562E+01 -0.28144E-01
  0.32996E-01  0.19658E+03   -0.33000E-01  0.18649E-01  0.14351E-01  0.00000E+00  0.00000E+00  0.00000E+00   -0.19655E+03  0.00000E+00  0.00000E+00  0.10474E+01  0.13803E+01 -0.22234E-01
  0.33996E-01  0.19726E+03   -0.34000E-01  0.19217E-01  0.14783E-01  0.00000E+00  0.00000E+00  0.00000E+00   -0.19723E+03  0.00000E+00  0.00000E+00  0.10933E+01  0.14194E+01 -0.30397E-01
  0.34996E-01  0.19796E+03   -0.35000E-01  0.19785E-01  0.15215E-01  0.00000E+00  0.00000E+00  0.00000E+00   -0.19793E+03  0.00000E+00  0.00000E+00  0.10593E+01  0.14159E+01 -0.35924E-02
  0.35996E-01  0.19866E+03   -0.36000E-01  0.20353E-01  0.15647E-01  0.00000E+00  0.00000E+00  0.00000E+00   -0.19863E+03  0.00000E+00  0.00000E+00  0.10429E+01  0.14391E+01 -0.70379E-03
  0.36996E-01  0.19940E+03   -0.37000E-01  0.20921E-01  0.16079E-01  0.00000E+00  0.00000E+00  0.00000E+00   -0.19938E+03  0.00000E+00  0.00000E+00  0.95810E+00  0.14766E+01 -0.11583E-01
  0.37996E-01  0.20005E+03   -0.38000E-01  0.21489E-01  0.16511E-01  0.00000E+00  0.00000E+00  0.00000E+00   -0.20003E+03  0.00000E+00  0.00000E+00  0.97820E+00  0.14716E+01  0.20780E-02
  0.38995E-01  0.20076E+03   -0.39000E-01  0.22058E-01  0.16942E-01  0.00000E+00  0.00000E+00  0.00000E+00   -0.20074E+03  0.00000E+00  0.00000E+00  0.97205E+00  0.14935E+01  0.86699E-02
  0.39995E-01  0.20155E+03   -0.40000E-01  0.22626E-01  0.17374E-01  0.00000E+00  0.00000E+00  0.00000E+00   -0.20153E+03  0.00000E+00  0.00000E+00  0.93499E+00  0.15479E+01  0.35504E-01
  0.40995E-01  0.20227E+03   -0.41000E-01  0.23194E-01  0.17806E-01  0.00000E+00  0.00000E+00  0.00000E+00   -0.20225E+03  0.00000E+00  0.00000E+00  0.93715E+00  0.15065E+01  0.30075E-01
  0.41995E-01  0.20296E+03   -0.42000E-01  0.23762E-01  0.18238E-01  0.00000E+00  0.00000E+00  0.00000E+00   -0.20294E+03  0.00000E+00  0.00000E+00  0.93598E+00  0.15250E+01  0.45526E-01
  0.42995E-01  0.20366E+03   -0.43000E-01  0.24331E-01  0.18669E-01  0.00000E+00  0.00000E+00  0.00000E+00   -0.20364E+03  0.00000E+00  0.00000E+00  0.94188E+00  0.15383E+01  0.52049E-01
  0.43995E-01  0.20439E+03   -0.44000E-01  0.24899E-01  0.19101E-01  0.00000E+00  0.00000E+00  0.00000E+00   -0.20437E+03  0.00000E+00  0.00000E+00  0.95648E+00  0.15491E+01  0.66416E-01
  0.44995E-01  0.20512E+03   -0.45000E-01  0.25467E-01  0.19533E-01  0.00000E+00  0.00000E+00  0.00000E+00   -0.20510E+03  0.00000E+00  0.00000E+00  0.89489E+00  0.15875E+01  0.82539E-01
  0.45995E-01  0.20581E+03   -0.46000E-01  0.26036E-01  0.19964E-01  0.00000E+00  0.00000E+00  0.00000E+00   -0.20579E+03  0.00000E+00  0.00000E+00  0.88878E+00  0.15973E+01  0.97166E-01
  0.46994E-01  0.20671E+03   -0.47000E-01  0.26604E-01  0.20396E-01  0.00000E+00  0.00000E+00  0.00000E+00   -0.20668E+03  0.00000E+00  0.00000E+00  0.96079E+00  0.16342E+01  0.12183E+00
  0.47994E-01  0.20733E+03   -0.48000E-01  0.27173E-01  0.20827E-01  0.00000E+00  0.00000E+00  0.00000E+00   -0.20731E+03  0.00000E+00  0.00000E+00  0.92827E+00  0.16441E+01  0.13299E+00
  0.48994E-01  0.20805E+03   -0.49000E-01  0.27741E-01  0.21259E-01  0.00000E+00  0.00000E+00  0.00000E+00   -0.20803E+03  0.00000E+00  0.00000E+00  0.91618E+00  0.16474E+01  0.15219E+00
  0.49994E-01  0.20883E+03   -0.50000E-01  0.28310E-01  0.21690E-01  0.00000E+00  0.00000E+00  0.00000E+00   -0.20881E+03  0.00000E+00  0.00000E+00  0.91360E+00  0.16731E+01  0.16448E+00
  0.50994E-01  0.20995E+03   -0.51000E-01  0.28878E-01  0.22122E-01  0.00000E+00  0.00000E+00  0.00000E+00   -0.20992E+03  0.00000E+00  0.00000E+00  0.89243E+00  0.16448E+01  0.16578E+00
  0.51994E-01  0.21051E+03   -0.52000E-01  0.29447E-01  0.22553E-01  0.00000E+00  0.00000E+00  0.00000E+00   -0.21048E+03  0.00000E+00  0.00000E+00  0.88542E+00  0.17016E+01  0.20676E+00
  0.52994E-01  0.21157E+03   -0.53000E-01  0.30015E-01  0.22985E-01  0.00000E+00  0.00000E+00  0.00000E+00   -0.21154E+03  0.00000E+00  0.00000E+00  0.87246E+00  0.16968E+01  0.21278E+00
  0.53994E-01  0.21208E+03   -0.54000E-01  0.30583E-01  0.23417E-01  0.00000E+00  0.00000E+00  0.00000E+00   -0.21205E+03  0.00000E+00  0.00000E+00  0.81566E+00  0.17484E+01  0.25069E+00
  0.54993E-01  0.21284E+03   -0.55000E-01  0.31152E-01  0.23848E-01  0.00000E+00  0.00000E+00  0.00000E+00   -0.21282E+03  0.00000E+00  0.00000E+00  0.82318E+00  0.17667E+01  0.25512E+00
  0.55993E-01  0.21360E+03   -0.56000E-01  0.31720E-01  0.24280E-01  0.00000E+00  0.00000E+00  0.00000E+00   -0.21357E+03  0.00000E+00  0.00000E+00  0.79413E+00  0.17769E+01  0.27147E+00
  0.56993E-01  0.21438E+03   -0.57000E-01  0.32288E-01  0.24712E-01  0.00000E+00  0.00000E+00  0.00000E+00   -0.21435E+03  0.00000E+00  0.00000E+00  0.80754E+00  0.18050E+01  0.28174E+00
  0.57993E-01  0.21545E+03   -0.58000E-01  0.32856E-01  0.25144E-01  0.00000E+00  0.00000E+00  0.00000E+00   -0.21542E+03  0.00000E+00  0.00000E+00  0.78504E+00  0.18041E+01  0.29122E+00
  0.58993E-01  0.21599E+03   -0.59000E-01  0.33425E-01  0.25575E-01  0.00000E+00  0.00000E+00  0.00000E+00   -0.21596E+03  0.00000E+00  0.00000E+00  0.69947E+00  0.18588E+01  0.32043E+00
  0.59993E-01  0.21672E+03   -0.60000E-01  0.33993E-01  0.26007E-01  0.00000E+00  0.00000E+00  0.00000E+00   -0.21669E+03  0.00000E+00  0.00000E+00  0.66699E+00  0.18922E+01  0.34979E+00
  0.60993E-01  0.21773E+03   -0.61000E-01  0.34561E-01  0.26439E-01  0.00000E+00  0.00000E+00  0.00000E+00   -0.21770E+03  0.00000E+00  0.00000E+00  0.68741E+00  0.19346E+01  0.39355E+00
  0.61993E-01  0.21856E+03   -0.62000E-01  0.35130E-01  0.26870E-01  0.00000E+00  0.00000E+00  0.00000E+00   -0.21853E+03  0.00000E+00  0.00000E+00  0.73596E+00  0.19070E+01  0.34994E+00
  0.62992E-01  0.21954E+03   -0.63000E-01  0.35698E-01  0.27302E-01  0.00000E+00  0.00000E+00  0.00000E+00   -0.21951E+03  0.00000E+00  0.00000E+00  0.71122E+00  0.19633E+01  0.42506E+00
  0.63992E-01  0.22004E+03   -0.64000E-01  0.36266E-01  0.27734E-01  0.00000E+00  0.00000E+00  0.00000E+00   -0.22001E+03  0.00000E+00  0.00000E+00  0.59409E+00  0.19523E+01  0.40256E+00
  0.64992E-01  0.22103E+03   -0.65000E-01  0.36834E-01  0.28166E-01  0.00000E+00  0.00000E+00  0.00000E+00   -0.22100E+03  0.00000E+00  0.00000E+00  0.61345E+00  0.20155E+01  0.46273E+00
  0.65992E-01  0.22195E+03   -0.66000E-01  0.37402E-01  0.28598E-01  0.00000E+00  0.00000E+00  0.00000E+00   -0.22191E+03  0.00000E+00  0.00000E+00  0.62514E+00  0.20527E+01  0.48815E+00
  0.66992E-01  0.22276E+03   -0.67000E-01  0.37970E-01  0.29030E-01  0.00000E+00  0.00000E+00  0.00000E+00   -0.22273E+03  0.00000E+00  0.00000E+00  0.66727E+00  0.20848E+01  0.50126E+00
  0.67992E-01  0.22362E+03   -0.68000E-01  0.38538E-01  0.29462E-01  0.00000E+00  0.00000E+00  0.00000E+00   -0.22359E+03  0.00000E+00  0.00000E+00  0.70299E+00  0.20540E+01  0.55546E+00
  0.68992E-01  0.22441E+03   -0.69000E-01  0.39106E-01  0.29894E-01  0.00000E+00  0.00000E+00  0.00000E+00   -0.22437E+03  0.00000E+00  0.00000E+00  0.60531E+00  0.20897E+01  0.44517E+00
  0.69991E-01  0.22522E+03   -0.70000E-01  0.39674E-01  0.30326E-01  0.00000E+00  0.00000E+00  0.00000E+00   -0.22519E+03  0.00000E+00  0.00000E+00  0.63087E+00  0.20600E+01  0.63963E+00
  0.70991E-01  0.22603E+03   -0.71000E-01  0.40243E-01  0.30757E-01  0.00000E+00  0.00000E+00  0.00000E+00   -0.22600E+03  0.00000E+00  0.00000E+00  0.60722E+00  0.21256E+01  0.68203E+00
  0.71991E-01  0.22702E+03   -0.72000E-01  0.40811E-01  0.31189E-01  0.00000E+00  0.00000E+00  0.00000E+00   -0.22698E+03  0.00000E+00  0.00000E+00  0.59455E+00  0.21189E+01  0.68361E+00
  0.72991E-01  0.22799E+03   -0.73000E-01  0.41379E-01  0.31621E-01  0.00000E+00  0.00000E+00  0.00000E+00   -0.22796E+03  0.00000E+00  0.00000E+00  0.60472E+00  0.21313E+01  0.71113E+00
  0.73991E-01  0.22880E+03   -0.74000E-01  0.41947E-01  0.32053E-01  0.00000E+00  0.00000E+00  0.00000E+00   -0.22876E+03  0.00000E+00  0.00000E+00  0.59050E+00  0.21567E+01  0.73092E+00
  0.74991E-01  0.22963E+03   -0.75000E-01  0.42515E-01  0.32485E-01  0.00000E+00  0.00000E+00  0.00000E+00   -0.22959E+03  0.00000E+00  0.00000E+00  0.55751E+00  0.22037E+01  0.74025E+00
  0.75990E-01  0.23059E+03   -0.76000E-01  0.43083E-01  0.32917E-01  0.00000E+00  0.00000E+00  0.00000E+00   -0.23055E+03  0.00000E+00  0.00000E+00  0.55750E+00  0.21976E+01  0.75796E+00
  0.76990E-01  0.23151E+03   -0.77000E-01  0.43651E-01  0.33349E-01  0.00000E+00  0.00000E+00  0.00000E+00   -0.23147E+03  0.00000E+00  0.00000E+00  0.57455E+00  0.22034E+01  0.79026E+00
  0.77990E-01  0.23241E+03   -0.78000E-01  0.44219E-01  0.33781E-01  0.00000E+00  0.00000E+00  0.00000E+00   -0.23237E+03  0.00000E+00  0.00000E+00  0.55582E+00  0.22226E+01  0.81007E+00
  0.78990E-01  0.23328E+03   -0.79000E-01  0.44787E-01  0.34213E-01  0.00000E+00  0.00000E+00  0.00000E+00   -0.23325E+03  0.00000E+00  0.00000E+00  0.54496E+00  0.22441E+01  0.83276E+00
  0.79990E-01  0.23417E+03   -0.80000E-01  0.45355E-01  0.34645E-01  0.00000E+00  0.00000E+00  0.00000E+00   -0.23413E+03  0.00000E+00  0.00000E+00  0.53766E+00  0.22690E+01  0.85487E+00
  0.80990E-01  0.23506E+03   -0.81000E-01  0.45923E-01  0.35077E-01  0.00000E+00  0.00000E+00  0.00000E+00   -0.23502E+03  0.00000E+00  0.00000E+00  0.52675E+00  0.22917E+01  0.87778E+00
  0.81989E-01  0.23595E+03   -0.82000E-01  0.46491E-01  0.35509E-01  0.00000E+00  0.00000E+00  0.00000E+00   -0.23590E+03  0.00000E+00  0.00000E+00  0.51623E+00  0.23148E+01  0.90085E+00
  0.82989E-01  0.23684E+03   -0.83000E-01  0.47059E-01  0.35941E-01  0.00000E+00  0.00000E+00  0.00000E+00   -0.23680E+03  0.00000E+00  0.00000E+00  0.50554E+00  0.23387E+01  0.92353E+00
  0.83989E-01  0.23777E+03   -0.84000E-01  0.47627E-01  0.36373E-01  0.00000E+00  0.00000E+00  0.00000E+00   -0.23772E+03  0.00000E+00  0.00000E+00  0.49631E+00  0.23618E+01  0.95073E+00
  0.84989E-01  0.23870E+03   -0.85000E-01  0.48195E-01  0.36805E-01  0.00000E+00  0.00000E+00  0.00000E+00   -0.23865E+03  0.00000E+00  0.00000E+00  0.47803E+00  0.23839E+01  0.97050E+00
  0.85989E-01  0.23962E+03   -0.86000E-01  0.48763E-01  0.37237E-01  0.00000E+00  0.00000E+00  0.00000E+00   -0.23957E+03  0.00000E+00  0.00000E+00  0.46665E+00  0.24095E+01  0.99089E+00
  0.86989E-01  0.24056E+03   -0.87000E-01  0.49330E-01  0.37670E-01  0.00000E+00  0.00000E+00  0.00000E+00   -0.24051E+03  0.00000E+00  0.00000E+00  0.45391E+00  0.24362E+01  0.10060E+01
  0.87988E-01  0.24150E+03   -0.88000E-01  0.49898E-01  0.38102E-01  0.00000E+00  0.00000E+00  0.00000E+00   -0.24146E+03  0.00000E+00  0.00000E+00  0.44254E+00  0.24613E+01  0.10240E+01
  0.88988E-01  0.24244E+03   -0.89000E-01  0.50466E-01  0.38534E-01  0.00000E+00  0.00000E+00  0.00000E+00   -0.24239E+03  0.00000E+00  0.00000E+00  0.43041E+00  0.24866E+01  0.10395E+01
  0.89988E-01  0.24340E+03   -0.90000E-01  0.51034E-01  0.38966E-01  0.00000E+00  0.00000E+00  0.00000E+00   -0.24335E+03  0.00000E+00  0.00000E+00  0.41396E+00  0.25145E+01  0.10547E+01
  0.90988E-01  0.24438E+03   -0.91000E-01  0.51602E-01  0.39398E-01  0.00000E+00  0.00000E+00  0.00000E+00   -0.24434E+03  0.00000E+00  0.00000E+00  0.38300E+00  0.25304E+01  0.10610E+01
  0.91988E-01  0.24538E+03   -0.92000E-01  0.52170E-01  0.39830E-01  0.00000E+00  0.00000E+00  0.00000E+00   -0.24533E+03  0.00000E+00  0.00000E+00  0.35852E+00  0.25523E+01  0.10690E+01
  0.92987E-01  0.24638E+03   -0.93000E-01  0.52738E-01  0.40262E-01  0.00000E+00  0.00000E+00  0.00000E+00   -0.24633E+03  0.00000E+00  0.00000E+00  0.34815E+00  0.25882E+01  0.10782E+01
  0.93987E-01  0.24737E+03   -0.94000E-01  0.53305E-01  0.40695E-01  0.00000E+00  0.00000E+00  0.00000E+00   -0.24732E+03  0.00000E+00  0.00000E+00  0.33576E+00  0.26146E+01  0.10862E+01
  0.94987E-01  0.24837E+03   -0.95000E-01  0.53873E-01  0.41127E-01  0.00000E+00  0.00000E+00  0.00000E+00   -0.24832E+03  0.00000E+00  0.00000E+00  0.32290E+00  0.26416E+01  0.10936E+01
  0.95987E-01  0.24937E+03   -0.96000E-01  0.54440E-01  0.41560E-01  0.00000E+00  0.00000E+00  0.00000E+00   -0.24932E+03  0.00000E+00  0.00000E+00  0.30929E+00  0.26698E+01  0.11008E+01
  0.96987E-01  0.25038E+03   -0.97000E-01  0.55008E-01  0.41992E-01  0.00000E+00  0.00000E+00  0.00000E+00   -0.25033E+03  0.00000E+00  0.00000E+00  0.29600E+00  0.26979E+01  0.11068E+01
  0.97986E-01  0.25140E+03   -0.98000E-01  0.55575E-01  0.42425E-01  0.00000E+00  0.00000E+00  0.00000E+00   -0.25135E+03  0.00000E+00  0.00000E+00  0.28344E+00  0.27257E+01  0.11116E+01
  0.98986E-01  0.25243E+03   -0.99000E-01  0.56142E-01  0.42858E-01  0.00000E+00  0.00000E+00  0.00000E+00   -0.25238E+03  0.00000E+00  0.00000E+00  0.27192E+00  0.27531E+01  0.11163E+01
  0.99986E-01  0.25347E+03   -0.10000E+00  0.56709E-01  0.43291E-01  0.00000E+00  0.00000E+00  0.00000E+00   -0.25342E+03  0.00000E+00  0.00000E+00  0.26038E+00  0.27794E+01  0.11211E+01
  0.10099E+00  0.25452E+03   -0.10100E+00  0.57276E-01  0.43724E-01  0.00000E+00  0.00000E+00  0.00000E+00   -0.25447E+03  0.00000E+00  0.00000E+00  0.24929E+00  0.28047E+01  0.11255E+01
  0.10199E+00  0.25594E+03   -0.10200E+00  0.57843E-01  0.44157E-01  0.00000E+00  0.00000E+00  0.00000E+00   -0.25589E+03  0.00000E+00  0.00000E+00  0.25271E+00  0.28323E+01  0.11284E+01
  0.10299E+00  0.25672E+03   -0.10300E+00  0.58410E-01  0.44590E-01  0.00000E+00  0.00000E+00  0.00000E+00   -0.25666E+03  0.00000E+00  0.00000E+00  0.24629E+00  0.28634E+01  0.11305E+01
  0.10399E+00  0.25811E+03   -0.10400E+00  0.58977E-01  0.45023E-01  0.00000E+00  0.00000E+00  0.00000E+00   -0.25805E+03  0.00000E+00  0.00000E+00  0.23874E+00  0.28831E+01  0.11352E+01
  0.10498E+00  0.25889E+03   -0.10500E+00  0.59544E-01  0.45456E-01  0.00000E+00  0.00000E+00  0.00000E+00   -0.25883E+03  0.00000E+00  0.00000E+00  0.23210E+00  0.29111E+01  0.11363E+01
  0.10598E+00  0.26029E+03   -0.10600E+00  0.60110E-01  0.45890E-01  0.00000E+00  0.00000E+00  0.00000E+00   -0.26024E+03  0.00000E+00  0.00000E+00  0.22552E+00  0.29299E+01  0.11410E+01
  0.10698E+00  0.26145E+03   -0.10700E+00  0.60676E-01  0.46324E-01  0.00000E+00  0.00000E+00  0.00000E+00   -0.26139E+03  0.00000E+00  0.00000E+00  0.21165E+00  0.29584E+01  0.11460E+01
  0.10798E+00  0.26258E+03   -0.10800E+00  0.61243E-01  0.46757E-01  0.00000E+00  0.00000E+00  0.00000E+00   -0.26252E+03  0.00000E+00  0.00000E+00  0.20513E+00  0.29812E+01  0.11484E+01
  0.10898E+00  0.26371E+03   -0.10900E+00  0.61809E-01  0.47191E-01  0.00000E+00  0.00000E+00  0.00000E+00   -0.26365E+03  0.00000E+00  0.00000E+00  0.20084E+00  0.30020E+01  0.11499E+01
  0.10998E+00  0.26485E+03   -0.11000E+00  0.62375E-01  0.47625E-01  0.00000E+00  0.00000E+00  0.00000E+00   -0.26479E+03  0.00000E+00  0.00000E+00  0.19660E+00  0.30221E+01  0.11513E+01
  0.11098E+00  0.26602E+03   -0.11100E+00  0.62941E-01  0.48059E-01  0.00000E+00  0.00000E+00  0.00000E+00   -0.26596E+03  0.00000E+00  0.00000E+00  0.20236E+00  0.30463E+01  0.11506E+01
  0.11198E+00  0.26720E+03   -0.11200E+00  0.63506E-01  0.48494E-01  0.00000E+00  0.00000E+00  0.00000E+00   -0.26714E+03  0.00000E+00  0.00000E+00  0.20461E+00  0.30650E+01  0.11520E+01
  0.11298E+00  0.26840E+03   -0.11300E+00  0.64072E-01  0.48928E-01  0.00000E+00  0.00000E+00  0.00000E+00   -0.26834E+03  0.00000E+00  0.00000E+00  0.21711E+00  0.30904E+01  0.11498E+01
  0.11398E+00  0.26960E+03   -0.11400E+00  0.64637E-01  0.49363E-01  0.00000E+00  0.00000E+00  0.00000E+00   -0.26953E+03  0.00000E+00  0.00000E+00  0.21692E+00  0.31100E+01  0.11490E+01
  0.11498E+00  0.27079E+03   -0.11500E+00  0.65203E-01  0.49797E-01  0.00000E+00  0.00000E+00  0.00000E+00   -0.27072E+03  0.00000E+00  0.00000E+00  0.21431E+00  0.31267E+01  0.11482E+01
  0.11598E+00  0.27198E+03   -0.11600E+00  0.65768E-01  0.50232E-01  0.00000E+00  0.00000E+00  0.00000E+00   -0.27192E+03  0.00000E+00  0.00000E+00  0.21134E+00  0.31427E+01  0.11468E+01
  0.11698E+00  0.27319E+03   -0.11700E+00  0.66333E-01  0.50667E-01  0.00000E+00  0.00000E+00  0.00000E+00   -0.27312E+03  0.00000E+00  0.00000E+00  0.20962E+00  0.31568E+01  0.11442E+01
  0.11798E+00  0.27440E+03   -0.11800E+00  0.66898E-01  0.51102E-01  0.00000E+00  0.00000E+00  0.00000E+00   -0.27433E+03  0.00000E+00  0.00000E+00  0.20893E+00  0.31694E+01  0.11396E+01
  0.11898E+00  0.27561E+03   -0.11900E+00  0.67462E-01  0.51538E-01  0.00000E+00  0.00000E+00  0.00000E+00   -0.27555E+03  0.00000E+00  0.00000E+00  0.20899E+00  0.31809E+01  0.11335E+01
  0.11998E+00  0.27684E+03   -0.12000E+00  0.68027E-01  0.51973E-01  0.00000E+00  0.00000E+00  0.00000E+00   -0.27677E+03  0.00000E+00  0.00000E+00  0.20912E+00  0.31924E+01  0.11262E+01
  0.12098E+00  0.27811E+03   -0.12100E+00  0.68592E-01  0.52408E-01  0.00000E+00  0.00000E+00  0.00000E+00   -0.27805E+03  0.00000E+00  0.00000E+00  0.20888E+00  0.32048E+01  0.11172E+01
  0.12198E+00  0.27930E+03   -0.12200E+00  0.69156E-01  0.52844E-01  0.00000E+00  0.00000E+00  0.00000E+00   -0.27924E+03  0.00000E+00  0.00000E+00  0.20890E+00  0.32135E+01  0.11090E+01
  0.12298E+00  0.28058E+03   -0.12300E+00  0.69721E-01  0.53279E-01  0.00000E+00  0.00000E+00  0.00000E+00   -0.28052E+03  0.00000E+00  0.00000E+00  0.20876E+00  0.32228E+01  0.10980E+01
  0.12398E+00  0.28177E+03   -0.12400E+00  0.70285E-01  0.53715E-01  0.00000E+00  0.00000E+00  0.00000E+00   -0.28171E+03  0.00000E+00  0.00000E+00  0.20894E+00  0.32290E+01  0.10873E+01
  0.12498E+00  0.28269E+03   -0.12500E+00  0.70849E-01  0.54151E-01  0.00000E+00  0.00000E+00  0.00000E+00   -0.28263E+03  0.00000E+00  0.00000E+00  0.21118E+00  0.32316E+01  0.10704E+01
  0.12598E+00  0.28428E+03   -0.12600E+00  0.71413E-01  0.54587E-01  0.00000E+00  0.00000E+00  0.00000E+00   -0.28422E+03  0.00000E+00  0.00000E+00  0.20694E+00  0.32430E+01  0.10654E+01
  0.12698E+00  0.28518E+03   -0.12700E+00  0.71977E-01  0.55023E-01  0.00000E+00  0.00000E+00  0.00000E+00   -0.28512E+03  0.00000E+00  0.00000E+00  0.20796E+00  0.32411E+01  0.10488E+01
  0.12798E+00  0.28678E+03   -0.12800E+00  0.72541E-01  0.55459E-01  0.00000E+00  0.00000E+00  0.00000E+00   -0.28671E+03  0.00000E+00  0.00000E+00  0.20402E+00  0.32495E+01  0.10430E+01
  0.12898E+00  0.28766E+03   -0.12900E+00  0.73105E-01  0.55895E-01  0.00000E+00  0.00000E+00  0.00000E+00   -0.28760E+03  0.00000E+00  0.00000E+00  0.20290E+00  0.32441E+01  0.10273E+01
  0.12998E+00  0.28927E+03   -0.13000E+00  0.73669E-01  0.56331E-01  0.00000E+00  0.00000E+00  0.00000E+00   -0.28921E+03  0.00000E+00  0.00000E+00  0.19864E+00  0.32518E+01  0.10214E+01
  0.13098E+00  0.29014E+03   -0.13100E+00  0.74233E-01  0.56767E-01  0.00000E+00  0.00000E+00  0.00000E+00   -0.29008E+03  0.00000E+00  0.00000E+00  0.19606E+00  0.32450E+01  0.10076E+01
  0.13198E+00  0.29136E+03   -0.13200E+00  0.74796E-01  0.57204E-01  0.00000E+00  0.00000E+00  0.00000E+00   -0.29130E+03  0.00000E+00  0.00000E+00  0.19199E+00  0.32449E+01  0.99710E+00
  0.13298E+00  0.29259E+03   -0.13300E+00  0.75360E-01  0.57640E-01  0.00000E+00  0.00000E+00  0.00000E+00   -0.29254E+03  0.00000E+00  0.00000E+00  0.18724E+00  0.32453E+01  0.98714E+00
  0.13398E+00  0.29383E+03   -0.13400E+00  0.75924E-01  0.58076E-01  0.00000E+00  0.00000E+00  0.00000E+00   -0.29377E+03  0.00000E+00  0.00000E+00  0.18182E+00  0.32452E+01  0.97694E+00
  0.13498E+00  0.29507E+03   -0.13500E+00  0.76487E-01  0.58513E-01  0.00000E+00  0.00000E+00  0.00000E+00   -0.29501E+03  0.00000E+00  0.00000E+00  0.17576E+00  0.32466E+01  0.96663E+00
  0.13598E+00  0.29630E+03   -0.13600E+00  0.77051E-01  0.58949E-01  0.00000E+00  0.00000E+00  0.00000E+00   -0.29625E+03  0.00000E+00  0.00000E+00  0.16643E+00  0.32474E+01  0.95641E+00
  0.13698E+00  0.29758E+03   -0.13700E+00  0.77614E-01  0.59386E-01  0.00000E+00  0.00000E+00  0.00000E+00   -0.29752E+03  0.00000E+00  0.00000E+00  0.15399E+00  0.32487E+01  0.94318E+00
  0.13798E+00  0.29876E+03   -0.13800E+00  0.78178E-01  0.59822E-01  0.00000E+00  0.00000E+00  0.00000E+00   -0.29870E+03  0.00000E+00  0.00000E+00  0.14573E+00  0.32493E+01  0.93597E+00
  0.13898E+00  0.29998E+03   -0.13900E+00  0.78741E-01  0.60259E-01  0.00000E+00  0.00000E+00  0.00000E+00   -0.29992E+03  0.00000E+00  0.00000E+00  0.13328E+00  0.32512E+01  0.92641E+00
  0.13998E+00  0.30124E+03   -0.14000E+00  0.79304E-01  0.60696E-01  0.00000E+00  0.00000E+00  0.00000E+00   -0.30118E+03  0.00000E+00  0.00000E+00  0.11575E+00  0.32521E+01  0.91425E+00
  0.14098E+00  0.30241E+03   -0.14100E+00  0.79868E-01  0.61132E-01  0.00000E+00  0.00000E+00  0.00000E+00   -0.30235E+03  0.00000E+00  0.00000E+00  0.10345E+00  0.32520E+01  0.90681E+00
  0.14198E+00  0.30368E+03   -0.14200E+00  0.80431E-01  0.61569E-01  0.00000E+00  0.00000E+00  0.00000E+00   -0.30362E+03  0.00000E+00  0.00000E+00  0.66507E-01  0.32581E+01  0.89852E+00
  0.14298E+00  0.30487E+03   -0.14300E+00  0.80994E-01  0.62006E-01  0.00000E+00  0.00000E+00  0.00000E+00   -0.30481E+03  0.00000E+00  0.00000E+00  0.55614E-01  0.32591E+01  0.89189E+00
  0.14398E+00  0.30607E+03   -0.14400E+00  0.81557E-01  0.62443E-01  0.00000E+00  0.00000E+00  0.00000E+00   -0.30601E+03  0.00000E+00  0.00000E+00  0.39722E-01  0.32603E+01  0.88420E+00
  0.14498E+00  0.30727E+03   -0.14500E+00  0.82120E-01  0.62880E-01  0.00000E+00  0.00000E+00  0.00000E+00   -0.30721E+03  0.00000E+00  0.00000E+00  0.22023E-01  0.32606E+01  0.87721E+00
  0.14598E+00  0.30845E+03   -0.14600E+00  0.82683E-01  0.63317E-01  0.00000E+00  0.00000E+00  0.00000E+00   -0.30840E+03  0.00000E+00  0.00000E+00  0.39525E-02  0.32606E+01  0.87060E+00
  0.14698E+00  0.30964E+03   -0.14700E+00  0.83246E-01  0.63754E-01  0.00000E+00  0.00000E+00  0.00000E+00   -0.30958E+03  0.00000E+00  0.00000E+00 -0.14265E-01  0.32594E+01  0.86409E+00
  0.14798E+00  0.31081E+03   -0.14800E+00  0.83809E-01  0.64191E-01  0.00000E+00  0.00000E+00  0.00000E+00   -0.31076E+03  0.00000E+00  0.00000E+00 -0.32778E-01  0.32566E+01  0.85842E+00
  0.14898E+00  0.31198E+03   -0.14900E+00  0.84372E-01  0.64628E-01  0.00000E+00  0.00000E+00  0.00000E+00   -0.31192E+03  0.00000E+00  0.00000E+00 -0.51565E-01  0.32529E+01  0.85317E+00
  0.14998E+00  0.31314E+03   -0.15000E+00  0.84935E-01  0.65065E-01  0.00000E+00  0.00000E+00  0.00000E+00   -0.31309E+03  0.00000E+00  0.00000E+00 -0.70322E-01  0.32484E+01  0.84851E+00
  0.15098E+00  0.31430E+03   -0.15100E+00  0.85498E-01  0.65502E-01  0.00000E+00  0.00000E+00  0.00000E+00   -0.31424E+03  0.00000E+00  0.00000E+00 -0.89640E-01  0.32438E+01  0.84424E+00
  0.15198E+00  0.31545E+03   -0.15200E+00  0.86061E-01  0.65939E-01  0.00000E+00  0.00000E+00  0.00000E+00   -0.31539E+03  0.00000E+00  0.00000E+00 -0.10934E+00  0.32391E+01  0.84045E+00
  0.15298E+00  0.31659E+03   -0.15300E+00  0.86623E-01  0.66377E-01  0.00000E+00  0.00000E+00  0.00000E+00   -0.31653E+03  0.00000E+00  0.00000E+00 -0.12911E+00  0.32337E+01  0.83720E+00
  0.15397E+00  0.31772E+03   -0.15400E+00  0.87186E-01  0.66814E-01  0.00000E+00  0.00000E+00  0.00000E+00   -0.31767E+03  0.00000E+00  0.00000E+00 -0.14898E+00  0.32275E+01  0.83440E+00
  0.15497E+00  0.31887E+03   -0.15500E+00  0.87749E-01  0.67251E-01  0.00000E+00  0.00000E+00  0.00000E+00   -0.31882E+03  0.00000E+00  0.00000E+00 -0.17439E+00  0.32244E+01  0.83221E+00
  0.15597E+00  0.32001E+03   -0.15600E+00  0.88312E-01  0.67688E-01  0.00000E+00  0.00000E+00  0.00000E+00   -0.31996E+03  0.00000E+00  0.00000E+00 -0.19375E+00  0.32176E+01  0.82993E+00
  0.15697E+00  0.32113E+03   -0.15700E+00  0.88874E-01  0.68126E-01  0.00000E+00  0.00000E+00  0.00000E+00   -0.32107E+03  0.00000E+00  0.00000E+00 -0.21285E+00  0.32100E+01  0.82829E+00
  0.15797E+00  0.32224E+03   -0.15800E+00  0.89437E-01  0.68563E-01  0.00000E+00  0.00000E+00  0.00000E+00   -0.32219E+03  0.00000E+00  0.00000E+00 -0.23153E+00  0.32019E+01  0.82707E+00
  0.15897E+00  0.32334E+03   -0.15900E+00  0.89999E-01  0.69001E-01  0.00000E+00  0.00000E+00  0.00000E+00   -0.32329E+03  0.00000E+00  0.00000E+00 -0.25001E+00  0.31942E+01  0.82564E+00
  0.15997E+00  0.32444E+03   -0.16000E+00  0.90562E-01  0.69438E-01  0.00000E+00  0.00000E+00  0.00000E+00   -0.32439E+03  0.00000E+00  0.00000E+00 -0.26802E+00  0.31858E+01  0.82472E+00
  0.16097E+00  0.32553E+03   -0.16100E+00  0.91125E-01  0.69875E-01  0.00000E+00  0.00000E+00  0.00000E+00   -0.32548E+03  0.00000E+00  0.00000E+00 -0.28549E+00  0.31768E+01  0.82431E+00
  0.16197E+00  0.32662E+03   -0.16200E+00  0.91687E-01  0.70313E-01  0.00000E+00  0.00000E+00  0.00000E+00   -0.32657E+03  0.00000E+00  0.00000E+00 -0.30242E+00  0.31670E+01  0.82407E+00
  0.16297E+00  0.32770E+03   -0.16300E+00  0.92250E-01  0.70750E-01  0.00000E+00  0.00000E+00  0.00000E+00   -0.32765E+03  0.00000E+00  0.00000E+00 -0.31882E+00  0.31568E+01  0.82445E+00
  0.16397E+00  0.32877E+03   -0.16400E+00  0.92812E-01  0.71188E-01  0.00000E+00  0.00000E+00  0.00000E+00   -0.32872E+03  0.00000E+00  0.00000E+00 -0.33471E+00  0.31462E+01  0.82522E+00
  0.16497E+00  0.32983E+03   -0.16500E+00  0.93374E-01  0.71626E-01  0.00000E+00  0.00000E+00  0.00000E+00   -0.32978E+03  0.00000E+00  0.00000E+00 -0.35011E+00  0.31350E+01  0.82629E+00
  0.16597E+00  0.33089E+03   -0.16600E+00  0.93937E-01  0.72063E-01  0.00000E+00  0.00000E+00  0.00000E+00   -0.33084E+03  0.00000E+00  0.00000E+00 -0.36493E+00  0.31237E+01  0.82813E+00
  0.16697E+00  0.33163E+03   -0.16700E+00  0.94499E-01  0.72501E-01  0.00000E+00  0.00000E+00  0.00000E+00   -0.33159E+03  0.00000E+00  0.00000E+00 -0.38543E+00  0.30988E+01  0.83532E+00
  0.16797E+00  0.33269E+03   -0.16800E+00  0.95062E-01  0.72938E-01  0.00000E+00  0.00000E+00  0.00000E+00   -0.33264E+03  0.00000E+00  0.00000E+00 -0.39805E+00  0.30877E+01  0.83747E+00
  0.16897E+00  0.33373E+03   -0.16900E+00  0.95624E-01  0.73376E-01  0.00000E+00  0.00000E+00  0.00000E+00   -0.33368E+03  0.00000E+00  0.00000E+00 -0.40997E+00  0.30763E+01  0.83948E+00
  0.16997E+00  0.33476E+03   -0.17000E+00  0.96186E-01  0.73814E-01  0.00000E+00  0.00000E+00  0.00000E+00   -0.33471E+03  0.00000E+00  0.00000E+00 -0.42179E+00  0.30642E+01  0.84168E+00
  0.17097E+00  0.33578E+03   -0.17100E+00  0.96748E-01  0.74252E-01  0.00000E+00  0.00000E+00  0.00000E+00   -0.33573E+03  0.00000E+00  0.00000E+00 -0.43289E+00  0.30518E+01  0.84385E+00
  0.17197E+00  0.33677E+03   -0.17200E+00  0.97311E-01  0.74689E-01  0.00000E+00  0.00000E+00  0.00000E+00   -0.33672E+03  0.00000E+00  0.00000E+00 -0.44370E+00  0.30381E+01  0.84603E+00
  0.17297E+00  0.33777E+03   -0.17300E+00  0.97873E-01  0.75127E-01  0.00000E+00  0.00000E+00  0.00000E+00   -0.33773E+03  0.00000E+00  0.00000E+00 -0.45374E+00  0.30248E+01  0.84788E+00
  0.17397E+00  0.33877E+03   -0.17400E+00  0.98435E-01  0.75565E-01  0.00000E+00  0.00000E+00  0.00000E+00   -0.33873E+03  0.00000E+00  0.00000E+00 -0.46333E+00  0.30110E+01  0.84945E+00
  0.17497E+00  0.33977E+03   -0.17500E+00  0.98997E-01  0.76003E-01  0.00000E+00  0.00000E+00  0.00000E+00   -0.33972E+03  0.00000E+00  0.00000E+00 -0.47244E+00  0.29968E+01  0.85075E+00
  0.17597E+00  0.34075E+03   -0.17600E+00  0.99559E-01  0.76441E-01  0.00000E+00  0.00000E+00  0.00000E+00   -0.34071E+03  0.00000E+00  0.00000E+00 -0.48112E+00  0.29822E+01  0.85172E+00
  0.17697E+00  0.34173E+03   -0.17700E+00  0.10012E+00  0.76879E-01  0.00000E+00  0.00000E+00  0.00000E+00   -0.34168E+03  0.00000E+00  0.00000E+00 -0.48947E+00  0.29673E+01  0.85234E+00
  0.17797E+00  0.34270E+03   -0.17800E+00  0.10068E+00  0.77317E-01  0.00000E+00  0.00000E+00  0.00000E+00   -0.34265E+03  0.00000E+00  0.00000E+00 -0.49731E+00  0.29528E+01  0.85289E+00
  0.17897E+00  0.34370E+03   -0.17900E+00  0.10124E+00  0.77755E-01  0.00000E+00  0.00000E+00  0.00000E+00   -0.34366E+03  0.00000E+00  0.00000E+00 -0.48479E+00  0.29331E+01  0.85525E+00
  0.17997E+00  0.34466E+03   -0.18000E+00  0.10181E+00  0.78193E-01  0.00000E+00  0.00000E+00  0.00000E+00   -0.34462E+03  0.00000E+00  0.00000E+00 -0.49716E+00  0.29197E+01  0.85518E+00
  0.18097E+00  0.34561E+03   -0.18100E+00  0.10237E+00  0.78632E-01  0.00000E+00  0.00000E+00  0.00000E+00   -0.34557E+03  0.00000E+00  0.00000E+00 -0.50397E+00  0.29043E+01  0.85514E+00
  0.18197E+00  0.34655E+03   -0.18200E+00  0.10293E+00  0.79070E-01  0.00000E+00  0.00000E+00  0.00000E+00   -0.34651E+03  0.00000E+00  0.00000E+00 -0.51054E+00  0.28887E+01  0.85495E+00
  0.18297E+00  0.34749E+03   -0.18300E+00  0.10349E+00  0.79508E-01  0.00000E+00  0.00000E+00  0.00000E+00   -0.34745E+03  0.00000E+00  0.00000E+00 -0.51687E+00  0.28729E+01  0.85451E+00
  0.18397E+00  0.34841E+03   -0.18400E+00  0.10405E+00  0.79947E-01  0.00000E+00  0.00000E+00  0.00000E+00   -0.34837E+03  0.00000E+00  0.00000E+00 -0.52281E+00  0.28567E+01  0.85381E+00
  0.18497E+00  0.34933E+03   -0.18500E+00  0.10461E+00  0.80385E-01  0.00000E+00  0.00000E+00  0.00000E+00   -0.34929E+03  0.00000E+00  0.00000E+00 -0.52848E+00  0.28402E+01  0.85302E+00
  0.18597E+00  0.35024E+03   -0.18600E+00  0.10518E+00  0.80824E-01  0.00000E+00  0.00000E+00  0.00000E+00   -0.35021E+03  0.00000E+00  0.00000E+00 -0.53383E+00  0.28234E+01  0.85214E+00
  0.18697E+00  0.35115E+03   -0.18700E+00  0.10574E+00  0.81263E-01  0.00000E+00  0.00000E+00  0.00000E+00   -0.35111E+03  0.00000E+00  0.00000E+00 -0.53884E+00  0.28062E+01  0.85119E+00
  0.18797E+00  0.35205E+03   -0.18800E+00  0.10630E+00  0.81702E-01  0.00000E+00  0.00000E+00  0.00000E+00   -0.35201E+03  0.00000E+00  0.00000E+00 -0.54348E+00  0.27884E+01  0.85011E+00
  0.18897E+00  0.35285E+03   -0.18900E+00  0.10686E+00  0.82141E-01  0.00000E+00  0.00000E+00  0.00000E+00   -0.35282E+03  0.00000E+00  0.00000E+00 -0.54796E+00  0.27446E+01  0.84691E+00
  0.18997E+00  0.35377E+03   -0.19000E+00  0.10742E+00  0.82580E-01  0.00000E+00  0.00000E+00  0.00000E+00   -0.35373E+03  0.00000E+00  0.00000E+00 -0.55186E+00  0.27243E+01  0.84508E+00
  0.19097E+00  0.35465E+03   -0.19100E+00  0.10798E+00  0.83019E-01  0.00000E+00  0.00000E+00  0.00000E+00   -0.35461E+03  0.00000E+00  0.00000E+00 -0.55486E+00  0.27048E+01  0.84336E+00
  0.19197E+00  0.35552E+03   -0.19200E+00  0.10854E+00  0.83458E-01  0.00000E+00  0.00000E+00  0.00000E+00   -0.35548E+03  0.00000E+00  0.00000E+00 -0.55743E+00  0.26848E+01  0.84152E+00
  0.19297E+00  0.35638E+03   -0.19300E+00  0.10910E+00  0.83898E-01  0.00000E+00  0.00000E+00  0.00000E+00   -0.35635E+03  0.00000E+00  0.00000E+00 -0.55961E+00  0.26645E+01  0.83960E+00
  0.19397E+00  0.35724E+03   -0.19400E+00  0.10966E+00  0.84337E-01  0.00000E+00  0.00000E+00  0.00000E+00   -0.35721E+03  0.00000E+00  0.00000E+00 -0.56137E+00  0.26436E+01  0.83759E+00
  0.19497E+00  0.35809E+03   -0.19500E+00  0.11022E+00  0.84777E-01  0.00000E+00  0.00000E+00  0.00000E+00   -0.35806E+03  0.00000E+00  0.00000E+00 -0.56263E+00  0.26223E+01  0.83541E+00
  0.19597E+00  0.35894E+03   -0.19600E+00  0.11078E+00  0.85216E-01  0.00000E+00  0.00000E+00  0.00000E+00   -0.35890E+03  0.00000E+00  0.00000E+00 -0.56348E+00  0.26005E+01  0.83311E+00
  0.19697E+00  0.35978E+03   -0.19700E+00  0.11134E+00  0.85656E-01  0.00000E+00  0.00000E+00  0.00000E+00   -0.35974E+03  0.00000E+00  0.00000E+00 -0.56393E+00  0.25782E+01  0.83069E+00
  0.19797E+00  0.36061E+03   -0.19800E+00  0.11190E+00  0.86096E-01  0.00000E+00  0.00000E+00  0.00000E+00   -0.36058E+03  0.00000E+00  0.00000E+00 -0.56364E+00  0.25556E+01  0.82828E+00
  0.19897E+00  0.36144E+03   -0.19900E+00  0.11246E+00  0.86537E-01  0.00000E+00  0.00000E+00  0.00000E+00   -0.36141E+03  0.00000E+00  0.00000E+00 -0.56265E+00  0.25326E+01  0.82584E+00
  0.19997E+00  0.36226E+03   -0.20000E+00  0.11302E+00  0.86977E-01  0.00000E+00  0.00000E+00  0.00000E+00   -0.36223E+03  0.00000E+00  0.00000E+00 -0.56130E+00  0.25092E+01  0.82325E+00
