
*******   STEP   1
    1   0.290E+00   0.332E-01   0.944E-01
    2   0.296E-01   0.103E+00   0.271E-01
    3   0.642E-02   0.345E-01   0.611E-02
    4   0.453E-02   0.212E-01   0.431E-02
    5   0.872E-03   0.118E-01   0.129E-02
    6   0.455E-03   0.626E-02   0.827E-03
    7   0.384E-03   0.348E-02   0.718E-03
    8   0.248E-03   0.126E-02   0.402E-03
    9   0.130E-03   0.718E-03   0.268E-03

*******   STEP   2
    1   0.528E-02   0.339E-02   0.598E-02
    2   0.939E-03   0.715E-02   0.120E-02
    3   0.231E-03   0.177E-02   0.637E-03
    4   0.332E-03   0.890E-03   0.482E-03

*******   STEP   3
    1   0.378E-02   0.318E-02   0.633E-02
    2   0.125E-02   0.742E-02   0.171E-02
    3   0.109E-03   0.198E-02   0.449E-03
    4   0.327E-03   0.756E-03   0.508E-03

*******   STEP   4
    1   0.441E-02   0.324E-02   0.618E-02
    2   0.118E-02   0.727E-02   0.163E-02
    3   0.112E-03   0.193E-02   0.447E-03
    4   0.314E-03   0.747E-03   0.487E-03

*******   STEP   5
    1   0.723E-02   0.323E-02   0.631E-02
    2   0.120E-02   0.746E-02   0.167E-02
    3   0.116E-03   0.200E-02   0.450E-03
    4   0.314E-03   0.764E-03   0.490E-03

*******   STEP   6
    1   0.518E-02   0.315E-02   0.629E-02
    2   0.118E-02   0.740E-02   0.164E-02
    3   0.114E-03   0.195E-02   0.448E-03
    4   0.308E-03   0.749E-03   0.481E-03

*******   STEP   7
    1   0.471E-02   0.311E-02   0.629E-02
    2   0.117E-02   0.740E-02   0.164E-02
    3   0.113E-03   0.194E-02   0.444E-03
    4   0.302E-03   0.742E-03   0.474E-03

*******   STEP   8
    1   0.536E-02   0.308E-02   0.629E-02
    2   0.115E-02   0.741E-02   0.163E-02
    3   0.112E-03   0.193E-02   0.441E-03
    4   0.297E-03   0.731E-03   0.467E-03

*******   STEP   9
    1   0.451E-02   0.303E-02   0.624E-02
    2   0.113E-02   0.734E-02   0.160E-02
    3   0.112E-03   0.190E-02   0.438E-03
    4   0.289E-03   0.722E-03   0.456E-03

*******   STEP  10
    1   0.345E-02   0.298E-02   0.620E-02
    2   0.111E-02   0.726E-02   0.157E-02
    3   0.110E-03   0.186E-02   0.433E-03
    4   0.282E-03   0.711E-03   0.446E-03

*******   STEP  11
    1   0.443E-02   0.296E-02   0.619E-02
    2   0.110E-02   0.729E-02   0.157E-02
    3   0.110E-03   0.186E-02   0.428E-03
    4   0.277E-03   0.707E-03   0.439E-03

*******   STEP  12
    1   0.338E-02   0.291E-02   0.613E-02
    2   0.107E-02   0.720E-02   0.153E-02
    3   0.109E-03   0.182E-02   0.424E-03
    4   0.269E-03   0.693E-03   0.428E-03

*******   STEP  13
    1   0.335E-02   0.288E-02   0.611E-02
    2   0.105E-02   0.716E-02   0.151E-02
    3   0.108E-03   0.180E-02   0.419E-03
    4   0.263E-03   0.684E-03   0.420E-03

*******   STEP  14
    1   0.440E-02   0.285E-02   0.610E-02
    2   0.104E-02   0.716E-02   0.151E-02
    3   0.108E-03   0.179E-02   0.414E-03
    4   0.257E-03   0.678E-03   0.412E-03

*******   STEP  15
    1   0.328E-02   0.281E-02   0.604E-02
    2   0.101E-02   0.707E-02   0.147E-02
    3   0.106E-03   0.175E-02   0.408E-03
    4   0.250E-03   0.666E-03   0.401E-03

*******   STEP  16
    1   0.325E-02   0.277E-02   0.602E-02
    2   0.995E-03   0.703E-02   0.146E-02
    3   0.105E-03   0.173E-02   0.403E-03
    4   0.244E-03   0.656E-03   0.393E-03

*******   STEP  17
    1   0.321E-02   0.273E-02   0.598E-02
    2   0.976E-03   0.699E-02   0.144E-02
    3   0.105E-03   0.171E-02   0.398E-03
    4   0.237E-03   0.647E-03   0.384E-03

*******   STEP  18
    1   0.318E-02   0.270E-02   0.594E-02
    2   0.957E-03   0.694E-02   0.141E-02
    3   0.104E-03   0.169E-02   0.392E-03
    4   0.231E-03   0.639E-03   0.375E-03

*******   STEP  19
    1   0.315E-02   0.266E-02   0.590E-02
    2   0.939E-03   0.690E-02   0.140E-02
    3   0.103E-03   0.167E-02   0.387E-03
    4   0.225E-03   0.630E-03   0.366E-03

*******   STEP  20
    1   0.311E-02   0.263E-02   0.586E-02
    2   0.920E-03   0.685E-02   0.138E-02
    3   0.102E-03   0.164E-02   0.381E-03
    4   0.219E-03   0.620E-03   0.357E-03

*******   STEP  21
    1   0.308E-02   0.259E-02   0.581E-02
    2   0.901E-03   0.680E-02   0.135E-02
    3   0.101E-03   0.162E-02   0.374E-03
    4   0.212E-03   0.609E-03   0.348E-03

*******   STEP  22
    1   0.305E-02   0.256E-02   0.578E-02
    2   0.884E-03   0.675E-02   0.133E-02
    3   0.994E-04   0.160E-02   0.369E-03
    4   0.207E-03   0.598E-03   0.340E-03

*******   STEP  23
    1   0.302E-02   0.253E-02   0.574E-02
    2   0.868E-03   0.671E-02   0.132E-02
    3   0.981E-04   0.157E-02   0.363E-03
    4   0.201E-03   0.586E-03   0.332E-03

*******   STEP  24
    1   0.338E-02   0.250E-02   0.572E-02
    2   0.853E-03   0.667E-02   0.130E-02
    3   0.969E-04   0.155E-02   0.357E-03
    4   0.196E-03   0.575E-03   0.325E-03

*******   STEP  25
    1   0.331E-02   0.247E-02   0.568E-02
    2   0.836E-03   0.662E-02   0.128E-02
    3   0.960E-04   0.153E-02   0.352E-03
    4   0.191E-03   0.564E-03   0.317E-03

*******   STEP  26
    1   0.292E-02   0.243E-02   0.562E-02
    2   0.817E-03   0.656E-02   0.126E-02
    3   0.952E-04   0.150E-02   0.347E-03
    4   0.186E-03   0.553E-03   0.309E-03

*******   STEP  27
    1   0.289E-02   0.240E-02   0.558E-02
    2   0.801E-03   0.651E-02   0.124E-02
    3   0.943E-04   0.147E-02   0.343E-03
    4   0.181E-03   0.542E-03   0.302E-03

*******   STEP  28
    1   0.421E-02   0.239E-02   0.559E-02
    2   0.793E-03   0.653E-02   0.124E-02
    3   0.944E-04   0.148E-02   0.340E-03
    4   0.178E-03   0.542E-03   0.297E-03

*******   STEP  29
    1   0.282E-02   0.234E-02   0.551E-02
    2   0.770E-03   0.642E-02   0.120E-02
    3   0.926E-04   0.142E-02   0.333E-03
    4   0.172E-03   0.520E-03   0.288E-03

*******   STEP  30
    1   0.279E-02   0.231E-02   0.547E-02
    2   0.756E-03   0.637E-02   0.119E-02
    3   0.920E-04   0.140E-02   0.329E-03
    4   0.168E-03   0.512E-03   0.282E-03

*******   STEP  31
    1   0.376E-02   0.229E-02   0.546E-02
    2   0.746E-03   0.635E-02   0.118E-02
    3   0.912E-04   0.139E-02   0.325E-03
    4   0.165E-03   0.505E-03   0.277E-03

*******   STEP  32
    1   0.274E-02   0.226E-02   0.540E-02
    2   0.730E-03   0.628E-02   0.115E-02
    3   0.906E-04   0.136E-02   0.320E-03
    4   0.160E-03   0.495E-03   0.270E-03

*******   STEP  33
    1   0.271E-02   0.223E-02   0.537E-02
    2   0.717E-03   0.623E-02   0.114E-02
    3   0.898E-04   0.134E-02   0.316E-03
    4   0.157E-03   0.486E-03   0.264E-03

*******   STEP  34
    1   0.268E-02   0.221E-02   0.533E-02
    2   0.704E-03   0.618E-02   0.112E-02
    3   0.891E-04   0.132E-02   0.312E-03
    4   0.153E-03   0.477E-03   0.258E-03

*******   STEP  35
    1   0.265E-02   0.218E-02   0.529E-02
    2   0.692E-03   0.614E-02   0.110E-02
    3   0.884E-04   0.129E-02   0.307E-03
    4   0.150E-03   0.469E-03   0.252E-03

*******   STEP  36
    1   0.262E-02   0.216E-02   0.525E-02
    2   0.680E-03   0.609E-02   0.109E-02
    3   0.879E-04   0.127E-02   0.303E-03
    4   0.146E-03   0.461E-03   0.247E-03

*******   STEP  37
    1   0.504E-02   0.216E-02   0.526E-02
    2   0.676E-03   0.610E-02   0.108E-02
    3   0.879E-04   0.127E-02   0.301E-03
    4   0.144E-03   0.457E-03   0.243E-03

*******   STEP  38
    1   0.256E-02   0.211E-02   0.520E-02
    2   0.659E-03   0.601E-02   0.106E-02
    3   0.868E-04   0.124E-02   0.296E-03
    4   0.140E-03   0.449E-03   0.237E-03

*******   STEP  39
    1   0.253E-02   0.209E-02   0.516E-02
    2   0.649E-03   0.597E-02   0.104E-02
    3   0.862E-04   0.123E-02   0.292E-03
    4   0.137E-03   0.442E-03   0.232E-03

*******   STEP  40
    1   0.251E-02   0.207E-02   0.512E-02
    2   0.639E-03   0.593E-02   0.103E-02
    3   0.854E-04   0.121E-02   0.287E-03
    4   0.134E-03   0.436E-03   0.227E-03

*******   STEP  41
    1   0.248E-02   0.205E-02   0.508E-02
    2   0.629E-03   0.588E-02   0.102E-02
    3   0.846E-04   0.120E-02   0.283E-03
    4   0.131E-03   0.430E-03   0.222E-03

*******   STEP  42
    1   0.245E-02   0.203E-02   0.505E-02
    2   0.619E-03   0.584E-02   0.101E-02
    3   0.838E-04   0.119E-02   0.279E-03
    4   0.128E-03   0.424E-03   0.218E-03

*******   STEP  43
    1   0.243E-02   0.201E-02   0.502E-02
    2   0.610E-03   0.580E-02   0.994E-03
    3   0.830E-04   0.117E-02   0.275E-03
    4   0.126E-03   0.418E-03   0.213E-03

*******   STEP  44
    1   0.240E-02   0.199E-02   0.499E-02
    2   0.601E-03   0.577E-02   0.983E-03
    3   0.822E-04   0.116E-02   0.271E-03
    4   0.123E-03   0.413E-03   0.209E-03

*******   STEP  45
    1   0.237E-02   0.197E-02   0.496E-02
    2   0.593E-03   0.573E-02   0.972E-03
    3   0.814E-04   0.115E-02   0.267E-03
    4   0.121E-03   0.407E-03   0.205E-03

*******   STEP  46
    1   0.235E-02   0.195E-02   0.493E-02
    2   0.584E-03   0.569E-02   0.961E-03
    3   0.806E-04   0.114E-02   0.263E-03
    4   0.118E-03   0.401E-03   0.201E-03

*******   STEP  47
    1   0.232E-02   0.193E-02   0.490E-02
    2   0.575E-03   0.565E-02   0.950E-03
    3   0.798E-04   0.112E-02   0.259E-03
    4   0.594E-04   0.355E-03   0.951E-03

*******   STEP  48
    1   0.230E-02   0.275E-02   0.395E-02
    2   0.444E-03   0.463E-02   0.783E-03
    3   0.643E-04   0.966E-03   0.206E-03

*******   STEP  49
    1   0.229E-02   0.193E-02   0.398E-02
    2   0.407E-03   0.468E-02   0.716E-03
    3   0.812E-04   0.954E-03   0.235E-03

*******   STEP  50
    1   0.227E-02   0.194E-02   0.400E-02
    2   0.409E-03   0.469E-02   0.722E-03
    3   0.795E-04   0.951E-03   0.231E-03

*******   STEP  51
    1   0.224E-02   0.192E-02   0.397E-02
    2   0.403E-03   0.466E-02   0.713E-03
    3   0.785E-04   0.940E-03   0.228E-03

*******   STEP  52
    1   0.222E-02   0.191E-02   0.396E-02
    2   0.398E-03   0.464E-02   0.708E-03
    3   0.775E-04   0.932E-03   0.224E-03

*******   STEP  53
    1   0.220E-02   0.189E-02   0.394E-02
    2   0.394E-03   0.461E-02   0.703E-03
    3   0.765E-04   0.924E-03   0.221E-03

*******   STEP  54
    1   0.218E-02   0.187E-02   0.392E-02
    2   0.389E-03   0.459E-02   0.697E-03
    3   0.755E-04   0.915E-03   0.218E-03

*******   STEP  55
    1   0.216E-02   0.186E-02   0.390E-02
    2   0.385E-03   0.456E-02   0.692E-03
    3   0.746E-04   0.906E-03   0.215E-03

*******   STEP  56
    1   0.214E-02   0.184E-02   0.388E-02
    2   0.381E-03   0.454E-02   0.686E-03
    3   0.737E-04   0.896E-03   0.212E-03

*******   STEP  57
    1   0.212E-02   0.183E-02   0.386E-02
    2   0.376E-03   0.451E-02   0.680E-03
    3   0.729E-04   0.886E-03   0.209E-03

*******   STEP  58
    1   0.210E-02   0.181E-02   0.385E-02
    2   0.372E-03   0.449E-02   0.674E-03
    3   0.721E-04   0.876E-03   0.206E-03

*******   STEP  59
    1   0.208E-02   0.180E-02   0.383E-02
    2   0.368E-03   0.447E-02   0.669E-03
    3   0.714E-04   0.866E-03   0.203E-03

*******   STEP  60
    1   0.206E-02   0.178E-02   0.381E-02
    2   0.364E-03   0.444E-02   0.663E-03
    3   0.706E-04   0.857E-03   0.201E-03

*******   STEP  61
    1   0.204E-02   0.177E-02   0.380E-02
    2   0.360E-03   0.442E-02   0.658E-03
    3   0.699E-04   0.849E-03   0.198E-03

*******   STEP  62
    1   0.202E-02   0.175E-02   0.378E-02
    2   0.356E-03   0.440E-02   0.653E-03
    3   0.692E-04   0.840E-03   0.195E-03

*******   STEP  63
    1   0.200E-02   0.174E-02   0.376E-02
    2   0.353E-03   0.438E-02   0.648E-03
    3   0.685E-04   0.833E-03   0.193E-03

*******   STEP  64
    1   0.198E-02   0.173E-02   0.375E-02
    2   0.349E-03   0.436E-02   0.643E-03
    3   0.677E-04   0.826E-03   0.190E-03

*******   STEP  65
    1   0.197E-02   0.171E-02   0.373E-02
    2   0.346E-03   0.434E-02   0.638E-03
    3   0.670E-04   0.819E-03   0.187E-03

*******   STEP  66
    1   0.195E-02   0.170E-02   0.371E-02
    2   0.343E-03   0.432E-02   0.634E-03
    3   0.664E-04   0.813E-03   0.185E-03

*******   STEP  67
    1   0.193E-02   0.169E-02   0.370E-02
    2   0.339E-03   0.430E-02   0.629E-03
    3   0.657E-04   0.808E-03   0.183E-03

*******   STEP  68
    1   0.202E-02   0.168E-02   0.368E-02
    2   0.336E-03   0.428E-02   0.625E-03
    3   0.651E-04   0.802E-03   0.180E-03

*******   STEP  69
    1   0.190E-02   0.166E-02   0.367E-02
    2   0.333E-03   0.426E-02   0.620E-03
    3   0.645E-04   0.796E-03   0.178E-03

*******   STEP  70
    1   0.188E-02   0.165E-02   0.365E-02
    2   0.329E-03   0.424E-02   0.616E-03
    3   0.639E-04   0.790E-03   0.176E-03

*******   STEP  71
    1   0.187E-02   0.164E-02   0.364E-02
    2   0.326E-03   0.422E-02   0.611E-03
    3   0.633E-04   0.784E-03   0.174E-03

*******   STEP  72
    1   0.185E-02   0.163E-02   0.362E-02
    2   0.323E-03   0.420E-02   0.607E-03
    3   0.627E-04   0.778E-03   0.171E-03

*******   STEP  73
    1   0.183E-02   0.162E-02   0.360E-02
    2   0.320E-03   0.418E-02   0.602E-03
    3   0.621E-04   0.772E-03   0.169E-03

*******   STEP  74
    1   0.182E-02   0.161E-02   0.359E-02
    2   0.317E-03   0.416E-02   0.598E-03
    3   0.615E-04   0.766E-03   0.167E-03

*******   STEP  75
    1   0.183E-02   0.159E-02   0.357E-02
    2   0.313E-03   0.414E-02   0.592E-03
    3   0.610E-04   0.758E-03   0.166E-03

*******   STEP  76
    1   0.182E-02   0.158E-02   0.356E-02
    2   0.310E-03   0.412E-02   0.588E-03
    3   0.606E-04   0.752E-03   0.164E-03

*******   STEP  77
    1   0.178E-02   0.157E-02   0.354E-02
    2   0.307E-03   0.410E-02   0.583E-03
    3   0.603E-04   0.748E-03   0.162E-03

*******   STEP  78
    1   0.396E-02   0.159E-02   0.359E-02
    2   0.306E-03   0.411E-02   0.582E-03
    3   0.600E-04   0.723E-03   0.162E-03

*******   STEP  79
    1   0.175E-02   0.156E-02   0.351E-02
    2   0.300E-03   0.406E-02   0.573E-03
    3   0.593E-04   0.737E-03   0.158E-03

*******   STEP  80
    1   0.524E-02   0.158E-02   0.357E-02
    2   0.304E-03   0.410E-02   0.582E-03
    3   0.584E-04   0.731E-03   0.158E-03

*******   STEP  81
    1   0.175E-02   0.154E-02   0.347E-02
    2   0.295E-03   0.402E-02   0.566E-03
    3   0.580E-04   0.727E-03   0.154E-03

*******   STEP  82
    1   0.172E-02   0.152E-02   0.347E-02
    2   0.293E-03   0.401E-02   0.562E-03
    3   0.580E-04   0.722E-03   0.153E-03

*******   STEP  83
    1   0.170E-02   0.151E-02   0.346E-02
    2   0.290E-03   0.400E-02   0.558E-03
    3   0.577E-04   0.716E-03   0.152E-03

*******   STEP  84
    1   0.605E-02   0.156E-02   0.360E-02
    2   0.296E-03   0.409E-02   0.566E-03
    3   0.595E-04   0.701E-03   0.157E-03

*******   STEP  85
    1   0.368E-02   0.153E-02   0.342E-02
    2   0.284E-03   0.395E-02   0.549E-03
    3   0.570E-04   0.707E-03   0.149E-03

*******   STEP  86
    1   0.166E-02   0.149E-02   0.341E-02
    2   0.283E-03   0.393E-02   0.546E-03
    3   0.561E-04   0.698E-03   0.147E-03

*******   STEP  87
    1   0.165E-02   0.148E-02   0.340E-02
    2   0.281E-03   0.392E-02   0.542E-03
    3   0.558E-04   0.694E-03   0.145E-03

*******   STEP  88
    1   0.164E-02   0.147E-02   0.338E-02
    2   0.278E-03   0.390E-02   0.539E-03
    3   0.554E-04   0.690E-03   0.144E-03

*******   STEP  89
    1   0.239E-02   0.147E-02   0.338E-02
    2   0.276E-03   0.389E-02   0.536E-03
    3   0.551E-04   0.687E-03   0.142E-03

*******   STEP  90
    1   0.460E-02   0.148E-02   0.338E-02
    2   0.276E-03   0.390E-02   0.536E-03
    3   0.552E-04   0.687E-03   0.142E-03

*******   STEP  91
    1   0.161E-02   0.145E-02   0.334E-02
    2   0.271E-03   0.385E-02   0.528E-03
    3   0.544E-04   0.676E-03   0.140E-03

*******   STEP  92
    1   0.159E-02   0.144E-02   0.334E-02
    2   0.269E-03   0.384E-02   0.525E-03
    3   0.541E-04   0.672E-03   0.138E-03

*******   STEP  93
    1   0.158E-02   0.143E-02   0.332E-02
    2   0.266E-03   0.382E-02   0.521E-03
    3   0.537E-04   0.667E-03   0.137E-03

*******   STEP  94
    1   0.157E-02   0.142E-02   0.331E-02
    2   0.264E-03   0.381E-02   0.517E-03
    3   0.534E-04   0.662E-03   0.136E-03

*******   STEP  95
    1   0.156E-02   0.141E-02   0.330E-02
    2   0.261E-03   0.379E-02   0.514E-03
    3   0.531E-04   0.657E-03   0.135E-03

*******   STEP  96
    1   0.155E-02   0.141E-02   0.329E-02
    2   0.259E-03   0.378E-02   0.510E-03
    3   0.529E-04   0.651E-03   0.134E-03

*******   STEP  97
    1   0.154E-02   0.140E-02   0.327E-02
    2   0.256E-03   0.376E-02   0.506E-03
    3   0.526E-04   0.646E-03   0.133E-03

*******   STEP  98
    1   0.153E-02   0.139E-02   0.326E-02
    2   0.254E-03   0.375E-02   0.502E-03
    3   0.524E-04   0.640E-03   0.132E-03

*******   STEP  99
    1   0.501E-02   0.142E-02   0.333E-02
    2   0.254E-03   0.376E-02   0.502E-03
    3   0.524E-04   0.614E-03   0.133E-03

*******   STEP 100
    1   0.151E-02   0.139E-02   0.322E-02
    2   0.247E-03   0.371E-02   0.492E-03
    3   0.520E-04   0.629E-03   0.130E-03

*******   STEP 101
    1   0.150E-02   0.137E-02   0.323E-02
    2   0.246E-03   0.370E-02   0.490E-03
    3   0.516E-04   0.621E-03   0.129E-03

*******   STEP 102
    1   0.149E-02   0.137E-02   0.321E-02
    2   0.243E-03   0.368E-02   0.485E-03
    3   0.515E-04   0.615E-03   0.128E-03

*******   STEP 103
    1   0.148E-02   0.136E-02   0.320E-02
    2   0.240E-03   0.367E-02   0.481E-03
    3   0.513E-04   0.609E-03   0.127E-03

*******   STEP 104
    1   0.147E-02   0.135E-02   0.319E-02
    2   0.238E-03   0.365E-02   0.477E-03
    3   0.510E-04   0.604E-03   0.126E-03

*******   STEP 105
    1   0.146E-02   0.135E-02   0.318E-02
    2   0.235E-03   0.364E-02   0.474E-03
    3   0.508E-04   0.598E-03   0.125E-03

*******   STEP 106
    1   0.145E-02   0.134E-02   0.317E-02
    2   0.233E-03   0.362E-02   0.470E-03
    3   0.506E-04   0.592E-03   0.124E-03

*******   STEP 107
    1   0.145E-02   0.133E-02   0.315E-02
    2   0.230E-03   0.361E-02   0.466E-03
    3   0.504E-04   0.587E-03   0.123E-03

*******   STEP 108
    1   0.144E-02   0.133E-02   0.314E-02
    2   0.228E-03   0.359E-02   0.463E-03
    3   0.502E-04   0.582E-03   0.123E-03

*******   STEP 109
    1   0.143E-02   0.132E-02   0.313E-02
    2   0.226E-03   0.358E-02   0.460E-03
    3   0.500E-04   0.577E-03   0.122E-03

*******   STEP 110
    1   0.375E-02   0.133E-02   0.317E-02
    2   0.226E-03   0.358E-02   0.459E-03
    3   0.498E-04   0.558E-03   0.122E-03

*******   STEP 111
    1   0.149E-02   0.131E-02   0.310E-02
    2   0.221E-03   0.355E-02   0.452E-03
    3   0.495E-04   0.569E-03   0.120E-03

*******   STEP 112
    1   0.141E-02   0.130E-02   0.310E-02
    2   0.220E-03   0.354E-02   0.450E-03
    3   0.492E-04   0.563E-03   0.119E-03

*******   STEP 113
    1   0.140E-02   0.129E-02   0.309E-02
    2   0.217E-03   0.352E-02   0.447E-03
    3   0.489E-04   0.559E-03   0.118E-03

*******   STEP 114
    1   0.139E-02   0.129E-02   0.307E-02
    2   0.216E-03   0.351E-02   0.444E-03
    3   0.487E-04   0.555E-03   0.117E-03

*******   STEP 115
    1   0.138E-02   0.128E-02   0.306E-02
    2   0.214E-03   0.350E-02   0.441E-03
    3   0.484E-04   0.550E-03   0.116E-03

*******   STEP 116
    1   0.138E-02   0.127E-02   0.305E-02
    2   0.212E-03   0.348E-02   0.439E-03
    3   0.481E-04   0.546E-03   0.115E-03

*******   STEP 117
    1   0.137E-02   0.127E-02   0.304E-02
    2   0.210E-03   0.347E-02   0.436E-03
    3   0.478E-04   0.542E-03   0.114E-03

*******   STEP 118
    1   0.136E-02   0.126E-02   0.303E-02
    2   0.208E-03   0.346E-02   0.433E-03
    3   0.476E-04   0.539E-03   0.113E-03

*******   STEP 119
    1   0.135E-02   0.126E-02   0.302E-02
    2   0.207E-03   0.344E-02   0.431E-03
    3   0.473E-04   0.535E-03   0.112E-03

*******   STEP 120
    1   0.134E-02   0.125E-02   0.301E-02
    2   0.205E-03   0.343E-02   0.428E-03
    3   0.470E-04   0.531E-03   0.112E-03

*******   STEP 121
    1   0.134E-02   0.124E-02   0.300E-02
    2   0.203E-03   0.342E-02   0.425E-03
    3   0.468E-04   0.528E-03   0.111E-03

*******   STEP 122
    1   0.133E-02   0.124E-02   0.299E-02
    2   0.202E-03   0.340E-02   0.423E-03
    3   0.465E-04   0.524E-03   0.110E-03

*******   STEP 123
    1   0.132E-02   0.123E-02   0.298E-02
    2   0.200E-03   0.339E-02   0.420E-03
    3   0.462E-04   0.521E-03   0.109E-03

*******   STEP 124
    1   0.132E-02   0.123E-02   0.297E-02
    2   0.199E-03   0.338E-02   0.418E-03
    3   0.460E-04   0.518E-03   0.108E-03

*******   STEP 125
    1   0.131E-02   0.122E-02   0.295E-02
    2   0.197E-03   0.336E-02   0.416E-03
    3   0.457E-04   0.515E-03   0.107E-03

*******   STEP 126
    1   0.130E-02   0.121E-02   0.294E-02
    2   0.196E-03   0.335E-02   0.413E-03
    3   0.454E-04   0.512E-03   0.107E-03

*******   STEP 127
    1   0.129E-02   0.121E-02   0.293E-02
    2   0.194E-03   0.334E-02   0.411E-03
    3   0.452E-04   0.509E-03   0.106E-03

*******   STEP 128
    1   0.129E-02   0.120E-02   0.292E-02
    2   0.192E-03   0.332E-02   0.409E-03
    3   0.449E-04   0.506E-03   0.105E-03

*******   STEP 129
    1   0.128E-02   0.120E-02   0.291E-02
    2   0.191E-03   0.331E-02   0.406E-03
    3   0.446E-04   0.503E-03   0.104E-03

*******   STEP 130
    1   0.127E-02   0.119E-02   0.290E-02
    2   0.189E-03   0.330E-02   0.404E-03
    3   0.443E-04   0.500E-03   0.103E-03

*******   STEP 131
    1   0.126E-02   0.119E-02   0.289E-02
    2   0.188E-03   0.329E-02   0.402E-03
    3   0.441E-04   0.497E-03   0.103E-03

*******   STEP 132
    1   0.126E-02   0.118E-02   0.288E-02
    2   0.187E-03   0.327E-02   0.400E-03
    3   0.438E-04   0.494E-03   0.102E-03

*******   STEP 133
    1   0.125E-02   0.118E-02   0.287E-02
    2   0.185E-03   0.326E-02   0.397E-03
    3   0.436E-04   0.491E-03   0.101E-03

*******   STEP 134
    1   0.124E-02   0.117E-02   0.286E-02
    2   0.184E-03   0.325E-02   0.395E-03
    3   0.433E-04   0.488E-03   0.100E-03

*******   STEP 135
    1   0.124E-02   0.116E-02   0.285E-02
    2   0.182E-03   0.323E-02   0.393E-03
    3   0.431E-04   0.485E-03   0.995E-04

*******   STEP 136
    1   0.333E-02   0.117E-02   0.287E-02
    2   0.183E-03   0.325E-02   0.394E-03
    3   0.434E-04   0.485E-03   0.100E-03

*******   STEP 137
    1   0.122E-02   0.116E-02   0.282E-02
    2   0.179E-03   0.320E-02   0.387E-03
    3   0.426E-04   0.478E-03   0.980E-04

*******   STEP 138
    1   0.122E-02   0.115E-02   0.282E-02
    2   0.178E-03   0.320E-02   0.386E-03
    3   0.424E-04   0.476E-03   0.974E-04

*******   STEP 139
    1   0.121E-02   0.114E-02   0.281E-02
    2   0.176E-03   0.318E-02   0.383E-03
    3   0.422E-04   0.473E-03   0.968E-04

*******   STEP 140
    1   0.120E-02   0.114E-02   0.280E-02
    2   0.175E-03   0.317E-02   0.381E-03
    3   0.421E-04   0.470E-03   0.962E-04

*******   STEP 141
    1   0.120E-02   0.113E-02   0.279E-02
    2   0.173E-03   0.316E-02   0.378E-03
    3   0.419E-04   0.467E-03   0.956E-04

*******   STEP 142
    1   0.119E-02   0.113E-02   0.278E-02
    2   0.172E-03   0.315E-02   0.376E-03
    3   0.417E-04   0.464E-03   0.951E-04

*******   STEP 143
    1   0.118E-02   0.112E-02   0.277E-02
    2   0.170E-03   0.313E-02   0.373E-03
    3   0.416E-04   0.461E-03   0.945E-04

*******   STEP 144
    1   0.118E-02   0.112E-02   0.276E-02
    2   0.169E-03   0.312E-02   0.371E-03
    3   0.414E-04   0.457E-03   0.940E-04

*******   STEP 145
    1   0.117E-02   0.111E-02   0.275E-02
    2   0.167E-03   0.311E-02   0.368E-03
    3   0.413E-04   0.454E-03   0.935E-04

*******   STEP 146
    1   0.117E-02   0.111E-02   0.274E-02
    2   0.166E-03   0.310E-02   0.366E-03
    3   0.411E-04   0.451E-03   0.930E-04

*******   STEP 147
    1   0.116E-02   0.110E-02   0.273E-02
    2   0.164E-03   0.309E-02   0.363E-03
    3   0.410E-04   0.448E-03   0.925E-04

*******   STEP 148
    1   0.115E-02   0.110E-02   0.272E-02
    2   0.163E-03   0.308E-02   0.361E-03
    3   0.409E-04   0.446E-03   0.920E-04

*******   STEP 149
    1   0.115E-02   0.110E-02   0.271E-02
    2   0.161E-03   0.306E-02   0.359E-03
    3   0.407E-04   0.443E-03   0.915E-04

*******   STEP 150
    1   0.114E-02   0.109E-02   0.270E-02
    2   0.160E-03   0.305E-02   0.357E-03
    3   0.406E-04   0.440E-03   0.910E-04

*******   STEP 151
    1   0.114E-02   0.109E-02   0.269E-02
    2   0.159E-03   0.304E-02   0.354E-03
    3   0.404E-04   0.437E-03   0.905E-04

*******   STEP 152
    1   0.113E-02   0.108E-02   0.269E-02
    2   0.157E-03   0.303E-02   0.352E-03
    3   0.403E-04   0.435E-03   0.900E-04

*******   STEP 153
    1   0.113E-02   0.108E-02   0.268E-02
    2   0.156E-03   0.302E-02   0.350E-03
    3   0.401E-04   0.432E-03   0.895E-04

*******   STEP 154
    1   0.112E-02   0.107E-02   0.267E-02
    2   0.155E-03   0.301E-02   0.348E-03
    3   0.399E-04   0.430E-03   0.890E-04

*******   STEP 155
    1   0.112E-02   0.107E-02   0.266E-02
    2   0.154E-03   0.300E-02   0.347E-03
    3   0.398E-04   0.428E-03   0.885E-04

*******   STEP 156
    1   0.111E-02   0.106E-02   0.265E-02
    2   0.153E-03   0.299E-02   0.345E-03
    3   0.396E-04   0.425E-03   0.880E-04

*******   STEP 157
    1   0.111E-02   0.106E-02   0.264E-02
    2   0.152E-03   0.298E-02   0.343E-03
    3   0.395E-04   0.423E-03   0.875E-04

*******   STEP 158
    1   0.110E-02   0.106E-02   0.263E-02
    2   0.151E-03   0.297E-02   0.341E-03
    3   0.394E-04   0.421E-03   0.870E-04

*******   STEP 159
    1   0.110E-02   0.105E-02   0.263E-02
    2   0.150E-03   0.296E-02   0.339E-03
    3   0.392E-04   0.419E-03   0.865E-04

*******   STEP 160
    1   0.109E-02   0.105E-02   0.262E-02
    2   0.148E-03   0.295E-02   0.337E-03
    3   0.391E-04   0.417E-03   0.861E-04

*******   STEP 161
    1   0.109E-02   0.104E-02   0.261E-02
    2   0.147E-03   0.294E-02   0.336E-03
    3   0.390E-04   0.415E-03   0.856E-04

*******   STEP 162
    1   0.108E-02   0.104E-02   0.260E-02
    2   0.146E-03   0.293E-02   0.334E-03
    3   0.388E-04   0.413E-03   0.852E-04

*******   STEP 163
    1   0.108E-02   0.104E-02   0.260E-02
    2   0.146E-03   0.292E-02   0.333E-03
    3   0.387E-04   0.411E-03   0.847E-04

*******   STEP 164
    1   0.108E-02   0.103E-02   0.259E-02
    2   0.145E-03   0.291E-02   0.331E-03
    3   0.386E-04   0.410E-03   0.842E-04

*******   STEP 165
    1   0.107E-02   0.103E-02   0.258E-02
    2   0.144E-03   0.291E-02   0.330E-03
    3   0.384E-04   0.408E-03   0.838E-04

*******   STEP 166
    1   0.107E-02   0.102E-02   0.257E-02
    2   0.143E-03   0.290E-02   0.328E-03
    3   0.383E-04   0.406E-03   0.834E-04

*******   STEP 167
    1   0.106E-02   0.102E-02   0.257E-02
    2   0.142E-03   0.289E-02   0.327E-03
    3   0.382E-04   0.405E-03   0.829E-04

*******   STEP 168
    1   0.106E-02   0.102E-02   0.256E-02
    2   0.141E-03   0.288E-02   0.326E-03
    3   0.381E-04   0.404E-03   0.825E-04

*******   STEP 169
    1   0.105E-02   0.101E-02   0.255E-02
    2   0.141E-03   0.287E-02   0.324E-03
    3   0.380E-04   0.402E-03   0.821E-04

*******   STEP 170
    1   0.105E-02   0.101E-02   0.254E-02
    2   0.140E-03   0.287E-02   0.323E-03
    3   0.378E-04   0.401E-03   0.816E-04

*******   STEP 171
    1   0.104E-02   0.101E-02   0.254E-02
    2   0.139E-03   0.286E-02   0.322E-03
    3   0.377E-04   0.400E-03   0.812E-04

*******   STEP 172
    1   0.104E-02   0.100E-02   0.253E-02
    2   0.138E-03   0.285E-02   0.321E-03
    3   0.376E-04   0.399E-03   0.808E-04

*******   STEP 173
    1   0.104E-02   0.998E-03   0.252E-02
    2   0.138E-03   0.284E-02   0.320E-03
    3   0.375E-04   0.397E-03   0.804E-04

*******   STEP 174
    1   0.103E-02   0.995E-03   0.252E-02
    2   0.137E-03   0.284E-02   0.319E-03
    3   0.374E-04   0.396E-03   0.800E-04

*******   STEP 175
    1   0.103E-02   0.991E-03   0.251E-02
    2   0.136E-03   0.283E-02   0.317E-03
    3   0.373E-04   0.395E-03   0.796E-04

*******   STEP 176
    1   0.102E-02   0.988E-03   0.250E-02
    2   0.136E-03   0.282E-02   0.316E-03
    3   0.372E-04   0.394E-03   0.792E-04

*******   STEP 177
    1   0.102E-02   0.985E-03   0.250E-02
    2   0.135E-03   0.282E-02   0.315E-03
    3   0.371E-04   0.393E-03   0.788E-04

*******   STEP 178
    1   0.102E-02   0.981E-03   0.249E-02
    2   0.134E-03   0.281E-02   0.314E-03
    3   0.370E-04   0.392E-03   0.785E-04

*******   STEP 179
    1   0.153E-02   0.981E-03   0.249E-02
    2   0.134E-03   0.281E-02   0.314E-03
    3   0.370E-04   0.392E-03   0.783E-04

*******   STEP 180
    1   0.101E-02   0.975E-03   0.248E-02
    2   0.133E-03   0.280E-02   0.312E-03
    3   0.368E-04   0.390E-03   0.777E-04

*******   STEP 181
    1   0.101E-02   0.972E-03   0.247E-02
    2   0.133E-03   0.279E-02   0.312E-03
    3   0.367E-04   0.389E-03   0.774E-04

*******   STEP 182
    1   0.100E-02   0.969E-03   0.247E-02
    2   0.132E-03   0.278E-02   0.311E-03
    3   0.366E-04   0.389E-03   0.770E-04

*******   STEP 183
    1   0.999E-03   0.966E-03   0.246E-02
    2   0.132E-03   0.278E-02   0.310E-03
    3   0.365E-04   0.388E-03   0.766E-04

*******   STEP 184
    1   0.997E-03   0.962E-03   0.245E-02
    2   0.131E-03   0.277E-02   0.309E-03
    3   0.365E-04   0.387E-03   0.763E-04

*******   STEP 185
    1   0.182E-02   0.972E-03   0.249E-02
    2   0.132E-03   0.281E-02   0.311E-03
    3   0.373E-04   0.391E-03   0.778E-04

*******   STEP 186
    1   0.982E-03   0.957E-03   0.244E-02
    2   0.130E-03   0.275E-02   0.307E-03
    3   0.362E-04   0.384E-03   0.754E-04

*******   STEP 187
    1   0.979E-03   0.952E-03   0.243E-02
    2   0.129E-03   0.275E-02   0.306E-03
    3   0.361E-04   0.384E-03   0.752E-04

*******   STEP 188
    1   0.133E-02   0.951E-03   0.243E-02
    2   0.129E-03   0.275E-02   0.306E-03
    3   0.361E-04   0.383E-03   0.749E-04

*******   STEP 189
    1   0.972E-03   0.946E-03   0.242E-02
    2   0.128E-03   0.274E-02   0.304E-03
    3   0.359E-04   0.382E-03   0.745E-04

*******   STEP 190
    1   0.969E-03   0.943E-03   0.241E-02
    2   0.128E-03   0.273E-02   0.304E-03
    3   0.358E-04   0.381E-03   0.742E-04

*******   STEP 191
    1   0.117E-02   0.941E-03   0.241E-02
    2   0.127E-03   0.273E-02   0.303E-03
    3   0.358E-04   0.381E-03   0.739E-04

*******   STEP 192
    1   0.962E-03   0.937E-03   0.240E-02
    2   0.126E-03   0.272E-02   0.302E-03
    3   0.356E-04   0.380E-03   0.735E-04

*******   STEP 193
    1   0.959E-03   0.934E-03   0.240E-02
    2   0.126E-03   0.271E-02   0.301E-03
    3   0.355E-04   0.379E-03   0.732E-04

*******   STEP 194
    1   0.150E-02   0.934E-03   0.240E-02
    2   0.126E-03   0.271E-02   0.300E-03
    3   0.355E-04   0.377E-03   0.730E-04

*******   STEP 195
    1   0.953E-03   0.929E-03   0.238E-02
    2   0.125E-03   0.270E-02   0.299E-03
    3   0.354E-04   0.377E-03   0.726E-04

*******   STEP 196
    1   0.129E-02   0.929E-03   0.239E-02
    2   0.125E-03   0.271E-02   0.300E-03
    3   0.356E-04   0.379E-03   0.728E-04

*******   STEP 197
    1   0.943E-03   0.922E-03   0.237E-02
    2   0.124E-03   0.269E-02   0.297E-03
    3   0.351E-04   0.375E-03   0.718E-04

*******   STEP 198
    1   0.939E-03   0.919E-03   0.236E-02
    2   0.123E-03   0.268E-02   0.297E-03
    3   0.350E-04   0.374E-03   0.716E-04

*******   STEP 199
    1   0.936E-03   0.916E-03   0.236E-02
    2   0.123E-03   0.267E-02   0.296E-03
    3   0.349E-04   0.374E-03   0.712E-04

*******   STEP 200
    1   0.933E-03   0.914E-03   0.235E-02
    2   0.122E-03   0.267E-02   0.295E-03
    3   0.348E-04   0.373E-03   0.709E-04

*******   STEP 201
    1   0.930E-03   0.911E-03   0.235E-02
    2   0.122E-03   0.266E-02   0.295E-03
    3   0.347E-04   0.372E-03   0.706E-04
