          %Evm          Svm            E11          E22          E33          E23          E13          E12         SCAU11       SCAU22       SCAU33       SCAU23       SCAU13       SCAU12      TEMP
  0.00000E+00  0.33762E+03    0.00000E+00  0.00000E+00  0.00000E+00  0.00000E+00  0.00000E+00  0.00000E+00    0.00000E+00 -0.97645E+02 -0.37565E+03 -0.23638E+01 -0.14352E+01 -0.93259E+00
  0.11126E-02  0.33866E+03    0.10000E-02  0.97578E-18 -0.10000E-02  0.00000E+00  0.00000E+00  0.00000E+00    0.00000E+00 -0.97626E+02 -0.37671E+03 -0.24287E+01 -0.14618E+01 -0.10036E+01
  0.22250E-02  0.33978E+03    0.20000E-02  0.17347E-17 -0.20000E-02  0.00000E+00  0.00000E+00  0.00000E+00    0.00000E+00 -0.98053E+02 -0.37798E+03 -0.24972E+01 -0.14154E+01 -0.10078E+01
  0.33374E-02  0.34086E+03    0.30000E-02  0.29273E-17 -0.30000E-02  0.00000E+00  0.00000E+00  0.00000E+00    0.00000E+00 -0.98413E+02 -0.37920E+03 -0.25280E+01 -0.13925E+01 -0.10326E+01
  0.44499E-02  0.34197E+03    0.40000E-02  0.47705E-17 -0.40000E-02  0.00000E+00  0.00000E+00  0.00000E+00    0.00000E+00 -0.98763E+02 -0.38044E+03 -0.25595E+01 -0.13630E+01 -0.10535E+01
  0.55624E-02  0.34305E+03    0.50000E-02  0.66136E-17 -0.50000E-02  0.00000E+00  0.00000E+00  0.00000E+00    0.00000E+00 -0.99128E+02 -0.38166E+03 -0.25913E+01 -0.13412E+01 -0.10789E+01
  0.66749E-02  0.34414E+03    0.60000E-02  0.87820E-17 -0.60000E-02  0.00000E+00  0.00000E+00  0.00000E+00    0.00000E+00 -0.99492E+02 -0.38288E+03 -0.26219E+01 -0.13151E+01 -0.11036E+01
  0.77875E-02  0.34522E+03    0.70000E-02  0.11276E-16 -0.70000E-02  0.00000E+00  0.00000E+00  0.00000E+00    0.00000E+00 -0.99851E+02 -0.38409E+03 -0.26469E+01 -0.12936E+01 -0.11263E+01
  0.89001E-02  0.34629E+03    0.80000E-02  0.13986E-16 -0.80000E-02  0.00000E+00  0.00000E+00  0.00000E+00    0.00000E+00 -0.10021E+03 -0.38530E+03 -0.26766E+01 -0.12677E+01 -0.11459E+01
  0.10013E-01  0.34734E+03    0.90000E-02  0.16588E-16 -0.90000E-02  0.00000E+00  0.00000E+00  0.00000E+00    0.00000E+00 -0.10058E+03 -0.38649E+03 -0.27049E+01 -0.12417E+01 -0.11682E+01
  0.11125E-01  0.34840E+03    0.10000E-01  0.19407E-16 -0.10000E-01  0.00000E+00  0.00000E+00  0.00000E+00    0.00000E+00 -0.10094E+03 -0.38768E+03 -0.27348E+01 -0.12158E+01 -0.11899E+01
  0.12238E-01  0.34944E+03    0.11000E-01  0.22768E-16 -0.11000E-01  0.00000E+00  0.00000E+00  0.00000E+00    0.00000E+00 -0.10130E+03 -0.38885E+03 -0.27605E+01 -0.11903E+01 -0.12095E+01
  0.13351E-01  0.35047E+03    0.12000E-01  0.26346E-16 -0.12000E-01  0.00000E+00  0.00000E+00  0.00000E+00    0.00000E+00 -0.10166E+03 -0.39001E+03 -0.27867E+01 -0.11638E+01 -0.12285E+01
  0.14464E-01  0.35150E+03    0.13000E-01  0.30249E-16 -0.13000E-01  0.00000E+00  0.00000E+00  0.00000E+00    0.00000E+00 -0.10201E+03 -0.39118E+03 -0.28114E+01 -0.11361E+01 -0.12478E+01
  0.15577E-01  0.35252E+03    0.14000E-01  0.34369E-16 -0.14000E-01  0.00000E+00  0.00000E+00  0.00000E+00    0.00000E+00 -0.10237E+03 -0.39232E+03 -0.28363E+01 -0.11088E+01 -0.12641E+01
  0.16690E-01  0.35352E+03    0.15000E-01  0.39031E-16 -0.15000E-01  0.00000E+00  0.00000E+00  0.00000E+00    0.00000E+00 -0.10272E+03 -0.39346E+03 -0.28600E+01 -0.10817E+01 -0.12795E+01
  0.17803E-01  0.35452E+03    0.16000E-01  0.44235E-16 -0.16000E-01  0.00000E+00  0.00000E+00  0.00000E+00    0.00000E+00 -0.10308E+03 -0.39459E+03 -0.28830E+01 -0.10535E+01 -0.12939E+01
  0.18916E-01  0.35551E+03    0.17000E-01  0.49548E-16 -0.17000E-01  0.00000E+00  0.00000E+00  0.00000E+00    0.00000E+00 -0.10343E+03 -0.39571E+03 -0.29049E+01 -0.10247E+01 -0.13075E+01
  0.20029E-01  0.35649E+03    0.18000E-01  0.54752E-16 -0.18000E-01  0.00000E+00  0.00000E+00  0.00000E+00    0.00000E+00 -0.10378E+03 -0.39682E+03 -0.29257E+01 -0.99566E+00 -0.13204E+01
  0.21142E-01  0.35747E+03    0.19000E-01  0.60607E-16 -0.19000E-01  0.00000E+00  0.00000E+00  0.00000E+00    0.00000E+00 -0.10412E+03 -0.39792E+03 -0.29457E+01 -0.96661E+00 -0.13328E+01
  0.22255E-01  0.35843E+03    0.20000E-01  0.66787E-16 -0.20000E-01  0.00000E+00  0.00000E+00  0.00000E+00    0.00000E+00 -0.10447E+03 -0.39901E+03 -0.29649E+01 -0.93796E+00 -0.13449E+01
  0.23368E-01  0.35938E+03    0.21000E-01  0.72858E-16 -0.21000E-01  0.00000E+00  0.00000E+00  0.00000E+00    0.00000E+00 -0.10481E+03 -0.40009E+03 -0.29833E+01 -0.90996E+00 -0.13566E+01
  0.24481E-01  0.36033E+03    0.22000E-01  0.79147E-16 -0.22000E-01  0.00000E+00  0.00000E+00  0.00000E+00    0.00000E+00 -0.10515E+03 -0.40116E+03 -0.30014E+01 -0.88330E+00 -0.13682E+01
  0.25595E-01  0.36127E+03    0.23000E-01  0.85977E-16 -0.23000E-01  0.00000E+00  0.00000E+00  0.00000E+00    0.00000E+00 -0.10549E+03 -0.40222E+03 -0.30180E+01 -0.85678E+00 -0.13786E+01
  0.26708E-01  0.36220E+03    0.24000E-01  0.93241E-16 -0.24000E-01  0.00000E+00  0.00000E+00  0.00000E+00    0.00000E+00 -0.10583E+03 -0.40327E+03 -0.30342E+01 -0.83084E+00 -0.13906E+01
  0.27821E-01  0.36312E+03    0.25000E-01  0.10061E-15 -0.25000E-01  0.00000E+00  0.00000E+00  0.00000E+00    0.00000E+00 -0.10617E+03 -0.40432E+03 -0.30489E+01 -0.80509E+00 -0.14005E+01
  0.28935E-01  0.36403E+03    0.26000E-01  0.10788E-15 -0.26000E-01  0.00000E+00  0.00000E+00  0.00000E+00    0.00000E+00 -0.10650E+03 -0.40535E+03 -0.30627E+01 -0.78014E+00 -0.14105E+01
  0.30048E-01  0.36494E+03    0.27000E-01  0.11547E-15 -0.27000E-01  0.00000E+00  0.00000E+00  0.00000E+00    0.00000E+00 -0.10683E+03 -0.40638E+03 -0.30749E+01 -0.75073E+00 -0.14215E+01
  0.31162E-01  0.36583E+03    0.28000E-01  0.12306E-15 -0.28000E-01  0.00000E+00  0.00000E+00  0.00000E+00    0.00000E+00 -0.10716E+03 -0.40739E+03 -0.30880E+01 -0.73013E+00 -0.14299E+01
  0.32276E-01  0.36672E+03    0.29000E-01  0.13086E-15 -0.29000E-01  0.00000E+00  0.00000E+00  0.00000E+00    0.00000E+00 -0.10749E+03 -0.40840E+03 -0.31000E+01 -0.70541E+00 -0.14385E+01
  0.33389E-01  0.36760E+03    0.30000E-01  0.13932E-15 -0.30000E-01  0.00000E+00  0.00000E+00  0.00000E+00    0.00000E+00 -0.10782E+03 -0.40940E+03 -0.31107E+01 -0.68087E+00 -0.14450E+01
  0.34503E-01  0.36847E+03    0.31000E-01  0.14778E-15 -0.31000E-01  0.00000E+00  0.00000E+00  0.00000E+00    0.00000E+00 -0.10814E+03 -0.41039E+03 -0.31217E+01 -0.65690E+00 -0.14537E+01
  0.35617E-01  0.36934E+03    0.32000E-01  0.15634E-15 -0.32000E-01  0.00000E+00  0.00000E+00  0.00000E+00    0.00000E+00 -0.10847E+03 -0.41137E+03 -0.31315E+01 -0.63330E+00 -0.14615E+01
  0.36731E-01  0.37019E+03    0.33000E-01  0.16469E-15 -0.33000E-01  0.00000E+00  0.00000E+00  0.00000E+00    0.00000E+00 -0.10879E+03 -0.41235E+03 -0.31409E+01 -0.61007E+00 -0.14690E+01
  0.37844E-01  0.37104E+03    0.34000E-01  0.17304E-15 -0.34000E-01  0.00000E+00  0.00000E+00  0.00000E+00    0.00000E+00 -0.10911E+03 -0.41331E+03 -0.31494E+01 -0.58708E+00 -0.14762E+01
  0.38958E-01  0.37188E+03    0.35000E-01  0.18160E-15 -0.35000E-01  0.00000E+00  0.00000E+00  0.00000E+00    0.00000E+00 -0.10944E+03 -0.41427E+03 -0.31576E+01 -0.56404E+00 -0.14833E+01
  0.40072E-01  0.37273E+03    0.36000E-01  0.19006E-15 -0.36000E-01  0.00000E+00  0.00000E+00  0.00000E+00    0.00000E+00 -0.10975E+03 -0.41523E+03 -0.31634E+01 -0.54077E+00 -0.14854E+01
  0.41186E-01  0.37355E+03    0.37000E-01  0.19873E-15 -0.37000E-01  0.00000E+00  0.00000E+00  0.00000E+00    0.00000E+00 -0.11007E+03 -0.41617E+03 -0.31710E+01 -0.51639E+00 -0.14933E+01
  0.42300E-01  0.37438E+03    0.38000E-01  0.20784E-15 -0.38000E-01  0.00000E+00  0.00000E+00  0.00000E+00    0.00000E+00 -0.11039E+03 -0.41711E+03 -0.31777E+01 -0.49225E+00 -0.14994E+01
  0.43415E-01  0.37519E+03    0.39000E-01  0.21749E-15 -0.39000E-01  0.00000E+00  0.00000E+00  0.00000E+00    0.00000E+00 -0.11071E+03 -0.41804E+03 -0.31841E+01 -0.46772E+00 -0.15055E+01
  0.44529E-01  0.37600E+03    0.40000E-01  0.22757E-15 -0.40000E-01  0.00000E+00  0.00000E+00  0.00000E+00    0.00000E+00 -0.11103E+03 -0.41896E+03 -0.31901E+01 -0.44286E+00 -0.15114E+01
  0.45643E-01  0.37681E+03    0.41000E-01  0.23777E-15 -0.41000E-01  0.00000E+00  0.00000E+00  0.00000E+00    0.00000E+00 -0.11134E+03 -0.41988E+03 -0.31958E+01 -0.41760E+00 -0.15172E+01
  0.46757E-01  0.37760E+03    0.42000E-01  0.24796E-15 -0.42000E-01  0.00000E+00  0.00000E+00  0.00000E+00    0.00000E+00 -0.11166E+03 -0.42079E+03 -0.32012E+01 -0.39208E+00 -0.15229E+01
  0.47872E-01  0.37839E+03    0.43000E-01  0.25793E-15 -0.43000E-01  0.00000E+00  0.00000E+00  0.00000E+00    0.00000E+00 -0.11197E+03 -0.42169E+03 -0.32064E+01 -0.36640E+00 -0.15286E+01
  0.48986E-01  0.37918E+03    0.44000E-01  0.26856E-15 -0.44000E-01  0.00000E+00  0.00000E+00  0.00000E+00    0.00000E+00 -0.11228E+03 -0.42259E+03 -0.32114E+01 -0.34066E+00 -0.15341E+01
  0.50101E-01  0.37996E+03    0.45000E-01  0.27951E-15 -0.45000E-01  0.00000E+00  0.00000E+00  0.00000E+00    0.00000E+00 -0.11259E+03 -0.42348E+03 -0.32162E+01 -0.31501E+00 -0.15396E+01
  0.51215E-01  0.38077E+03    0.46000E-01  0.29111E-15 -0.46000E-01  0.00000E+00  0.00000E+00  0.00000E+00    0.00000E+00 -0.11292E+03 -0.42440E+03 -0.32220E+01 -0.28958E+00 -0.15447E+01
  0.52330E-01  0.38189E+03    0.47000E-01  0.30271E-15 -0.47000E-01  0.00000E+00  0.00000E+00  0.00000E+00    0.00000E+00 -0.11326E+03 -0.42566E+03 -0.32309E+01 -0.22963E+00 -0.15540E+01
  0.53444E-01  0.38263E+03    0.48000E-01  0.31442E-15 -0.48000E-01  0.00000E+00  0.00000E+00  0.00000E+00    0.00000E+00 -0.11354E+03 -0.42650E+03 -0.32346E+01 -0.19647E+00 -0.15606E+01
  0.54559E-01  0.38339E+03    0.49000E-01  0.32613E-15 -0.49000E-01  0.00000E+00  0.00000E+00  0.00000E+00    0.00000E+00 -0.11385E+03 -0.42736E+03 -0.32385E+01 -0.17225E+00 -0.15664E+01
  0.55674E-01  0.38414E+03    0.50000E-01  0.33838E-15 -0.50000E-01  0.00000E+00  0.00000E+00  0.00000E+00    0.00000E+00 -0.11415E+03 -0.42822E+03 -0.32425E+01 -0.14819E+00 -0.15723E+01
  0.56788E-01  0.38488E+03    0.51000E-01  0.35074E-15 -0.51000E-01  0.00000E+00  0.00000E+00  0.00000E+00    0.00000E+00 -0.11446E+03 -0.42907E+03 -0.32462E+01 -0.12442E+00 -0.15783E+01
  0.57903E-01  0.38562E+03    0.52000E-01  0.36342E-15 -0.52000E-01  0.00000E+00  0.00000E+00  0.00000E+00    0.00000E+00 -0.11476E+03 -0.42992E+03 -0.32497E+01 -0.10046E+00 -0.15846E+01
  0.59018E-01  0.38636E+03    0.53000E-01  0.37643E-15 -0.53000E-01  0.00000E+00  0.00000E+00  0.00000E+00    0.00000E+00 -0.11506E+03 -0.43076E+03 -0.32535E+01 -0.77425E-01 -0.15905E+01
  0.60133E-01  0.38709E+03    0.54000E-01  0.38945E-15 -0.54000E-01  0.00000E+00  0.00000E+00  0.00000E+00    0.00000E+00 -0.11536E+03 -0.43160E+03 -0.32572E+01 -0.55220E-01 -0.15965E+01
  0.61248E-01  0.38781E+03    0.55000E-01  0.40289E-15 -0.55000E-01  0.00000E+00  0.00000E+00  0.00000E+00    0.00000E+00 -0.11566E+03 -0.43243E+03 -0.32607E+01 -0.34051E-01 -0.16024E+01
  0.62363E-01  0.38854E+03    0.56000E-01  0.41655E-15 -0.56000E-01  0.00000E+00  0.00000E+00  0.00000E+00    0.00000E+00 -0.11595E+03 -0.43326E+03 -0.32642E+01 -0.13644E-01 -0.16084E+01
  0.63478E-01  0.38925E+03    0.57000E-01  0.43043E-15 -0.57000E-01  0.00000E+00  0.00000E+00  0.00000E+00    0.00000E+00 -0.11625E+03 -0.43408E+03 -0.32678E+01  0.59109E-02 -0.16143E+01
  0.64593E-01  0.38997E+03    0.58000E-01  0.44431E-15 -0.58000E-01  0.00000E+00  0.00000E+00  0.00000E+00    0.00000E+00 -0.11654E+03 -0.43490E+03 -0.32715E+01  0.24591E-01 -0.16203E+01
  0.65709E-01  0.39067E+03    0.59000E-01  0.45851E-15 -0.59000E-01  0.00000E+00  0.00000E+00  0.00000E+00    0.00000E+00 -0.11684E+03 -0.43571E+03 -0.32751E+01  0.42781E-01 -0.16264E+01
  0.66824E-01  0.39138E+03    0.60000E-01  0.47315E-15 -0.60000E-01  0.00000E+00  0.00000E+00  0.00000E+00    0.00000E+00 -0.11713E+03 -0.43652E+03 -0.32785E+01  0.60490E-01 -0.16325E+01
  0.67939E-01  0.39208E+03    0.61000E-01  0.48800E-15 -0.61000E-01  0.00000E+00  0.00000E+00  0.00000E+00    0.00000E+00 -0.11742E+03 -0.43732E+03 -0.32817E+01  0.77846E-01 -0.16386E+01
  0.69055E-01  0.39277E+03    0.62000E-01  0.50285E-15 -0.62000E-01  0.00000E+00  0.00000E+00  0.00000E+00    0.00000E+00 -0.11771E+03 -0.43812E+03 -0.32844E+01  0.95085E-01 -0.16445E+01
  0.70170E-01  0.39347E+03    0.63000E-01  0.51771E-15 -0.63000E-01  0.00000E+00  0.00000E+00  0.00000E+00    0.00000E+00 -0.11800E+03 -0.43891E+03 -0.32869E+01  0.11225E+00 -0.16502E+01
  0.71286E-01  0.39416E+03    0.64000E-01  0.53256E-15 -0.64000E-01  0.00000E+00  0.00000E+00  0.00000E+00    0.00000E+00 -0.11828E+03 -0.43970E+03 -0.32893E+01  0.12933E+00 -0.16558E+01
  0.72401E-01  0.39484E+03    0.65000E-01  0.54741E-15 -0.65000E-01  0.00000E+00  0.00000E+00  0.00000E+00    0.00000E+00 -0.11857E+03 -0.44049E+03 -0.32913E+01  0.14646E+00 -0.16610E+01
  0.73517E-01  0.39552E+03    0.66000E-01  0.56238E-15 -0.66000E-01  0.00000E+00  0.00000E+00  0.00000E+00    0.00000E+00 -0.11885E+03 -0.44127E+03 -0.32931E+01  0.16357E+00 -0.16658E+01
  0.74632E-01  0.39620E+03    0.67000E-01  0.57777E-15 -0.67000E-01  0.00000E+00  0.00000E+00  0.00000E+00    0.00000E+00 -0.11914E+03 -0.44204E+03 -0.32947E+01  0.18058E+00 -0.16705E+01
  0.75748E-01  0.39687E+03    0.68000E-01  0.59317E-15 -0.68000E-01  0.00000E+00  0.00000E+00  0.00000E+00    0.00000E+00 -0.11942E+03 -0.44282E+03 -0.32958E+01  0.19746E+00 -0.16745E+01
  0.76864E-01  0.39754E+03    0.69000E-01  0.60900E-15 -0.69000E-01  0.00000E+00  0.00000E+00  0.00000E+00    0.00000E+00 -0.11970E+03 -0.44358E+03 -0.32969E+01  0.21416E+00 -0.16782E+01
  0.77980E-01  0.39821E+03    0.70000E-01  0.62504E-15 -0.70000E-01  0.00000E+00  0.00000E+00  0.00000E+00    0.00000E+00 -0.11998E+03 -0.44435E+03 -0.32976E+01  0.23066E+00 -0.16814E+01
  0.79096E-01  0.39887E+03    0.71000E-01  0.64174E-15 -0.71000E-01  0.00000E+00  0.00000E+00  0.00000E+00    0.00000E+00 -0.12026E+03 -0.44511E+03 -0.32981E+01  0.24695E+00 -0.16842E+01
  0.80211E-01  0.39953E+03    0.72000E-01  0.65887E-15 -0.72000E-01  0.00000E+00  0.00000E+00  0.00000E+00    0.00000E+00 -0.12054E+03 -0.44587E+03 -0.32982E+01  0.26307E+00 -0.16864E+01
  0.81327E-01  0.40019E+03    0.73000E-01  0.67600E-15 -0.73000E-01  0.00000E+00  0.00000E+00  0.00000E+00    0.00000E+00 -0.12081E+03 -0.44662E+03 -0.32977E+01  0.27916E+00 -0.16882E+01
  0.82443E-01  0.40084E+03    0.74000E-01  0.69356E-15 -0.74000E-01  0.00000E+00  0.00000E+00  0.00000E+00    0.00000E+00 -0.12109E+03 -0.44737E+03 -0.32961E+01  0.29519E+00 -0.16894E+01
  0.83560E-01  0.40149E+03    0.75000E-01  0.71135E-15 -0.75000E-01  0.00000E+00  0.00000E+00  0.00000E+00    0.00000E+00 -0.12137E+03 -0.44811E+03 -0.32950E+01  0.31097E+00 -0.16900E+01
  0.84676E-01  0.40213E+03    0.76000E-01  0.72902E-15 -0.76000E-01  0.00000E+00  0.00000E+00  0.00000E+00    0.00000E+00 -0.12164E+03 -0.44886E+03 -0.32964E+01  0.32621E+00 -0.16893E+01
  0.85792E-01  0.40278E+03    0.77000E-01  0.74680E-15 -0.77000E-01  0.00000E+00  0.00000E+00  0.00000E+00    0.00000E+00 -0.12193E+03 -0.44961E+03 -0.32997E+01  0.33085E+00 -0.16980E+01
  0.86908E-01  0.40342E+03    0.78000E-01  0.76480E-15 -0.78000E-01  0.00000E+00  0.00000E+00  0.00000E+00    0.00000E+00 -0.12220E+03 -0.45034E+03 -0.32954E+01  0.35471E+00 -0.16912E+01
  0.88024E-01  0.40407E+03    0.79000E-01  0.78323E-15 -0.79000E-01  0.00000E+00  0.00000E+00  0.00000E+00    0.00000E+00 -0.12249E+03 -0.45109E+03 -0.32978E+01  0.37357E+00 -0.16853E+01
  0.89141E-01  0.40470E+03    0.80000E-01  0.80188E-15 -0.80000E-01  0.00000E+00  0.00000E+00  0.00000E+00    0.00000E+00 -0.12275E+03 -0.45181E+03 -0.32921E+01  0.38745E+00 -0.16875E+01
  0.90257E-01  0.40533E+03    0.81000E-01  0.82042E-15 -0.81000E-01  0.00000E+00  0.00000E+00  0.00000E+00    0.00000E+00 -0.12302E+03 -0.45253E+03 -0.32922E+01  0.40404E+00 -0.16844E+01
  0.91374E-01  0.40596E+03    0.82000E-01  0.83906E-15 -0.82000E-01  0.00000E+00  0.00000E+00  0.00000E+00    0.00000E+00 -0.12329E+03 -0.45325E+03 -0.32928E+01  0.41939E+00 -0.16809E+01
  0.92490E-01  0.40660E+03    0.83000E-01  0.85760E-15 -0.83000E-01  0.00000E+00  0.00000E+00  0.00000E+00    0.00000E+00 -0.12360E+03 -0.45400E+03 -0.32997E+01  0.44127E+00 -0.17052E+01
  0.93607E-01  0.40723E+03    0.84000E-01  0.87625E-15 -0.84000E-01  0.00000E+00  0.00000E+00  0.00000E+00    0.00000E+00 -0.12385E+03 -0.45472E+03 -0.32902E+01  0.45221E+00 -0.16880E+01
  0.94723E-01  0.40784E+03    0.85000E-01  0.89523E-15 -0.85000E-01  0.00000E+00  0.00000E+00  0.00000E+00    0.00000E+00 -0.12412E+03 -0.45543E+03 -0.32907E+01  0.46922E+00 -0.16843E+01
  0.95840E-01  0.40846E+03    0.86000E-01  0.91431E-15 -0.86000E-01  0.00000E+00  0.00000E+00  0.00000E+00    0.00000E+00 -0.12439E+03 -0.45614E+03 -0.32892E+01  0.48508E+00 -0.16805E+01
  0.96957E-01  0.40907E+03    0.87000E-01  0.93361E-15 -0.87000E-01  0.00000E+00  0.00000E+00  0.00000E+00    0.00000E+00 -0.12465E+03 -0.45684E+03 -0.32879E+01  0.50104E+00 -0.16765E+01
  0.98074E-01  0.40968E+03    0.88000E-01  0.95291E-15 -0.88000E-01  0.00000E+00  0.00000E+00  0.00000E+00    0.00000E+00 -0.12492E+03 -0.45755E+03 -0.32864E+01  0.51673E+00 -0.16714E+01
  0.99190E-01  0.41029E+03    0.89000E-01  0.97264E-15 -0.89000E-01  0.00000E+00  0.00000E+00  0.00000E+00    0.00000E+00 -0.12518E+03 -0.45825E+03 -0.32856E+01  0.53061E+00 -0.16725E+01
  0.10031E+00  0.41090E+03    0.90000E-01  0.99291E-15 -0.90000E-01  0.00000E+00  0.00000E+00  0.00000E+00    0.00000E+00 -0.12545E+03 -0.45895E+03 -0.32844E+01  0.54795E+00 -0.16654E+01
  0.10142E+00  0.41150E+03    0.91000E-01  0.10134E-14 -0.91000E-01  0.00000E+00  0.00000E+00  0.00000E+00    0.00000E+00 -0.12571E+03 -0.45964E+03 -0.32832E+01  0.56323E+00 -0.16613E+01
  0.10254E+00  0.41210E+03    0.92000E-01  0.10340E-14 -0.92000E-01  0.00000E+00  0.00000E+00  0.00000E+00    0.00000E+00 -0.12598E+03 -0.46033E+03 -0.32821E+01  0.57841E+00 -0.16568E+01
  0.10366E+00  0.41269E+03    0.93000E-01  0.10551E-14 -0.93000E-01  0.00000E+00  0.00000E+00  0.00000E+00    0.00000E+00 -0.12624E+03 -0.46102E+03 -0.32811E+01  0.59329E+00 -0.16523E+01
  0.10478E+00  0.41329E+03    0.94000E-01  0.10764E-14 -0.94000E-01  0.00000E+00  0.00000E+00  0.00000E+00    0.00000E+00 -0.12650E+03 -0.46170E+03 -0.32802E+01  0.60787E+00 -0.16480E+01
  0.10589E+00  0.41388E+03    0.95000E-01  0.10978E-14 -0.95000E-01  0.00000E+00  0.00000E+00  0.00000E+00    0.00000E+00 -0.12676E+03 -0.46238E+03 -0.32796E+01  0.62206E+00 -0.16436E+01
  0.10701E+00  0.41447E+03    0.96000E-01  0.11192E-14 -0.96000E-01  0.00000E+00  0.00000E+00  0.00000E+00    0.00000E+00 -0.12703E+03 -0.46306E+03 -0.32791E+01  0.63581E+00 -0.16394E+01
  0.10813E+00  0.41506E+03    0.97000E-01  0.11412E-14 -0.97000E-01  0.00000E+00  0.00000E+00  0.00000E+00    0.00000E+00 -0.12729E+03 -0.46374E+03 -0.32788E+01  0.64914E+00 -0.16352E+01
  0.10924E+00  0.41565E+03    0.98000E-01  0.11637E-14 -0.98000E-01  0.00000E+00  0.00000E+00  0.00000E+00    0.00000E+00 -0.12757E+03 -0.46443E+03 -0.32842E+01  0.65949E+00 -0.16407E+01
  0.11036E+00  0.41623E+03    0.99000E-01  0.11862E-14 -0.99000E-01  0.00000E+00  0.00000E+00  0.00000E+00    0.00000E+00 -0.12782E+03 -0.46510E+03 -0.32803E+01  0.67349E+00 -0.16307E+01
  0.11148E+00  0.41681E+03    0.10000E+00  0.12089E-14 -0.10000E+00  0.00000E+00  0.00000E+00  0.00000E+00    0.00000E+00 -0.12808E+03 -0.46577E+03 -0.32811E+01  0.68510E+00 -0.16277E+01
  0.11260E+00  0.41739E+03    0.10100E+00  0.12321E-14 -0.10100E+00  0.00000E+00  0.00000E+00  0.00000E+00    0.00000E+00 -0.12834E+03 -0.46643E+03 -0.32819E+01  0.69606E+00 -0.16241E+01
  0.11371E+00  0.41796E+03    0.10200E+00  0.12555E-14 -0.10200E+00  0.00000E+00  0.00000E+00  0.00000E+00    0.00000E+00 -0.12860E+03 -0.46710E+03 -0.32831E+01  0.70644E+00 -0.16208E+01
  0.11483E+00  0.41853E+03    0.10300E+00  0.12793E-14 -0.10300E+00  0.00000E+00  0.00000E+00  0.00000E+00    0.00000E+00 -0.12885E+03 -0.46776E+03 -0.32846E+01  0.71619E+00 -0.16177E+01
  0.11595E+00  0.41910E+03    0.10400E+00  0.13031E-14 -0.10400E+00  0.00000E+00  0.00000E+00  0.00000E+00    0.00000E+00 -0.12911E+03 -0.46841E+03 -0.32863E+01  0.72534E+00 -0.16147E+01
  0.11707E+00  0.41967E+03    0.10500E+00  0.13274E-14 -0.10500E+00  0.00000E+00  0.00000E+00  0.00000E+00    0.00000E+00 -0.12936E+03 -0.46907E+03 -0.32884E+01  0.73389E+00 -0.16120E+01
  0.11818E+00  0.42023E+03    0.10600E+00  0.13519E-14 -0.10600E+00  0.00000E+00  0.00000E+00  0.00000E+00    0.00000E+00 -0.12962E+03 -0.46972E+03 -0.32907E+01  0.74185E+00 -0.16094E+01
  0.11930E+00  0.42079E+03    0.10700E+00  0.13764E-14 -0.10700E+00  0.00000E+00  0.00000E+00  0.00000E+00    0.00000E+00 -0.12987E+03 -0.47037E+03 -0.32933E+01  0.74925E+00 -0.16069E+01
  0.12042E+00  0.42135E+03    0.10800E+00  0.14011E-14 -0.10800E+00  0.00000E+00  0.00000E+00  0.00000E+00    0.00000E+00 -0.13013E+03 -0.47102E+03 -0.32962E+01  0.75606E+00 -0.16046E+01
  0.12154E+00  0.42192E+03    0.10900E+00  0.14263E-14 -0.10900E+00  0.00000E+00  0.00000E+00  0.00000E+00    0.00000E+00 -0.13040E+03 -0.47167E+03 -0.32985E+01  0.75417E+00 -0.15961E+01
  0.12266E+00  0.42247E+03    0.11000E+00  0.14517E-14 -0.11000E+00  0.00000E+00  0.00000E+00  0.00000E+00    0.00000E+00 -0.13064E+03 -0.47231E+03 -0.33027E+01  0.76619E+00 -0.15980E+01
  0.12377E+00  0.42303E+03    0.11100E+00  0.14776E-14 -0.11100E+00  0.00000E+00  0.00000E+00  0.00000E+00    0.00000E+00 -0.13090E+03 -0.47295E+03 -0.33059E+01  0.77070E+00 -0.15956E+01
  0.12489E+00  0.42358E+03    0.11200E+00  0.15035E-14 -0.11200E+00  0.00000E+00  0.00000E+00  0.00000E+00    0.00000E+00 -0.13115E+03 -0.47359E+03 -0.33095E+01  0.77551E+00 -0.15939E+01
  0.12601E+00  0.42413E+03    0.11300E+00  0.15295E-14 -0.11300E+00  0.00000E+00  0.00000E+00  0.00000E+00    0.00000E+00 -0.13140E+03 -0.47422E+03 -0.33133E+01  0.77975E+00 -0.15921E+01
  0.12713E+00  0.42467E+03    0.11400E+00  0.15556E-14 -0.11400E+00  0.00000E+00  0.00000E+00  0.00000E+00    0.00000E+00 -0.13165E+03 -0.47486E+03 -0.33173E+01  0.78362E+00 -0.15906E+01
  0.12825E+00  0.42522E+03    0.11500E+00  0.15816E-14 -0.11500E+00  0.00000E+00  0.00000E+00  0.00000E+00    0.00000E+00 -0.13190E+03 -0.47549E+03 -0.33213E+01  0.78701E+00 -0.15891E+01
  0.12936E+00  0.42576E+03    0.11600E+00  0.16081E-14 -0.11600E+00  0.00000E+00  0.00000E+00  0.00000E+00    0.00000E+00 -0.13215E+03 -0.47611E+03 -0.33254E+01  0.79002E+00 -0.15877E+01
  0.13048E+00  0.42630E+03    0.11700E+00  0.16349E-14 -0.11700E+00  0.00000E+00  0.00000E+00  0.00000E+00    0.00000E+00 -0.13240E+03 -0.47674E+03 -0.33295E+01  0.79267E+00 -0.15864E+01
  0.13160E+00  0.42684E+03    0.11800E+00  0.16616E-14 -0.11800E+00  0.00000E+00  0.00000E+00  0.00000E+00    0.00000E+00 -0.13265E+03 -0.47736E+03 -0.33337E+01  0.79498E+00 -0.15851E+01
  0.13272E+00  0.42738E+03    0.11900E+00  0.16885E-14 -0.11900E+00  0.00000E+00  0.00000E+00  0.00000E+00    0.00000E+00 -0.13290E+03 -0.47798E+03 -0.33379E+01  0.79701E+00 -0.15839E+01
  0.13384E+00  0.42791E+03    0.12000E+00  0.17154E-14 -0.12000E+00  0.00000E+00  0.00000E+00  0.00000E+00    0.00000E+00 -0.13315E+03 -0.47860E+03 -0.33421E+01  0.79881E+00 -0.15829E+01
  0.13496E+00  0.42844E+03    0.12100E+00  0.17425E-14 -0.12100E+00  0.00000E+00  0.00000E+00  0.00000E+00    0.00000E+00 -0.13339E+03 -0.47922E+03 -0.33463E+01  0.80040E+00 -0.15818E+01
  0.13607E+00  0.42897E+03    0.12200E+00  0.17701E-14 -0.12200E+00  0.00000E+00  0.00000E+00  0.00000E+00    0.00000E+00 -0.13364E+03 -0.47984E+03 -0.33505E+01  0.80180E+00 -0.15809E+01
  0.13719E+00  0.42950E+03    0.12300E+00  0.17980E-14 -0.12300E+00  0.00000E+00  0.00000E+00  0.00000E+00    0.00000E+00 -0.13389E+03 -0.48045E+03 -0.33546E+01  0.80302E+00 -0.15799E+01
  0.13831E+00  0.43003E+03    0.12400E+00  0.18266E-14 -0.12400E+00  0.00000E+00  0.00000E+00  0.00000E+00    0.00000E+00 -0.13413E+03 -0.48106E+03 -0.33587E+01  0.80408E+00 -0.15791E+01
  0.13943E+00  0.43055E+03    0.12500E+00  0.18553E-14 -0.12500E+00  0.00000E+00  0.00000E+00  0.00000E+00    0.00000E+00 -0.13438E+03 -0.48167E+03 -0.33627E+01  0.80501E+00 -0.15783E+01
  0.14055E+00  0.43108E+03    0.12600E+00  0.18841E-14 -0.12600E+00  0.00000E+00  0.00000E+00  0.00000E+00    0.00000E+00 -0.13462E+03 -0.48227E+03 -0.33666E+01  0.80581E+00 -0.15776E+01
  0.14167E+00  0.43160E+03    0.12700E+00  0.19131E-14 -0.12700E+00  0.00000E+00  0.00000E+00  0.00000E+00    0.00000E+00 -0.13487E+03 -0.48288E+03 -0.33705E+01  0.80651E+00 -0.15769E+01
  0.14279E+00  0.43212E+03    0.12800E+00  0.19427E-14 -0.12800E+00  0.00000E+00  0.00000E+00  0.00000E+00    0.00000E+00 -0.13511E+03 -0.48348E+03 -0.33743E+01  0.80711E+00 -0.15763E+01
  0.14391E+00  0.43263E+03    0.12900E+00  0.19724E-14 -0.12900E+00  0.00000E+00  0.00000E+00  0.00000E+00    0.00000E+00 -0.13536E+03 -0.48408E+03 -0.33780E+01  0.80759E+00 -0.15757E+01
  0.14502E+00  0.43315E+03    0.13000E+00  0.20023E-14 -0.13000E+00  0.00000E+00  0.00000E+00  0.00000E+00    0.00000E+00 -0.13560E+03 -0.48467E+03 -0.33817E+01  0.80796E+00 -0.15751E+01
  0.14614E+00  0.43366E+03    0.13100E+00  0.20323E-14 -0.13100E+00  0.00000E+00  0.00000E+00  0.00000E+00    0.00000E+00 -0.13585E+03 -0.48527E+03 -0.33853E+01  0.80818E+00 -0.15746E+01
  0.14726E+00  0.43417E+03    0.13200E+00  0.20626E-14 -0.13200E+00  0.00000E+00  0.00000E+00  0.00000E+00    0.00000E+00 -0.13609E+03 -0.48586E+03 -0.33888E+01  0.80825E+00 -0.15742E+01
  0.14838E+00  0.43468E+03    0.13300E+00  0.20929E-14 -0.13300E+00  0.00000E+00  0.00000E+00  0.00000E+00    0.00000E+00 -0.13633E+03 -0.48645E+03 -0.33923E+01  0.80813E+00 -0.15737E+01
  0.14950E+00  0.43519E+03    0.13400E+00  0.21233E-14 -0.13400E+00  0.00000E+00  0.00000E+00  0.00000E+00    0.00000E+00 -0.13657E+03 -0.48704E+03 -0.33957E+01  0.80780E+00 -0.15733E+01
  0.15062E+00  0.43570E+03    0.13500E+00  0.21539E-14 -0.13500E+00  0.00000E+00  0.00000E+00  0.00000E+00    0.00000E+00 -0.13682E+03 -0.48764E+03 -0.33979E+01  0.81194E+00 -0.15826E+01
  0.15174E+00  0.43620E+03    0.13600E+00  0.21849E-14 -0.13600E+00  0.00000E+00  0.00000E+00  0.00000E+00    0.00000E+00 -0.13706E+03 -0.48822E+03 -0.34022E+01  0.80743E+00 -0.15763E+01
  0.15286E+00  0.43670E+03    0.13700E+00  0.22159E-14 -0.13700E+00  0.00000E+00  0.00000E+00  0.00000E+00    0.00000E+00 -0.13730E+03 -0.48880E+03 -0.34054E+01  0.80678E+00 -0.15766E+01
  0.15398E+00  0.43720E+03    0.13800E+00  0.22473E-14 -0.13800E+00  0.00000E+00  0.00000E+00  0.00000E+00    0.00000E+00 -0.13754E+03 -0.48938E+03 -0.34086E+01  0.80525E+00 -0.15763E+01
  0.15510E+00  0.43770E+03    0.13900E+00  0.22792E-14 -0.13900E+00  0.00000E+00  0.00000E+00  0.00000E+00    0.00000E+00 -0.13778E+03 -0.48996E+03 -0.34118E+01  0.80347E+00 -0.15761E+01
  0.15622E+00  0.43820E+03    0.14000E+00  0.23115E-14 -0.14000E+00  0.00000E+00  0.00000E+00  0.00000E+00    0.00000E+00 -0.13802E+03 -0.49054E+03 -0.34150E+01  0.80135E+00 -0.15759E+01
  0.15734E+00  0.43869E+03    0.14100E+00  0.23442E-14 -0.14100E+00  0.00000E+00  0.00000E+00  0.00000E+00    0.00000E+00 -0.13826E+03 -0.49111E+03 -0.34180E+01  0.79888E+00 -0.15760E+01
  0.15846E+00  0.43918E+03    0.14200E+00  0.23773E-14 -0.14200E+00  0.00000E+00  0.00000E+00  0.00000E+00    0.00000E+00 -0.13850E+03 -0.49169E+03 -0.34211E+01  0.79615E+00 -0.15760E+01
  0.15957E+00  0.43968E+03    0.14300E+00  0.24107E-14 -0.14300E+00  0.00000E+00  0.00000E+00  0.00000E+00    0.00000E+00 -0.13874E+03 -0.49226E+03 -0.34241E+01  0.79314E+00 -0.15762E+01
  0.16069E+00  0.44016E+03    0.14400E+00  0.24441E-14 -0.14400E+00  0.00000E+00  0.00000E+00  0.00000E+00    0.00000E+00 -0.13898E+03 -0.49283E+03 -0.34271E+01  0.78989E+00 -0.15766E+01
  0.16181E+00  0.44065E+03    0.14500E+00  0.24777E-14 -0.14500E+00  0.00000E+00  0.00000E+00  0.00000E+00    0.00000E+00 -0.13921E+03 -0.49339E+03 -0.34301E+01  0.78640E+00 -0.15769E+01
  0.16293E+00  0.44114E+03    0.14600E+00  0.25118E-14 -0.14600E+00  0.00000E+00  0.00000E+00  0.00000E+00    0.00000E+00 -0.13945E+03 -0.49396E+03 -0.34331E+01  0.78271E+00 -0.15774E+01
  0.16405E+00  0.44162E+03    0.14700E+00  0.25459E-14 -0.14700E+00  0.00000E+00  0.00000E+00  0.00000E+00    0.00000E+00 -0.13969E+03 -0.49452E+03 -0.34361E+01  0.77883E+00 -0.15779E+01
  0.16517E+00  0.44210E+03    0.14800E+00  0.25804E-14 -0.14800E+00  0.00000E+00  0.00000E+00  0.00000E+00    0.00000E+00 -0.13993E+03 -0.49508E+03 -0.34392E+01  0.77478E+00 -0.15783E+01
  0.16629E+00  0.44258E+03    0.14900E+00  0.26152E-14 -0.14900E+00  0.00000E+00  0.00000E+00  0.00000E+00    0.00000E+00 -0.14016E+03 -0.49564E+03 -0.34423E+01  0.77059E+00 -0.15788E+01
  0.16741E+00  0.44306E+03    0.15000E+00  0.26502E-14 -0.15000E+00  0.00000E+00  0.00000E+00  0.00000E+00    0.00000E+00 -0.14040E+03 -0.49620E+03 -0.34455E+01  0.76628E+00 -0.15792E+01
  0.16853E+00  0.44354E+03    0.15100E+00  0.26855E-14 -0.15100E+00  0.00000E+00  0.00000E+00  0.00000E+00    0.00000E+00 -0.14063E+03 -0.49675E+03 -0.34487E+01  0.76187E+00 -0.15796E+01
  0.16965E+00  0.44401E+03    0.15200E+00  0.27209E-14 -0.15200E+00  0.00000E+00  0.00000E+00  0.00000E+00    0.00000E+00 -0.14087E+03 -0.49731E+03 -0.34519E+01  0.75739E+00 -0.15800E+01
  0.17077E+00  0.44449E+03    0.15300E+00  0.27564E-14 -0.15300E+00  0.00000E+00  0.00000E+00  0.00000E+00    0.00000E+00 -0.14110E+03 -0.49786E+03 -0.34553E+01  0.75286E+00 -0.15802E+01
  0.17189E+00  0.44496E+03    0.15400E+00  0.27924E-14 -0.15400E+00  0.00000E+00  0.00000E+00  0.00000E+00    0.00000E+00 -0.14134E+03 -0.49841E+03 -0.34587E+01  0.74830E+00 -0.15804E+01
  0.17301E+00  0.44543E+03    0.15500E+00  0.28288E-14 -0.15500E+00  0.00000E+00  0.00000E+00  0.00000E+00    0.00000E+00 -0.14157E+03 -0.49896E+03 -0.34622E+01  0.74374E+00 -0.15805E+01
  0.17413E+00  0.44590E+03    0.15600E+00  0.28651E-14 -0.15600E+00  0.00000E+00  0.00000E+00  0.00000E+00    0.00000E+00 -0.14181E+03 -0.49951E+03 -0.34658E+01  0.73919E+00 -0.15804E+01
  0.17525E+00  0.44637E+03    0.15700E+00  0.29014E-14 -0.15700E+00  0.00000E+00  0.00000E+00  0.00000E+00    0.00000E+00 -0.14204E+03 -0.50005E+03 -0.34695E+01  0.73469E+00 -0.15803E+01
  0.17637E+00  0.44683E+03    0.15800E+00  0.29383E-14 -0.15800E+00  0.00000E+00  0.00000E+00  0.00000E+00    0.00000E+00 -0.14227E+03 -0.50059E+03 -0.34733E+01  0.73024E+00 -0.15799E+01
  0.17749E+00  0.44730E+03    0.15900E+00  0.29752E-14 -0.15900E+00  0.00000E+00  0.00000E+00  0.00000E+00    0.00000E+00 -0.14251E+03 -0.50114E+03 -0.34772E+01  0.72585E+00 -0.15794E+01
  0.17861E+00  0.44776E+03    0.16000E+00  0.30123E-14 -0.16000E+00  0.00000E+00  0.00000E+00  0.00000E+00    0.00000E+00 -0.14274E+03 -0.50168E+03 -0.34812E+01  0.72152E+00 -0.15787E+01
  0.17973E+00  0.44822E+03    0.16100E+00  0.30500E-14 -0.16100E+00  0.00000E+00  0.00000E+00  0.00000E+00    0.00000E+00 -0.14297E+03 -0.50222E+03 -0.34852E+01  0.71725E+00 -0.15780E+01
  0.18086E+00  0.44869E+03    0.16200E+00  0.30876E-14 -0.16200E+00  0.00000E+00  0.00000E+00  0.00000E+00    0.00000E+00 -0.14320E+03 -0.50275E+03 -0.34893E+01  0.71304E+00 -0.15771E+01
  0.18198E+00  0.44915E+03    0.16300E+00  0.31251E-14 -0.16300E+00  0.00000E+00  0.00000E+00  0.00000E+00    0.00000E+00 -0.14343E+03 -0.50329E+03 -0.34934E+01  0.70890E+00 -0.15761E+01
  0.18310E+00  0.44960E+03    0.16400E+00  0.31631E-14 -0.16400E+00  0.00000E+00  0.00000E+00  0.00000E+00    0.00000E+00 -0.14366E+03 -0.50383E+03 -0.34975E+01  0.70485E+00 -0.15750E+01
  0.18422E+00  0.45006E+03    0.16500E+00  0.32012E-14 -0.16500E+00  0.00000E+00  0.00000E+00  0.00000E+00    0.00000E+00 -0.14389E+03 -0.50436E+03 -0.35016E+01  0.70089E+00 -0.15738E+01
  0.18534E+00  0.45052E+03    0.16600E+00  0.32394E-14 -0.16600E+00  0.00000E+00  0.00000E+00  0.00000E+00    0.00000E+00 -0.14412E+03 -0.50489E+03 -0.35057E+01  0.69704E+00 -0.15726E+01
  0.18646E+00  0.45097E+03    0.16700E+00  0.32775E-14 -0.16700E+00  0.00000E+00  0.00000E+00  0.00000E+00    0.00000E+00 -0.14435E+03 -0.50542E+03 -0.35098E+01  0.69332E+00 -0.15714E+01
  0.18758E+00  0.45142E+03    0.16800E+00  0.33160E-14 -0.16800E+00  0.00000E+00  0.00000E+00  0.00000E+00    0.00000E+00 -0.14458E+03 -0.50595E+03 -0.35138E+01  0.68974E+00 -0.15701E+01
  0.18870E+00  0.45188E+03    0.16900E+00  0.33550E-14 -0.16900E+00  0.00000E+00  0.00000E+00  0.00000E+00    0.00000E+00 -0.14481E+03 -0.50648E+03 -0.35179E+01  0.68634E+00 -0.15688E+01
  0.18982E+00  0.45233E+03    0.17000E+00  0.33944E-14 -0.17000E+00  0.00000E+00  0.00000E+00  0.00000E+00    0.00000E+00 -0.14504E+03 -0.50700E+03 -0.35218E+01  0.68311E+00 -0.15675E+01
  0.19094E+00  0.45278E+03    0.17100E+00  0.34341E-14 -0.17100E+00  0.00000E+00  0.00000E+00  0.00000E+00    0.00000E+00 -0.14526E+03 -0.50753E+03 -0.35257E+01  0.68009E+00 -0.15661E+01
  0.19206E+00  0.45323E+03    0.17200E+00  0.34741E-14 -0.17200E+00  0.00000E+00  0.00000E+00  0.00000E+00    0.00000E+00 -0.14549E+03 -0.50805E+03 -0.35295E+01  0.67729E+00 -0.15648E+01
  0.19318E+00  0.45367E+03    0.17300E+00  0.35147E-14 -0.17300E+00  0.00000E+00  0.00000E+00  0.00000E+00    0.00000E+00 -0.14572E+03 -0.50857E+03 -0.35332E+01  0.67471E+00 -0.15635E+01
  0.19430E+00  0.45412E+03    0.17400E+00  0.35556E-14 -0.17400E+00  0.00000E+00  0.00000E+00  0.00000E+00    0.00000E+00 -0.14594E+03 -0.50910E+03 -0.35369E+01  0.67238E+00 -0.15622E+01
  0.19543E+00  0.45457E+03    0.17500E+00  0.35971E-14 -0.17500E+00  0.00000E+00  0.00000E+00  0.00000E+00    0.00000E+00 -0.14617E+03 -0.50962E+03 -0.35404E+01  0.67030E+00 -0.15609E+01
  0.19655E+00  0.45501E+03    0.17600E+00  0.36389E-14 -0.17600E+00  0.00000E+00  0.00000E+00  0.00000E+00    0.00000E+00 -0.14639E+03 -0.51013E+03 -0.35438E+01  0.66847E+00 -0.15596E+01
  0.19767E+00  0.45545E+03    0.17700E+00  0.36809E-14 -0.17700E+00  0.00000E+00  0.00000E+00  0.00000E+00    0.00000E+00 -0.14662E+03 -0.51065E+03 -0.35472E+01  0.66690E+00 -0.15583E+01
  0.19879E+00  0.45590E+03    0.17800E+00  0.37227E-14 -0.17800E+00  0.00000E+00  0.00000E+00  0.00000E+00    0.00000E+00 -0.14684E+03 -0.51117E+03 -0.35512E+01  0.66803E+00 -0.15567E+01
  0.19991E+00  0.45634E+03    0.17900E+00  0.37646E-14 -0.17900E+00  0.00000E+00  0.00000E+00  0.00000E+00    0.00000E+00 -0.14707E+03 -0.51169E+03 -0.35537E+01  0.66517E+00 -0.15557E+01
  0.20103E+00  0.45678E+03    0.18000E+00  0.38063E-14 -0.18000E+00  0.00000E+00  0.00000E+00  0.00000E+00    0.00000E+00 -0.14729E+03 -0.51220E+03 -0.35568E+01  0.66457E+00 -0.15544E+01
  0.20215E+00  0.45722E+03    0.18100E+00  0.38482E-14 -0.18100E+00  0.00000E+00  0.00000E+00  0.00000E+00    0.00000E+00 -0.14751E+03 -0.51271E+03 -0.35597E+01  0.66396E+00 -0.15531E+01
  0.20327E+00  0.45766E+03    0.18200E+00  0.38906E-14 -0.18200E+00  0.00000E+00  0.00000E+00  0.00000E+00    0.00000E+00 -0.14773E+03 -0.51322E+03 -0.35625E+01  0.66361E+00 -0.15519E+01
  0.20440E+00  0.45810E+03    0.18300E+00  0.39331E-14 -0.18300E+00  0.00000E+00  0.00000E+00  0.00000E+00    0.00000E+00 -0.14796E+03 -0.51374E+03 -0.35653E+01  0.66348E+00 -0.15507E+01
  0.20552E+00  0.45854E+03    0.18400E+00  0.39758E-14 -0.18400E+00  0.00000E+00  0.00000E+00  0.00000E+00    0.00000E+00 -0.14818E+03 -0.51425E+03 -0.35614E+01  0.66732E+00 -0.15465E+01
  0.20664E+00  0.45897E+03    0.18500E+00  0.40187E-14 -0.18500E+00  0.00000E+00  0.00000E+00  0.00000E+00    0.00000E+00 -0.14840E+03 -0.51476E+03 -0.35693E+01  0.66488E+00 -0.15473E+01
  0.20776E+00  0.45941E+03    0.18600E+00  0.40619E-14 -0.18600E+00  0.00000E+00  0.00000E+00  0.00000E+00    0.00000E+00 -0.14862E+03 -0.51527E+03 -0.35714E+01  0.66570E+00 -0.15459E+01
  0.20888E+00  0.45984E+03    0.18700E+00  0.41052E-14 -0.18700E+00  0.00000E+00  0.00000E+00  0.00000E+00    0.00000E+00 -0.14884E+03 -0.51577E+03 -0.35731E+01  0.66508E+00 -0.15451E+01
  0.21000E+00  0.46027E+03    0.18800E+00  0.41489E-14 -0.18800E+00  0.00000E+00  0.00000E+00  0.00000E+00    0.00000E+00 -0.14906E+03 -0.51628E+03 -0.35765E+01  0.66686E+00 -0.15438E+01
  0.21113E+00  0.46070E+03    0.18900E+00  0.41930E-14 -0.18900E+00  0.00000E+00  0.00000E+00  0.00000E+00    0.00000E+00 -0.14928E+03 -0.51678E+03 -0.35789E+01  0.66782E+00 -0.15428E+01
  0.21225E+00  0.46114E+03    0.19000E+00  0.42373E-14 -0.19000E+00  0.00000E+00  0.00000E+00  0.00000E+00    0.00000E+00 -0.14950E+03 -0.51728E+03 -0.35814E+01  0.66969E+00 -0.15422E+01
  0.21337E+00  0.46156E+03    0.19100E+00  0.42817E-14 -0.19100E+00  0.00000E+00  0.00000E+00  0.00000E+00    0.00000E+00 -0.14972E+03 -0.51778E+03 -0.35838E+01  0.67076E+00 -0.15408E+01
  0.21449E+00  0.46199E+03    0.19200E+00  0.43263E-14 -0.19200E+00  0.00000E+00  0.00000E+00  0.00000E+00    0.00000E+00 -0.14994E+03 -0.51829E+03 -0.35861E+01  0.67249E+00 -0.15397E+01
  0.21561E+00  0.46242E+03    0.19300E+00  0.43712E-14 -0.19300E+00  0.00000E+00  0.00000E+00  0.00000E+00    0.00000E+00 -0.15016E+03 -0.51879E+03 -0.35865E+01  0.67296E+00 -0.15397E+01
  0.21673E+00  0.46285E+03    0.19400E+00  0.44164E-14 -0.19400E+00  0.00000E+00  0.00000E+00  0.00000E+00    0.00000E+00 -0.15037E+03 -0.51928E+03 -0.35902E+01  0.67603E+00 -0.15379E+01
  0.21786E+00  0.46328E+03    0.19500E+00  0.44618E-14 -0.19500E+00  0.00000E+00  0.00000E+00  0.00000E+00    0.00000E+00 -0.15059E+03 -0.51978E+03 -0.35904E+01  0.67974E+00 -0.15332E+01
  0.21898E+00  0.46370E+03    0.19600E+00  0.45076E-14 -0.19600E+00  0.00000E+00  0.00000E+00  0.00000E+00    0.00000E+00 -0.15081E+03 -0.52028E+03 -0.35940E+01  0.68086E+00 -0.15346E+01
  0.22010E+00  0.46412E+03    0.19700E+00  0.45535E-14 -0.19700E+00  0.00000E+00  0.00000E+00  0.00000E+00    0.00000E+00 -0.15102E+03 -0.52077E+03 -0.35959E+01  0.68347E+00 -0.15335E+01
  0.22122E+00  0.46455E+03    0.19800E+00  0.45998E-14 -0.19800E+00  0.00000E+00  0.00000E+00  0.00000E+00    0.00000E+00 -0.15124E+03 -0.52127E+03 -0.35979E+01  0.68604E+00 -0.15327E+01
  0.22234E+00  0.46497E+03    0.19900E+00  0.46462E-14 -0.19900E+00  0.00000E+00  0.00000E+00  0.00000E+00    0.00000E+00 -0.15146E+03 -0.52176E+03 -0.35999E+01  0.68874E+00 -0.15319E+01
  0.22347E+00  0.46539E+03    0.20000E+00  0.46928E-14 -0.20000E+00  0.00000E+00  0.00000E+00  0.00000E+00    0.00000E+00 -0.15167E+03 -0.52225E+03 -0.36018E+01  0.69154E+00 -0.15312E+01
