TEXTURE AT STRAIN =    0.2000
   1.000   1.221   0.819  <-- length of phase ellipsoid axes
   90.00    0.00    0.00  <-- Euler angles (deg) of phase ellipsoid axes
B       658
 -175.35   44.92  -33.73   0.0009760
  116.25  148.52   17.29   0.0017223
  -32.86  147.69 -112.34   0.0020601
  144.90   79.15   95.95   0.0001004
   78.73  158.07  -90.01   0.0066667
  103.55   27.65 -118.50   0.0048139
  160.40   32.56   92.16   0.0008670
   16.14   42.28  -96.04   0.0044203
  102.78  156.79 -162.42   0.0066667
  -13.37   54.34   80.32   0.0002994
 -131.86   39.79 -110.90   0.0010531
   39.50  140.39  -15.73   0.0010741
    6.25  154.57  -77.26   0.0048795
 -121.95  150.36 -117.84   0.0020209
  -56.68  153.26  106.15   0.0066667
 -148.67   31.17 -145.73   0.0066667
  113.43  151.64  -63.42   0.0066667
  117.33  149.38  173.94   0.0066667
   54.14   29.45  -90.53   0.0022614
   19.48   50.91  147.30   0.0003665
   94.41   27.84   57.00   0.0065755
   -4.03   96.52 -146.20   0.0000803
  -38.14  143.46    8.33   0.0006597
  -44.56  143.70   71.02   0.0043332
  -82.00  152.51  141.96   0.0066667
  106.44  150.38  104.45   0.0060734
   25.46   41.23   49.64   0.0002910
  -17.52   85.00  144.69   0.0000198
  -44.19   65.66   95.47   0.0000938
  137.43   31.81   40.72   0.0066667
  -20.81  147.71   82.66   0.0066667
 -100.78  151.86 -102.65   0.0026543
 -147.43   33.45  -75.76   0.0046699
 -139.02  100.13   35.95   0.0000875
   -7.96  142.05 -149.61   0.0014618
  -90.70  157.19   40.47   0.0066667
  -23.47   35.19  174.35   0.0066667
   -2.62   62.72   29.44   0.0000483
   31.55   41.77 -158.37   0.0002364
 -162.82  149.93   -6.78   0.0066667
    4.31   30.01  -26.97   0.0066667
   28.25   97.34   89.86   0.0002035
  -97.33  146.27 -125.79   0.0054980
 -146.01   74.85   85.71   0.0002386
  123.83   29.07   33.09   0.0045655
  122.45   32.18   -7.62   0.0009230
  -84.22  102.69  149.97   0.0000459
  -86.99   20.46   69.63   0.0018943
  -17.07  151.92  124.16   0.0024430
  122.13  158.47   59.80   0.0066667
    5.42   99.52   80.82   0.0000696
   19.40  149.77  -20.03   0.0002288
  -18.12   31.92  108.89   0.0001737
 -150.38  138.92   49.72   0.0000355
  -20.53   45.29  -96.35   0.0002292
   45.25   26.40 -108.24   0.0041427
  -89.93  155.14  165.06   0.0066667
  163.68   69.61 -151.27   0.0000182
   17.85  157.13   26.54   0.0066667
 -111.81  149.87   78.43   0.0051485
  142.98   26.11  121.51   0.0066667
  144.40  140.74  144.41   0.0034414
   97.42  155.25  178.44   0.0066667
  176.04   83.95   25.14   0.0001231
  -90.52   21.78  166.49   0.0029141
  166.83  104.71 -155.30   0.0001453
  -59.33   40.86   12.11   0.0033895
   68.01   46.86   65.93   0.0001374
  172.53  148.44  -53.39   0.0029110
   43.52  158.83    8.25   0.0001937
  134.89   30.24    1.41   0.0006225
   -1.35   96.48   80.32   0.0001052
    9.42  151.30 -112.95   0.0066667
   52.19   20.04    3.38   0.0036123
  150.95   45.60  -41.76   0.0000959
    7.54   25.81 -163.71   0.0066667
    2.92  145.68    0.56   0.0061429
   -8.24   59.57   30.21   0.0002475
   11.00  142.52 -151.01   0.0011767
  159.16  132.47  -34.53   0.0018389
 -146.15  146.99  -50.38   0.0066667
   41.29  148.24  175.00   0.0034685
   33.46   74.52 -153.02   0.0005842
   27.30  139.31   42.04   0.0015161
   74.45  100.67  148.40   0.0000653
  -19.89  136.42  -92.92   0.0012625
   51.76  148.72  -52.19   0.0066667
  -12.41   42.78  110.35   0.0005754
 -117.87   99.91  101.34   0.0000366
  -19.46   35.08  -12.21   0.0058026
 -110.71  143.95 -155.86   0.0001688
  -76.97  122.61  -58.33   0.0000198
  -74.42   28.08   87.01   0.0018505
 -158.74  129.50   99.82   0.0011533
  -24.28   19.30    1.39   0.0056815
  -30.05   29.02  -86.19   0.0066667
  164.46    8.42   49.86   0.0066667
  111.09  156.56  163.06   0.0045723
  179.61  152.99   14.91   0.0006170
  -78.12   56.22  148.53   0.0002497
   35.36   34.42 -105.40   0.0027466
  -40.56   27.77  114.23   0.0051666
   -1.11   56.66   35.35   0.0002115
 -110.44  154.02  -73.82   0.0066667
  -48.84   38.02  -13.78   0.0018665
  151.56   29.05  138.94   0.0010472
   99.81   57.21 -174.45   0.0001323
   90.86   83.72  -86.96   0.0000290
  134.18   20.83  129.97   0.0045514
 -163.28   41.34   -9.21   0.0006174
  -21.61   46.81  179.03   0.0006414
  -73.07  141.23  125.88   0.0011053
  -94.18   40.78    1.94   0.0002290
   74.19  146.70   44.88   0.0020901
   37.25  146.51   -0.92   0.0028647
  -56.73   19.90  -38.31   0.0066667
  -49.34  145.67  146.80   0.0066667
  -48.32  151.92   -1.88   0.0003522
  -72.13  152.25   70.40   0.0066667
   76.01   21.69   54.70   0.0033463
  149.53  142.77  120.88   0.0008360
 -118.10   88.00  -87.59   0.0001365
 -101.74  154.08  -60.14   0.0061086
  -39.24   24.18 -105.94   0.0066667
 -117.53  160.29   90.64   0.0023043
  156.59  149.99  -70.22   0.0066667
  178.60  142.86   95.99   0.0046373
   88.63   42.22  104.62   0.0020148
 -166.52  128.28  -30.79   0.0016257
  -15.18   49.97   96.61   0.0000081
   60.66  152.10   43.86   0.0012247
   26.08  154.13   51.45   0.0066667
  -61.86   14.60   21.66   0.0063345
  -80.51   31.49   91.23   0.0066667
 -126.82  107.74  159.83   0.0000140
    7.57  136.46   19.47   0.0018758
    5.19  137.88 -152.35   0.0017675
  162.23   77.02   35.77   0.0001175
  -36.00  153.45 -146.76   0.0066667
  143.58   29.61 -136.42   0.0066667
   67.51  144.61 -112.64   0.0024920
  -13.07   28.67  174.82   0.0066667
  101.20  149.65    5.37   0.0035180
  116.88  150.86   98.58   0.0053612
 -153.22   24.08 -171.19   0.0066667
   65.29   71.14  138.04   0.0000039
 -156.26   31.02   68.75   0.0010279
 -105.24  156.81  -46.09   0.0030125
 -172.96   29.01 -153.29   0.0066667
   73.26  153.31  163.19   0.0011257
   11.16  149.69 -130.11   0.0066667
   66.55   29.85  -55.97   0.0058452
  110.45   22.17  -51.36   0.0014500
   72.25  156.54   59.49   0.0066667
   59.97  149.40 -152.50   0.0061883
   81.63  133.41  134.26   0.0008602
   51.83   27.02 -113.37   0.0066667
 -159.11   54.01  -30.14   0.0024453
   -5.95  122.39 -147.20   0.0001374
   78.37  155.34 -172.16   0.0066667
 -111.27   32.26   32.71   0.0015181
 -135.41   60.80  -34.83   0.0003781
  101.21   26.08  -46.19   0.0005698
  -32.03   32.67   38.57   0.0006362
  132.43   25.78 -153.47   0.0066667
   18.57  140.12 -133.49   0.0026132
  133.45   43.07   92.66   0.0004983
  -81.38   35.58  110.06   0.0011932
 -117.75  134.56 -143.95   0.0002352
 -149.90  150.62  -62.43   0.0040832
   16.54  153.78   38.05   0.0066667
  -50.79  172.92  -83.89   0.0042835
  -94.85   25.88 -174.79   0.0066667
   89.14   65.26  -70.35   0.0000109
 -146.20   33.71   20.55   0.0066667
   90.58   24.08    2.76   0.0051435
  153.24  142.61 -154.32   0.0005565
 -109.00   23.23   44.07   0.0066667
  143.69   40.61  -90.69   0.0007754
 -179.70   39.97 -169.70   0.0011952
 -149.79  144.53  -42.21   0.0005233
 -116.83   26.77  -74.01   0.0008340
  -57.57   19.32  -46.95   0.0028518
 -159.28  147.48  -80.51   0.0000105
   98.89  155.41 -107.40   0.0046543
   24.86   22.65  118.53   0.0053490
   81.95   79.82 -143.48   0.0000208
   43.37   31.26 -100.87   0.0051913
 -166.11   27.27 -116.42   0.0066667
   19.86   58.01   31.72   0.0000817
  -93.61  152.22  173.47   0.0059597
 -107.65   36.65  -42.94   0.0010529
 -126.12  155.55  129.63   0.0066667
 -148.07   33.30   78.71   0.0038485
 -141.40  122.71   36.66   0.0000347
   61.20   35.99  143.16   0.0025690
   20.23   35.13  -29.31   0.0001496
   40.33   28.82  -44.64   0.0037692
    4.68  111.84  -83.84   0.0003235
 -125.40   25.74  -86.75   0.0066667
   34.78  122.57   35.47   0.0001739
  -56.48   34.99   49.23   0.0022278
  133.67   38.05  159.42   0.0000214
   28.84   30.76 -104.02   0.0066667
 -158.48  152.71   83.32   0.0032545
  138.10  150.92   37.82   0.0066667
  -86.19  152.30   91.95   0.0058306
   13.70  143.92   40.50   0.0000420
  -26.46  147.96  -41.21   0.0066667
  162.69  142.70   23.08   0.0002591
 -123.08   45.78  -98.43   0.0004190
 -105.56   30.00  -96.49   0.0000993
 -134.63   31.26  153.45   0.0066667
  -38.93  139.15  145.79   0.0000042
   81.84  152.09   36.04   0.0066667
   55.86   34.00  -51.26   0.0027592
   76.86  152.13 -136.80   0.0066667
    4.02  102.32 -147.44   0.0001500
  -75.19  126.35 -102.82   0.0000613
   50.17   37.20  126.90   0.0019902
  101.55   31.95  -84.58   0.0011862
  -21.63  124.35  145.05   0.0009760
   12.71   22.31  -14.87   0.0066667
   85.65   24.50   51.12   0.0066667
 -107.67   63.14  153.63   0.0001341
 -178.45  143.20   21.81   0.0041441
  -12.81   43.94  -39.74   0.0017570
 -176.96   32.47   30.37   0.0066667
   59.69   25.89  -76.97   0.0027739
  -24.46   74.33   76.25   0.0000220
  135.93  155.74   76.40   0.0010162
   76.45   97.53   95.90   0.0000420
  -51.00   69.57  -82.02   0.0000446
   96.11  143.02  166.71   0.0001525
  142.73  106.15   21.86   0.0001513
   18.91  106.04   88.98   0.0001141
  107.59   34.50  147.25   0.0025032
  115.49   28.48  135.71   0.0026905
 -151.42   70.86  151.91   0.0000203
  -15.59   26.18  -77.84   0.0058151
   70.01  161.38  134.92   0.0066667
  179.75  145.47   46.03   0.0066667
  -53.40   27.07  -86.84   0.0025088
   78.65  152.82   16.93   0.0036327
  104.47  140.07  108.36   0.0001752
   75.74  149.71  -56.30   0.0066108
  -79.33  115.41  136.97   0.0000172
  162.41   33.37  -87.70   0.0066667
   69.71  112.14  -36.58   0.0000114
 -163.90  130.87 -142.00   0.0005557
  144.63   30.22   25.58   0.0066667
 -176.40   24.57  -12.26   0.0066667
   55.84  155.46   99.50   0.0065845
  122.34   23.59  -63.74   0.0066667
  -78.29   28.02  175.88   0.0049660
   91.32  136.83  102.53   0.0009047
   82.90  149.49   20.58   0.0016264
  -81.50   30.55 -149.58   0.0013950
  -77.38   77.44  -26.20   0.0000475
 -110.06  148.36  153.25   0.0013396
  140.15  102.31  155.64   0.0000224
  -97.57   28.20  -42.82   0.0025698
  169.37  127.56  -91.26   0.0005082
 -100.53  140.52    6.96   0.0005250
   89.79   16.91 -145.22   0.0066667
 -155.36  147.65  151.78   0.0066667
  141.27  155.24 -166.60   0.0066667
  -14.22   34.79   95.22   0.0025245
  111.87  164.07   48.70   0.0045933
  -67.77  162.10 -108.63   0.0026050
  -10.04  160.63   -7.27   0.0062457
   11.03  144.99  105.61   0.0066667
   74.83  143.37  -26.85   0.0006916
  152.41   94.52  153.27   0.0003703
   16.09   46.49   76.55   0.0011864
   77.97  113.32 -164.54   0.0000069
    4.97  156.30   97.82   0.0038423
   38.45  153.13 -126.29   0.0066667
  -59.95  155.20    2.67   0.0066667
  -15.26  137.35  116.17   0.0022707
  -59.93   25.93 -151.14   0.0066667
   47.62   26.81 -154.47   0.0037990
  -30.77   24.67   78.99   0.0019088
  115.79   22.08   39.43   0.0027108
 -125.69  155.62  134.44   0.0058167
  102.08   26.14   18.65   0.0066667
 -145.29   84.09   92.60   0.0005592
  -17.06  144.25 -123.39   0.0016298
 -161.26   44.01  119.08   0.0002024
  -16.23   28.16   37.52   0.0048671
  -61.49  147.21  136.28   0.0036948
  -44.18  131.91  -81.58   0.0002113
  -39.71  155.09 -119.99   0.0066667
   19.00   31.76   20.63   0.0066667
  141.89  146.31 -110.69   0.0027785
  -20.76  144.72  -54.31   0.0034341
  104.10   21.58   92.95   0.0066667
  131.86  108.87   24.81   0.0000646
  127.05  143.58  -81.90   0.0023302
 -147.20  133.08  -15.18   0.0000141
  142.28  144.23  144.71   0.0015250
  -80.06  157.70   72.98   0.0066667
  -54.13   39.52  -80.76   0.0015367
  -42.21   28.91   49.13   0.0066667
   83.86   25.80  -64.13   0.0003050
  116.17   27.06  -47.67   0.0066667
  -20.51  110.16 -151.89   0.0003367
    4.51   35.50  -64.79   0.0009576
   57.44  156.27   86.24   0.0066667
  160.21   35.97 -142.33   0.0017495
   72.00   33.92  -72.95   0.0004416
 -130.66   35.01   10.61   0.0047270
  116.64  172.76   11.58   0.0007153
   54.79  151.01   57.74   0.0051232
  101.68   31.00  115.52   0.0041931
  103.53   76.32   32.51   0.0000010
  151.75   80.74 -147.30   0.0003311
    2.21   26.35  159.08   0.0066667
  123.64   31.73   84.86   0.0024535
  -40.06   98.69   28.04   0.0000917
  164.55   28.94  -60.72   0.0066667
  -15.17  102.14  -29.02   0.0001711
  117.07  156.65  -64.46   0.0051623
 -164.98   50.55  -90.84   0.0008102
  -81.73   35.41  -34.07   0.0038477
   -3.31   55.52   24.63   0.0003245
 -154.54   53.93   31.56   0.0006808
  -10.15  105.19   33.93   0.0000189
  -43.40   37.75   68.18   0.0012093
 -175.78   51.70  -36.22   0.0000000
  116.09  139.41   19.11   0.0000000
  -31.71  142.56 -113.99   0.0000000
   67.76  158.30 -132.87   0.0001154
   73.48  159.90  -95.26   0.0000000
  101.87   33.55 -117.28   0.0000000
  163.34   35.90   82.79   0.0000000
   16.89   49.70  -96.53   0.0000000
  109.96  157.52 -155.76   0.0000000
  -15.74   60.39   68.27   0.0000000
 -127.52   52.12 -116.30   0.0000000
   43.13  129.77  -13.83   0.0000000
    2.27  156.15  -76.71   0.0000000
 -121.37  142.82 -118.71   0.0000000
  -53.79  150.04  107.66   0.0000000
 -151.81   34.79 -137.75   0.0000000
  112.68  145.03  -62.70   0.0000000
  116.03  140.13  173.20   0.0000000
   50.56   35.22  -86.83   0.0000000
   21.40   58.31  150.29   0.0000000
   94.19   34.22   57.16   0.0000000
   -4.31   96.75 -135.23   0.0000000
  -39.83  134.54    4.24   0.0000000
  -47.39  133.61   69.30   0.0000000
  -78.09  145.97  145.39   0.0000000
  105.06  140.71  103.77   0.0000000
   27.70   48.74   49.40   0.0000000
  -18.58   84.81  130.08   0.0000000
 -108.69  151.39 -115.38   0.0000164
  137.84   37.88   34.26   0.0000000
  -17.62  144.47   89.15   0.0000000
  -98.98  143.81 -101.45   0.0000000
 -148.49   38.96  -74.05   0.0000000
  -52.10   24.47  157.26   0.0002686
   -7.25  137.02 -145.09   0.0000000
  -95.09  157.97   36.46   0.0000000
  -22.72   40.83 -178.47   0.0000000
   -2.83   66.00   26.97   0.0000000
   34.78   51.40 -157.70   0.0000000
 -164.93  148.00   -1.59   0.0000000
    4.14   31.76  -22.43   0.0000000
  -57.15   28.63  -36.81   0.0000064
  -97.13  131.88 -125.58   0.0000000
  -72.64  153.67  -53.72   0.0000564
  127.14   34.09   29.22   0.0000000
  120.32   41.67   -8.40   0.0000000
 -171.70   31.14   23.93   0.0000749
  -89.28   15.99   72.03   0.0000000
  -14.80  151.99  120.11   0.0000000
  130.40  161.78   70.52   0.0000000
    5.73   99.81   64.64   0.0000000
   15.18  147.96  -25.95   0.0000000
  -16.29   35.14  113.22   0.0000000
 -148.21  130.02   58.62   0.0000000
  -22.43   53.01 -106.81   0.0000000
   40.54   28.39  -99.07   0.0000000
  -94.08  152.86  161.40   0.0000000
  162.50   71.35 -158.53   0.0000000
   13.48  159.08   16.72   0.0000000
 -111.39  139.97   78.57   0.0000000
  147.56   26.11  120.17   0.0000000
  142.09  131.69  149.54   0.0000000
   96.87  153.85  178.07   0.0000000
  175.76   83.72   11.63   0.0000000
  -85.97   19.12  162.19   0.0000000
  165.96  105.01 -165.22   0.0000000
  -63.70   55.30   15.78   0.0000000
   71.87  154.70 -119.45   0.0000183
  173.62  146.34  -58.24   0.0000000
   32.22  162.26   -1.30   0.0000000
  135.85   35.58    2.69   0.0000000
   -1.49   96.67   63.96   0.0000000
    9.94  150.99 -113.63   0.0000000
   39.55   15.58   18.88   0.0000000
  148.16   54.72  -47.18   0.0000000
    3.20   24.77 -164.22   0.0000000
    2.98  142.94    1.12   0.0000000
   -8.70   63.94   26.99   0.0000000
   10.09  137.60 -157.95   0.0000000
  157.20  124.58  -33.22   0.0000000
 -146.34  141.11  -47.79   0.0000000
   40.96  142.07  175.39   0.0000000
  106.92  151.27   66.53   0.0000290
   29.26  130.67   44.48   0.0000000
  164.15   34.90  -84.27   0.0000466
  -21.16  128.75  -89.23   0.0000000
   52.04  141.08  -49.58   0.0000000
  -12.22   49.13  119.54   0.0000000
  -22.44   14.64 -151.10   0.0002907
  -18.41   40.42   -6.83   0.0000000
 -109.96  129.30 -156.50   0.0000000
  -82.52   22.91  123.71   0.0000596
  -71.87   35.69   84.53   0.0000000
 -155.97  121.95  107.81   0.0000000
  -14.56   15.24   -3.97   0.0000000
  -25.73   31.63  -97.71   0.0000000
  175.61    6.42   40.78   0.0000000
  114.18  156.69  167.07   0.0000000
 -178.29  153.43    9.70   0.0000000
  -20.26  150.02   -7.24   0.0002160
   35.95   41.76 -103.95   0.0000000
  -36.99   30.39  109.79   0.0000000
   -0.48   61.46   44.94   0.0000000
 -113.65  151.34  -76.78   0.0000000
  -52.71   49.87  -12.47   0.0000000
  154.77   31.22  133.78   0.0000000
  105.94  157.18    6.28   0.0004493
  -12.50  154.41   21.08   0.0000662
  146.10   17.28  119.85   0.0000000
 -162.12   47.28   -7.48   0.0000000
  -24.59   54.34 -174.52   0.0000000
  -76.08  125.36  121.79   0.0000000
  -93.39   57.43    0.71   0.0000000
   74.64  133.95   45.12   0.0000000
   37.07  139.71    3.75   0.0000000
  -44.50   15.96  -48.68   0.0000000
  -49.92  136.86  151.45   0.0000000
  -46.16  148.46   -0.18   0.0000000
  -71.65  147.07   70.98   0.0000000
   74.20   18.72   56.48   0.0000000
  148.94  135.51  113.62   0.0000000
  -20.13  144.06  148.16   0.0000690
 -101.41  150.76  -60.02   0.0000000
  -33.29   24.03 -107.85   0.0000000
 -129.57  164.39   80.35   0.0000000
  157.25  147.22  -70.11   0.0000000
  178.07  137.94  102.01   0.0000000
   90.08   59.09  106.14   0.0000000
 -165.45  121.54  -37.85   0.0000000
  -16.37   56.77  101.16   0.0000000
   59.05  148.14   40.86   0.0000000
   19.83  155.20   47.09   0.0000000
  -38.96    8.19   -2.82   0.0000000
  -78.65   44.12   89.55   0.0000000
  -53.54   22.91  -67.65   0.0001144
    8.99  130.64    9.16   0.0000000
    5.30  131.61 -157.88   0.0000000
  160.99   76.84   46.88   0.0000000
  -29.83  152.95 -138.37   0.0000000
  146.83   32.96 -144.25   0.0000000
   70.80  130.54 -109.20   0.0000000
  -11.41   29.28  179.51   0.0000000
  100.68  139.85    5.05   0.0000000
  118.89  143.37   99.52   0.0000000
 -161.67   21.69 -163.63   0.0000000
  140.92  159.82    9.45   0.0000675
 -158.41   33.89   66.27   0.0000000
 -105.61  157.46  -47.10   0.0000000
 -175.23   29.87 -149.65   0.0000000
   69.72  149.60  159.93   0.0000000
    8.76  148.73 -124.97   0.0000000
   67.86   38.35  -55.83   0.0000000
  113.06   19.53  -55.06   0.0000000
   70.46  157.57   57.62   0.0000000
   57.03  141.65 -154.42   0.0000000
   57.35   26.33  -36.30   0.0002025
   49.15   30.36 -107.04   0.0000000
 -156.92   61.22  -23.38   0.0000000
   -6.69  117.32 -139.63   0.0000000
   79.75  154.10 -171.12   0.0000000
 -112.72   43.60   34.34   0.0000000
  -72.30  150.47  172.77   0.0000152
   99.26   30.09  -44.74   0.0000000
  -30.60   37.85   31.29   0.0000000
  139.56   26.59 -159.19   0.0000000
   18.35  133.25 -125.79   0.0000000
  129.51   55.46   87.35   0.0000000
  -81.65   50.96  110.82   0.0000000
 -114.67  119.81 -145.80   0.0000000
 -152.26  147.67  -59.67   0.0000000
   10.64  154.24   29.64   0.0000000
  -20.82  176.24  -55.55   0.0000000
  -95.88   28.96 -173.85   0.0000000
   49.95  165.55   82.81   0.0002070
 -146.68   39.63   26.58   0.0000000
   88.96   24.55    4.22   0.0000000
  152.94  135.91 -148.04   0.0000000
 -111.17   22.54   46.94   0.0000000
  141.59   50.05  -98.70   0.0000000
  179.44   44.82 -176.27   0.0000000
 -149.98  138.12  -45.44   0.0000000
 -118.15   30.64  -72.31   0.0000000
  -44.86   14.78  -61.13   0.0000000
 -161.92  143.58  -84.96   0.0000000
  103.50  154.26 -103.14   0.0000000
   18.73   19.98  119.84   0.0000000
  -26.73  159.46  -45.42   0.0000946
   42.86   37.49  -94.33   0.0000000
 -168.27   26.45 -120.03   0.0000000
   21.86   63.94   41.37   0.0000000
  -95.45  145.76  171.84   0.0000000
 -106.30   51.57  -43.96   0.0000000
 -130.47  155.33  125.26   0.0000000
 -149.12   38.74   83.91   0.0000000
 -136.62  114.36   38.55   0.0000000
   62.50   48.71  145.56   0.0000000
   18.89   40.05  -19.52   0.0000000
   37.39   32.60  -36.47   0.0000000
    4.75  110.41  -71.47   0.0000000
 -132.34   27.35  -82.23   0.0000000
   39.30  114.55   36.47   0.0000000
  -59.56   46.65   49.48   0.0000000
  130.25   48.88  157.05   0.0000000
   26.10   34.56  -99.13   0.0000000
 -161.38  151.68   75.01   0.0000000
  141.92  147.06   41.38   0.0000000
  -86.01  144.29   92.17   0.0000000
   12.09  139.14   42.13   0.0000000
  -23.79  144.18  -36.00   0.0000000
  163.69  136.78   24.97   0.0000000
 -118.96   59.76  -98.49   0.0000000
 -108.18   39.19  -94.14   0.0000000
 -137.40   36.97  157.70   0.0000000
  -42.03  128.96  150.94   0.0000000
   78.13  144.79   32.81   0.0000000
   58.59   45.17  -51.44   0.0000000
   73.94  146.17 -139.44   0.0000000
    4.28  102.65 -141.47   0.0000000
 -111.73   26.05   91.76   0.0000351
   53.70   49.32  122.94   0.0000000
  103.13   44.50  -86.00   0.0000000
  -24.24  117.72  142.90   0.0000000
   10.59   19.93   -9.95   0.0000000
   87.92   25.94   49.20   0.0000000
 -170.76  153.98  -55.79   0.0005920
 -177.59  138.56   14.23   0.0000000
  -14.60   50.37  -49.82   0.0000000
 -177.39   34.95   32.79   0.0000000
   56.27   28.89  -74.59   0.0000000
    9.97  168.24  -85.45   0.0000019
  144.20  156.41   88.87   0.0000000
  177.71   21.94 -155.00   0.0001863
 -116.85  152.82   61.06   0.0001247
   93.80  126.56  165.94   0.0000000
   81.27   21.59 -123.87   0.0001375
   20.29  105.66   81.96   0.0000000
  107.78   48.56  146.19   0.0000000
  115.89   35.15  135.30   0.0000000
 -148.47   73.29  161.22   0.0000000
   -9.79   25.68  -82.86   0.0000000
   61.12  167.23  124.65   0.0000000
  178.08  142.09   53.35   0.0000000
  -48.14   29.77  -92.28   0.0000000
   80.62  146.85   18.37   0.0000000
  100.86  123.84  106.68   0.0000000
   78.15  139.69  -54.54   0.0000000
 -133.75   21.59   -9.71   0.0002738
  165.04   36.95  -96.00   0.0000000
  -10.04   20.20 -166.02   0.0001246
 -162.28  123.76 -135.72   0.0000000
  148.38   33.55   18.41   0.0000000
 -175.61   22.61   -8.35   0.0000000
   49.33  155.80   92.90   0.0000000
  127.98   22.32  -71.68   0.0000000
  -78.52   34.30  175.96   0.0000000
  122.86   31.11  -87.40   0.0000376
   85.26  137.67   22.30   0.0000000
  -79.80   42.31 -151.16   0.0000000
 -167.76  152.69   95.62   0.0002222
 -112.13  137.51  150.98   0.0000000
 -135.17   16.19  -80.23   0.0000428
 -100.65   35.43  -40.12   0.0000000
  168.90  121.35  -88.54   0.0000000
  -97.94  124.00    8.50   0.0000000
   90.78    9.66 -147.03   0.0000000
 -157.77  143.49  141.45   0.0000000
  149.16  155.49 -154.13   0.0000000
  -12.19   39.24   91.32   0.0000000
  127.22  171.18   66.03   0.0000000
  -54.49  168.45  -97.14   0.0000000
   -6.64  164.33   -3.88   0.0000000
    9.49  141.05  111.73   0.0000000
   75.03  127.89  -27.66   0.0000000
   39.29  154.21 -112.18   0.0000513
   17.62   53.77   64.90   0.0000000
   22.97   13.58   52.00   0.0001308
    1.76  158.20   96.72   0.0000000
   33.50  152.11 -132.22   0.0000000
  -56.57  154.77    8.17   0.0000000
  -16.22  131.30  115.00   0.0000000
  -53.47   28.52 -155.58   0.0000000
   42.41   28.78 -147.34   0.0000000
  -25.78   24.33   74.13   0.0000000
  124.65   19.47   32.10   0.0000000
 -131.05  155.07  130.66   0.0000000
  101.05   30.54   19.26   0.0000000
  125.74  155.68 -147.50   0.0002208
  -17.33  140.00 -125.45   0.0000000
 -159.61   50.87  114.78   0.0000000
  -11.55   29.11   30.44   0.0000000
  -63.18  137.02  137.31   0.0000000
  -48.26  119.78  -76.13   0.0000000
  -33.72  156.07 -115.14   0.0000000
   15.90   35.00   25.19   0.0000000
  141.47  139.02 -111.49   0.0000000
  -19.91  139.77  -61.26   0.0000000
  112.19   19.25   85.07   0.0000000
   58.97   30.09 -114.94   0.0001048
  126.55  132.28  -81.12   0.0000000
 -142.72  123.24   -6.03   0.0000000
  141.29  136.50  151.49   0.0000000
  -74.34  159.95   78.34   0.0000000
  -57.56   52.60  -83.18   0.0000000
  -39.67   32.83   43.00   0.0000000
   85.18   29.14  -65.19   0.0000000
  116.90   31.40  -49.04   0.0000000
  -22.55  108.36 -151.41   0.0000000
    5.00   39.12  -63.34   0.0000000
   49.04  156.53   79.95   0.0000000
  161.71   41.21 -145.36   0.0000000
   74.53   48.07  -74.97   0.0000000
 -127.86   45.26   10.24   0.0000000
  139.88  177.15   32.22   0.0000000
   54.48  145.42   54.85   0.0000000
  100.19   41.81  116.64   0.0000000
   15.42  150.96  157.89   0.0000041
   68.30  153.36  -18.79   0.0000221
    3.67   25.97  163.97   0.0000000
  125.74   40.09   83.51   0.0000000
 -129.97   30.54  -95.66   0.0001324
  165.71   29.49  -57.38   0.0000000
  -16.10  102.54  -23.69   0.0000000
  121.03  157.62  -58.57   0.0000000
 -163.81   57.70  -85.99   0.0000000
  -82.74   51.47  -33.95   0.0000000
   -4.27   60.69   13.55   0.0000000
 -151.65   61.85   41.03   0.0000000
  -10.79  105.40   45.93   0.0000000
  -45.92   47.70   73.45   0.0000000
 -175.78   51.70  -36.22   0.0000000
  116.09  139.41   19.11   0.0000000
  -31.71  142.56 -113.99   0.0000000
  142.31   82.37  101.81   0.0000000
   73.48  159.90  -95.26   0.0000000
  101.87   33.55 -117.28   0.0000000
  163.34   35.90   82.79   0.0000000
   16.89   49.70  -96.53   0.0000000
  109.96  157.52 -155.76   0.0000000
  -15.74   60.39   68.27   0.0000000
 -127.52   52.12 -116.30   0.0000000
   43.13  129.77  -13.83   0.0000000
    2.27  156.15  -76.71   0.0000000
 -121.37  142.82 -118.71   0.0000000
  -53.79  150.04  107.66   0.0000000
 -151.81   34.79 -137.75   0.0000000
  112.68  145.03  -62.70   0.0000000
  116.03  140.13  173.20   0.0000000
   50.56   35.22  -86.83   0.0000000
   21.40   58.31  150.29   0.0000000
   94.19   34.22   57.16   0.0000000
   -4.31   96.75 -135.23   0.0000000
  -39.83  134.54    4.24   0.0000000
  -47.39  133.61   69.30   0.0000000
  -78.09  145.97  145.39   0.0000000
  105.06  140.71  103.77   0.0000000
   27.70   48.74   49.40   0.0000000
  -18.58   84.81  130.08   0.0000000
  -48.84   71.25   96.32   0.0000000
  137.84   37.88   34.26   0.0000000
  -17.62  144.47   89.15   0.0000000
  -98.98  143.81 -101.45   0.0000000
 -148.49   38.96  -74.05   0.0000000
 -135.61   94.15   38.17   0.0000000
   -7.25  137.02 -145.09   0.0000000
  -95.09  157.97   36.46   0.0000000
  -22.72   40.83 -178.47   0.0000000
   -2.83   66.00   26.97   0.0000000
   34.78   51.40 -157.70   0.0000000
 -164.93  148.00   -1.59   0.0000000
    4.14   31.76  -22.43   0.0000000
   29.67   97.56   86.29   0.0000000
  -97.13  131.88 -125.58   0.0000000
 -142.24   76.86   82.72   0.0000000
  127.14   34.09   29.22   0.0000000
  120.32   41.67   -8.40   0.0000000
  -85.66   97.29  150.95   0.0000000
  -89.28   15.99   72.03   0.0000000
  -14.80  151.99  120.11   0.0000000
  130.40  161.78   70.52   0.0000000
    5.73   99.81   64.64   0.0000000
   15.18  147.96  -25.95   0.0000000
  -16.29   35.14  113.22   0.0000000
 -148.21  130.02   58.62   0.0000000
  -22.43   53.01 -106.81   0.0000000
   40.54   28.39  -99.07   0.0000000
  -94.08  152.86  161.40   0.0000000
  162.50   71.35 -158.53   0.0000000
   13.48  159.08   16.72   0.0000000
 -111.39  139.97   78.57   0.0000000
  147.56   26.11  120.17   0.0000000
  142.09  131.69  149.54   0.0000000
   96.87  153.85  178.07   0.0000000
  175.76   83.72   11.63   0.0000000
  -85.97   19.12  162.19   0.0000000
  165.96  105.01 -165.22   0.0000000
  -63.70   55.30   15.78   0.0000000
   71.76   62.19   58.75   0.0000000
  173.62  146.34  -58.24   0.0000000
   32.22  162.26   -1.30   0.0000000
  135.85   35.58    2.69   0.0000000
   -1.49   96.67   63.96   0.0000000
    9.94  150.99 -113.63   0.0000000
   39.55   15.58   18.88   0.0000000
  148.16   54.72  -47.18   0.0000000
    3.20   24.77 -164.22   0.0000000
    2.98  142.94    1.12   0.0000000
   -8.70   63.94   26.99   0.0000000
   10.09  137.60 -157.95   0.0000000
  157.20  124.58  -33.22   0.0000000
 -146.34  141.11  -47.79   0.0000000
   40.96  142.07  175.39   0.0000000
   36.64   75.13 -152.53   0.0000000
   29.26  130.67   44.48   0.0000000
   74.89   96.11  144.93   0.0000000
  -21.16  128.75  -89.23   0.0000000
   52.04  141.08  -49.58   0.0000000
  -12.22   49.13  119.54   0.0000000
 -115.17   90.19  108.04   0.0000000
  -18.41   40.42   -6.83   0.0000000
 -109.96  129.30 -156.50   0.0000000
  -78.86  112.84  -61.09   0.0000000
  -71.87   35.69   84.53   0.0000000
 -155.97  121.95  107.81   0.0000000
  -14.56   15.24   -3.97   0.0000000
  -25.73   31.63  -97.71   0.0000000
  175.61    6.42   40.78   0.0000000
  114.18  156.69  167.07   0.0000000
 -178.29  153.43    9.70   0.0000000
  -77.37   68.28  144.73   0.0000000
   35.95   41.76 -103.95   0.0000000
  -36.99   30.39  109.79   0.0000000
   -0.48   61.46   44.94   0.0000000
 -113.65  151.34  -76.78   0.0000000
  -52.71   49.87  -12.47   0.0000000
  154.77   31.22  133.78   0.0000000
   98.73   67.32 -175.11   0.0000000
   88.97   88.77  -84.37   0.0000000
  146.10   17.28  119.85   0.0000000
 -162.12   47.28   -7.48   0.0000000
  -24.59   54.34 -174.52   0.0000000
  -76.08  125.36  121.79   0.0000000
  -93.39   57.43    0.71   0.0000000
   74.64  133.95   45.12   0.0000000
   37.07  139.71    3.75   0.0000000
  -44.50   15.96  -48.68   0.0000000
  -49.92  136.86  151.45   0.0000000
  -46.16  148.46   -0.18   0.0000000
  -71.65  147.07   70.98   0.0000000
   74.20   18.72   56.48   0.0000000
  148.94  135.51  113.62   0.0000000
 -115.59   88.10  -83.96   0.0000000
 -101.41  150.76  -60.02   0.0000000
  -33.29   24.03 -107.85   0.0000000
 -129.57  164.39   80.35   0.0000000
  157.25  147.22  -70.11   0.0000000
  178.07  137.94  102.01   0.0000000
   90.08   59.09  106.14   0.0000000
 -165.45  121.54  -37.85   0.0000000
  -16.37   56.77  101.16   0.0000000
   59.05  148.14   40.86   0.0000000
   19.83  155.20   47.09   0.0000000
  -38.96    8.19   -2.82   0.0000000
  -78.65   44.12   89.55   0.0000000
 -123.15   98.40  161.56   0.0000000
    8.99  130.64    9.16   0.0000000
    5.30  131.61 -157.88   0.0000000
  160.99   76.84   46.88   0.0000000
  -29.83  152.95 -138.37   0.0000000
  146.83   32.96 -144.25   0.0000000
   70.80  130.54 -109.20   0.0000000
  -11.41   29.28  179.51   0.0000000
  100.68  139.85    5.05   0.0000000
  118.89  143.37   99.52   0.0000000
 -161.67   21.69 -163.63   0.0000000
   69.11   83.63  136.08   0.0000000
 -158.41   33.89   66.27   0.0000000
 -105.61  157.46  -47.10   0.0000000
 -175.23   29.87 -149.65   0.0000000
   69.72  149.60  159.93   0.0000000
    8.76  148.73 -124.97   0.0000000
   67.86   38.35  -55.83   0.0000000
  113.06   19.53  -55.06   0.0000000
   70.46  157.57   57.62   0.0000000
   57.03  141.65 -154.42   0.0000000
   84.42  116.99  132.33   0.0000000
   49.15   30.36 -107.04   0.0000000
 -156.92   61.22  -23.38   0.0000000
   -6.69  117.32 -139.63   0.0000000
   79.75  154.10 -171.12   0.0000000
 -112.72   43.60   34.34   0.0000000
 -130.50   68.85  -35.19   0.0000000
   99.26   30.09  -44.74   0.0000000
  -30.60   37.85   31.29   0.0000000
  139.56   26.59 -159.19   0.0000000
   18.35  133.25 -125.79   0.0000000
  129.51   55.46   87.35   0.0000000
  -81.65   50.96  110.82   0.0000000
 -114.67  119.81 -145.80   0.0000000
 -152.26  147.67  -59.67   0.0000000
   10.64  154.24   29.64   0.0000000
  -20.82  176.24  -55.55   0.0000000
  -95.88   28.96 -173.85   0.0000000
   86.60   78.38  -67.72   0.0000000
 -146.68   39.63   26.58   0.0000000
   88.96   24.55    4.22   0.0000000
  152.94  135.91 -148.04   0.0000000
 -111.17   22.54   46.94   0.0000000
  141.59   50.05  -98.70   0.0000000
  179.44   44.82 -176.27   0.0000000
 -149.98  138.12  -45.44   0.0000000
 -118.15   30.64  -72.31   0.0000000
  -44.86   14.78  -61.13   0.0000000
 -161.92  143.58  -84.96   0.0000000
  103.50  154.26 -103.14   0.0000000
   18.73   19.98  119.84   0.0000000
   79.54   87.28 -137.87   0.0000000
   42.86   37.49  -94.33   0.0000000
 -168.27   26.45 -120.03   0.0000000
   21.86   63.94   41.37   0.0000000
  -95.45  145.76  171.84   0.0000000
 -106.30   51.57  -43.96   0.0000000
 -130.47  155.33  125.26   0.0000000
 -149.12   38.74   83.91   0.0000000
 -136.62  114.36   38.55   0.0000000
   62.50   48.71  145.56   0.0000000
   18.89   40.05  -19.52   0.0000000
   37.39   32.60  -36.47   0.0000000
    4.75  110.41  -71.47   0.0000000
 -132.34   27.35  -82.23   0.0000000
   39.30  114.55   36.47   0.0000000
  -59.56   46.65   49.48   0.0000000
  130.25   48.88  157.05   0.0000000
   26.10   34.56  -99.13   0.0000000
 -161.38  151.68   75.01   0.0000000
  141.92  147.06   41.38   0.0000000
  -86.01  144.29   92.17   0.0000000
   12.09  139.14   42.13   0.0000000
  -23.79  144.18  -36.00   0.0000000
  163.69  136.78   24.97   0.0000000
 -118.96   59.76  -98.49   0.0000000
 -108.18   39.19  -94.14   0.0000000
 -137.40   36.97  157.70   0.0000000
  -42.03  128.96  150.94   0.0000000
   78.13  144.79   32.81   0.0000000
   58.59   45.17  -51.44   0.0000000
   73.94  146.17 -139.44   0.0000000
    4.28  102.65 -141.47   0.0000000
  -76.86  113.72 -107.29   0.0000000
   53.70   49.32  122.94   0.0000000
  103.13   44.50  -86.00   0.0000000
  -24.24  117.72  142.90   0.0000000
   10.59   19.93   -9.95   0.0000000
   87.92   25.94   49.20   0.0000000
 -111.13   72.19  157.85   0.0000000
 -177.59  138.56   14.23   0.0000000
  -14.60   50.37  -49.82   0.0000000
 -177.39   34.95   32.79   0.0000000
   56.27   28.89  -74.59   0.0000000
  -26.09   75.74   64.69   0.0000000
  144.20  156.41   88.87   0.0000000
   79.52   90.60   99.72   0.0000000
  -54.69   75.32  -81.54   0.0000000
   93.80  126.56  165.94   0.0000000
  139.59  102.73   15.20   0.0000000
   20.29  105.66   81.96   0.0000000
  107.78   48.56  146.19   0.0000000
  115.89   35.15  135.30   0.0000000
 -148.47   73.29  161.22   0.0000000
   -9.79   25.68  -82.86   0.0000000
   61.12  167.23  124.65   0.0000000
  178.08  142.09   53.35   0.0000000
  -48.14   29.77  -92.28   0.0000000
   80.62  146.85   18.37   0.0000000
  100.86  123.84  106.68   0.0000000
   78.15  139.69  -54.54   0.0000000
  -82.94  103.71  133.99   0.0000000
  165.04   36.95  -96.00   0.0000000
   64.77  101.69  -41.49   0.0000000
 -162.28  123.76 -135.72   0.0000000
  148.38   33.55   18.41   0.0000000
 -175.61   22.61   -8.35   0.0000000
   49.33  155.80   92.90   0.0000000
  127.98   22.32  -71.68   0.0000000
  -78.52   34.30  175.96   0.0000000
   89.67  120.00  104.28   0.0000000
   85.26  137.67   22.30   0.0000000
  -79.80   42.31 -151.16   0.0000000
  -80.76   85.07  -26.33   0.0000000
 -112.13  137.51  150.98   0.0000000
  141.25   97.89  167.14   0.0000000
 -100.65   35.43  -40.12   0.0000000
  168.90  121.35  -88.54   0.0000000
  -97.94  124.00    8.50   0.0000000
   90.78    9.66 -147.03   0.0000000
 -157.77  143.49  141.45   0.0000000
  149.16  155.49 -154.13   0.0000000
  -12.19   39.24   91.32   0.0000000
  127.22  171.18   66.03   0.0000000
  -54.49  168.45  -97.14   0.0000000
   -6.64  164.33   -3.88   0.0000000
    9.49  141.05  111.73   0.0000000
   75.03  127.89  -27.66   0.0000000
  151.04   94.87  162.95   0.0000000
   17.62   53.77   64.90   0.0000000
   73.92  100.35 -168.88   0.0000000
    1.76  158.20   96.72   0.0000000
   33.50  152.11 -132.22   0.0000000
  -56.57  154.77    8.17   0.0000000
  -16.22  131.30  115.00   0.0000000
  -53.47   28.52 -155.58   0.0000000
   42.41   28.78 -147.34   0.0000000
  -25.78   24.33   74.13   0.0000000
  124.65   19.47   32.10   0.0000000
 -131.05  155.07  130.66   0.0000000
  101.05   30.54   19.26   0.0000000
 -144.05   84.40   98.30   0.0000000
  -17.33  140.00 -125.45   0.0000000
 -159.61   50.87  114.78   0.0000000
  -11.55   29.11   30.44   0.0000000
  -63.18  137.02  137.31   0.0000000
  -48.26  119.78  -76.13   0.0000000
  -33.72  156.07 -115.14   0.0000000
   15.90   35.00   25.19   0.0000000
  141.47  139.02 -111.49   0.0000000
  -19.91  139.77  -61.26   0.0000000
  112.19   19.25   85.07   0.0000000
  128.23  104.45   26.72   0.0000000
  126.55  132.28  -81.12   0.0000000
 -142.72  123.24   -6.03   0.0000000
  141.29  136.50  151.49   0.0000000
  -74.34  159.95   78.34   0.0000000
  -57.56   52.60  -83.18   0.0000000
  -39.67   32.83   43.00   0.0000000
   85.18   29.14  -65.19   0.0000000
  116.90   31.40  -49.04   0.0000000
  -22.55  108.36 -151.41   0.0000000
    5.00   39.12  -63.34   0.0000000
   49.04  156.53   79.95   0.0000000
  161.71   41.21 -145.36   0.0000000
   74.53   48.07  -74.97   0.0000000
 -127.86   45.26   10.24   0.0000000
  139.88  177.15   32.22   0.0000000
   54.48  145.42   54.85   0.0000000
  100.19   41.81  116.64   0.0000000
  100.24   83.62   31.96   0.0000000
  149.97   80.71 -144.59   0.0000000
    3.67   25.97  163.97   0.0000000
  125.74   40.09   83.51   0.0000000
  -43.11   95.23   30.20   0.0000000
  165.71   29.49  -57.38   0.0000000
  -16.10  102.54  -23.69   0.0000000
  121.03  157.62  -58.57   0.0000000
 -163.81   57.70  -85.99   0.0000000
  -82.74   51.47  -33.95   0.0000000
   -4.27   60.69   13.55   0.0000000
 -151.65   61.85   41.03   0.0000000
  -10.79  105.40   45.93   0.0000000
  -45.92   47.70   73.45   0.0000000
