          %Evm          Svm            E11          E22          E33          E23          E13          E12         SCAU11       SCAU22       SCAU33       SCAU23       SCAU13       SCAU12      TEMP
  0.00000E+00  0.21601E+03    0.00000E+00  0.00000E+00  0.00000E+00  0.00000E+00  0.00000E+00  0.00000E+00    0.00000E+00 -0.21586E+03  0.00000E+00 -0.45397E+01 -0.24219E+00  0.41474E+00
  0.99933E-03  0.21680E+03    0.87669E-03 -0.10000E-02  0.12331E-03  0.00000E+00  0.00000E+00  0.00000E+00    0.00000E+00 -0.21665E+03  0.00000E+00 -0.45763E+01 -0.39901E+00  0.37334E+00
  0.19987E-02  0.21763E+03    0.17543E-02 -0.20000E-02  0.24566E-03  0.00000E+00  0.00000E+00  0.00000E+00    0.00000E+00 -0.21748E+03  0.00000E+00 -0.45706E+01 -0.34889E+00  0.31841E+00
  0.29980E-02  0.21829E+03    0.26316E-02 -0.30000E-02  0.36844E-03  0.00000E+00  0.00000E+00  0.00000E+00    0.00000E+00 -0.21815E+03  0.00000E+00 -0.45590E+01 -0.33220E+00  0.26684E+00
  0.39973E-02  0.21902E+03    0.35079E-02 -0.40000E-02  0.49207E-03  0.00000E+00  0.00000E+00  0.00000E+00    0.00000E+00 -0.21888E+03  0.00000E+00 -0.45603E+01 -0.31968E+00  0.21602E+00
  0.49967E-02  0.21970E+03    0.43835E-02 -0.50000E-02  0.61647E-03  0.00000E+00  0.00000E+00  0.00000E+00    0.00000E+00 -0.21956E+03  0.00000E+00 -0.45589E+01 -0.29771E+00  0.16247E+00
  0.59960E-02  0.22044E+03    0.52583E-02 -0.60000E-02  0.74168E-03  0.00000E+00  0.00000E+00  0.00000E+00    0.00000E+00 -0.22030E+03  0.00000E+00 -0.45631E+01 -0.28495E+00  0.11885E+00
  0.69954E-02  0.22117E+03    0.61323E-02 -0.70000E-02  0.86766E-03  0.00000E+00  0.00000E+00  0.00000E+00    0.00000E+00 -0.22103E+03  0.00000E+00 -0.45656E+01 -0.27120E+00  0.78139E-01
  0.79947E-02  0.22188E+03    0.70056E-02 -0.80000E-02  0.99439E-03  0.00000E+00  0.00000E+00  0.00000E+00    0.00000E+00 -0.22174E+03  0.00000E+00 -0.45689E+01 -0.25909E+00  0.41845E-01
  0.89941E-02  0.22261E+03    0.78781E-02 -0.90000E-02  0.11219E-02  0.00000E+00  0.00000E+00  0.00000E+00    0.00000E+00 -0.22247E+03  0.00000E+00 -0.45759E+01 -0.23659E+00  0.10260E-01
  0.99935E-02  0.22332E+03    0.87498E-02 -0.10000E-01  0.12502E-02  0.00000E+00  0.00000E+00  0.00000E+00    0.00000E+00 -0.22318E+03  0.00000E+00 -0.45796E+01 -0.22305E+00 -0.18870E-01
  0.10993E-01  0.22403E+03    0.96208E-02 -0.11000E-01  0.13792E-02  0.00000E+00  0.00000E+00  0.00000E+00    0.00000E+00 -0.22389E+03  0.00000E+00 -0.45822E+01 -0.21109E+00 -0.46203E-01
  0.11992E-01  0.22475E+03    0.10491E-01 -0.12000E-01  0.15090E-02  0.00000E+00  0.00000E+00  0.00000E+00    0.00000E+00 -0.22461E+03  0.00000E+00 -0.45852E+01 -0.18832E+00 -0.73558E-01
  0.12992E-01  0.22546E+03    0.11360E-01 -0.13000E-01  0.16396E-02  0.00000E+00  0.00000E+00  0.00000E+00    0.00000E+00 -0.22532E+03  0.00000E+00 -0.45873E+01 -0.17320E+00 -0.98788E-01
  0.13991E-01  0.22619E+03    0.12229E-01 -0.14000E-01  0.17709E-02  0.00000E+00  0.00000E+00  0.00000E+00    0.00000E+00 -0.22605E+03  0.00000E+00 -0.46052E+01 -0.13566E+00 -0.12325E+00
  0.14990E-01  0.22689E+03    0.13097E-01 -0.15000E-01  0.19030E-02  0.00000E+00  0.00000E+00  0.00000E+00    0.00000E+00 -0.22675E+03  0.00000E+00 -0.46076E+01 -0.12092E+00 -0.14656E+00
  0.15990E-01  0.22761E+03    0.13964E-01 -0.16000E-01  0.20359E-02  0.00000E+00  0.00000E+00  0.00000E+00    0.00000E+00 -0.22747E+03  0.00000E+00 -0.46061E+01 -0.10331E+00 -0.17304E+00
  0.16989E-01  0.22834E+03    0.14830E-01 -0.17000E-01  0.21696E-02  0.00000E+00  0.00000E+00  0.00000E+00    0.00000E+00 -0.22820E+03  0.00000E+00 -0.46147E+01 -0.10604E+00 -0.18920E+00
  0.17988E-01  0.22900E+03    0.15696E-01 -0.18000E-01  0.23040E-02  0.00000E+00  0.00000E+00  0.00000E+00    0.00000E+00 -0.22886E+03  0.00000E+00 -0.46097E+01 -0.86684E-01 -0.21561E+00
  0.18988E-01  0.22970E+03    0.16561E-01 -0.19000E-01  0.24392E-02  0.00000E+00  0.00000E+00  0.00000E+00    0.00000E+00 -0.22956E+03  0.00000E+00 -0.46147E+01 -0.73196E-01 -0.23473E+00
  0.19987E-01  0.23038E+03    0.17425E-01 -0.20000E-01  0.25752E-02  0.00000E+00  0.00000E+00  0.00000E+00    0.00000E+00 -0.23024E+03  0.00000E+00 -0.46215E+01 -0.59768E-01 -0.24805E+00
  0.20987E-01  0.23108E+03    0.18288E-01 -0.21000E-01  0.27120E-02  0.00000E+00  0.00000E+00  0.00000E+00    0.00000E+00 -0.23094E+03  0.00000E+00 -0.46206E+01 -0.35223E-01 -0.26506E+00
  0.21986E-01  0.23180E+03    0.19150E-01 -0.22000E-01  0.28496E-02  0.00000E+00  0.00000E+00  0.00000E+00    0.00000E+00 -0.23166E+03  0.00000E+00 -0.46193E+01 -0.82413E-02 -0.28141E+00
  0.22985E-01  0.23242E+03    0.20012E-01 -0.23000E-01  0.29880E-02  0.00000E+00  0.00000E+00  0.00000E+00    0.00000E+00 -0.23228E+03  0.00000E+00 -0.46227E+01  0.16478E-01 -0.29140E+00
  0.23985E-01  0.23315E+03    0.20873E-01 -0.24000E-01  0.31272E-02  0.00000E+00  0.00000E+00  0.00000E+00    0.00000E+00 -0.23301E+03  0.00000E+00 -0.46341E+01  0.28961E-01 -0.29299E+00
  0.24984E-01  0.23387E+03    0.21733E-01 -0.25000E-01  0.32671E-02  0.00000E+00  0.00000E+00  0.00000E+00    0.00000E+00 -0.23373E+03  0.00000E+00 -0.46298E+01  0.34979E-01 -0.29762E+00
  0.25984E-01  0.23459E+03    0.22592E-01 -0.26000E-01  0.34078E-02  0.00000E+00  0.00000E+00  0.00000E+00    0.00000E+00 -0.23445E+03  0.00000E+00 -0.46497E+01  0.15434E-01 -0.30456E+00
  0.26983E-01  0.23523E+03    0.23451E-01 -0.27000E-01  0.35492E-02  0.00000E+00  0.00000E+00  0.00000E+00    0.00000E+00 -0.23509E+03  0.00000E+00 -0.46545E+01  0.29477E-01 -0.30701E+00
  0.27982E-01  0.23581E+03    0.24309E-01 -0.28000E-01  0.36915E-02  0.00000E+00  0.00000E+00  0.00000E+00    0.00000E+00 -0.23568E+03  0.00000E+00 -0.46484E+01  0.46804E-01 -0.31556E+00
  0.28982E-01  0.23656E+03    0.25165E-01 -0.29000E-01  0.38346E-02  0.00000E+00  0.00000E+00  0.00000E+00    0.00000E+00 -0.23642E+03  0.00000E+00 -0.46596E+01  0.58185E-01 -0.31477E+00
  0.29981E-01  0.23722E+03    0.26021E-01 -0.30000E-01  0.39785E-02  0.00000E+00  0.00000E+00  0.00000E+00    0.00000E+00 -0.23708E+03  0.00000E+00 -0.46621E+01  0.70993E-01 -0.31764E+00
  0.30981E-01  0.23779E+03    0.26877E-01 -0.31000E-01  0.41233E-02  0.00000E+00  0.00000E+00  0.00000E+00    0.00000E+00 -0.23765E+03  0.00000E+00 -0.46520E+01  0.86601E-01 -0.32671E+00
  0.31980E-01  0.23844E+03    0.27731E-01 -0.32000E-01  0.42689E-02  0.00000E+00  0.00000E+00  0.00000E+00    0.00000E+00 -0.23830E+03  0.00000E+00 -0.46477E+01  0.10073E+00 -0.33196E+00
  0.32980E-01  0.23911E+03    0.28585E-01 -0.33000E-01  0.44153E-02  0.00000E+00  0.00000E+00  0.00000E+00    0.00000E+00 -0.23898E+03  0.00000E+00 -0.46413E+01  0.94051E-01 -0.33184E+00
  0.33979E-01  0.23977E+03    0.29437E-01 -0.34000E-01  0.45626E-02  0.00000E+00  0.00000E+00  0.00000E+00    0.00000E+00 -0.23964E+03  0.00000E+00 -0.46402E+01  0.11049E+00 -0.33344E+00
  0.34978E-01  0.24042E+03    0.30289E-01 -0.35000E-01  0.47107E-02  0.00000E+00  0.00000E+00  0.00000E+00    0.00000E+00 -0.24029E+03  0.00000E+00 -0.46345E+01  0.12165E+00 -0.33503E+00
  0.35978E-01  0.24107E+03    0.31140E-01 -0.36000E-01  0.48596E-02  0.00000E+00  0.00000E+00  0.00000E+00    0.00000E+00 -0.24094E+03  0.00000E+00 -0.46257E+01  0.12965E+00 -0.33498E+00
  0.36977E-01  0.24172E+03    0.31991E-01 -0.37000E-01  0.50093E-02  0.00000E+00  0.00000E+00  0.00000E+00    0.00000E+00 -0.24159E+03  0.00000E+00 -0.46239E+01  0.14982E+00 -0.33343E+00
  0.37977E-01  0.24260E+03    0.32840E-01 -0.38000E-01  0.51598E-02  0.00000E+00  0.00000E+00  0.00000E+00    0.00000E+00 -0.24247E+03  0.00000E+00 -0.46112E+01  0.13548E+00 -0.32924E+00
  0.38976E-01  0.24321E+03    0.33689E-01 -0.39000E-01  0.53111E-02  0.00000E+00  0.00000E+00  0.00000E+00    0.00000E+00 -0.24307E+03  0.00000E+00 -0.45894E+01  0.17709E+00 -0.32973E+00
  0.39976E-01  0.24385E+03    0.34537E-01 -0.40000E-01  0.54632E-02  0.00000E+00  0.00000E+00  0.00000E+00    0.00000E+00 -0.24372E+03  0.00000E+00 -0.45811E+01  0.18865E+00 -0.32283E+00
  0.40975E-01  0.24448E+03    0.35384E-01 -0.41000E-01  0.56162E-02  0.00000E+00  0.00000E+00  0.00000E+00    0.00000E+00 -0.24435E+03  0.00000E+00 -0.45734E+01  0.19995E+00 -0.31405E+00
  0.41975E-01  0.24517E+03    0.36230E-01 -0.42000E-01  0.57700E-02  0.00000E+00  0.00000E+00  0.00000E+00    0.00000E+00 -0.24504E+03  0.00000E+00 -0.45818E+01  0.22914E+00 -0.29616E+00
  0.42974E-01  0.24586E+03    0.37075E-01 -0.43000E-01  0.59246E-02  0.00000E+00  0.00000E+00  0.00000E+00    0.00000E+00 -0.24573E+03  0.00000E+00 -0.45627E+01  0.26669E+00 -0.28280E+00
  0.43974E-01  0.24656E+03    0.37920E-01 -0.44000E-01  0.60800E-02  0.00000E+00  0.00000E+00  0.00000E+00    0.00000E+00 -0.24644E+03  0.00000E+00 -0.45654E+01  0.24272E+00 -0.27216E+00
  0.44973E-01  0.24721E+03    0.38764E-01 -0.45000E-01  0.62363E-02  0.00000E+00  0.00000E+00  0.00000E+00    0.00000E+00 -0.24708E+03  0.00000E+00 -0.45587E+01  0.25266E+00 -0.25647E+00
  0.45973E-01  0.24787E+03    0.39607E-01 -0.46000E-01  0.63934E-02  0.00000E+00  0.00000E+00  0.00000E+00    0.00000E+00 -0.24774E+03  0.00000E+00 -0.45464E+01  0.26913E+00 -0.24268E+00
  0.46972E-01  0.24866E+03    0.40449E-01 -0.47000E-01  0.65513E-02  0.00000E+00  0.00000E+00  0.00000E+00    0.00000E+00 -0.24853E+03  0.00000E+00 -0.45429E+01  0.28106E+00 -0.22792E+00
  0.47972E-01  0.24928E+03    0.41290E-01 -0.48000E-01  0.67100E-02  0.00000E+00  0.00000E+00  0.00000E+00    0.00000E+00 -0.24915E+03  0.00000E+00 -0.45346E+01  0.29173E+00 -0.21243E+00
  0.48971E-01  0.24985E+03    0.42130E-01 -0.49000E-01  0.68695E-02  0.00000E+00  0.00000E+00  0.00000E+00    0.00000E+00 -0.24973E+03  0.00000E+00 -0.45163E+01  0.34253E+00 -0.19853E+00
  0.49971E-01  0.25064E+03    0.42970E-01 -0.50000E-01  0.70300E-02  0.00000E+00  0.00000E+00  0.00000E+00    0.00000E+00 -0.25052E+03  0.00000E+00 -0.45081E+01  0.35163E+00 -0.18373E+00
  0.50970E-01  0.25127E+03    0.43809E-01 -0.51000E-01  0.71913E-02  0.00000E+00  0.00000E+00  0.00000E+00    0.00000E+00 -0.25114E+03  0.00000E+00 -0.44988E+01  0.36230E+00 -0.16912E+00
  0.51970E-01  0.25194E+03    0.44647E-01 -0.52000E-01  0.73534E-02  0.00000E+00  0.00000E+00  0.00000E+00    0.00000E+00 -0.25182E+03  0.00000E+00 -0.45106E+01  0.40355E+00 -0.14860E+00
  0.52969E-01  0.25263E+03    0.45484E-01 -0.53000E-01  0.75164E-02  0.00000E+00  0.00000E+00  0.00000E+00    0.00000E+00 -0.25250E+03  0.00000E+00 -0.45028E+01  0.39355E+00 -0.13696E+00
  0.53969E-01  0.25330E+03    0.46320E-01 -0.54000E-01  0.76802E-02  0.00000E+00  0.00000E+00  0.00000E+00    0.00000E+00 -0.25318E+03  0.00000E+00 -0.44835E+01  0.42266E+00 -0.12528E+00
  0.54968E-01  0.25393E+03    0.47155E-01 -0.55000E-01  0.78449E-02  0.00000E+00  0.00000E+00  0.00000E+00    0.00000E+00 -0.25382E+03  0.00000E+00 -0.44745E+01  0.43279E+00 -0.11286E+00
  0.55968E-01  0.25457E+03    0.47989E-01 -0.56000E-01  0.80105E-02  0.00000E+00  0.00000E+00  0.00000E+00    0.00000E+00 -0.25445E+03  0.00000E+00 -0.44657E+01  0.44301E+00 -0.10190E+00
  0.56967E-01  0.25521E+03    0.48823E-01 -0.57000E-01  0.81770E-02  0.00000E+00  0.00000E+00  0.00000E+00    0.00000E+00 -0.25509E+03  0.00000E+00 -0.44550E+01  0.45825E+00 -0.93621E-01
  0.57967E-01  0.25587E+03    0.49656E-01 -0.58000E-01  0.83442E-02  0.00000E+00  0.00000E+00  0.00000E+00    0.00000E+00 -0.25576E+03  0.00000E+00 -0.44609E+01  0.48032E+00 -0.84354E-01
  0.58966E-01  0.25653E+03    0.50488E-01 -0.59000E-01  0.85124E-02  0.00000E+00  0.00000E+00  0.00000E+00    0.00000E+00 -0.25641E+03  0.00000E+00 -0.44496E+01  0.50418E+00 -0.79287E-01
  0.59966E-01  0.25715E+03    0.51319E-01 -0.60000E-01  0.86815E-02  0.00000E+00  0.00000E+00  0.00000E+00    0.00000E+00 -0.25704E+03  0.00000E+00 -0.44426E+01  0.51374E+00 -0.74249E-01
  0.60965E-01  0.25783E+03    0.52149E-01 -0.61000E-01  0.88514E-02  0.00000E+00  0.00000E+00  0.00000E+00    0.00000E+00 -0.25772E+03  0.00000E+00 -0.44008E+01  0.50630E+00 -0.53498E-01
  0.61965E-01  0.25844E+03    0.52978E-01 -0.62000E-01  0.90222E-02  0.00000E+00  0.00000E+00  0.00000E+00    0.00000E+00 -0.25833E+03  0.00000E+00 -0.43915E+01  0.50601E+00 -0.50467E-01
  0.62964E-01  0.25908E+03    0.53806E-01 -0.63000E-01  0.91938E-02  0.00000E+00  0.00000E+00  0.00000E+00    0.00000E+00 -0.25896E+03  0.00000E+00 -0.43763E+01  0.52144E+00 -0.48145E-01
  0.63964E-01  0.25972E+03    0.54634E-01 -0.64000E-01  0.93663E-02  0.00000E+00  0.00000E+00  0.00000E+00    0.00000E+00 -0.25961E+03  0.00000E+00 -0.43686E+01  0.54274E+00 -0.44257E-01
  0.64964E-01  0.26035E+03    0.55460E-01 -0.65000E-01  0.95397E-02  0.00000E+00  0.00000E+00  0.00000E+00    0.00000E+00 -0.26024E+03  0.00000E+00 -0.43575E+01  0.55332E+00 -0.42547E-01
  0.65963E-01  0.26103E+03    0.56286E-01 -0.66000E-01  0.97139E-02  0.00000E+00  0.00000E+00  0.00000E+00    0.00000E+00 -0.26092E+03  0.00000E+00 -0.43480E+01  0.53892E+00 -0.42855E-01
  0.66963E-01  0.26169E+03    0.57111E-01 -0.67000E-01  0.98890E-02  0.00000E+00  0.00000E+00  0.00000E+00    0.00000E+00 -0.26158E+03  0.00000E+00 -0.43320E+01  0.53338E+00 -0.39550E-01
  0.67962E-01  0.26232E+03    0.57935E-01 -0.68000E-01  0.10065E-01  0.00000E+00  0.00000E+00  0.00000E+00    0.00000E+00 -0.26222E+03  0.00000E+00 -0.43196E+01  0.54468E+00 -0.37731E-01
  0.68962E-01  0.26297E+03    0.58758E-01 -0.69000E-01  0.10242E-01  0.00000E+00  0.00000E+00  0.00000E+00    0.00000E+00 -0.26286E+03  0.00000E+00 -0.43094E+01  0.55125E+00 -0.36523E-01
  0.69962E-01  0.26360E+03    0.59581E-01 -0.70000E-01  0.10419E-01  0.00000E+00  0.00000E+00  0.00000E+00    0.00000E+00 -0.26349E+03  0.00000E+00 -0.42966E+01  0.56107E+00 -0.33735E-01
  0.70961E-01  0.26427E+03    0.60402E-01 -0.71000E-01  0.10598E-01  0.00000E+00  0.00000E+00  0.00000E+00    0.00000E+00 -0.26416E+03  0.00000E+00 -0.42750E+01  0.58966E+00 -0.33663E-01
  0.71961E-01  0.26500E+03    0.61223E-01 -0.72000E-01  0.10777E-01  0.00000E+00  0.00000E+00  0.00000E+00    0.00000E+00 -0.26489E+03  0.00000E+00 -0.42306E+01  0.57098E+00 -0.26228E-01
  0.72960E-01  0.26566E+03    0.62042E-01 -0.73000E-01  0.10958E-01  0.00000E+00  0.00000E+00  0.00000E+00    0.00000E+00 -0.26556E+03  0.00000E+00 -0.42095E+01  0.56596E+00 -0.24028E-01
  0.73960E-01  0.26632E+03    0.62861E-01 -0.74000E-01  0.11139E-01  0.00000E+00  0.00000E+00  0.00000E+00    0.00000E+00 -0.26621E+03  0.00000E+00 -0.41988E+01  0.57359E+00 -0.23451E-01
  0.74960E-01  0.26695E+03    0.63679E-01 -0.75000E-01  0.11321E-01  0.00000E+00  0.00000E+00  0.00000E+00    0.00000E+00 -0.26685E+03  0.00000E+00 -0.41863E+01  0.57942E+00 -0.22849E-01
  0.75959E-01  0.26760E+03    0.64496E-01 -0.76000E-01  0.11504E-01  0.00000E+00  0.00000E+00  0.00000E+00    0.00000E+00 -0.26750E+03  0.00000E+00 -0.41801E+01  0.57736E+00 -0.25341E-01
  0.76959E-01  0.26831E+03    0.65312E-01 -0.77000E-01  0.11688E-01  0.00000E+00  0.00000E+00  0.00000E+00    0.00000E+00 -0.26821E+03  0.00000E+00 -0.41882E+01  0.56229E+00 -0.28214E-01
  0.77958E-01  0.26895E+03    0.66127E-01 -0.78000E-01  0.11873E-01  0.00000E+00  0.00000E+00  0.00000E+00    0.00000E+00 -0.26885E+03  0.00000E+00 -0.41796E+01  0.56633E+00 -0.30269E-01
  0.78958E-01  0.26963E+03    0.66941E-01 -0.79000E-01  0.12059E-01  0.00000E+00  0.00000E+00  0.00000E+00    0.00000E+00 -0.26953E+03  0.00000E+00 -0.41703E+01  0.54706E+00 -0.35060E-01
  0.79958E-01  0.27028E+03    0.67754E-01 -0.80000E-01  0.12246E-01  0.00000E+00  0.00000E+00  0.00000E+00    0.00000E+00 -0.27018E+03  0.00000E+00 -0.41618E+01  0.54901E+00 -0.38086E-01
  0.80957E-01  0.27096E+03    0.68567E-01 -0.81000E-01  0.12433E-01  0.00000E+00  0.00000E+00  0.00000E+00    0.00000E+00 -0.27086E+03  0.00000E+00 -0.41341E+01  0.53358E+00 -0.38679E-01
  0.81957E-01  0.27169E+03    0.69378E-01 -0.82000E-01  0.12622E-01  0.00000E+00  0.00000E+00  0.00000E+00    0.00000E+00 -0.27160E+03  0.00000E+00 -0.41421E+01  0.52804E+00 -0.51691E-01
  0.82957E-01  0.27234E+03    0.70188E-01 -0.83000E-01  0.12812E-01  0.00000E+00  0.00000E+00  0.00000E+00    0.00000E+00 -0.27224E+03  0.00000E+00 -0.41348E+01  0.52959E+00 -0.57209E-01
  0.83956E-01  0.27300E+03    0.70998E-01 -0.84000E-01  0.13002E-01  0.00000E+00  0.00000E+00  0.00000E+00    0.00000E+00 -0.27291E+03  0.00000E+00 -0.41314E+01  0.54088E+00 -0.63862E-01
  0.84956E-01  0.27375E+03    0.71806E-01 -0.85000E-01  0.13194E-01  0.00000E+00  0.00000E+00  0.00000E+00    0.00000E+00 -0.27366E+03  0.00000E+00 -0.41406E+01  0.53679E+00 -0.73390E-01
  0.85956E-01  0.27440E+03    0.72614E-01 -0.86000E-01  0.13386E-01  0.00000E+00  0.00000E+00  0.00000E+00    0.00000E+00 -0.27431E+03  0.00000E+00 -0.41343E+01  0.53795E+00 -0.81282E-01
  0.86955E-01  0.27505E+03    0.73421E-01 -0.87000E-01  0.13579E-01  0.00000E+00  0.00000E+00  0.00000E+00    0.00000E+00 -0.27496E+03  0.00000E+00 -0.41272E+01  0.53896E+00 -0.90383E-01
  0.87955E-01  0.27571E+03    0.74227E-01 -0.88000E-01  0.13773E-01  0.00000E+00  0.00000E+00  0.00000E+00    0.00000E+00 -0.27561E+03  0.00000E+00 -0.41204E+01  0.54008E+00 -0.10000E+00
  0.88955E-01  0.27636E+03    0.75032E-01 -0.89000E-01  0.13968E-01  0.00000E+00  0.00000E+00  0.00000E+00    0.00000E+00 -0.27627E+03  0.00000E+00 -0.41138E+01  0.54122E+00 -0.10998E+00
  0.89954E-01  0.27702E+03    0.75836E-01 -0.90000E-01  0.14164E-01  0.00000E+00  0.00000E+00  0.00000E+00    0.00000E+00 -0.27692E+03  0.00000E+00 -0.41074E+01  0.54234E+00 -0.12019E+00
  0.90954E-01  0.27767E+03    0.76639E-01 -0.91000E-01  0.14361E-01  0.00000E+00  0.00000E+00  0.00000E+00    0.00000E+00 -0.27758E+03  0.00000E+00 -0.41011E+01  0.54329E+00 -0.13027E+00
  0.91954E-01  0.27838E+03    0.77441E-01 -0.92000E-01  0.14559E-01  0.00000E+00  0.00000E+00  0.00000E+00    0.00000E+00 -0.27829E+03  0.00000E+00 -0.40913E+01  0.51846E+00 -0.13902E+00
  0.92953E-01  0.27903E+03    0.78243E-01 -0.93000E-01  0.14757E-01  0.00000E+00  0.00000E+00  0.00000E+00    0.00000E+00 -0.27894E+03  0.00000E+00 -0.40853E+01  0.51905E+00 -0.14623E+00
  0.93953E-01  0.27969E+03    0.79043E-01 -0.94000E-01  0.14957E-01  0.00000E+00  0.00000E+00  0.00000E+00    0.00000E+00 -0.27960E+03  0.00000E+00 -0.40764E+01  0.52545E+00 -0.14944E+00
  0.94953E-01  0.28032E+03    0.79843E-01 -0.95000E-01  0.15157E-01  0.00000E+00  0.00000E+00  0.00000E+00    0.00000E+00 -0.28023E+03  0.00000E+00 -0.40668E+01  0.52222E+00 -0.16114E+00
  0.95952E-01  0.28101E+03    0.80642E-01 -0.96000E-01  0.15358E-01  0.00000E+00  0.00000E+00  0.00000E+00    0.00000E+00 -0.28092E+03  0.00000E+00 -0.40578E+01  0.52493E+00 -0.17832E+00
  0.96952E-01  0.28160E+03    0.81439E-01 -0.97000E-01  0.15561E-01  0.00000E+00  0.00000E+00  0.00000E+00    0.00000E+00 -0.28151E+03  0.00000E+00 -0.41004E+01  0.54477E+00 -0.17426E+00
  0.97952E-01  0.28226E+03    0.82237E-01 -0.98000E-01  0.15763E-01  0.00000E+00  0.00000E+00  0.00000E+00    0.00000E+00 -0.28217E+03  0.00000E+00 -0.40542E+01  0.54613E+00 -0.22170E+00
  0.98951E-01  0.28297E+03    0.83033E-01 -0.99000E-01  0.15967E-01  0.00000E+00  0.00000E+00  0.00000E+00    0.00000E+00 -0.28288E+03  0.00000E+00 -0.40426E+01  0.54936E+00 -0.24351E+00
  0.99951E-01  0.28371E+03    0.83828E-01 -0.10000E+00  0.16172E-01  0.00000E+00  0.00000E+00  0.00000E+00    0.00000E+00 -0.28362E+03  0.00000E+00 -0.40354E+01  0.57367E+00 -0.25528E+00
  0.10095E+00  0.28439E+03    0.84622E-01 -0.10100E+00  0.16378E-01  0.00000E+00  0.00000E+00  0.00000E+00    0.00000E+00 -0.28430E+03  0.00000E+00 -0.40277E+01  0.57675E+00 -0.26594E+00
  0.10195E+00  0.28506E+03    0.85416E-01 -0.10200E+00  0.16584E-01  0.00000E+00  0.00000E+00  0.00000E+00    0.00000E+00 -0.28498E+03  0.00000E+00 -0.40203E+01  0.57930E+00 -0.27496E+00
  0.10295E+00  0.28578E+03    0.86208E-01 -0.10300E+00  0.16792E-01  0.00000E+00  0.00000E+00  0.00000E+00    0.00000E+00 -0.28569E+03  0.00000E+00 -0.40197E+01  0.60215E+00 -0.28292E+00
  0.10395E+00  0.28646E+03    0.86999E-01 -0.10400E+00  0.17001E-01  0.00000E+00  0.00000E+00  0.00000E+00    0.00000E+00 -0.28637E+03  0.00000E+00 -0.40139E+01  0.60798E+00 -0.29164E+00
  0.10495E+00  0.28717E+03    0.87790E-01 -0.10500E+00  0.17210E-01  0.00000E+00  0.00000E+00  0.00000E+00    0.00000E+00 -0.28709E+03  0.00000E+00 -0.40019E+01  0.61466E+00 -0.29820E+00
  0.10595E+00  0.28785E+03    0.88579E-01 -0.10600E+00  0.17421E-01  0.00000E+00  0.00000E+00  0.00000E+00    0.00000E+00 -0.28777E+03  0.00000E+00 -0.39962E+01  0.62091E+00 -0.30714E+00
  0.10695E+00  0.28848E+03    0.89368E-01 -0.10700E+00  0.17632E-01  0.00000E+00  0.00000E+00  0.00000E+00    0.00000E+00 -0.28839E+03  0.00000E+00 -0.40126E+01  0.63812E+00 -0.30621E+00
  0.10795E+00  0.28920E+03    0.90156E-01 -0.10800E+00  0.17844E-01  0.00000E+00  0.00000E+00  0.00000E+00    0.00000E+00 -0.28911E+03  0.00000E+00 -0.39793E+01  0.63337E+00 -0.32471E+00
  0.10895E+00  0.28991E+03    0.90943E-01 -0.10900E+00  0.18057E-01  0.00000E+00  0.00000E+00  0.00000E+00    0.00000E+00 -0.28982E+03  0.00000E+00 -0.39740E+01  0.64197E+00 -0.33366E+00
  0.10995E+00  0.29062E+03    0.91728E-01 -0.11000E+00  0.18272E-01  0.00000E+00  0.00000E+00  0.00000E+00    0.00000E+00 -0.29053E+03  0.00000E+00 -0.39775E+01  0.63613E+00 -0.34602E+00
  0.11095E+00  0.29123E+03    0.92513E-01 -0.11100E+00  0.18487E-01  0.00000E+00  0.00000E+00  0.00000E+00    0.00000E+00 -0.29115E+03  0.00000E+00 -0.39917E+01  0.65530E+00 -0.34642E+00
  0.11195E+00  0.29197E+03    0.93298E-01 -0.11200E+00  0.18702E-01  0.00000E+00  0.00000E+00  0.00000E+00    0.00000E+00 -0.29188E+03  0.00000E+00 -0.39583E+01  0.65277E+00 -0.36143E+00
  0.11295E+00  0.29274E+03    0.94081E-01 -0.11300E+00  0.18919E-01  0.00000E+00  0.00000E+00  0.00000E+00    0.00000E+00 -0.29265E+03  0.00000E+00 -0.39406E+01  0.64720E+00 -0.36881E+00
  0.11395E+00  0.29348E+03    0.94863E-01 -0.11400E+00  0.19137E-01  0.00000E+00  0.00000E+00  0.00000E+00    0.00000E+00 -0.29340E+03  0.00000E+00 -0.39161E+01  0.62499E+00 -0.37128E+00
  0.11495E+00  0.29426E+03    0.95644E-01 -0.11500E+00  0.19356E-01  0.00000E+00  0.00000E+00  0.00000E+00    0.00000E+00 -0.29418E+03  0.00000E+00 -0.38988E+01  0.65317E+00 -0.37411E+00
  0.11595E+00  0.29489E+03    0.96423E-01 -0.11600E+00  0.19577E-01  0.00000E+00  0.00000E+00  0.00000E+00    0.00000E+00 -0.29481E+03  0.00000E+00 -0.39218E+01  0.66480E+00 -0.37577E+00
  0.11695E+00  0.29566E+03    0.97203E-01 -0.11700E+00  0.19797E-01  0.00000E+00  0.00000E+00  0.00000E+00    0.00000E+00 -0.29558E+03  0.00000E+00 -0.38850E+01  0.66347E+00 -0.38680E+00
  0.11795E+00  0.29642E+03    0.97981E-01 -0.11800E+00  0.20019E-01  0.00000E+00  0.00000E+00  0.00000E+00    0.00000E+00 -0.29634E+03  0.00000E+00 -0.38948E+01  0.65778E+00 -0.39364E+00
  0.11895E+00  0.29705E+03    0.98758E-01 -0.11900E+00  0.20242E-01  0.00000E+00  0.00000E+00  0.00000E+00    0.00000E+00 -0.29697E+03  0.00000E+00 -0.39048E+01  0.67561E+00 -0.39508E+00
  0.11995E+00  0.29781E+03    0.99534E-01 -0.12000E+00  0.20466E-01  0.00000E+00  0.00000E+00  0.00000E+00    0.00000E+00 -0.29773E+03  0.00000E+00 -0.38747E+01  0.67378E+00 -0.40504E+00
  0.12094E+00  0.29847E+03    0.10031E+00 -0.12100E+00  0.20691E-01  0.00000E+00  0.00000E+00  0.00000E+00    0.00000E+00 -0.29839E+03  0.00000E+00 -0.38870E+01  0.69183E+00 -0.40704E+00
  0.12194E+00  0.29923E+03    0.10108E+00 -0.12200E+00  0.20916E-01  0.00000E+00  0.00000E+00  0.00000E+00    0.00000E+00 -0.29916E+03  0.00000E+00 -0.38552E+01  0.68995E+00 -0.41589E+00
  0.12294E+00  0.30007E+03    0.10186E+00 -0.12300E+00  0.21143E-01  0.00000E+00  0.00000E+00  0.00000E+00    0.00000E+00 -0.29999E+03  0.00000E+00 -0.38534E+01  0.69969E+00 -0.42144E+00
  0.12394E+00  0.30078E+03    0.10263E+00 -0.12400E+00  0.21371E-01  0.00000E+00  0.00000E+00  0.00000E+00    0.00000E+00 -0.30071E+03  0.00000E+00 -0.38405E+01  0.70569E+00 -0.42840E+00
  0.12494E+00  0.30146E+03    0.10340E+00 -0.12500E+00  0.21600E-01  0.00000E+00  0.00000E+00  0.00000E+00    0.00000E+00 -0.30138E+03  0.00000E+00 -0.38206E+01  0.68503E+00 -0.43669E+00
  0.12594E+00  0.30209E+03    0.10417E+00 -0.12600E+00  0.21830E-01  0.00000E+00  0.00000E+00  0.00000E+00    0.00000E+00 -0.30202E+03  0.00000E+00 -0.38262E+01  0.69894E+00 -0.44021E+00
  0.12694E+00  0.30289E+03    0.10494E+00 -0.12700E+00  0.22060E-01  0.00000E+00  0.00000E+00  0.00000E+00    0.00000E+00 -0.30281E+03  0.00000E+00 -0.37953E+01  0.69389E+00 -0.44995E+00
  0.12794E+00  0.30354E+03    0.10571E+00 -0.12800E+00  0.22292E-01  0.00000E+00  0.00000E+00  0.00000E+00    0.00000E+00 -0.30346E+03  0.00000E+00 -0.38043E+01  0.70798E+00 -0.45378E+00
  0.12894E+00  0.30434E+03    0.10648E+00 -0.12900E+00  0.22524E-01  0.00000E+00  0.00000E+00  0.00000E+00    0.00000E+00 -0.30426E+03  0.00000E+00 -0.37749E+01  0.70264E+00 -0.46488E+00
  0.12994E+00  0.30514E+03    0.10724E+00 -0.13000E+00  0.22758E-01  0.00000E+00  0.00000E+00  0.00000E+00    0.00000E+00 -0.30506E+03  0.00000E+00 -0.37574E+01  0.70539E+00 -0.47019E+00
  0.13094E+00  0.30579E+03    0.10801E+00 -0.13100E+00  0.22993E-01  0.00000E+00  0.00000E+00  0.00000E+00    0.00000E+00 -0.30572E+03  0.00000E+00 -0.37925E+01  0.68149E+00 -0.47993E+00
  0.13194E+00  0.30666E+03    0.10877E+00 -0.13200E+00  0.23229E-01  0.00000E+00  0.00000E+00  0.00000E+00    0.00000E+00 -0.30659E+03  0.00000E+00 -0.37635E+01  0.68230E+00 -0.49182E+00
  0.13294E+00  0.30731E+03    0.10953E+00 -0.13300E+00  0.23466E-01  0.00000E+00  0.00000E+00  0.00000E+00    0.00000E+00 -0.30724E+03  0.00000E+00 -0.37769E+01  0.69418E+00 -0.49643E+00
  0.13394E+00  0.30817E+03    0.11030E+00 -0.13400E+00  0.23703E-01  0.00000E+00  0.00000E+00  0.00000E+00    0.00000E+00 -0.30810E+03  0.00000E+00 -0.37661E+01  0.68299E+00 -0.51078E+00
  0.13494E+00  0.30883E+03    0.11106E+00 -0.13500E+00  0.23942E-01  0.00000E+00  0.00000E+00  0.00000E+00    0.00000E+00 -0.30876E+03  0.00000E+00 -0.37926E+01  0.69766E+00 -0.51541E+00
  0.13594E+00  0.30972E+03    0.11182E+00 -0.13600E+00  0.24182E-01  0.00000E+00  0.00000E+00  0.00000E+00    0.00000E+00 -0.30964E+03  0.00000E+00 -0.37508E+01  0.69332E+00 -0.53025E+00
  0.13694E+00  0.31036E+03    0.11258E+00 -0.13700E+00  0.24423E-01  0.00000E+00  0.00000E+00  0.00000E+00    0.00000E+00 -0.31029E+03  0.00000E+00 -0.37655E+01  0.70209E+00 -0.53510E+00
  0.13794E+00  0.31120E+03    0.11333E+00 -0.13800E+00  0.24665E-01  0.00000E+00  0.00000E+00  0.00000E+00    0.00000E+00 -0.31113E+03  0.00000E+00 -0.37391E+01  0.69219E+00 -0.54797E+00
  0.13894E+00  0.31185E+03    0.11409E+00 -0.13900E+00  0.24909E-01  0.00000E+00  0.00000E+00  0.00000E+00    0.00000E+00 -0.31178E+03  0.00000E+00 -0.37554E+01  0.70020E+00 -0.55290E+00
  0.13994E+00  0.31270E+03    0.11485E+00 -0.14000E+00  0.25153E-01  0.00000E+00  0.00000E+00  0.00000E+00    0.00000E+00 -0.31263E+03  0.00000E+00 -0.37298E+01  0.69064E+00 -0.56589E+00
  0.14094E+00  0.31334E+03    0.11560E+00 -0.14100E+00  0.25398E-01  0.00000E+00  0.00000E+00  0.00000E+00    0.00000E+00 -0.31327E+03  0.00000E+00 -0.37458E+01  0.69840E+00 -0.57098E+00
  0.14194E+00  0.31420E+03    0.11636E+00 -0.14200E+00  0.25644E-01  0.00000E+00  0.00000E+00  0.00000E+00    0.00000E+00 -0.31413E+03  0.00000E+00 -0.37200E+01  0.68871E+00 -0.58414E+00
  0.14294E+00  0.31485E+03    0.11711E+00 -0.14300E+00  0.25892E-01  0.00000E+00  0.00000E+00  0.00000E+00    0.00000E+00 -0.31478E+03  0.00000E+00 -0.37354E+01  0.69667E+00 -0.58834E+00
  0.14394E+00  0.31573E+03    0.11786E+00 -0.14400E+00  0.26140E-01  0.00000E+00  0.00000E+00  0.00000E+00    0.00000E+00 -0.31566E+03  0.00000E+00 -0.37136E+01  0.68457E+00 -0.60140E+00
  0.14494E+00  0.31637E+03    0.11861E+00 -0.14500E+00  0.26389E-01  0.00000E+00  0.00000E+00  0.00000E+00    0.00000E+00 -0.31630E+03  0.00000E+00 -0.37308E+01  0.69235E+00 -0.60564E+00
  0.14594E+00  0.31728E+03    0.11936E+00 -0.14600E+00  0.26639E-01  0.00000E+00  0.00000E+00  0.00000E+00    0.00000E+00 -0.31721E+03  0.00000E+00 -0.37180E+01  0.68587E+00 -0.61522E+00
  0.14694E+00  0.31795E+03    0.12011E+00 -0.14700E+00  0.26891E-01  0.00000E+00  0.00000E+00  0.00000E+00    0.00000E+00 -0.31788E+03  0.00000E+00 -0.37111E+01  0.67102E+00 -0.61942E+00
  0.14794E+00  0.31885E+03    0.12086E+00 -0.14800E+00  0.27143E-01  0.00000E+00  0.00000E+00  0.00000E+00    0.00000E+00 -0.31878E+03  0.00000E+00 -0.36929E+01  0.66163E+00 -0.63040E+00
  0.14894E+00  0.31949E+03    0.12160E+00 -0.14900E+00  0.27397E-01  0.00000E+00  0.00000E+00  0.00000E+00    0.00000E+00 -0.31942E+03  0.00000E+00 -0.37103E+01  0.66692E+00 -0.63453E+00
  0.14994E+00  0.32039E+03    0.12235E+00 -0.15000E+00  0.27651E-01  0.00000E+00  0.00000E+00  0.00000E+00    0.00000E+00 -0.32032E+03  0.00000E+00 -0.36867E+01  0.65585E+00 -0.64658E+00
  0.15094E+00  0.32103E+03    0.12309E+00 -0.15100E+00  0.27907E-01  0.00000E+00  0.00000E+00  0.00000E+00    0.00000E+00 -0.32096E+03  0.00000E+00 -0.37049E+01  0.66102E+00 -0.65087E+00
  0.15194E+00  0.32195E+03    0.12384E+00 -0.15200E+00  0.28163E-01  0.00000E+00  0.00000E+00  0.00000E+00    0.00000E+00 -0.32189E+03  0.00000E+00 -0.36844E+01  0.64720E+00 -0.66283E+00
  0.15294E+00  0.32259E+03    0.12458E+00 -0.15300E+00  0.28421E-01  0.00000E+00  0.00000E+00  0.00000E+00    0.00000E+00 -0.32252E+03  0.00000E+00 -0.37011E+01  0.65247E+00 -0.66652E+00
  0.15394E+00  0.32362E+03    0.12532E+00 -0.15400E+00  0.28680E-01  0.00000E+00  0.00000E+00  0.00000E+00    0.00000E+00 -0.32355E+03  0.00000E+00 -0.36848E+01  0.64443E+00 -0.67656E+00
  0.15494E+00  0.32416E+03    0.12606E+00 -0.15500E+00  0.28939E-01  0.00000E+00  0.00000E+00  0.00000E+00    0.00000E+00 -0.32409E+03  0.00000E+00 -0.36923E+01  0.64681E+00 -0.68112E+00
  0.15594E+00  0.32508E+03    0.12680E+00 -0.15600E+00  0.29200E-01  0.00000E+00  0.00000E+00  0.00000E+00    0.00000E+00 -0.32502E+03  0.00000E+00 -0.36677E+01  0.63545E+00 -0.69148E+00
  0.15694E+00  0.32571E+03    0.12754E+00 -0.15700E+00  0.29462E-01  0.00000E+00  0.00000E+00  0.00000E+00    0.00000E+00 -0.32565E+03  0.00000E+00 -0.36819E+01  0.64026E+00 -0.69515E+00
  0.15794E+00  0.32669E+03    0.12828E+00 -0.15800E+00  0.29724E-01  0.00000E+00  0.00000E+00  0.00000E+00    0.00000E+00 -0.32663E+03  0.00000E+00 -0.36472E+01  0.62475E+00 -0.70490E+00
  0.15894E+00  0.32732E+03    0.12901E+00 -0.15900E+00  0.29988E-01  0.00000E+00  0.00000E+00  0.00000E+00    0.00000E+00 -0.32725E+03  0.00000E+00 -0.36566E+01  0.62988E+00 -0.70873E+00
  0.15994E+00  0.32834E+03    0.12975E+00 -0.16000E+00  0.30253E-01  0.00000E+00  0.00000E+00  0.00000E+00    0.00000E+00 -0.32828E+03  0.00000E+00 -0.36549E+01  0.60432E+00 -0.72003E+00
  0.16094E+00  0.32896E+03    0.13048E+00 -0.16100E+00  0.30519E-01  0.00000E+00  0.00000E+00  0.00000E+00    0.00000E+00 -0.32890E+03  0.00000E+00 -0.36644E+01  0.60845E+00 -0.72454E+00
  0.16194E+00  0.32976E+03    0.13121E+00 -0.16200E+00  0.30786E-01  0.00000E+00  0.00000E+00  0.00000E+00    0.00000E+00 -0.32970E+03  0.00000E+00 -0.36557E+01  0.60542E+00 -0.73298E+00
  0.16294E+00  0.33073E+03    0.13195E+00 -0.16300E+00  0.31054E-01  0.00000E+00  0.00000E+00  0.00000E+00    0.00000E+00 -0.33067E+03  0.00000E+00 -0.36281E+01  0.59277E+00 -0.74588E+00
  0.16394E+00  0.33135E+03    0.13268E+00 -0.16400E+00  0.31323E-01  0.00000E+00  0.00000E+00  0.00000E+00    0.00000E+00 -0.33129E+03  0.00000E+00 -0.36356E+01  0.59634E+00 -0.75168E+00
  0.16494E+00  0.33217E+03    0.13341E+00 -0.16500E+00  0.31593E-01  0.00000E+00  0.00000E+00  0.00000E+00    0.00000E+00 -0.33211E+03  0.00000E+00 -0.36298E+01  0.59420E+00 -0.76042E+00
  0.16593E+00  0.33316E+03    0.13414E+00 -0.16600E+00  0.31864E-01  0.00000E+00  0.00000E+00  0.00000E+00    0.00000E+00 -0.33309E+03  0.00000E+00 -0.36018E+01  0.58217E+00 -0.77384E+00
  0.16693E+00  0.33378E+03    0.13486E+00 -0.16700E+00  0.32137E-01  0.00000E+00  0.00000E+00  0.00000E+00    0.00000E+00 -0.33371E+03  0.00000E+00 -0.36101E+01  0.58616E+00 -0.78012E+00
  0.16793E+00  0.33459E+03    0.13559E+00 -0.16800E+00  0.32410E-01  0.00000E+00  0.00000E+00  0.00000E+00    0.00000E+00 -0.33453E+03  0.00000E+00 -0.36017E+01  0.58299E+00 -0.79090E+00
  0.16893E+00  0.33559E+03    0.13632E+00 -0.16900E+00  0.32684E-01  0.00000E+00  0.00000E+00  0.00000E+00    0.00000E+00 -0.33552E+03  0.00000E+00 -0.35761E+01  0.57144E+00 -0.80636E+00
  0.16993E+00  0.33620E+03    0.13704E+00 -0.17000E+00  0.32960E-01  0.00000E+00  0.00000E+00  0.00000E+00    0.00000E+00 -0.33614E+03  0.00000E+00 -0.35849E+01  0.57498E+00 -0.81382E+00
  0.17093E+00  0.33702E+03    0.13776E+00 -0.17100E+00  0.33236E-01  0.00000E+00  0.00000E+00  0.00000E+00    0.00000E+00 -0.33696E+03  0.00000E+00 -0.35772E+01  0.57206E+00 -0.82598E+00
  0.17193E+00  0.33799E+03    0.13849E+00 -0.17200E+00  0.33513E-01  0.00000E+00  0.00000E+00  0.00000E+00    0.00000E+00 -0.33793E+03  0.00000E+00 -0.35685E+01  0.56886E+00 -0.83864E+00
  0.17293E+00  0.33881E+03    0.13921E+00 -0.17300E+00  0.33791E-01  0.00000E+00  0.00000E+00  0.00000E+00    0.00000E+00 -0.33875E+03  0.00000E+00 -0.35613E+01  0.56533E+00 -0.85237E+00
  0.17393E+00  0.33947E+03    0.13993E+00 -0.17400E+00  0.34070E-01  0.00000E+00  0.00000E+00  0.00000E+00    0.00000E+00 -0.33941E+03  0.00000E+00 -0.35542E+01  0.56140E+00 -0.86734E+00
  0.17493E+00  0.34044E+03    0.14065E+00 -0.17500E+00  0.34350E-01  0.00000E+00  0.00000E+00  0.00000E+00    0.00000E+00 -0.34038E+03  0.00000E+00 -0.35442E+01  0.55758E+00 -0.88072E+00
  0.17593E+00  0.34127E+03    0.14137E+00 -0.17600E+00  0.34632E-01  0.00000E+00  0.00000E+00  0.00000E+00    0.00000E+00 -0.34121E+03  0.00000E+00 -0.35356E+01  0.55360E+00 -0.89459E+00
  0.17693E+00  0.34194E+03    0.14209E+00 -0.17700E+00  0.34914E-01  0.00000E+00  0.00000E+00  0.00000E+00    0.00000E+00 -0.34188E+03  0.00000E+00 -0.35258E+01  0.55024E+00 -0.90905E+00
  0.17793E+00  0.34291E+03    0.14280E+00 -0.17800E+00  0.35197E-01  0.00000E+00  0.00000E+00  0.00000E+00    0.00000E+00 -0.34285E+03  0.00000E+00 -0.35157E+01  0.54746E+00 -0.92343E+00
  0.17893E+00  0.34358E+03    0.14352E+00 -0.17900E+00  0.35482E-01  0.00000E+00  0.00000E+00  0.00000E+00    0.00000E+00 -0.34353E+03  0.00000E+00 -0.35058E+01  0.54520E+00 -0.93906E+00
  0.17993E+00  0.34458E+03    0.14423E+00 -0.18000E+00  0.35767E-01  0.00000E+00  0.00000E+00  0.00000E+00    0.00000E+00 -0.34452E+03  0.00000E+00 -0.34853E+01  0.53827E+00 -0.95421E+00
  0.18093E+00  0.34542E+03    0.14495E+00 -0.18100E+00  0.36054E-01  0.00000E+00  0.00000E+00  0.00000E+00    0.00000E+00 -0.34537E+03  0.00000E+00 -0.34757E+01  0.53472E+00 -0.96913E+00
  0.18193E+00  0.34610E+03    0.14566E+00 -0.18200E+00  0.36341E-01  0.00000E+00  0.00000E+00  0.00000E+00    0.00000E+00 -0.34604E+03  0.00000E+00 -0.34643E+01  0.53184E+00 -0.98451E+00
  0.18293E+00  0.34707E+03    0.14637E+00 -0.18300E+00  0.36630E-01  0.00000E+00  0.00000E+00  0.00000E+00    0.00000E+00 -0.34702E+03  0.00000E+00 -0.34532E+01  0.52871E+00 -0.99891E+00
  0.18393E+00  0.34776E+03    0.14708E+00 -0.18400E+00  0.36919E-01  0.00000E+00  0.00000E+00  0.00000E+00    0.00000E+00 -0.34770E+03  0.00000E+00 -0.34436E+01  0.52543E+00 -0.10139E+01
  0.18493E+00  0.34878E+03    0.14779E+00 -0.18500E+00  0.37210E-01  0.00000E+00  0.00000E+00  0.00000E+00    0.00000E+00 -0.34872E+03  0.00000E+00 -0.34169E+01  0.52612E+00 -0.10267E+01
  0.18593E+00  0.34948E+03    0.14850E+00 -0.18600E+00  0.37502E-01  0.00000E+00  0.00000E+00  0.00000E+00    0.00000E+00 -0.34942E+03  0.00000E+00 -0.34105E+01  0.52274E+00 -0.10403E+01
  0.18693E+00  0.35046E+03    0.14921E+00 -0.18700E+00  0.37795E-01  0.00000E+00  0.00000E+00  0.00000E+00    0.00000E+00 -0.35041E+03  0.00000E+00 -0.34014E+01  0.51886E+00 -0.10532E+01
  0.18793E+00  0.35116E+03    0.14991E+00 -0.18800E+00  0.38089E-01  0.00000E+00  0.00000E+00  0.00000E+00    0.00000E+00 -0.35110E+03  0.00000E+00 -0.33937E+01  0.51520E+00 -0.10661E+01
  0.18893E+00  0.35199E+03    0.15062E+00 -0.18900E+00  0.38384E-01  0.00000E+00  0.00000E+00  0.00000E+00    0.00000E+00 -0.35194E+03  0.00000E+00 -0.33849E+01  0.51074E+00 -0.10785E+01
  0.18993E+00  0.35298E+03    0.15132E+00 -0.19000E+00  0.38680E-01  0.00000E+00  0.00000E+00  0.00000E+00    0.00000E+00 -0.35293E+03  0.00000E+00 -0.33763E+01  0.50629E+00 -0.10894E+01
  0.19093E+00  0.35368E+03    0.15202E+00 -0.19100E+00  0.38977E-01  0.00000E+00  0.00000E+00  0.00000E+00    0.00000E+00 -0.35363E+03  0.00000E+00 -0.33690E+01  0.50209E+00 -0.10997E+01
  0.19193E+00  0.35452E+03    0.15272E+00 -0.19200E+00  0.39275E-01  0.00000E+00  0.00000E+00  0.00000E+00    0.00000E+00 -0.35446E+03  0.00000E+00 -0.33601E+01  0.49780E+00 -0.11097E+01
  0.19293E+00  0.35536E+03    0.15343E+00 -0.19300E+00  0.39574E-01  0.00000E+00  0.00000E+00  0.00000E+00    0.00000E+00 -0.35531E+03  0.00000E+00 -0.33558E+01  0.49483E+00 -0.11192E+01
  0.19393E+00  0.35620E+03    0.15413E+00 -0.19400E+00  0.39875E-01  0.00000E+00  0.00000E+00  0.00000E+00    0.00000E+00 -0.35615E+03  0.00000E+00 -0.33508E+01  0.49208E+00 -0.11285E+01
  0.19493E+00  0.35721E+03    0.15482E+00 -0.19500E+00  0.40176E-01  0.00000E+00  0.00000E+00  0.00000E+00    0.00000E+00 -0.35716E+03  0.00000E+00 -0.33483E+01  0.48198E+00 -0.11384E+01
  0.19593E+00  0.35792E+03    0.15552E+00 -0.19600E+00  0.40479E-01  0.00000E+00  0.00000E+00  0.00000E+00    0.00000E+00 -0.35786E+03  0.00000E+00 -0.33457E+01  0.47910E+00 -0.11460E+01
  0.19693E+00  0.35875E+03    0.15622E+00 -0.19700E+00  0.40782E-01  0.00000E+00  0.00000E+00  0.00000E+00    0.00000E+00 -0.35870E+03  0.00000E+00 -0.33411E+01  0.47657E+00 -0.11531E+01
  0.19793E+00  0.35960E+03    0.15691E+00 -0.19800E+00  0.41087E-01  0.00000E+00  0.00000E+00  0.00000E+00    0.00000E+00 -0.35955E+03  0.00000E+00 -0.33368E+01  0.47401E+00 -0.11595E+01
  0.19893E+00  0.36045E+03    0.15761E+00 -0.19900E+00  0.41392E-01  0.00000E+00  0.00000E+00  0.00000E+00    0.00000E+00 -0.36039E+03  0.00000E+00 -0.33322E+01  0.47101E+00 -0.11658E+01
  0.19993E+00  0.36129E+03    0.15830E+00 -0.20000E+00  0.41699E-01  0.00000E+00  0.00000E+00  0.00000E+00    0.00000E+00 -0.36124E+03  0.00000E+00 -0.33276E+01  0.46776E+00 -0.11718E+01
