TEXTURE AT STRAIN =    0.2000
   1.043   1.171   0.819  <-- length of phase ellipsoid axes
  180.00   90.00   90.00  <-- Euler angles (deg) of phase ellipsoid axes
B       658
 -176.25   56.35  -35.90   0.0009760
  117.39  140.02   21.91   0.0016246
  -27.30  138.42 -115.77   0.0020601
  147.90   84.38  101.35   0.0002159
   66.22  160.47  -92.13   0.0042422
  105.28   33.90 -126.48   0.0030660
  166.25   40.69   84.39   0.0008670
   14.72   54.75  -99.01   0.0044203
  113.54  158.38 -154.75   0.0053975
  -13.86   63.53   66.10   0.0002994
 -134.07   52.63 -105.76   0.0010531
   35.93  127.71  -23.98   0.0010741
    1.33  152.83  -83.11   0.0048795
 -125.13  142.59 -125.22   0.0014521
  -50.97  150.23  102.91   0.0060345
 -157.58   38.70 -125.89   0.0066667
  116.47  144.30  -49.34   0.0040142
  119.78  139.69  179.36   0.0039829
   46.80   35.89  -82.22   0.0022614
   18.25   61.66  152.27   0.0003665
   95.81   32.95   55.40   0.0055296
   -5.25   97.14 -135.25   0.0000803
  -33.89  131.14    1.43   0.0006597
  -40.57  132.37   79.19   0.0043332
  -72.92  147.17  142.60   0.0038070
  111.70  139.89  111.57   0.0024662
   22.87   53.90   54.58   0.0002910
  -19.79   84.53  130.12   0.0000198
  -41.88   74.16   95.58   0.0001102
  144.42   40.23   21.14   0.0066667
  -15.29  139.50   83.58   0.0066667
 -106.06  142.96 -114.49   0.0010555
 -154.18   43.34  -66.25   0.0046699
 -142.49   92.64   39.18   0.0003561
   -6.91  131.44 -149.39   0.0014618
 -100.55  159.04   40.82   0.0042726
  -18.48   46.17  176.34   0.0066667
   -2.78   66.57   27.05   0.0000483
   28.21   54.58 -149.56   0.0002364
 -168.40  143.32   -9.99   0.0066667
    4.29   36.78  -28.12   0.0066667
   26.77   96.42   85.96   0.0002099
 -100.22  133.18 -128.47   0.0035919
 -147.84   79.62   83.49   0.0002950
  130.76   34.47   24.68   0.0045655
  123.93   41.60  -19.47   0.0008917
  -76.36   96.78  153.37   0.0000160
  -91.02   15.16   66.76   0.0015184
  -11.32  147.99  129.92   0.0024430
  136.57  160.41   79.42   0.0041627
    6.97  100.52   64.76   0.0000696
   13.40  143.15  -21.57   0.0002288
  -13.03   40.39  108.38   0.0001737
 -152.88  125.38   59.58   0.0000355
  -18.16   57.66 -112.59   0.0002292
   36.44   29.04  -87.67   0.0039748
  -98.52  154.19  164.72   0.0042643
  162.78   72.57 -158.75   0.0000182
   12.43  157.79   20.27   0.0063701
 -116.28  140.18   83.66   0.0027617
  151.40   28.11  118.88   0.0066667
  148.89  127.98  159.60   0.0034414
   98.10  154.47 -176.42   0.0053560
  174.83   83.33   11.65   0.0001231
  -82.55   18.13  166.10   0.0021774
  165.07  105.31 -165.29   0.0001453
  -60.04   54.98   17.86   0.0025637
   69.52   63.21   64.56   0.0000883
  176.20  141.56  -47.85   0.0029110
   30.28  162.21   -0.69   0.0001885
  140.19   37.51    6.54   0.0006225
   -1.79   97.14   63.95   0.0001052
    7.07  147.22 -122.55   0.0066667
   33.41   17.19   23.11   0.0023011
  152.98   59.49  -49.85   0.0000959
    2.16   28.06 -157.72   0.0066667
    1.99  137.71   -2.05   0.0061429
   -8.70   65.45   27.22   0.0002475
    9.04  132.18 -153.28   0.0011767
  160.85  120.70  -32.21   0.0018389
 -151.78  137.02  -53.91   0.0066667
   35.97  139.48 -179.99   0.0034685
   31.30   78.20 -151.75   0.0006132
   24.41  126.30   45.87   0.0015161
   69.40   95.19  139.75   0.0000302
  -17.44  124.53  -87.77   0.0012625
   48.41  140.25  -44.50   0.0066667
   -9.36   54.20  114.06   0.0005754
 -119.73   89.37  112.77   0.0003273
  -15.11   46.04   -9.93   0.0058026
 -114.13  129.70 -150.85   0.0000847
  -75.41  111.32  -58.36   0.0000363
  -66.65   35.03   89.11   0.0010429
 -159.27  117.89  108.46   0.0011533
  -14.19   15.79  -10.51   0.0051771
  -20.50   34.46 -110.42   0.0066667
  173.67    7.13   39.20   0.0057697
  121.38  156.59  163.60   0.0027062
 -177.17  150.12   20.36   0.0006170
  -70.50   69.02  142.56   0.0001105
   30.22   44.86 -102.25   0.0027466
  -33.85   32.15  116.43   0.0051666
   -0.12   63.36   44.08   0.0002115
 -115.48  151.55  -81.10   0.0056153
  -46.43   51.11  -23.99   0.0018665
  160.01   34.94  121.77   0.0010472
  103.08   69.28 -179.20   0.0002172
   81.89   89.94  -78.02   0.0000182
  148.19   17.30  120.46   0.0043706
 -166.06   52.33   -0.65   0.0006174
  -20.90   59.31 -177.18   0.0006414
  -73.48  124.51  125.88   0.0006386
  -96.45   56.06    3.47   0.0001375
   72.07  135.34   44.26   0.0014093
   32.08  135.92    3.89   0.0028647
  -41.45   15.83  -49.73   0.0060851
  -44.22  134.82  156.77   0.0066667
  -42.92  147.58   -6.67   0.0003522
  -69.75  147.32   75.10   0.0053984
   69.09   19.23   71.14   0.0022230
  153.81  130.60  116.82   0.0008360
 -119.71   87.25  -78.87   0.0001953
 -104.32  150.70  -67.88   0.0042658
  -30.16   25.02 -114.86   0.0066667
 -132.37  164.58   77.90   0.0021504
  162.04  143.15  -59.13   0.0066667
  177.33  132.25   96.48   0.0046373
   95.64   57.13  108.55   0.0006526
 -167.10  118.43  -38.51   0.0016257
  -14.71   60.83  102.32   0.0000081
   57.34  148.49   34.74   0.0011327
   17.02  152.29   46.67   0.0066667
  -30.54    8.74   -4.75   0.0049522
  -72.36   43.35   93.79   0.0027405
 -129.76   96.60  164.70   0.0001284
    7.24  126.22    6.46   0.0018758
    5.32  126.62 -154.36   0.0017675
  161.01   77.22   46.69   0.0001175
  -24.95  150.61 -125.67   0.0066667
  152.31   35.31 -150.36   0.0066667
   67.10  129.67 -120.37   0.0012528
   -8.29   33.33  168.77   0.0066667
  102.98  139.98    8.66   0.0025402
  121.52  143.96   94.99   0.0043716
 -163.85   23.65 -164.66   0.0066667
   65.83   83.53  131.57   0.0000515
 -162.16   38.76   69.08   0.0010279
 -113.90  156.65  -60.29   0.0015178
 -175.72   34.87 -151.95   0.0066667
   67.54  150.63  158.72   0.0009580
    6.00  143.88 -134.11   0.0066667
   65.46   38.73  -46.60   0.0040366
  120.57   20.55  -69.54   0.0008210
   66.65  157.17   45.77   0.0047313
   54.24  141.63 -153.56   0.0061883
   78.94  114.95  124.44   0.0003293
   45.41   30.78  -94.38   0.0058490
 -160.13   64.38  -20.54   0.0024453
   -6.72  115.97 -139.73   0.0001374
   75.53  153.82  175.89   0.0042399
 -115.50   42.76   28.97   0.0010479
 -137.35   71.66  -34.55   0.0003933
  105.10   30.71  -60.20   0.0002910
  -24.80   40.98   22.51   0.0006362
  143.59   27.65 -167.27   0.0066667
   15.41  127.74 -128.01   0.0026132
  135.68   58.22   85.82   0.0004983
  -77.90   49.24  108.54   0.0006344
 -117.34  119.82 -142.58   0.0002074
 -156.56  143.87  -63.33   0.0040832
    9.53  150.58   34.60   0.0066667
  -20.66  175.69  -52.85   0.0037736
  -97.90   27.67 -172.37   0.0054916
   81.27   80.81  -64.30   0.0000606
 -153.13   42.67   37.21   0.0066667
   87.98   23.41    3.77   0.0043761
  158.52  131.93 -140.33   0.0005565
 -119.15   22.86   48.18   0.0036658
  147.74   54.37 -103.97   0.0007754
  179.22   49.94 -174.05   0.0011952
 -155.56  133.44  -53.53   0.0005233
 -122.24   30.36  -78.65   0.0005835
  -38.71   15.19  -58.41   0.0021667
 -164.14  138.58  -80.25   0.0000105
  106.72  155.39 -101.87   0.0036557
   16.92   20.98  127.46   0.0053490
   73.63   89.15 -131.34   0.0000285
   36.84   39.51  -81.44   0.0051913
 -171.35   30.04 -108.94   0.0066667
   19.27   67.03   43.27   0.0000817
  -98.31  147.31  170.42   0.0042150
 -108.85   50.22  -43.92   0.0006672
 -133.74  155.44  130.42   0.0055895
 -154.69   42.23   87.89   0.0038485
 -143.72  111.12   33.70   0.0000347
   60.18   48.48  145.22   0.0024929
   14.71   44.65  -13.86   0.0001496
   31.94   34.02  -24.94   0.0037692
    5.42  110.92  -71.31   0.0003235
 -135.17   27.51  -78.51   0.0066667
   32.74  111.19   32.01   0.0001739
  -55.81   46.70   39.82   0.0022278
  136.94   51.23  148.76   0.0000214
   22.72   38.52 -104.70   0.0066667
 -165.53  148.91   63.52   0.0032545
  147.07  144.64   49.56   0.0066667
  -78.27  144.51   96.48   0.0022316
   10.21  133.29   41.70   0.0000420
  -20.28  139.66  -41.08   0.0066667
  165.71  131.34   21.27   0.0002591
 -123.32   60.68  -98.12   0.0004190
 -111.49   38.06  -96.52   0.0000663
 -143.15   39.53  164.77   0.0066667
  -35.26  125.20  157.94   0.0000042
   72.75  145.92   36.44   0.0036232
   54.71   45.19  -40.26   0.0027592
   70.94  147.41 -139.54   0.0049119
    4.97  103.63 -141.40   0.0001500
  -73.23  115.33 -107.66   0.0000429
   48.05   49.46  132.62   0.0019902
  108.03   43.35  -82.64   0.0005839
  -21.12  114.95  144.31   0.0009760
    9.26   21.11   -6.25   0.0058997
   89.47   24.80   54.38   0.0049457
 -114.47   72.30  160.31   0.0003578
 -176.95  133.02   20.55   0.0041441
  -11.33   54.81  -55.58   0.0017570
 -177.41   40.71   30.27   0.0066667
   53.27   28.46  -78.88   0.0022812
  -23.81   77.21   64.15   0.0000239
  147.34  155.66  102.36   0.0009317
   73.27   92.22  106.15   0.0000529
  -47.97   77.49  -80.09   0.0001693
   98.26  125.38  175.74   0.0000596
  146.27  100.52   17.02   0.0002889
   19.86  104.35   81.75   0.0001141
  112.28   47.96  151.59   0.0012371
  119.78   34.78  141.56   0.0018106
 -152.33   75.82  162.00   0.0000203
   -8.38   29.18  -82.47   0.0058151
   49.64  166.33  120.55   0.0038792
  177.79  136.81   49.02   0.0066667
  -45.12   30.02  -98.91   0.0025088
   73.88  146.19    4.79   0.0016053
  106.38  122.03  117.95   0.0000596
   74.48  139.00  -64.26   0.0037140
  -77.07  105.81  131.57   0.0000767
  167.25   42.06  -91.46   0.0066667
   60.61  102.71  -47.77   0.0001263
 -164.19  119.47 -134.63   0.0005557
  154.22   37.08    7.19   0.0066667
 -175.31   24.65  -14.91   0.0066667
   47.31  155.81   84.76   0.0061008
  131.57   23.06  -85.39   0.0048803
  -76.19   34.22  171.00   0.0036075
   83.83  121.87  107.40   0.0002881
   78.58  136.89    9.41   0.0005814
  -73.02   41.62 -147.09   0.0005559
  -73.15   84.14  -21.48   0.0000492
 -114.85  138.51  153.62   0.0009400
  147.15   97.23  167.90   0.0000652
 -104.99   34.02  -41.61   0.0015551
  169.68  118.19  -89.52   0.0005082
 -102.79  122.20    0.26   0.0001970
   98.10    9.19 -145.10   0.0044623
 -162.65  139.54  133.14   0.0066667
  151.95  154.62 -154.06   0.0061855
  -10.97   44.82   95.48   0.0025245
  140.84  169.49   76.88   0.0026099
  -50.49  167.74  -86.54   0.0020543
   -6.25  162.99    2.91   0.0049797
    6.99  135.32  105.77   0.0066667
   70.52  128.84  -23.26   0.0003172
  153.73   94.52  163.19   0.0004217
   15.27   58.69   66.46   0.0011864
   70.78   98.86 -174.37   0.0000595
    1.29  155.53   93.74   0.0038423
   30.33  150.11 -126.13   0.0066667
  -53.31  154.22   21.90   0.0049010
  -12.70  126.31  120.99   0.0022707
  -51.72   28.03 -156.69   0.0066667
   38.52   29.65 -137.19   0.0037990
  -22.20   26.02   61.96   0.0019088
  126.68   19.41   27.12   0.0024436
 -133.62  155.33  133.51   0.0052493
  108.69   31.00    9.89   0.0029415
 -149.16   85.01   98.77   0.0007800
  -13.07  134.73 -116.61   0.0016298
 -163.16   55.91  119.26   0.0002024
  -10.36   33.35   35.22   0.0048671
  -61.04  137.44  141.23   0.0036948
  -41.70  117.20  -78.08   0.0002113
  -30.65  154.89 -117.74   0.0066667
   14.05   40.04   20.98   0.0066667
  146.67  135.92 -115.28   0.0027785
  -15.82  134.30  -55.08   0.0034341
  118.03   18.70   86.58   0.0048309
  135.12  102.21   24.54   0.0001694
  130.98  130.76  -82.40   0.0023302
 -148.81  119.88   -6.23   0.0000141
  147.89  133.03  162.15   0.0015250
  -70.99  160.85   79.96   0.0055502
  -52.85   53.73  -86.65   0.0015367
  -35.00   33.92   38.34   0.0066667
   84.80   28.30  -59.98   0.0002501
  121.62   31.37  -44.85   0.0042544
  -20.92  106.59 -150.82   0.0003367
    3.55   44.36  -59.94   0.0009576
   47.24  156.91   78.72   0.0066667
  164.30   46.51 -141.40   0.0017495
   68.70   49.35  -64.78   0.0001628
 -134.00   46.14   23.45   0.0047270
  145.65  176.40   47.58   0.0005514
   50.51  145.34   44.14   0.0045214
  102.67   41.82  112.93   0.0028945
  107.86   83.20   34.43   0.0000010
  152.98   82.57 -144.98   0.0003532
    4.18   29.37  154.80   0.0066667
  129.69   40.90   83.36   0.0024535
  -36.41   94.34   29.92   0.0002242
  169.45   33.69  -68.49   0.0066667
  -17.00  102.33  -23.74   0.0001711
  127.18  156.53  -48.40   0.0030633
 -165.63   60.88  -85.54   0.0008102
  -74.54   51.90  -36.79   0.0009922
   -4.24   62.73   14.16   0.0003245
 -155.57   65.86   43.76   0.0006808
  -12.10  105.78   45.75   0.0000189
  -40.52   50.60   74.12   0.0012093
 -175.78   51.70  -36.22   0.0000000
  -19.52  115.66   86.44   0.0000977
  -31.71  142.56 -113.99   0.0000000
  142.31   82.37  101.81   0.0000000
  166.26   86.07  160.01   0.0024244
  -17.44   77.48  151.47   0.0017478
  163.34   35.90   82.79   0.0000000
   16.89   49.70  -96.53   0.0000000
   25.17   82.72  -37.86   0.0012692
  -15.74   60.39   68.27   0.0000000
 -127.52   52.12 -116.30   0.0000000
   43.13  129.77  -13.83   0.0000000
    2.27  156.15  -76.71   0.0000000
   -4.44  103.32  147.63   0.0005689
 -155.76   91.85 -151.10   0.0006321
 -151.81   34.79 -137.75   0.0000000
   -4.64  102.16   30.53   0.0026524
    4.57  101.07  -83.46   0.0026838
   50.56   35.22  -86.83   0.0000000
   21.40   58.31  150.29   0.0000000
   24.51  108.62  -91.55   0.0010458
   -4.31   96.75 -135.23   0.0000000
  -39.83  134.54    4.24   0.0000000
  -47.39  133.61   69.30   0.0000000
 -165.09   82.26  -86.02   0.0028597
    1.25   94.75 -141.93   0.0036072
   27.70   48.74   49.40   0.0000000
  -18.58   84.81  130.08   0.0000000
  -48.84   71.25   96.32   0.0000000
  137.84   37.88   34.26   0.0000000
  -17.62  144.47   89.15   0.0000000
    3.64   93.07  144.78   0.0015988
 -148.49   38.96  -74.05   0.0000000
 -135.61   94.15   38.17   0.0000000
   -7.25  137.02 -145.09   0.0000000
  -12.24   81.80  -81.75   0.0023940
  -22.72   40.83 -178.47   0.0000000
   -2.83   66.00   26.97   0.0000000
   34.78   51.40 -157.70   0.0000000
 -164.93  148.00   -1.59   0.0000000
    4.14   31.76  -22.43   0.0000000
   29.67   97.56   86.29   0.0000000
  -20.28   68.89   73.50   0.0019061
 -142.24   76.86   82.72   0.0000000
  127.14   34.09   29.22   0.0000000
   -9.57   64.86  -89.34   0.0000314
  179.47   90.47  -37.35   0.0001047
  -20.73  100.86 -165.41   0.0003759
  -14.80  151.99  120.11   0.0000000
   -0.36   97.17  133.58   0.0025040
    5.73   99.81   64.64   0.0000000
   15.18  147.96  -25.95   0.0000000
  -16.29   35.14  113.22   0.0000000
 -148.21  130.02   58.62   0.0000000
  -22.43   53.01 -106.81   0.0000000
 -175.89   70.89  -44.40   0.0001679
  -16.02   78.57   33.72   0.0024024
  162.50   71.35 -158.53   0.0000000
  171.96  105.65   -7.60   0.0002966
  -10.46   92.87  -39.21   0.0023868
  147.56   26.11  120.17   0.0000000
  142.09  131.69  149.54   0.0000000
  -23.99   98.56  -98.11   0.0013107
  175.76   83.72   11.63   0.0000000
 -161.23  100.15   41.79   0.0007367
  165.96  105.01 -165.22   0.0000000
 -165.41   81.77 -113.70   0.0008258
 -178.35   65.95  176.48   0.0000675
  173.62  146.34  -58.24   0.0000000
  151.21   94.08  -75.30   0.0000052
  135.85   35.58    2.69   0.0000000
   -1.49   96.67   63.96   0.0000000
    9.94  150.99 -113.63   0.0000000
  177.65   83.01   70.21   0.0013112
  148.16   54.72  -47.18   0.0000000
    3.20   24.77 -164.22   0.0000000
    2.98  142.94    1.12   0.0000000
   -8.70   63.94   26.99   0.0000000
   10.09  137.60 -157.95   0.0000000
  157.20  124.58  -33.22   0.0000000
 -146.34  141.11  -47.79   0.0000000
   40.96  142.07  175.39   0.0000000
   36.64   75.13 -152.53   0.0000000
   29.26  130.67   44.48   0.0000000
  170.17   94.74  -23.49   0.0000816
  -21.16  128.75  -89.23   0.0000000
   52.04  141.08  -49.58   0.0000000
  -12.22   49.13  119.54   0.0000000
 -115.17   90.19  108.04   0.0000000
  -18.41   40.42   -6.83   0.0000000
  -12.39   91.55   69.71   0.0000841
  174.03  114.98   61.92   0.0000431
 -167.12   92.03  -35.49   0.0008076
 -155.97  121.95  107.81   0.0000000
  155.85   79.73    2.69   0.0005043
  -25.73   31.63  -97.71   0.0000000
  -26.63   88.77   62.51   0.0008969
    8.76   91.40  -97.67   0.0018661
 -178.29  153.43    9.70   0.0000000
 -173.57   87.01   -7.88   0.0003553
   35.95   41.76 -103.95   0.0000000
  -36.99   30.39  109.79   0.0000000
   -0.48   61.46   44.94   0.0000000
   23.55  106.57 -138.51   0.0010513
  -52.71   49.87  -12.47   0.0000000
  154.77   31.22  133.78   0.0000000
   -6.48   68.17   56.85   0.0003644
 -175.89   84.40   88.27   0.0000770
   28.37   86.46   44.95   0.0001808
 -162.12   47.28   -7.48   0.0000000
  -24.59   54.34 -174.52   0.0000000
  169.35  113.20 -132.10   0.0004667
  -15.78  116.87  175.61   0.0000915
  156.82   75.38 -105.51   0.0006808
   37.07  139.71    3.75   0.0000000
 -152.04   89.90 -135.01   0.0005816
  -49.92  136.86  151.45   0.0000000
  -46.16  148.46   -0.18   0.0000000
  158.00  107.34  143.98   0.0012683
 -163.62   84.85  135.53   0.0011233
  148.94  135.51  113.62   0.0000000
  -21.20   82.41   87.08   0.0000102
   21.07  101.28 -144.03   0.0018428
  -33.29   24.03 -107.85   0.0000000
  -29.34   88.08  -15.13   0.0001539
  157.25  147.22  -70.11   0.0000000
  178.07  137.94  102.01   0.0000000
    4.86  107.15  -59.05   0.0013621
 -165.45  121.54  -37.85   0.0000000
  -16.37   56.77  101.16   0.0000000
 -160.30  110.37  -18.90   0.0000920
   19.83  155.20   47.09   0.0000000
 -157.87   90.95  -67.11   0.0013824
 -171.69   93.74  -44.17   0.0039262
 -123.15   98.40  161.56   0.0000000
    8.99  130.64    9.16   0.0000000
    5.30  131.61 -157.88   0.0000000
  160.99   76.84   46.88   0.0000000
  -29.83  152.95 -138.37   0.0000000
  146.83   32.96 -144.25   0.0000000
  177.64  101.73  133.16   0.0012392
  -11.41   29.28  179.51   0.0000000
  -21.60  108.26   92.84   0.0009778
   22.75   88.88 -143.97   0.0009896
 -161.67   21.69 -163.63   0.0000000
  162.20  105.89  -35.29   0.0000199
 -158.41   33.89   66.27   0.0000000
    2.73   92.21 -141.24   0.0014947
 -175.23   29.87 -149.65   0.0000000
  152.74   80.75   30.17   0.0001677
    8.76  148.73 -124.97   0.0000000
 -167.13   71.22   30.27   0.0018086
   -3.42   85.96 -137.28   0.0006289
 -162.77   98.79  -17.52   0.0019354
   57.03  141.65 -154.42   0.0000000
 -172.70  103.73   -0.66   0.0007334
 -176.01   72.55  -39.48   0.0008177
 -156.92   61.22  -23.38   0.0000000
   -6.69  117.32 -139.63   0.0000000
 -166.15   95.90   96.63   0.0024268
  -18.84   92.69  163.43   0.0004703
 -130.50   68.85  -35.19   0.0000000
   -7.64   85.86 -148.58   0.0002788
  -30.60   37.85   31.29   0.0000000
  139.56   26.59 -159.19   0.0000000
   18.35  133.25 -125.79   0.0000000
  129.51   55.46   87.35   0.0000000
 -161.87  109.38  -50.10   0.0005588
  -24.49   81.34   59.67   0.0000278
 -152.26  147.67  -59.67   0.0000000
   10.64  154.24   29.64   0.0000000
  152.43   88.95  -60.53   0.0005099
  -25.23  105.59  -33.05   0.0011750
 -173.44   69.25   75.55   0.0001573
 -146.68   39.63   26.58   0.0000000
  155.80  105.17  141.97   0.0007674
  152.94  135.91 -148.04   0.0000000
   -4.73   88.30  141.47   0.0030009
  141.59   50.05  -98.70   0.0000000
  179.44   44.82 -176.27   0.0000000
 -149.98  138.12  -45.44   0.0000000
  -12.65   86.37   29.36   0.0002505
 -160.09   88.38 -133.21   0.0006851
 -161.92  143.58  -84.96   0.0000000
   24.82   79.56   24.85   0.0009986
   18.73   19.98  119.84   0.0000000
  175.07   78.08   26.18   0.0000869
   42.86   37.49  -94.33   0.0000000
 -168.27   26.45 -120.03   0.0000000
   21.86   63.94   41.37   0.0000000
  -21.79   73.42   27.47   0.0017447
  -22.09  104.61  111.28   0.0003856
  -21.92   93.32   36.96   0.0010772
 -149.12   38.74   83.91   0.0000000
 -136.62  114.36   38.55   0.0000000
  150.87   96.94  -71.29   0.0000760
   18.89   40.05  -19.52   0.0000000
   37.39   32.60  -36.47   0.0000000
    4.75  110.41  -71.47   0.0000000
 -132.34   27.35  -82.23   0.0000000
   39.30  114.55   36.47   0.0000000
  -59.56   46.65   49.48   0.0000000
  130.25   48.88  157.05   0.0000000
   26.10   34.56  -99.13   0.0000000
 -161.38  151.68   75.01   0.0000000
  141.92  147.06   41.38   0.0000000
  179.46   87.31 -144.35   0.0035990
   12.09  139.14   42.13   0.0000000
  -23.79  144.18  -36.00   0.0000000
  163.69  136.78   24.97   0.0000000
 -118.96   59.76  -98.49   0.0000000
  -20.73   98.08   39.06   0.0000330
 -137.40   36.97  157.70   0.0000000
  -42.03  128.96  150.94   0.0000000
  166.45   83.14  -95.18   0.0030435
   58.59   45.17  -51.44   0.0000000
  156.24   79.32   86.66   0.0017548
    4.28  102.65 -141.47   0.0000000
 -164.07   71.88   66.59   0.0000535
   53.70   49.32  122.94   0.0000000
   13.79   97.16  135.40   0.0006024
  -24.24  117.72  142.90   0.0000000
 -178.35   74.88    2.90   0.0007670
   17.49  104.47  -84.09   0.0017210
  -14.18   83.86  -48.51   0.0003682
 -177.59  138.56   14.23   0.0000000
  -14.60   50.37  -49.82   0.0000000
 -177.39   34.95   32.79   0.0000000
  157.09   89.27   28.00   0.0004927
  -26.09   75.74   64.69   0.0000000
  -12.51  107.45  128.44   0.0000845
  174.18   80.04  -90.22   0.0001754
  -54.69   75.32  -81.54   0.0000000
  -10.19  100.01  -68.54   0.0000929
  139.59  102.73   15.20   0.0000000
   20.29  105.66   81.96   0.0000000
   12.66   91.05   11.55   0.0012661
   12.99   86.68   25.89   0.0008799
 -148.47   73.29  161.22   0.0000000
   -9.79   25.68  -82.86   0.0000000
  175.85   90.56   48.47   0.0027875
  178.08  142.09   53.35   0.0000000
  -48.14   29.77  -92.28   0.0000000
 -176.64   92.43  -92.31   0.0020274
   -2.88  101.22 -125.95   0.0001156
 -168.44  102.55 -156.46   0.0028968
 -173.70   72.96  -42.91   0.0002143
  165.04   36.95  -96.00   0.0000000
  161.59  102.01  163.42   0.0000097
 -162.28  123.76 -135.72   0.0000000
  148.38   33.55   18.41   0.0000000
 -175.61   22.61   -8.35   0.0000000
 -159.38  106.51   49.13   0.0004837
   -6.46   78.81 -135.48   0.0017863
  157.71   74.90   92.36   0.0013585
  176.43   74.72  -60.18   0.0006543
 -175.25   92.12 -101.71   0.0010450
 -173.43   93.28   77.66   0.0008391
 -175.09   94.36  154.62   0.0002206
  -21.81   83.87   17.65   0.0003996
  141.25   97.89  167.14   0.0000000
  -18.26  101.16   95.02   0.0010147
  168.90  121.35  -88.54   0.0000000
    9.18  105.55 -112.63   0.0003280
    4.55   95.58  110.44   0.0022043
 -157.77  143.49  141.45   0.0000000
    6.12  105.36 -105.87   0.0004812
  -12.19   39.24   91.32   0.0000000
    1.32   90.24  127.09   0.0019833
  157.41   95.06  -54.18   0.0005507
  174.26  101.16    0.16   0.0012660
    9.49  141.05  111.73   0.0000000
  166.57   84.49 -172.28   0.0003744
  151.04   94.87  162.95   0.0000000
   17.62   53.77   64.90   0.0000000
  172.52  108.22   42.54   0.0000781
    1.76  158.20   96.72   0.0000000
   33.50  152.11 -132.22   0.0000000
  172.60  102.12   78.57   0.0017657
  -16.22  131.30  115.00   0.0000000
  -53.47   28.52 -155.58   0.0000000
   42.41   28.78 -147.34   0.0000000
  -25.78   24.33   74.13   0.0000000
  -25.47   77.92   -9.04   0.0002671
  -26.03   92.03   36.37   0.0005674
   -0.90   88.42  -89.75   0.0037252
 -144.05   84.40   98.30   0.0000000
  -17.33  140.00 -125.45   0.0000000
 -159.61   50.87  114.78   0.0000000
  -11.55   29.11   30.44   0.0000000
  -63.18  137.02  137.31   0.0000000
  -48.26  119.78  -76.13   0.0000000
  -33.72  156.07 -115.14   0.0000000
   15.90   35.00   25.19   0.0000000
  141.47  139.02 -111.49   0.0000000
  -19.91  139.77  -61.26   0.0000000
   20.31   94.29  -19.10   0.0018358
  128.23  104.45   26.72   0.0000000
  126.55  132.28  -81.12   0.0000000
 -142.72  123.24   -6.03   0.0000000
  141.29  136.50  151.49   0.0000000
 -153.52   81.29 -160.61   0.0011165
  -57.56   52.60  -83.18   0.0000000
  -39.67   32.83   43.00   0.0000000
   18.54  107.81  153.80   0.0000549
    9.96   85.16 -149.77   0.0024123
  -22.55  108.36 -151.41   0.0000000
    5.00   39.12  -63.34   0.0000000
   49.04  156.53   79.95   0.0000000
  161.71   41.21 -145.36   0.0000000
  178.47   81.99   46.38   0.0002788
 -127.86   45.26   10.24   0.0000000
  -18.19   87.65   61.04   0.0001639
  179.38  106.39  -27.28   0.0006018
  -20.13   71.66   25.12   0.0012986
    5.86   92.50 -143.80   0.0000041
  149.97   80.71 -144.59   0.0000000
    3.67   25.97  163.97   0.0000000
  125.74   40.09   83.51   0.0000000
  -43.11   95.23   30.20   0.0000000
  165.71   29.49  -57.38   0.0000000
  -16.10  102.54  -23.69   0.0000000
   -0.53   96.96   18.86   0.0020990
 -163.81   57.70  -85.99   0.0000000
 -178.98   90.12 -171.29   0.0028554
   -4.27   60.69   13.55   0.0000000
 -151.65   61.85   41.03   0.0000000
  -10.79  105.40   45.93   0.0000000
  -45.92   47.70   73.45   0.0000000
 -175.78   51.70  -36.22   0.0000000
  116.09  139.41   19.11   0.0000000
  -31.71  142.56 -113.99   0.0000000
  142.31   82.37  101.81   0.0000000
   73.48  159.90  -95.26   0.0000000
  101.87   33.55 -117.28   0.0000000
  163.34   35.90   82.79   0.0000000
   16.89   49.70  -96.53   0.0000000
  109.96  157.52 -155.76   0.0000000
  -15.74   60.39   68.27   0.0000000
 -127.52   52.12 -116.30   0.0000000
   43.13  129.77  -13.83   0.0000000
    2.27  156.15  -76.71   0.0000000
 -121.37  142.82 -118.71   0.0000000
  -53.79  150.04  107.66   0.0000000
 -151.81   34.79 -137.75   0.0000000
  112.68  145.03  -62.70   0.0000000
  116.03  140.13  173.20   0.0000000
   50.56   35.22  -86.83   0.0000000
   21.40   58.31  150.29   0.0000000
   94.19   34.22   57.16   0.0000000
   -4.31   96.75 -135.23   0.0000000
  -39.83  134.54    4.24   0.0000000
  -47.39  133.61   69.30   0.0000000
  -78.09  145.97  145.39   0.0000000
  105.06  140.71  103.77   0.0000000
   27.70   48.74   49.40   0.0000000
  -18.58   84.81  130.08   0.0000000
  -48.84   71.25   96.32   0.0000000
  137.84   37.88   34.26   0.0000000
  -17.62  144.47   89.15   0.0000000
  -98.98  143.81 -101.45   0.0000000
 -148.49   38.96  -74.05   0.0000000
 -135.61   94.15   38.17   0.0000000
   -7.25  137.02 -145.09   0.0000000
  -95.09  157.97   36.46   0.0000000
  -22.72   40.83 -178.47   0.0000000
   -2.83   66.00   26.97   0.0000000
   34.78   51.40 -157.70   0.0000000
 -164.93  148.00   -1.59   0.0000000
    4.14   31.76  -22.43   0.0000000
   29.67   97.56   86.29   0.0000000
  -97.13  131.88 -125.58   0.0000000
 -142.24   76.86   82.72   0.0000000
  127.14   34.09   29.22   0.0000000
  120.32   41.67   -8.40   0.0000000
  -85.66   97.29  150.95   0.0000000
  -89.28   15.99   72.03   0.0000000
  -14.80  151.99  120.11   0.0000000
  130.40  161.78   70.52   0.0000000
    5.73   99.81   64.64   0.0000000
   15.18  147.96  -25.95   0.0000000
  -16.29   35.14  113.22   0.0000000
 -148.21  130.02   58.62   0.0000000
  -22.43   53.01 -106.81   0.0000000
   40.54   28.39  -99.07   0.0000000
  -94.08  152.86  161.40   0.0000000
  162.50   71.35 -158.53   0.0000000
   13.48  159.08   16.72   0.0000000
 -111.39  139.97   78.57   0.0000000
  147.56   26.11  120.17   0.0000000
  142.09  131.69  149.54   0.0000000
   96.87  153.85  178.07   0.0000000
  175.76   83.72   11.63   0.0000000
  -85.97   19.12  162.19   0.0000000
  165.96  105.01 -165.22   0.0000000
  -63.70   55.30   15.78   0.0000000
   71.76   62.19   58.75   0.0000000
  173.62  146.34  -58.24   0.0000000
   32.22  162.26   -1.30   0.0000000
  135.85   35.58    2.69   0.0000000
   -1.49   96.67   63.96   0.0000000
    9.94  150.99 -113.63   0.0000000
   39.55   15.58   18.88   0.0000000
  148.16   54.72  -47.18   0.0000000
    3.20   24.77 -164.22   0.0000000
    2.98  142.94    1.12   0.0000000
   -8.70   63.94   26.99   0.0000000
   10.09  137.60 -157.95   0.0000000
  157.20  124.58  -33.22   0.0000000
 -146.34  141.11  -47.79   0.0000000
   40.96  142.07  175.39   0.0000000
   36.64   75.13 -152.53   0.0000000
   29.26  130.67   44.48   0.0000000
   74.89   96.11  144.93   0.0000000
  -21.16  128.75  -89.23   0.0000000
   52.04  141.08  -49.58   0.0000000
  -12.22   49.13  119.54   0.0000000
 -115.17   90.19  108.04   0.0000000
  -18.41   40.42   -6.83   0.0000000
 -109.96  129.30 -156.50   0.0000000
  -78.86  112.84  -61.09   0.0000000
  -71.87   35.69   84.53   0.0000000
 -155.97  121.95  107.81   0.0000000
  -14.56   15.24   -3.97   0.0000000
  -25.73   31.63  -97.71   0.0000000
  175.61    6.42   40.78   0.0000000
  114.18  156.69  167.07   0.0000000
 -178.29  153.43    9.70   0.0000000
  -77.37   68.28  144.73   0.0000000
   35.95   41.76 -103.95   0.0000000
  -36.99   30.39  109.79   0.0000000
   -0.48   61.46   44.94   0.0000000
 -113.65  151.34  -76.78   0.0000000
  -52.71   49.87  -12.47   0.0000000
  154.77   31.22  133.78   0.0000000
   98.73   67.32 -175.11   0.0000000
   88.97   88.77  -84.37   0.0000000
  146.10   17.28  119.85   0.0000000
 -162.12   47.28   -7.48   0.0000000
  -24.59   54.34 -174.52   0.0000000
  -76.08  125.36  121.79   0.0000000
  -93.39   57.43    0.71   0.0000000
   74.64  133.95   45.12   0.0000000
   37.07  139.71    3.75   0.0000000
  -44.50   15.96  -48.68   0.0000000
  -49.92  136.86  151.45   0.0000000
  -46.16  148.46   -0.18   0.0000000
  -71.65  147.07   70.98   0.0000000
   74.20   18.72   56.48   0.0000000
  148.94  135.51  113.62   0.0000000
 -115.59   88.10  -83.96   0.0000000
 -101.41  150.76  -60.02   0.0000000
  -33.29   24.03 -107.85   0.0000000
 -129.57  164.39   80.35   0.0000000
  157.25  147.22  -70.11   0.0000000
  178.07  137.94  102.01   0.0000000
   90.08   59.09  106.14   0.0000000
 -165.45  121.54  -37.85   0.0000000
  -16.37   56.77  101.16   0.0000000
   59.05  148.14   40.86   0.0000000
   19.83  155.20   47.09   0.0000000
  -38.96    8.19   -2.82   0.0000000
  -78.65   44.12   89.55   0.0000000
 -123.15   98.40  161.56   0.0000000
    8.99  130.64    9.16   0.0000000
    5.30  131.61 -157.88   0.0000000
  160.99   76.84   46.88   0.0000000
  -29.83  152.95 -138.37   0.0000000
  146.83   32.96 -144.25   0.0000000
   70.80  130.54 -109.20   0.0000000
  -11.41   29.28  179.51   0.0000000
  100.68  139.85    5.05   0.0000000
  118.89  143.37   99.52   0.0000000
 -161.67   21.69 -163.63   0.0000000
   69.11   83.63  136.08   0.0000000
 -158.41   33.89   66.27   0.0000000
 -105.61  157.46  -47.10   0.0000000
 -175.23   29.87 -149.65   0.0000000
   69.72  149.60  159.93   0.0000000
    8.76  148.73 -124.97   0.0000000
   67.86   38.35  -55.83   0.0000000
  113.06   19.53  -55.06   0.0000000
   70.46  157.57   57.62   0.0000000
   57.03  141.65 -154.42   0.0000000
   84.42  116.99  132.33   0.0000000
   49.15   30.36 -107.04   0.0000000
 -156.92   61.22  -23.38   0.0000000
   -6.69  117.32 -139.63   0.0000000
   79.75  154.10 -171.12   0.0000000
 -112.72   43.60   34.34   0.0000000
 -130.50   68.85  -35.19   0.0000000
   99.26   30.09  -44.74   0.0000000
  -30.60   37.85   31.29   0.0000000
  139.56   26.59 -159.19   0.0000000
   18.35  133.25 -125.79   0.0000000
  129.51   55.46   87.35   0.0000000
  -81.65   50.96  110.82   0.0000000
 -114.67  119.81 -145.80   0.0000000
 -152.26  147.67  -59.67   0.0000000
   10.64  154.24   29.64   0.0000000
  -20.82  176.24  -55.55   0.0000000
  -95.88   28.96 -173.85   0.0000000
   86.60   78.38  -67.72   0.0000000
 -146.68   39.63   26.58   0.0000000
   88.96   24.55    4.22   0.0000000
  152.94  135.91 -148.04   0.0000000
 -111.17   22.54   46.94   0.0000000
  141.59   50.05  -98.70   0.0000000
  179.44   44.82 -176.27   0.0000000
 -149.98  138.12  -45.44   0.0000000
 -118.15   30.64  -72.31   0.0000000
  -44.86   14.78  -61.13   0.0000000
 -161.92  143.58  -84.96   0.0000000
  103.50  154.26 -103.14   0.0000000
   18.73   19.98  119.84   0.0000000
   79.54   87.28 -137.87   0.0000000
   42.86   37.49  -94.33   0.0000000
 -168.27   26.45 -120.03   0.0000000
   21.86   63.94   41.37   0.0000000
  -95.45  145.76  171.84   0.0000000
 -106.30   51.57  -43.96   0.0000000
 -130.47  155.33  125.26   0.0000000
 -149.12   38.74   83.91   0.0000000
 -136.62  114.36   38.55   0.0000000
   62.50   48.71  145.56   0.0000000
   18.89   40.05  -19.52   0.0000000
   37.39   32.60  -36.47   0.0000000
    4.75  110.41  -71.47   0.0000000
 -132.34   27.35  -82.23   0.0000000
   39.30  114.55   36.47   0.0000000
  -59.56   46.65   49.48   0.0000000
  130.25   48.88  157.05   0.0000000
   26.10   34.56  -99.13   0.0000000
 -161.38  151.68   75.01   0.0000000
  141.92  147.06   41.38   0.0000000
  -86.01  144.29   92.17   0.0000000
   12.09  139.14   42.13   0.0000000
  -23.79  144.18  -36.00   0.0000000
  163.69  136.78   24.97   0.0000000
 -118.96   59.76  -98.49   0.0000000
 -108.18   39.19  -94.14   0.0000000
 -137.40   36.97  157.70   0.0000000
  -42.03  128.96  150.94   0.0000000
   78.13  144.79   32.81   0.0000000
   58.59   45.17  -51.44   0.0000000
   73.94  146.17 -139.44   0.0000000
    4.28  102.65 -141.47   0.0000000
  -76.86  113.72 -107.29   0.0000000
   53.70   49.32  122.94   0.0000000
  103.13   44.50  -86.00   0.0000000
  -24.24  117.72  142.90   0.0000000
   10.59   19.93   -9.95   0.0000000
   87.92   25.94   49.20   0.0000000
 -111.13   72.19  157.85   0.0000000
 -177.59  138.56   14.23   0.0000000
  -14.60   50.37  -49.82   0.0000000
 -177.39   34.95   32.79   0.0000000
   56.27   28.89  -74.59   0.0000000
  -26.09   75.74   64.69   0.0000000
  144.20  156.41   88.87   0.0000000
   79.52   90.60   99.72   0.0000000
  -54.69   75.32  -81.54   0.0000000
   93.80  126.56  165.94   0.0000000
  139.59  102.73   15.20   0.0000000
   20.29  105.66   81.96   0.0000000
  107.78   48.56  146.19   0.0000000
  115.89   35.15  135.30   0.0000000
 -148.47   73.29  161.22   0.0000000
   -9.79   25.68  -82.86   0.0000000
   61.12  167.23  124.65   0.0000000
  178.08  142.09   53.35   0.0000000
  -48.14   29.77  -92.28   0.0000000
   80.62  146.85   18.37   0.0000000
  100.86  123.84  106.68   0.0000000
   78.15  139.69  -54.54   0.0000000
  -82.94  103.71  133.99   0.0000000
  165.04   36.95  -96.00   0.0000000
   64.77  101.69  -41.49   0.0000000
 -162.28  123.76 -135.72   0.0000000
  148.38   33.55   18.41   0.0000000
 -175.61   22.61   -8.35   0.0000000
   49.33  155.80   92.90   0.0000000
  127.98   22.32  -71.68   0.0000000
  -78.52   34.30  175.96   0.0000000
   89.67  120.00  104.28   0.0000000
   85.26  137.67   22.30   0.0000000
  -79.80   42.31 -151.16   0.0000000
  -80.76   85.07  -26.33   0.0000000
 -112.13  137.51  150.98   0.0000000
  141.25   97.89  167.14   0.0000000
 -100.65   35.43  -40.12   0.0000000
  168.90  121.35  -88.54   0.0000000
  -97.94  124.00    8.50   0.0000000
   90.78    9.66 -147.03   0.0000000
 -157.77  143.49  141.45   0.0000000
  149.16  155.49 -154.13   0.0000000
  -12.19   39.24   91.32   0.0000000
  127.22  171.18   66.03   0.0000000
  -54.49  168.45  -97.14   0.0000000
   -6.64  164.33   -3.88   0.0000000
    9.49  141.05  111.73   0.0000000
   75.03  127.89  -27.66   0.0000000
  151.04   94.87  162.95   0.0000000
   17.62   53.77   64.90   0.0000000
   73.92  100.35 -168.88   0.0000000
    1.76  158.20   96.72   0.0000000
   33.50  152.11 -132.22   0.0000000
  -56.57  154.77    8.17   0.0000000
  -16.22  131.30  115.00   0.0000000
  -53.47   28.52 -155.58   0.0000000
   42.41   28.78 -147.34   0.0000000
  -25.78   24.33   74.13   0.0000000
  124.65   19.47   32.10   0.0000000
 -131.05  155.07  130.66   0.0000000
  101.05   30.54   19.26   0.0000000
 -144.05   84.40   98.30   0.0000000
  -17.33  140.00 -125.45   0.0000000
 -159.61   50.87  114.78   0.0000000
  -11.55   29.11   30.44   0.0000000
  -63.18  137.02  137.31   0.0000000
  -48.26  119.78  -76.13   0.0000000
  -33.72  156.07 -115.14   0.0000000
   15.90   35.00   25.19   0.0000000
  141.47  139.02 -111.49   0.0000000
  -19.91  139.77  -61.26   0.0000000
  112.19   19.25   85.07   0.0000000
  128.23  104.45   26.72   0.0000000
  126.55  132.28  -81.12   0.0000000
 -142.72  123.24   -6.03   0.0000000
  141.29  136.50  151.49   0.0000000
  -74.34  159.95   78.34   0.0000000
  -57.56   52.60  -83.18   0.0000000
  -39.67   32.83   43.00   0.0000000
   85.18   29.14  -65.19   0.0000000
  116.90   31.40  -49.04   0.0000000
  -22.55  108.36 -151.41   0.0000000
    5.00   39.12  -63.34   0.0000000
   49.04  156.53   79.95   0.0000000
  161.71   41.21 -145.36   0.0000000
   74.53   48.07  -74.97   0.0000000
 -127.86   45.26   10.24   0.0000000
  139.88  177.15   32.22   0.0000000
   54.48  145.42   54.85   0.0000000
  100.19   41.81  116.64   0.0000000
  100.24   83.62   31.96   0.0000000
  149.97   80.71 -144.59   0.0000000
    3.67   25.97  163.97   0.0000000
  125.74   40.09   83.51   0.0000000
  -43.11   95.23   30.20   0.0000000
  165.71   29.49  -57.38   0.0000000
  -16.10  102.54  -23.69   0.0000000
  121.03  157.62  -58.57   0.0000000
 -163.81   57.70  -85.99   0.0000000
  -82.74   51.47  -33.95   0.0000000
   -4.27   60.69   13.55   0.0000000
 -151.65   61.85   41.03   0.0000000
  -10.79  105.40   45.93   0.0000000
  -45.92   47.70   73.45   0.0000000
