  STRAIN   SUBSTRUCTURE     MODE1     MODE2     MODE3
   0.000 0.0000000E+00 0.0000000E+00 0.0000000E+00 0.0000000E+00
   0.001 0.0000000E+00 0.0000000E+00 0.0000000E+00 0.0000000E+00
   0.002 0.0000000E+00 0.0000000E+00 0.0000000E+00 0.0000000E+00
   0.003 0.0000000E+00 0.0000000E+00 0.0000000E+00 0.0000000E+00
   0.004 0.2681526E+01 0.1127233E+12 0.5570783E+11 0.5550000E+11
   0.005 0.3640301E+01 0.8425732E+11 0.7326147E+11 0.7674993E+11
   0.006 0.4641186E+01 0.9436135E+11 0.7108081E+11 0.7414094E+11
   0.007 0.1048359E+02 0.8957611E+11 0.8489956E+11 0.9142794E+11
   0.008 0.1584246E+02 0.9937543E+11 0.9667116E+11 0.9314783E+11
   0.009 0.2160316E+02 0.9314707E+11 0.9769996E+11 0.1113975E+12
   0.010 0.3305196E+02 0.1255968E+12 0.9145910E+11 0.1063187E+12
   0.011 0.3702171E+02 0.1222249E+12 0.9460027E+11 0.1147826E+12
   0.012 0.6225047E+02 0.1293504E+12 0.9416734E+11 0.1372535E+12
   0.013 0.8807944E+02 0.1514786E+12 0.9013546E+11 0.1435763E+12
   0.014 0.1195130E+03 0.1445544E+12 0.1017185E+12 0.1613899E+12
   0.015 0.1551023E+03 0.1374868E+12 0.1214866E+12 0.1668228E+12
   0.016 0.1750820E+03 0.1335757E+12 0.1244149E+12 0.1771960E+12
   0.017 0.1956209E+03 0.1363536E+12 0.1305353E+12 0.1788546E+12
   0.018 0.3432691E+03 0.1616223E+12 0.1487930E+12 0.1837515E+12
   0.019 0.3620194E+03 0.1684472E+12 0.1570517E+12 0.1791881E+12
   0.020 0.6484979E+03 0.1928803E+12 0.1798002E+12 0.1930608E+12
   0.021 0.6500168E+03 0.1968946E+12 0.1769938E+12 0.1960825E+12
   0.022 0.8463067E+03 0.2186278E+12 0.1747380E+12 0.2039571E+12
   0.023 0.1071919E+04 0.2276021E+12 0.1994420E+12 0.2019057E+12
   0.024 0.1376671E+04 0.2399259E+12 0.1938223E+12 0.2311283E+12
   0.025 0.1587951E+04 0.2702283E+12 0.1882647E+12 0.2304116E+12
   0.026 0.1782646E+04 0.2627008E+12 0.1880971E+12 0.2610352E+12
   0.027 0.2251045E+04 0.2697775E+12 0.2187627E+12 0.2534673E+12
   0.028 0.2312721E+04 0.2673473E+12 0.2220590E+12 0.2605966E+12
   0.029 0.2398385E+04 0.2659833E+12 0.2306089E+12 0.2591577E+12
   0.030 0.2455071E+04 0.2661319E+12 0.2302851E+12 0.2633838E+12
   0.031 0.2819300E+04 0.2778353E+12 0.2356541E+12 0.2608879E+12
   0.032 0.3144418E+04 0.2849290E+12 0.2337810E+12 0.2711758E+12
   0.033 0.4006811E+04 0.2830699E+12 0.2547282E+12 0.2846959E+12
   0.034 0.4216630E+04 0.2884019E+12 0.2630340E+12 0.2826350E+12
   0.035 0.4812890E+04 0.2941652E+12 0.2821402E+12 0.2826177E+12
   0.036 0.5538696E+04 0.3137940E+12 0.2837193E+12 0.2801790E+12
   0.037 0.6018323E+04 0.3125472E+12 0.2890795E+12 0.2909309E+12
   0.038 0.6555048E+04 0.3108119E+12 0.2911807E+12 0.3118176E+12
   0.039 0.7382175E+04 0.3101605E+12 0.3076579E+12 0.3191886E+12
   0.040 0.8119439E+04 0.3084449E+12 0.3066932E+12 0.3365187E+12
   0.041 0.9578656E+04 0.3374095E+12 0.3046925E+12 0.3335201E+12
   0.042 0.1077315E+05 0.3378743E+12 0.3249859E+12 0.3315875E+12
   0.043 0.1081385E+05 0.3381004E+12 0.3260211E+12 0.3318743E+12
   0.044 0.1201496E+05 0.3388387E+12 0.3479855E+12 0.3296565E+12
   0.045 0.1227252E+05 0.3377799E+12 0.3547642E+12 0.3335418E+12
   0.046 0.1362736E+05 0.3491115E+12 0.3555970E+12 0.3533899E+12
   0.047 0.1372211E+05 0.3501878E+12 0.3570973E+12 0.3536517E+12
   0.048 0.1396546E+05 0.3506914E+12 0.3582345E+12 0.3561343E+12
   0.049 0.1459559E+05 0.3501803E+12 0.3585397E+12 0.3647046E+12
   0.050 0.1481170E+05 0.3533085E+12 0.3592922E+12 0.3655954E+12
   0.051 0.1487839E+05 0.3535849E+12 0.3604272E+12 0.3660870E+12
   0.052 0.1494429E+05 0.3538582E+12 0.3615487E+12 0.3665711E+12
   0.053 0.1581710E+05 0.3611868E+12 0.3717981E+12 0.3657342E+12
   0.054 0.1602704E+05 0.3633834E+12 0.3726869E+12 0.3666662E+12
   0.055 0.1609701E+05 0.3637176E+12 0.3737969E+12 0.3671347E+12
   0.056 0.1653764E+05 0.3636874E+12 0.3786027E+12 0.3678674E+12
   0.057 0.1711051E+05 0.3636618E+12 0.3839664E+12 0.3679647E+12
   0.058 0.1718551E+05 0.3639790E+12 0.3851038E+12 0.3684155E+12
   0.059 0.1784556E+05 0.3638617E+12 0.3912327E+12 0.3684783E+12
   0.060 0.1941812E+05 0.3637405E+12 0.4044662E+12 0.3678876E+12
   0.061 0.2072457E+05 0.3629554E+12 0.4101425E+12 0.3778289E+12
   0.062 0.2083102E+05 0.3632440E+12 0.4114648E+12 0.3783171E+12
   0.063 0.2141074E+05 0.3671700E+12 0.4123222E+12 0.3802268E+12
   0.064 0.2446980E+05 0.3667867E+12 0.4128136E+12 0.3928185E+12
   0.065 0.3015067E+05 0.3888151E+12 0.4127054E+12 0.3920459E+12
   0.066 0.3606982E+05 0.3964839E+12 0.4158590E+12 0.4196135E+12
   0.067 0.3737315E+05 0.3967764E+12 0.4167550E+12 0.4250487E+12
   0.068 0.3762533E+05 0.3973621E+12 0.4179426E+12 0.4259443E+12
   0.069 0.4437375E+05 0.3958342E+12 0.4357711E+12 0.4397657E+12
   0.070 0.4569718E+05 0.3997023E+12 0.4363902E+12 0.4463110E+12
   0.071 0.4604092E+05 0.4003041E+12 0.4376795E+12 0.4474631E+12
   0.072 0.4638153E+05 0.4009019E+12 0.4389485E+12 0.4486032E+12
   0.073 0.4680229E+05 0.4017894E+12 0.4407483E+12 0.4496754E+12
   0.074 0.4714091E+05 0.4023895E+12 0.4419960E+12 0.4508021E+12
   0.075 0.4747592E+05 0.4029843E+12 0.4432226E+12 0.4519165E+12
   0.076 0.5054358E+05 0.4027545E+12 0.4531566E+12 0.4571961E+12
   0.077 0.5092082E+05 0.4033313E+12 0.4544831E+12 0.4583770E+12
   0.078 0.5249524E+05 0.4049271E+12 0.4595707E+12 0.4592904E+12
   0.079 0.5289965E+05 0.4055087E+12 0.4609595E+12 0.4604636E+12
   0.080 0.5523479E+05 0.4057413E+12 0.4681310E+12 0.4612581E+12
   0.081 0.5564834E+05 0.4063083E+12 0.4695306E+12 0.4623990E+12
   0.082 0.6239131E+05 0.4063198E+12 0.4812475E+12 0.4831221E+12
   0.083 0.6320130E+05 0.4092059E+12 0.4822993E+12 0.4857980E+12
   0.084 0.6365048E+05 0.4097959E+12 0.4836888E+12 0.4870864E+12
   0.085 0.6412261E+05 0.4103656E+12 0.4852197E+12 0.4883867E+12
   0.086 0.6509384E+05 0.4108776E+12 0.4878437E+12 0.4895741E+12
   0.087 0.6554066E+05 0.4114544E+12 0.4892035E+12 0.4908386E+12
   0.088 0.7024168E+05 0.4222824E+12 0.4894805E+12 0.4991447E+12
   0.089 0.7109972E+05 0.4231231E+12 0.4922932E+12 0.5003220E+12
   0.090 0.7158341E+05 0.4237839E+12 0.4936200E+12 0.5016283E+12
   0.091 0.7206429E+05 0.4244394E+12 0.4949335E+12 0.5029281E+12
   0.092 0.7254253E+05 0.4250902E+12 0.4962344E+12 0.5042219E+12
   0.093 0.7301821E+05 0.4257367E+12 0.4975231E+12 0.5055098E+12
   0.094 0.7349114E+05 0.4263779E+12 0.4987993E+12 0.5067926E+12
   0.095 0.7583118E+05 0.4266620E+12 0.5032866E+12 0.5117780E+12
   0.096 0.7633205E+05 0.4272882E+12 0.5045951E+12 0.5131170E+12
   0.097 0.7683003E+05 0.4279099E+12 0.5058914E+12 0.5144502E+12
   0.098 0.7732510E+05 0.4285271E+12 0.5071754E+12 0.5157777E+12
   0.099 0.7781734E+05 0.4291400E+12 0.5084476E+12 0.5171000E+12
   0.100 0.7830681E+05 0.4297491E+12 0.5097082E+12 0.5184173E+12
   0.101 0.8058738E+05 0.4320035E+12 0.5139036E+12 0.5194826E+12
   0.102 0.8679879E+05 0.4362987E+12 0.5247098E+12 0.5200817E+12
   0.103 0.8743525E+05 0.4370152E+12 0.5261938E+12 0.5213598E+12
   0.104 0.8807149E+05 0.4377335E+12 0.5276720E+12 0.5226340E+12
   0.105 0.9149257E+05 0.4409722E+12 0.5328929E+12 0.5235802E+12
   0.106 0.9218057E+05 0.4417447E+12 0.5344266E+12 0.5248273E+12
   0.107 0.9286605E+05 0.4425187E+12 0.5359503E+12 0.5260644E+12
   0.108 0.9354870E+05 0.4432938E+12 0.5374645E+12 0.5272909E+12
   0.109 0.9422853E+05 0.4440694E+12 0.5389695E+12 0.5285071E+12
   0.110 0.9490558E+05 0.4448462E+12 0.5404652E+12 0.5297129E+12
   0.111 0.9558000E+05 0.4456255E+12 0.5419517E+12 0.5309079E+12
   0.112 0.9625181E+05 0.4464069E+12 0.5434300E+12 0.5320926E+12
   0.113 0.9692102E+05 0.4471905E+12 0.5449002E+12 0.5332674E+12
   0.114 0.1009021E+06 0.4478509E+12 0.5462943E+12 0.5375809E+12
   0.115 0.1016198E+06 0.4486327E+12 0.5477429E+12 0.5387860E+12
   0.116 0.1023368E+06 0.4494172E+12 0.5491890E+12 0.5399848E+12
   0.117 0.1030513E+06 0.4502026E+12 0.5506305E+12 0.5411752E+12
   0.118 0.1037632E+06 0.4509912E+12 0.5520665E+12 0.5423563E+12
   0.119 0.1044724E+06 0.4517828E+12 0.5534971E+12 0.5435282E+12
   0.120 0.1051791E+06 0.4525770E+12 0.5549224E+12 0.5446924E+12
   0.121 0.1066119E+06 0.4534531E+12 0.5563050E+12 0.5465479E+12
   0.122 0.1073256E+06 0.4542531E+12 0.5577184E+12 0.5477098E+12
   0.123 0.1080367E+06 0.4550553E+12 0.5591254E+12 0.5488648E+12
   0.124 0.1087454E+06 0.4558595E+12 0.5605259E+12 0.5500136E+12
   0.125 0.1094519E+06 0.4566661E+12 0.5619202E+12 0.5511568E+12
   0.126 0.1101574E+06 0.4574760E+12 0.5633101E+12 0.5522960E+12
   0.127 0.1179194E+06 0.4585018E+12 0.5690265E+12 0.5532440E+12
   0.128 0.1188146E+06 0.4593218E+12 0.5705211E+12 0.5543659E+12
   0.129 0.1197103E+06 0.4601448E+12 0.5720117E+12 0.5554843E+12
   0.130 0.1206034E+06 0.4609688E+12 0.5734949E+12 0.5565966E+12
   0.131 0.1344269E+06 0.4616324E+12 0.5747847E+12 0.5632710E+12
   0.132 0.1355074E+06 0.4624590E+12 0.5762549E+12 0.5644561E+12
   0.133 0.1365867E+06 0.4632876E+12 0.5777185E+12 0.5656360E+12
   0.134 0.1376700E+06 0.4641202E+12 0.5791810E+12 0.5668150E+12
   0.135 0.1387502E+06 0.4649534E+12 0.5806363E+12 0.5679878E+12
   0.136 0.1398280E+06 0.4657870E+12 0.5820856E+12 0.5691546E+12
   0.137 0.1851449E+06 0.4813365E+12 0.5830568E+12 0.5698467E+12
   0.138 0.1867083E+06 0.4823362E+12 0.5844912E+12 0.5710011E+12
   0.139 0.1882825E+06 0.4833415E+12 0.5859246E+12 0.5721555E+12
   0.140 0.1898555E+06 0.4843494E+12 0.5873509E+12 0.5733066E+12
   0.141 0.1914287E+06 0.4853597E+12 0.5887711E+12 0.5744544E+12
   0.142 0.1930031E+06 0.4863723E+12 0.5901866E+12 0.5755996E+12
   0.143 0.1945801E+06 0.4873876E+12 0.5915984E+12 0.5767432E+12
   0.144 0.1961551E+06 0.4884028E+12 0.5930036E+12 0.5778855E+12
   0.145 0.2177922E+06 0.4976524E+12 0.6026549E+12 0.5784681E+12
   0.146 0.2195904E+06 0.4987582E+12 0.6041428E+12 0.5796101E+12
   0.147 0.2213858E+06 0.4998627E+12 0.6056259E+12 0.5807535E+12
   0.148 0.2231768E+06 0.5009643E+12 0.6071041E+12 0.5818975E+12
   0.149 0.2249637E+06 0.5020629E+12 0.6085781E+12 0.5830419E+12
   0.150 0.2267466E+06 0.5031586E+12 0.6100480E+12 0.5841867E+12
   0.151 0.2285222E+06 0.5042499E+12 0.6115124E+12 0.5853301E+12
   0.152 0.2302891E+06 0.5053366E+12 0.6129709E+12 0.5864717E+12
   0.153 0.2320461E+06 0.5064181E+12 0.6144233E+12 0.5876109E+12
   0.154 0.2337929E+06 0.5074937E+12 0.6158694E+12 0.5887497E+12
   0.155 0.2355285E+06 0.5085634E+12 0.6173094E+12 0.5898872E+12
   0.156 0.2586769E+06 0.5094432E+12 0.6248034E+12 0.5915693E+12
   0.157 0.2607390E+06 0.5104978E+12 0.6263293E+12 0.5927113E+12
   0.158 0.2627828E+06 0.5115454E+12 0.6278470E+12 0.5938500E+12
   0.159 0.2729045E+06 0.5125052E+12 0.6318511E+12 0.5952944E+12
   0.160 0.2749715E+06 0.5135371E+12 0.6333708E+12 0.5964283E+12
   0.161 0.2770142E+06 0.5145608E+12 0.6348802E+12 0.5975578E+12
   0.162 0.2790312E+06 0.5155761E+12 0.6363788E+12 0.5986828E+12
   0.163 0.2810215E+06 0.5165824E+12 0.6378659E+12 0.5998031E+12
   0.164 0.2829838E+06 0.5175790E+12 0.6393420E+12 0.6009187E+12
   0.165 0.2849158E+06 0.5185651E+12 0.6408067E+12 0.6020299E+12
   0.166 0.2868174E+06 0.5195405E+12 0.6422601E+12 0.6031366E+12
   0.167 0.2886874E+06 0.5205047E+12 0.6437017E+12 0.6042383E+12
   0.168 0.2905247E+06 0.5214576E+12 0.6451309E+12 0.6053345E+12
   0.169 0.2923281E+06 0.5223990E+12 0.6465475E+12 0.6064249E+12
   0.170 0.2940965E+06 0.5233290E+12 0.6479511E+12 0.6075090E+12
   0.171 0.2958291E+06 0.5242480E+12 0.6493412E+12 0.6085869E+12
   0.172 0.2975253E+06 0.5251562E+12 0.6507181E+12 0.6096580E+12
   0.173 0.2991843E+06 0.5260537E+12 0.6520817E+12 0.6107221E+12
   0.174 0.3008057E+06 0.5269401E+12 0.6534319E+12 0.6117787E+12
   0.175 0.3023885E+06 0.5278155E+12 0.6547686E+12 0.6128277E+12
   0.176 0.3597957E+06 0.5397850E+12 0.6621169E+12 0.6134194E+12
   0.177 0.3618167E+06 0.5407405E+12 0.6634811E+12 0.6144480E+12
   0.178 0.3637843E+06 0.5416819E+12 0.6648303E+12 0.6154686E+12
   0.179 0.3656951E+06 0.5426084E+12 0.6661632E+12 0.6164805E+12
   0.180 0.3675475E+06 0.5435197E+12 0.6674797E+12 0.6174832E+12
   0.181 0.3693473E+06 0.5444174E+12 0.6687816E+12 0.6184784E+12
   0.182 0.3710873E+06 0.5453001E+12 0.6700664E+12 0.6194650E+12
   0.183 0.3727663E+06 0.5461673E+12 0.6713343E+12 0.6204434E+12
   0.184 0.3743840E+06 0.5470191E+12 0.6725855E+12 0.6214133E+12
   0.185 0.3759399E+06 0.5478554E+12 0.6738200E+12 0.6223743E+12
   0.186 0.3774400E+06 0.5486778E+12 0.6750402E+12 0.6233273E+12
   0.187 0.3788792E+06 0.5494846E+12 0.6762442E+12 0.6242722E+12
   0.188 0.3802571E+06 0.5502773E+12 0.6774312E+12 0.6252104E+12
   0.189 0.3815738E+06 0.5510559E+12 0.6786011E+12 0.6261415E+12
   0.190 0.4038485E+06 0.5545326E+12 0.6796553E+12 0.6283763E+12
   0.191 0.4051894E+06 0.5553014E+12 0.6807904E+12 0.6293017E+12
   0.192 0.4064616E+06 0.5560549E+12 0.6819082E+12 0.6302190E+12
   0.193 0.4076658E+06 0.5567929E+12 0.6830087E+12 0.6311278E+12
   0.194 0.4088022E+06 0.5575156E+12 0.6840920E+12 0.6320278E+12
   0.195 0.4098713E+06 0.5582231E+12 0.6851577E+12 0.6329184E+12
   0.196 0.4108741E+06 0.5589154E+12 0.6862060E+12 0.6337997E+12
   0.197 0.4118115E+06 0.5595926E+12 0.6872372E+12 0.6346714E+12
   0.198 0.4126844E+06 0.5602549E+12 0.6882512E+12 0.6355335E+12
   0.199 0.4134942E+06 0.5609023E+12 0.6892484E+12 0.6363860E+12
   0.200 0.4142422E+06 0.5615349E+12 0.6902289E+12 0.6372289E+12
