  STRAIN   SUBSTRUCTURE     MODE1     MODE2     MODE3
   0.000 0.0000000E+00 0.0000000E+00 0.0000000E+00 0.0000000E+00
   0.001 0.0000000E+00 0.0000000E+00 0.0000000E+00 0.0000000E+00
   0.002 0.0000000E+00 0.0000000E+00 0.0000000E+00 0.0000000E+00
   0.003 0.0000000E+00 0.0000000E+00 0.0000000E+00 0.0000000E+00
   0.004 0.0000000E+00 0.0000000E+00 0.0000000E+00 0.0000000E+00
   0.005 0.0000000E+00 0.0000000E+00 0.0000000E+00 0.0000000E+00
   0.006 0.0000000E+00 0.0000000E+00 0.0000000E+00 0.0000000E+00
   0.007 0.0000000E+00 0.0000000E+00 0.0000000E+00 0.0000000E+00
   0.008 0.0000000E+00 0.0000000E+00 0.0000000E+00 0.0000000E+00
   0.009 0.0000000E+00 0.0000000E+00 0.0000000E+00 0.0000000E+00
   0.010 0.0000000E+00 0.0000000E+00 0.0000000E+00 0.0000000E+00
   0.011 0.0000000E+00 0.0000000E+00 0.0000000E+00 0.0000000E+00
   0.012 0.0000000E+00 0.0000000E+00 0.0000000E+00 0.0000000E+00
   0.013 0.0000000E+00 0.0000000E+00 0.0000000E+00 0.0000000E+00
   0.014 0.0000000E+00 0.0000000E+00 0.0000000E+00 0.0000000E+00
   0.015 0.0000000E+00 0.0000000E+00 0.0000000E+00 0.0000000E+00
   0.016 0.0000000E+00 0.0000000E+00 0.0000000E+00 0.0000000E+00
   0.017 0.0000000E+00 0.0000000E+00 0.0000000E+00 0.0000000E+00
   0.018 0.0000000E+00 0.0000000E+00 0.0000000E+00 0.0000000E+00
   0.019 0.0000000E+00 0.0000000E+00 0.0000000E+00 0.0000000E+00
   0.020 0.0000000E+00 0.0000000E+00 0.0000000E+00 0.0000000E+00
   0.021 0.0000000E+00 0.0000000E+00 0.0000000E+00 0.0000000E+00
   0.022 0.0000000E+00 0.0000000E+00 0.0000000E+00 0.0000000E+00
   0.023 0.0000000E+00 0.0000000E+00 0.0000000E+00 0.0000000E+00
   0.024 0.0000000E+00 0.0000000E+00 0.0000000E+00 0.0000000E+00
   0.025 0.0000000E+00 0.0000000E+00 0.0000000E+00 0.0000000E+00
   0.026 0.0000000E+00 0.0000000E+00 0.0000000E+00 0.0000000E+00
   0.027 0.0000000E+00 0.0000000E+00 0.0000000E+00 0.0000000E+00
   0.028 0.0000000E+00 0.0000000E+00 0.0000000E+00 0.0000000E+00
   0.029 0.0000000E+00 0.0000000E+00 0.0000000E+00 0.0000000E+00
   0.030 0.0000000E+00 0.0000000E+00 0.0000000E+00 0.0000000E+00
   0.031 0.0000000E+00 0.0000000E+00 0.0000000E+00 0.0000000E+00
   0.032 0.0000000E+00 0.0000000E+00 0.0000000E+00 0.0000000E+00
   0.033 0.0000000E+00 0.0000000E+00 0.0000000E+00 0.0000000E+00
   0.034 0.0000000E+00 0.0000000E+00 0.0000000E+00 0.0000000E+00
   0.035 0.0000000E+00 0.0000000E+00 0.0000000E+00 0.0000000E+00
   0.036 0.0000000E+00 0.0000000E+00 0.0000000E+00 0.0000000E+00
   0.037 0.0000000E+00 0.0000000E+00 0.0000000E+00 0.0000000E+00
   0.038 0.0000000E+00 0.0000000E+00 0.0000000E+00 0.0000000E+00
   0.039 0.0000000E+00 0.0000000E+00 0.0000000E+00 0.0000000E+00
   0.040 0.0000000E+00 0.0000000E+00 0.0000000E+00 0.0000000E+00
   0.041 0.0000000E+00 0.0000000E+00 0.0000000E+00 0.0000000E+00
   0.042 0.0000000E+00 0.0000000E+00 0.0000000E+00 0.0000000E+00
   0.043 0.0000000E+00 0.0000000E+00 0.0000000E+00 0.0000000E+00
   0.044 0.0000000E+00 0.0000000E+00 0.0000000E+00 0.0000000E+00
   0.045 0.0000000E+00 0.0000000E+00 0.0000000E+00 0.0000000E+00
   0.046 0.0000000E+00 0.0000000E+00 0.0000000E+00 0.0000000E+00
   0.047 0.0000000E+00 0.0000000E+00 0.0000000E+00 0.0000000E+00
   0.048 0.0000000E+00 0.0000000E+00 0.0000000E+00 0.0000000E+00
   0.049 0.0000000E+00 0.0000000E+00 0.0000000E+00 0.0000000E+00
   0.050 0.0000000E+00 0.0000000E+00 0.0000000E+00 0.0000000E+00
   0.051 0.0000000E+00 0.0000000E+00 0.0000000E+00 0.0000000E+00
   0.052 0.0000000E+00 0.0000000E+00 0.0000000E+00 0.0000000E+00
   0.053 0.0000000E+00 0.0000000E+00 0.0000000E+00 0.0000000E+00
   0.054 0.0000000E+00 0.0000000E+00 0.0000000E+00 0.0000000E+00
   0.055 0.0000000E+00 0.0000000E+00 0.0000000E+00 0.0000000E+00
   0.056 0.0000000E+00 0.0000000E+00 0.0000000E+00 0.0000000E+00
   0.057 0.0000000E+00 0.0000000E+00 0.0000000E+00 0.0000000E+00
   0.058 0.0000000E+00 0.0000000E+00 0.0000000E+00 0.0000000E+00
   0.059 0.0000000E+00 0.0000000E+00 0.0000000E+00 0.0000000E+00
   0.060 0.0000000E+00 0.0000000E+00 0.0000000E+00 0.0000000E+00
   0.061 0.0000000E+00 0.0000000E+00 0.0000000E+00 0.0000000E+00
   0.062 0.0000000E+00 0.0000000E+00 0.0000000E+00 0.0000000E+00
   0.063 0.0000000E+00 0.0000000E+00 0.0000000E+00 0.0000000E+00
   0.064 0.0000000E+00 0.0000000E+00 0.0000000E+00 0.0000000E+00
   0.065 0.0000000E+00 0.0000000E+00 0.0000000E+00 0.0000000E+00
   0.066 0.0000000E+00 0.0000000E+00 0.0000000E+00 0.0000000E+00
   0.067 0.0000000E+00 0.0000000E+00 0.0000000E+00 0.0000000E+00
   0.068 0.0000000E+00 0.0000000E+00 0.0000000E+00 0.0000000E+00
   0.069 0.0000000E+00 0.0000000E+00 0.0000000E+00 0.0000000E+00
   0.070 0.0000000E+00 0.0000000E+00 0.0000000E+00 0.0000000E+00
   0.071 0.0000000E+00 0.0000000E+00 0.0000000E+00 0.0000000E+00
   0.072 0.0000000E+00 0.0000000E+00 0.0000000E+00 0.0000000E+00
   0.073 0.0000000E+00 0.0000000E+00 0.0000000E+00 0.0000000E+00
   0.074 0.0000000E+00 0.0000000E+00 0.0000000E+00 0.0000000E+00
   0.075 0.0000000E+00 0.0000000E+00 0.0000000E+00 0.0000000E+00
   0.076 0.0000000E+00 0.0000000E+00 0.0000000E+00 0.0000000E+00
   0.077 0.0000000E+00 0.0000000E+00 0.0000000E+00 0.0000000E+00
   0.078 0.0000000E+00 0.0000000E+00 0.0000000E+00 0.0000000E+00
   0.079 0.0000000E+00 0.0000000E+00 0.0000000E+00 0.0000000E+00
   0.080 0.0000000E+00 0.0000000E+00 0.0000000E+00 0.0000000E+00
   0.081 0.0000000E+00 0.0000000E+00 0.0000000E+00 0.0000000E+00
   0.082 0.0000000E+00 0.0000000E+00 0.0000000E+00 0.0000000E+00
   0.083 0.0000000E+00 0.0000000E+00 0.0000000E+00 0.0000000E+00
   0.084 0.0000000E+00 0.0000000E+00 0.0000000E+00 0.0000000E+00
   0.085 0.0000000E+00 0.0000000E+00 0.0000000E+00 0.0000000E+00
   0.086 0.0000000E+00 0.0000000E+00 0.0000000E+00 0.0000000E+00
   0.087 0.0000000E+00 0.0000000E+00 0.0000000E+00 0.0000000E+00
   0.088 0.0000000E+00 0.0000000E+00 0.0000000E+00 0.0000000E+00
   0.089 0.0000000E+00 0.0000000E+00 0.0000000E+00 0.0000000E+00
   0.090 0.0000000E+00 0.0000000E+00 0.0000000E+00 0.0000000E+00
   0.091 0.0000000E+00 0.0000000E+00 0.0000000E+00 0.0000000E+00
   0.092 0.0000000E+00 0.0000000E+00 0.0000000E+00 0.0000000E+00
   0.093 0.0000000E+00 0.0000000E+00 0.0000000E+00 0.0000000E+00
   0.094 0.0000000E+00 0.0000000E+00 0.0000000E+00 0.0000000E+00
   0.095 0.0000000E+00 0.0000000E+00 0.0000000E+00 0.0000000E+00
   0.096 0.0000000E+00 0.0000000E+00 0.0000000E+00 0.0000000E+00
   0.097 0.0000000E+00 0.0000000E+00 0.0000000E+00 0.0000000E+00
   0.098 0.0000000E+00 0.0000000E+00 0.0000000E+00 0.0000000E+00
   0.099 0.0000000E+00 0.0000000E+00 0.0000000E+00 0.0000000E+00
   0.100 0.0000000E+00 0.0000000E+00 0.0000000E+00 0.0000000E+00
   0.101 0.0000000E+00 0.0000000E+00 0.0000000E+00 0.0000000E+00
   0.102 0.0000000E+00 0.0000000E+00 0.0000000E+00 0.0000000E+00
   0.103 0.0000000E+00 0.0000000E+00 0.0000000E+00 0.0000000E+00
   0.104 0.0000000E+00 0.0000000E+00 0.0000000E+00 0.0000000E+00
   0.105 0.0000000E+00 0.0000000E+00 0.0000000E+00 0.0000000E+00
   0.106 0.0000000E+00 0.0000000E+00 0.0000000E+00 0.0000000E+00
   0.107 0.0000000E+00 0.0000000E+00 0.0000000E+00 0.0000000E+00
   0.108 0.0000000E+00 0.0000000E+00 0.0000000E+00 0.0000000E+00
   0.109 0.0000000E+00 0.0000000E+00 0.0000000E+00 0.0000000E+00
   0.110 0.0000000E+00 0.0000000E+00 0.0000000E+00 0.0000000E+00
   0.111 0.0000000E+00 0.0000000E+00 0.0000000E+00 0.0000000E+00
   0.112 0.0000000E+00 0.0000000E+00 0.0000000E+00 0.0000000E+00
   0.113 0.0000000E+00 0.0000000E+00 0.0000000E+00 0.0000000E+00
   0.114 0.0000000E+00 0.0000000E+00 0.0000000E+00 0.0000000E+00
   0.115 0.0000000E+00 0.0000000E+00 0.0000000E+00 0.0000000E+00
   0.116 0.0000000E+00 0.0000000E+00 0.0000000E+00 0.0000000E+00
   0.117 0.0000000E+00 0.0000000E+00 0.0000000E+00 0.0000000E+00
   0.118 0.0000000E+00 0.0000000E+00 0.0000000E+00 0.0000000E+00
   0.119 0.0000000E+00 0.0000000E+00 0.0000000E+00 0.0000000E+00
   0.120 0.0000000E+00 0.0000000E+00 0.0000000E+00 0.0000000E+00
   0.121 0.0000000E+00 0.0000000E+00 0.0000000E+00 0.0000000E+00
   0.122 0.0000000E+00 0.0000000E+00 0.0000000E+00 0.0000000E+00
   0.123 0.0000000E+00 0.0000000E+00 0.0000000E+00 0.0000000E+00
   0.124 0.0000000E+00 0.0000000E+00 0.0000000E+00 0.0000000E+00
   0.125 0.0000000E+00 0.0000000E+00 0.0000000E+00 0.0000000E+00
   0.126 0.0000000E+00 0.0000000E+00 0.0000000E+00 0.0000000E+00
   0.127 0.0000000E+00 0.0000000E+00 0.0000000E+00 0.0000000E+00
   0.128 0.0000000E+00 0.0000000E+00 0.0000000E+00 0.0000000E+00
   0.129 0.0000000E+00 0.0000000E+00 0.0000000E+00 0.0000000E+00
   0.130 0.0000000E+00 0.0000000E+00 0.0000000E+00 0.0000000E+00
   0.131 0.0000000E+00 0.0000000E+00 0.0000000E+00 0.0000000E+00
   0.132 0.0000000E+00 0.0000000E+00 0.0000000E+00 0.0000000E+00
   0.133 0.0000000E+00 0.0000000E+00 0.0000000E+00 0.0000000E+00
   0.134 0.0000000E+00 0.0000000E+00 0.0000000E+00 0.0000000E+00
   0.135 0.0000000E+00 0.0000000E+00 0.0000000E+00 0.0000000E+00
   0.136 0.0000000E+00 0.0000000E+00 0.0000000E+00 0.0000000E+00
   0.137 0.0000000E+00 0.0000000E+00 0.0000000E+00 0.0000000E+00
   0.138 0.0000000E+00 0.0000000E+00 0.0000000E+00 0.0000000E+00
   0.139 0.0000000E+00 0.0000000E+00 0.0000000E+00 0.0000000E+00
   0.140 0.0000000E+00 0.0000000E+00 0.0000000E+00 0.0000000E+00
   0.141 0.0000000E+00 0.0000000E+00 0.0000000E+00 0.0000000E+00
   0.142 0.0000000E+00 0.0000000E+00 0.0000000E+00 0.0000000E+00
   0.143 0.0000000E+00 0.0000000E+00 0.0000000E+00 0.0000000E+00
   0.144 0.0000000E+00 0.0000000E+00 0.0000000E+00 0.0000000E+00
   0.145 0.0000000E+00 0.0000000E+00 0.0000000E+00 0.0000000E+00
   0.146 0.0000000E+00 0.0000000E+00 0.0000000E+00 0.0000000E+00
   0.147 0.0000000E+00 0.0000000E+00 0.0000000E+00 0.0000000E+00
   0.148 0.0000000E+00 0.0000000E+00 0.0000000E+00 0.0000000E+00
   0.149 0.0000000E+00 0.0000000E+00 0.0000000E+00 0.0000000E+00
   0.150 0.0000000E+00 0.0000000E+00 0.0000000E+00 0.0000000E+00
   0.151 0.0000000E+00 0.0000000E+00 0.0000000E+00 0.0000000E+00
   0.152 0.0000000E+00 0.0000000E+00 0.0000000E+00 0.0000000E+00
   0.153 0.0000000E+00 0.0000000E+00 0.0000000E+00 0.0000000E+00
   0.154 0.0000000E+00 0.0000000E+00 0.0000000E+00 0.0000000E+00
   0.155 0.0000000E+00 0.0000000E+00 0.0000000E+00 0.0000000E+00
   0.156 0.0000000E+00 0.0000000E+00 0.0000000E+00 0.0000000E+00
   0.157 0.0000000E+00 0.0000000E+00 0.0000000E+00 0.0000000E+00
   0.158 0.0000000E+00 0.0000000E+00 0.0000000E+00 0.0000000E+00
   0.159 0.0000000E+00 0.0000000E+00 0.0000000E+00 0.0000000E+00
   0.160 0.0000000E+00 0.0000000E+00 0.0000000E+00 0.0000000E+00
   0.161 0.0000000E+00 0.0000000E+00 0.0000000E+00 0.0000000E+00
   0.162 0.0000000E+00 0.0000000E+00 0.0000000E+00 0.0000000E+00
   0.163 0.0000000E+00 0.0000000E+00 0.0000000E+00 0.0000000E+00
   0.164 0.0000000E+00 0.0000000E+00 0.0000000E+00 0.0000000E+00
   0.165 0.0000000E+00 0.0000000E+00 0.0000000E+00 0.0000000E+00
   0.166 0.0000000E+00 0.0000000E+00 0.0000000E+00 0.0000000E+00
   0.167 0.0000000E+00 0.0000000E+00 0.0000000E+00 0.0000000E+00
   0.168 0.0000000E+00 0.0000000E+00 0.0000000E+00 0.0000000E+00
   0.169 0.0000000E+00 0.0000000E+00 0.0000000E+00 0.0000000E+00
   0.170 0.0000000E+00 0.0000000E+00 0.0000000E+00 0.0000000E+00
   0.171 0.0000000E+00 0.0000000E+00 0.0000000E+00 0.0000000E+00
   0.172 0.0000000E+00 0.0000000E+00 0.0000000E+00 0.0000000E+00
   0.173 0.0000000E+00 0.0000000E+00 0.0000000E+00 0.0000000E+00
   0.174 0.0000000E+00 0.0000000E+00 0.0000000E+00 0.0000000E+00
   0.175 0.0000000E+00 0.0000000E+00 0.0000000E+00 0.0000000E+00
   0.176 0.0000000E+00 0.0000000E+00 0.0000000E+00 0.0000000E+00
   0.177 0.0000000E+00 0.0000000E+00 0.0000000E+00 0.0000000E+00
   0.178 0.0000000E+00 0.0000000E+00 0.0000000E+00 0.0000000E+00
   0.179 0.0000000E+00 0.0000000E+00 0.0000000E+00 0.0000000E+00
   0.180 0.0000000E+00 0.0000000E+00 0.0000000E+00 0.0000000E+00
   0.181 0.0000000E+00 0.0000000E+00 0.0000000E+00 0.0000000E+00
   0.182 0.0000000E+00 0.0000000E+00 0.0000000E+00 0.0000000E+00
   0.183 0.0000000E+00 0.0000000E+00 0.0000000E+00 0.0000000E+00
   0.184 0.0000000E+00 0.0000000E+00 0.0000000E+00 0.0000000E+00
   0.185 0.0000000E+00 0.0000000E+00 0.0000000E+00 0.0000000E+00
   0.186 0.0000000E+00 0.0000000E+00 0.0000000E+00 0.0000000E+00
   0.187 0.0000000E+00 0.0000000E+00 0.0000000E+00 0.0000000E+00
   0.188 0.0000000E+00 0.0000000E+00 0.0000000E+00 0.0000000E+00
   0.189 0.0000000E+00 0.0000000E+00 0.0000000E+00 0.0000000E+00
   0.190 0.0000000E+00 0.0000000E+00 0.0000000E+00 0.0000000E+00
   0.191 0.0000000E+00 0.0000000E+00 0.0000000E+00 0.0000000E+00
   0.192 0.0000000E+00 0.0000000E+00 0.0000000E+00 0.0000000E+00
   0.193 0.0000000E+00 0.0000000E+00 0.0000000E+00 0.0000000E+00
   0.194 0.0000000E+00 0.0000000E+00 0.0000000E+00 0.0000000E+00
   0.195 0.0000000E+00 0.0000000E+00 0.0000000E+00 0.0000000E+00
   0.196 0.0000000E+00 0.0000000E+00 0.0000000E+00 0.0000000E+00
   0.197 0.0000000E+00 0.0000000E+00 0.0000000E+00 0.0000000E+00
   0.198 0.0000000E+00 0.0000000E+00 0.0000000E+00 0.0000000E+00
   0.199 0.0000000E+00 0.0000000E+00 0.0000000E+00 0.0000000E+00
   0.200 0.0000000E+00 0.0000000E+00 0.0000000E+00 0.0000000E+00
