          %Evm          Svm            E11          E22          E33          E23          E13          E12         SCAU11       SCAU22       SCAU33       SCAU23       SCAU13       SCAU12      TEMP
  0.00000E+00  0.19445E+03    0.00000E+00  0.00000E+00  0.00000E+00  0.00000E+00  0.00000E+00  0.00000E+00   -0.19431E+03  0.00000E+00  0.00000E+00 -0.40208E+01 -0.31486E-01 -0.10305E+01
  0.99932E-03  0.19786E+03   -0.10000E-02  0.54771E-03  0.45229E-03  0.00000E+00  0.00000E+00  0.00000E+00   -0.19772E+03  0.00000E+00  0.00000E+00 -0.43131E+01 -0.10322E+00 -0.10299E+01
  0.19986E-02  0.19832E+03   -0.20000E-02  0.10939E-02  0.90609E-03  0.00000E+00  0.00000E+00  0.00000E+00   -0.19818E+03  0.00000E+00  0.00000E+00 -0.41850E+01 -0.65680E-01 -0.10504E+01
  0.29979E-02  0.19885E+03   -0.30000E-02  0.16401E-02  0.13599E-02  0.00000E+00  0.00000E+00  0.00000E+00   -0.19871E+03  0.00000E+00  0.00000E+00 -0.41690E+01 -0.53170E-01 -0.10593E+01
  0.39971E-02  0.19938E+03   -0.40000E-02  0.21862E-02  0.18138E-02  0.00000E+00  0.00000E+00  0.00000E+00   -0.19924E+03  0.00000E+00  0.00000E+00 -0.41418E+01 -0.34466E-01 -0.10616E+01
  0.49965E-02  0.19992E+03   -0.50000E-02  0.27324E-02  0.22676E-02  0.00000E+00  0.00000E+00  0.00000E+00   -0.19978E+03  0.00000E+00  0.00000E+00 -0.41094E+01 -0.31726E-01 -0.10596E+01
  0.59958E-02  0.20043E+03   -0.60000E-02  0.32786E-02  0.27214E-02  0.00000E+00  0.00000E+00  0.00000E+00   -0.20029E+03  0.00000E+00  0.00000E+00 -0.40843E+01 -0.23365E-01 -0.10738E+01
  0.69951E-02  0.20100E+03   -0.70000E-02  0.38247E-02  0.31753E-02  0.00000E+00  0.00000E+00  0.00000E+00   -0.20086E+03  0.00000E+00  0.00000E+00 -0.40675E+01 -0.27655E-01 -0.10933E+01
  0.79945E-02  0.20160E+03   -0.80000E-02  0.43709E-02  0.36291E-02  0.00000E+00  0.00000E+00  0.00000E+00   -0.20147E+03  0.00000E+00  0.00000E+00 -0.40503E+01 -0.19313E-01 -0.10965E+01
  0.89938E-02  0.20214E+03   -0.90000E-02  0.49172E-02  0.40828E-02  0.00000E+00  0.00000E+00  0.00000E+00   -0.20201E+03  0.00000E+00  0.00000E+00 -0.40206E+01  0.12643E-01 -0.11054E+01
  0.99932E-02  0.20278E+03   -0.10000E-01  0.54636E-02  0.45364E-02  0.00000E+00  0.00000E+00  0.00000E+00   -0.20265E+03  0.00000E+00  0.00000E+00 -0.39771E+01  0.49010E-01 -0.11035E+01
  0.10993E-01  0.20332E+03   -0.11000E-01  0.60101E-02  0.49899E-02  0.00000E+00  0.00000E+00  0.00000E+00   -0.20320E+03  0.00000E+00  0.00000E+00 -0.39551E+01  0.29145E-01 -0.11053E+01
  0.11992E-01  0.20372E+03   -0.12000E-01  0.65566E-02  0.54434E-02  0.00000E+00  0.00000E+00  0.00000E+00   -0.20360E+03  0.00000E+00  0.00000E+00 -0.39118E+01  0.38568E-01 -0.11182E+01
  0.12991E-01  0.20471E+03   -0.13000E-01  0.71032E-02  0.58968E-02  0.00000E+00  0.00000E+00  0.00000E+00   -0.20459E+03  0.00000E+00  0.00000E+00 -0.38625E+01  0.56727E-01 -0.11577E+01
  0.13991E-01  0.20501E+03   -0.14000E-01  0.76500E-02  0.63500E-02  0.00000E+00  0.00000E+00  0.00000E+00   -0.20490E+03  0.00000E+00  0.00000E+00 -0.38286E+01  0.58118E-01 -0.11178E+01
  0.14990E-01  0.20560E+03   -0.15000E-01  0.81967E-02  0.68033E-02  0.00000E+00  0.00000E+00  0.00000E+00   -0.20549E+03  0.00000E+00  0.00000E+00 -0.37952E+01  0.44411E-01 -0.11308E+01
  0.15990E-01  0.20624E+03   -0.16000E-01  0.87435E-02  0.72565E-02  0.00000E+00  0.00000E+00  0.00000E+00   -0.20613E+03  0.00000E+00  0.00000E+00 -0.37650E+01  0.61678E-01 -0.11621E+01
  0.16989E-01  0.20718E+03   -0.17000E-01  0.92904E-02  0.77096E-02  0.00000E+00  0.00000E+00  0.00000E+00   -0.20707E+03  0.00000E+00  0.00000E+00 -0.36989E+01  0.74553E-01 -0.11888E+01
  0.17989E-01  0.20804E+03   -0.18000E-01  0.98373E-02  0.81627E-02  0.00000E+00  0.00000E+00  0.00000E+00   -0.20793E+03  0.00000E+00  0.00000E+00 -0.37579E+01  0.66213E-01 -0.11518E+01
  0.18988E-01  0.20860E+03   -0.19000E-01  0.10385E-01  0.86154E-02  0.00000E+00  0.00000E+00  0.00000E+00   -0.20849E+03  0.00000E+00  0.00000E+00 -0.37375E+01  0.93984E-01 -0.11728E+01
  0.19987E-01  0.20917E+03   -0.20000E-01  0.10932E-01  0.90680E-02  0.00000E+00  0.00000E+00  0.00000E+00   -0.20906E+03  0.00000E+00  0.00000E+00 -0.36507E+01  0.58731E-01 -0.11600E+01
  0.20987E-01  0.20985E+03   -0.21000E-01  0.11480E-01  0.95205E-02  0.00000E+00  0.00000E+00  0.00000E+00   -0.20974E+03  0.00000E+00  0.00000E+00 -0.36431E+01  0.83871E-01 -0.12002E+01
  0.21986E-01  0.21056E+03   -0.22000E-01  0.12027E-01  0.99728E-02  0.00000E+00  0.00000E+00  0.00000E+00   -0.21046E+03  0.00000E+00  0.00000E+00 -0.36650E+01  0.11244E+00 -0.11814E+01
  0.22986E-01  0.21146E+03   -0.23000E-01  0.12575E-01  0.10425E-01  0.00000E+00  0.00000E+00  0.00000E+00   -0.21136E+03  0.00000E+00  0.00000E+00 -0.35330E+01  0.12366E+00 -0.11955E+01
  0.23986E-01  0.21223E+03   -0.24000E-01  0.13123E-01  0.10877E-01  0.00000E+00  0.00000E+00  0.00000E+00   -0.21213E+03  0.00000E+00  0.00000E+00 -0.36535E+01  0.13467E+00 -0.12432E+01
  0.24985E-01  0.21296E+03   -0.25000E-01  0.13671E-01  0.11329E-01  0.00000E+00  0.00000E+00  0.00000E+00   -0.21287E+03  0.00000E+00  0.00000E+00 -0.35445E+01  0.13125E+00 -0.12104E+01
  0.25985E-01  0.21383E+03   -0.26000E-01  0.14219E-01  0.11781E-01  0.00000E+00  0.00000E+00  0.00000E+00   -0.21373E+03  0.00000E+00  0.00000E+00 -0.34788E+01  0.13197E+00 -0.11757E+01
  0.26984E-01  0.21458E+03   -0.27000E-01  0.14768E-01  0.12232E-01  0.00000E+00  0.00000E+00  0.00000E+00   -0.21449E+03  0.00000E+00  0.00000E+00 -0.35053E+01  0.16081E+00 -0.12190E+01
  0.27984E-01  0.21530E+03   -0.28000E-01  0.15316E-01  0.12684E-01  0.00000E+00  0.00000E+00  0.00000E+00   -0.21521E+03  0.00000E+00  0.00000E+00 -0.34491E+01  0.16453E+00 -0.12029E+01
  0.28983E-01  0.21600E+03   -0.29000E-01  0.15865E-01  0.13135E-01  0.00000E+00  0.00000E+00  0.00000E+00   -0.21591E+03  0.00000E+00  0.00000E+00 -0.34282E+01  0.17854E+00 -0.12209E+01
  0.29983E-01  0.21669E+03   -0.30000E-01  0.16414E-01  0.13586E-01  0.00000E+00  0.00000E+00  0.00000E+00   -0.21660E+03  0.00000E+00  0.00000E+00 -0.34201E+01  0.19884E+00 -0.12192E+01
  0.30982E-01  0.21740E+03   -0.31000E-01  0.16962E-01  0.14038E-01  0.00000E+00  0.00000E+00  0.00000E+00   -0.21731E+03  0.00000E+00  0.00000E+00 -0.33777E+01  0.21890E+00 -0.12185E+01
  0.31982E-01  0.21814E+03   -0.32000E-01  0.17511E-01  0.14489E-01  0.00000E+00  0.00000E+00  0.00000E+00   -0.21805E+03  0.00000E+00  0.00000E+00 -0.33363E+01  0.26754E+00 -0.12481E+01
  0.32982E-01  0.21901E+03   -0.33000E-01  0.18060E-01  0.14940E-01  0.00000E+00  0.00000E+00  0.00000E+00   -0.21892E+03  0.00000E+00  0.00000E+00 -0.33579E+01  0.35969E+00 -0.12175E+01
  0.33981E-01  0.21972E+03   -0.34000E-01  0.18609E-01  0.15391E-01  0.00000E+00  0.00000E+00  0.00000E+00   -0.21963E+03  0.00000E+00  0.00000E+00 -0.33069E+01  0.33266E+00 -0.12209E+01
  0.34981E-01  0.22051E+03   -0.35000E-01  0.19158E-01  0.15842E-01  0.00000E+00  0.00000E+00  0.00000E+00   -0.22042E+03  0.00000E+00  0.00000E+00 -0.32536E+01  0.37513E+00 -0.12471E+01
  0.35980E-01  0.22129E+03   -0.36000E-01  0.19707E-01  0.16293E-01  0.00000E+00  0.00000E+00  0.00000E+00   -0.22120E+03  0.00000E+00  0.00000E+00 -0.32529E+01  0.39158E+00 -0.12570E+01
  0.36980E-01  0.22205E+03   -0.37000E-01  0.20256E-01  0.16744E-01  0.00000E+00  0.00000E+00  0.00000E+00   -0.22197E+03  0.00000E+00  0.00000E+00 -0.31931E+01  0.40312E+00 -0.12276E+01
  0.37980E-01  0.22317E+03   -0.38000E-01  0.20805E-01  0.17195E-01  0.00000E+00  0.00000E+00  0.00000E+00   -0.22309E+03  0.00000E+00  0.00000E+00 -0.31656E+01  0.46058E+00 -0.12477E+01
  0.38979E-01  0.22370E+03   -0.39000E-01  0.21354E-01  0.17646E-01  0.00000E+00  0.00000E+00  0.00000E+00   -0.22362E+03  0.00000E+00  0.00000E+00 -0.31563E+01  0.52269E+00 -0.12382E+01
  0.39979E-01  0.22446E+03   -0.40000E-01  0.21903E-01  0.18097E-01  0.00000E+00  0.00000E+00  0.00000E+00   -0.22439E+03  0.00000E+00  0.00000E+00 -0.31476E+01  0.54216E+00 -0.12246E+01
  0.40979E-01  0.22526E+03   -0.41000E-01  0.22452E-01  0.18548E-01  0.00000E+00  0.00000E+00  0.00000E+00   -0.22519E+03  0.00000E+00  0.00000E+00 -0.31154E+01  0.53289E+00 -0.12224E+01
  0.41978E-01  0.22607E+03   -0.42000E-01  0.23001E-01  0.18999E-01  0.00000E+00  0.00000E+00  0.00000E+00   -0.22599E+03  0.00000E+00  0.00000E+00 -0.31356E+01  0.57535E+00 -0.11968E+01
  0.42978E-01  0.22682E+03   -0.43000E-01  0.23550E-01  0.19450E-01  0.00000E+00  0.00000E+00  0.00000E+00   -0.22674E+03  0.00000E+00  0.00000E+00 -0.31061E+01  0.60509E+00 -0.12077E+01
  0.43978E-01  0.22761E+03   -0.44000E-01  0.24099E-01  0.19901E-01  0.00000E+00  0.00000E+00  0.00000E+00   -0.22753E+03  0.00000E+00  0.00000E+00 -0.31420E+01  0.61774E+00 -0.12111E+01
  0.44977E-01  0.22840E+03   -0.45000E-01  0.24648E-01  0.20352E-01  0.00000E+00  0.00000E+00  0.00000E+00   -0.22833E+03  0.00000E+00  0.00000E+00 -0.30825E+01  0.64568E+00 -0.12090E+01
  0.45977E-01  0.22936E+03   -0.46000E-01  0.25197E-01  0.20803E-01  0.00000E+00  0.00000E+00  0.00000E+00   -0.22929E+03  0.00000E+00  0.00000E+00 -0.30173E+01  0.70843E+00 -0.12193E+01
  0.46977E-01  0.23009E+03   -0.47000E-01  0.25746E-01  0.21254E-01  0.00000E+00  0.00000E+00  0.00000E+00   -0.23001E+03  0.00000E+00  0.00000E+00 -0.30302E+01  0.70767E+00 -0.12147E+01
  0.47976E-01  0.23084E+03   -0.48000E-01  0.26296E-01  0.21704E-01  0.00000E+00  0.00000E+00  0.00000E+00   -0.23077E+03  0.00000E+00  0.00000E+00 -0.30147E+01  0.73124E+00 -0.12161E+01
  0.48976E-01  0.23163E+03   -0.49000E-01  0.26845E-01  0.22155E-01  0.00000E+00  0.00000E+00  0.00000E+00   -0.23156E+03  0.00000E+00  0.00000E+00 -0.29980E+01  0.77674E+00 -0.12215E+01
  0.49976E-01  0.23242E+03   -0.50000E-01  0.27395E-01  0.22605E-01  0.00000E+00  0.00000E+00  0.00000E+00   -0.23235E+03  0.00000E+00  0.00000E+00 -0.29816E+01  0.80079E+00 -0.12236E+01
  0.50975E-01  0.23320E+03   -0.51000E-01  0.27944E-01  0.23056E-01  0.00000E+00  0.00000E+00  0.00000E+00   -0.23312E+03  0.00000E+00  0.00000E+00 -0.29631E+01  0.82820E+00 -0.12272E+01
  0.51975E-01  0.23397E+03   -0.52000E-01  0.28494E-01  0.23506E-01  0.00000E+00  0.00000E+00  0.00000E+00   -0.23390E+03  0.00000E+00  0.00000E+00 -0.29443E+01  0.85686E+00 -0.12307E+01
  0.52975E-01  0.23510E+03   -0.53000E-01  0.29044E-01  0.23956E-01  0.00000E+00  0.00000E+00  0.00000E+00   -0.23503E+03  0.00000E+00  0.00000E+00 -0.29129E+01  0.85969E+00 -0.12267E+01
  0.53974E-01  0.23564E+03   -0.54000E-01  0.29594E-01  0.24406E-01  0.00000E+00  0.00000E+00  0.00000E+00   -0.23557E+03  0.00000E+00  0.00000E+00 -0.28903E+01  0.90896E+00 -0.12373E+01
  0.54974E-01  0.23642E+03   -0.55000E-01  0.30144E-01  0.24856E-01  0.00000E+00  0.00000E+00  0.00000E+00   -0.23635E+03  0.00000E+00  0.00000E+00 -0.28702E+01  0.93913E+00 -0.12398E+01
  0.55974E-01  0.23723E+03   -0.56000E-01  0.30694E-01  0.25306E-01  0.00000E+00  0.00000E+00  0.00000E+00   -0.23716E+03  0.00000E+00  0.00000E+00 -0.28634E+01  0.97108E+00 -0.12404E+01
  0.56974E-01  0.23804E+03   -0.57000E-01  0.31244E-01  0.25756E-01  0.00000E+00  0.00000E+00  0.00000E+00   -0.23798E+03  0.00000E+00  0.00000E+00 -0.28350E+01  0.10061E+01 -0.12513E+01
  0.57973E-01  0.23885E+03   -0.58000E-01  0.31794E-01  0.26206E-01  0.00000E+00  0.00000E+00  0.00000E+00   -0.23879E+03  0.00000E+00  0.00000E+00 -0.28247E+01  0.10292E+01 -0.12534E+01
  0.58973E-01  0.23968E+03   -0.59000E-01  0.32345E-01  0.26655E-01  0.00000E+00  0.00000E+00  0.00000E+00   -0.23961E+03  0.00000E+00  0.00000E+00 -0.28235E+01  0.10597E+01 -0.12502E+01
  0.59973E-01  0.24074E+03   -0.60000E-01  0.32895E-01  0.27105E-01  0.00000E+00  0.00000E+00  0.00000E+00   -0.24068E+03  0.00000E+00  0.00000E+00 -0.27933E+01  0.10497E+01 -0.12391E+01
  0.60972E-01  0.24170E+03   -0.61000E-01  0.33446E-01  0.27554E-01  0.00000E+00  0.00000E+00  0.00000E+00   -0.24164E+03  0.00000E+00  0.00000E+00 -0.28081E+01  0.10729E+01 -0.12472E+01
  0.61972E-01  0.24226E+03   -0.62000E-01  0.33997E-01  0.28003E-01  0.00000E+00  0.00000E+00  0.00000E+00   -0.24219E+03  0.00000E+00  0.00000E+00 -0.27887E+01  0.11143E+01 -0.12543E+01
  0.62972E-01  0.24330E+03   -0.63000E-01  0.34548E-01  0.28452E-01  0.00000E+00  0.00000E+00  0.00000E+00   -0.24324E+03  0.00000E+00  0.00000E+00 -0.27921E+01  0.11229E+01 -0.12520E+01
  0.63972E-01  0.24426E+03   -0.64000E-01  0.35099E-01  0.28901E-01  0.00000E+00  0.00000E+00  0.00000E+00   -0.24419E+03  0.00000E+00  0.00000E+00 -0.27981E+01  0.11268E+01 -0.12581E+01
  0.64971E-01  0.24509E+03   -0.65000E-01  0.35650E-01  0.29350E-01  0.00000E+00  0.00000E+00  0.00000E+00   -0.24503E+03  0.00000E+00  0.00000E+00 -0.28151E+01  0.11303E+01 -0.12748E+01
  0.65971E-01  0.24595E+03   -0.66000E-01  0.36202E-01  0.29798E-01  0.00000E+00  0.00000E+00  0.00000E+00   -0.24588E+03  0.00000E+00  0.00000E+00 -0.29058E+01  0.11419E+01 -0.13129E+01
  0.66971E-01  0.24693E+03   -0.67000E-01  0.36753E-01  0.30247E-01  0.00000E+00  0.00000E+00  0.00000E+00   -0.24686E+03  0.00000E+00  0.00000E+00 -0.28652E+01  0.11497E+01 -0.12856E+01
  0.67971E-01  0.24783E+03   -0.68000E-01  0.37304E-01  0.30696E-01  0.00000E+00  0.00000E+00  0.00000E+00   -0.24776E+03  0.00000E+00  0.00000E+00 -0.28532E+01  0.11649E+01 -0.12843E+01
  0.68970E-01  0.24864E+03   -0.69000E-01  0.37856E-01  0.31144E-01  0.00000E+00  0.00000E+00  0.00000E+00   -0.24857E+03  0.00000E+00  0.00000E+00 -0.28161E+01  0.12498E+01 -0.13296E+01
  0.69970E-01  0.24964E+03   -0.70000E-01  0.38407E-01  0.31593E-01  0.00000E+00  0.00000E+00  0.00000E+00   -0.24957E+03  0.00000E+00  0.00000E+00 -0.28328E+01  0.12292E+01 -0.13063E+01
  0.70970E-01  0.25059E+03   -0.71000E-01  0.38959E-01  0.32041E-01  0.00000E+00  0.00000E+00  0.00000E+00   -0.25052E+03  0.00000E+00  0.00000E+00 -0.28189E+01  0.12555E+01 -0.13798E+01
  0.71969E-01  0.25142E+03   -0.72000E-01  0.39511E-01  0.32489E-01  0.00000E+00  0.00000E+00  0.00000E+00   -0.25135E+03  0.00000E+00  0.00000E+00 -0.28397E+01  0.13204E+01 -0.13294E+01
  0.72969E-01  0.25218E+03   -0.73000E-01  0.40063E-01  0.32937E-01  0.00000E+00  0.00000E+00  0.00000E+00   -0.25211E+03  0.00000E+00  0.00000E+00 -0.27885E+01  0.13573E+01 -0.14486E+01
  0.73969E-01  0.25326E+03   -0.74000E-01  0.40615E-01  0.33385E-01  0.00000E+00  0.00000E+00  0.00000E+00   -0.25319E+03  0.00000E+00  0.00000E+00 -0.28094E+01  0.13140E+01 -0.13218E+01
  0.74969E-01  0.25424E+03   -0.75000E-01  0.41167E-01  0.33833E-01  0.00000E+00  0.00000E+00  0.00000E+00   -0.25417E+03  0.00000E+00  0.00000E+00 -0.27283E+01  0.14743E+01 -0.14412E+01
  0.75968E-01  0.25536E+03   -0.76000E-01  0.41719E-01  0.34281E-01  0.00000E+00  0.00000E+00  0.00000E+00   -0.25530E+03  0.00000E+00  0.00000E+00 -0.27391E+01  0.13679E+01 -0.13977E+01
  0.76968E-01  0.25635E+03   -0.77000E-01  0.42272E-01  0.34728E-01  0.00000E+00  0.00000E+00  0.00000E+00   -0.25629E+03  0.00000E+00  0.00000E+00 -0.27367E+01  0.13740E+01 -0.13891E+01
  0.77968E-01  0.25722E+03   -0.78000E-01  0.42824E-01  0.35176E-01  0.00000E+00  0.00000E+00  0.00000E+00   -0.25716E+03  0.00000E+00  0.00000E+00 -0.27215E+01  0.14267E+01 -0.13866E+01
  0.78968E-01  0.25823E+03   -0.79000E-01  0.43377E-01  0.35623E-01  0.00000E+00  0.00000E+00  0.00000E+00   -0.25817E+03  0.00000E+00  0.00000E+00 -0.27203E+01  0.14019E+01 -0.13799E+01
  0.79967E-01  0.25922E+03   -0.80000E-01  0.43929E-01  0.36071E-01  0.00000E+00  0.00000E+00  0.00000E+00   -0.25916E+03  0.00000E+00  0.00000E+00 -0.27127E+01  0.14083E+01 -0.13817E+01
  0.80967E-01  0.26019E+03   -0.81000E-01  0.44482E-01  0.36518E-01  0.00000E+00  0.00000E+00  0.00000E+00   -0.26013E+03  0.00000E+00  0.00000E+00 -0.27014E+01  0.14222E+01 -0.13747E+01
  0.81967E-01  0.26123E+03   -0.82000E-01  0.45035E-01  0.36965E-01  0.00000E+00  0.00000E+00  0.00000E+00   -0.26117E+03  0.00000E+00  0.00000E+00 -0.26034E+01  0.14683E+01 -0.13504E+01
  0.82967E-01  0.26225E+03   -0.83000E-01  0.45588E-01  0.37412E-01  0.00000E+00  0.00000E+00  0.00000E+00   -0.26218E+03  0.00000E+00  0.00000E+00 -0.26275E+01  0.14539E+01 -0.13561E+01
  0.83966E-01  0.26326E+03   -0.84000E-01  0.46141E-01  0.37859E-01  0.00000E+00  0.00000E+00  0.00000E+00   -0.26320E+03  0.00000E+00  0.00000E+00 -0.26191E+01  0.14650E+01 -0.13490E+01
  0.84966E-01  0.26426E+03   -0.85000E-01  0.46694E-01  0.38306E-01  0.00000E+00  0.00000E+00  0.00000E+00   -0.26420E+03  0.00000E+00  0.00000E+00 -0.26100E+01  0.14802E+01 -0.13411E+01
  0.85966E-01  0.26527E+03   -0.86000E-01  0.47247E-01  0.38753E-01  0.00000E+00  0.00000E+00  0.00000E+00   -0.26521E+03  0.00000E+00  0.00000E+00 -0.25993E+01  0.14952E+01 -0.13313E+01
  0.86966E-01  0.26629E+03   -0.87000E-01  0.47801E-01  0.39199E-01  0.00000E+00  0.00000E+00  0.00000E+00   -0.26623E+03  0.00000E+00  0.00000E+00 -0.25914E+01  0.15111E+01 -0.13214E+01
  0.87965E-01  0.26736E+03   -0.88000E-01  0.48354E-01  0.39646E-01  0.00000E+00  0.00000E+00  0.00000E+00   -0.26730E+03  0.00000E+00  0.00000E+00 -0.26164E+01  0.15168E+01 -0.13275E+01
  0.88965E-01  0.26842E+03   -0.89000E-01  0.48907E-01  0.40093E-01  0.00000E+00  0.00000E+00  0.00000E+00   -0.26836E+03  0.00000E+00  0.00000E+00 -0.26099E+01  0.15372E+01 -0.13205E+01
  0.89965E-01  0.26947E+03   -0.90000E-01  0.49461E-01  0.40539E-01  0.00000E+00  0.00000E+00  0.00000E+00   -0.26941E+03  0.00000E+00  0.00000E+00 -0.26012E+01  0.15583E+01 -0.13122E+01
  0.90965E-01  0.27053E+03   -0.91000E-01  0.50014E-01  0.40986E-01  0.00000E+00  0.00000E+00  0.00000E+00   -0.27047E+03  0.00000E+00  0.00000E+00 -0.25916E+01  0.15796E+01 -0.13037E+01
  0.91965E-01  0.27160E+03   -0.92000E-01  0.50568E-01  0.41432E-01  0.00000E+00  0.00000E+00  0.00000E+00   -0.27154E+03  0.00000E+00  0.00000E+00 -0.25815E+01  0.16031E+01 -0.12960E+01
  0.92964E-01  0.27268E+03   -0.93000E-01  0.51122E-01  0.41878E-01  0.00000E+00  0.00000E+00  0.00000E+00   -0.27262E+03  0.00000E+00  0.00000E+00 -0.25724E+01  0.16278E+01 -0.12911E+01
  0.93964E-01  0.27376E+03   -0.94000E-01  0.51675E-01  0.42325E-01  0.00000E+00  0.00000E+00  0.00000E+00   -0.27370E+03  0.00000E+00  0.00000E+00 -0.25635E+01  0.16531E+01 -0.12864E+01
  0.94964E-01  0.27487E+03   -0.95000E-01  0.52229E-01  0.42771E-01  0.00000E+00  0.00000E+00  0.00000E+00   -0.27481E+03  0.00000E+00  0.00000E+00 -0.25414E+01  0.16890E+01 -0.12873E+01
  0.95964E-01  0.27599E+03   -0.96000E-01  0.52783E-01  0.43217E-01  0.00000E+00  0.00000E+00  0.00000E+00   -0.27593E+03  0.00000E+00  0.00000E+00 -0.25330E+01  0.17145E+01 -0.12818E+01
  0.96963E-01  0.27710E+03   -0.97000E-01  0.53337E-01  0.43663E-01  0.00000E+00  0.00000E+00  0.00000E+00   -0.27704E+03  0.00000E+00  0.00000E+00 -0.25237E+01  0.17412E+01 -0.12764E+01
  0.97963E-01  0.27823E+03   -0.98000E-01  0.53890E-01  0.44110E-01  0.00000E+00  0.00000E+00  0.00000E+00   -0.27817E+03  0.00000E+00  0.00000E+00 -0.25139E+01  0.17684E+01 -0.12689E+01
  0.98963E-01  0.27936E+03   -0.99000E-01  0.54444E-01  0.44556E-01  0.00000E+00  0.00000E+00  0.00000E+00   -0.27930E+03  0.00000E+00  0.00000E+00 -0.25043E+01  0.17926E+01 -0.12618E+01
  0.99963E-01  0.28050E+03   -0.10000E+00  0.54998E-01  0.45002E-01  0.00000E+00  0.00000E+00  0.00000E+00   -0.28044E+03  0.00000E+00  0.00000E+00 -0.24937E+01  0.18165E+01 -0.12531E+01
  0.10096E+00  0.28204E+03   -0.10100E+00  0.55552E-01  0.45448E-01  0.00000E+00  0.00000E+00  0.00000E+00   -0.28198E+03  0.00000E+00  0.00000E+00 -0.24919E+01  0.18240E+01 -0.12508E+01
  0.10196E+00  0.28290E+03   -0.10200E+00  0.56105E-01  0.45895E-01  0.00000E+00  0.00000E+00  0.00000E+00   -0.28284E+03  0.00000E+00  0.00000E+00 -0.25065E+01  0.18757E+01 -0.12226E+01
  0.10296E+00  0.28444E+03   -0.10300E+00  0.56659E-01  0.46341E-01  0.00000E+00  0.00000E+00  0.00000E+00   -0.28438E+03  0.00000E+00  0.00000E+00 -0.25015E+01  0.18872E+01 -0.12199E+01
  0.10396E+00  0.28529E+03   -0.10400E+00  0.57213E-01  0.46787E-01  0.00000E+00  0.00000E+00  0.00000E+00   -0.28523E+03  0.00000E+00  0.00000E+00 -0.24877E+01  0.19239E+01 -0.12026E+01
  0.10496E+00  0.28685E+03   -0.10500E+00  0.57767E-01  0.47233E-01  0.00000E+00  0.00000E+00  0.00000E+00   -0.28679E+03  0.00000E+00  0.00000E+00 -0.24868E+01  0.19415E+01 -0.11978E+01
  0.10596E+00  0.28810E+03   -0.10600E+00  0.58320E-01  0.47680E-01  0.00000E+00  0.00000E+00  0.00000E+00   -0.28804E+03  0.00000E+00  0.00000E+00 -0.24794E+01  0.19667E+01 -0.11866E+01
  0.10696E+00  0.28933E+03   -0.10700E+00  0.58874E-01  0.48126E-01  0.00000E+00  0.00000E+00  0.00000E+00   -0.28927E+03  0.00000E+00  0.00000E+00 -0.24712E+01  0.19900E+01 -0.11744E+01
  0.10796E+00  0.29057E+03   -0.10800E+00  0.59428E-01  0.48572E-01  0.00000E+00  0.00000E+00  0.00000E+00   -0.29051E+03  0.00000E+00  0.00000E+00 -0.24632E+01  0.20137E+01 -0.11621E+01
  0.10896E+00  0.29182E+03   -0.10900E+00  0.59981E-01  0.49019E-01  0.00000E+00  0.00000E+00  0.00000E+00   -0.29176E+03  0.00000E+00  0.00000E+00 -0.24552E+01  0.20382E+01 -0.11496E+01
  0.10996E+00  0.29308E+03   -0.11000E+00  0.60535E-01  0.49465E-01  0.00000E+00  0.00000E+00  0.00000E+00   -0.29303E+03  0.00000E+00  0.00000E+00 -0.24476E+01  0.20636E+01 -0.11351E+01
  0.11096E+00  0.29436E+03   -0.11100E+00  0.61088E-01  0.49912E-01  0.00000E+00  0.00000E+00  0.00000E+00   -0.29430E+03  0.00000E+00  0.00000E+00 -0.24411E+01  0.20877E+01 -0.11181E+01
  0.11196E+00  0.29565E+03   -0.11200E+00  0.61642E-01  0.50358E-01  0.00000E+00  0.00000E+00  0.00000E+00   -0.29559E+03  0.00000E+00  0.00000E+00 -0.24339E+01  0.21104E+01 -0.11007E+01
  0.11296E+00  0.29695E+03   -0.11300E+00  0.62195E-01  0.50805E-01  0.00000E+00  0.00000E+00  0.00000E+00   -0.29689E+03  0.00000E+00  0.00000E+00 -0.24257E+01  0.21328E+01 -0.10824E+01
  0.11396E+00  0.29801E+03   -0.11400E+00  0.62749E-01  0.51251E-01  0.00000E+00  0.00000E+00  0.00000E+00   -0.29796E+03  0.00000E+00  0.00000E+00 -0.24132E+01  0.21740E+01 -0.10519E+01
  0.11496E+00  0.29957E+03   -0.11500E+00  0.63302E-01  0.51698E-01  0.00000E+00  0.00000E+00  0.00000E+00   -0.29951E+03  0.00000E+00  0.00000E+00 -0.24091E+01  0.21859E+01 -0.10418E+01
  0.11596E+00  0.30093E+03   -0.11600E+00  0.63855E-01  0.52145E-01  0.00000E+00  0.00000E+00  0.00000E+00   -0.30087E+03  0.00000E+00  0.00000E+00 -0.23997E+01  0.22105E+01 -0.10216E+01
  0.11696E+00  0.30229E+03   -0.11700E+00  0.64408E-01  0.52592E-01  0.00000E+00  0.00000E+00  0.00000E+00   -0.30223E+03  0.00000E+00  0.00000E+00 -0.23913E+01  0.22337E+01 -0.10017E+01
  0.11796E+00  0.30366E+03   -0.11800E+00  0.64962E-01  0.53038E-01  0.00000E+00  0.00000E+00  0.00000E+00   -0.30360E+03  0.00000E+00  0.00000E+00 -0.23826E+01  0.22563E+01 -0.98293E+00
  0.11896E+00  0.30504E+03   -0.11900E+00  0.65515E-01  0.53485E-01  0.00000E+00  0.00000E+00  0.00000E+00   -0.30498E+03  0.00000E+00  0.00000E+00 -0.23738E+01  0.22779E+01 -0.96511E+00
  0.11996E+00  0.30644E+03   -0.12000E+00  0.66068E-01  0.53932E-01  0.00000E+00  0.00000E+00  0.00000E+00   -0.30638E+03  0.00000E+00  0.00000E+00 -0.23658E+01  0.22989E+01 -0.95013E+00
  0.12096E+00  0.30785E+03   -0.12100E+00  0.66621E-01  0.54379E-01  0.00000E+00  0.00000E+00  0.00000E+00   -0.30780E+03  0.00000E+00  0.00000E+00 -0.23586E+01  0.23198E+01 -0.93579E+00
  0.12196E+00  0.30928E+03   -0.12200E+00  0.67173E-01  0.54827E-01  0.00000E+00  0.00000E+00  0.00000E+00   -0.30922E+03  0.00000E+00  0.00000E+00 -0.23501E+01  0.23394E+01 -0.92277E+00
  0.12296E+00  0.31072E+03   -0.12300E+00  0.67726E-01  0.55274E-01  0.00000E+00  0.00000E+00  0.00000E+00   -0.31066E+03  0.00000E+00  0.00000E+00 -0.23408E+01  0.23575E+01 -0.90914E+00
  0.12396E+00  0.31206E+03   -0.12400E+00  0.68279E-01  0.55721E-01  0.00000E+00  0.00000E+00  0.00000E+00   -0.31200E+03  0.00000E+00  0.00000E+00 -0.23245E+01  0.23874E+01 -0.88644E+00
  0.12496E+00  0.31395E+03   -0.12500E+00  0.68831E-01  0.56169E-01  0.00000E+00  0.00000E+00  0.00000E+00   -0.31390E+03  0.00000E+00  0.00000E+00 -0.23203E+01  0.23905E+01 -0.88072E+00
  0.12596E+00  0.31516E+03   -0.12600E+00  0.69384E-01  0.56616E-01  0.00000E+00  0.00000E+00  0.00000E+00   -0.31510E+03  0.00000E+00  0.00000E+00 -0.23082E+01  0.24026E+01 -0.86597E+00
  0.12696E+00  0.31653E+03   -0.12700E+00  0.69936E-01  0.57064E-01  0.00000E+00  0.00000E+00  0.00000E+00   -0.31647E+03  0.00000E+00  0.00000E+00 -0.23001E+01  0.24283E+01 -0.83992E+00
  0.12796E+00  0.31848E+03   -0.12800E+00  0.70488E-01  0.57512E-01  0.00000E+00  0.00000E+00  0.00000E+00   -0.31842E+03  0.00000E+00  0.00000E+00 -0.22944E+01  0.24297E+01 -0.83566E+00
  0.12896E+00  0.31959E+03   -0.12900E+00  0.71040E-01  0.57960E-01  0.00000E+00  0.00000E+00  0.00000E+00   -0.31953E+03  0.00000E+00  0.00000E+00 -0.22735E+01  0.24460E+01 -0.81228E+00
  0.12996E+00  0.32155E+03   -0.13000E+00  0.71592E-01  0.58408E-01  0.00000E+00  0.00000E+00  0.00000E+00   -0.32149E+03  0.00000E+00  0.00000E+00 -0.22695E+01  0.24440E+01 -0.80564E+00
  0.13096E+00  0.32269E+03   -0.13100E+00  0.72144E-01  0.58856E-01  0.00000E+00  0.00000E+00  0.00000E+00   -0.32264E+03  0.00000E+00  0.00000E+00 -0.22583E+01  0.24601E+01 -0.78656E+00
  0.13196E+00  0.32443E+03   -0.13200E+00  0.72696E-01  0.59304E-01  0.00000E+00  0.00000E+00  0.00000E+00   -0.32438E+03  0.00000E+00  0.00000E+00 -0.22531E+01  0.24585E+01 -0.78322E+00
  0.13296E+00  0.32623E+03   -0.13300E+00  0.73247E-01  0.59753E-01  0.00000E+00  0.00000E+00  0.00000E+00   -0.32618E+03  0.00000E+00  0.00000E+00 -0.22380E+01  0.24723E+01 -0.76858E+00
  0.13396E+00  0.32741E+03   -0.13400E+00  0.73799E-01  0.60201E-01  0.00000E+00  0.00000E+00  0.00000E+00   -0.32736E+03  0.00000E+00  0.00000E+00 -0.22155E+01  0.24818E+01 -0.75067E+00
  0.13496E+00  0.32918E+03   -0.13500E+00  0.74351E-01  0.60649E-01  0.00000E+00  0.00000E+00  0.00000E+00   -0.32912E+03  0.00000E+00  0.00000E+00 -0.22120E+01  0.24818E+01 -0.74897E+00
  0.13596E+00  0.33101E+03   -0.13600E+00  0.74902E-01  0.61098E-01  0.00000E+00  0.00000E+00  0.00000E+00   -0.33095E+03  0.00000E+00  0.00000E+00 -0.21960E+01  0.24978E+01 -0.73547E+00
  0.13696E+00  0.33246E+03   -0.13700E+00  0.75453E-01  0.61547E-01  0.00000E+00  0.00000E+00  0.00000E+00   -0.33241E+03  0.00000E+00  0.00000E+00 -0.22021E+01  0.24970E+01 -0.73242E+00
  0.13796E+00  0.33429E+03   -0.13800E+00  0.76004E-01  0.61996E-01  0.00000E+00  0.00000E+00  0.00000E+00   -0.33424E+03  0.00000E+00  0.00000E+00 -0.21864E+01  0.25116E+01 -0.72022E+00
  0.13896E+00  0.33549E+03   -0.13900E+00  0.76555E-01  0.62445E-01  0.00000E+00  0.00000E+00  0.00000E+00   -0.33544E+03  0.00000E+00  0.00000E+00 -0.21623E+01  0.25219E+01 -0.70370E+00
  0.13996E+00  0.33730E+03   -0.14000E+00  0.77106E-01  0.62894E-01  0.00000E+00  0.00000E+00  0.00000E+00   -0.33725E+03  0.00000E+00  0.00000E+00 -0.21593E+01  0.25200E+01 -0.70228E+00
  0.14096E+00  0.33895E+03   -0.14100E+00  0.77657E-01  0.63343E-01  0.00000E+00  0.00000E+00  0.00000E+00   -0.33889E+03  0.00000E+00  0.00000E+00 -0.21447E+01  0.25251E+01 -0.69279E+00
  0.14196E+00  0.34033E+03   -0.14200E+00  0.78207E-01  0.63793E-01  0.00000E+00  0.00000E+00  0.00000E+00   -0.34027E+03  0.00000E+00  0.00000E+00 -0.21175E+01  0.25355E+01 -0.67450E+00
  0.14295E+00  0.34218E+03   -0.14300E+00  0.78758E-01  0.64242E-01  0.00000E+00  0.00000E+00  0.00000E+00   -0.34213E+03  0.00000E+00  0.00000E+00 -0.21158E+01  0.25323E+01 -0.67314E+00
  0.14395E+00  0.34382E+03   -0.14400E+00  0.79308E-01  0.64692E-01  0.00000E+00  0.00000E+00  0.00000E+00   -0.34377E+03  0.00000E+00  0.00000E+00 -0.21028E+01  0.25339E+01 -0.66513E+00
  0.14495E+00  0.34551E+03   -0.14500E+00  0.79858E-01  0.65142E-01  0.00000E+00  0.00000E+00  0.00000E+00   -0.34546E+03  0.00000E+00  0.00000E+00 -0.20583E+01  0.25252E+01 -0.64828E+00
  0.14595E+00  0.34716E+03   -0.14600E+00  0.80409E-01  0.65591E-01  0.00000E+00  0.00000E+00  0.00000E+00   -0.34711E+03  0.00000E+00  0.00000E+00 -0.20403E+01  0.25256E+01 -0.63809E+00
  0.14695E+00  0.34878E+03   -0.14700E+00  0.80959E-01  0.66041E-01  0.00000E+00  0.00000E+00  0.00000E+00   -0.34874E+03  0.00000E+00  0.00000E+00 -0.20275E+01  0.25279E+01 -0.63134E+00
  0.14795E+00  0.35029E+03   -0.14800E+00  0.81509E-01  0.66491E-01  0.00000E+00  0.00000E+00  0.00000E+00   -0.35024E+03  0.00000E+00  0.00000E+00 -0.20133E+01  0.25305E+01 -0.62409E+00
  0.14895E+00  0.35170E+03   -0.14900E+00  0.82058E-01  0.66942E-01  0.00000E+00  0.00000E+00  0.00000E+00   -0.35165E+03  0.00000E+00  0.00000E+00 -0.19946E+01  0.25337E+01 -0.61548E+00
  0.14995E+00  0.35330E+03   -0.15000E+00  0.82608E-01  0.67392E-01  0.00000E+00  0.00000E+00  0.00000E+00   -0.35325E+03  0.00000E+00  0.00000E+00 -0.19820E+01  0.25344E+01 -0.60966E+00
  0.15095E+00  0.35490E+03   -0.15100E+00  0.83157E-01  0.67843E-01  0.00000E+00  0.00000E+00  0.00000E+00   -0.35485E+03  0.00000E+00  0.00000E+00 -0.19701E+01  0.25339E+01 -0.60347E+00
  0.15195E+00  0.35649E+03   -0.15200E+00  0.83707E-01  0.68293E-01  0.00000E+00  0.00000E+00  0.00000E+00   -0.35645E+03  0.00000E+00  0.00000E+00 -0.19585E+01  0.25327E+01 -0.59718E+00
  0.15295E+00  0.35808E+03   -0.15300E+00  0.84256E-01  0.68744E-01  0.00000E+00  0.00000E+00  0.00000E+00   -0.35804E+03  0.00000E+00  0.00000E+00 -0.19469E+01  0.25296E+01 -0.59086E+00
  0.15395E+00  0.35967E+03   -0.15400E+00  0.84805E-01  0.69195E-01  0.00000E+00  0.00000E+00  0.00000E+00   -0.35962E+03  0.00000E+00  0.00000E+00 -0.19367E+01  0.25246E+01 -0.58327E+00
  0.15495E+00  0.36124E+03   -0.15500E+00  0.85354E-01  0.69646E-01  0.00000E+00  0.00000E+00  0.00000E+00   -0.36120E+03  0.00000E+00  0.00000E+00 -0.19268E+01  0.25193E+01 -0.57549E+00
  0.15595E+00  0.36284E+03   -0.15600E+00  0.85903E-01  0.70097E-01  0.00000E+00  0.00000E+00  0.00000E+00   -0.36279E+03  0.00000E+00  0.00000E+00 -0.19040E+01  0.25173E+01 -0.57219E+00
  0.15695E+00  0.36441E+03   -0.15700E+00  0.86452E-01  0.70548E-01  0.00000E+00  0.00000E+00  0.00000E+00   -0.36437E+03  0.00000E+00  0.00000E+00 -0.18956E+01  0.25159E+01 -0.56598E+00
  0.15795E+00  0.36597E+03   -0.15800E+00  0.87000E-01  0.71000E-01  0.00000E+00  0.00000E+00  0.00000E+00   -0.36592E+03  0.00000E+00  0.00000E+00 -0.18866E+01  0.25143E+01 -0.55923E+00
  0.15895E+00  0.36753E+03   -0.15900E+00  0.87549E-01  0.71451E-01  0.00000E+00  0.00000E+00  0.00000E+00   -0.36748E+03  0.00000E+00  0.00000E+00 -0.18760E+01  0.25128E+01 -0.55414E+00
  0.15995E+00  0.36907E+03   -0.16000E+00  0.88097E-01  0.71903E-01  0.00000E+00  0.00000E+00  0.00000E+00   -0.36903E+03  0.00000E+00  0.00000E+00 -0.18666E+01  0.25084E+01 -0.54938E+00
  0.16095E+00  0.37061E+03   -0.16100E+00  0.88645E-01  0.72355E-01  0.00000E+00  0.00000E+00  0.00000E+00   -0.37057E+03  0.00000E+00  0.00000E+00 -0.18577E+01  0.25026E+01 -0.54545E+00
  0.16195E+00  0.37213E+03   -0.16200E+00  0.89193E-01  0.72807E-01  0.00000E+00  0.00000E+00  0.00000E+00   -0.37209E+03  0.00000E+00  0.00000E+00 -0.18491E+01  0.24941E+01 -0.54313E+00
  0.16295E+00  0.37365E+03   -0.16300E+00  0.89741E-01  0.73259E-01  0.00000E+00  0.00000E+00  0.00000E+00   -0.37361E+03  0.00000E+00  0.00000E+00 -0.18411E+01  0.24846E+01 -0.54190E+00
  0.16395E+00  0.37508E+03   -0.16400E+00  0.90289E-01  0.73711E-01  0.00000E+00  0.00000E+00  0.00000E+00   -0.37504E+03  0.00000E+00  0.00000E+00 -0.18340E+01  0.24742E+01 -0.54167E+00
  0.16495E+00  0.37658E+03   -0.16500E+00  0.90837E-01  0.74163E-01  0.00000E+00  0.00000E+00  0.00000E+00   -0.37654E+03  0.00000E+00  0.00000E+00 -0.18264E+01  0.24636E+01 -0.54019E+00
  0.16595E+00  0.37807E+03   -0.16600E+00  0.91384E-01  0.74616E-01  0.00000E+00  0.00000E+00  0.00000E+00   -0.37803E+03  0.00000E+00  0.00000E+00 -0.18194E+01  0.24532E+01 -0.53802E+00
  0.16695E+00  0.37955E+03   -0.16700E+00  0.91932E-01  0.75068E-01  0.00000E+00  0.00000E+00  0.00000E+00   -0.37952E+03  0.00000E+00  0.00000E+00 -0.18131E+01  0.24430E+01 -0.53517E+00
  0.16795E+00  0.38102E+03   -0.16800E+00  0.92479E-01  0.75521E-01  0.00000E+00  0.00000E+00  0.00000E+00   -0.38098E+03  0.00000E+00  0.00000E+00 -0.18074E+01  0.24330E+01 -0.53159E+00
  0.16895E+00  0.38248E+03   -0.16900E+00  0.93026E-01  0.75974E-01  0.00000E+00  0.00000E+00  0.00000E+00   -0.38244E+03  0.00000E+00  0.00000E+00 -0.18024E+01  0.24232E+01 -0.52733E+00
  0.16995E+00  0.38392E+03   -0.17000E+00  0.93573E-01  0.76427E-01  0.00000E+00  0.00000E+00  0.00000E+00   -0.38389E+03  0.00000E+00  0.00000E+00 -0.17984E+01  0.24125E+01 -0.52118E+00
  0.17095E+00  0.38536E+03   -0.17100E+00  0.94120E-01  0.76880E-01  0.00000E+00  0.00000E+00  0.00000E+00   -0.38532E+03  0.00000E+00  0.00000E+00 -0.17954E+01  0.24017E+01 -0.51381E+00
  0.17195E+00  0.38678E+03   -0.17200E+00  0.94667E-01  0.77333E-01  0.00000E+00  0.00000E+00  0.00000E+00   -0.38675E+03  0.00000E+00  0.00000E+00 -0.17922E+01  0.23882E+01 -0.50858E+00
  0.17295E+00  0.38819E+03   -0.17300E+00  0.95213E-01  0.77787E-01  0.00000E+00  0.00000E+00  0.00000E+00   -0.38816E+03  0.00000E+00  0.00000E+00 -0.17890E+01  0.23737E+01 -0.50411E+00
  0.17395E+00  0.38959E+03   -0.17400E+00  0.95760E-01  0.78240E-01  0.00000E+00  0.00000E+00  0.00000E+00   -0.38955E+03  0.00000E+00  0.00000E+00 -0.17861E+01  0.23595E+01 -0.49921E+00
  0.17495E+00  0.39097E+03   -0.17500E+00  0.96306E-01  0.78694E-01  0.00000E+00  0.00000E+00  0.00000E+00   -0.39094E+03  0.00000E+00  0.00000E+00 -0.17837E+01  0.23457E+01 -0.49416E+00
  0.17595E+00  0.39249E+03   -0.17600E+00  0.96853E-01  0.79147E-01  0.00000E+00  0.00000E+00  0.00000E+00   -0.39246E+03  0.00000E+00  0.00000E+00 -0.17524E+01  0.23401E+01 -0.48985E+00
  0.17695E+00  0.39381E+03   -0.17700E+00  0.97399E-01  0.79601E-01  0.00000E+00  0.00000E+00  0.00000E+00   -0.39377E+03  0.00000E+00  0.00000E+00 -0.17478E+01  0.23243E+01 -0.48296E+00
  0.17795E+00  0.39515E+03   -0.17800E+00  0.97945E-01  0.80055E-01  0.00000E+00  0.00000E+00  0.00000E+00   -0.39512E+03  0.00000E+00  0.00000E+00 -0.17449E+01  0.23108E+01 -0.47778E+00
  0.17895E+00  0.39648E+03   -0.17900E+00  0.98491E-01  0.80509E-01  0.00000E+00  0.00000E+00  0.00000E+00   -0.39645E+03  0.00000E+00  0.00000E+00 -0.17419E+01  0.22977E+01 -0.47234E+00
  0.17995E+00  0.39752E+03   -0.18000E+00  0.99037E-01  0.80963E-01  0.00000E+00  0.00000E+00  0.00000E+00   -0.39749E+03  0.00000E+00  0.00000E+00 -0.17306E+01  0.22757E+01 -0.45902E+00
  0.18095E+00  0.39884E+03   -0.18100E+00  0.99583E-01  0.81417E-01  0.00000E+00  0.00000E+00  0.00000E+00   -0.39881E+03  0.00000E+00  0.00000E+00 -0.17265E+01  0.22636E+01 -0.45379E+00
  0.18195E+00  0.40014E+03   -0.18200E+00  0.10013E+00  0.81871E-01  0.00000E+00  0.00000E+00  0.00000E+00   -0.40011E+03  0.00000E+00  0.00000E+00 -0.17220E+01  0.22519E+01 -0.45014E+00
  0.18295E+00  0.40143E+03   -0.18300E+00  0.10067E+00  0.82326E-01  0.00000E+00  0.00000E+00  0.00000E+00   -0.40140E+03  0.00000E+00  0.00000E+00 -0.17177E+01  0.22409E+01 -0.44613E+00
  0.18395E+00  0.40270E+03   -0.18400E+00  0.10122E+00  0.82780E-01  0.00000E+00  0.00000E+00  0.00000E+00   -0.40267E+03  0.00000E+00  0.00000E+00 -0.17133E+01  0.22307E+01 -0.44228E+00
  0.18495E+00  0.40393E+03   -0.18500E+00  0.10177E+00  0.83235E-01  0.00000E+00  0.00000E+00  0.00000E+00   -0.40391E+03  0.00000E+00  0.00000E+00 -0.16994E+01  0.22132E+01 -0.43067E+00
  0.18595E+00  0.40523E+03   -0.18600E+00  0.10231E+00  0.83689E-01  0.00000E+00  0.00000E+00  0.00000E+00   -0.40520E+03  0.00000E+00  0.00000E+00 -0.16943E+01  0.22032E+01 -0.42611E+00
  0.18695E+00  0.40646E+03   -0.18700E+00  0.10286E+00  0.84144E-01  0.00000E+00  0.00000E+00  0.00000E+00   -0.40643E+03  0.00000E+00  0.00000E+00 -0.16902E+01  0.21946E+01 -0.42364E+00
  0.18795E+00  0.40768E+03   -0.18800E+00  0.10340E+00  0.84599E-01  0.00000E+00  0.00000E+00  0.00000E+00   -0.40765E+03  0.00000E+00  0.00000E+00 -0.16858E+01  0.21864E+01 -0.42169E+00
  0.18895E+00  0.40890E+03   -0.18900E+00  0.10395E+00  0.85053E-01  0.00000E+00  0.00000E+00  0.00000E+00   -0.40887E+03  0.00000E+00  0.00000E+00 -0.16815E+01  0.21779E+01 -0.41989E+00
  0.18995E+00  0.41012E+03   -0.19000E+00  0.10449E+00  0.85508E-01  0.00000E+00  0.00000E+00  0.00000E+00   -0.41009E+03  0.00000E+00  0.00000E+00 -0.16810E+01  0.21694E+01 -0.41635E+00
  0.19095E+00  0.41131E+03   -0.19100E+00  0.10504E+00  0.85963E-01  0.00000E+00  0.00000E+00  0.00000E+00   -0.41128E+03  0.00000E+00  0.00000E+00 -0.16750E+01  0.21607E+01 -0.41496E+00
  0.19195E+00  0.41249E+03   -0.19200E+00  0.10558E+00  0.86418E-01  0.00000E+00  0.00000E+00  0.00000E+00   -0.41246E+03  0.00000E+00  0.00000E+00 -0.16704E+01  0.21514E+01 -0.41291E+00
  0.19295E+00  0.41366E+03   -0.19300E+00  0.10613E+00  0.86873E-01  0.00000E+00  0.00000E+00  0.00000E+00   -0.41363E+03  0.00000E+00  0.00000E+00 -0.16658E+01  0.21421E+01 -0.41044E+00
  0.19395E+00  0.41481E+03   -0.19400E+00  0.10667E+00  0.87328E-01  0.00000E+00  0.00000E+00  0.00000E+00   -0.41479E+03  0.00000E+00  0.00000E+00 -0.16612E+01  0.21328E+01 -0.40750E+00
  0.19495E+00  0.41596E+03   -0.19500E+00  0.10722E+00  0.87783E-01  0.00000E+00  0.00000E+00  0.00000E+00   -0.41593E+03  0.00000E+00  0.00000E+00 -0.16566E+01  0.21182E+01 -0.40545E+00
  0.19595E+00  0.41710E+03   -0.19600E+00  0.10776E+00  0.88239E-01  0.00000E+00  0.00000E+00  0.00000E+00   -0.41707E+03  0.00000E+00  0.00000E+00 -0.16519E+01  0.21056E+01 -0.40338E+00
  0.19695E+00  0.41823E+03   -0.19700E+00  0.10831E+00  0.88694E-01  0.00000E+00  0.00000E+00  0.00000E+00   -0.41820E+03  0.00000E+00  0.00000E+00 -0.16472E+01  0.20930E+01 -0.40144E+00
  0.19795E+00  0.41934E+03   -0.19800E+00  0.10885E+00  0.89149E-01  0.00000E+00  0.00000E+00  0.00000E+00   -0.41932E+03  0.00000E+00  0.00000E+00 -0.16425E+01  0.20802E+01 -0.39969E+00
  0.19895E+00  0.42045E+03   -0.19900E+00  0.10940E+00  0.89605E-01  0.00000E+00  0.00000E+00  0.00000E+00   -0.42042E+03  0.00000E+00  0.00000E+00 -0.16378E+01  0.20672E+01 -0.39825E+00
  0.19995E+00  0.42154E+03   -0.20000E+00  0.10994E+00  0.90060E-01  0.00000E+00  0.00000E+00  0.00000E+00   -0.42151E+03  0.00000E+00  0.00000E+00 -0.16330E+01  0.20540E+01 -0.39720E+00
