          %Evm          Svm            E11          E22          E33          E23          E13          E12         SCAU11       SCAU22       SCAU33       SCAU23       SCAU13       SCAU12      TEMP
  0.00000E+00  0.21717E+03    0.00000E+00  0.00000E+00  0.00000E+00  0.00000E+00  0.00000E+00  0.00000E+00   -0.21697E+03  0.00000E+00  0.00000E+00  0.51438E+01  0.13550E+01 -0.79036E+00
  0.99908E-03  0.21830E+03   -0.10000E-02  0.85841E-03  0.14159E-03  0.00000E+00  0.00000E+00  0.00000E+00   -0.21808E+03  0.00000E+00  0.00000E+00  0.54313E+01  0.13926E+01 -0.73780E+00
  0.19981E-02  0.21899E+03   -0.20000E-02  0.17184E-02  0.28155E-03  0.00000E+00  0.00000E+00  0.00000E+00   -0.21878E+03  0.00000E+00  0.00000E+00  0.53281E+01  0.14583E+01 -0.76145E+00
  0.29971E-02  0.21973E+03   -0.30000E-02  0.25780E-02  0.42202E-03  0.00000E+00  0.00000E+00  0.00000E+00   -0.21952E+03  0.00000E+00  0.00000E+00  0.53089E+01  0.14644E+01 -0.76985E+00
  0.39961E-02  0.22044E+03   -0.40000E-02  0.34369E-02  0.56313E-03  0.00000E+00  0.00000E+00  0.00000E+00   -0.22023E+03  0.00000E+00  0.00000E+00  0.52859E+01  0.15021E+01 -0.78302E+00
  0.49952E-02  0.22114E+03   -0.50000E-02  0.42951E-02  0.70491E-03  0.00000E+00  0.00000E+00  0.00000E+00   -0.22093E+03  0.00000E+00  0.00000E+00  0.52608E+01  0.15396E+01 -0.79645E+00
  0.59942E-02  0.22175E+03   -0.60000E-02  0.51527E-02  0.84734E-03  0.00000E+00  0.00000E+00  0.00000E+00   -0.22154E+03  0.00000E+00  0.00000E+00  0.52234E+01  0.15752E+01 -0.81373E+00
  0.69933E-02  0.22247E+03   -0.70000E-02  0.60095E-02  0.99054E-03  0.00000E+00  0.00000E+00  0.00000E+00   -0.22226E+03  0.00000E+00  0.00000E+00  0.52012E+01  0.16080E+01 -0.82726E+00
  0.79924E-02  0.22316E+03   -0.80000E-02  0.68656E-02  0.11344E-02  0.00000E+00  0.00000E+00  0.00000E+00   -0.22296E+03  0.00000E+00  0.00000E+00  0.51793E+01  0.16399E+01 -0.84077E+00
  0.89915E-02  0.22387E+03   -0.90000E-02  0.77210E-02  0.12790E-02  0.00000E+00  0.00000E+00  0.00000E+00   -0.22367E+03  0.00000E+00  0.00000E+00  0.51448E+01  0.16676E+01 -0.85345E+00
  0.99906E-02  0.22456E+03   -0.10000E-01  0.85758E-02  0.14242E-02  0.00000E+00  0.00000E+00  0.00000E+00   -0.22436E+03  0.00000E+00  0.00000E+00  0.51220E+01  0.16962E+01 -0.86736E+00
  0.10990E-01  0.22525E+03   -0.11000E-01  0.94298E-02  0.15702E-02  0.00000E+00  0.00000E+00  0.00000E+00   -0.22506E+03  0.00000E+00  0.00000E+00  0.50972E+01  0.17213E+01 -0.88325E+00
  0.11989E-01  0.22597E+03   -0.12000E-01  0.10283E-01  0.17168E-02  0.00000E+00  0.00000E+00  0.00000E+00   -0.22578E+03  0.00000E+00  0.00000E+00  0.50672E+01  0.17466E+01 -0.90266E+00
  0.12988E-01  0.22666E+03   -0.13000E-01  0.11136E-01  0.18642E-02  0.00000E+00  0.00000E+00  0.00000E+00   -0.22647E+03  0.00000E+00  0.00000E+00  0.50529E+01  0.17711E+01 -0.91052E+00
  0.13987E-01  0.22735E+03   -0.14000E-01  0.11988E-01  0.20122E-02  0.00000E+00  0.00000E+00  0.00000E+00   -0.22716E+03  0.00000E+00  0.00000E+00  0.50271E+01  0.17920E+01 -0.92822E+00
  0.14986E-01  0.22798E+03   -0.15000E-01  0.12839E-01  0.21608E-02  0.00000E+00  0.00000E+00  0.00000E+00   -0.22779E+03  0.00000E+00  0.00000E+00  0.49972E+01  0.18070E+01 -0.94889E+00
  0.15985E-01  0.22869E+03   -0.16000E-01  0.13690E-01  0.23102E-02  0.00000E+00  0.00000E+00  0.00000E+00   -0.22850E+03  0.00000E+00  0.00000E+00  0.49670E+01  0.18204E+01 -0.97099E+00
  0.16985E-01  0.22935E+03   -0.17000E-01  0.14540E-01  0.24604E-02  0.00000E+00  0.00000E+00  0.00000E+00   -0.22916E+03  0.00000E+00  0.00000E+00  0.49533E+01  0.18334E+01 -0.98284E+00
  0.17984E-01  0.23001E+03   -0.18000E-01  0.15389E-01  0.26112E-02  0.00000E+00  0.00000E+00  0.00000E+00   -0.22983E+03  0.00000E+00  0.00000E+00  0.49288E+01  0.18427E+01 -0.10039E+01
  0.18983E-01  0.23072E+03   -0.19000E-01  0.16237E-01  0.27627E-02  0.00000E+00  0.00000E+00  0.00000E+00   -0.23053E+03  0.00000E+00  0.00000E+00  0.49155E+01  0.18538E+01 -0.10202E+01
  0.19982E-01  0.23138E+03   -0.20000E-01  0.17085E-01  0.29149E-02  0.00000E+00  0.00000E+00  0.00000E+00   -0.23120E+03  0.00000E+00  0.00000E+00  0.49071E+01  0.18567E+01 -0.10395E+01
  0.20981E-01  0.23205E+03   -0.21000E-01  0.17932E-01  0.30677E-02  0.00000E+00  0.00000E+00  0.00000E+00   -0.23187E+03  0.00000E+00  0.00000E+00  0.48866E+01  0.18638E+01 -0.10610E+01
  0.21981E-01  0.23271E+03   -0.22000E-01  0.18779E-01  0.32213E-02  0.00000E+00  0.00000E+00  0.00000E+00   -0.23253E+03  0.00000E+00  0.00000E+00  0.48693E+01  0.18692E+01 -0.10802E+01
  0.22980E-01  0.23340E+03   -0.23000E-01  0.19624E-01  0.33756E-02  0.00000E+00  0.00000E+00  0.00000E+00   -0.23322E+03  0.00000E+00  0.00000E+00  0.47931E+01  0.18531E+01 -0.11025E+01
  0.23979E-01  0.23425E+03   -0.24000E-01  0.20469E-01  0.35307E-02  0.00000E+00  0.00000E+00  0.00000E+00   -0.23407E+03  0.00000E+00  0.00000E+00  0.47721E+01  0.18404E+01 -0.11309E+01
  0.24978E-01  0.23489E+03   -0.25000E-01  0.21314E-01  0.36865E-02  0.00000E+00  0.00000E+00  0.00000E+00   -0.23471E+03  0.00000E+00  0.00000E+00  0.47808E+01  0.18627E+01 -0.11606E+01
  0.25977E-01  0.23556E+03   -0.26000E-01  0.22157E-01  0.38429E-02  0.00000E+00  0.00000E+00  0.00000E+00   -0.23539E+03  0.00000E+00  0.00000E+00  0.47769E+01  0.18558E+01 -0.11818E+01
  0.26977E-01  0.23622E+03   -0.27000E-01  0.23000E-01  0.40001E-02  0.00000E+00  0.00000E+00  0.00000E+00   -0.23605E+03  0.00000E+00  0.00000E+00  0.47624E+01  0.18570E+01 -0.12021E+01
  0.27976E-01  0.23687E+03   -0.28000E-01  0.23842E-01  0.41581E-02  0.00000E+00  0.00000E+00  0.00000E+00   -0.23670E+03  0.00000E+00  0.00000E+00  0.47481E+01  0.18579E+01 -0.12196E+01
  0.28975E-01  0.23753E+03   -0.29000E-01  0.24683E-01  0.43168E-02  0.00000E+00  0.00000E+00  0.00000E+00   -0.23736E+03  0.00000E+00  0.00000E+00  0.47297E+01  0.18580E+01 -0.12322E+01
  0.29975E-01  0.23819E+03   -0.30000E-01  0.25524E-01  0.44763E-02  0.00000E+00  0.00000E+00  0.00000E+00   -0.23802E+03  0.00000E+00  0.00000E+00  0.47104E+01  0.18555E+01 -0.12571E+01
  0.30974E-01  0.23887E+03   -0.31000E-01  0.26364E-01  0.46365E-02  0.00000E+00  0.00000E+00  0.00000E+00   -0.23870E+03  0.00000E+00  0.00000E+00  0.46755E+01  0.18432E+01 -0.12794E+01
  0.31973E-01  0.23961E+03   -0.32000E-01  0.27202E-01  0.47975E-02  0.00000E+00  0.00000E+00  0.00000E+00   -0.23944E+03  0.00000E+00  0.00000E+00  0.46509E+01  0.18374E+01 -0.12669E+01
  0.32972E-01  0.24014E+03   -0.33000E-01  0.28041E-01  0.49592E-02  0.00000E+00  0.00000E+00  0.00000E+00   -0.23997E+03  0.00000E+00  0.00000E+00  0.46226E+01  0.18321E+01 -0.12912E+01
  0.33972E-01  0.24103E+03   -0.34000E-01  0.28878E-01  0.51218E-02  0.00000E+00  0.00000E+00  0.00000E+00   -0.24087E+03  0.00000E+00  0.00000E+00  0.45811E+01  0.18154E+01 -0.13177E+01
  0.34971E-01  0.24161E+03   -0.35000E-01  0.29715E-01  0.52852E-02  0.00000E+00  0.00000E+00  0.00000E+00   -0.24145E+03  0.00000E+00  0.00000E+00  0.45800E+01  0.18138E+01 -0.13241E+01
  0.35970E-01  0.24233E+03   -0.36000E-01  0.30551E-01  0.54493E-02  0.00000E+00  0.00000E+00  0.00000E+00   -0.24217E+03  0.00000E+00  0.00000E+00  0.45494E+01  0.18418E+01 -0.13290E+01
  0.36970E-01  0.24301E+03   -0.37000E-01  0.31386E-01  0.56142E-02  0.00000E+00  0.00000E+00  0.00000E+00   -0.24285E+03  0.00000E+00  0.00000E+00  0.45365E+01  0.18436E+01 -0.13412E+01
  0.37969E-01  0.24368E+03   -0.38000E-01  0.32220E-01  0.57799E-02  0.00000E+00  0.00000E+00  0.00000E+00   -0.24352E+03  0.00000E+00  0.00000E+00  0.45153E+01  0.18541E+01 -0.13432E+01
  0.38968E-01  0.24437E+03   -0.39000E-01  0.33054E-01  0.59463E-02  0.00000E+00  0.00000E+00  0.00000E+00   -0.24421E+03  0.00000E+00  0.00000E+00  0.45229E+01  0.18462E+01 -0.13463E+01
  0.39968E-01  0.24508E+03   -0.40000E-01  0.33886E-01  0.61136E-02  0.00000E+00  0.00000E+00  0.00000E+00   -0.24492E+03  0.00000E+00  0.00000E+00  0.45499E+01  0.18731E+01 -0.13471E+01
  0.40967E-01  0.24578E+03   -0.41000E-01  0.34718E-01  0.62817E-02  0.00000E+00  0.00000E+00  0.00000E+00   -0.24562E+03  0.00000E+00  0.00000E+00  0.45687E+01  0.18770E+01 -0.13459E+01
  0.41966E-01  0.24650E+03   -0.42000E-01  0.35549E-01  0.64505E-02  0.00000E+00  0.00000E+00  0.00000E+00   -0.24635E+03  0.00000E+00  0.00000E+00  0.45077E+01  0.18786E+01 -0.13338E+01
  0.42966E-01  0.24734E+03   -0.43000E-01  0.36380E-01  0.66201E-02  0.00000E+00  0.00000E+00  0.00000E+00   -0.24718E+03  0.00000E+00  0.00000E+00  0.45008E+01  0.18771E+01 -0.13280E+01
  0.43965E-01  0.24798E+03   -0.44000E-01  0.37210E-01  0.67904E-02  0.00000E+00  0.00000E+00  0.00000E+00   -0.24783E+03  0.00000E+00  0.00000E+00  0.44782E+01  0.18782E+01 -0.13159E+01
  0.44965E-01  0.24864E+03   -0.45000E-01  0.38039E-01  0.69614E-02  0.00000E+00  0.00000E+00  0.00000E+00   -0.24849E+03  0.00000E+00  0.00000E+00  0.44656E+01  0.18683E+01 -0.13042E+01
  0.45964E-01  0.24932E+03   -0.46000E-01  0.38867E-01  0.71332E-02  0.00000E+00  0.00000E+00  0.00000E+00   -0.24917E+03  0.00000E+00  0.00000E+00  0.44400E+01  0.18581E+01 -0.12900E+01
  0.46963E-01  0.24997E+03   -0.47000E-01  0.39694E-01  0.73058E-02  0.00000E+00  0.00000E+00  0.00000E+00   -0.24982E+03  0.00000E+00  0.00000E+00  0.44258E+01  0.18503E+01 -0.12735E+01
  0.47963E-01  0.25066E+03   -0.48000E-01  0.40521E-01  0.74791E-02  0.00000E+00  0.00000E+00  0.00000E+00   -0.25051E+03  0.00000E+00  0.00000E+00  0.44049E+01  0.18379E+01 -0.12545E+01
  0.48962E-01  0.25132E+03   -0.49000E-01  0.41347E-01  0.76533E-02  0.00000E+00  0.00000E+00  0.00000E+00   -0.25117E+03  0.00000E+00  0.00000E+00  0.43911E+01  0.18295E+01 -0.12334E+01
  0.49962E-01  0.25189E+03   -0.50000E-01  0.42172E-01  0.78282E-02  0.00000E+00  0.00000E+00  0.00000E+00   -0.25175E+03  0.00000E+00  0.00000E+00  0.43528E+01  0.18341E+01 -0.12100E+01
  0.50961E-01  0.25276E+03   -0.51000E-01  0.42996E-01  0.80041E-02  0.00000E+00  0.00000E+00  0.00000E+00   -0.25262E+03  0.00000E+00  0.00000E+00  0.43329E+01  0.18316E+01 -0.12020E+01
  0.51961E-01  0.25345E+03   -0.52000E-01  0.43819E-01  0.81808E-02  0.00000E+00  0.00000E+00  0.00000E+00   -0.25331E+03  0.00000E+00  0.00000E+00  0.43327E+01  0.18325E+01 -0.12028E+01
  0.52960E-01  0.25415E+03   -0.53000E-01  0.44642E-01  0.83583E-02  0.00000E+00  0.00000E+00  0.00000E+00   -0.25401E+03  0.00000E+00  0.00000E+00  0.43097E+01  0.18503E+01 -0.12016E+01
  0.53959E-01  0.25480E+03   -0.54000E-01  0.45463E-01  0.85366E-02  0.00000E+00  0.00000E+00  0.00000E+00   -0.25466E+03  0.00000E+00  0.00000E+00  0.42959E+01  0.18452E+01 -0.11944E+01
  0.54959E-01  0.25547E+03   -0.55000E-01  0.46284E-01  0.87157E-02  0.00000E+00  0.00000E+00  0.00000E+00   -0.25533E+03  0.00000E+00  0.00000E+00  0.42995E+01  0.18483E+01 -0.11861E+01
  0.55958E-01  0.25612E+03   -0.56000E-01  0.47104E-01  0.88955E-02  0.00000E+00  0.00000E+00  0.00000E+00   -0.25598E+03  0.00000E+00  0.00000E+00  0.42857E+01  0.18419E+01 -0.11764E+01
  0.56958E-01  0.25678E+03   -0.57000E-01  0.47924E-01  0.90761E-02  0.00000E+00  0.00000E+00  0.00000E+00   -0.25664E+03  0.00000E+00  0.00000E+00  0.42626E+01  0.18355E+01 -0.11661E+01
  0.57957E-01  0.25743E+03   -0.58000E-01  0.48743E-01  0.92575E-02  0.00000E+00  0.00000E+00  0.00000E+00   -0.25730E+03  0.00000E+00  0.00000E+00  0.42523E+01  0.18345E+01 -0.11559E+01
  0.58957E-01  0.25812E+03   -0.59000E-01  0.49560E-01  0.94396E-02  0.00000E+00  0.00000E+00  0.00000E+00   -0.25799E+03  0.00000E+00  0.00000E+00  0.42696E+01  0.18286E+01 -0.11451E+01
  0.59956E-01  0.25876E+03   -0.60000E-01  0.50377E-01  0.96225E-02  0.00000E+00  0.00000E+00  0.00000E+00   -0.25863E+03  0.00000E+00  0.00000E+00  0.42609E+01  0.18240E+01 -0.11334E+01
  0.60956E-01  0.25947E+03   -0.61000E-01  0.51194E-01  0.98062E-02  0.00000E+00  0.00000E+00  0.00000E+00   -0.25934E+03  0.00000E+00  0.00000E+00  0.42172E+01  0.18402E+01 -0.11118E+01
  0.61955E-01  0.26011E+03   -0.62000E-01  0.52009E-01  0.99906E-02  0.00000E+00  0.00000E+00  0.00000E+00   -0.25998E+03  0.00000E+00  0.00000E+00  0.42080E+01  0.18373E+01 -0.10982E+01
  0.62955E-01  0.26075E+03   -0.63000E-01  0.52824E-01  0.10176E-01  0.00000E+00  0.00000E+00  0.00000E+00   -0.26063E+03  0.00000E+00  0.00000E+00  0.42064E+01  0.18302E+01 -0.10829E+01
  0.63954E-01  0.26139E+03   -0.64000E-01  0.53638E-01  0.10362E-01  0.00000E+00  0.00000E+00  0.00000E+00   -0.26126E+03  0.00000E+00  0.00000E+00  0.41983E+01  0.18268E+01 -0.10680E+01
  0.64954E-01  0.26204E+03   -0.65000E-01  0.54452E-01  0.10548E-01  0.00000E+00  0.00000E+00  0.00000E+00   -0.26192E+03  0.00000E+00  0.00000E+00  0.41998E+01  0.18185E+01 -0.10540E+01
  0.65953E-01  0.26274E+03   -0.66000E-01  0.55264E-01  0.10736E-01  0.00000E+00  0.00000E+00  0.00000E+00   -0.26261E+03  0.00000E+00  0.00000E+00  0.41913E+01  0.18132E+01 -0.10356E+01
  0.66953E-01  0.26337E+03   -0.67000E-01  0.56076E-01  0.10924E-01  0.00000E+00  0.00000E+00  0.00000E+00   -0.26324E+03  0.00000E+00  0.00000E+00  0.41832E+01  0.18101E+01 -0.10196E+01
  0.67952E-01  0.26400E+03   -0.68000E-01  0.56887E-01  0.11113E-01  0.00000E+00  0.00000E+00  0.00000E+00   -0.26387E+03  0.00000E+00  0.00000E+00  0.41745E+01  0.18064E+01 -0.10042E+01
  0.68952E-01  0.26462E+03   -0.69000E-01  0.57697E-01  0.11303E-01  0.00000E+00  0.00000E+00  0.00000E+00   -0.26450E+03  0.00000E+00  0.00000E+00  0.41659E+01  0.18025E+01 -0.98917E+00
  0.69951E-01  0.26527E+03   -0.70000E-01  0.58507E-01  0.11493E-01  0.00000E+00  0.00000E+00  0.00000E+00   -0.26515E+03  0.00000E+00  0.00000E+00  0.41494E+01  0.17947E+01 -0.97850E+00
  0.70951E-01  0.26604E+03   -0.71000E-01  0.59316E-01  0.11684E-01  0.00000E+00  0.00000E+00  0.00000E+00   -0.26592E+03  0.00000E+00  0.00000E+00  0.41468E+01  0.18023E+01 -0.95924E+00
  0.71951E-01  0.26668E+03   -0.72000E-01  0.60124E-01  0.11876E-01  0.00000E+00  0.00000E+00  0.00000E+00   -0.26656E+03  0.00000E+00  0.00000E+00  0.41355E+01  0.17951E+01 -0.94665E+00
  0.72950E-01  0.26731E+03   -0.73000E-01  0.60931E-01  0.12069E-01  0.00000E+00  0.00000E+00  0.00000E+00   -0.26719E+03  0.00000E+00  0.00000E+00  0.41255E+01  0.17899E+01 -0.93493E+00
  0.73950E-01  0.26802E+03   -0.74000E-01  0.61738E-01  0.12262E-01  0.00000E+00  0.00000E+00  0.00000E+00   -0.26790E+03  0.00000E+00  0.00000E+00  0.40762E+01  0.17821E+01 -0.92579E+00
  0.74949E-01  0.26865E+03   -0.75000E-01  0.62544E-01  0.12456E-01  0.00000E+00  0.00000E+00  0.00000E+00   -0.26854E+03  0.00000E+00  0.00000E+00  0.40649E+01  0.17765E+01 -0.91462E+00
  0.75949E-01  0.26943E+03   -0.76000E-01  0.63349E-01  0.12651E-01  0.00000E+00  0.00000E+00  0.00000E+00   -0.26932E+03  0.00000E+00  0.00000E+00  0.40725E+01  0.17533E+01 -0.90505E+00
  0.76948E-01  0.27007E+03   -0.77000E-01  0.64153E-01  0.12847E-01  0.00000E+00  0.00000E+00  0.00000E+00   -0.26996E+03  0.00000E+00  0.00000E+00  0.40637E+01  0.17469E+01 -0.89563E+00
  0.77948E-01  0.27071E+03   -0.78000E-01  0.64957E-01  0.13043E-01  0.00000E+00  0.00000E+00  0.00000E+00   -0.27060E+03  0.00000E+00  0.00000E+00  0.40527E+01  0.17402E+01 -0.88760E+00
  0.78948E-01  0.27135E+03   -0.79000E-01  0.65760E-01  0.13240E-01  0.00000E+00  0.00000E+00  0.00000E+00   -0.27123E+03  0.00000E+00  0.00000E+00  0.40406E+01  0.17335E+01 -0.87964E+00
  0.79947E-01  0.27198E+03   -0.80000E-01  0.66562E-01  0.13438E-01  0.00000E+00  0.00000E+00  0.00000E+00   -0.27187E+03  0.00000E+00  0.00000E+00  0.40284E+01  0.17277E+01 -0.87208E+00
  0.80947E-01  0.27262E+03   -0.81000E-01  0.67363E-01  0.13637E-01  0.00000E+00  0.00000E+00  0.00000E+00   -0.27251E+03  0.00000E+00  0.00000E+00  0.40166E+01  0.17230E+01 -0.86472E+00
  0.81946E-01  0.27326E+03   -0.82000E-01  0.68164E-01  0.13836E-01  0.00000E+00  0.00000E+00  0.00000E+00   -0.27315E+03  0.00000E+00  0.00000E+00  0.40046E+01  0.17192E+01 -0.85780E+00
  0.82946E-01  0.27389E+03   -0.83000E-01  0.68964E-01  0.14036E-01  0.00000E+00  0.00000E+00  0.00000E+00   -0.27379E+03  0.00000E+00  0.00000E+00  0.39924E+01  0.17162E+01 -0.85106E+00
  0.83946E-01  0.27458E+03   -0.84000E-01  0.69763E-01  0.14237E-01  0.00000E+00  0.00000E+00  0.00000E+00   -0.27447E+03  0.00000E+00  0.00000E+00  0.39592E+01  0.17064E+01 -0.84544E+00
  0.84945E-01  0.27521E+03   -0.85000E-01  0.70561E-01  0.14439E-01  0.00000E+00  0.00000E+00  0.00000E+00   -0.27511E+03  0.00000E+00  0.00000E+00  0.39448E+01  0.17045E+01 -0.83926E+00
  0.85945E-01  0.27585E+03   -0.86000E-01  0.71358E-01  0.14642E-01  0.00000E+00  0.00000E+00  0.00000E+00   -0.27575E+03  0.00000E+00  0.00000E+00  0.39301E+01  0.17036E+01 -0.83333E+00
  0.86944E-01  0.27651E+03   -0.87000E-01  0.72155E-01  0.14845E-01  0.00000E+00  0.00000E+00  0.00000E+00   -0.27641E+03  0.00000E+00  0.00000E+00  0.39114E+01  0.17083E+01 -0.82761E+00
  0.87944E-01  0.27714E+03   -0.88000E-01  0.72951E-01  0.15049E-01  0.00000E+00  0.00000E+00  0.00000E+00   -0.27704E+03  0.00000E+00  0.00000E+00  0.38964E+01  0.17073E+01 -0.82150E+00
  0.88944E-01  0.27776E+03   -0.89000E-01  0.73746E-01  0.15254E-01  0.00000E+00  0.00000E+00  0.00000E+00   -0.27766E+03  0.00000E+00  0.00000E+00  0.38979E+01  0.17130E+01 -0.80030E+00
  0.89943E-01  0.27835E+03   -0.90000E-01  0.74541E-01  0.15459E-01  0.00000E+00  0.00000E+00  0.00000E+00   -0.27825E+03  0.00000E+00  0.00000E+00  0.38708E+01  0.17150E+01 -0.80176E+00
  0.90943E-01  0.27903E+03   -0.91000E-01  0.75335E-01  0.15665E-01  0.00000E+00  0.00000E+00  0.00000E+00   -0.27893E+03  0.00000E+00  0.00000E+00  0.38619E+01  0.17108E+01 -0.79964E+00
  0.91943E-01  0.27970E+03   -0.92000E-01  0.76128E-01  0.15872E-01  0.00000E+00  0.00000E+00  0.00000E+00   -0.27960E+03  0.00000E+00  0.00000E+00  0.38492E+01  0.17247E+01 -0.79908E+00
  0.92942E-01  0.28039E+03   -0.93000E-01  0.76920E-01  0.16080E-01  0.00000E+00  0.00000E+00  0.00000E+00   -0.28029E+03  0.00000E+00  0.00000E+00  0.38362E+01  0.17317E+01 -0.79864E+00
  0.93942E-01  0.28106E+03   -0.94000E-01  0.77711E-01  0.16289E-01  0.00000E+00  0.00000E+00  0.00000E+00   -0.28097E+03  0.00000E+00  0.00000E+00  0.38214E+01  0.17292E+01 -0.79667E+00
  0.94942E-01  0.28171E+03   -0.95000E-01  0.78502E-01  0.16498E-01  0.00000E+00  0.00000E+00  0.00000E+00   -0.28161E+03  0.00000E+00  0.00000E+00  0.38198E+01  0.17211E+01 -0.78041E+00
  0.95941E-01  0.28236E+03   -0.96000E-01  0.79292E-01  0.16708E-01  0.00000E+00  0.00000E+00  0.00000E+00   -0.28226E+03  0.00000E+00  0.00000E+00  0.37871E+01  0.17191E+01 -0.79014E+00
  0.96941E-01  0.28310E+03   -0.97000E-01  0.80081E-01  0.16919E-01  0.00000E+00  0.00000E+00  0.00000E+00   -0.28301E+03  0.00000E+00  0.00000E+00  0.37481E+01  0.17087E+01 -0.78893E+00
  0.97940E-01  0.28376E+03   -0.98000E-01  0.80869E-01  0.17131E-01  0.00000E+00  0.00000E+00  0.00000E+00   -0.28366E+03  0.00000E+00  0.00000E+00  0.37315E+01  0.17048E+01 -0.78433E+00
  0.98940E-01  0.28457E+03   -0.99000E-01  0.81656E-01  0.17344E-01  0.00000E+00  0.00000E+00  0.00000E+00   -0.28448E+03  0.00000E+00  0.00000E+00  0.37002E+01  0.17220E+01 -0.78618E+00
  0.99940E-01  0.28523E+03   -0.10000E+00  0.82442E-01  0.17558E-01  0.00000E+00  0.00000E+00  0.00000E+00   -0.28514E+03  0.00000E+00  0.00000E+00  0.36847E+01  0.17208E+01 -0.78195E+00
  0.10094E+00  0.28586E+03   -0.10100E+00  0.83227E-01  0.17773E-01  0.00000E+00  0.00000E+00  0.00000E+00   -0.28577E+03  0.00000E+00  0.00000E+00  0.36816E+01  0.17179E+01 -0.76590E+00
  0.10194E+00  0.28659E+03   -0.10200E+00  0.84012E-01  0.17988E-01  0.00000E+00  0.00000E+00  0.00000E+00   -0.28650E+03  0.00000E+00  0.00000E+00  0.36772E+01  0.17042E+01 -0.77289E+00
  0.10294E+00  0.28734E+03   -0.10300E+00  0.84796E-01  0.18204E-01  0.00000E+00  0.00000E+00  0.00000E+00   -0.28726E+03  0.00000E+00  0.00000E+00  0.36498E+01  0.16844E+01 -0.77498E+00
  0.10394E+00  0.28801E+03   -0.10400E+00  0.85579E-01  0.18421E-01  0.00000E+00  0.00000E+00  0.00000E+00   -0.28792E+03  0.00000E+00  0.00000E+00  0.36333E+01  0.16847E+01 -0.77263E+00
  0.10494E+00  0.28865E+03   -0.10500E+00  0.86361E-01  0.18639E-01  0.00000E+00  0.00000E+00  0.00000E+00   -0.28857E+03  0.00000E+00  0.00000E+00  0.36219E+01  0.16948E+01 -0.75616E+00
  0.10594E+00  0.28935E+03   -0.10600E+00  0.87142E-01  0.18858E-01  0.00000E+00  0.00000E+00  0.00000E+00   -0.28926E+03  0.00000E+00  0.00000E+00  0.35914E+01  0.16990E+01 -0.76576E+00
  0.10694E+00  0.29012E+03   -0.10700E+00  0.87922E-01  0.19078E-01  0.00000E+00  0.00000E+00  0.00000E+00   -0.29003E+03  0.00000E+00  0.00000E+00  0.36002E+01  0.16809E+01 -0.75833E+00
  0.10794E+00  0.29073E+03   -0.10800E+00  0.88701E-01  0.19299E-01  0.00000E+00  0.00000E+00  0.00000E+00   -0.29065E+03  0.00000E+00  0.00000E+00  0.35958E+01  0.16778E+01 -0.74245E+00
  0.10894E+00  0.29144E+03   -0.10900E+00  0.89480E-01  0.19520E-01  0.00000E+00  0.00000E+00  0.00000E+00   -0.29136E+03  0.00000E+00  0.00000E+00  0.35660E+01  0.16864E+01 -0.75017E+00
  0.10994E+00  0.29216E+03   -0.11000E+00  0.90258E-01  0.19742E-01  0.00000E+00  0.00000E+00  0.00000E+00   -0.29208E+03  0.00000E+00  0.00000E+00  0.35502E+01  0.16903E+01 -0.74676E+00
  0.11094E+00  0.29277E+03   -0.11100E+00  0.91034E-01  0.19966E-01  0.00000E+00  0.00000E+00  0.00000E+00   -0.29269E+03  0.00000E+00  0.00000E+00  0.35428E+01  0.16884E+01 -0.73108E+00
  0.11194E+00  0.29349E+03   -0.11200E+00  0.91811E-01  0.20189E-01  0.00000E+00  0.00000E+00  0.00000E+00   -0.29341E+03  0.00000E+00  0.00000E+00  0.35118E+01  0.16982E+01 -0.73808E+00
  0.11294E+00  0.29414E+03   -0.11300E+00  0.92586E-01  0.20414E-01  0.00000E+00  0.00000E+00  0.00000E+00   -0.29406E+03  0.00000E+00  0.00000E+00  0.35041E+01  0.16952E+01 -0.72263E+00
  0.11394E+00  0.29487E+03   -0.11400E+00  0.93360E-01  0.20640E-01  0.00000E+00  0.00000E+00  0.00000E+00   -0.29479E+03  0.00000E+00  0.00000E+00  0.34730E+01  0.17061E+01 -0.73016E+00
  0.11494E+00  0.29551E+03   -0.11500E+00  0.94134E-01  0.20866E-01  0.00000E+00  0.00000E+00  0.00000E+00   -0.29543E+03  0.00000E+00  0.00000E+00  0.34642E+01  0.17034E+01 -0.71550E+00
  0.11594E+00  0.29626E+03   -0.11600E+00  0.94907E-01  0.21093E-01  0.00000E+00  0.00000E+00  0.00000E+00   -0.29618E+03  0.00000E+00  0.00000E+00  0.34398E+01  0.17185E+01 -0.72528E+00
  0.11693E+00  0.29690E+03   -0.11700E+00  0.95679E-01  0.21321E-01  0.00000E+00  0.00000E+00  0.00000E+00   -0.29682E+03  0.00000E+00  0.00000E+00  0.34300E+01  0.17167E+01 -0.71148E+00
  0.11793E+00  0.29764E+03   -0.11800E+00  0.96450E-01  0.21550E-01  0.00000E+00  0.00000E+00  0.00000E+00   -0.29756E+03  0.00000E+00  0.00000E+00  0.33987E+01  0.17302E+01 -0.72169E+00
  0.11893E+00  0.29829E+03   -0.11900E+00  0.97220E-01  0.21780E-01  0.00000E+00  0.00000E+00  0.00000E+00   -0.29822E+03  0.00000E+00  0.00000E+00  0.33981E+01  0.17194E+01 -0.70844E+00
  0.11993E+00  0.29907E+03   -0.12000E+00  0.97990E-01  0.22010E-01  0.00000E+00  0.00000E+00  0.00000E+00   -0.29900E+03  0.00000E+00  0.00000E+00  0.33471E+01  0.17261E+01 -0.72461E+00
  0.12093E+00  0.29974E+03   -0.12100E+00  0.98758E-01  0.22242E-01  0.00000E+00  0.00000E+00  0.00000E+00   -0.29967E+03  0.00000E+00  0.00000E+00  0.33638E+01  0.17449E+01 -0.71655E+00
  0.12193E+00  0.30051E+03   -0.12200E+00  0.99526E-01  0.22474E-01  0.00000E+00  0.00000E+00  0.00000E+00   -0.30044E+03  0.00000E+00  0.00000E+00  0.33301E+01  0.17568E+01 -0.72869E+00
  0.12293E+00  0.30117E+03   -0.12300E+00  0.10029E+00  0.22707E-01  0.00000E+00  0.00000E+00  0.00000E+00   -0.30109E+03  0.00000E+00  0.00000E+00  0.33166E+01  0.17585E+01 -0.71762E+00
  0.12393E+00  0.30191E+03   -0.12400E+00  0.10106E+00  0.22941E-01  0.00000E+00  0.00000E+00  0.00000E+00   -0.30184E+03  0.00000E+00  0.00000E+00  0.32864E+01  0.17743E+01 -0.72841E+00
  0.12493E+00  0.30257E+03   -0.12500E+00  0.10182E+00  0.23175E-01  0.00000E+00  0.00000E+00  0.00000E+00   -0.30249E+03  0.00000E+00  0.00000E+00  0.32738E+01  0.17773E+01 -0.71766E+00
  0.12593E+00  0.30332E+03   -0.12600E+00  0.10259E+00  0.23411E-01  0.00000E+00  0.00000E+00  0.00000E+00   -0.30325E+03  0.00000E+00  0.00000E+00  0.32449E+01  0.17937E+01 -0.72981E+00
  0.12693E+00  0.30397E+03   -0.12700E+00  0.10335E+00  0.23647E-01  0.00000E+00  0.00000E+00  0.00000E+00   -0.30390E+03  0.00000E+00  0.00000E+00  0.32325E+01  0.17967E+01 -0.71943E+00
  0.12793E+00  0.30473E+03   -0.12800E+00  0.10412E+00  0.23884E-01  0.00000E+00  0.00000E+00  0.00000E+00   -0.30466E+03  0.00000E+00  0.00000E+00  0.32048E+01  0.18151E+01 -0.73173E+00
  0.12893E+00  0.30538E+03   -0.12900E+00  0.10488E+00  0.24123E-01  0.00000E+00  0.00000E+00  0.00000E+00   -0.30531E+03  0.00000E+00  0.00000E+00  0.31923E+01  0.18193E+01 -0.72226E+00
  0.12993E+00  0.30615E+03   -0.13000E+00  0.10564E+00  0.24361E-01  0.00000E+00  0.00000E+00  0.00000E+00   -0.30608E+03  0.00000E+00  0.00000E+00  0.31637E+01  0.18360E+01 -0.73382E+00
  0.13093E+00  0.30679E+03   -0.13100E+00  0.10640E+00  0.24601E-01  0.00000E+00  0.00000E+00  0.00000E+00   -0.30673E+03  0.00000E+00  0.00000E+00  0.31495E+01  0.18364E+01 -0.72415E+00
  0.13193E+00  0.30766E+03   -0.13200E+00  0.10716E+00  0.24841E-01  0.00000E+00  0.00000E+00  0.00000E+00   -0.30759E+03  0.00000E+00  0.00000E+00  0.30933E+01  0.18872E+01 -0.73315E+00
  0.13293E+00  0.30829E+03   -0.13300E+00  0.10792E+00  0.25083E-01  0.00000E+00  0.00000E+00  0.00000E+00   -0.30823E+03  0.00000E+00  0.00000E+00  0.30769E+01  0.18889E+01 -0.72381E+00
  0.13393E+00  0.30911E+03   -0.13400E+00  0.10867E+00  0.25325E-01  0.00000E+00  0.00000E+00  0.00000E+00   -0.30905E+03  0.00000E+00  0.00000E+00  0.30477E+01  0.19151E+01 -0.73800E+00
  0.13493E+00  0.30978E+03   -0.13500E+00  0.10943E+00  0.25568E-01  0.00000E+00  0.00000E+00  0.00000E+00   -0.30971E+03  0.00000E+00  0.00000E+00  0.30275E+01  0.19047E+01 -0.72829E+00
  0.13593E+00  0.31058E+03   -0.13600E+00  0.11019E+00  0.25812E-01  0.00000E+00  0.00000E+00  0.00000E+00   -0.31051E+03  0.00000E+00  0.00000E+00  0.29995E+01  0.19240E+01 -0.74152E+00
  0.13693E+00  0.31124E+03   -0.13700E+00  0.11094E+00  0.26058E-01  0.00000E+00  0.00000E+00  0.00000E+00   -0.31117E+03  0.00000E+00  0.00000E+00  0.29940E+01  0.19109E+01 -0.73259E+00
  0.13793E+00  0.31210E+03   -0.13800E+00  0.11170E+00  0.26303E-01  0.00000E+00  0.00000E+00  0.00000E+00   -0.31204E+03  0.00000E+00  0.00000E+00  0.29819E+01  0.19547E+01 -0.74784E+00
  0.13893E+00  0.31273E+03   -0.13900E+00  0.11245E+00  0.26550E-01  0.00000E+00  0.00000E+00  0.00000E+00   -0.31267E+03  0.00000E+00  0.00000E+00  0.29678E+01  0.19547E+01 -0.73929E+00
  0.13993E+00  0.31358E+03   -0.14000E+00  0.11320E+00  0.26798E-01  0.00000E+00  0.00000E+00  0.00000E+00   -0.31352E+03  0.00000E+00  0.00000E+00  0.29442E+01  0.19674E+01 -0.75294E+00
  0.14093E+00  0.31425E+03   -0.14100E+00  0.11395E+00  0.27047E-01  0.00000E+00  0.00000E+00  0.00000E+00   -0.31418E+03  0.00000E+00  0.00000E+00  0.29480E+01  0.19702E+01 -0.74549E+00
  0.14193E+00  0.31516E+03   -0.14200E+00  0.11470E+00  0.27296E-01  0.00000E+00  0.00000E+00  0.00000E+00   -0.31510E+03  0.00000E+00  0.00000E+00  0.28953E+01  0.20073E+01 -0.75244E+00
  0.14293E+00  0.31581E+03   -0.14300E+00  0.11545E+00  0.27547E-01  0.00000E+00  0.00000E+00  0.00000E+00   -0.31575E+03  0.00000E+00  0.00000E+00  0.28766E+01  0.20206E+01 -0.74578E+00
  0.14393E+00  0.31666E+03   -0.14400E+00  0.11620E+00  0.27799E-01  0.00000E+00  0.00000E+00  0.00000E+00   -0.31660E+03  0.00000E+00  0.00000E+00  0.28530E+01  0.20343E+01 -0.75925E+00
  0.14493E+00  0.31729E+03   -0.14500E+00  0.11695E+00  0.28051E-01  0.00000E+00  0.00000E+00  0.00000E+00   -0.31723E+03  0.00000E+00  0.00000E+00  0.28395E+01  0.20328E+01 -0.75043E+00
  0.14593E+00  0.31822E+03   -0.14600E+00  0.11770E+00  0.28304E-01  0.00000E+00  0.00000E+00  0.00000E+00   -0.31816E+03  0.00000E+00  0.00000E+00  0.27995E+01  0.20531E+01 -0.76264E+00
  0.14693E+00  0.31886E+03   -0.14700E+00  0.11844E+00  0.28559E-01  0.00000E+00  0.00000E+00  0.00000E+00   -0.31880E+03  0.00000E+00  0.00000E+00  0.27721E+01  0.20394E+01 -0.75400E+00
  0.14793E+00  0.31974E+03   -0.14800E+00  0.11919E+00  0.28814E-01  0.00000E+00  0.00000E+00  0.00000E+00   -0.31968E+03  0.00000E+00  0.00000E+00  0.27510E+01  0.20587E+01 -0.76593E+00
  0.14893E+00  0.32036E+03   -0.14900E+00  0.11993E+00  0.29070E-01  0.00000E+00  0.00000E+00  0.00000E+00   -0.32031E+03  0.00000E+00  0.00000E+00  0.27399E+01  0.20563E+01 -0.75639E+00
  0.14993E+00  0.32113E+03   -0.15000E+00  0.12067E+00  0.29327E-01  0.00000E+00  0.00000E+00  0.00000E+00   -0.32107E+03  0.00000E+00  0.00000E+00  0.27225E+01  0.20640E+01 -0.75697E+00
  0.15093E+00  0.32201E+03   -0.15100E+00  0.12142E+00  0.29585E-01  0.00000E+00  0.00000E+00  0.00000E+00   -0.32196E+03  0.00000E+00  0.00000E+00  0.27011E+01  0.20815E+01 -0.76870E+00
  0.15193E+00  0.32263E+03   -0.15200E+00  0.12216E+00  0.29843E-01  0.00000E+00  0.00000E+00  0.00000E+00   -0.32257E+03  0.00000E+00  0.00000E+00  0.26905E+01  0.20784E+01 -0.75954E+00
  0.15293E+00  0.32340E+03   -0.15300E+00  0.12290E+00  0.30103E-01  0.00000E+00  0.00000E+00  0.00000E+00   -0.32335E+03  0.00000E+00  0.00000E+00  0.26762E+01  0.20850E+01 -0.75914E+00
  0.15393E+00  0.32434E+03   -0.15400E+00  0.12364E+00  0.30363E-01  0.00000E+00  0.00000E+00  0.00000E+00   -0.32429E+03  0.00000E+00  0.00000E+00  0.26377E+01  0.21158E+01 -0.76830E+00
  0.15493E+00  0.32495E+03   -0.15500E+00  0.12438E+00  0.30625E-01  0.00000E+00  0.00000E+00  0.00000E+00   -0.32489E+03  0.00000E+00  0.00000E+00  0.26267E+01  0.21144E+01 -0.75761E+00
  0.15593E+00  0.32573E+03   -0.15600E+00  0.12511E+00  0.30887E-01  0.00000E+00  0.00000E+00  0.00000E+00   -0.32567E+03  0.00000E+00  0.00000E+00  0.26119E+01  0.21205E+01 -0.75596E+00
  0.15693E+00  0.32665E+03   -0.15700E+00  0.12585E+00  0.31150E-01  0.00000E+00  0.00000E+00  0.00000E+00   -0.32659E+03  0.00000E+00  0.00000E+00  0.25926E+01  0.21369E+01 -0.76424E+00
  0.15793E+00  0.32725E+03   -0.15800E+00  0.12659E+00  0.31414E-01  0.00000E+00  0.00000E+00  0.00000E+00   -0.32720E+03  0.00000E+00  0.00000E+00  0.25816E+01  0.21346E+01 -0.75270E+00
  0.15893E+00  0.32803E+03   -0.15900E+00  0.12732E+00  0.31679E-01  0.00000E+00  0.00000E+00  0.00000E+00   -0.32798E+03  0.00000E+00  0.00000E+00  0.25659E+01  0.21415E+01 -0.75004E+00
  0.15993E+00  0.32899E+03   -0.16000E+00  0.12806E+00  0.31944E-01  0.00000E+00  0.00000E+00  0.00000E+00   -0.32894E+03  0.00000E+00  0.00000E+00  0.25466E+01  0.21515E+01 -0.75578E+00
  0.16093E+00  0.32959E+03   -0.16100E+00  0.12879E+00  0.32211E-01  0.00000E+00  0.00000E+00  0.00000E+00   -0.32954E+03  0.00000E+00  0.00000E+00  0.25347E+01  0.21508E+01 -0.74394E+00
  0.16193E+00  0.33037E+03   -0.16200E+00  0.12952E+00  0.32478E-01  0.00000E+00  0.00000E+00  0.00000E+00   -0.33032E+03  0.00000E+00  0.00000E+00  0.25183E+01  0.21575E+01 -0.74075E+00
  0.16293E+00  0.33133E+03   -0.16300E+00  0.13025E+00  0.32747E-01  0.00000E+00  0.00000E+00  0.00000E+00   -0.33128E+03  0.00000E+00  0.00000E+00  0.24974E+01  0.21736E+01 -0.74725E+00
  0.16393E+00  0.33193E+03   -0.16400E+00  0.13098E+00  0.33016E-01  0.00000E+00  0.00000E+00  0.00000E+00   -0.33188E+03  0.00000E+00  0.00000E+00  0.24842E+01  0.21729E+01 -0.73544E+00
  0.16493E+00  0.33273E+03   -0.16500E+00  0.13171E+00  0.33286E-01  0.00000E+00  0.00000E+00  0.00000E+00   -0.33268E+03  0.00000E+00  0.00000E+00  0.24610E+01  0.21737E+01 -0.73359E+00
  0.16593E+00  0.33371E+03   -0.16600E+00  0.13244E+00  0.33557E-01  0.00000E+00  0.00000E+00  0.00000E+00   -0.33366E+03  0.00000E+00  0.00000E+00  0.24405E+01  0.21919E+01 -0.74079E+00
  0.16692E+00  0.33430E+03   -0.16700E+00  0.13317E+00  0.33830E-01  0.00000E+00  0.00000E+00  0.00000E+00   -0.33425E+03  0.00000E+00  0.00000E+00  0.24264E+01  0.21943E+01 -0.72982E+00
  0.16792E+00  0.33534E+03   -0.16800E+00  0.13390E+00  0.34103E-01  0.00000E+00  0.00000E+00  0.00000E+00   -0.33529E+03  0.00000E+00  0.00000E+00  0.24320E+01  0.22296E+01 -0.72801E+00
  0.16892E+00  0.33598E+03   -0.16900E+00  0.13462E+00  0.34377E-01  0.00000E+00  0.00000E+00  0.00000E+00   -0.33593E+03  0.00000E+00  0.00000E+00  0.24141E+01  0.22395E+01 -0.72479E+00
  0.16992E+00  0.33697E+03   -0.17000E+00  0.13535E+00  0.34651E-01  0.00000E+00  0.00000E+00  0.00000E+00   -0.33692E+03  0.00000E+00  0.00000E+00  0.23947E+01  0.22561E+01 -0.73139E+00
  0.17092E+00  0.33755E+03   -0.17100E+00  0.13607E+00  0.34927E-01  0.00000E+00  0.00000E+00  0.00000E+00   -0.33750E+03  0.00000E+00  0.00000E+00  0.23828E+01  0.22584E+01 -0.71879E+00
  0.17192E+00  0.33835E+03   -0.17200E+00  0.13680E+00  0.35204E-01  0.00000E+00  0.00000E+00  0.00000E+00   -0.33830E+03  0.00000E+00  0.00000E+00  0.23675E+01  0.22664E+01 -0.71552E+00
  0.17292E+00  0.33916E+03   -0.17300E+00  0.13752E+00  0.35482E-01  0.00000E+00  0.00000E+00  0.00000E+00   -0.33911E+03  0.00000E+00  0.00000E+00  0.23522E+01  0.22747E+01 -0.71354E+00
  0.17392E+00  0.34013E+03   -0.17400E+00  0.13824E+00  0.35760E-01  0.00000E+00  0.00000E+00  0.00000E+00   -0.34008E+03  0.00000E+00  0.00000E+00  0.23416E+01  0.22809E+01 -0.71345E+00
  0.17492E+00  0.34077E+03   -0.17500E+00  0.13896E+00  0.36039E-01  0.00000E+00  0.00000E+00  0.00000E+00   -0.34072E+03  0.00000E+00  0.00000E+00  0.23229E+01  0.22902E+01 -0.71110E+00
  0.17592E+00  0.34174E+03   -0.17600E+00  0.13968E+00  0.36319E-01  0.00000E+00  0.00000E+00  0.00000E+00   -0.34169E+03  0.00000E+00  0.00000E+00  0.23120E+01  0.22964E+01 -0.71176E+00
  0.17692E+00  0.34238E+03   -0.17700E+00  0.14040E+00  0.36600E-01  0.00000E+00  0.00000E+00  0.00000E+00   -0.34233E+03  0.00000E+00  0.00000E+00  0.22931E+01  0.23056E+01 -0.71011E+00
  0.17792E+00  0.34338E+03   -0.17800E+00  0.14112E+00  0.36882E-01  0.00000E+00  0.00000E+00  0.00000E+00   -0.34333E+03  0.00000E+00  0.00000E+00  0.23020E+01  0.22956E+01 -0.70786E+00
  0.17892E+00  0.34404E+03   -0.17900E+00  0.14183E+00  0.37165E-01  0.00000E+00  0.00000E+00  0.00000E+00   -0.34399E+03  0.00000E+00  0.00000E+00  0.22856E+01  0.23066E+01 -0.70715E+00
  0.17992E+00  0.34501E+03   -0.18000E+00  0.14255E+00  0.37449E-01  0.00000E+00  0.00000E+00  0.00000E+00   -0.34496E+03  0.00000E+00  0.00000E+00  0.22745E+01  0.23122E+01 -0.70881E+00
  0.18092E+00  0.34568E+03   -0.18100E+00  0.14327E+00  0.37734E-01  0.00000E+00  0.00000E+00  0.00000E+00   -0.34563E+03  0.00000E+00  0.00000E+00  0.22594E+01  0.23121E+01 -0.70787E+00
  0.18192E+00  0.34666E+03   -0.18200E+00  0.14398E+00  0.38020E-01  0.00000E+00  0.00000E+00  0.00000E+00   -0.34662E+03  0.00000E+00  0.00000E+00  0.22479E+01  0.23200E+01 -0.70868E+00
  0.18292E+00  0.34732E+03   -0.18300E+00  0.14469E+00  0.38306E-01  0.00000E+00  0.00000E+00  0.00000E+00   -0.34727E+03  0.00000E+00  0.00000E+00  0.22285E+01  0.23284E+01 -0.70662E+00
  0.18392E+00  0.34813E+03   -0.18400E+00  0.14541E+00  0.38594E-01  0.00000E+00  0.00000E+00  0.00000E+00   -0.34809E+03  0.00000E+00  0.00000E+00  0.22156E+01  0.23329E+01 -0.70530E+00
  0.18492E+00  0.34912E+03   -0.18500E+00  0.14612E+00  0.38883E-01  0.00000E+00  0.00000E+00  0.00000E+00   -0.34908E+03  0.00000E+00  0.00000E+00  0.22043E+01  0.23382E+01 -0.70513E+00
  0.18592E+00  0.34979E+03   -0.18600E+00  0.14683E+00  0.39172E-01  0.00000E+00  0.00000E+00  0.00000E+00   -0.34974E+03  0.00000E+00  0.00000E+00  0.21841E+01  0.23481E+01 -0.70239E+00
  0.18692E+00  0.35060E+03   -0.18700E+00  0.14754E+00  0.39462E-01  0.00000E+00  0.00000E+00  0.00000E+00   -0.35056E+03  0.00000E+00  0.00000E+00  0.21677E+01  0.23581E+01 -0.70029E+00
  0.18792E+00  0.35143E+03   -0.18800E+00  0.14825E+00  0.39754E-01  0.00000E+00  0.00000E+00  0.00000E+00   -0.35139E+03  0.00000E+00  0.00000E+00  0.21511E+01  0.23663E+01 -0.69743E+00
  0.18892E+00  0.35245E+03   -0.18900E+00  0.14895E+00  0.40046E-01  0.00000E+00  0.00000E+00  0.00000E+00   -0.35241E+03  0.00000E+00  0.00000E+00  0.21259E+01  0.23688E+01 -0.69786E+00
  0.18992E+00  0.35313E+03   -0.19000E+00  0.14966E+00  0.40339E-01  0.00000E+00  0.00000E+00  0.00000E+00   -0.35308E+03  0.00000E+00  0.00000E+00  0.21016E+01  0.23786E+01 -0.69440E+00
  0.19092E+00  0.35395E+03   -0.19100E+00  0.15037E+00  0.40633E-01  0.00000E+00  0.00000E+00  0.00000E+00   -0.35391E+03  0.00000E+00  0.00000E+00  0.20836E+01  0.23866E+01 -0.69153E+00
  0.19192E+00  0.35480E+03   -0.19200E+00  0.15107E+00  0.40928E-01  0.00000E+00  0.00000E+00  0.00000E+00   -0.35475E+03  0.00000E+00  0.00000E+00  0.20758E+01  0.23972E+01 -0.69069E+00
  0.19292E+00  0.35563E+03   -0.19300E+00  0.15178E+00  0.41224E-01  0.00000E+00  0.00000E+00  0.00000E+00   -0.35559E+03  0.00000E+00  0.00000E+00  0.20570E+01  0.24051E+01 -0.68880E+00
  0.19392E+00  0.35647E+03   -0.19400E+00  0.15248E+00  0.41521E-01  0.00000E+00  0.00000E+00  0.00000E+00   -0.35642E+03  0.00000E+00  0.00000E+00  0.20388E+01  0.24135E+01 -0.68665E+00
  0.19492E+00  0.35730E+03   -0.19500E+00  0.15318E+00  0.41818E-01  0.00000E+00  0.00000E+00  0.00000E+00   -0.35726E+03  0.00000E+00  0.00000E+00  0.20211E+01  0.24214E+01 -0.68492E+00
  0.19592E+00  0.35814E+03   -0.19600E+00  0.15388E+00  0.42117E-01  0.00000E+00  0.00000E+00  0.00000E+00   -0.35809E+03  0.00000E+00  0.00000E+00  0.20040E+01  0.24294E+01 -0.68359E+00
  0.19692E+00  0.35897E+03   -0.19700E+00  0.15458E+00  0.42416E-01  0.00000E+00  0.00000E+00  0.00000E+00   -0.35893E+03  0.00000E+00  0.00000E+00  0.19861E+01  0.24375E+01 -0.68241E+00
  0.19792E+00  0.35981E+03   -0.19800E+00  0.15528E+00  0.42717E-01  0.00000E+00  0.00000E+00  0.00000E+00   -0.35976E+03  0.00000E+00  0.00000E+00  0.19680E+01  0.24458E+01 -0.68142E+00
  0.19892E+00  0.36064E+03   -0.19900E+00  0.15598E+00  0.43018E-01  0.00000E+00  0.00000E+00  0.00000E+00   -0.36060E+03  0.00000E+00  0.00000E+00  0.19509E+01  0.24577E+01 -0.68048E+00
  0.19992E+00  0.36148E+03   -0.20000E+00  0.15668E+00  0.43320E-01  0.00000E+00  0.00000E+00  0.00000E+00   -0.36144E+03  0.00000E+00  0.00000E+00  0.19339E+01  0.24701E+01 -0.67967E+00
