TEXTURE AT STRAIN =    0.2000
   1.044   1.170   0.819  <-- length of phase ellipsoid axes
   90.00   90.00   90.00  <-- Euler angles (deg) of phase ellipsoid axes
B       658
 -167.72   53.04  -47.24   0.0002342
  110.32  135.04    7.86   0.0017223
  -35.54  142.54 -111.96   0.0014860
  134.98   82.49  104.74   0.0002159
   75.01  158.49 -100.24   0.0066667
   98.60   38.71 -108.32   0.0048139
  159.27   34.75   82.72   0.0005509
   22.10   49.49  -92.43   0.0019037
  108.39  156.13 -151.87   0.0065072
  -17.63   59.67   70.03   0.0002216
 -121.74   56.23 -115.26   0.0010531
   49.16  126.84  -14.90   0.0010741
    1.28  156.99  -68.20   0.0035037
 -116.95  138.64 -118.35   0.0020209
  -57.23  148.13  114.24   0.0066667
 -150.14   34.54 -142.82   0.0059228
  108.57  140.10  -66.77   0.0066667
  112.19  135.06  173.37   0.0066667
   56.56   37.31 -100.91   0.0022614
   23.83   57.56  155.63   0.0002338
   92.92   39.18   59.71   0.0065755
  -11.07   99.02 -131.66   0.0000172
  -45.26  132.96    8.16   0.0006597
  -53.11  130.12   69.70   0.0043332
  -79.22  140.89  151.81   0.0066667
  102.70  134.94  103.68   0.0060734
   30.71   48.57   41.94   0.0002868
  -21.09   83.92  127.60   0.0000120
  -55.01   74.08   96.02   0.0001102
  132.62   39.67   40.29   0.0066667
  -22.74  145.31   91.88   0.0037769
  -97.21  138.01  -99.72   0.0026543
 -145.14   39.00  -83.34   0.0045006
 -128.53   94.07   38.96   0.0003561
  -14.15  138.18 -142.18   0.0005544
  -94.82  155.55   30.36   0.0066667
  -24.84   40.99 -168.45   0.0048681
  -11.34   65.46   24.63   0.0000090
   39.30   52.75 -155.37   0.0002364
 -161.54  147.61    8.91   0.0043567
    9.43   30.42  -17.90   0.0037081
   35.34   96.51   81.37   0.0002099
  -95.46  127.08 -121.93   0.0054980
 -135.06   78.04   83.59   0.0002950
  120.93   36.50   43.55   0.0045655
  115.09   46.63   -3.14   0.0009230
  -84.76   97.90  150.95   0.0001208
  -88.82   16.86   80.75   0.0017123
  -18.83  151.40  109.58   0.0015470
  128.61  161.96   69.21   0.0066667
   10.82  102.11   65.74   0.0000218
   21.93  148.55  -29.56   0.0001147
  -20.35   35.83  126.49   0.0001002
 -143.69  130.46   68.47   0.0000355
  -24.05   52.52 -104.55   0.0002178
   42.86   28.30 -100.67   0.0041427
  -94.43  148.85  153.35   0.0066667
  159.15   70.28 -162.52   0.0000082
   17.37  160.06   18.64   0.0052068
 -108.52  134.77   75.19   0.0051485
  142.05   27.00  124.91   0.0039891
  136.55  129.64  146.03   0.0034414
   94.38  150.42  166.27   0.0066667
  169.50   81.28    9.50   0.0000290
  -86.07   20.60  153.58   0.0029141
  161.58  103.35 -173.11   0.0000506
  -67.74   59.40   14.88   0.0033895
   73.17   65.44   58.36   0.0001557
  171.98  146.78  -63.09   0.0021871
   41.01  161.17    1.76   0.0001096
  131.67   36.88   -2.97   0.0006225
   -6.05   94.66   63.25   0.0000344
   12.18  151.58 -110.46   0.0055289
   42.64   15.34   17.03   0.0032984
  142.49   55.70  -39.36   0.0000959
    3.07   23.99 -173.76   0.0051345
    4.12  144.31    2.66   0.0050805
  -15.58   63.20   22.59   0.0000638
   15.76  138.94 -159.67   0.0005312
  154.58  125.08  -27.10   0.0013032
 -142.82  141.09  -36.36   0.0065602
   45.20  140.81  170.10   0.0034685
   43.44   76.68 -149.56   0.0006132
   33.07  130.65   38.95   0.0013421
   73.13   96.32  144.80   0.0001119
  -24.14  129.62  -85.48   0.0007647
   57.59  137.98  -52.39   0.0066667
  -15.07   49.90  125.35   0.0003321
 -113.91   90.66  108.11   0.0003273
  -22.03   41.13    5.82   0.0033116
 -107.04  124.49 -158.61   0.0001688
  -78.81  111.65  -61.14   0.0000794
  -74.07   40.78   79.85   0.0018505
 -152.27  122.09  114.38   0.0007765
  -19.85   15.65   10.77   0.0039737
  -27.03   30.84  -95.91   0.0063476
  176.86    6.14   50.72   0.0050535
  111.43  154.67  169.00   0.0045723
 -176.38  154.66    7.41   0.0004768
  -77.20   68.91  144.80   0.0004658
   39.31   42.49  -99.98   0.0027466
  -39.68   30.28  104.20   0.0047450
    4.30   59.79   48.39   0.0000732
 -108.91  148.54  -62.86   0.0066667
  -58.14   54.28  -10.54   0.0018665
  152.68   31.35  140.34   0.0008198
   99.00   68.13 -175.13   0.0005816
   88.61   88.67  -84.38   0.0000952
  137.20   18.38  121.05   0.0026012
 -160.12   47.65  -11.25   0.0004231
  -27.51   54.15 -167.25   0.0006081
  -78.46  121.00  118.22   0.0011053
  -92.91   60.11   -0.46   0.0002290
   78.24  129.13   50.05   0.0020901
   42.00  139.74   11.51   0.0028647
  -51.38   17.21  -47.03   0.0043006
  -56.90  133.56  139.89   0.0066667
  -49.50  147.27    5.23   0.0003522
  -76.41  142.84   58.47   0.0066667
   75.62   19.57   49.61   0.0033463
  144.93  135.58  101.63   0.0008360
 -114.40   88.68  -83.95   0.0002056
  -98.20  146.67  -49.16   0.0061086
  -36.01   24.43  -95.29   0.0051754
 -124.05  162.79   88.14   0.0014940
  155.40  147.32  -76.95   0.0053587
  173.05  139.58  105.72   0.0022078
   90.54   61.64  104.80   0.0020148
 -161.50  122.75  -40.78   0.0007525
  -21.44   57.61  106.67   0.0000030
   64.81  144.84   53.03   0.0012247
   28.26  154.50   52.40   0.0032274
  -50.96    8.79   -0.70   0.0044342
  -79.68   49.69   85.70   0.0066667
 -118.80   97.27  162.12   0.0001284
   13.07  132.40   11.71   0.0009484
   12.19  133.00 -160.67   0.0005882
  157.93   77.83   54.32   0.0000577
  -31.88  152.84 -145.33   0.0054706
  144.60   32.54 -144.98   0.0062365
   73.38  125.19 -109.30   0.0024920
  -14.24   29.30 -172.50   0.0047689
   97.59  134.71   -3.44   0.0035180
  114.58  139.37  103.06   0.0053612
 -152.15   22.03 -164.88   0.0033382
   68.61   83.83  136.04   0.0000714
 -153.41   34.91   52.94   0.0005390
 -103.46  155.20  -44.82   0.0030125
 -166.86   29.19 -148.36   0.0028260
   74.09  146.19  166.72   0.0011257
   12.39  148.40 -115.73   0.0041091
   72.37   43.48  -62.88   0.0058452
  111.20   20.27  -52.47   0.0014500
   73.49  155.44   66.75   0.0066667
   63.39  138.54 -145.84   0.0061883
   84.43  115.44  132.67   0.0010627
   53.38   31.93 -110.34   0.0066667
 -153.82   61.10  -20.56   0.0019457
  -13.31  118.89 -137.21   0.0000373
   82.12  150.28 -163.85   0.0066667
 -108.77   48.64   36.70   0.0015181
 -124.34   72.29  -35.36   0.0003933
   97.26   34.98  -40.66   0.0005698
  -32.74   37.46   30.62   0.0006362
  136.82   26.97 -147.55   0.0058112
   22.03  132.13 -114.79   0.0013361
  122.47   59.32   95.03   0.0004983
  -83.10   55.21  113.08   0.0011932
 -110.72  116.52 -141.80   0.0002352
 -148.99  147.18  -46.80   0.0027540
   18.23  155.08   26.96   0.0035399
  -34.43  175.59  -79.55   0.0029000
  -94.48   32.95 -175.23   0.0066667
   85.84   77.29  -67.62   0.0002179
 -143.49   39.93   26.50   0.0066667
   88.25   27.11    9.41   0.0051435
  150.90  136.40 -146.53   0.0005261
 -108.66   24.60   47.41   0.0066667
  135.05   52.18  -90.51   0.0007754
  176.36   42.87 -174.57   0.0006805
 -147.22  138.31  -37.79   0.0005233
 -114.65   34.11  -69.13   0.0008340
  -50.39   15.04  -63.57   0.0022550
 -157.05  144.29  -89.97   0.0000061
  101.92  151.49 -101.20   0.0046543
   23.31   20.52  106.19   0.0036638
   77.71   87.20 -137.85   0.0001154
   47.92   39.17 -100.44   0.0051913
 -164.89   26.66 -128.40   0.0045718
   24.36   63.54   42.94   0.0000664
  -94.69  140.81  170.90   0.0059597
 -103.05   55.76  -48.39   0.0010529
 -127.71  154.90  118.71   0.0062749
 -146.51   38.53   86.53   0.0035570
 -130.10  111.54   37.16   0.0000347
   68.24   52.74  136.48   0.0025690
   21.07   38.85  -19.90   0.0001153
   40.01   32.60  -37.56   0.0037692
   10.73  107.97  -65.14   0.0000849
 -128.08   28.08  -96.47   0.0066667
   46.04  112.07   34.55   0.0001739
  -64.67   51.63   54.03   0.0022278
  123.84   53.06  163.03   0.0000214
   29.20   33.86  -93.98   0.0049655
 -159.52  152.26   77.85   0.0029152
  138.23  146.82   29.86   0.0066667
  -86.53  138.40   92.59   0.0058306
   19.39  137.96   53.06   0.0000146
  -27.65  144.86  -32.26   0.0044263
  158.66  137.34   30.37   0.0001291
 -114.22   63.98 -102.46   0.0004190
 -104.89   44.27  -92.34   0.0000993
 -131.53   38.47  145.31   0.0066667
  -48.64  125.88  145.11   0.0000042
   79.35  139.47   27.19   0.0066667
   63.63   50.05  -55.15   0.0027592
   77.15  141.64 -138.55   0.0066667
   12.29  100.61 -133.06   0.0000258
  -77.32  112.13 -107.59   0.0000964
   58.92   53.52  124.06   0.0019902
  101.33   49.96  -89.83   0.0011862
  -27.84  117.80  147.82   0.0006602
   12.53   19.14  -11.98   0.0061288
   89.34   29.51   39.75   0.0066667
 -109.74   73.47  157.30   0.0007260
 -173.36  140.27   12.01   0.0022090
  -16.67   49.35  -47.83   0.0013134
 -169.70   34.06   35.11   0.0025994
   59.21   30.85  -67.53   0.0027739
  -31.19   76.08   67.54   0.0000239
  142.74  156.81   85.81   0.0010162
   77.64   90.67   99.70   0.0002283
  -59.66   77.60  -80.99   0.0001693
   92.85  122.41  163.32   0.0001525
  132.34  102.23   13.42   0.0002889
   23.07  106.29   77.00   0.0000644
  105.12   53.71  143.77   0.0025032
  112.36   39.57  131.99   0.0026905
 -142.25   75.07  162.40   0.0000203
  -18.08   25.59  -79.58   0.0028356
   63.92  167.02  125.30   0.0061240
  175.33  143.77   53.15   0.0044495
  -52.95   30.96  -79.11   0.0025088
   82.45  141.31   20.46   0.0036327
   99.79  119.99  106.13   0.0001752
   81.10  133.87  -48.31   0.0066108
  -81.55  104.56  134.16   0.0002910
  160.31   35.80  -96.92   0.0038283
   66.76  100.44  -41.04   0.0001360
 -157.71  122.72 -127.71   0.0002228
  146.19   33.49   25.67   0.0059804
 -172.70   21.40   -9.13   0.0051446
   52.54  155.19  103.66   0.0063961
  125.70   22.59  -68.11   0.0066667
  -82.02   39.08 -173.11   0.0049660
   89.25  117.87  103.28   0.0009424
   86.20  131.63   23.79   0.0016264
  -80.70   48.06 -154.65   0.0013950
  -79.07   84.77  -26.41   0.0002697
 -108.07  132.81  152.24   0.0013396
  133.67   96.12  167.83   0.0000652
  -99.38   40.66  -33.82   0.0025698
  162.85  122.03  -83.79   0.0001641
  -96.76  120.20   10.85   0.0005250
   89.55   10.17 -147.72   0.0060607
 -156.05  144.55  142.16   0.0056951
  146.79  156.13 -153.84   0.0059634
  -18.01   38.41   86.52   0.0012140
  123.43  171.00   62.94   0.0042484
  -57.29  167.11 -109.00   0.0019297
   -7.46  164.95   -6.02   0.0056705
   14.20  140.04  122.70   0.0032633
   77.16  123.37  -29.19   0.0006916
  145.28   93.59  167.77   0.0004217
   20.44   54.71   55.81   0.0006525
   72.76  100.49 -168.91   0.0001377
    4.15  158.54  109.29   0.0024719
   37.06  152.38 -137.23   0.0052108
  -60.23  153.25    3.05   0.0066667
  -18.77  130.51  110.38   0.0013772
  -58.20   29.54 -144.50   0.0066667
   45.49   29.04 -156.82   0.0037990
  -28.13   24.39   81.72   0.0015597
  122.17   20.42   45.19   0.0022167
 -128.15  154.57  123.73   0.0051106
   99.17   35.47   20.38   0.0066667
 -136.92   85.90  101.72   0.0007800
  -20.03  139.42 -131.75   0.0010535
 -157.62   51.32  109.50   0.0001400
  -17.74   28.20   26.22   0.0027571
  -68.97  132.21  127.37   0.0036948
  -55.74  117.19  -83.81   0.0002113
  -39.34  155.77 -110.13   0.0044114
   21.53   34.33   30.07   0.0035951
  137.39  137.89 -106.18   0.0027785
  -22.98  138.99  -70.90   0.0020915
  110.12   20.08   77.74   0.0061791
  122.58  101.97   26.45   0.0001694
  119.80  129.33  -90.51   0.0023302
 -136.63  122.40   -4.44   0.0000141
  135.82  134.79  145.54   0.0015250
  -75.82  158.78   81.27   0.0058444
  -63.43   57.03  -76.21   0.0015367
  -43.00   33.37   42.34   0.0066667
   87.43   33.32  -75.85   0.0003050
  113.38   35.16  -50.85   0.0066667
  -25.80  108.41 -145.81   0.0002032
    6.54   37.87  -65.15   0.0007981
   52.88  155.63   89.66   0.0054214
  156.51   40.64 -149.70   0.0008827
   76.55   53.57  -74.51   0.0004416
 -122.32   49.55    8.29   0.0047270
  133.00  176.50   18.60   0.0005728
   59.40  141.96   57.00   0.0051232
   97.04   47.09  124.63   0.0041931
  102.01   83.18   31.84   0.0000051
  144.19   80.98 -144.58   0.0003532
    7.16   24.69  167.21   0.0046527
  119.12   42.91   93.14   0.0024535
  -50.32   94.10   31.32   0.0002242
  162.28   29.91  -49.16   0.0044236
  -20.39  103.49  -18.26   0.0000617
  118.08  156.53  -60.80   0.0051623
 -159.44   56.76  -82.19   0.0003492
  -83.36   56.28  -35.31   0.0038477
   -9.75   58.74   12.40   0.0001105
 -147.04   62.80   40.05   0.0006808
  -15.76  107.23   47.53   0.0000060
  -52.93   49.52   84.08   0.0012093
   86.35   87.92 -171.25   0.0007418
  116.09  139.41   19.11   0.0000000
   79.00   99.66  145.53   0.0005741
  142.31   82.37  101.81   0.0000000
   73.48  159.90  -95.26   0.0000000
  101.87   33.55 -117.28   0.0000000
 -111.00   99.03 -144.24   0.0003161
  -80.28   88.68  130.68   0.0025166
 -100.02  105.85  168.90   0.0001595
   67.61  111.00 -119.97   0.0000778
 -127.52   52.12 -116.30   0.0000000
   43.13  129.77  -13.83   0.0000000
   78.95   78.81  156.92   0.0013758
 -121.37  142.82 -118.71   0.0000000
  -53.79  150.04  107.66   0.0000000
   70.91   68.38  157.66   0.0007439
  112.68  145.03  -62.70   0.0000000
  116.03  140.13  173.20   0.0000000
   50.56   35.22  -86.83   0.0000000
  -72.15   93.55    1.58   0.0001327
   94.19   34.22   57.16   0.0000000
   88.83   74.49   35.69   0.0000631
  -39.83  134.54    4.24   0.0000000
  -47.39  133.61   69.30   0.0000000
  -78.09  145.97  145.39   0.0000000
  105.06  140.71  103.77   0.0000000
  -99.14   60.21  -35.35   0.0000042
   74.68  110.71  -33.70   0.0000078
  -48.84   71.25   96.32   0.0000000
  137.84   37.88   34.26   0.0000000
   73.98   85.34  -35.51   0.0028898
  -98.98  143.81 -101.45   0.0000000
   76.29   64.41 -144.84   0.0001693
 -135.61   94.15   38.17   0.0000000
   82.25   82.84   76.85   0.0009073
  -95.09  157.97   36.46   0.0000000
   99.17   71.31  -86.51   0.0017986
   90.20   94.94 -173.74   0.0000393
   34.78   51.40 -157.70   0.0000000
   74.67  102.02   87.03   0.0023100
  -79.49   99.54 -151.49   0.0029585
   29.67   97.56   86.29   0.0000000
  -97.13  131.88 -125.58   0.0000000
 -142.24   76.86   82.72   0.0000000
  127.14   34.09   29.22   0.0000000
  120.32   41.67   -8.40   0.0000000
  -85.66   97.29  150.95   0.0000000
  111.33   79.53   54.29   0.0001820
  107.31  100.47   36.71   0.0008960
  130.40  161.78   70.52   0.0000000
  -84.84   64.08  -98.55   0.0000479
  -79.17   87.24   91.95   0.0001142
   97.56   79.80 -148.28   0.0000735
 -148.21  130.02   58.62   0.0000000
  101.87   59.73  -19.27   0.0000113
   40.54   28.39  -99.07   0.0000000
  -94.08  152.86  161.40   0.0000000
 -105.68   99.85   11.87   0.0000100
  -64.36   80.43  140.24   0.0014598
 -111.39  139.97   78.57   0.0000000
  -93.11   81.70 -157.48   0.0026775
  142.09  131.69  149.54   0.0000000
   96.87  153.85  178.07   0.0000000
  -91.36  109.17 -154.99   0.0000941
  -85.97   19.12  162.19   0.0000000
  -95.21  103.78   46.73   0.0000946
  -63.70   55.30   15.78   0.0000000
   71.76   62.19   58.75   0.0000000
  -67.72  101.94 -148.90   0.0007240
  -86.17   93.60   75.54   0.0000841
  135.85   35.58    2.69   0.0000000
   97.18  115.26  -80.19   0.0000708
 -115.78  102.50  -37.24   0.0011378
  -61.23   91.63  -75.02   0.0003139
  148.16   54.72  -47.18   0.0000000
   77.48  102.49  -36.42   0.0015322
  -66.30   69.41  154.07   0.0010624
   84.06   95.07 -175.81   0.0001837
  -76.34   80.28  -17.60   0.0006455
 -108.34   88.17 -175.30   0.0005356
   78.31  115.67   24.60   0.0001064
   40.96  142.07  175.39   0.0000000
   36.64   75.13 -152.53   0.0000000
  -71.89   96.13  167.87   0.0001740
   74.89   96.11  144.93   0.0000000
   71.65   85.74  128.64   0.0004978
   52.04  141.08  -49.58   0.0000000
  103.22   70.21 -136.95   0.0002432
 -115.17   90.19  108.04   0.0000000
   93.71   78.31   96.96   0.0024910
 -109.96  129.30 -156.50   0.0000000
  -78.86  112.84  -61.09   0.0000000
  -71.87   35.69   84.53   0.0000000
  100.04  103.16 -124.58   0.0003767
  106.69   87.00   72.82   0.0017077
   60.49   97.45   31.01   0.0003190
   99.31   96.54  -66.18   0.0016132
  114.18  156.69  167.07   0.0000000
  110.88   75.51  144.68   0.0001403
  -77.37   68.28  144.73   0.0000000
   35.95   41.76 -103.95   0.0000000
   66.61   87.30 -150.86   0.0004216
  -87.57  105.81 -121.71   0.0001383
 -113.65  151.34  -76.78   0.0000000
  -52.71   49.87  -12.47   0.0000000
  -70.37   72.06 -158.81   0.0002274
   98.73   67.32 -175.11   0.0000000
   88.97   88.77  -84.37   0.0000000
  -94.92   86.39 -164.98   0.0019502
   75.79   66.29  -98.39   0.0001943
   95.08   61.19  -76.07   0.0000332
  -76.08  125.36  121.79   0.0000000
  -93.39   57.43    0.71   0.0000000
   74.64  133.95   45.12   0.0000000
   37.07  139.71    3.75   0.0000000
   85.85   84.41   12.03   0.0023661
  -49.92  136.86  151.45   0.0000000
  -46.16  148.46   -0.18   0.0000000
  -71.65  147.07   70.98   0.0000000
   74.20   18.72   56.48   0.0000000
  148.94  135.51  113.62   0.0000000
 -115.59   88.10  -83.96   0.0000000
 -101.41  150.76  -60.02   0.0000000
  104.78   76.60  -44.59   0.0014913
   89.81   97.35  129.74   0.0008103
  -71.38  107.66 -143.58   0.0013079
  -99.44   76.92  -41.65   0.0024295
   90.08   59.09  106.14   0.0000000
  105.26   79.79  118.70   0.0008732
   83.81   83.35 -124.31   0.0000051
   59.05  148.14   40.86   0.0000000
  -87.41   92.62  143.58   0.0034392
   75.05   91.56   67.46   0.0019003
  -78.65   44.12   89.55   0.0000000
 -123.15   98.40  161.56   0.0000000
  -70.81   70.97  168.51   0.0009274
  -82.39   80.30  -11.50   0.0011792
 -100.12   74.53 -165.12   0.0000599
  110.68  106.40  163.54   0.0011960
 -118.00   91.81  -27.54   0.0004302
   70.80  130.54 -109.20   0.0000000
  110.31   79.02  -95.66   0.0018978
  100.68  139.85    5.05   0.0000000
  118.89  143.37   99.52   0.0000000
   94.69   89.77   98.98   0.0033284
   69.11   83.63  136.08   0.0000000
   88.09   80.57  -30.75   0.0004889
 -105.61  157.46  -47.10   0.0000000
   93.28   94.73   90.12   0.0038407
   69.72  149.60  159.93   0.0000000
 -107.76   99.59  -32.42   0.0025576
   67.86   38.35  -55.83   0.0000000
  113.06   19.53  -55.06   0.0000000
   70.46  157.57   57.62   0.0000000
   57.03  141.65 -154.42   0.0000000
   84.42  116.99  132.33   0.0000000
   49.15   30.36 -107.04   0.0000000
  113.32  100.06  178.54   0.0004996
   82.69   78.30   56.95   0.0001001
   79.75  154.10 -171.12   0.0000000
 -112.72   43.60   34.34   0.0000000
 -130.50   68.85  -35.19   0.0000000
   99.26   30.09  -44.74   0.0000000
  -30.60   37.85   31.29   0.0000000
  -73.57   72.05 -106.39   0.0008555
  -93.18  104.82  -17.25   0.0012770
  129.51   55.46   87.35   0.0000000
  -81.65   50.96  110.82   0.0000000
 -114.67  119.81 -145.80   0.0000000
   87.11  102.42   27.27   0.0013291
  -79.11   84.62  145.74   0.0031267
   97.40   86.84 -123.28   0.0013835
  -95.88   28.96 -173.85   0.0000000
   86.60   78.38  -67.72   0.0000000
 -146.68   39.63   26.58   0.0000000
   88.96   24.55    4.22   0.0000000
 -117.90   83.87   76.21   0.0000304
 -111.17   22.54   46.94   0.0000000
  141.59   50.05  -98.70   0.0000000
 -106.71  112.06  -17.35   0.0005148
 -149.98  138.12  -45.44   0.0000000
 -118.15   30.64  -72.31   0.0000000
   68.51   88.77   13.43   0.0005968
  102.89   87.95   36.27   0.0000044
  103.50  154.26 -103.14   0.0000000
 -105.20   83.68   43.68   0.0016852
   79.54   87.28 -137.87   0.0000000
   42.86   37.49  -94.33   0.0000000
   69.16   80.27  158.20   0.0020949
  -66.72  103.68 -124.17   0.0000153
  -95.45  145.76  171.84   0.0000000
 -106.30   51.57  -43.96   0.0000000
  113.17   96.99 -158.19   0.0003918
  116.70   92.01  -38.38   0.0002915
 -136.62  114.36   38.55   0.0000000
   62.50   48.71  145.56   0.0000000
  -65.40  101.00 -159.75   0.0000343
   37.39   32.60  -36.47   0.0000000
  -96.80  105.65   67.18   0.0002386
 -132.34   27.35  -82.23   0.0000000
   39.30  114.55   36.47   0.0000000
  -59.56   46.65   49.48   0.0000000
  130.25   48.88  157.05   0.0000000
  -69.45   91.68  145.89   0.0017012
   64.49  105.16  139.42   0.0003394
  141.92  147.06   41.38   0.0000000
  -86.01  144.29   92.17   0.0000000
  -90.45   94.27  159.83   0.0000275
   70.94   87.69 -155.58   0.0022404
  -99.99   89.42 -103.02   0.0001300
 -118.96   59.76  -98.49   0.0000000
 -108.18   39.19  -94.14   0.0000000
 -137.40   36.97  157.70   0.0000000
  -42.03  128.96  150.94   0.0000000
   78.13  144.79   32.81   0.0000000
   58.59   45.17  -51.44   0.0000000
   73.94  146.17 -139.44   0.0000000
  -92.46   97.45   16.54   0.0001243
  -76.86  113.72 -107.29   0.0000000
   53.70   49.32  122.94   0.0000000
  103.13   44.50  -86.00   0.0000000
   73.12   93.63   -1.71   0.0003158
  -62.06  100.95 -138.62   0.0005379
   87.92   25.94   49.20   0.0000000
 -111.13   72.19  157.85   0.0000000
  102.76   74.57  160.63   0.0019351
   66.25  108.00  109.56   0.0004436
   92.27   95.82  -95.06   0.0040673
   56.27   28.89  -74.59   0.0000000
  -26.09   75.74   64.69   0.0000000
  144.20  156.41   88.87   0.0000000
   79.52   90.60   99.72   0.0000000
  -54.69   75.32  -81.54   0.0000000
   93.80  126.56  165.94   0.0000000
  139.59  102.73   15.20   0.0000000
  -71.91   80.15 -105.13   0.0000497
  107.78   48.56  146.19   0.0000000
  115.89   35.15  135.30   0.0000000
 -148.47   73.29  161.22   0.0000000
   88.20   91.48   25.35   0.0029795
  -61.87   92.28 -169.35   0.0005427
 -109.00   71.28  -95.84   0.0022172
  -48.14   29.77  -92.28   0.0000000
   80.62  146.85   18.37   0.0000000
  100.86  123.84  106.68   0.0000000
   78.15  139.69  -54.54   0.0000000
  -82.94  103.71  133.99   0.0000000
 -108.65   98.67   36.83   0.0028384
   64.77  101.69  -41.49   0.0000000
   95.54   99.43   -5.42   0.0003328
  -71.85   68.34   80.37   0.0006862
  113.97  103.12 -141.11   0.0015221
 -109.64  108.35  127.66   0.0001884
  127.98   22.32  -71.68   0.0000000
  -78.52   34.30  175.96   0.0000000
   89.67  120.00  104.28   0.0000000
   85.26  137.67   22.30   0.0000000
  -79.80   42.31 -151.16   0.0000000
  -80.76   85.07  -26.33   0.0000000
 -112.13  137.51  150.98   0.0000000
  141.25   97.89  167.14   0.0000000
 -100.65   35.43  -40.12   0.0000000
  -98.25   85.83  121.18   0.0003441
  -97.94  124.00    8.50   0.0000000
 -117.90   86.29 -115.29   0.0006059
  117.07   80.85  -84.01   0.0009716
 -117.13   86.65   95.83   0.0007033
   80.65   93.73 -140.75   0.0013105
 -119.04   88.82   -8.02   0.0003448
  108.68   96.32 -123.18   0.0006753
  118.63   93.89  -72.34   0.0005752
 -101.91  100.41 -144.13   0.0034034
   75.03  127.89  -27.66   0.0000000
  151.04   94.87  162.95   0.0000000
  -92.47   72.42  -49.45   0.0005339
   73.92  100.35 -168.88   0.0000000
  -98.18   88.56 -158.63   0.0013704
  -69.29   91.58  -33.07   0.0014559
  -56.57  154.77    8.17   0.0000000
  103.30  112.93   19.22   0.0008934
  -53.47   28.52 -155.58   0.0000000
   42.41   28.78 -147.34   0.0000000
  111.10   76.89  136.03   0.0003491
  -77.58   76.58   66.99   0.0004941
  105.43   99.66 -159.66   0.0007060
  101.05   30.54   19.26   0.0000000
 -144.05   84.40   98.30   0.0000000
  106.09  109.04  147.67   0.0005763
   80.94   65.42   17.55   0.0000624
   79.98   94.71  149.13   0.0021099
  -63.18  137.02  137.31   0.0000000
  -48.26  119.78  -76.13   0.0000000
   78.86   94.62  158.06   0.0022553
  -78.74   92.40  -94.85   0.0030715
  141.47  139.02 -111.49   0.0000000
  100.59  107.53 -153.69   0.0013426
 -111.19   80.40  133.09   0.0004876
  128.23  104.45   26.72   0.0000000
  126.55  132.28  -81.12   0.0000000
 -142.72  123.24   -6.03   0.0000000
  141.29  136.50  151.49   0.0000000
   84.27  104.21   52.89   0.0008222
  -57.56   52.60  -83.18   0.0000000
  -39.67   32.83   43.00   0.0000000
   85.18   29.14  -65.19   0.0000000
  116.90   31.40  -49.04   0.0000000
   72.32   89.46   48.41   0.0001335
  -66.93  110.15  143.22   0.0001595
  -92.12  103.94  134.19   0.0012453
 -102.27   91.06  -18.94   0.0008668
   74.53   48.07  -74.97   0.0000000
 -127.86   45.26   10.24   0.0000000
  -67.67   87.60   -1.27   0.0001425
   54.48  145.42   54.85   0.0000000
  100.19   41.81  116.64   0.0000000
  100.24   83.62   31.96   0.0000000
  149.97   80.71 -144.59   0.0000000
  -71.82  102.19   35.15   0.0020139
  125.74   40.09   83.51   0.0000000
  -43.11   95.23   30.20   0.0000000
  -69.91   77.57   23.73   0.0022431
   77.15   82.60  162.07   0.0001094
  121.03  157.62  -58.57   0.0000000
  104.58   96.37  122.05   0.0004609
  -82.74   51.47  -33.95   0.0000000
   81.51  107.25 -179.25   0.0002140
 -151.65   61.85   41.03   0.0000000
   79.49   72.96 -135.32   0.0000129
  -45.92   47.70   73.45   0.0000000
 -175.78   51.70  -36.22   0.0000000
  116.09  139.41   19.11   0.0000000
  -31.71  142.56 -113.99   0.0000000
  142.31   82.37  101.81   0.0000000
   73.48  159.90  -95.26   0.0000000
  101.87   33.55 -117.28   0.0000000
  163.34   35.90   82.79   0.0000000
   16.89   49.70  -96.53   0.0000000
  109.96  157.52 -155.76   0.0000000
  -15.74   60.39   68.27   0.0000000
 -127.52   52.12 -116.30   0.0000000
   43.13  129.77  -13.83   0.0000000
    2.27  156.15  -76.71   0.0000000
 -121.37  142.82 -118.71   0.0000000
  -53.79  150.04  107.66   0.0000000
 -151.81   34.79 -137.75   0.0000000
  112.68  145.03  -62.70   0.0000000
  116.03  140.13  173.20   0.0000000
   50.56   35.22  -86.83   0.0000000
   21.40   58.31  150.29   0.0000000
   94.19   34.22   57.16   0.0000000
   -4.31   96.75 -135.23   0.0000000
  -39.83  134.54    4.24   0.0000000
  -47.39  133.61   69.30   0.0000000
  -78.09  145.97  145.39   0.0000000
  105.06  140.71  103.77   0.0000000
   27.70   48.74   49.40   0.0000000
  -18.58   84.81  130.08   0.0000000
  -48.84   71.25   96.32   0.0000000
  137.84   37.88   34.26   0.0000000
  -17.62  144.47   89.15   0.0000000
  -98.98  143.81 -101.45   0.0000000
 -148.49   38.96  -74.05   0.0000000
 -135.61   94.15   38.17   0.0000000
   -7.25  137.02 -145.09   0.0000000
  -95.09  157.97   36.46   0.0000000
  -22.72   40.83 -178.47   0.0000000
   -2.83   66.00   26.97   0.0000000
   34.78   51.40 -157.70   0.0000000
 -164.93  148.00   -1.59   0.0000000
    4.14   31.76  -22.43   0.0000000
   29.67   97.56   86.29   0.0000000
  -97.13  131.88 -125.58   0.0000000
 -142.24   76.86   82.72   0.0000000
  127.14   34.09   29.22   0.0000000
  120.32   41.67   -8.40   0.0000000
  -85.66   97.29  150.95   0.0000000
  -89.28   15.99   72.03   0.0000000
  -14.80  151.99  120.11   0.0000000
  130.40  161.78   70.52   0.0000000
    5.73   99.81   64.64   0.0000000
   15.18  147.96  -25.95   0.0000000
  -16.29   35.14  113.22   0.0000000
 -148.21  130.02   58.62   0.0000000
  -22.43   53.01 -106.81   0.0000000
   40.54   28.39  -99.07   0.0000000
  -94.08  152.86  161.40   0.0000000
  162.50   71.35 -158.53   0.0000000
   13.48  159.08   16.72   0.0000000
 -111.39  139.97   78.57   0.0000000
  147.56   26.11  120.17   0.0000000
  142.09  131.69  149.54   0.0000000
   96.87  153.85  178.07   0.0000000
  175.76   83.72   11.63   0.0000000
  -85.97   19.12  162.19   0.0000000
  165.96  105.01 -165.22   0.0000000
  -63.70   55.30   15.78   0.0000000
   71.76   62.19   58.75   0.0000000
  173.62  146.34  -58.24   0.0000000
   32.22  162.26   -1.30   0.0000000
  135.85   35.58    2.69   0.0000000
   -1.49   96.67   63.96   0.0000000
    9.94  150.99 -113.63   0.0000000
   39.55   15.58   18.88   0.0000000
  148.16   54.72  -47.18   0.0000000
    3.20   24.77 -164.22   0.0000000
    2.98  142.94    1.12   0.0000000
   -8.70   63.94   26.99   0.0000000
   10.09  137.60 -157.95   0.0000000
  157.20  124.58  -33.22   0.0000000
 -146.34  141.11  -47.79   0.0000000
   40.96  142.07  175.39   0.0000000
   36.64   75.13 -152.53   0.0000000
   29.26  130.67   44.48   0.0000000
   74.89   96.11  144.93   0.0000000
  -21.16  128.75  -89.23   0.0000000
   52.04  141.08  -49.58   0.0000000
  -12.22   49.13  119.54   0.0000000
 -115.17   90.19  108.04   0.0000000
  -18.41   40.42   -6.83   0.0000000
 -109.96  129.30 -156.50   0.0000000
  -78.86  112.84  -61.09   0.0000000
  -71.87   35.69   84.53   0.0000000
 -155.97  121.95  107.81   0.0000000
  -14.56   15.24   -3.97   0.0000000
  -25.73   31.63  -97.71   0.0000000
  175.61    6.42   40.78   0.0000000
  114.18  156.69  167.07   0.0000000
 -178.29  153.43    9.70   0.0000000
  -77.37   68.28  144.73   0.0000000
   35.95   41.76 -103.95   0.0000000
  -36.99   30.39  109.79   0.0000000
   -0.48   61.46   44.94   0.0000000
 -113.65  151.34  -76.78   0.0000000
  -52.71   49.87  -12.47   0.0000000
  154.77   31.22  133.78   0.0000000
   98.73   67.32 -175.11   0.0000000
   88.97   88.77  -84.37   0.0000000
  146.10   17.28  119.85   0.0000000
 -162.12   47.28   -7.48   0.0000000
  -24.59   54.34 -174.52   0.0000000
  -76.08  125.36  121.79   0.0000000
  -93.39   57.43    0.71   0.0000000
   74.64  133.95   45.12   0.0000000
   37.07  139.71    3.75   0.0000000
  -44.50   15.96  -48.68   0.0000000
  -49.92  136.86  151.45   0.0000000
  -46.16  148.46   -0.18   0.0000000
  -71.65  147.07   70.98   0.0000000
   74.20   18.72   56.48   0.0000000
  148.94  135.51  113.62   0.0000000
 -115.59   88.10  -83.96   0.0000000
 -101.41  150.76  -60.02   0.0000000
  -33.29   24.03 -107.85   0.0000000
 -129.57  164.39   80.35   0.0000000
  157.25  147.22  -70.11   0.0000000
  178.07  137.94  102.01   0.0000000
   90.08   59.09  106.14   0.0000000
 -165.45  121.54  -37.85   0.0000000
  -16.37   56.77  101.16   0.0000000
   59.05  148.14   40.86   0.0000000
   19.83  155.20   47.09   0.0000000
  -38.96    8.19   -2.82   0.0000000
  -78.65   44.12   89.55   0.0000000
 -123.15   98.40  161.56   0.0000000
    8.99  130.64    9.16   0.0000000
    5.30  131.61 -157.88   0.0000000
  160.99   76.84   46.88   0.0000000
  -29.83  152.95 -138.37   0.0000000
  146.83   32.96 -144.25   0.0000000
   70.80  130.54 -109.20   0.0000000
  -11.41   29.28  179.51   0.0000000
  100.68  139.85    5.05   0.0000000
  118.89  143.37   99.52   0.0000000
 -161.67   21.69 -163.63   0.0000000
   69.11   83.63  136.08   0.0000000
 -158.41   33.89   66.27   0.0000000
 -105.61  157.46  -47.10   0.0000000
 -175.23   29.87 -149.65   0.0000000
   69.72  149.60  159.93   0.0000000
    8.76  148.73 -124.97   0.0000000
   67.86   38.35  -55.83   0.0000000
  113.06   19.53  -55.06   0.0000000
   70.46  157.57   57.62   0.0000000
   57.03  141.65 -154.42   0.0000000
   84.42  116.99  132.33   0.0000000
   49.15   30.36 -107.04   0.0000000
 -156.92   61.22  -23.38   0.0000000
   -6.69  117.32 -139.63   0.0000000
   79.75  154.10 -171.12   0.0000000
 -112.72   43.60   34.34   0.0000000
 -130.50   68.85  -35.19   0.0000000
   99.26   30.09  -44.74   0.0000000
  -30.60   37.85   31.29   0.0000000
  139.56   26.59 -159.19   0.0000000
   18.35  133.25 -125.79   0.0000000
  129.51   55.46   87.35   0.0000000
  -81.65   50.96  110.82   0.0000000
 -114.67  119.81 -145.80   0.0000000
 -152.26  147.67  -59.67   0.0000000
   10.64  154.24   29.64   0.0000000
  -20.82  176.24  -55.55   0.0000000
  -95.88   28.96 -173.85   0.0000000
   86.60   78.38  -67.72   0.0000000
 -146.68   39.63   26.58   0.0000000
   88.96   24.55    4.22   0.0000000
  152.94  135.91 -148.04   0.0000000
 -111.17   22.54   46.94   0.0000000
  141.59   50.05  -98.70   0.0000000
  179.44   44.82 -176.27   0.0000000
 -149.98  138.12  -45.44   0.0000000
 -118.15   30.64  -72.31   0.0000000
  -44.86   14.78  -61.13   0.0000000
 -161.92  143.58  -84.96   0.0000000
  103.50  154.26 -103.14   0.0000000
   18.73   19.98  119.84   0.0000000
   79.54   87.28 -137.87   0.0000000
   42.86   37.49  -94.33   0.0000000
 -168.27   26.45 -120.03   0.0000000
   21.86   63.94   41.37   0.0000000
  -95.45  145.76  171.84   0.0000000
 -106.30   51.57  -43.96   0.0000000
 -130.47  155.33  125.26   0.0000000
 -149.12   38.74   83.91   0.0000000
 -136.62  114.36   38.55   0.0000000
   62.50   48.71  145.56   0.0000000
   18.89   40.05  -19.52   0.0000000
   37.39   32.60  -36.47   0.0000000
    4.75  110.41  -71.47   0.0000000
 -132.34   27.35  -82.23   0.0000000
   39.30  114.55   36.47   0.0000000
  -59.56   46.65   49.48   0.0000000
  130.25   48.88  157.05   0.0000000
   26.10   34.56  -99.13   0.0000000
 -161.38  151.68   75.01   0.0000000
  141.92  147.06   41.38   0.0000000
  -86.01  144.29   92.17   0.0000000
   12.09  139.14   42.13   0.0000000
  -23.79  144.18  -36.00   0.0000000
  163.69  136.78   24.97   0.0000000
 -118.96   59.76  -98.49   0.0000000
 -108.18   39.19  -94.14   0.0000000
 -137.40   36.97  157.70   0.0000000
  -42.03  128.96  150.94   0.0000000
   78.13  144.79   32.81   0.0000000
   58.59   45.17  -51.44   0.0000000
   73.94  146.17 -139.44   0.0000000
    4.28  102.65 -141.47   0.0000000
  -76.86  113.72 -107.29   0.0000000
   53.70   49.32  122.94   0.0000000
  103.13   44.50  -86.00   0.0000000
  -24.24  117.72  142.90   0.0000000
   10.59   19.93   -9.95   0.0000000
   87.92   25.94   49.20   0.0000000
 -111.13   72.19  157.85   0.0000000
 -177.59  138.56   14.23   0.0000000
  -14.60   50.37  -49.82   0.0000000
 -177.39   34.95   32.79   0.0000000
   56.27   28.89  -74.59   0.0000000
  -26.09   75.74   64.69   0.0000000
  144.20  156.41   88.87   0.0000000
   79.52   90.60   99.72   0.0000000
  -54.69   75.32  -81.54   0.0000000
   93.80  126.56  165.94   0.0000000
  139.59  102.73   15.20   0.0000000
   20.29  105.66   81.96   0.0000000
  107.78   48.56  146.19   0.0000000
  115.89   35.15  135.30   0.0000000
 -148.47   73.29  161.22   0.0000000
   -9.79   25.68  -82.86   0.0000000
   61.12  167.23  124.65   0.0000000
  178.08  142.09   53.35   0.0000000
  -48.14   29.77  -92.28   0.0000000
   80.62  146.85   18.37   0.0000000
  100.86  123.84  106.68   0.0000000
   78.15  139.69  -54.54   0.0000000
  -82.94  103.71  133.99   0.0000000
  165.04   36.95  -96.00   0.0000000
   64.77  101.69  -41.49   0.0000000
 -162.28  123.76 -135.72   0.0000000
  148.38   33.55   18.41   0.0000000
 -175.61   22.61   -8.35   0.0000000
   49.33  155.80   92.90   0.0000000
  127.98   22.32  -71.68   0.0000000
  -78.52   34.30  175.96   0.0000000
   89.67  120.00  104.28   0.0000000
   85.26  137.67   22.30   0.0000000
  -79.80   42.31 -151.16   0.0000000
  -80.76   85.07  -26.33   0.0000000
 -112.13  137.51  150.98   0.0000000
  141.25   97.89  167.14   0.0000000
 -100.65   35.43  -40.12   0.0000000
  168.90  121.35  -88.54   0.0000000
  -97.94  124.00    8.50   0.0000000
   90.78    9.66 -147.03   0.0000000
 -157.77  143.49  141.45   0.0000000
  149.16  155.49 -154.13   0.0000000
  -12.19   39.24   91.32   0.0000000
  127.22  171.18   66.03   0.0000000
  -54.49  168.45  -97.14   0.0000000
   -6.64  164.33   -3.88   0.0000000
    9.49  141.05  111.73   0.0000000
   75.03  127.89  -27.66   0.0000000
  151.04   94.87  162.95   0.0000000
   17.62   53.77   64.90   0.0000000
   73.92  100.35 -168.88   0.0000000
    1.76  158.20   96.72   0.0000000
   33.50  152.11 -132.22   0.0000000
  -56.57  154.77    8.17   0.0000000
  -16.22  131.30  115.00   0.0000000
  -53.47   28.52 -155.58   0.0000000
   42.41   28.78 -147.34   0.0000000
  -25.78   24.33   74.13   0.0000000
  124.65   19.47   32.10   0.0000000
 -131.05  155.07  130.66   0.0000000
  101.05   30.54   19.26   0.0000000
 -144.05   84.40   98.30   0.0000000
  -17.33  140.00 -125.45   0.0000000
 -159.61   50.87  114.78   0.0000000
  -11.55   29.11   30.44   0.0000000
  -63.18  137.02  137.31   0.0000000
  -48.26  119.78  -76.13   0.0000000
  -33.72  156.07 -115.14   0.0000000
   15.90   35.00   25.19   0.0000000
  141.47  139.02 -111.49   0.0000000
  -19.91  139.77  -61.26   0.0000000
  112.19   19.25   85.07   0.0000000
  128.23  104.45   26.72   0.0000000
  126.55  132.28  -81.12   0.0000000
 -142.72  123.24   -6.03   0.0000000
  141.29  136.50  151.49   0.0000000
  -74.34  159.95   78.34   0.0000000
  -57.56   52.60  -83.18   0.0000000
  -39.67   32.83   43.00   0.0000000
   85.18   29.14  -65.19   0.0000000
  116.90   31.40  -49.04   0.0000000
  -22.55  108.36 -151.41   0.0000000
    5.00   39.12  -63.34   0.0000000
   49.04  156.53   79.95   0.0000000
  161.71   41.21 -145.36   0.0000000
   74.53   48.07  -74.97   0.0000000
 -127.86   45.26   10.24   0.0000000
  139.88  177.15   32.22   0.0000000
   54.48  145.42   54.85   0.0000000
  100.19   41.81  116.64   0.0000000
  100.24   83.62   31.96   0.0000000
  149.97   80.71 -144.59   0.0000000
    3.67   25.97  163.97   0.0000000
  125.74   40.09   83.51   0.0000000
  -43.11   95.23   30.20   0.0000000
  165.71   29.49  -57.38   0.0000000
  -16.10  102.54  -23.69   0.0000000
  121.03  157.62  -58.57   0.0000000
 -163.81   57.70  -85.99   0.0000000
  -82.74   51.47  -33.95   0.0000000
   -4.27   60.69   13.55   0.0000000
 -151.65   61.85   41.03   0.0000000
  -10.79  105.40   45.93   0.0000000
  -45.92   47.70   73.45   0.0000000
