  %STRAIN  PHFRAC   AVACS   MODE1   MODE2   MODE3   MODE4   MODE5   TWFR4   TWFR5
   0.000   0.000   0.000   0.000   0.000   0.000   0.000   0.000   0.000   0.000
   0.001   0.000   0.000   0.000   0.000   0.000   0.000   0.000   0.000   0.000
   0.002   0.000   1.000   0.000   0.000   0.000   0.000   0.000   0.000   0.000
   0.003   0.000   1.244   0.000   0.000   0.000   0.000   0.000   0.000   0.000
   0.004   0.000   1.215   0.000   0.000   0.000   0.000   0.000   0.000   0.000
   0.005   0.000   1.219   0.000   0.000   0.000   0.000   0.000   0.000   0.000
   0.006   0.000   1.134   0.000   0.000   0.000   0.000   0.000   0.000   0.000
   0.007   0.000   1.288   0.000   0.000   0.000   0.000   0.000   0.000   0.000
   0.008   0.000   1.287   0.000   0.000   0.000   0.000   0.000   0.000   0.000
   0.009   0.000   1.279   0.000   0.000   0.000   0.000   0.000   0.000   0.000
   0.010   0.000   1.272   0.000   0.000   0.000   0.000   0.000   0.000   0.000
   0.011   0.000   1.267   0.000   0.000   0.000   0.000   0.000   0.000   0.000
   0.012   0.000   1.262   0.000   0.000   0.000   0.000   0.000   0.000   0.000
   0.013   0.000   1.348   0.000   0.000   0.000   0.000   0.000   0.000   0.000
   0.014   0.000   1.393   0.000   0.000   0.000   0.000   0.000   0.000   0.000
   0.015   0.000   1.394   0.000   0.000   0.000   0.000   0.000   0.000   0.000
   0.016   0.001   1.396   0.000   0.000   0.000   0.000   0.000   0.000   0.000
   0.017   0.001   1.402   0.000   0.000   0.000   0.000   0.000   0.000   0.000
   0.018   0.001   1.406   0.000   0.000   0.000   0.000   0.000   0.000   0.000
   0.019   0.001   1.410   0.000   0.000   0.000   0.000   0.000   0.000   0.000
   0.020   0.001   1.415   0.000   0.000   0.000   0.000   0.000   0.000   0.000
   0.021   0.001   1.421   0.000   0.000   0.000   0.000   0.000   0.000   0.000
   0.022   0.001   1.426   0.000   0.000   0.000   0.000   0.000   0.000   0.000
   0.023   0.001   1.433   0.000   0.000   0.000   0.000   0.000   0.000   0.000
   0.024   0.001   1.439   0.000   0.000   0.000   0.000   0.000   0.000   0.000
   0.025   0.001   1.446   0.000   0.000   0.000   0.000   0.000   0.000   0.000
   0.026   0.001   1.453   0.000   0.000   0.000   0.000   0.000   0.000   0.000
   0.027   0.001   1.629   0.000   0.000   0.000   0.000   0.000   0.000   0.000
   0.028   0.001   1.632   0.000   0.000   0.000   0.000   0.000   0.000   0.000
   0.029   0.001   1.634   0.000   0.000   0.000   0.000   0.000   0.000   0.000
   0.030   0.001   1.645   0.000   0.000   0.000   0.000   0.000   0.000   0.000
   0.031   0.001   1.719   0.000   0.000   0.000   0.000   0.000   0.000   0.000
   0.032   0.001   1.724   0.000   0.000   0.000   0.000   0.000   0.000   0.000
   0.033   0.001   1.729   0.000   0.000   0.000   0.000   0.000   0.000   0.000
   0.034   0.001   1.753   0.000   0.000   0.000   0.000   0.000   0.000   0.000
   0.035   0.001   1.759   0.000   0.000   0.000   0.000   0.000   0.000   0.000
   0.036   0.001   1.815   0.000   0.000   0.000   0.000   0.000   0.000   0.000
   0.037   0.001   1.949   0.000   0.000   0.000   0.000   0.000   0.000   0.000
   0.038   0.001   2.027   0.000   0.000   0.000   0.000   0.000   0.000   0.000
   0.039   0.002   2.025   0.000   0.000   0.000   0.000   0.000   0.000   0.000
   0.040   0.002   2.023   0.000   0.000   0.000   0.000   0.000   0.000   0.000
   0.041   0.002   2.022   0.000   0.000   0.000   0.000   0.000   0.000   0.000
   0.042   0.002   2.114   0.000   0.000   0.000   0.000   0.000   0.000   0.000
   0.043   0.002   2.113   0.000   0.000   0.000   0.000   0.000   0.000   0.000
   0.044   0.002   2.113   0.000   0.000   0.000   0.000   0.000   0.000   0.000
   0.045   0.002   2.118   0.000   0.000   0.000   0.000   0.000   0.000   0.000
   0.046   0.002   2.118   0.000   0.000   0.000   0.000   0.000   0.000   0.000
   0.047   0.002   2.137   0.000   0.000   0.000   0.000   0.000   0.000   0.000
   0.048   0.002   2.138   0.000   0.000   0.000   0.000   0.000   0.000   0.000
   0.049   0.002   2.140   0.000   0.000   0.000   0.000   0.000   0.000   0.000
   0.050   0.002   2.231   0.000   0.000   0.000   0.000   0.000   0.000   0.000
   0.051   0.002   2.337   0.000   0.000   0.000   0.000   0.000   0.000   0.000
   0.052   0.002   2.336   0.000   0.000   0.000   0.000   0.000   0.000   0.000
   0.053   0.002   2.335   0.000   0.000   0.000   0.000   0.000   0.000   0.000
   0.054   0.002   2.334   0.000   0.000   0.000   0.000   0.000   0.000   0.000
   0.055   0.002   2.332   0.000   0.000   0.000   0.000   0.000   0.000   0.000
   0.056   0.002   2.331   0.000   0.000   0.000   0.000   0.000   0.000   0.000
   0.057   0.002   2.349   0.000   0.000   0.000   0.000   0.000   0.000   0.000
   0.058   0.002   2.347   0.000   0.000   0.000   0.000   0.000   0.000   0.000
   0.059   0.002   2.346   0.000   0.000   0.000   0.000   0.000   0.000   0.000
   0.060   0.002   2.345   0.000   0.000   0.000   0.000   0.000   0.000   0.000
   0.061   0.002   2.348   0.000   0.000   0.000   0.000   0.000   0.000   0.000
   0.062   0.002   2.347   0.000   0.000   0.000   0.000   0.000   0.000   0.000
   0.063   0.002   2.346   0.000   0.000   0.000   0.000   0.000   0.000   0.000
   0.064   0.003   2.345   0.000   0.000   0.000   0.000   0.000   0.000   0.000
   0.065   0.003   2.346   0.000   0.000   0.000   0.000   0.000   0.000   0.000
   0.066   0.003   2.454   0.000   0.000   0.000   0.000   0.000   0.000   0.000
   0.067   0.003   2.454   0.000   0.000   0.000   0.000   0.000   0.000   0.000
   0.068   0.003   2.453   0.000   0.000   0.000   0.000   0.000   0.000   0.000
   0.069   0.003   2.489   0.000   0.000   0.000   0.000   0.000   0.000   0.000
   0.070   0.003   2.488   0.000   0.000   0.000   0.000   0.000   0.000   0.000
   0.071   0.003   2.489   0.000   0.000   0.000   0.000   0.000   0.000   0.000
   0.072   0.003   2.488   0.000   0.000   0.000   0.000   0.000   0.000   0.000
   0.073   0.003   2.487   0.000   0.000   0.000   0.000   0.000   0.000   0.000
   0.074   0.003   2.486   0.000   0.000   0.000   0.000   0.000   0.000   0.000
   0.075   0.003   2.498   0.000   0.000   0.000   0.000   0.001   0.000   0.000
   0.076   0.003   2.497   0.000   0.000   0.000   0.000   0.001   0.000   0.000
   0.077   0.003   2.503   0.000   0.000   0.000   0.000   0.001   0.000   0.000
   0.078   0.003   2.531   0.000   0.000   0.000   0.000   0.001   0.000   0.000
   0.079   0.003   2.530   0.000   0.000   0.000   0.000   0.001   0.000   0.000
   0.080   0.003   2.529   0.000   0.000   0.000   0.000   0.001   0.000   0.000
   0.081   0.003   2.528   0.000   0.000   0.000   0.000   0.001   0.000   0.000
   0.082   0.003   2.527   0.000   0.000   0.000   0.000   0.001   0.000   0.000
   0.083   0.003   2.526   0.000   0.000   0.000   0.000   0.001   0.000   0.000
   0.084   0.003   2.524   0.000   0.000   0.000   0.000   0.001   0.000   0.000
   0.085   0.003   2.542   0.000   0.000   0.000   0.000   0.001   0.000   0.000
   0.086   0.003   2.554   0.000   0.000   0.000   0.000   0.001   0.000   0.000
   0.087   0.003   2.567   0.000   0.000   0.000   0.000   0.001   0.000   0.000
   0.088   0.003   2.574   0.000   0.000   0.000   0.000   0.001   0.000   0.000
   0.089   0.003   2.573   0.000   0.000   0.000   0.000   0.001   0.000   0.000
   0.090   0.003   2.573   0.000   0.000   0.000   0.000   0.001   0.000   0.000
   0.091   0.004   2.588   0.000   0.000   0.000   0.000   0.001   0.000   0.000
   0.092   0.004   2.588   0.000   0.000   0.000   0.000   0.001   0.000   0.000
   0.093   0.004   2.590   0.000   0.000   0.000   0.000   0.001   0.000   0.000
   0.094   0.004   2.604   0.000   0.000   0.000   0.000   0.001   0.000   0.000
   0.095   0.004   2.614   0.000   0.000   0.000   0.000   0.001   0.000   0.000
   0.096   0.004   2.624   0.000   0.000   0.000   0.000   0.001   0.000   0.000
   0.097   0.004   2.625   0.000   0.000   0.000   0.000   0.001   0.000   0.000
   0.098   0.004   2.626   0.000   0.000   0.000   0.000   0.001   0.000   0.000
   0.099   0.004   2.626   0.000   0.000   0.000   0.000   0.001   0.000   0.000
   0.100   0.004   2.666   0.000   0.000   0.000   0.000   0.001   0.000   0.000
   0.101   0.004   2.667   0.000   0.000   0.000   0.000   0.001   0.000   0.000
   0.102   0.004   2.686   0.000   0.000   0.000   0.000   0.001   0.000   0.000
   0.103   0.004   2.687   0.000   0.000   0.000   0.000   0.001   0.000   0.000
   0.104   0.004   2.687   0.000   0.000   0.000   0.000   0.001   0.000   0.000
   0.105   0.004   2.688   0.000   0.000   0.000   0.000   0.001   0.000   0.000
   0.106   0.004   2.690   0.000   0.000   0.000   0.000   0.001   0.000   0.000
   0.107   0.004   2.698   0.000   0.000   0.000   0.000   0.001   0.000   0.000
   0.108   0.004   2.699   0.000   0.000   0.000   0.000   0.001   0.000   0.000
   0.109   0.004   2.732   0.000   0.000   0.000   0.000   0.001   0.000   0.000
   0.110   0.004   2.754   0.000   0.000   0.000   0.000   0.001   0.000   0.000
   0.111   0.004   2.755   0.000   0.000   0.000   0.000   0.001   0.000   0.000
   0.112   0.004   2.756   0.000   0.000   0.000   0.000   0.001   0.000   0.000
   0.113   0.004   2.757   0.000   0.000   0.000   0.000   0.001   0.000   0.000
   0.114   0.004   2.758   0.000   0.000   0.000   0.000   0.001   0.000   0.000
   0.115   0.004   2.759   0.000   0.000   0.000   0.000   0.001   0.000   0.000
   0.116   0.004   2.760   0.000   0.000   0.000   0.000   0.001   0.000   0.001
   0.117   0.004   2.760   0.000   0.000   0.000   0.000   0.001   0.000   0.001
   0.118   0.004   2.761   0.000   0.000   0.000   0.000   0.001   0.000   0.001
   0.119   0.004   2.762   0.000   0.000   0.000   0.000   0.001   0.000   0.001
   0.120   0.004   2.763   0.000   0.000   0.000   0.000   0.001   0.000   0.001
   0.121   0.004   2.764   0.000   0.000   0.000   0.000   0.001   0.000   0.001
   0.122   0.004   2.812   0.000   0.000   0.000   0.000   0.001   0.000   0.001
   0.123   0.005   2.833   0.000   0.000   0.000   0.000   0.001   0.000   0.001
   0.124   0.005   2.834   0.000   0.000   0.000   0.000   0.001   0.000   0.001
   0.125   0.005   2.835   0.000   0.000   0.000   0.000   0.001   0.000   0.001
   0.126   0.005   2.836   0.000   0.000   0.000   0.000   0.001   0.000   0.001
   0.127   0.005   2.837   0.000   0.000   0.000   0.000   0.001   0.000   0.001
   0.128   0.005   2.943   0.000   0.000   0.000   0.000   0.001   0.000   0.001
   0.129   0.005   2.944   0.000   0.000   0.000   0.000   0.001   0.000   0.001
   0.130   0.005   2.945   0.000   0.000   0.000   0.000   0.001   0.000   0.001
   0.131   0.005   2.946   0.000   0.000   0.000   0.000   0.001   0.000   0.001
   0.132   0.005   2.947   0.000   0.000   0.000   0.000   0.002   0.000   0.001
   0.133   0.005   2.966   0.000   0.000   0.000   0.000   0.002   0.000   0.001
   0.134   0.005   2.967   0.000   0.000   0.000   0.000   0.002   0.000   0.001
   0.135   0.005   2.982   0.000   0.000   0.000   0.000   0.002   0.000   0.001
   0.136   0.005   3.000   0.000   0.000   0.000   0.000   0.002   0.000   0.001
   0.137   0.005   3.001   0.000   0.000   0.000   0.000   0.002   0.000   0.001
   0.138   0.005   3.002   0.000   0.000   0.000   0.000   0.002   0.000   0.001
   0.139   0.005   3.003   0.000   0.000   0.000   0.000   0.002   0.000   0.001
   0.140   0.005   3.005   0.000   0.000   0.000   0.000   0.002   0.000   0.001
   0.141   0.005   2.993   0.000   0.000   0.000   0.000   0.002   0.000   0.001
   0.142   0.005   2.994   0.000   0.000   0.000   0.000   0.002   0.000   0.001
   0.143   0.005   2.995   0.000   0.000   0.000   0.000   0.002   0.000   0.001
   0.144   0.005   2.996   0.000   0.000   0.000   0.000   0.002   0.000   0.001
   0.145   0.005   2.997   0.000   0.000   0.000   0.000   0.002   0.000   0.001
   0.146   0.005   2.998   0.000   0.000   0.000   0.000   0.002   0.000   0.001
   0.147   0.005   2.999   0.000   0.000   0.000   0.000   0.002   0.000   0.001
   0.148   0.005   2.999   0.000   0.000   0.000   0.000   0.002   0.000   0.001
   0.149   0.005   3.000   0.000   0.000   0.000   0.000   0.002   0.000   0.001
   0.150   0.005   3.001   0.000   0.000   0.000   0.000   0.002   0.000   0.001
   0.151   0.005   3.002   0.000   0.000   0.000   0.000   0.002   0.000   0.001
   0.152   0.005   3.002   0.000   0.000   0.000   0.000   0.002   0.000   0.001
   0.153   0.005   3.003   0.000   0.000   0.000   0.000   0.002   0.000   0.001
   0.154   0.005   3.057   0.000   0.000   0.000   0.000   0.002   0.000   0.001
   0.155   0.005   3.057   0.000   0.000   0.000   0.000   0.002   0.000   0.001
   0.156   0.005   3.058   0.000   0.000   0.000   0.000   0.002   0.000   0.001
   0.157   0.005   3.059   0.000   0.000   0.000   0.000   0.002   0.000   0.001
   0.158   0.005   3.060   0.000   0.000   0.000   0.000   0.002   0.000   0.001
   0.159   0.005   3.061   0.000   0.000   0.000   0.000   0.002   0.000   0.001
   0.160   0.005   3.061   0.000   0.000   0.000   0.000   0.002   0.000   0.001
   0.161   0.005   3.062   0.000   0.000   0.000   0.000   0.002   0.000   0.001
   0.162   0.005   3.063   0.000   0.000   0.000   0.000   0.002   0.000   0.001
   0.163   0.005   3.063   0.000   0.000   0.000   0.000   0.002   0.000   0.001
   0.164   0.005   3.079   0.000   0.000   0.000   0.000   0.002   0.000   0.001
   0.165   0.005   3.079   0.000   0.000   0.000   0.000   0.002   0.000   0.001
   0.166   0.006   3.080   0.000   0.000   0.000   0.000   0.002   0.000   0.001
   0.167   0.006   3.081   0.000   0.000   0.000   0.000   0.002   0.000   0.001
   0.168   0.006   3.060   0.000   0.000   0.000   0.000   0.002   0.000   0.001
   0.169   0.006   3.061   0.000   0.000   0.000   0.000   0.002   0.000   0.001
   0.170   0.006   3.061   0.000   0.000   0.000   0.000   0.002   0.000   0.002
   0.171   0.006   3.062   0.000   0.000   0.000   0.000   0.002   0.000   0.002
   0.172   0.006   3.063   0.000   0.000   0.000   0.000   0.002   0.000   0.002
   0.173   0.006   3.081   0.000   0.000   0.000   0.000   0.002   0.000   0.002
   0.174   0.006   3.082   0.000   0.000   0.000   0.000   0.002   0.000   0.002
   0.175   0.006   3.083   0.000   0.000   0.000   0.000   0.002   0.000   0.002
   0.176   0.006   3.084   0.000   0.000   0.000   0.000   0.002   0.000   0.002
   0.177   0.006   3.084   0.000   0.000   0.000   0.000   0.002   0.000   0.002
   0.178   0.006   3.085   0.000   0.000   0.000   0.000   0.002   0.000   0.002
   0.179   0.006   3.086   0.000   0.000   0.000   0.000   0.002   0.000   0.002
   0.180   0.006   3.087   0.000   0.000   0.000   0.000   0.002   0.000   0.002
   0.181   0.006   3.087   0.000   0.000   0.000   0.000   0.002   0.000   0.002
   0.182   0.006   3.088   0.000   0.000   0.000   0.000   0.002   0.000   0.002
   0.183   0.006   3.089   0.000   0.000   0.000   0.000   0.002   0.000   0.002
   0.184   0.006   3.089   0.000   0.000   0.000   0.000   0.002   0.000   0.002
   0.185   0.006   3.119   0.000   0.000   0.000   0.000   0.002   0.000   0.002
   0.186   0.006   3.120   0.000   0.000   0.000   0.000   0.002   0.000   0.002
   0.187   0.006   3.138   0.000   0.000   0.000   0.000   0.002   0.000   0.002
   0.188   0.006   3.139   0.000   0.000   0.000   0.000   0.002   0.000   0.002
   0.189   0.006   3.140   0.000   0.000   0.000   0.000   0.002   0.000   0.002
   0.190   0.006   3.141   0.000   0.000   0.000   0.000   0.002   0.000   0.002
   0.191   0.006   3.174   0.000   0.000   0.000   0.000   0.002   0.000   0.002
   0.192   0.006   3.175   0.000   0.000   0.000   0.000   0.002   0.000   0.002
   0.193   0.006   3.176   0.000   0.000   0.000   0.000   0.002   0.000   0.002
   0.194   0.006   3.177   0.000   0.000   0.000   0.000   0.002   0.000   0.002
   0.195   0.006   3.178   0.000   0.000   0.000   0.000   0.002   0.000   0.002
   0.196   0.006   3.196   0.000   0.000   0.000   0.000   0.002   0.000   0.002
   0.197   0.006   3.197   0.000   0.000   0.000   0.000   0.002   0.000   0.002
   0.198   0.006   3.209   0.000   0.000   0.000   0.000   0.002   0.000   0.002
   0.199   0.006   3.210   0.000   0.000   0.000   0.000   0.002   0.000   0.002
   0.200   0.006   3.241   0.000   0.000   0.000   0.000   0.002   0.000   0.002
