
*******   STEP   1
    1   0.240E+00   0.111E-01   0.775E-01
    2   0.258E-01   0.941E-01   0.227E-01
    3   0.502E-02   0.337E-01   0.463E-02
    4   0.339E-02   0.178E-01   0.363E-02
    5   0.821E-03   0.980E-02   0.114E-02
    6   0.443E-03   0.533E-02   0.750E-03
    7   0.424E-03   0.319E-02   0.664E-03
    8   0.362E-03   0.177E-02   0.386E-03
    9   0.305E-03   0.146E-02   0.242E-03
   10   0.260E-03   0.133E-02   0.550E-03
   11   0.250E-03   0.118E-02   0.481E-03
   12   0.240E-03   0.936E-03   0.156E-03

*******   STEP   2
    1   0.453E-02   0.185E-02   0.381E-02
    2   0.684E-03   0.387E-02   0.575E-03
    3   0.234E-03   0.772E-03   0.496E-03

*******   STEP   3
    1   0.338E-02   0.301E-02   0.414E-02
    2   0.920E-03   0.437E-02   0.138E-02
    3   0.105E-03   0.146E-02   0.192E-03
    4   0.222E-03   0.663E-03   0.339E-03

*******   STEP   4
    1   0.419E-02   0.274E-02   0.487E-02
    2   0.116E-02   0.518E-02   0.165E-02
    3   0.112E-03   0.165E-02   0.219E-03
    4   0.261E-03   0.655E-03   0.398E-03

*******   STEP   5
    1   0.379E-02   0.277E-02   0.484E-02
    2   0.114E-02   0.514E-02   0.163E-02
    3   0.106E-03   0.161E-02   0.215E-03
    4   0.255E-03   0.605E-03   0.390E-03

*******   STEP   6
    1   0.360E-02   0.274E-02   0.483E-02
    2   0.113E-02   0.512E-02   0.161E-02
    3   0.987E-04   0.158E-02   0.217E-03
    4   0.251E-03   0.577E-03   0.383E-03

*******   STEP   7
    1   0.522E-02   0.272E-02   0.485E-02
    2   0.112E-02   0.513E-02   0.160E-02
    3   0.926E-04   0.155E-02   0.219E-03
    4   0.249E-03   0.556E-03   0.379E-03

*******   STEP   8
    1   0.631E-02   0.270E-02   0.486E-02
    2   0.111E-02   0.514E-02   0.159E-02
    3   0.876E-04   0.153E-02   0.222E-03
    4   0.247E-03   0.546E-03   0.374E-03

*******   STEP   9
    1   0.391E-02   0.264E-02   0.481E-02
    2   0.109E-02   0.509E-02   0.156E-02
    3   0.815E-04   0.149E-02   0.222E-03
    4   0.241E-03   0.535E-03   0.365E-03

*******   STEP  10
    1   0.640E-02   0.263E-02   0.485E-02
    2   0.109E-02   0.513E-02   0.155E-02
    3   0.773E-04   0.149E-02   0.227E-03
    4   0.239E-03   0.535E-03   0.362E-03

*******   STEP  11
    1   0.702E-02   0.261E-02   0.485E-02
    2   0.108E-02   0.514E-02   0.154E-02
    3   0.727E-04   0.147E-02   0.231E-03
    4   0.237E-03   0.535E-03   0.358E-03

*******   STEP  12
    1   0.639E-02   0.256E-02   0.483E-02
    2   0.106E-02   0.511E-02   0.152E-02
    3   0.682E-04   0.143E-02   0.229E-03
    4   0.232E-03   0.517E-03   0.350E-03

*******   STEP  13
    1   0.281E-02   0.249E-02   0.475E-02
    2   0.103E-02   0.502E-02   0.147E-02
    3   0.629E-04   0.139E-02   0.230E-03
    4   0.225E-03   0.510E-03   0.339E-03

*******   STEP  14
    1   0.405E-02   0.247E-02   0.474E-02
    2   0.102E-02   0.500E-02   0.145E-02
    3   0.594E-04   0.137E-02   0.231E-03
    4   0.220E-03   0.506E-03   0.332E-03

*******   STEP  15
    1   0.277E-02   0.243E-02   0.469E-02
    2   0.995E-03   0.495E-02   0.143E-02
    3   0.559E-04   0.134E-02   0.231E-03
    4   0.215E-03   0.499E-03   0.324E-03

*******   STEP  16
    1   0.354E-02   0.240E-02   0.466E-02
    2   0.980E-03   0.493E-02   0.140E-02
    3   0.533E-04   0.132E-02   0.231E-03
    4   0.210E-03   0.495E-03   0.317E-03

*******   STEP  17
    1   0.272E-02   0.237E-02   0.463E-02
    2   0.960E-03   0.489E-02   0.138E-02
    3   0.504E-04   0.129E-02   0.231E-03
    4   0.205E-03   0.488E-03   0.309E-03

*******   STEP  18
    1   0.624E-02   0.237E-02   0.465E-02
    2   0.960E-03   0.492E-02   0.138E-02
    3   0.502E-04   0.130E-02   0.233E-03
    4   0.203E-03   0.491E-03   0.306E-03

*******   STEP  19
    1   0.497E-02   0.233E-02   0.460E-02
    2   0.937E-03   0.486E-02   0.135E-02
    3   0.467E-04   0.126E-02   0.231E-03
    4   0.197E-03   0.477E-03   0.297E-03

*******   STEP  20
    1   0.338E-02   0.228E-02   0.454E-02
    2   0.914E-03   0.480E-02   0.132E-02
    3   0.451E-04   0.123E-02   0.231E-03
    4   0.191E-03   0.472E-03   0.288E-03

*******   STEP  21
    1   0.263E-02   0.224E-02   0.450E-02
    2   0.894E-03   0.476E-02   0.129E-02
    3   0.437E-04   0.120E-02   0.230E-03
    4   0.186E-03   0.466E-03   0.280E-03

*******   STEP  22
    1   0.260E-02   0.221E-02   0.448E-02
    2   0.878E-03   0.473E-02   0.127E-02
    3   0.428E-04   0.118E-02   0.230E-03
    4   0.182E-03   0.460E-03   0.273E-03

*******   STEP  23
    1   0.258E-02   0.219E-02   0.444E-02
    2   0.861E-03   0.469E-02   0.125E-02
    3   0.421E-04   0.116E-02   0.229E-03
    4   0.177E-03   0.454E-03   0.266E-03

*******   STEP  24
    1   0.256E-02   0.216E-02   0.440E-02
    2   0.844E-03   0.465E-02   0.122E-02
    3   0.416E-04   0.113E-02   0.227E-03
    4   0.172E-03   0.448E-03   0.259E-03

*******   STEP  25
    1   0.253E-02   0.213E-02   0.437E-02
    2   0.827E-03   0.462E-02   0.120E-02
    3   0.413E-04   0.111E-02   0.226E-03
    4   0.168E-03   0.441E-03   0.252E-03

*******   STEP  26
    1   0.251E-02   0.210E-02   0.434E-02
    2   0.811E-03   0.459E-02   0.118E-02
    3   0.412E-04   0.109E-02   0.225E-03
    4   0.163E-03   0.435E-03   0.245E-03

*******   STEP  27
    1   0.249E-02   0.208E-02   0.431E-02
    2   0.794E-03   0.455E-02   0.116E-02
    3   0.411E-04   0.107E-02   0.223E-03
    4   0.159E-03   0.428E-03   0.238E-03

*******   STEP  28
    1   0.335E-02   0.206E-02   0.428E-02
    2   0.781E-03   0.453E-02   0.114E-02
    3   0.412E-04   0.105E-02   0.222E-03
    4   0.155E-03   0.423E-03   0.233E-03

*******   STEP  29
    1   0.245E-02   0.203E-02   0.424E-02
    2   0.762E-03   0.448E-02   0.112E-02
    3   0.414E-04   0.103E-02   0.220E-03
    4   0.150E-03   0.416E-03   0.226E-03

*******   STEP  30
    1   0.242E-02   0.200E-02   0.421E-02
    2   0.747E-03   0.445E-02   0.110E-02
    3   0.416E-04   0.101E-02   0.218E-03
    4   0.146E-03   0.410E-03   0.220E-03

*******   STEP  31
    1   0.240E-02   0.198E-02   0.419E-02
    2   0.732E-03   0.442E-02   0.108E-02
    3   0.419E-04   0.984E-03   0.216E-03

*******   STEP  32
    1   0.474E-02   0.208E-02   0.388E-02
    2   0.655E-03   0.410E-02   0.985E-03
    3   0.417E-04   0.930E-03   0.201E-03

*******   STEP  33
    1   0.314E-02   0.199E-02   0.309E-02
    2   0.457E-03   0.322E-02   0.740E-03
    3   0.371E-04   0.707E-03   0.166E-03

*******   STEP  34
    1   0.235E-02   0.192E-02   0.329E-02
    2   0.499E-03   0.344E-02   0.787E-03
    3   0.393E-04   0.742E-03   0.175E-03

*******   STEP  35
    1   0.232E-02   0.192E-02   0.321E-02
    2   0.477E-03   0.335E-02   0.760E-03
    3   0.388E-04   0.716E-03   0.170E-03

*******   STEP  36
    1   0.230E-02   0.189E-02   0.321E-02
    2   0.473E-03   0.335E-02   0.753E-03
    3   0.390E-04   0.708E-03   0.169E-03

*******   STEP  37
    1   0.228E-02   0.187E-02   0.319E-02
    2   0.464E-03   0.333E-02   0.741E-03
    3   0.391E-04   0.694E-03   0.167E-03

*******   STEP  38
    1   0.226E-02   0.186E-02   0.318E-02
    2   0.457E-03   0.332E-02   0.731E-03
    3   0.393E-04   0.684E-03   0.166E-03

*******   STEP  39
    1   0.224E-02   0.184E-02   0.317E-02
    2   0.450E-03   0.330E-02   0.721E-03
    3   0.393E-04   0.672E-03   0.164E-03

*******   STEP  40
    1   0.222E-02   0.182E-02   0.315E-02
    2   0.443E-03   0.328E-02   0.711E-03
    3   0.396E-04   0.661E-03   0.162E-03

*******   STEP  41
    1   0.220E-02   0.181E-02   0.313E-02
    2   0.436E-03   0.326E-02   0.701E-03
    3   0.398E-04   0.650E-03   0.160E-03

*******   STEP  42
    1   0.218E-02   0.179E-02   0.312E-02
    2   0.430E-03   0.325E-02   0.691E-03
    3   0.400E-04   0.641E-03   0.159E-03

*******   STEP  43
    1   0.216E-02   0.177E-02   0.311E-02
    2   0.424E-03   0.323E-02   0.682E-03
    3   0.403E-04   0.631E-03   0.157E-03

*******   STEP  44
    1   0.214E-02   0.176E-02   0.309E-02
    2   0.418E-03   0.322E-02   0.672E-03
    3   0.406E-04   0.621E-03   0.156E-03

*******   STEP  45
    1   0.212E-02   0.174E-02   0.308E-02
    2   0.412E-03   0.320E-02   0.663E-03
    3   0.408E-04   0.611E-03   0.154E-03

*******   STEP  46
    1   0.210E-02   0.173E-02   0.307E-02
    2   0.407E-03   0.319E-02   0.654E-03
    3   0.411E-04   0.602E-03   0.153E-03

*******   STEP  47
    1   0.209E-02   0.171E-02   0.305E-02
    2   0.401E-03   0.317E-02   0.646E-03
    3   0.413E-04   0.592E-03   0.151E-03

*******   STEP  48
    1   0.207E-02   0.170E-02   0.304E-02
    2   0.396E-03   0.316E-02   0.637E-03
    3   0.416E-04   0.583E-03   0.150E-03

*******   STEP  49
    1   0.205E-02   0.169E-02   0.303E-02
    2   0.391E-03   0.314E-02   0.629E-03
    3   0.419E-04   0.574E-03   0.149E-03

*******   STEP  50
    1   0.203E-02   0.167E-02   0.302E-02
    2   0.386E-03   0.313E-02   0.621E-03
    3   0.421E-04   0.565E-03   0.147E-03

*******   STEP  51
    1   0.201E-02   0.166E-02   0.300E-02
    2   0.382E-03   0.312E-02   0.612E-03
    3   0.424E-04   0.556E-03   0.146E-03

*******   STEP  52
    1   0.200E-02   0.165E-02   0.299E-02
    2   0.377E-03   0.310E-02   0.605E-03
    3   0.426E-04   0.548E-03   0.145E-03

*******   STEP  53
    1   0.198E-02   0.163E-02   0.298E-02
    2   0.373E-03   0.309E-02   0.597E-03
    3   0.429E-04   0.539E-03   0.143E-03

*******   STEP  54
    1   0.196E-02   0.162E-02   0.297E-02
    2   0.368E-03   0.307E-02   0.589E-03
    3   0.431E-04   0.530E-03   0.142E-03

*******   STEP  55
    1   0.194E-02   0.161E-02   0.296E-02
    2   0.364E-03   0.306E-02   0.582E-03
    3   0.434E-04   0.522E-03   0.141E-03

*******   STEP  56
    1   0.193E-02   0.160E-02   0.295E-02
    2   0.360E-03   0.305E-02   0.575E-03
    3   0.436E-04   0.513E-03   0.140E-03

*******   STEP  57
    1   0.191E-02   0.159E-02   0.294E-02
    2   0.355E-03   0.304E-02   0.567E-03
    3   0.439E-04   0.505E-03   0.139E-03

*******   STEP  58
    1   0.189E-02   0.157E-02   0.293E-02
    2   0.351E-03   0.302E-02   0.560E-03
    3   0.442E-04   0.496E-03   0.137E-03

*******   STEP  59
    1   0.188E-02   0.156E-02   0.292E-02
    2   0.347E-03   0.301E-02   0.553E-03
    3   0.444E-04   0.488E-03   0.136E-03

*******   STEP  60
    1   0.186E-02   0.155E-02   0.291E-02
    2   0.342E-03   0.300E-02   0.547E-03
    3   0.446E-04   0.481E-03   0.135E-03

*******   STEP  61
    1   0.185E-02   0.154E-02   0.290E-02
    2   0.338E-03   0.299E-02   0.540E-03
    3   0.448E-04   0.473E-03   0.134E-03

*******   STEP  62
    1   0.183E-02   0.153E-02   0.289E-02
    2   0.334E-03   0.298E-02   0.534E-03
    3   0.450E-04   0.466E-03   0.133E-03

*******   STEP  63
    1   0.182E-02   0.152E-02   0.288E-02
    2   0.330E-03   0.296E-02   0.527E-03
    3   0.451E-04   0.459E-03   0.132E-03

*******   STEP  64
    1   0.180E-02   0.151E-02   0.287E-02
    2   0.326E-03   0.295E-02   0.522E-03
    3   0.452E-04   0.452E-03   0.131E-03

*******   STEP  65
    1   0.179E-02   0.150E-02   0.286E-02
    2   0.322E-03   0.294E-02   0.516E-03
    3   0.452E-04   0.446E-03   0.130E-03

*******   STEP  66
    1   0.177E-02   0.149E-02   0.285E-02
    2   0.318E-03   0.293E-02   0.510E-03
    3   0.452E-04   0.439E-03   0.129E-03

*******   STEP  67
    1   0.176E-02   0.148E-02   0.284E-02
    2   0.314E-03   0.292E-02   0.504E-03
    3   0.453E-04   0.432E-03   0.128E-03

*******   STEP  68
    1   0.174E-02   0.147E-02   0.283E-02
    2   0.310E-03   0.291E-02   0.498E-03
    3   0.453E-04   0.426E-03   0.126E-03

*******   STEP  69
    1   0.173E-02   0.146E-02   0.282E-02
    2   0.306E-03   0.290E-02   0.493E-03
    3   0.452E-04   0.420E-03   0.125E-03

*******   STEP  70
    1   0.172E-02   0.145E-02   0.281E-02
    2   0.302E-03   0.288E-02   0.487E-03
    3   0.452E-04   0.414E-03   0.124E-03

*******   STEP  71
    1   0.170E-02   0.144E-02   0.280E-02
    2   0.299E-03   0.287E-02   0.482E-03
    3   0.452E-04   0.408E-03   0.123E-03

*******   STEP  72
    1   0.169E-02   0.143E-02   0.279E-02
    2   0.295E-03   0.286E-02   0.477E-03
    3   0.452E-04   0.402E-03   0.122E-03

*******   STEP  73
    1   0.168E-02   0.142E-02   0.278E-02
    2   0.291E-03   0.285E-02   0.471E-03
    3   0.451E-04   0.396E-03   0.121E-03

*******   STEP  74
    1   0.167E-02   0.142E-02   0.277E-02
    2   0.288E-03   0.284E-02   0.466E-03
    3   0.451E-04   0.390E-03   0.120E-03

*******   STEP  75
    1   0.165E-02   0.141E-02   0.276E-02
    2   0.284E-03   0.283E-02   0.461E-03
    3   0.451E-04   0.385E-03   0.119E-03

*******   STEP  76
    1   0.164E-02   0.140E-02   0.275E-02
    2   0.281E-03   0.282E-02   0.456E-03
    3   0.452E-04   0.380E-03   0.118E-03

*******   STEP  77
    1   0.163E-02   0.139E-02   0.274E-02
    2   0.277E-03   0.281E-02   0.451E-03
    3   0.452E-04   0.375E-03   0.117E-03

*******   STEP  78
    1   0.162E-02   0.138E-02   0.274E-02
    2   0.274E-03   0.280E-02   0.447E-03
    3   0.452E-04   0.371E-03   0.116E-03

*******   STEP  79
    1   0.161E-02   0.138E-02   0.273E-02
    2   0.271E-03   0.279E-02   0.442E-03
    3   0.452E-04   0.366E-03   0.115E-03

*******   STEP  80
    1   0.160E-02   0.137E-02   0.272E-02
    2   0.268E-03   0.278E-02   0.437E-03
    3   0.452E-04   0.362E-03   0.114E-03

*******   STEP  81
    1   0.159E-02   0.136E-02   0.271E-02
    2   0.265E-03   0.277E-02   0.433E-03
    3   0.452E-04   0.357E-03   0.114E-03

*******   STEP  82
    1   0.158E-02   0.135E-02   0.270E-02
    2   0.262E-03   0.276E-02   0.428E-03
    3   0.453E-04   0.353E-03   0.113E-03

*******   STEP  83
    1   0.156E-02   0.135E-02   0.269E-02
    2   0.259E-03   0.275E-02   0.424E-03
    3   0.454E-04   0.349E-03   0.112E-03

*******   STEP  84
    1   0.155E-02   0.134E-02   0.268E-02
    2   0.257E-03   0.274E-02   0.419E-03
    3   0.454E-04   0.346E-03   0.111E-03

*******   STEP  85
    1   0.154E-02   0.133E-02   0.268E-02
    2   0.254E-03   0.273E-02   0.415E-03
    3   0.455E-04   0.342E-03   0.110E-03

*******   STEP  86
    1   0.153E-02   0.133E-02   0.267E-02
    2   0.251E-03   0.272E-02   0.411E-03
    3   0.456E-04   0.339E-03   0.110E-03

*******   STEP  87
    1   0.152E-02   0.132E-02   0.266E-02
    2   0.249E-03   0.271E-02   0.407E-03
    3   0.456E-04   0.335E-03   0.109E-03

*******   STEP  88
    1   0.151E-02   0.132E-02   0.265E-02
    2   0.246E-03   0.271E-02   0.403E-03
    3   0.457E-04   0.332E-03   0.108E-03

*******   STEP  89
    1   0.150E-02   0.131E-02   0.265E-02
    2   0.244E-03   0.270E-02   0.399E-03
    3   0.458E-04   0.329E-03   0.107E-03

*******   STEP  90
    1   0.150E-02   0.130E-02   0.264E-02
    2   0.242E-03   0.269E-02   0.395E-03
    3   0.459E-04   0.326E-03   0.107E-03

*******   STEP  91
    1   0.149E-02   0.130E-02   0.263E-02
    2   0.240E-03   0.268E-02   0.392E-03
    3   0.460E-04   0.323E-03   0.106E-03

*******   STEP  92
    1   0.148E-02   0.129E-02   0.262E-02
    2   0.237E-03   0.267E-02   0.388E-03
    3   0.461E-04   0.320E-03   0.105E-03

*******   STEP  93
    1   0.147E-02   0.129E-02   0.262E-02
    2   0.235E-03   0.266E-02   0.384E-03
    3   0.461E-04   0.317E-03   0.105E-03

*******   STEP  94
    1   0.146E-02   0.128E-02   0.261E-02
    2   0.233E-03   0.266E-02   0.381E-03
    3   0.462E-04   0.315E-03   0.104E-03

*******   STEP  95
    1   0.145E-02   0.128E-02   0.260E-02
    2   0.231E-03   0.265E-02   0.377E-03
    3   0.463E-04   0.312E-03   0.103E-03

*******   STEP  96
    1   0.144E-02   0.127E-02   0.260E-02
    2   0.229E-03   0.264E-02   0.374E-03
    3   0.464E-04   0.309E-03   0.103E-03

*******   STEP  97
    1   0.143E-02   0.126E-02   0.259E-02
    2   0.227E-03   0.263E-02   0.370E-03
    3   0.465E-04   0.306E-03   0.102E-03

*******   STEP  98
    1   0.142E-02   0.126E-02   0.258E-02
    2   0.225E-03   0.262E-02   0.367E-03
    3   0.466E-04   0.304E-03   0.102E-03

*******   STEP  99
    1   0.141E-02   0.125E-02   0.258E-02
    2   0.222E-03   0.262E-02   0.364E-03
    3   0.466E-04   0.301E-03   0.101E-03

*******   STEP 100
    1   0.141E-02   0.125E-02   0.257E-02
    2   0.220E-03   0.261E-02   0.360E-03
    3   0.467E-04   0.298E-03   0.101E-03

*******   STEP 101
    1   0.140E-02   0.124E-02   0.256E-02
    2   0.218E-03   0.260E-02   0.357E-03
    3   0.467E-04   0.295E-03   0.100E-03

*******   STEP 102
    1   0.139E-02   0.124E-02   0.256E-02
    2   0.216E-03   0.259E-02   0.354E-03
    3   0.468E-04   0.292E-03   0.998E-04

*******   STEP 103
    1   0.138E-02   0.123E-02   0.255E-02
    2   0.214E-03   0.259E-02   0.350E-03
    3   0.468E-04   0.289E-03   0.994E-04

*******   STEP 104
    1   0.137E-02   0.123E-02   0.254E-02
    2   0.211E-03   0.258E-02   0.347E-03
    3   0.469E-04   0.286E-03   0.989E-04

*******   STEP 105
    1   0.136E-02   0.122E-02   0.254E-02
    2   0.209E-03   0.257E-02   0.344E-03
    3   0.469E-04   0.283E-03   0.985E-04

*******   STEP 106
    1   0.136E-02   0.122E-02   0.253E-02
    2   0.207E-03   0.256E-02   0.340E-03
    3   0.469E-04   0.280E-03   0.981E-04

*******   STEP 107
    1   0.135E-02   0.121E-02   0.252E-02
    2   0.204E-03   0.256E-02   0.337E-03
    3   0.469E-04   0.277E-03   0.977E-04

*******   STEP 108
    1   0.134E-02   0.121E-02   0.252E-02
    2   0.202E-03   0.255E-02   0.334E-03
    3   0.469E-04   0.273E-03   0.973E-04

*******   STEP 109
    1   0.133E-02   0.120E-02   0.251E-02
    2   0.200E-03   0.254E-02   0.331E-03
    3   0.469E-04   0.270E-03   0.969E-04

*******   STEP 110
    1   0.133E-02   0.120E-02   0.251E-02
    2   0.197E-03   0.254E-02   0.328E-03
    3   0.469E-04   0.267E-03   0.966E-04

*******   STEP 111
    1   0.132E-02   0.119E-02   0.250E-02
    2   0.195E-03   0.253E-02   0.324E-03
    3   0.469E-04   0.263E-03   0.963E-04

*******   STEP 112
    1   0.131E-02   0.119E-02   0.249E-02
    2   0.193E-03   0.252E-02   0.321E-03
    3   0.469E-04   0.260E-03   0.959E-04

*******   STEP 113
    1   0.130E-02   0.118E-02   0.249E-02
    2   0.190E-03   0.251E-02   0.318E-03
    3   0.468E-04   0.256E-03   0.956E-04

*******   STEP 114
    1   0.130E-02   0.118E-02   0.248E-02
    2   0.188E-03   0.251E-02   0.315E-03
    3   0.468E-04   0.253E-03   0.953E-04

*******   STEP 115
    1   0.129E-02   0.117E-02   0.248E-02
    2   0.185E-03   0.250E-02   0.312E-03
    3   0.467E-04   0.249E-03   0.950E-04

*******   STEP 116
    1   0.128E-02   0.117E-02   0.247E-02
    2   0.183E-03   0.249E-02   0.309E-03
    3   0.467E-04   0.246E-03   0.947E-04

*******   STEP 117
    1   0.127E-02   0.116E-02   0.247E-02
    2   0.180E-03   0.249E-02   0.306E-03
    3   0.466E-04   0.242E-03   0.944E-04

*******   STEP 118
    1   0.127E-02   0.116E-02   0.246E-02
    2   0.178E-03   0.248E-02   0.303E-03
    3   0.466E-04   0.239E-03   0.942E-04

*******   STEP 119
    1   0.126E-02   0.115E-02   0.245E-02
    2   0.176E-03   0.247E-02   0.300E-03
    3   0.465E-04   0.235E-03   0.939E-04

*******   STEP 120
    1   0.125E-02   0.115E-02   0.245E-02
    2   0.173E-03   0.247E-02   0.297E-03
    3   0.464E-04   0.232E-03   0.936E-04

*******   STEP 121
    1   0.125E-02   0.114E-02   0.244E-02
    2   0.171E-03   0.246E-02   0.294E-03
    3   0.463E-04   0.229E-03   0.934E-04

*******   STEP 122
    1   0.124E-02   0.114E-02   0.244E-02
    2   0.169E-03   0.245E-02   0.291E-03
    3   0.462E-04   0.225E-03   0.931E-04

*******   STEP 123
    1   0.124E-02   0.113E-02   0.243E-02
    2   0.167E-03   0.245E-02   0.288E-03
    3   0.461E-04   0.222E-03   0.929E-04

*******   STEP 124
    1   0.123E-02   0.113E-02   0.243E-02
    2   0.165E-03   0.244E-02   0.285E-03
    3   0.460E-04   0.219E-03   0.926E-04

*******   STEP 125
    1   0.122E-02   0.113E-02   0.242E-02
    2   0.162E-03   0.243E-02   0.283E-03
    3   0.459E-04   0.216E-03   0.923E-04

*******   STEP 126
    1   0.122E-02   0.112E-02   0.242E-02
    2   0.160E-03   0.243E-02   0.280E-03
    3   0.458E-04   0.213E-03   0.921E-04

*******   STEP 127
    1   0.121E-02   0.112E-02   0.241E-02
    2   0.158E-03   0.242E-02   0.278E-03
    3   0.457E-04   0.210E-03   0.918E-04

*******   STEP 128
    1   0.120E-02   0.111E-02   0.241E-02
    2   0.156E-03   0.242E-02   0.275E-03
    3   0.455E-04   0.207E-03   0.916E-04

*******   STEP 129
    1   0.120E-02   0.111E-02   0.240E-02
    2   0.154E-03   0.241E-02   0.273E-03
    3   0.454E-04   0.205E-03   0.913E-04

*******   STEP 130
    1   0.119E-02   0.110E-02   0.240E-02
    2   0.153E-03   0.240E-02   0.270E-03
    3   0.452E-04   0.202E-03   0.910E-04

*******   STEP 131
    1   0.119E-02   0.110E-02   0.239E-02
    2   0.151E-03   0.240E-02   0.268E-03
    3   0.451E-04   0.200E-03   0.908E-04

*******   STEP 132
    1   0.118E-02   0.109E-02   0.239E-02
    2   0.149E-03   0.239E-02   0.266E-03
    3   0.449E-04   0.197E-03   0.905E-04

*******   STEP 133
    1   0.118E-02   0.109E-02   0.238E-02
    2   0.147E-03   0.239E-02   0.264E-03
    3   0.447E-04   0.195E-03   0.902E-04

*******   STEP 134
    1   0.117E-02   0.109E-02   0.238E-02
    2   0.145E-03   0.238E-02   0.262E-03
    3   0.446E-04   0.193E-03   0.899E-04

*******   STEP 135
    1   0.116E-02   0.108E-02   0.237E-02
    2   0.144E-03   0.238E-02   0.260E-03
    3   0.444E-04   0.191E-03   0.896E-04

*******   STEP 136
    1   0.116E-02   0.108E-02   0.237E-02
    2   0.142E-03   0.237E-02   0.258E-03
    3   0.442E-04   0.189E-03   0.893E-04

*******   STEP 137
    1   0.115E-02   0.107E-02   0.236E-02
    2   0.141E-03   0.237E-02   0.257E-03
    3   0.440E-04   0.187E-03   0.890E-04

*******   STEP 138
    1   0.115E-02   0.107E-02   0.236E-02
    2   0.139E-03   0.236E-02   0.255E-03
    3   0.438E-04   0.186E-03   0.887E-04

*******   STEP 139
    1   0.114E-02   0.106E-02   0.235E-02
    2   0.138E-03   0.235E-02   0.253E-03
    3   0.436E-04   0.184E-03   0.884E-04

*******   STEP 140
    1   0.114E-02   0.106E-02   0.235E-02
    2   0.136E-03   0.235E-02   0.252E-03
    3   0.433E-04   0.183E-03   0.880E-04

*******   STEP 141
    1   0.113E-02   0.106E-02   0.234E-02
    2   0.135E-03   0.234E-02   0.250E-03
    3   0.431E-04   0.181E-03   0.877E-04

*******   STEP 142
    1   0.113E-02   0.105E-02   0.234E-02
    2   0.134E-03   0.234E-02   0.249E-03
    3   0.429E-04   0.180E-03   0.874E-04

*******   STEP 143
    1   0.112E-02   0.105E-02   0.233E-02
    2   0.133E-03   0.233E-02   0.247E-03
    3   0.427E-04   0.179E-03   0.870E-04

*******   STEP 144
    1   0.112E-02   0.105E-02   0.233E-02
    2   0.131E-03   0.233E-02   0.246E-03
    3   0.424E-04   0.178E-03   0.867E-04

*******   STEP 145
    1   0.111E-02   0.104E-02   0.232E-02
    2   0.130E-03   0.232E-02   0.245E-03
    3   0.422E-04   0.177E-03   0.864E-04

*******   STEP 146
    1   0.111E-02   0.104E-02   0.232E-02
    2   0.129E-03   0.232E-02   0.244E-03
    3   0.420E-04   0.176E-03   0.860E-04

*******   STEP 147
    1   0.110E-02   0.103E-02   0.231E-02
    2   0.128E-03   0.232E-02   0.243E-03
    3   0.418E-04   0.175E-03   0.857E-04

*******   STEP 148
    1   0.110E-02   0.103E-02   0.231E-02
    2   0.127E-03   0.231E-02   0.241E-03
    3   0.415E-04   0.174E-03   0.854E-04

*******   STEP 149
    1   0.109E-02   0.103E-02   0.231E-02
    2   0.126E-03   0.231E-02   0.240E-03
    3   0.413E-04   0.173E-03   0.850E-04

*******   STEP 150
    1   0.109E-02   0.102E-02   0.230E-02
    2   0.125E-03   0.230E-02   0.239E-03
    3   0.411E-04   0.173E-03   0.847E-04

*******   STEP 151
    1   0.108E-02   0.102E-02   0.230E-02
    2   0.124E-03   0.230E-02   0.238E-03
    3   0.409E-04   0.172E-03   0.844E-04

*******   STEP 152
    1   0.108E-02   0.102E-02   0.229E-02
    2   0.123E-03   0.229E-02   0.237E-03
    3   0.406E-04   0.171E-03   0.841E-04

*******   STEP 153
    1   0.107E-02   0.101E-02   0.229E-02
    2   0.122E-03   0.229E-02   0.236E-03
    3   0.404E-04   0.171E-03   0.837E-04

*******   STEP 154
    1   0.107E-02   0.101E-02   0.228E-02
    2   0.121E-03   0.228E-02   0.236E-03
    3   0.402E-04   0.170E-03   0.834E-04

*******   STEP 155
    1   0.106E-02   0.100E-02   0.228E-02
    2   0.120E-03   0.228E-02   0.235E-03
    3   0.400E-04   0.170E-03   0.831E-04

*******   STEP 156
    1   0.106E-02   0.100E-02   0.228E-02
    2   0.119E-03   0.228E-02   0.234E-03
    3   0.398E-04   0.169E-03   0.828E-04

*******   STEP 157
    1   0.105E-02   0.998E-03   0.227E-02
    2   0.118E-03   0.227E-02   0.233E-03
    3   0.396E-04   0.169E-03   0.825E-04

*******   STEP 158
    1   0.105E-02   0.994E-03   0.227E-02
    2   0.118E-03   0.227E-02   0.232E-03
    3   0.394E-04   0.168E-03   0.822E-04

*******   STEP 159
    1   0.104E-02   0.991E-03   0.226E-02
    2   0.117E-03   0.226E-02   0.231E-03
    3   0.392E-04   0.168E-03   0.818E-04

*******   STEP 160
    1   0.104E-02   0.988E-03   0.226E-02
    2   0.116E-03   0.226E-02   0.231E-03
    3   0.390E-04   0.167E-03   0.815E-04

*******   STEP 161
    1   0.103E-02   0.984E-03   0.226E-02
    2   0.115E-03   0.226E-02   0.230E-03
    3   0.388E-04   0.167E-03   0.813E-04

*******   STEP 162
    1   0.103E-02   0.981E-03   0.225E-02
    2   0.114E-03   0.225E-02   0.229E-03
    3   0.386E-04   0.167E-03   0.810E-04

*******   STEP 163
    1   0.103E-02   0.978E-03   0.225E-02
    2   0.114E-03   0.225E-02   0.228E-03
    3   0.384E-04   0.166E-03   0.807E-04

*******   STEP 164
    1   0.102E-02   0.975E-03   0.224E-02
    2   0.113E-03   0.224E-02   0.228E-03
    3   0.383E-04   0.166E-03   0.804E-04

*******   STEP 165
    1   0.102E-02   0.972E-03   0.224E-02
    2   0.112E-03   0.224E-02   0.227E-03
    3   0.381E-04   0.166E-03   0.801E-04

*******   STEP 166
    1   0.417E-02   0.990E-03   0.229E-02
    2   0.116E-03   0.230E-02   0.234E-03
    3   0.389E-04   0.176E-03   0.818E-04

*******   STEP 167
    1   0.101E-02   0.969E-03   0.222E-02
    2   0.110E-03   0.222E-02   0.224E-03
    3   0.377E-04   0.166E-03   0.792E-04

*******   STEP 168
    1   0.100E-02   0.963E-03   0.223E-02
    2   0.111E-03   0.223E-02   0.225E-03
    3   0.376E-04   0.166E-03   0.792E-04

*******   STEP 169
    1   0.100E-02   0.961E-03   0.222E-02
    2   0.110E-03   0.222E-02   0.224E-03
    3   0.375E-04   0.166E-03   0.789E-04

*******   STEP 170
    1   0.997E-03   0.958E-03   0.222E-02
    2   0.109E-03   0.222E-02   0.224E-03
    3   0.373E-04   0.165E-03   0.787E-04

*******   STEP 171
    1   0.993E-03   0.954E-03   0.222E-02
    2   0.109E-03   0.221E-02   0.223E-03
    3   0.371E-04   0.165E-03   0.784E-04

*******   STEP 172
    1   0.989E-03   0.951E-03   0.221E-02
    2   0.108E-03   0.221E-02   0.222E-03
    3   0.370E-04   0.164E-03   0.782E-04

*******   STEP 173
    1   0.985E-03   0.948E-03   0.221E-02
    2   0.107E-03   0.221E-02   0.222E-03
    3   0.368E-04   0.164E-03   0.779E-04

*******   STEP 174
    1   0.981E-03   0.945E-03   0.220E-02
    2   0.107E-03   0.220E-02   0.221E-03
    3   0.367E-04   0.164E-03   0.777E-04

*******   STEP 175
    1   0.977E-03   0.942E-03   0.220E-02
    2   0.106E-03   0.220E-02   0.221E-03
    3   0.365E-04   0.164E-03   0.774E-04

*******   STEP 176
    1   0.973E-03   0.939E-03   0.220E-02
    2   0.106E-03   0.220E-02   0.220E-03
    3   0.364E-04   0.163E-03   0.772E-04

*******   STEP 177
    1   0.969E-03   0.937E-03   0.219E-02
    2   0.105E-03   0.219E-02   0.220E-03
    3   0.362E-04   0.163E-03   0.769E-04

*******   STEP 178
    1   0.965E-03   0.934E-03   0.219E-02
    2   0.105E-03   0.219E-02   0.219E-03
    3   0.361E-04   0.163E-03   0.767E-04

*******   STEP 179
    1   0.961E-03   0.931E-03   0.219E-02
    2   0.104E-03   0.219E-02   0.219E-03
    3   0.359E-04   0.163E-03   0.765E-04

*******   STEP 180
    1   0.958E-03   0.928E-03   0.218E-02
    2   0.104E-03   0.218E-02   0.219E-03
    3   0.358E-04   0.163E-03   0.762E-04

*******   STEP 181
    1   0.954E-03   0.925E-03   0.218E-02
    2   0.103E-03   0.218E-02   0.218E-03
    3   0.356E-04   0.162E-03   0.760E-04

*******   STEP 182
    1   0.950E-03   0.922E-03   0.218E-02
    2   0.103E-03   0.218E-02   0.218E-03
    3   0.355E-04   0.162E-03   0.758E-04

*******   STEP 183
    1   0.946E-03   0.920E-03   0.217E-02
    2   0.102E-03   0.217E-02   0.217E-03
    3   0.354E-04   0.162E-03   0.756E-04

*******   STEP 184
    1   0.943E-03   0.917E-03   0.217E-02
    2   0.102E-03   0.217E-02   0.217E-03
    3   0.352E-04   0.162E-03   0.754E-04

*******   STEP 185
    1   0.939E-03   0.914E-03   0.217E-02
    2   0.101E-03   0.216E-02   0.216E-03
    3   0.351E-04   0.162E-03   0.751E-04

*******   STEP 186
    1   0.935E-03   0.911E-03   0.216E-02
    2   0.101E-03   0.216E-02   0.216E-03
    3   0.350E-04   0.162E-03   0.749E-04

*******   STEP 187
    1   0.932E-03   0.909E-03   0.216E-02
    2   0.100E-03   0.216E-02   0.216E-03
    3   0.348E-04   0.162E-03   0.747E-04

*******   STEP 188
    1   0.928E-03   0.906E-03   0.216E-02
    2   0.999E-04   0.215E-02   0.215E-03
    3   0.347E-04   0.162E-03   0.745E-04

*******   STEP 189
    1   0.924E-03   0.903E-03   0.215E-02
    2   0.995E-04   0.215E-02   0.215E-03
    3   0.346E-04   0.161E-03   0.744E-04

*******   STEP 190
    1   0.921E-03   0.901E-03   0.215E-02
    2   0.990E-04   0.215E-02   0.214E-03
    3   0.344E-04   0.161E-03   0.742E-04

*******   STEP 191
    1   0.917E-03   0.898E-03   0.215E-02
    2   0.986E-04   0.214E-02   0.214E-03
    3   0.343E-04   0.161E-03   0.740E-04

*******   STEP 192
    1   0.914E-03   0.896E-03   0.214E-02
    2   0.981E-04   0.214E-02   0.214E-03
    3   0.342E-04   0.161E-03   0.738E-04

*******   STEP 193
    1   0.910E-03   0.893E-03   0.214E-02
    2   0.977E-04   0.214E-02   0.213E-03
    3   0.340E-04   0.161E-03   0.736E-04

*******   STEP 194
    1   0.907E-03   0.890E-03   0.214E-02
    2   0.972E-04   0.213E-02   0.213E-03
    3   0.339E-04   0.161E-03   0.735E-04

*******   STEP 195
    1   0.903E-03   0.888E-03   0.213E-02
    2   0.967E-04   0.213E-02   0.212E-03
    3   0.338E-04   0.160E-03   0.733E-04

*******   STEP 196
    1   0.900E-03   0.885E-03   0.213E-02
    2   0.963E-04   0.213E-02   0.212E-03
    3   0.337E-04   0.160E-03   0.731E-04

*******   STEP 197
    1   0.897E-03   0.883E-03   0.213E-02
    2   0.958E-04   0.213E-02   0.211E-03
    3   0.336E-04   0.160E-03   0.730E-04

*******   STEP 198
    1   0.893E-03   0.880E-03   0.212E-02
    2   0.954E-04   0.212E-02   0.211E-03
    3   0.334E-04   0.160E-03   0.728E-04

*******   STEP 199
    1   0.890E-03   0.878E-03   0.212E-02
    2   0.950E-04   0.212E-02   0.211E-03
    3   0.333E-04   0.159E-03   0.727E-04

*******   STEP 200
    1   0.887E-03   0.875E-03   0.212E-02
    2   0.945E-04   0.212E-02   0.210E-03
    3   0.332E-04   0.159E-03   0.725E-04

*******   STEP 201
    1   0.883E-03   0.873E-03   0.211E-02
    2   0.941E-04   0.211E-02   0.210E-03
    3   0.331E-04   0.159E-03   0.724E-04
