  STRAIN   SUBSTRUCTURE     MODE1     MODE2     MODE3
   0.000 0.0000000E+00 0.0000000E+00 0.0000000E+00 0.0000000E+00
   0.001 0.0000000E+00 0.0000000E+00 0.0000000E+00 0.0000000E+00
   0.002 0.5605283E+00 0.7920925E+11 0.5894907E+11 0.5550000E+11
   0.003 0.1745346E+01 0.9361554E+11 0.6136013E+11 0.6319308E+11
   0.004 0.3109905E+01 0.8393273E+11 0.7989274E+11 0.6787625E+11
   0.005 0.5081984E+01 0.8804892E+11 0.7711603E+11 0.7792243E+11
   0.006 0.1633008E+02 0.1091316E+12 0.8567449E+11 0.8750074E+11
   0.007 0.3507115E+02 0.1533292E+12 0.7701031E+11 0.9718890E+11
   0.008 0.4227437E+02 0.1482178E+12 0.9334426E+11 0.9556955E+11
   0.009 0.8301743E+02 0.1778050E+12 0.1098272E+12 0.9142213E+11
   0.010 0.1503769E+03 0.1612920E+12 0.1363969E+12 0.1262904E+12
   0.011 0.1925530E+03 0.1620769E+12 0.1501900E+12 0.1441399E+12
   0.012 0.1927006E+03 0.1621499E+12 0.1502730E+12 0.1442415E+12
   0.013 0.2260866E+03 0.1747465E+12 0.1484003E+12 0.1440284E+12
   0.014 0.2264369E+03 0.1748821E+12 0.1484710E+12 0.1441277E+12
   0.015 0.2504116E+03 0.1734866E+12 0.1519141E+12 0.1495157E+12
   0.016 0.2507232E+03 0.1736095E+12 0.1519777E+12 0.1496065E+12
   0.017 0.4669763E+03 0.2020410E+12 0.1713723E+12 0.1511156E+12
   0.018 0.6970503E+03 0.1962252E+12 0.1738271E+12 0.1835525E+12
   0.019 0.7507664E+03 0.2013139E+12 0.1773245E+12 0.1824642E+12
   0.020 0.7522845E+03 0.2014363E+12 0.1774084E+12 0.1826572E+12
   0.021 0.7537986E+03 0.2015576E+12 0.1774927E+12 0.1828459E+12
   0.022 0.7553034E+03 0.2016778E+12 0.1775768E+12 0.1830300E+12
   0.023 0.7567955E+03 0.2017967E+12 0.1776607E+12 0.1832094E+12
   0.024 0.7582699E+03 0.2019139E+12 0.1777438E+12 0.1833838E+12
   0.025 0.7597231E+03 0.2020291E+12 0.1778263E+12 0.1835528E+12
   0.026 0.7611526E+03 0.2021416E+12 0.1779083E+12 0.1837173E+12
   0.027 0.1032877E+04 0.2118129E+12 0.1790943E+12 0.1850564E+12
   0.028 0.1034985E+04 0.2119444E+12 0.1791715E+12 0.1852184E+12
   0.029 0.1037025E+04 0.2120728E+12 0.1792456E+12 0.1853750E+12
   0.030 0.1038996E+04 0.2121979E+12 0.1793190E+12 0.1855245E+12
   0.031 0.2748055E+04 0.2519423E+12 0.1764775E+12 0.1912787E+12
   0.032 0.3377256E+04 0.2509563E+12 0.1863292E+12 0.1938412E+12
   0.033 0.3381592E+04 0.2510353E+12 0.1864613E+12 0.1939785E+12
   0.034 0.3385663E+04 0.2511104E+12 0.1865927E+12 0.1941086E+12
   0.035 0.3389428E+04 0.2511811E+12 0.1867220E+12 0.1942318E+12
   0.036 0.3392865E+04 0.2512470E+12 0.1868481E+12 0.1943498E+12
   0.037 0.3395950E+04 0.2513064E+12 0.1869702E+12 0.1944659E+12
   0.038 0.3398703E+04 0.2513597E+12 0.1870869E+12 0.1945812E+12
   0.039 0.3401139E+04 0.2514076E+12 0.1871990E+12 0.1946949E+12
   0.040 0.3403278E+04 0.2514513E+12 0.1873070E+12 0.1948064E+12
   0.041 0.3405121E+04 0.2514921E+12 0.1874109E+12 0.1949126E+12
   0.042 0.3406662E+04 0.2515298E+12 0.1875116E+12 0.1950124E+12
   0.043 0.3407911E+04 0.2515649E+12 0.1876091E+12 0.1951062E+12
   0.044 0.3408879E+04 0.2515974E+12 0.1877033E+12 0.1951947E+12
   0.045 0.3409574E+04 0.2516275E+12 0.1877939E+12 0.1952786E+12
   0.046 0.3410003E+04 0.2516550E+12 0.1878811E+12 0.1953582E+12
   0.047 0.3410168E+04 0.2516797E+12 0.1879655E+12 0.1954345E+12
   0.048 0.3410072E+04 0.2517015E+12 0.1880476E+12 0.1955084E+12
   0.049 0.3409702E+04 0.2517210E+12 0.1881264E+12 0.1955795E+12
   0.050 0.3409052E+04 0.2517408E+12 0.1882043E+12 0.1956470E+12
   0.051 0.3408120E+04 0.2517607E+12 0.1882812E+12 0.1957107E+12
   0.052 0.3406907E+04 0.2517834E+12 0.1883587E+12 0.1957697E+12
   0.053 0.3405418E+04 0.2518093E+12 0.1884368E+12 0.1958235E+12
   0.054 0.3403664E+04 0.2518384E+12 0.1885146E+12 0.1958717E+12
   0.055 0.3401644E+04 0.2518704E+12 0.1885916E+12 0.1959149E+12
   0.056 0.3399345E+04 0.2519083E+12 0.1886665E+12 0.1959528E+12
   0.057 0.3396762E+04 0.2519529E+12 0.1887362E+12 0.1959861E+12
   0.058 0.3393904E+04 0.2520031E+12 0.1888008E+12 0.1960152E+12
   0.059 0.3390773E+04 0.2520562E+12 0.1888593E+12 0.1960407E+12
   0.060 0.3387332E+04 0.2521140E+12 0.1889102E+12 0.1960610E+12
   0.061 0.3383572E+04 0.2521765E+12 0.1889535E+12 0.1960757E+12
   0.062 0.3379500E+04 0.2522432E+12 0.1889895E+12 0.1960860E+12
   0.063 0.3375117E+04 0.2523130E+12 0.1890182E+12 0.1960920E+12
   0.064 0.3370422E+04 0.2523854E+12 0.1890399E+12 0.1960939E+12
   0.065 0.3365414E+04 0.2524591E+12 0.1890555E+12 0.1960928E+12
   0.066 0.3360103E+04 0.2525337E+12 0.1890651E+12 0.1960885E+12
   0.067 0.3354499E+04 0.2526088E+12 0.1890691E+12 0.1960810E+12
   0.068 0.3348610E+04 0.2526838E+12 0.1890678E+12 0.1960704E+12
   0.069 0.3342444E+04 0.2527585E+12 0.1890614E+12 0.1960568E+12
   0.070 0.3336009E+04 0.2528325E+12 0.1890502E+12 0.1960399E+12
   0.071 0.3329315E+04 0.2529055E+12 0.1890347E+12 0.1960196E+12
   0.072 0.3322371E+04 0.2529772E+12 0.1890151E+12 0.1959961E+12
   0.073 0.3315185E+04 0.2530471E+12 0.1889918E+12 0.1959694E+12
   0.074 0.3307767E+04 0.2531149E+12 0.1889651E+12 0.1959399E+12
   0.075 0.3300127E+04 0.2531802E+12 0.1889353E+12 0.1959076E+12
   0.076 0.3292271E+04 0.2532427E+12 0.1889027E+12 0.1958727E+12
   0.077 0.3284212E+04 0.2533021E+12 0.1888675E+12 0.1958354E+12
   0.078 0.3275962E+04 0.2533582E+12 0.1888300E+12 0.1957964E+12
   0.079 0.3267529E+04 0.2534107E+12 0.1887906E+12 0.1957560E+12
   0.080 0.3258921E+04 0.2534594E+12 0.1887494E+12 0.1957142E+12
   0.081 0.3250145E+04 0.2535039E+12 0.1887067E+12 0.1956712E+12
   0.082 0.3241208E+04 0.2535443E+12 0.1886627E+12 0.1956271E+12
   0.083 0.3232118E+04 0.2535802E+12 0.1886176E+12 0.1955822E+12
   0.084 0.3222880E+04 0.2536116E+12 0.1885716E+12 0.1955364E+12
   0.085 0.3213501E+04 0.2536384E+12 0.1885249E+12 0.1954899E+12
   0.086 0.3203988E+04 0.2536605E+12 0.1884775E+12 0.1954427E+12
   0.087 0.3194344E+04 0.2536775E+12 0.1884303E+12 0.1953957E+12
   0.088 0.3184575E+04 0.2536893E+12 0.1883833E+12 0.1953488E+12
   0.089 0.3174689E+04 0.2536959E+12 0.1883366E+12 0.1953021E+12
   0.090 0.3164689E+04 0.2536974E+12 0.1882903E+12 0.1952554E+12
   0.091 0.3154583E+04 0.2536937E+12 0.1882444E+12 0.1952089E+12
   0.092 0.3144376E+04 0.2536849E+12 0.1881990E+12 0.1951625E+12
   0.093 0.3134075E+04 0.2536719E+12 0.1881551E+12 0.1951159E+12
   0.094 0.3123686E+04 0.2536551E+12 0.1881131E+12 0.1950688E+12
   0.095 0.3113215E+04 0.2536346E+12 0.1880731E+12 0.1950213E+12
   0.096 0.3102669E+04 0.2536104E+12 0.1880350E+12 0.1949733E+12
   0.097 0.3092056E+04 0.2535830E+12 0.1879991E+12 0.1949247E+12
   0.098 0.3081382E+04 0.2535531E+12 0.1879659E+12 0.1948752E+12
   0.099 0.3070654E+04 0.2535207E+12 0.1879352E+12 0.1948250E+12
   0.100 0.3059880E+04 0.2534857E+12 0.1879070E+12 0.1947740E+12
   0.101 0.3049068E+04 0.2534481E+12 0.1878813E+12 0.1947224E+12
   0.102 0.3038225E+04 0.2534078E+12 0.1878578E+12 0.1946701E+12
   0.103 0.3027358E+04 0.2533650E+12 0.1878366E+12 0.1946172E+12
   0.104 0.3016477E+04 0.2533195E+12 0.1878176E+12 0.1945638E+12
   0.105 0.3005588E+04 0.2532715E+12 0.1878007E+12 0.1945098E+12
   0.106 0.2994701E+04 0.2532211E+12 0.1877859E+12 0.1944554E+12
   0.107 0.2983824E+04 0.2531681E+12 0.1877730E+12 0.1944005E+12
   0.108 0.2972964E+04 0.2531128E+12 0.1877621E+12 0.1943452E+12
   0.109 0.2962130E+04 0.2530552E+12 0.1877531E+12 0.1942896E+12
   0.110 0.2951330E+04 0.2529953E+12 0.1877458E+12 0.1942336E+12
   0.111 0.2940572E+04 0.2529332E+12 0.1877403E+12 0.1941772E+12
   0.112 0.2929864E+04 0.2528691E+12 0.1877364E+12 0.1941206E+12
   0.113 0.2919216E+04 0.2528031E+12 0.1877341E+12 0.1940637E+12
   0.114 0.2908636E+04 0.2527352E+12 0.1877333E+12 0.1940066E+12
   0.115 0.2898134E+04 0.2526656E+12 0.1877339E+12 0.1939492E+12
   0.116 0.2887719E+04 0.2525945E+12 0.1877359E+12 0.1938917E+12
   0.117 0.2877401E+04 0.2525219E+12 0.1877393E+12 0.1938340E+12
   0.118 0.2867189E+04 0.2524481E+12 0.1877439E+12 0.1937761E+12
   0.119 0.2857095E+04 0.2523732E+12 0.1877497E+12 0.1937182E+12
   0.120 0.2847128E+04 0.2522973E+12 0.1877565E+12 0.1936601E+12
   0.121 0.2837299E+04 0.2522207E+12 0.1877645E+12 0.1936020E+12
   0.122 0.2827620E+04 0.2521434E+12 0.1877734E+12 0.1935437E+12
   0.123 0.2818100E+04 0.2520657E+12 0.1877833E+12 0.1934855E+12
   0.124 0.2808751E+04 0.2519877E+12 0.1877940E+12 0.1934272E+12
   0.125 0.2799584E+04 0.2519096E+12 0.1878056E+12 0.1933689E+12
   0.126 0.2790610E+04 0.2518314E+12 0.1878179E+12 0.1933107E+12
   0.127 0.2781840E+04 0.2517534E+12 0.1878309E+12 0.1932524E+12
   0.128 0.2773285E+04 0.2516757E+12 0.1878446E+12 0.1931942E+12
   0.129 0.2764956E+04 0.2515983E+12 0.1878589E+12 0.1931360E+12
   0.130 0.2756865E+04 0.2515214E+12 0.1878738E+12 0.1930778E+12
   0.131 0.2749022E+04 0.2514451E+12 0.1878893E+12 0.1930196E+12
   0.132 0.2741439E+04 0.2513694E+12 0.1879053E+12 0.1929615E+12
   0.133 0.2734127E+04 0.2512945E+12 0.1879217E+12 0.1929035E+12
   0.134 0.2727098E+04 0.2512203E+12 0.1879386E+12 0.1928455E+12
   0.135 0.2720364E+04 0.2511470E+12 0.1879559E+12 0.1927875E+12
   0.136 0.2713938E+04 0.2510746E+12 0.1879736E+12 0.1927295E+12
   0.137 0.2707833E+04 0.2510030E+12 0.1879917E+12 0.1926716E+12
   0.138 0.2702061E+04 0.2509324E+12 0.1880100E+12 0.1926137E+12
   0.139 0.2696639E+04 0.2508627E+12 0.1880287E+12 0.1925558E+12
   0.140 0.2691582E+04 0.2507939E+12 0.1880476E+12 0.1924980E+12
   0.141 0.2686905E+04 0.2507262E+12 0.1880669E+12 0.1924401E+12
   0.142 0.2682626E+04 0.2506594E+12 0.1880863E+12 0.1923822E+12
   0.143 0.2678765E+04 0.2505935E+12 0.1881060E+12 0.1923243E+12
   0.144 0.2675341E+04 0.2505287E+12 0.1881260E+12 0.1922663E+12
   0.145 0.2672376E+04 0.2504649E+12 0.1881461E+12 0.1922083E+12
   0.146 0.2669893E+04 0.2504020E+12 0.1881664E+12 0.1921503E+12
   0.147 0.2667917E+04 0.2503402E+12 0.1881869E+12 0.1920922E+12
   0.148 0.2666475E+04 0.2502793E+12 0.1882076E+12 0.1920340E+12
   0.149 0.2665595E+04 0.2502195E+12 0.1882284E+12 0.1919757E+12
   0.150 0.2665309E+04 0.2501606E+12 0.1882494E+12 0.1919173E+12
   0.151 0.2665649E+04 0.2501027E+12 0.1882706E+12 0.1918589E+12
   0.152 0.2666651E+04 0.2500459E+12 0.1882918E+12 0.1918003E+12
   0.153 0.2668353E+04 0.2499900E+12 0.1883133E+12 0.1917416E+12
   0.154 0.2670797E+04 0.2499351E+12 0.1883348E+12 0.1916828E+12
   0.155 0.2674026E+04 0.2498812E+12 0.1883564E+12 0.1916238E+12
   0.156 0.2678088E+04 0.2498284E+12 0.1883782E+12 0.1915648E+12
   0.157 0.2683033E+04 0.2497765E+12 0.1884000E+12 0.1915055E+12
   0.158 0.2688916E+04 0.2497256E+12 0.1884220E+12 0.1914462E+12
   0.159 0.2695793E+04 0.2496758E+12 0.1884440E+12 0.1913867E+12
   0.160 0.2703728E+04 0.2496269E+12 0.1884661E+12 0.1913271E+12
   0.161 0.2712786E+04 0.2495791E+12 0.1884882E+12 0.1912673E+12
   0.162 0.2723039E+04 0.2495323E+12 0.1885105E+12 0.1912074E+12
   0.163 0.2734561E+04 0.2494864E+12 0.1885328E+12 0.1911474E+12
   0.164 0.2747434E+04 0.2494416E+12 0.1885551E+12 0.1910872E+12
   0.165 0.2761743E+04 0.2493978E+12 0.1885775E+12 0.1910270E+12
   0.166 0.2778044E+04 0.2493178E+12 0.1886246E+12 0.1909918E+12
   0.167 0.2795970E+04 0.2492395E+12 0.1886713E+12 0.1909561E+12
   0.168 0.2815626E+04 0.2491627E+12 0.1887177E+12 0.1909198E+12
   0.169 0.2837123E+04 0.2490875E+12 0.1887637E+12 0.1908831E+12
   0.170 0.2860582E+04 0.2490138E+12 0.1888094E+12 0.1908459E+12
   0.171 0.2886126E+04 0.2489417E+12 0.1888547E+12 0.1908083E+12
   0.172 0.2913892E+04 0.2488711E+12 0.1888997E+12 0.1907702E+12
   0.173 0.2944019E+04 0.2488020E+12 0.1889443E+12 0.1907317E+12
   0.174 0.2976660E+04 0.2487344E+12 0.1889886E+12 0.1906929E+12
   0.175 0.3011973E+04 0.2486683E+12 0.1890326E+12 0.1906537E+12
   0.176 0.3050129E+04 0.2486036E+12 0.1890762E+12 0.1906142E+12
   0.177 0.3091305E+04 0.2485404E+12 0.1891195E+12 0.1905744E+12
   0.178 0.3135692E+04 0.2484786E+12 0.1891624E+12 0.1905342E+12
   0.179 0.3183489E+04 0.2484182E+12 0.1892051E+12 0.1904939E+12
   0.180 0.3234908E+04 0.2483592E+12 0.1892474E+12 0.1904533E+12
   0.181 0.3290173E+04 0.2483016E+12 0.1892895E+12 0.1904125E+12
   0.182 0.3349518E+04 0.2482454E+12 0.1893312E+12 0.1903715E+12
   0.183 0.3413194E+04 0.2481904E+12 0.1893727E+12 0.1903304E+12
   0.184 0.3481461E+04 0.2481368E+12 0.1894139E+12 0.1902891E+12
   0.185 0.3554595E+04 0.2480845E+12 0.1894548E+12 0.1902478E+12
   0.186 0.3632888E+04 0.2480335E+12 0.1894954E+12 0.1902064E+12
   0.187 0.3716643E+04 0.2479837E+12 0.1895358E+12 0.1901649E+12
   0.188 0.3806183E+04 0.2479352E+12 0.1895759E+12 0.1901235E+12
   0.189 0.3901843E+04 0.2478879E+12 0.1896158E+12 0.1900821E+12
   0.190 0.4003979E+04 0.2478418E+12 0.1896554E+12 0.1900407E+12
   0.191 0.4112960E+04 0.2477968E+12 0.1896948E+12 0.1899995E+12
   0.192 0.4229176E+04 0.2477530E+12 0.1897339E+12 0.1899584E+12
   0.193 0.4353034E+04 0.2477104E+12 0.1897728E+12 0.1899174E+12
   0.194 0.4484961E+04 0.2476688E+12 0.1898115E+12 0.1898767E+12
   0.195 0.4625402E+04 0.2476283E+12 0.1898499E+12 0.1898362E+12
   0.196 0.4774826E+04 0.2475889E+12 0.1898881E+12 0.1897960E+12
   0.197 0.4933719E+04 0.2475505E+12 0.1899261E+12 0.1897562E+12
   0.198 0.5102592E+04 0.2475131E+12 0.1899639E+12 0.1897167E+12
   0.199 0.5281978E+04 0.2474767E+12 0.1900016E+12 0.1896776E+12
   0.200 0.5472432E+04 0.2474414E+12 0.1900390E+12 0.1896389E+12
