          %Evm          Svm            E11          E22          E33          E23          E13          E12         SCAU11       SCAU22       SCAU33       SCAU23       SCAU13       SCAU12      TEMP
  0.00000E+00  0.35634E+03    0.00000E+00  0.00000E+00  0.00000E+00  0.00000E+00  0.00000E+00  0.00000E+00    0.00000E+00  0.00000E+00 -0.35631E+03 -0.27509E+01  0.93758E-01 -0.96148E+00
  0.99990E-03  0.35701E+03    0.48861E-03  0.51139E-03 -0.10000E-02  0.00000E+00  0.00000E+00  0.00000E+00    0.00000E+00  0.00000E+00 -0.35698E+03 -0.28226E+01 -0.24466E-01 -0.95085E+00
  0.19998E-02  0.35777E+03    0.97693E-03  0.10231E-02 -0.20000E-02  0.00000E+00  0.00000E+00  0.00000E+00    0.00000E+00  0.00000E+00 -0.35773E+03 -0.28685E+01  0.14328E+00 -0.95233E+00
  0.29997E-02  0.35874E+03    0.14650E-02  0.15350E-02 -0.30000E-02  0.00000E+00  0.00000E+00  0.00000E+00    0.00000E+00  0.00000E+00 -0.35870E+03 -0.29084E+01  0.18725E+00 -0.94902E+00
  0.39996E-02  0.35972E+03    0.19528E-02  0.20472E-02 -0.40000E-02  0.00000E+00  0.00000E+00  0.00000E+00    0.00000E+00  0.00000E+00 -0.35968E+03 -0.29383E+01  0.22325E+00 -0.94725E+00
  0.49995E-02  0.36069E+03    0.24405E-02  0.25595E-02 -0.50000E-02  0.00000E+00  0.00000E+00  0.00000E+00    0.00000E+00  0.00000E+00 -0.36065E+03 -0.29685E+01  0.25799E+00 -0.94599E+00
  0.59994E-02  0.36166E+03    0.29283E-02  0.30717E-02 -0.60000E-02  0.00000E+00  0.00000E+00  0.00000E+00    0.00000E+00  0.00000E+00 -0.36162E+03 -0.29932E+01  0.29210E+00 -0.94301E+00
  0.69992E-02  0.36264E+03    0.34160E-02  0.35840E-02 -0.70000E-02  0.00000E+00  0.00000E+00  0.00000E+00    0.00000E+00  0.00000E+00 -0.36259E+03 -0.30156E+01  0.32900E+00 -0.93831E+00
  0.79991E-02  0.36360E+03    0.39037E-02  0.40963E-02 -0.80000E-02  0.00000E+00  0.00000E+00  0.00000E+00    0.00000E+00  0.00000E+00 -0.36355E+03 -0.30390E+01  0.36334E+00 -0.93697E+00
  0.89990E-02  0.36456E+03    0.43916E-02  0.46084E-02 -0.90000E-02  0.00000E+00  0.00000E+00  0.00000E+00    0.00000E+00  0.00000E+00 -0.36451E+03 -0.30616E+01  0.39946E+00 -0.93286E+00
  0.99989E-02  0.36551E+03    0.48795E-02  0.51205E-02 -0.10000E-01  0.00000E+00  0.00000E+00  0.00000E+00    0.00000E+00  0.00000E+00 -0.36547E+03 -0.30821E+01  0.43742E+00 -0.93589E+00
  0.10999E-01  0.36646E+03    0.53676E-02  0.56324E-02 -0.11000E-01  0.00000E+00  0.00000E+00  0.00000E+00    0.00000E+00  0.00000E+00 -0.36642E+03 -0.30946E+01  0.46976E+00 -0.93514E+00
  0.11999E-01  0.36739E+03    0.58558E-02  0.61442E-02 -0.12000E-01  0.00000E+00  0.00000E+00  0.00000E+00    0.00000E+00  0.00000E+00 -0.36735E+03 -0.31106E+01  0.50431E+00 -0.93507E+00
  0.12999E-01  0.36832E+03    0.63441E-02  0.66559E-02 -0.13000E-01  0.00000E+00  0.00000E+00  0.00000E+00    0.00000E+00  0.00000E+00 -0.36827E+03 -0.31243E+01  0.53859E+00 -0.93509E+00
  0.13998E-01  0.36923E+03    0.68326E-02  0.71674E-02 -0.14000E-01  0.00000E+00  0.00000E+00  0.00000E+00    0.00000E+00  0.00000E+00 -0.36919E+03 -0.31350E+01  0.57274E+00 -0.93616E+00
  0.14998E-01  0.37014E+03    0.73213E-02  0.76787E-02 -0.15000E-01  0.00000E+00  0.00000E+00  0.00000E+00    0.00000E+00  0.00000E+00 -0.37010E+03 -0.31443E+01  0.60749E+00 -0.93752E+00
  0.15998E-01  0.37104E+03    0.78101E-02  0.81899E-02 -0.16000E-01  0.00000E+00  0.00000E+00  0.00000E+00    0.00000E+00  0.00000E+00 -0.37099E+03 -0.31521E+01  0.64062E+00 -0.93942E+00
  0.16998E-01  0.37194E+03    0.82991E-02  0.87009E-02 -0.17000E-01  0.00000E+00  0.00000E+00  0.00000E+00    0.00000E+00  0.00000E+00 -0.37190E+03 -0.31605E+01  0.67811E+00 -0.93892E+00
  0.17998E-01  0.37283E+03    0.87882E-02  0.92118E-02 -0.18000E-01  0.00000E+00  0.00000E+00  0.00000E+00    0.00000E+00  0.00000E+00 -0.37279E+03 -0.31632E+01  0.70668E+00 -0.93967E+00
  0.18998E-01  0.37371E+03    0.92776E-02  0.97224E-02 -0.19000E-01  0.00000E+00  0.00000E+00  0.00000E+00    0.00000E+00  0.00000E+00 -0.37366E+03 -0.31664E+01  0.73998E+00 -0.94438E+00
  0.19998E-01  0.37458E+03    0.97671E-02  0.10233E-01 -0.20000E-01  0.00000E+00  0.00000E+00  0.00000E+00    0.00000E+00  0.00000E+00 -0.37453E+03 -0.31687E+01  0.77139E+00 -0.94786E+00
  0.20998E-01  0.37544E+03    0.10257E-01  0.10743E-01 -0.21000E-01  0.00000E+00  0.00000E+00  0.00000E+00    0.00000E+00  0.00000E+00 -0.37539E+03 -0.31695E+01  0.80225E+00 -0.95210E+00
  0.21997E-01  0.37629E+03    0.10747E-01  0.11253E-01 -0.22000E-01  0.00000E+00  0.00000E+00  0.00000E+00    0.00000E+00  0.00000E+00 -0.37624E+03 -0.31692E+01  0.83231E+00 -0.95679E+00
  0.22997E-01  0.37713E+03    0.11237E-01  0.11763E-01 -0.23000E-01  0.00000E+00  0.00000E+00  0.00000E+00    0.00000E+00  0.00000E+00 -0.37708E+03 -0.31679E+01  0.86148E+00 -0.96197E+00
  0.23997E-01  0.37797E+03    0.11727E-01  0.12273E-01 -0.24000E-01  0.00000E+00  0.00000E+00  0.00000E+00    0.00000E+00  0.00000E+00 -0.37792E+03 -0.31657E+01  0.88963E+00 -0.96757E+00
  0.24997E-01  0.37879E+03    0.12217E-01  0.12783E-01 -0.25000E-01  0.00000E+00  0.00000E+00  0.00000E+00    0.00000E+00  0.00000E+00 -0.37875E+03 -0.31627E+01  0.91686E+00 -0.97368E+00
  0.25997E-01  0.37962E+03    0.12708E-01  0.13292E-01 -0.26000E-01  0.00000E+00  0.00000E+00  0.00000E+00    0.00000E+00  0.00000E+00 -0.37957E+03 -0.31589E+01  0.94316E+00 -0.98025E+00
  0.26997E-01  0.38043E+03    0.13199E-01  0.13801E-01 -0.27000E-01  0.00000E+00  0.00000E+00  0.00000E+00    0.00000E+00  0.00000E+00 -0.38038E+03 -0.31544E+01  0.96852E+00 -0.98800E+00
  0.27997E-01  0.38124E+03    0.13690E-01  0.14310E-01 -0.28000E-01  0.00000E+00  0.00000E+00  0.00000E+00    0.00000E+00  0.00000E+00 -0.38119E+03 -0.31488E+01  0.99293E+00 -0.99483E+00
  0.28997E-01  0.38204E+03    0.14181E-01  0.14819E-01 -0.29000E-01  0.00000E+00  0.00000E+00  0.00000E+00    0.00000E+00  0.00000E+00 -0.38199E+03 -0.31424E+01  0.10159E+01 -0.10021E+01
  0.29996E-01  0.38331E+03    0.14672E-01  0.15328E-01 -0.30000E-01  0.00000E+00  0.00000E+00  0.00000E+00    0.00000E+00  0.00000E+00 -0.38326E+03 -0.31291E+01  0.10790E+01 -0.10139E+01
  0.30996E-01  0.38407E+03    0.15164E-01  0.15836E-01 -0.31000E-01  0.00000E+00  0.00000E+00  0.00000E+00    0.00000E+00  0.00000E+00 -0.38403E+03 -0.31203E+01  0.11074E+01 -0.10259E+01
  0.31996E-01  0.38477E+03    0.15656E-01  0.16344E-01 -0.32000E-01  0.00000E+00  0.00000E+00  0.00000E+00    0.00000E+00  0.00000E+00 -0.38472E+03 -0.31147E+01  0.11076E+01 -0.10307E+01
  0.32996E-01  0.38555E+03    0.16148E-01  0.16852E-01 -0.33000E-01  0.00000E+00  0.00000E+00  0.00000E+00    0.00000E+00  0.00000E+00 -0.38551E+03 -0.31047E+01  0.11265E+01 -0.10402E+01
  0.33996E-01  0.38631E+03    0.16640E-01  0.17360E-01 -0.34000E-01  0.00000E+00  0.00000E+00  0.00000E+00    0.00000E+00  0.00000E+00 -0.38626E+03 -0.30959E+01  0.11412E+01 -0.10488E+01
  0.34996E-01  0.38707E+03    0.17132E-01  0.17868E-01 -0.35000E-01  0.00000E+00  0.00000E+00  0.00000E+00    0.00000E+00  0.00000E+00 -0.38702E+03 -0.30865E+01  0.11556E+01 -0.10574E+01
  0.35996E-01  0.38781E+03    0.17624E-01  0.18376E-01 -0.36000E-01  0.00000E+00  0.00000E+00  0.00000E+00    0.00000E+00  0.00000E+00 -0.38777E+03 -0.30773E+01  0.11683E+01 -0.10660E+01
  0.36996E-01  0.38856E+03    0.18117E-01  0.18883E-01 -0.37000E-01  0.00000E+00  0.00000E+00  0.00000E+00    0.00000E+00  0.00000E+00 -0.38851E+03 -0.30674E+01  0.11809E+01 -0.10746E+01
  0.37995E-01  0.38929E+03    0.18610E-01  0.19390E-01 -0.38000E-01  0.00000E+00  0.00000E+00  0.00000E+00    0.00000E+00  0.00000E+00 -0.38925E+03 -0.30580E+01  0.11921E+01 -0.10831E+01
  0.38995E-01  0.39003E+03    0.19103E-01  0.19897E-01 -0.39000E-01  0.00000E+00  0.00000E+00  0.00000E+00    0.00000E+00  0.00000E+00 -0.38998E+03 -0.30488E+01  0.12027E+01 -0.10916E+01
  0.39995E-01  0.39075E+03    0.19596E-01  0.20404E-01 -0.40000E-01  0.00000E+00  0.00000E+00  0.00000E+00    0.00000E+00  0.00000E+00 -0.39071E+03 -0.30397E+01  0.12131E+01 -0.11001E+01
  0.40995E-01  0.39147E+03    0.20090E-01  0.20910E-01 -0.41000E-01  0.00000E+00  0.00000E+00  0.00000E+00    0.00000E+00  0.00000E+00 -0.39143E+03 -0.30306E+01  0.12235E+01 -0.11084E+01
  0.41995E-01  0.39219E+03    0.20583E-01  0.21417E-01 -0.42000E-01  0.00000E+00  0.00000E+00  0.00000E+00    0.00000E+00  0.00000E+00 -0.39214E+03 -0.30211E+01  0.12332E+01 -0.11167E+01
  0.42995E-01  0.39290E+03    0.21077E-01  0.21923E-01 -0.43000E-01  0.00000E+00  0.00000E+00  0.00000E+00    0.00000E+00  0.00000E+00 -0.39285E+03 -0.30121E+01  0.12427E+01 -0.11249E+01
  0.43995E-01  0.39360E+03    0.21571E-01  0.22429E-01 -0.44000E-01  0.00000E+00  0.00000E+00  0.00000E+00    0.00000E+00  0.00000E+00 -0.39356E+03 -0.30042E+01  0.12524E+01 -0.11330E+01
  0.44995E-01  0.39430E+03    0.22065E-01  0.22935E-01 -0.45000E-01  0.00000E+00  0.00000E+00  0.00000E+00    0.00000E+00  0.00000E+00 -0.39426E+03 -0.29957E+01  0.12616E+01 -0.11410E+01
  0.45995E-01  0.39500E+03    0.22560E-01  0.23440E-01 -0.46000E-01  0.00000E+00  0.00000E+00  0.00000E+00    0.00000E+00  0.00000E+00 -0.39496E+03 -0.29876E+01  0.12707E+01 -0.11489E+01
  0.46994E-01  0.39569E+03    0.23054E-01  0.23946E-01 -0.47000E-01  0.00000E+00  0.00000E+00  0.00000E+00    0.00000E+00  0.00000E+00 -0.39565E+03 -0.29796E+01  0.12798E+01 -0.11568E+01
  0.47994E-01  0.39638E+03    0.23549E-01  0.24451E-01 -0.48000E-01  0.00000E+00  0.00000E+00  0.00000E+00    0.00000E+00  0.00000E+00 -0.39633E+03 -0.29719E+01  0.12888E+01 -0.11645E+01
  0.48994E-01  0.39706E+03    0.24044E-01  0.24956E-01 -0.49000E-01  0.00000E+00  0.00000E+00  0.00000E+00    0.00000E+00  0.00000E+00 -0.39702E+03 -0.29641E+01  0.12981E+01 -0.11721E+01
  0.49994E-01  0.39774E+03    0.24539E-01  0.25461E-01 -0.50000E-01  0.00000E+00  0.00000E+00  0.00000E+00    0.00000E+00  0.00000E+00 -0.39770E+03 -0.29568E+01  0.13072E+01 -0.11797E+01
  0.50994E-01  0.39842E+03    0.25034E-01  0.25966E-01 -0.51000E-01  0.00000E+00  0.00000E+00  0.00000E+00    0.00000E+00  0.00000E+00 -0.39837E+03 -0.29497E+01  0.13166E+01 -0.11870E+01
  0.51994E-01  0.39909E+03    0.25529E-01  0.26471E-01 -0.52000E-01  0.00000E+00  0.00000E+00  0.00000E+00    0.00000E+00  0.00000E+00 -0.39904E+03 -0.29430E+01  0.13259E+01 -0.11942E+01
  0.52994E-01  0.39976E+03    0.26025E-01  0.26975E-01 -0.53000E-01  0.00000E+00  0.00000E+00  0.00000E+00    0.00000E+00  0.00000E+00 -0.39971E+03 -0.29368E+01  0.13352E+01 -0.12013E+01
  0.53994E-01  0.40042E+03    0.26520E-01  0.27480E-01 -0.54000E-01  0.00000E+00  0.00000E+00  0.00000E+00    0.00000E+00  0.00000E+00 -0.40037E+03 -0.29310E+01  0.13447E+01 -0.12083E+01
  0.54994E-01  0.40108E+03    0.27016E-01  0.27984E-01 -0.55000E-01  0.00000E+00  0.00000E+00  0.00000E+00    0.00000E+00  0.00000E+00 -0.40103E+03 -0.29254E+01  0.13539E+01 -0.12152E+01
  0.55993E-01  0.40173E+03    0.27512E-01  0.28488E-01 -0.56000E-01  0.00000E+00  0.00000E+00  0.00000E+00    0.00000E+00  0.00000E+00 -0.40169E+03 -0.29201E+01  0.13632E+01 -0.12219E+01
  0.56993E-01  0.40239E+03    0.28008E-01  0.28992E-01 -0.57000E-01  0.00000E+00  0.00000E+00  0.00000E+00    0.00000E+00  0.00000E+00 -0.40234E+03 -0.29152E+01  0.13725E+01 -0.12284E+01
  0.57993E-01  0.40304E+03    0.28504E-01  0.29496E-01 -0.58000E-01  0.00000E+00  0.00000E+00  0.00000E+00    0.00000E+00  0.00000E+00 -0.40299E+03 -0.29106E+01  0.13815E+01 -0.12347E+01
  0.58993E-01  0.40368E+03    0.29000E-01  0.30000E-01 -0.59000E-01  0.00000E+00  0.00000E+00  0.00000E+00    0.00000E+00  0.00000E+00 -0.40364E+03 -0.29063E+01  0.13909E+01 -0.12410E+01
  0.59993E-01  0.40432E+03    0.29497E-01  0.30503E-01 -0.60000E-01  0.00000E+00  0.00000E+00  0.00000E+00    0.00000E+00  0.00000E+00 -0.40428E+03 -0.29020E+01  0.14001E+01 -0.12470E+01
  0.60993E-01  0.40496E+03    0.29993E-01  0.31007E-01 -0.61000E-01  0.00000E+00  0.00000E+00  0.00000E+00    0.00000E+00  0.00000E+00 -0.40492E+03 -0.28974E+01  0.14096E+01 -0.12527E+01
  0.61993E-01  0.40560E+03    0.30489E-01  0.31511E-01 -0.62000E-01  0.00000E+00  0.00000E+00  0.00000E+00    0.00000E+00  0.00000E+00 -0.40556E+03 -0.28932E+01  0.14187E+01 -0.12584E+01
  0.62993E-01  0.40623E+03    0.30986E-01  0.32014E-01 -0.63000E-01  0.00000E+00  0.00000E+00  0.00000E+00    0.00000E+00  0.00000E+00 -0.40619E+03 -0.28883E+01  0.14271E+01 -0.12641E+01
  0.63993E-01  0.40686E+03    0.31483E-01  0.32517E-01 -0.64000E-01  0.00000E+00  0.00000E+00  0.00000E+00    0.00000E+00  0.00000E+00 -0.40682E+03 -0.28839E+01  0.14356E+01 -0.12696E+01
  0.64992E-01  0.40749E+03    0.31979E-01  0.33021E-01 -0.65000E-01  0.00000E+00  0.00000E+00  0.00000E+00    0.00000E+00  0.00000E+00 -0.40744E+03 -0.28798E+01  0.14440E+01 -0.12750E+01
  0.65992E-01  0.40811E+03    0.32476E-01  0.33524E-01 -0.66000E-01  0.00000E+00  0.00000E+00  0.00000E+00    0.00000E+00  0.00000E+00 -0.40807E+03 -0.28756E+01  0.14522E+01 -0.12803E+01
  0.66992E-01  0.40873E+03    0.32973E-01  0.34027E-01 -0.67000E-01  0.00000E+00  0.00000E+00  0.00000E+00    0.00000E+00  0.00000E+00 -0.40869E+03 -0.28716E+01  0.14601E+01 -0.12855E+01
  0.67992E-01  0.40935E+03    0.33470E-01  0.34530E-01 -0.68000E-01  0.00000E+00  0.00000E+00  0.00000E+00    0.00000E+00  0.00000E+00 -0.40931E+03 -0.28676E+01  0.14678E+01 -0.12905E+01
  0.68992E-01  0.40996E+03    0.33966E-01  0.35034E-01 -0.69000E-01  0.00000E+00  0.00000E+00  0.00000E+00    0.00000E+00  0.00000E+00 -0.40992E+03 -0.28637E+01  0.14751E+01 -0.12955E+01
  0.69992E-01  0.41058E+03    0.34463E-01  0.35537E-01 -0.70000E-01  0.00000E+00  0.00000E+00  0.00000E+00    0.00000E+00  0.00000E+00 -0.41053E+03 -0.28599E+01  0.14822E+01 -0.13005E+01
  0.70992E-01  0.41118E+03    0.34960E-01  0.36040E-01 -0.71000E-01  0.00000E+00  0.00000E+00  0.00000E+00    0.00000E+00  0.00000E+00 -0.41114E+03 -0.28561E+01  0.14889E+01 -0.13053E+01
  0.71992E-01  0.41179E+03    0.35457E-01  0.36543E-01 -0.72000E-01  0.00000E+00  0.00000E+00  0.00000E+00    0.00000E+00  0.00000E+00 -0.41175E+03 -0.28524E+01  0.14953E+01 -0.13100E+01
  0.72992E-01  0.41239E+03    0.35954E-01  0.37046E-01 -0.73000E-01  0.00000E+00  0.00000E+00  0.00000E+00    0.00000E+00  0.00000E+00 -0.41235E+03 -0.28487E+01  0.15014E+01 -0.13146E+01
  0.73991E-01  0.41299E+03    0.36451E-01  0.37549E-01 -0.74000E-01  0.00000E+00  0.00000E+00  0.00000E+00    0.00000E+00  0.00000E+00 -0.41295E+03 -0.28450E+01  0.15071E+01 -0.13191E+01
  0.74991E-01  0.41359E+03    0.36948E-01  0.38052E-01 -0.75000E-01  0.00000E+00  0.00000E+00  0.00000E+00    0.00000E+00  0.00000E+00 -0.41355E+03 -0.28413E+01  0.15125E+01 -0.13236E+01
  0.75991E-01  0.41419E+03    0.37444E-01  0.38556E-01 -0.76000E-01  0.00000E+00  0.00000E+00  0.00000E+00    0.00000E+00  0.00000E+00 -0.41414E+03 -0.28377E+01  0.15176E+01 -0.13279E+01
  0.76991E-01  0.41478E+03    0.37941E-01  0.39059E-01 -0.77000E-01  0.00000E+00  0.00000E+00  0.00000E+00    0.00000E+00  0.00000E+00 -0.41473E+03 -0.28345E+01  0.15232E+01 -0.13322E+01
  0.77991E-01  0.41537E+03    0.38438E-01  0.39562E-01 -0.78000E-01  0.00000E+00  0.00000E+00  0.00000E+00    0.00000E+00  0.00000E+00 -0.41532E+03 -0.28309E+01  0.15279E+01 -0.13364E+01
  0.78991E-01  0.41595E+03    0.38935E-01  0.40065E-01 -0.79000E-01  0.00000E+00  0.00000E+00  0.00000E+00    0.00000E+00  0.00000E+00 -0.41591E+03 -0.28274E+01  0.15323E+01 -0.13405E+01
  0.79991E-01  0.41654E+03    0.39431E-01  0.40569E-01 -0.80000E-01  0.00000E+00  0.00000E+00  0.00000E+00    0.00000E+00  0.00000E+00 -0.41650E+03 -0.28239E+01  0.15364E+01 -0.13445E+01
  0.80991E-01  0.41712E+03    0.39928E-01  0.41072E-01 -0.81000E-01  0.00000E+00  0.00000E+00  0.00000E+00    0.00000E+00  0.00000E+00 -0.41708E+03 -0.28204E+01  0.15402E+01 -0.13484E+01
  0.81991E-01  0.41770E+03    0.40425E-01  0.41575E-01 -0.82000E-01  0.00000E+00  0.00000E+00  0.00000E+00    0.00000E+00  0.00000E+00 -0.41766E+03 -0.28168E+01  0.15436E+01 -0.13523E+01
  0.82991E-01  0.41828E+03    0.40921E-01  0.42079E-01 -0.83000E-01  0.00000E+00  0.00000E+00  0.00000E+00    0.00000E+00  0.00000E+00 -0.41824E+03 -0.28132E+01  0.15468E+01 -0.13560E+01
  0.83990E-01  0.41885E+03    0.41418E-01  0.42582E-01 -0.84000E-01  0.00000E+00  0.00000E+00  0.00000E+00    0.00000E+00  0.00000E+00 -0.41881E+03 -0.28096E+01  0.15496E+01 -0.13597E+01
  0.84990E-01  0.41943E+03    0.41914E-01  0.43086E-01 -0.85000E-01  0.00000E+00  0.00000E+00  0.00000E+00    0.00000E+00  0.00000E+00 -0.41938E+03 -0.28060E+01  0.15522E+01 -0.13634E+01
  0.85990E-01  0.42000E+03    0.42411E-01  0.43589E-01 -0.86000E-01  0.00000E+00  0.00000E+00  0.00000E+00    0.00000E+00  0.00000E+00 -0.41995E+03 -0.28023E+01  0.15545E+01 -0.13669E+01
  0.86990E-01  0.42057E+03    0.42907E-01  0.44093E-01 -0.87000E-01  0.00000E+00  0.00000E+00  0.00000E+00    0.00000E+00  0.00000E+00 -0.42052E+03 -0.27987E+01  0.15565E+01 -0.13705E+01
  0.87990E-01  0.42113E+03    0.43403E-01  0.44597E-01 -0.88000E-01  0.00000E+00  0.00000E+00  0.00000E+00    0.00000E+00  0.00000E+00 -0.42109E+03 -0.27950E+01  0.15582E+01 -0.13740E+01
  0.88990E-01  0.42170E+03    0.43899E-01  0.45101E-01 -0.89000E-01  0.00000E+00  0.00000E+00  0.00000E+00    0.00000E+00  0.00000E+00 -0.42165E+03 -0.27913E+01  0.15597E+01 -0.13775E+01
  0.89990E-01  0.42226E+03    0.44395E-01  0.45605E-01 -0.90000E-01  0.00000E+00  0.00000E+00  0.00000E+00    0.00000E+00  0.00000E+00 -0.42222E+03 -0.27876E+01  0.15609E+01 -0.13809E+01
  0.90990E-01  0.42282E+03    0.44891E-01  0.46109E-01 -0.91000E-01  0.00000E+00  0.00000E+00  0.00000E+00    0.00000E+00  0.00000E+00 -0.42278E+03 -0.27838E+01  0.15619E+01 -0.13842E+01
  0.91990E-01  0.42338E+03    0.45387E-01  0.46613E-01 -0.92000E-01  0.00000E+00  0.00000E+00  0.00000E+00    0.00000E+00  0.00000E+00 -0.42334E+03 -0.27801E+01  0.15627E+01 -0.13875E+01
  0.92989E-01  0.42393E+03    0.45883E-01  0.47117E-01 -0.93000E-01  0.00000E+00  0.00000E+00  0.00000E+00    0.00000E+00  0.00000E+00 -0.42389E+03 -0.27765E+01  0.15634E+01 -0.13907E+01
  0.93989E-01  0.42449E+03    0.46378E-01  0.47622E-01 -0.94000E-01  0.00000E+00  0.00000E+00  0.00000E+00    0.00000E+00  0.00000E+00 -0.42445E+03 -0.27728E+01  0.15638E+01 -0.13939E+01
  0.94989E-01  0.42504E+03    0.46874E-01  0.48126E-01 -0.95000E-01  0.00000E+00  0.00000E+00  0.00000E+00    0.00000E+00  0.00000E+00 -0.42500E+03 -0.27691E+01  0.15640E+01 -0.13971E+01
  0.95989E-01  0.42559E+03    0.47369E-01  0.48631E-01 -0.96000E-01  0.00000E+00  0.00000E+00  0.00000E+00    0.00000E+00  0.00000E+00 -0.42555E+03 -0.27654E+01  0.15640E+01 -0.14002E+01
  0.96989E-01  0.42614E+03    0.47865E-01  0.49135E-01 -0.97000E-01  0.00000E+00  0.00000E+00  0.00000E+00    0.00000E+00  0.00000E+00 -0.42610E+03 -0.27617E+01  0.15639E+01 -0.14033E+01
  0.97989E-01  0.42669E+03    0.48360E-01  0.49640E-01 -0.98000E-01  0.00000E+00  0.00000E+00  0.00000E+00    0.00000E+00  0.00000E+00 -0.42665E+03 -0.27580E+01  0.15636E+01 -0.14063E+01
  0.98989E-01  0.42723E+03    0.48855E-01  0.50145E-01 -0.99000E-01  0.00000E+00  0.00000E+00  0.00000E+00    0.00000E+00  0.00000E+00 -0.42719E+03 -0.27542E+01  0.15631E+01 -0.14093E+01
  0.99989E-01  0.42778E+03    0.49350E-01  0.50650E-01 -0.10000E+00  0.00000E+00  0.00000E+00  0.00000E+00    0.00000E+00  0.00000E+00 -0.42773E+03 -0.27505E+01  0.15625E+01 -0.14123E+01
  0.10099E+00  0.42832E+03    0.49845E-01  0.51155E-01 -0.10100E+00  0.00000E+00  0.00000E+00  0.00000E+00    0.00000E+00  0.00000E+00 -0.42828E+03 -0.27468E+01  0.15617E+01 -0.14152E+01
  0.10199E+00  0.42886E+03    0.50340E-01  0.51660E-01 -0.10200E+00  0.00000E+00  0.00000E+00  0.00000E+00    0.00000E+00  0.00000E+00 -0.42882E+03 -0.27430E+01  0.15608E+01 -0.14181E+01
  0.10299E+00  0.42940E+03    0.50835E-01  0.52165E-01 -0.10300E+00  0.00000E+00  0.00000E+00  0.00000E+00    0.00000E+00  0.00000E+00 -0.42935E+03 -0.27393E+01  0.15596E+01 -0.14209E+01
  0.10399E+00  0.42993E+03    0.51330E-01  0.52670E-01 -0.10400E+00  0.00000E+00  0.00000E+00  0.00000E+00    0.00000E+00  0.00000E+00 -0.42989E+03 -0.27356E+01  0.15584E+01 -0.14237E+01
  0.10499E+00  0.43047E+03    0.51824E-01  0.53176E-01 -0.10500E+00  0.00000E+00  0.00000E+00  0.00000E+00    0.00000E+00  0.00000E+00 -0.43042E+03 -0.27319E+01  0.15570E+01 -0.14265E+01
  0.10599E+00  0.43100E+03    0.52319E-01  0.53681E-01 -0.10600E+00  0.00000E+00  0.00000E+00  0.00000E+00    0.00000E+00  0.00000E+00 -0.43096E+03 -0.27282E+01  0.15555E+01 -0.14292E+01
  0.10699E+00  0.43153E+03    0.52813E-01  0.54187E-01 -0.10700E+00  0.00000E+00  0.00000E+00  0.00000E+00    0.00000E+00  0.00000E+00 -0.43149E+03 -0.27246E+01  0.15538E+01 -0.14319E+01
  0.10799E+00  0.43206E+03    0.53307E-01  0.54693E-01 -0.10800E+00  0.00000E+00  0.00000E+00  0.00000E+00    0.00000E+00  0.00000E+00 -0.43202E+03 -0.27210E+01  0.15519E+01 -0.14346E+01
  0.10899E+00  0.43258E+03    0.53802E-01  0.55198E-01 -0.10900E+00  0.00000E+00  0.00000E+00  0.00000E+00    0.00000E+00  0.00000E+00 -0.43254E+03 -0.27174E+01  0.15499E+01 -0.14373E+01
  0.10999E+00  0.43311E+03    0.54296E-01  0.55704E-01 -0.11000E+00  0.00000E+00  0.00000E+00  0.00000E+00    0.00000E+00  0.00000E+00 -0.43307E+03 -0.27139E+01  0.15477E+01 -0.14399E+01
  0.11099E+00  0.43363E+03    0.54790E-01  0.56210E-01 -0.11100E+00  0.00000E+00  0.00000E+00  0.00000E+00    0.00000E+00  0.00000E+00 -0.43359E+03 -0.27105E+01  0.15454E+01 -0.14426E+01
  0.11199E+00  0.43415E+03    0.55284E-01  0.56716E-01 -0.11200E+00  0.00000E+00  0.00000E+00  0.00000E+00    0.00000E+00  0.00000E+00 -0.43411E+03 -0.27071E+01  0.15430E+01 -0.14452E+01
  0.11299E+00  0.43467E+03    0.55777E-01  0.57223E-01 -0.11300E+00  0.00000E+00  0.00000E+00  0.00000E+00    0.00000E+00  0.00000E+00 -0.43463E+03 -0.27039E+01  0.15404E+01 -0.14478E+01
  0.11399E+00  0.43519E+03    0.56271E-01  0.57729E-01 -0.11400E+00  0.00000E+00  0.00000E+00  0.00000E+00    0.00000E+00  0.00000E+00 -0.43515E+03 -0.27007E+01  0.15377E+01 -0.14505E+01
  0.11499E+00  0.43571E+03    0.56765E-01  0.58235E-01 -0.11500E+00  0.00000E+00  0.00000E+00  0.00000E+00    0.00000E+00  0.00000E+00 -0.43567E+03 -0.26976E+01  0.15349E+01 -0.14531E+01
  0.11599E+00  0.43622E+03    0.57258E-01  0.58742E-01 -0.11600E+00  0.00000E+00  0.00000E+00  0.00000E+00    0.00000E+00  0.00000E+00 -0.43618E+03 -0.26947E+01  0.15319E+01 -0.14558E+01
  0.11699E+00  0.43673E+03    0.57752E-01  0.59248E-01 -0.11700E+00  0.00000E+00  0.00000E+00  0.00000E+00    0.00000E+00  0.00000E+00 -0.43669E+03 -0.26919E+01  0.15289E+01 -0.14585E+01
  0.11799E+00  0.43724E+03    0.58245E-01  0.59755E-01 -0.11800E+00  0.00000E+00  0.00000E+00  0.00000E+00    0.00000E+00  0.00000E+00 -0.43720E+03 -0.26892E+01  0.15258E+01 -0.14612E+01
  0.11899E+00  0.43775E+03    0.58739E-01  0.60261E-01 -0.11900E+00  0.00000E+00  0.00000E+00  0.00000E+00    0.00000E+00  0.00000E+00 -0.43771E+03 -0.26866E+01  0.15226E+01 -0.14640E+01
  0.11999E+00  0.43826E+03    0.59232E-01  0.60768E-01 -0.12000E+00  0.00000E+00  0.00000E+00  0.00000E+00    0.00000E+00  0.00000E+00 -0.43822E+03 -0.26841E+01  0.15193E+01 -0.14668E+01
  0.12099E+00  0.43877E+03    0.59725E-01  0.61275E-01 -0.12100E+00  0.00000E+00  0.00000E+00  0.00000E+00    0.00000E+00  0.00000E+00 -0.43873E+03 -0.26819E+01  0.15159E+01 -0.14696E+01
  0.12199E+00  0.43927E+03    0.60218E-01  0.61782E-01 -0.12200E+00  0.00000E+00  0.00000E+00  0.00000E+00    0.00000E+00  0.00000E+00 -0.43923E+03 -0.26797E+01  0.15125E+01 -0.14725E+01
  0.12299E+00  0.43977E+03    0.60711E-01  0.62289E-01 -0.12300E+00  0.00000E+00  0.00000E+00  0.00000E+00    0.00000E+00  0.00000E+00 -0.43973E+03 -0.26778E+01  0.15091E+01 -0.14754E+01
  0.12399E+00  0.44027E+03    0.61204E-01  0.62796E-01 -0.12400E+00  0.00000E+00  0.00000E+00  0.00000E+00    0.00000E+00  0.00000E+00 -0.44023E+03 -0.26759E+01  0.15056E+01 -0.14783E+01
  0.12499E+00  0.44077E+03    0.61697E-01  0.63303E-01 -0.12500E+00  0.00000E+00  0.00000E+00  0.00000E+00    0.00000E+00  0.00000E+00 -0.44073E+03 -0.26743E+01  0.15021E+01 -0.14813E+01
  0.12599E+00  0.44127E+03    0.62190E-01  0.63810E-01 -0.12600E+00  0.00000E+00  0.00000E+00  0.00000E+00    0.00000E+00  0.00000E+00 -0.44123E+03 -0.26727E+01  0.14985E+01 -0.14843E+01
  0.12699E+00  0.44176E+03    0.62683E-01  0.64317E-01 -0.12700E+00  0.00000E+00  0.00000E+00  0.00000E+00    0.00000E+00  0.00000E+00 -0.44172E+03 -0.26714E+01  0.14949E+01 -0.14873E+01
  0.12799E+00  0.44226E+03    0.63176E-01  0.64824E-01 -0.12800E+00  0.00000E+00  0.00000E+00  0.00000E+00    0.00000E+00  0.00000E+00 -0.44222E+03 -0.26701E+01  0.14913E+01 -0.14904E+01
  0.12899E+00  0.44275E+03    0.63669E-01  0.65331E-01 -0.12900E+00  0.00000E+00  0.00000E+00  0.00000E+00    0.00000E+00  0.00000E+00 -0.44271E+03 -0.26690E+01  0.14877E+01 -0.14935E+01
  0.12999E+00  0.44324E+03    0.64161E-01  0.65839E-01 -0.13000E+00  0.00000E+00  0.00000E+00  0.00000E+00    0.00000E+00  0.00000E+00 -0.44320E+03 -0.26681E+01  0.14841E+01 -0.14966E+01
  0.13099E+00  0.44373E+03    0.64654E-01  0.66346E-01 -0.13100E+00  0.00000E+00  0.00000E+00  0.00000E+00    0.00000E+00  0.00000E+00 -0.44369E+03 -0.26672E+01  0.14804E+01 -0.14998E+01
  0.13199E+00  0.44422E+03    0.65147E-01  0.66853E-01 -0.13200E+00  0.00000E+00  0.00000E+00  0.00000E+00    0.00000E+00  0.00000E+00 -0.44418E+03 -0.26665E+01  0.14766E+01 -0.15030E+01
  0.13299E+00  0.44470E+03    0.65639E-01  0.67361E-01 -0.13300E+00  0.00000E+00  0.00000E+00  0.00000E+00    0.00000E+00  0.00000E+00 -0.44466E+03 -0.26658E+01  0.14729E+01 -0.15062E+01
  0.13399E+00  0.44519E+03    0.66132E-01  0.67868E-01 -0.13400E+00  0.00000E+00  0.00000E+00  0.00000E+00    0.00000E+00  0.00000E+00 -0.44515E+03 -0.26653E+01  0.14691E+01 -0.15094E+01
  0.13499E+00  0.44567E+03    0.66624E-01  0.68376E-01 -0.13500E+00  0.00000E+00  0.00000E+00  0.00000E+00    0.00000E+00  0.00000E+00 -0.44563E+03 -0.26648E+01  0.14652E+01 -0.15126E+01
  0.13599E+00  0.44615E+03    0.67117E-01  0.68883E-01 -0.13600E+00  0.00000E+00  0.00000E+00  0.00000E+00    0.00000E+00  0.00000E+00 -0.44611E+03 -0.26644E+01  0.14613E+01 -0.15159E+01
  0.13699E+00  0.44663E+03    0.67609E-01  0.69391E-01 -0.13700E+00  0.00000E+00  0.00000E+00  0.00000E+00    0.00000E+00  0.00000E+00 -0.44659E+03 -0.26640E+01  0.14574E+01 -0.15192E+01
  0.13799E+00  0.44711E+03    0.68101E-01  0.69899E-01 -0.13800E+00  0.00000E+00  0.00000E+00  0.00000E+00    0.00000E+00  0.00000E+00 -0.44707E+03 -0.26637E+01  0.14533E+01 -0.15225E+01
  0.13899E+00  0.44759E+03    0.68594E-01  0.70406E-01 -0.13900E+00  0.00000E+00  0.00000E+00  0.00000E+00    0.00000E+00  0.00000E+00 -0.44755E+03 -0.26634E+01  0.14492E+01 -0.15257E+01
  0.13999E+00  0.44806E+03    0.69086E-01  0.70914E-01 -0.14000E+00  0.00000E+00  0.00000E+00  0.00000E+00    0.00000E+00  0.00000E+00 -0.44803E+03 -0.26632E+01  0.14451E+01 -0.15290E+01
  0.14099E+00  0.44854E+03    0.69578E-01  0.71422E-01 -0.14100E+00  0.00000E+00  0.00000E+00  0.00000E+00    0.00000E+00  0.00000E+00 -0.44850E+03 -0.26630E+01  0.14409E+01 -0.15323E+01
  0.14198E+00  0.44901E+03    0.70071E-01  0.71929E-01 -0.14200E+00  0.00000E+00  0.00000E+00  0.00000E+00    0.00000E+00  0.00000E+00 -0.44897E+03 -0.26628E+01  0.14366E+01 -0.15356E+01
  0.14298E+00  0.44948E+03    0.70563E-01  0.72437E-01 -0.14300E+00  0.00000E+00  0.00000E+00  0.00000E+00    0.00000E+00  0.00000E+00 -0.44945E+03 -0.26626E+01  0.14322E+01 -0.15389E+01
  0.14398E+00  0.44995E+03    0.71055E-01  0.72945E-01 -0.14400E+00  0.00000E+00  0.00000E+00  0.00000E+00    0.00000E+00  0.00000E+00 -0.44992E+03 -0.26625E+01  0.14277E+01 -0.15421E+01
  0.14498E+00  0.45042E+03    0.71547E-01  0.73453E-01 -0.14500E+00  0.00000E+00  0.00000E+00  0.00000E+00    0.00000E+00  0.00000E+00 -0.45039E+03 -0.26623E+01  0.14231E+01 -0.15454E+01
  0.14598E+00  0.45089E+03    0.72039E-01  0.73961E-01 -0.14600E+00  0.00000E+00  0.00000E+00  0.00000E+00    0.00000E+00  0.00000E+00 -0.45085E+03 -0.26622E+01  0.14185E+01 -0.15486E+01
  0.14698E+00  0.45136E+03    0.72531E-01  0.74469E-01 -0.14700E+00  0.00000E+00  0.00000E+00  0.00000E+00    0.00000E+00  0.00000E+00 -0.45132E+03 -0.26620E+01  0.14137E+01 -0.15518E+01
  0.14798E+00  0.45182E+03    0.73024E-01  0.74976E-01 -0.14800E+00  0.00000E+00  0.00000E+00  0.00000E+00    0.00000E+00  0.00000E+00 -0.45179E+03 -0.26619E+01  0.14088E+01 -0.15550E+01
  0.14898E+00  0.45229E+03    0.73516E-01  0.75484E-01 -0.14900E+00  0.00000E+00  0.00000E+00  0.00000E+00    0.00000E+00  0.00000E+00 -0.45225E+03 -0.26617E+01  0.14039E+01 -0.15582E+01
  0.14998E+00  0.45275E+03    0.74008E-01  0.75992E-01 -0.15000E+00  0.00000E+00  0.00000E+00  0.00000E+00    0.00000E+00  0.00000E+00 -0.45271E+03 -0.26616E+01  0.13988E+01 -0.15614E+01
  0.15098E+00  0.45321E+03    0.74500E-01  0.76500E-01 -0.15100E+00  0.00000E+00  0.00000E+00  0.00000E+00    0.00000E+00  0.00000E+00 -0.45317E+03 -0.26615E+01  0.13935E+01 -0.15645E+01
  0.15198E+00  0.45367E+03    0.74992E-01  0.77008E-01 -0.15200E+00  0.00000E+00  0.00000E+00  0.00000E+00    0.00000E+00  0.00000E+00 -0.45363E+03 -0.26613E+01  0.13882E+01 -0.15676E+01
  0.15298E+00  0.45413E+03    0.75484E-01  0.77516E-01 -0.15300E+00  0.00000E+00  0.00000E+00  0.00000E+00    0.00000E+00  0.00000E+00 -0.45409E+03 -0.26612E+01  0.13827E+01 -0.15706E+01
  0.15398E+00  0.45459E+03    0.75976E-01  0.78024E-01 -0.15400E+00  0.00000E+00  0.00000E+00  0.00000E+00    0.00000E+00  0.00000E+00 -0.45455E+03 -0.26611E+01  0.13771E+01 -0.15737E+01
  0.15498E+00  0.45504E+03    0.76468E-01  0.78532E-01 -0.15500E+00  0.00000E+00  0.00000E+00  0.00000E+00    0.00000E+00  0.00000E+00 -0.45501E+03 -0.26610E+01  0.13714E+01 -0.15767E+01
  0.15598E+00  0.45550E+03    0.76960E-01  0.79040E-01 -0.15600E+00  0.00000E+00  0.00000E+00  0.00000E+00    0.00000E+00  0.00000E+00 -0.45546E+03 -0.26609E+01  0.13655E+01 -0.15796E+01
  0.15698E+00  0.45595E+03    0.77452E-01  0.79548E-01 -0.15700E+00  0.00000E+00  0.00000E+00  0.00000E+00    0.00000E+00  0.00000E+00 -0.45592E+03 -0.26609E+01  0.13595E+01 -0.15825E+01
  0.15798E+00  0.45641E+03    0.77944E-01  0.80056E-01 -0.15800E+00  0.00000E+00  0.00000E+00  0.00000E+00    0.00000E+00  0.00000E+00 -0.45637E+03 -0.26609E+01  0.13534E+01 -0.15854E+01
  0.15898E+00  0.45686E+03    0.78436E-01  0.80564E-01 -0.15900E+00  0.00000E+00  0.00000E+00  0.00000E+00    0.00000E+00  0.00000E+00 -0.45682E+03 -0.26610E+01  0.13472E+01 -0.15882E+01
  0.15998E+00  0.45731E+03    0.78927E-01  0.81073E-01 -0.16000E+00  0.00000E+00  0.00000E+00  0.00000E+00    0.00000E+00  0.00000E+00 -0.45727E+03 -0.26610E+01  0.13408E+01 -0.15910E+01
  0.16098E+00  0.45776E+03    0.79419E-01  0.81581E-01 -0.16100E+00  0.00000E+00  0.00000E+00  0.00000E+00    0.00000E+00  0.00000E+00 -0.45772E+03 -0.26612E+01  0.13343E+01 -0.15938E+01
  0.16198E+00  0.45821E+03    0.79911E-01  0.82089E-01 -0.16200E+00  0.00000E+00  0.00000E+00  0.00000E+00    0.00000E+00  0.00000E+00 -0.45817E+03 -0.26614E+01  0.13277E+01 -0.15965E+01
  0.16298E+00  0.45865E+03    0.80403E-01  0.82597E-01 -0.16300E+00  0.00000E+00  0.00000E+00  0.00000E+00    0.00000E+00  0.00000E+00 -0.45862E+03 -0.26616E+01  0.13210E+01 -0.15991E+01
  0.16398E+00  0.45910E+03    0.80895E-01  0.83105E-01 -0.16400E+00  0.00000E+00  0.00000E+00  0.00000E+00    0.00000E+00  0.00000E+00 -0.45906E+03 -0.26619E+01  0.13141E+01 -0.16017E+01
  0.16498E+00  0.45956E+03    0.81387E-01  0.83613E-01 -0.16500E+00  0.00000E+00  0.00000E+00  0.00000E+00    0.00000E+00  0.00000E+00 -0.45952E+03 -0.26618E+01  0.13095E+01 -0.16220E+01
  0.16598E+00  0.46000E+03    0.81878E-01  0.84122E-01 -0.16600E+00  0.00000E+00  0.00000E+00  0.00000E+00    0.00000E+00  0.00000E+00 -0.45996E+03 -0.26625E+01  0.13007E+01 -0.16148E+01
  0.16698E+00  0.46044E+03    0.82370E-01  0.84630E-01 -0.16700E+00  0.00000E+00  0.00000E+00  0.00000E+00    0.00000E+00  0.00000E+00 -0.46040E+03 -0.26629E+01  0.12939E+01 -0.16185E+01
  0.16798E+00  0.46088E+03    0.82862E-01  0.85138E-01 -0.16800E+00  0.00000E+00  0.00000E+00  0.00000E+00    0.00000E+00  0.00000E+00 -0.46085E+03 -0.26634E+01  0.12867E+01 -0.16208E+01
  0.16898E+00  0.46132E+03    0.83353E-01  0.85647E-01 -0.16900E+00  0.00000E+00  0.00000E+00  0.00000E+00    0.00000E+00  0.00000E+00 -0.46129E+03 -0.26639E+01  0.12796E+01 -0.16233E+01
  0.16998E+00  0.46176E+03    0.83845E-01  0.86155E-01 -0.17000E+00  0.00000E+00  0.00000E+00  0.00000E+00    0.00000E+00  0.00000E+00 -0.46173E+03 -0.26645E+01  0.12723E+01 -0.16257E+01
  0.17098E+00  0.46220E+03    0.84336E-01  0.86664E-01 -0.17100E+00  0.00000E+00  0.00000E+00  0.00000E+00    0.00000E+00  0.00000E+00 -0.46216E+03 -0.26652E+01  0.12650E+01 -0.16280E+01
  0.17198E+00  0.46264E+03    0.84828E-01  0.87172E-01 -0.17200E+00  0.00000E+00  0.00000E+00  0.00000E+00    0.00000E+00  0.00000E+00 -0.46260E+03 -0.26659E+01  0.12576E+01 -0.16303E+01
  0.17298E+00  0.46308E+03    0.85319E-01  0.87681E-01 -0.17300E+00  0.00000E+00  0.00000E+00  0.00000E+00    0.00000E+00  0.00000E+00 -0.46304E+03 -0.26667E+01  0.12502E+01 -0.16326E+01
  0.17398E+00  0.46351E+03    0.85811E-01  0.88189E-01 -0.17400E+00  0.00000E+00  0.00000E+00  0.00000E+00    0.00000E+00  0.00000E+00 -0.46347E+03 -0.26676E+01  0.12427E+01 -0.16348E+01
  0.17498E+00  0.46395E+03    0.86302E-01  0.88698E-01 -0.17500E+00  0.00000E+00  0.00000E+00  0.00000E+00    0.00000E+00  0.00000E+00 -0.46391E+03 -0.26685E+01  0.12352E+01 -0.16369E+01
  0.17598E+00  0.46438E+03    0.86794E-01  0.89206E-01 -0.17600E+00  0.00000E+00  0.00000E+00  0.00000E+00    0.00000E+00  0.00000E+00 -0.46434E+03 -0.26694E+01  0.12276E+01 -0.16390E+01
  0.17698E+00  0.46481E+03    0.87285E-01  0.89715E-01 -0.17700E+00  0.00000E+00  0.00000E+00  0.00000E+00    0.00000E+00  0.00000E+00 -0.46477E+03 -0.26705E+01  0.12200E+01 -0.16411E+01
  0.17798E+00  0.46524E+03    0.87776E-01  0.90224E-01 -0.17800E+00  0.00000E+00  0.00000E+00  0.00000E+00    0.00000E+00  0.00000E+00 -0.46521E+03 -0.26716E+01  0.12123E+01 -0.16431E+01
  0.17898E+00  0.46567E+03    0.88268E-01  0.90732E-01 -0.17900E+00  0.00000E+00  0.00000E+00  0.00000E+00    0.00000E+00  0.00000E+00 -0.46564E+03 -0.26727E+01  0.12046E+01 -0.16451E+01
  0.17998E+00  0.46610E+03    0.88759E-01  0.91241E-01 -0.18000E+00  0.00000E+00  0.00000E+00  0.00000E+00    0.00000E+00  0.00000E+00 -0.46607E+03 -0.26739E+01  0.11969E+01 -0.16470E+01
  0.18098E+00  0.46653E+03    0.89250E-01  0.91750E-01 -0.18100E+00  0.00000E+00  0.00000E+00  0.00000E+00    0.00000E+00  0.00000E+00 -0.46649E+03 -0.26752E+01  0.11891E+01 -0.16489E+01
  0.18198E+00  0.46696E+03    0.89742E-01  0.92258E-01 -0.18200E+00  0.00000E+00  0.00000E+00  0.00000E+00    0.00000E+00  0.00000E+00 -0.46692E+03 -0.26765E+01  0.11813E+01 -0.16508E+01
  0.18298E+00  0.46739E+03    0.90233E-01  0.92767E-01 -0.18300E+00  0.00000E+00  0.00000E+00  0.00000E+00    0.00000E+00  0.00000E+00 -0.46735E+03 -0.26778E+01  0.11734E+01 -0.16526E+01
  0.18398E+00  0.46781E+03    0.90724E-01  0.93276E-01 -0.18400E+00  0.00000E+00  0.00000E+00  0.00000E+00    0.00000E+00  0.00000E+00 -0.46778E+03 -0.26792E+01  0.11655E+01 -0.16544E+01
  0.18498E+00  0.46824E+03    0.91215E-01  0.93785E-01 -0.18500E+00  0.00000E+00  0.00000E+00  0.00000E+00    0.00000E+00  0.00000E+00 -0.46820E+03 -0.26807E+01  0.11575E+01 -0.16562E+01
  0.18598E+00  0.46866E+03    0.91707E-01  0.94293E-01 -0.18600E+00  0.00000E+00  0.00000E+00  0.00000E+00    0.00000E+00  0.00000E+00 -0.46862E+03 -0.26822E+01  0.11495E+01 -0.16579E+01
  0.18698E+00  0.46908E+03    0.92198E-01  0.94802E-01 -0.18700E+00  0.00000E+00  0.00000E+00  0.00000E+00    0.00000E+00  0.00000E+00 -0.46905E+03 -0.26837E+01  0.11415E+01 -0.16596E+01
  0.18798E+00  0.46950E+03    0.92689E-01  0.95311E-01 -0.18800E+00  0.00000E+00  0.00000E+00  0.00000E+00    0.00000E+00  0.00000E+00 -0.46947E+03 -0.26853E+01  0.11335E+01 -0.16612E+01
  0.18898E+00  0.46993E+03    0.93180E-01  0.95820E-01 -0.18900E+00  0.00000E+00  0.00000E+00  0.00000E+00    0.00000E+00  0.00000E+00 -0.46989E+03 -0.26869E+01  0.11254E+01 -0.16629E+01
  0.18998E+00  0.47035E+03    0.93671E-01  0.96329E-01 -0.19000E+00  0.00000E+00  0.00000E+00  0.00000E+00    0.00000E+00  0.00000E+00 -0.47031E+03 -0.26885E+01  0.11174E+01 -0.16645E+01
  0.19098E+00  0.47077E+03    0.94163E-01  0.96837E-01 -0.19100E+00  0.00000E+00  0.00000E+00  0.00000E+00    0.00000E+00  0.00000E+00 -0.47073E+03 -0.26902E+01  0.11093E+01 -0.16661E+01
  0.19198E+00  0.47118E+03    0.94654E-01  0.97346E-01 -0.19200E+00  0.00000E+00  0.00000E+00  0.00000E+00    0.00000E+00  0.00000E+00 -0.47115E+03 -0.26918E+01  0.11012E+01 -0.16676E+01
  0.19298E+00  0.47160E+03    0.95145E-01  0.97855E-01 -0.19300E+00  0.00000E+00  0.00000E+00  0.00000E+00    0.00000E+00  0.00000E+00 -0.47157E+03 -0.26935E+01  0.10931E+01 -0.16692E+01
  0.19398E+00  0.47202E+03    0.95636E-01  0.98364E-01 -0.19400E+00  0.00000E+00  0.00000E+00  0.00000E+00    0.00000E+00  0.00000E+00 -0.47198E+03 -0.26951E+01  0.10850E+01 -0.16707E+01
  0.19498E+00  0.47243E+03    0.96127E-01  0.98873E-01 -0.19500E+00  0.00000E+00  0.00000E+00  0.00000E+00    0.00000E+00  0.00000E+00 -0.47240E+03 -0.26967E+01  0.10769E+01 -0.16723E+01
  0.19598E+00  0.47285E+03    0.96618E-01  0.99382E-01 -0.19600E+00  0.00000E+00  0.00000E+00  0.00000E+00    0.00000E+00  0.00000E+00 -0.47281E+03 -0.26982E+01  0.10688E+01 -0.16738E+01
  0.19698E+00  0.47326E+03    0.97109E-01  0.99891E-01 -0.19700E+00  0.00000E+00  0.00000E+00  0.00000E+00    0.00000E+00  0.00000E+00 -0.47323E+03 -0.26998E+01  0.10607E+01 -0.16753E+01
  0.19798E+00  0.47367E+03    0.97601E-01  0.10040E+00 -0.19800E+00  0.00000E+00  0.00000E+00  0.00000E+00    0.00000E+00  0.00000E+00 -0.47364E+03 -0.27013E+01  0.10527E+01 -0.16768E+01
  0.19898E+00  0.47409E+03    0.98092E-01  0.10091E+00 -0.19900E+00  0.00000E+00  0.00000E+00  0.00000E+00    0.00000E+00  0.00000E+00 -0.47405E+03 -0.27028E+01  0.10447E+01 -0.16784E+01
  0.19998E+00  0.47450E+03    0.98583E-01  0.10142E+00 -0.20000E+00  0.00000E+00  0.00000E+00  0.00000E+00    0.00000E+00  0.00000E+00 -0.47446E+03 -0.27042E+01  0.10368E+01 -0.16799E+01
