TEXTURE AT STRAIN =    0.2000
   1.104   1.107   0.819  <-- length of phase ellipsoid axes
    0.00    0.00    0.00  <-- Euler angles (deg) of phase ellipsoid axes
B       658
 -174.74   40.08  -34.48   0.0009760
  114.70  147.01   20.78   0.0017223
  -32.10  149.03 -112.86   0.0020601
  145.16   75.86   96.36   0.0000475
   71.16  157.72  -97.52   0.0066667
  102.27   29.04 -117.05   0.0048139
  165.22   30.44   82.56   0.0008670
   17.86   38.45  -94.67   0.0044203
  107.54  156.59 -158.09   0.0066667
  -14.68   49.73   76.96   0.0002994
 -127.25   40.76 -113.58   0.0010531
   43.99  140.92  -18.84   0.0010741
    5.89  155.44  -73.35   0.0048795
 -121.40  149.40 -118.33   0.0020209
  -51.75  152.49  108.89   0.0066667
 -153.79   29.86 -137.36   0.0066667
  112.83  150.24  -63.12   0.0066667
  116.46  147.79  171.34   0.0066667
   49.74   29.88  -86.81   0.0022614
   21.32   46.64  150.21   0.0003665
   94.05   29.32   56.70   0.0065755
   -7.13  103.90 -141.95   0.0000157
  -40.01  144.41    6.38   0.0006597
  -47.99  143.77   73.45   0.0043332
  -79.51  150.67  145.10   0.0066667
  106.32  147.84  102.14   0.0060734
   26.86   37.76   44.41   0.0002910
  -21.16   76.65  139.67   0.0000032
  -48.78   64.25   93.00   0.0000869
  137.02   31.54   33.69   0.0066667
  -17.77  149.68   89.38   0.0066667
 -100.74  149.59 -101.13   0.0026543
 -149.73   31.95  -75.30   0.0046699
 -138.70  100.93   35.27   0.0000744
   -6.36  145.59 -145.81   0.0014618
  -92.57  156.87   38.88   0.0066667
  -22.68   32.55 -177.81   0.0066667
   -2.53   56.94   28.62   0.0000483
   35.93   39.79 -155.31   0.0002364
 -164.79  151.84   -1.68   0.0066667
    1.83   28.04  -21.21   0.0066667
   32.38  103.16   86.83   0.0000580
  -96.57  142.56 -129.14   0.0054980
 -144.49   72.09   85.76   0.0000999
  127.35   29.50   29.09   0.0045655
  119.80   33.24  -10.92   0.0009230
  -87.39  102.54  151.89   0.0000438
  -86.19   20.59   69.05   0.0018943
  -14.72  153.42  120.17   0.0024430
  127.41  158.24   67.66   0.0066667
    7.22  107.82   74.52   0.0000119
   16.55  151.61  -25.29   0.0002288
  -17.00   29.70  112.64   0.0001737
 -148.11  141.16   57.52   0.0000355
  -21.31   41.48 -100.87   0.0002292
   43.52   26.41 -101.47   0.0041427
  -90.87  154.03  164.05   0.0066667
  162.54   64.22 -154.06   0.0000140
    9.74  156.90   13.19   0.0066667
 -112.72  147.53   80.24   0.0051485
  147.75   25.69  119.99   0.0066667
  142.02  142.45  149.60   0.0034414
   97.10  154.32  178.26   0.0066667
  173.13   75.99   20.25   0.0000217
  -89.62   22.01  165.71   0.0029141
  167.77  110.27 -157.73   0.0000483
  -62.30   43.75   21.40   0.0033895
   71.69   52.15   57.07   0.0001557
  173.41  151.03  -58.10   0.0029110
   32.54  158.15   -0.99   0.0001937
  136.24   30.06    3.21   0.0006225
   -0.04  105.76   73.11   0.0000147
    8.95  152.91 -114.32   0.0066667
   42.52   19.93   15.94   0.0036123
  149.59   43.10  -41.10   0.0000959
    6.51   24.81 -167.23   0.0066667
    2.90  149.20    1.27   0.0061429
   -8.35   53.96   28.54   0.0002475
    9.00  145.92 -156.34   0.0011767
  156.54  136.48  -32.15   0.0018389
 -147.35  148.40  -46.32   0.0066667
   41.25  148.78  174.41   0.0034685
   35.26   70.21 -151.85   0.0003003
   30.09  141.61   40.09   0.0015161
   77.75  102.04  146.07   0.0000283
  -20.93  140.34  -89.21   0.0012625
   51.06  148.16  -48.26   0.0066667
  -12.35   38.23  119.30   0.0005754
 -116.63   94.44   98.50   0.0000983
  -19.02   32.40   -8.74   0.0058026
 -110.91  140.75 -154.52   0.0001688
  -78.58  121.47  -63.58   0.0000686
  -70.43   30.31   84.65   0.0018505
 -154.55  133.24  100.49   0.0011533
  -15.68   20.24   -2.90   0.0056815
  -23.11   28.08  -99.20   0.0066667
  173.98   12.46   42.43   0.0066667
  117.11  155.70  169.77   0.0045723
  179.86  154.30    8.16   0.0006170
  -77.00   60.24  147.80   0.0004658
   37.12   33.34 -101.55   0.0027466
  -38.53   27.61  110.56   0.0051666
   -2.03   50.98   38.12   0.0002115
 -110.90  153.29  -74.72   0.0066667
  -53.68   38.87  -17.66   0.0018665
  156.85   28.14  132.67   0.0010472
   99.58   58.75 -166.13   0.0005021
   91.72   83.01  -85.83   0.0000233
  146.25   21.55  119.71   0.0045514
 -162.71   36.82  -11.32   0.0006174
  -24.03   42.87 -169.61   0.0006414
  -76.16  136.81  123.30   0.0011053
  -93.34   46.21    0.95   0.0002290
   75.43  143.85   41.18   0.0020901
   36.71  147.58    4.98   0.0028647
  -41.14   20.53  -51.92   0.0066667
  -49.59  145.54  151.39   0.0066667
  -46.03  151.82   -0.18   0.0003522
  -72.87  151.19   70.90   0.0066667
   73.13   22.12   57.51   0.0033463
  149.36  145.13  110.65   0.0008360
 -112.66   81.87  -85.45   0.0000472
 -101.31  153.05  -59.94   0.0061086
  -30.56   24.58 -110.35   0.0066667
 -132.84  160.08   77.12   0.0023043
  158.44  151.35  -69.99   0.0066667
  179.16  146.39   99.64   0.0046373
   88.74   48.01   99.08   0.0020148
 -166.71  133.01  -34.67   0.0016257
  -17.98   45.21   96.81   0.0000081
   61.39  151.58   42.10   0.0012247
   22.60  154.87   49.62   0.0066667
  -38.36   14.61   -3.37   0.0063345
  -78.61   35.05   89.85   0.0066667
 -125.98  104.85  156.46   0.0000286
    8.26  141.63   14.15   0.0018758
    4.32  142.29 -155.59   0.0017675
  163.10   71.20   38.43   0.0000323
  -26.48  153.91 -135.54   0.0066667
  144.96   28.85 -143.63   0.0066667
   69.94  141.51 -104.07   0.0024920
  -11.51   26.94  179.57   0.0066667
  100.15  147.63    6.71   0.0035180
  120.73  149.22   99.10   0.0053612
 -157.97   23.50 -167.11   0.0066667
   66.24   76.49  142.40   0.0000140
 -157.79   29.34   66.48   0.0010279
 -108.72  156.17  -50.03   0.0030125
 -175.44   27.21 -149.58   0.0066667
   72.35  152.30  161.66   0.0011257
    9.39  151.87 -124.77   0.0066667
   68.30   31.22  -54.80   0.0058452
  114.60   22.58  -56.51   0.0014500
   70.86  155.95   57.99   0.0066667
   56.06  148.16 -154.21   0.0061883
   83.05  126.96  140.57   0.0010627
   51.07   27.48 -108.18   0.0066667
 -157.87   50.17  -26.35   0.0024453
   -5.40  127.76 -144.35   0.0001374
   77.77  154.36 -172.86   0.0066667
 -113.56   34.78   33.74   0.0015181
 -130.12   60.79  -32.28   0.0003749
  101.68   27.49  -46.24   0.0005698
  -30.74   31.47   31.08   0.0006362
  142.87   25.73 -162.05   0.0066667
   18.80  143.55 -128.92   0.0026132
  130.08   43.52   88.05   0.0004983
  -82.59   39.75  105.04   0.0011932
 -114.01  131.03 -147.60   0.0002352
 -152.27  151.70  -59.64   0.0040832
   10.37  154.95   29.39   0.0066667
  -22.56  171.07  -57.29   0.0042835
  -95.09   27.02 -174.32   0.0066667
   88.51   71.53  -78.31   0.0000465
 -146.14   32.54   27.12   0.0066667
   90.01   24.85    3.27   0.0051435
  153.35  145.08 -148.42   0.0005565
 -114.50   24.01   50.07   0.0066667
  142.73   38.91  -96.29   0.0007754
  179.78   35.13 -174.28   0.0011952
 -151.03  146.65  -42.96   0.0005233
 -120.08   27.89  -71.16   0.0008340
  -45.16   20.03  -60.84   0.0028518
 -160.71  149.49  -85.09   0.0000105
  100.11  154.55 -106.10   0.0046543
   18.72   22.68  119.84   0.0053490
   82.54   80.05 -143.18   0.0000220
   43.70   31.12  -93.93   0.0051913
 -168.25   25.90 -120.06   0.0066667
   20.59   54.18   35.81   0.0000817
  -94.46  150.67  171.57   0.0059597
 -105.22   40.23  -39.13   0.0010529
 -131.62  155.19  124.19   0.0066667
 -147.96   32.02   84.53   0.0038485
 -135.70  123.49   34.14   0.0000347
   63.30   37.74  146.69   0.0025690
   17.51   32.46  -21.07   0.0001496
   39.42   28.44  -37.35   0.0037692
    5.78  118.31  -81.03   0.0002546
 -135.37   26.10  -79.59   0.0066667
   40.08  124.10   33.16   0.0001739
  -60.46   36.46   45.20   0.0022278
  129.37   38.05  154.84   0.0000214
   28.21   29.49  -99.60   0.0066667
 -163.86  153.49   73.11   0.0032545
  144.16  151.19   42.20   0.0066667
  -85.60  149.70   92.04   0.0058306
   13.41  146.89   40.35   0.0000420
  -25.33  149.60  -35.88   0.0066667
  162.85  145.60   25.96   0.0002591
 -117.71   48.49  -94.71   0.0004190
 -107.51   32.30  -93.38   0.0000993
 -139.21   31.04  157.60   0.0066667
  -41.77  140.48  150.92   0.0000042
   78.72  149.88   32.53   0.0066667
   59.33   35.26  -47.85   0.0027592
   76.00  150.63 -138.88   0.0066667
    1.92  107.57 -145.06   0.0000472
  -78.12  122.32  -98.27   0.0000964
   53.97   38.33  125.07   0.0019902
  102.47   35.21  -86.94   0.0011862
  -25.20  128.37  146.40   0.0009760
    7.94   22.57   -7.45   0.0066667
   85.83   25.50   50.99   0.0066667
 -110.75   65.70  153.78   0.0004989
 -178.69  146.87   16.58   0.0041441
  -13.84   39.14  -44.10   0.0017570
 -178.09   29.98   32.69   0.0066667
   53.96   26.81  -72.91   0.0027739
  -27.30   69.25   74.45   0.0000056
  144.14  156.24   88.81   0.0010162
   76.92   96.46   95.87   0.0000517
  -52.86   70.65  -85.33   0.0000670
   95.05  138.07  160.13   0.0001525
  141.85  108.16   22.31   0.0000801
   21.74  110.94   85.85   0.0000528
  108.54   37.75  147.00   0.0025032
  117.72   29.95  135.31   0.0026905
 -147.52   67.42  155.46   0.0000104
  -12.41   24.98  -80.53   0.0058151
   59.75  161.22  123.31   0.0066667
  178.61  149.00   52.07   0.0066667
  -46.86   27.07  -93.10   0.0025088
   78.25  150.95   17.39   0.0036327
  102.26  135.32  100.04   0.0001752
   77.59  147.52  -52.83   0.0066108
  -80.88  109.13  142.06   0.0000851
  166.48   31.03  -95.96   0.0066667
   67.24  107.07  -36.28   0.0000377
 -160.80  135.36 -141.36   0.0005557
  150.71   29.24   17.56   0.0066667
 -177.61   24.14   -6.49   0.0066667
   50.73  155.69   94.24   0.0065845
  125.20   23.87  -69.08   0.0066667
  -79.03   29.47  175.51   0.0049660
   91.11  130.92   97.77   0.0009424
   84.14  145.93   23.59   0.0016264
  -79.64   34.02 -150.74   0.0013950
  -78.07   79.23  -26.59   0.0000722
 -111.99  146.07  150.78   0.0013396
  138.62  104.99  158.78   0.0000128
  -98.77   30.19  -40.13   0.0025698
  169.12  132.89  -89.18   0.0005082
  -99.00  135.49   15.74   0.0005250
   89.15   15.82 -145.37   0.0066667
 -159.60  149.48  141.69   0.0066667
  147.55  155.70 -155.63   0.0066667
  -12.34   32.16   91.05   0.0025245
  127.25  164.74   65.99   0.0045933
  -56.77  162.60  -99.47   0.0026050
   -5.24  159.32   -2.54   0.0062457
   10.19  148.20  110.35   0.0066667
   75.43  139.60  -28.57   0.0006916
  148.05  102.06  157.05   0.0000806
   18.18   42.22   69.20   0.0011864
   76.21  106.96 -159.79   0.0000302
    4.61  156.75   99.46   0.0038423
   35.58  153.41 -130.55   0.0066667
  -58.17  154.75    6.75   0.0066667
  -15.75  142.08  111.56   0.0022707
  -50.96   26.52 -157.50   0.0066667
   41.08   26.41 -146.32   0.0037990
  -22.69   24.69   71.32   0.0019088
  123.19   21.80   33.53   0.0027108
 -133.31  155.07  128.61   0.0058167
  103.85   27.66   17.50   0.0066667
 -140.99   77.83   95.24   0.0001696
  -16.80  147.70 -127.03   0.0016298
 -160.01   39.65  110.98   0.0002024
  -11.43   26.60   30.25   0.0048671
  -64.15  145.73  140.14   0.0036948
  -46.76  130.68  -82.12   0.0002113
  -34.70  155.30 -116.05   0.0066667
   17.21   29.73   25.05   0.0066667
  140.69  147.17 -109.26   0.0027785
  -19.71  147.64  -61.84   0.0034341
  113.98   21.71   83.31   0.0066667
  129.72  109.01   27.62   0.0000800
  127.41  142.70  -83.83   0.0023302
 -141.75  134.65  -11.98   0.0000141
  141.60  145.39  151.17   0.0015250
  -78.34  157.56   74.52   0.0066667
  -58.74   40.95  -85.22   0.0015367
  -41.86   28.78   43.76   0.0066667
   84.51   26.96  -64.84   0.0003050
  118.56   28.15  -49.73   0.0066667
  -22.40  115.36 -150.46   0.0002893
    4.70   31.56  -64.27   0.0009576
   45.38  155.79   76.52   0.0066667
  160.94   33.41 -146.30   0.0017495
   73.85   37.38  -79.41   0.0004416
 -127.21   35.50   13.87   0.0047270
  143.79  172.56   36.11   0.0007153
   54.85  150.36   54.38   0.0051232
  100.08   33.17  115.25   0.0041931
  102.69   78.08   32.28   0.0000015
  152.68   75.38 -146.43   0.0000990
    0.62   25.38  166.61   0.0066667
  126.96   32.75   84.23   0.0024535
  -44.57  100.73   31.63   0.0000841
  166.17   27.28  -57.61   0.0066667
  -18.43  107.20  -25.97   0.0000572
  120.56  156.08  -59.02   0.0051623
 -164.52   45.88  -87.59   0.0008102
  -82.06   39.94  -32.58   0.0038477
   -2.94   50.02   21.03   0.0003245
 -152.95   51.14   35.94   0.0006808
  -12.28  110.79   38.07   0.0000069
  -45.23   37.19   78.11   0.0012093
 -175.78   51.70  -36.22   0.0000000
  116.09  139.41   19.11   0.0000000
  -31.71  142.56 -113.99   0.0000000
   62.35  158.24 -138.10   0.0001683
   73.48  159.90  -95.26   0.0000000
  101.87   33.55 -117.28   0.0000000
  163.34   35.90   82.79   0.0000000
   16.89   49.70  -96.53   0.0000000
  109.96  157.52 -155.76   0.0000000
  -15.74   60.39   68.27   0.0000000
 -127.52   52.12 -116.30   0.0000000
   43.13  129.77  -13.83   0.0000000
    2.27  156.15  -76.71   0.0000000
 -121.37  142.82 -118.71   0.0000000
  -53.79  150.04  107.66   0.0000000
 -151.81   34.79 -137.75   0.0000000
  112.68  145.03  -62.70   0.0000000
  116.03  140.13  173.20   0.0000000
   50.56   35.22  -86.83   0.0000000
   21.40   58.31  150.29   0.0000000
   94.19   34.22   57.16   0.0000000
   75.63   19.39  -18.53   0.0000646
  -39.83  134.54    4.24   0.0000000
  -47.39  133.61   69.30   0.0000000
  -78.09  145.97  145.39   0.0000000
  105.06  140.71  103.77   0.0000000
   27.70   48.74   49.40   0.0000000
   65.34  165.90   23.12   0.0000166
 -110.37  151.44 -116.24   0.0000233
  137.84   37.88   34.26   0.0000000
  -17.62  144.47   89.15   0.0000000
  -98.98  143.81 -101.45   0.0000000
 -148.49   38.96  -74.05   0.0000000
  -44.46   23.95  150.54   0.0002817
   -7.25  137.02 -145.09   0.0000000
  -95.09  157.97   36.46   0.0000000
  -22.72   40.83 -178.47   0.0000000
   -2.83   66.00   26.97   0.0000000
   34.78   51.40 -157.70   0.0000000
 -164.93  148.00   -1.59   0.0000000
    4.14   31.76  -22.43   0.0000000
  -53.94   26.73  -39.13   0.0001520
  -97.13  131.88 -125.58   0.0000000
  -72.14  153.69  -53.43   0.0001951
  127.14   34.09   29.22   0.0000000
  120.32   41.67   -8.40   0.0000000
   -0.28   28.46  -82.28   0.0000770
  -89.28   15.99   72.03   0.0000000
  -14.80  151.99  120.11   0.0000000
  130.40  161.78   70.52   0.0000000
  -32.12   11.12  -82.70   0.0000577
   15.18  147.96  -25.95   0.0000000
  -16.29   35.14  113.22   0.0000000
 -148.21  130.02   58.62   0.0000000
  -22.43   53.01 -106.81   0.0000000
   40.54   28.39  -99.07   0.0000000
  -94.08  152.86  161.40   0.0000000
 -138.50  153.41   54.48   0.0000042
   13.48  159.08   16.72   0.0000000
 -111.39  139.97   78.57   0.0000000
  147.56   26.11  120.17   0.0000000
  142.09  131.69  149.54   0.0000000
   96.87  153.85  178.07   0.0000000
 -105.67  163.81 -102.45   0.0001013
  -85.97   19.12  162.19   0.0000000
  109.68   21.82   53.65   0.0000970
  -63.70   55.30   15.78   0.0000000
   71.76   62.19   58.75   0.0000000
  173.62  146.34  -58.24   0.0000000
   32.22  162.26   -1.30   0.0000000
  135.85   35.58    2.69   0.0000000
  -55.71    7.83  -66.12   0.0000905
    9.94  150.99 -113.63   0.0000000
   39.55   15.58   18.88   0.0000000
  148.16   54.72  -47.18   0.0000000
    3.20   24.77 -164.22   0.0000000
    2.98  142.94    1.12   0.0000000
   -8.70   63.94   26.99   0.0000000
   10.09  137.60 -157.95   0.0000000
  157.20  124.58  -33.22   0.0000000
 -146.34  141.11  -47.79   0.0000000
   40.96  142.07  175.39   0.0000000
  107.77  150.37   66.32   0.0003129
   29.26  130.67   44.48   0.0000000
  -11.30   25.70   23.91   0.0000835
  -21.16  128.75  -89.23   0.0000000
   52.04  141.08  -49.58   0.0000000
  -12.22   49.13  119.54   0.0000000
   -4.37   16.82 -170.23   0.0002290
  -18.41   40.42   -6.83   0.0000000
 -109.96  129.30 -156.50   0.0000000
  -74.84   20.71  116.36   0.0000108
  -71.87   35.69   84.53   0.0000000
 -155.97  121.95  107.81   0.0000000
  -14.56   15.24   -3.97   0.0000000
  -25.73   31.63  -97.71   0.0000000
  175.61    6.42   40.78   0.0000000
  114.18  156.69  167.07   0.0000000
 -178.29  153.43    9.70   0.0000000
  -77.37   68.28  144.73   0.0000000
   35.95   41.76 -103.95   0.0000000
  -36.99   30.39  109.79   0.0000000
   -0.48   61.46   44.94   0.0000000
 -113.65  151.34  -76.78   0.0000000
  -52.71   49.87  -12.47   0.0000000
  154.77   31.22  133.78   0.0000000
  116.60  158.63   16.22   0.0000795
   -9.66  154.18   22.70   0.0000719
  146.10   17.28  119.85   0.0000000
 -162.12   47.28   -7.48   0.0000000
  -24.59   54.34 -174.52   0.0000000
  -76.08  125.36  121.79   0.0000000
  -93.39   57.43    0.71   0.0000000
   74.64  133.95   45.12   0.0000000
   37.07  139.71    3.75   0.0000000
  -44.50   15.96  -48.68   0.0000000
  -49.92  136.86  151.45   0.0000000
  -46.16  148.46   -0.18   0.0000000
  -71.65  147.07   70.98   0.0000000
   74.20   18.72   56.48   0.0000000
  148.94  135.51  113.62   0.0000000
  147.66  154.77   24.66   0.0001584
 -101.41  150.76  -60.02   0.0000000
  -33.29   24.03 -107.85   0.0000000
 -129.57  164.39   80.35   0.0000000
  157.25  147.22  -70.11   0.0000000
  178.07  137.94  102.01   0.0000000
   90.08   59.09  106.14   0.0000000
 -165.45  121.54  -37.85   0.0000000
  -16.37   56.77  101.16   0.0000000
   59.05  148.14   40.86   0.0000000
   19.83  155.20   47.09   0.0000000
  -38.96    8.19   -2.82   0.0000000
  -78.65   44.12   89.55   0.0000000
  -45.45   22.20  -75.65   0.0000998
    8.99  130.64    9.16   0.0000000
    5.30  131.61 -157.88   0.0000000
  103.74  160.48 -175.22   0.0000853
  -29.83  152.95 -138.37   0.0000000
  146.83   32.96 -144.25   0.0000000
   70.80  130.54 -109.20   0.0000000
  -11.41   29.28  179.51   0.0000000
  100.68  139.85    5.05   0.0000000
  118.89  143.37   99.52   0.0000000
 -161.67   21.69 -163.63   0.0000000
  151.87  159.89   21.25   0.0000574
 -158.41   33.89   66.27   0.0000000
 -105.61  157.46  -47.10   0.0000000
 -175.23   29.87 -149.65   0.0000000
   69.72  149.60  159.93   0.0000000
    8.76  148.73 -124.97   0.0000000
   67.86   38.35  -55.83   0.0000000
  113.06   19.53  -55.06   0.0000000
   70.46  157.57   57.62   0.0000000
   57.03  141.65 -154.42   0.0000000
   84.42  116.99  132.33   0.0000000
   49.15   30.36 -107.04   0.0000000
 -156.92   61.22  -23.38   0.0000000
   -6.69  117.32 -139.63   0.0000000
   79.75  154.10 -171.12   0.0000000
 -112.72   43.60   34.34   0.0000000
  -71.22  149.65  172.98   0.0000184
   99.26   30.09  -44.74   0.0000000
  -30.60   37.85   31.29   0.0000000
  139.56   26.59 -159.19   0.0000000
   18.35  133.25 -125.79   0.0000000
  129.51   55.46   87.35   0.0000000
  -81.65   50.96  110.82   0.0000000
 -114.67  119.81 -145.80   0.0000000
 -152.26  147.67  -59.67   0.0000000
   10.64  154.24   29.64   0.0000000
  -20.82  176.24  -55.55   0.0000000
  -95.88   28.96 -173.85   0.0000000
   39.55  165.34   74.02   0.0001714
 -146.68   39.63   26.58   0.0000000
   88.96   24.55    4.22   0.0000000
  152.94  135.91 -148.04   0.0000000
 -111.17   22.54   46.94   0.0000000
  141.59   50.05  -98.70   0.0000000
  179.44   44.82 -176.27   0.0000000
 -149.98  138.12  -45.44   0.0000000
 -118.15   30.64  -72.31   0.0000000
  -44.86   14.78  -61.13   0.0000000
 -161.92  143.58  -84.96   0.0000000
  103.50  154.26 -103.14   0.0000000
   18.73   19.98  119.84   0.0000000
  -16.43  158.67  -34.84   0.0000934
   42.86   37.49  -94.33   0.0000000
 -168.27   26.45 -120.03   0.0000000
   21.86   63.94   41.37   0.0000000
  -95.45  145.76  171.84   0.0000000
 -106.30   51.57  -43.96   0.0000000
 -130.47  155.33  125.26   0.0000000
 -149.12   38.74   83.91   0.0000000
 -136.62  114.36   38.55   0.0000000
   62.50   48.71  145.56   0.0000000
   18.89   40.05  -19.52   0.0000000
   37.39   32.60  -36.47   0.0000000
   42.03   21.75   85.34   0.0000689
 -132.34   27.35  -82.23   0.0000000
   39.30  114.55   36.47   0.0000000
  -59.56   46.65   49.48   0.0000000
  130.25   48.88  157.05   0.0000000
   26.10   34.56  -99.13   0.0000000
 -161.38  151.68   75.01   0.0000000
  141.92  147.06   41.38   0.0000000
  -86.01  144.29   92.17   0.0000000
   12.09  139.14   42.13   0.0000000
  -23.79  144.18  -36.00   0.0000000
  163.69  136.78   24.97   0.0000000
 -118.96   59.76  -98.49   0.0000000
 -108.18   39.19  -94.14   0.0000000
 -137.40   36.97  157.70   0.0000000
  -42.03  128.96  150.94   0.0000000
   78.13  144.79   32.81   0.0000000
   58.59   45.17  -51.44   0.0000000
   73.94  146.17 -139.44   0.0000000
   74.16   25.37   -6.67   0.0001028
  -76.86  113.72 -107.29   0.0000000
   53.70   49.32  122.94   0.0000000
  103.13   44.50  -86.00   0.0000000
  -24.24  117.72  142.90   0.0000000
   10.59   19.93   -9.95   0.0000000
   87.92   25.94   49.20   0.0000000
 -172.31  152.73  -56.55   0.0002272
 -177.59  138.56   14.23   0.0000000
  -14.60   50.37  -49.82   0.0000000
 -177.39   34.95   32.79   0.0000000
   56.27   28.89  -74.59   0.0000000
   -1.39  164.91  -96.06   0.0000183
  144.20  156.41   88.87   0.0000000
 -178.77   23.67 -160.68   0.0001766
 -120.87  154.26   57.50   0.0001023
   93.80  126.56  165.94   0.0000000
   77.39   20.81 -120.10   0.0002087
  -44.42   26.71  -59.34   0.0000613
  107.78   48.56  146.19   0.0000000
  115.89   35.15  135.30   0.0000000
  152.63  154.94  -55.18   0.0000099
   -9.79   25.68  -82.86   0.0000000
   61.12  167.23  124.65   0.0000000
  178.08  142.09   53.35   0.0000000
  -48.14   29.77  -92.28   0.0000000
   80.62  146.85   18.37   0.0000000
  100.86  123.84  106.68   0.0000000
   78.15  139.69  -54.54   0.0000000
 -140.96   20.92   -4.28   0.0002059
  165.04   36.95  -96.00   0.0000000
   -4.09   23.12 -173.76   0.0000983
 -162.28  123.76 -135.72   0.0000000
  148.38   33.55   18.41   0.0000000
 -175.61   22.61   -8.35   0.0000000
   49.33  155.80   92.90   0.0000000
  127.98   22.32  -71.68   0.0000000
  -78.52   34.30  175.96   0.0000000
   89.67  120.00  104.28   0.0000000
   85.26  137.67   22.30   0.0000000
  -79.80   42.31 -151.16   0.0000000
 -169.97  153.56   93.01   0.0001975
 -112.13  137.51  150.98   0.0000000
 -145.15   17.57  -72.26   0.0000524
 -100.65   35.43  -40.12   0.0000000
  168.90  121.35  -88.54   0.0000000
  -97.94  124.00    8.50   0.0000000
   90.78    9.66 -147.03   0.0000000
 -157.77  143.49  141.45   0.0000000
  149.16  155.49 -154.13   0.0000000
  -12.19   39.24   91.32   0.0000000
  127.22  171.18   66.03   0.0000000
  -54.49  168.45  -97.14   0.0000000
   -6.64  164.33   -3.88   0.0000000
    9.49  141.05  111.73   0.0000000
   75.03  127.89  -27.66   0.0000000
 -121.38   21.03  -86.20   0.0003410
   17.62   53.77   64.90   0.0000000
   12.49   17.02   60.00   0.0001075
    1.76  158.20   96.72   0.0000000
   33.50  152.11 -132.22   0.0000000
  -56.57  154.77    8.17   0.0000000
  -16.22  131.30  115.00   0.0000000
  -53.47   28.52 -155.58   0.0000000
   42.41   28.78 -147.34   0.0000000
  -25.78   24.33   74.13   0.0000000
  124.65   19.47   32.10   0.0000000
 -131.05  155.07  130.66   0.0000000
  101.05   30.54   19.26   0.0000000
  129.31  156.08 -144.77   0.0006104
  -17.33  140.00 -125.45   0.0000000
 -159.61   50.87  114.78   0.0000000
  -11.55   29.11   30.44   0.0000000
  -63.18  137.02  137.31   0.0000000
  -48.26  119.78  -76.13   0.0000000
  -33.72  156.07 -115.14   0.0000000
   15.90   35.00   25.19   0.0000000
  141.47  139.02 -111.49   0.0000000
  -19.91  139.77  -61.26   0.0000000
  112.19   19.25   85.07   0.0000000
   56.76   28.85 -113.08   0.0000894
  126.55  132.28  -81.12   0.0000000
 -142.72  123.24   -6.03   0.0000000
  141.29  136.50  151.49   0.0000000
  -74.34  159.95   78.34   0.0000000
  -57.56   52.60  -83.18   0.0000000
  -39.67   32.83   43.00   0.0000000
   85.18   29.14  -65.19   0.0000000
  116.90   31.40  -49.04   0.0000000
  -89.86   31.35   61.20   0.0000474
    5.00   39.12  -63.34   0.0000000
   49.04  156.53   79.95   0.0000000
  161.71   41.21 -145.36   0.0000000
   74.53   48.07  -74.97   0.0000000
 -127.86   45.26   10.24   0.0000000
  139.88  177.15   32.22   0.0000000
   54.48  145.42   54.85   0.0000000
  100.19   41.81  116.64   0.0000000
   13.67  152.19  156.14   0.0000036
   70.72  153.67  -16.31   0.0002542
    3.67   25.97  163.97   0.0000000
  125.74   40.09   83.51   0.0000000
   46.31   28.86  153.28   0.0001400
  165.71   29.49  -57.38   0.0000000
   56.07   26.38  111.31   0.0001139
  121.03  157.62  -58.57   0.0000000
 -163.81   57.70  -85.99   0.0000000
  -82.74   51.47  -33.95   0.0000000
   -4.27   60.69   13.55   0.0000000
 -151.65   61.85   41.03   0.0000000
   43.11   21.54 -171.34   0.0000120
  -45.92   47.70   73.45   0.0000000
 -175.78   51.70  -36.22   0.0000000
  116.09  139.41   19.11   0.0000000
  -31.71  142.56 -113.99   0.0000000
  142.31   82.37  101.81   0.0000000
   73.48  159.90  -95.26   0.0000000
  101.87   33.55 -117.28   0.0000000
  163.34   35.90   82.79   0.0000000
   16.89   49.70  -96.53   0.0000000
  109.96  157.52 -155.76   0.0000000
  -15.74   60.39   68.27   0.0000000
 -127.52   52.12 -116.30   0.0000000
   43.13  129.77  -13.83   0.0000000
    2.27  156.15  -76.71   0.0000000
 -121.37  142.82 -118.71   0.0000000
  -53.79  150.04  107.66   0.0000000
 -151.81   34.79 -137.75   0.0000000
  112.68  145.03  -62.70   0.0000000
  116.03  140.13  173.20   0.0000000
   50.56   35.22  -86.83   0.0000000
   21.40   58.31  150.29   0.0000000
   94.19   34.22   57.16   0.0000000
   -4.31   96.75 -135.23   0.0000000
  -39.83  134.54    4.24   0.0000000
  -47.39  133.61   69.30   0.0000000
  -78.09  145.97  145.39   0.0000000
  105.06  140.71  103.77   0.0000000
   27.70   48.74   49.40   0.0000000
  -18.58   84.81  130.08   0.0000000
  -48.84   71.25   96.32   0.0000000
  137.84   37.88   34.26   0.0000000
  -17.62  144.47   89.15   0.0000000
  -98.98  143.81 -101.45   0.0000000
 -148.49   38.96  -74.05   0.0000000
 -135.61   94.15   38.17   0.0000000
   -7.25  137.02 -145.09   0.0000000
  -95.09  157.97   36.46   0.0000000
  -22.72   40.83 -178.47   0.0000000
   -2.83   66.00   26.97   0.0000000
   34.78   51.40 -157.70   0.0000000
 -164.93  148.00   -1.59   0.0000000
    4.14   31.76  -22.43   0.0000000
   29.67   97.56   86.29   0.0000000
  -97.13  131.88 -125.58   0.0000000
 -142.24   76.86   82.72   0.0000000
  127.14   34.09   29.22   0.0000000
  120.32   41.67   -8.40   0.0000000
  -85.66   97.29  150.95   0.0000000
  -89.28   15.99   72.03   0.0000000
  -14.80  151.99  120.11   0.0000000
  130.40  161.78   70.52   0.0000000
    5.73   99.81   64.64   0.0000000
   15.18  147.96  -25.95   0.0000000
  -16.29   35.14  113.22   0.0000000
 -148.21  130.02   58.62   0.0000000
  -22.43   53.01 -106.81   0.0000000
   40.54   28.39  -99.07   0.0000000
  -94.08  152.86  161.40   0.0000000
  162.50   71.35 -158.53   0.0000000
   13.48  159.08   16.72   0.0000000
 -111.39  139.97   78.57   0.0000000
  147.56   26.11  120.17   0.0000000
  142.09  131.69  149.54   0.0000000
   96.87  153.85  178.07   0.0000000
  175.76   83.72   11.63   0.0000000
  -85.97   19.12  162.19   0.0000000
  165.96  105.01 -165.22   0.0000000
  -63.70   55.30   15.78   0.0000000
   71.76   62.19   58.75   0.0000000
  173.62  146.34  -58.24   0.0000000
   32.22  162.26   -1.30   0.0000000
  135.85   35.58    2.69   0.0000000
   -1.49   96.67   63.96   0.0000000
    9.94  150.99 -113.63   0.0000000
   39.55   15.58   18.88   0.0000000
  148.16   54.72  -47.18   0.0000000
    3.20   24.77 -164.22   0.0000000
    2.98  142.94    1.12   0.0000000
   -8.70   63.94   26.99   0.0000000
   10.09  137.60 -157.95   0.0000000
  157.20  124.58  -33.22   0.0000000
 -146.34  141.11  -47.79   0.0000000
   40.96  142.07  175.39   0.0000000
   36.64   75.13 -152.53   0.0000000
   29.26  130.67   44.48   0.0000000
   74.89   96.11  144.93   0.0000000
  -21.16  128.75  -89.23   0.0000000
   52.04  141.08  -49.58   0.0000000
  -12.22   49.13  119.54   0.0000000
 -115.17   90.19  108.04   0.0000000
  -18.41   40.42   -6.83   0.0000000
 -109.96  129.30 -156.50   0.0000000
  -78.86  112.84  -61.09   0.0000000
  -71.87   35.69   84.53   0.0000000
 -155.97  121.95  107.81   0.0000000
  -14.56   15.24   -3.97   0.0000000
  -25.73   31.63  -97.71   0.0000000
  175.61    6.42   40.78   0.0000000
  114.18  156.69  167.07   0.0000000
 -178.29  153.43    9.70   0.0000000
  -77.37   68.28  144.73   0.0000000
   35.95   41.76 -103.95   0.0000000
  -36.99   30.39  109.79   0.0000000
   -0.48   61.46   44.94   0.0000000
 -113.65  151.34  -76.78   0.0000000
  -52.71   49.87  -12.47   0.0000000
  154.77   31.22  133.78   0.0000000
   98.73   67.32 -175.11   0.0000000
   88.97   88.77  -84.37   0.0000000
  146.10   17.28  119.85   0.0000000
 -162.12   47.28   -7.48   0.0000000
  -24.59   54.34 -174.52   0.0000000
  -76.08  125.36  121.79   0.0000000
  -93.39   57.43    0.71   0.0000000
   74.64  133.95   45.12   0.0000000
   37.07  139.71    3.75   0.0000000
  -44.50   15.96  -48.68   0.0000000
  -49.92  136.86  151.45   0.0000000
  -46.16  148.46   -0.18   0.0000000
  -71.65  147.07   70.98   0.0000000
   74.20   18.72   56.48   0.0000000
  148.94  135.51  113.62   0.0000000
 -115.59   88.10  -83.96   0.0000000
 -101.41  150.76  -60.02   0.0000000
  -33.29   24.03 -107.85   0.0000000
 -129.57  164.39   80.35   0.0000000
  157.25  147.22  -70.11   0.0000000
  178.07  137.94  102.01   0.0000000
   90.08   59.09  106.14   0.0000000
 -165.45  121.54  -37.85   0.0000000
  -16.37   56.77  101.16   0.0000000
   59.05  148.14   40.86   0.0000000
   19.83  155.20   47.09   0.0000000
  -38.96    8.19   -2.82   0.0000000
  -78.65   44.12   89.55   0.0000000
 -123.15   98.40  161.56   0.0000000
    8.99  130.64    9.16   0.0000000
    5.30  131.61 -157.88   0.0000000
  160.99   76.84   46.88   0.0000000
  -29.83  152.95 -138.37   0.0000000
  146.83   32.96 -144.25   0.0000000
   70.80  130.54 -109.20   0.0000000
  -11.41   29.28  179.51   0.0000000
  100.68  139.85    5.05   0.0000000
  118.89  143.37   99.52   0.0000000
 -161.67   21.69 -163.63   0.0000000
   69.11   83.63  136.08   0.0000000
 -158.41   33.89   66.27   0.0000000
 -105.61  157.46  -47.10   0.0000000
 -175.23   29.87 -149.65   0.0000000
   69.72  149.60  159.93   0.0000000
    8.76  148.73 -124.97   0.0000000
   67.86   38.35  -55.83   0.0000000
  113.06   19.53  -55.06   0.0000000
   70.46  157.57   57.62   0.0000000
   57.03  141.65 -154.42   0.0000000
   84.42  116.99  132.33   0.0000000
   49.15   30.36 -107.04   0.0000000
 -156.92   61.22  -23.38   0.0000000
   -6.69  117.32 -139.63   0.0000000
   79.75  154.10 -171.12   0.0000000
 -112.72   43.60   34.34   0.0000000
 -130.50   68.85  -35.19   0.0000000
   99.26   30.09  -44.74   0.0000000
  -30.60   37.85   31.29   0.0000000
  139.56   26.59 -159.19   0.0000000
   18.35  133.25 -125.79   0.0000000
  129.51   55.46   87.35   0.0000000
  -81.65   50.96  110.82   0.0000000
 -114.67  119.81 -145.80   0.0000000
 -152.26  147.67  -59.67   0.0000000
   10.64  154.24   29.64   0.0000000
  -20.82  176.24  -55.55   0.0000000
  -95.88   28.96 -173.85   0.0000000
   86.60   78.38  -67.72   0.0000000
 -146.68   39.63   26.58   0.0000000
   88.96   24.55    4.22   0.0000000
  152.94  135.91 -148.04   0.0000000
 -111.17   22.54   46.94   0.0000000
  141.59   50.05  -98.70   0.0000000
  179.44   44.82 -176.27   0.0000000
 -149.98  138.12  -45.44   0.0000000
 -118.15   30.64  -72.31   0.0000000
  -44.86   14.78  -61.13   0.0000000
 -161.92  143.58  -84.96   0.0000000
  103.50  154.26 -103.14   0.0000000
   18.73   19.98  119.84   0.0000000
   79.54   87.28 -137.87   0.0000000
   42.86   37.49  -94.33   0.0000000
 -168.27   26.45 -120.03   0.0000000
   21.86   63.94   41.37   0.0000000
  -95.45  145.76  171.84   0.0000000
 -106.30   51.57  -43.96   0.0000000
 -130.47  155.33  125.26   0.0000000
 -149.12   38.74   83.91   0.0000000
 -136.62  114.36   38.55   0.0000000
   62.50   48.71  145.56   0.0000000
   18.89   40.05  -19.52   0.0000000
   37.39   32.60  -36.47   0.0000000
    4.75  110.41  -71.47   0.0000000
 -132.34   27.35  -82.23   0.0000000
   39.30  114.55   36.47   0.0000000
  -59.56   46.65   49.48   0.0000000
  130.25   48.88  157.05   0.0000000
   26.10   34.56  -99.13   0.0000000
 -161.38  151.68   75.01   0.0000000
  141.92  147.06   41.38   0.0000000
  -86.01  144.29   92.17   0.0000000
   12.09  139.14   42.13   0.0000000
  -23.79  144.18  -36.00   0.0000000
  163.69  136.78   24.97   0.0000000
 -118.96   59.76  -98.49   0.0000000
 -108.18   39.19  -94.14   0.0000000
 -137.40   36.97  157.70   0.0000000
  -42.03  128.96  150.94   0.0000000
   78.13  144.79   32.81   0.0000000
   58.59   45.17  -51.44   0.0000000
   73.94  146.17 -139.44   0.0000000
    4.28  102.65 -141.47   0.0000000
  -76.86  113.72 -107.29   0.0000000
   53.70   49.32  122.94   0.0000000
  103.13   44.50  -86.00   0.0000000
  -24.24  117.72  142.90   0.0000000
   10.59   19.93   -9.95   0.0000000
   87.92   25.94   49.20   0.0000000
 -111.13   72.19  157.85   0.0000000
 -177.59  138.56   14.23   0.0000000
  -14.60   50.37  -49.82   0.0000000
 -177.39   34.95   32.79   0.0000000
   56.27   28.89  -74.59   0.0000000
  -26.09   75.74   64.69   0.0000000
  144.20  156.41   88.87   0.0000000
   79.52   90.60   99.72   0.0000000
  -54.69   75.32  -81.54   0.0000000
   93.80  126.56  165.94   0.0000000
  139.59  102.73   15.20   0.0000000
   20.29  105.66   81.96   0.0000000
  107.78   48.56  146.19   0.0000000
  115.89   35.15  135.30   0.0000000
 -148.47   73.29  161.22   0.0000000
   -9.79   25.68  -82.86   0.0000000
   61.12  167.23  124.65   0.0000000
  178.08  142.09   53.35   0.0000000
  -48.14   29.77  -92.28   0.0000000
   80.62  146.85   18.37   0.0000000
  100.86  123.84  106.68   0.0000000
   78.15  139.69  -54.54   0.0000000
  -82.94  103.71  133.99   0.0000000
  165.04   36.95  -96.00   0.0000000
   64.77  101.69  -41.49   0.0000000
 -162.28  123.76 -135.72   0.0000000
  148.38   33.55   18.41   0.0000000
 -175.61   22.61   -8.35   0.0000000
   49.33  155.80   92.90   0.0000000
  127.98   22.32  -71.68   0.0000000
  -78.52   34.30  175.96   0.0000000
   89.67  120.00  104.28   0.0000000
   85.26  137.67   22.30   0.0000000
  -79.80   42.31 -151.16   0.0000000
  -80.76   85.07  -26.33   0.0000000
 -112.13  137.51  150.98   0.0000000
  141.25   97.89  167.14   0.0000000
 -100.65   35.43  -40.12   0.0000000
  168.90  121.35  -88.54   0.0000000
  -97.94  124.00    8.50   0.0000000
   90.78    9.66 -147.03   0.0000000
 -157.77  143.49  141.45   0.0000000
  149.16  155.49 -154.13   0.0000000
  -12.19   39.24   91.32   0.0000000
  127.22  171.18   66.03   0.0000000
  -54.49  168.45  -97.14   0.0000000
   -6.64  164.33   -3.88   0.0000000
    9.49  141.05  111.73   0.0000000
   75.03  127.89  -27.66   0.0000000
  151.04   94.87  162.95   0.0000000
   17.62   53.77   64.90   0.0000000
   73.92  100.35 -168.88   0.0000000
    1.76  158.20   96.72   0.0000000
   33.50  152.11 -132.22   0.0000000
  -56.57  154.77    8.17   0.0000000
  -16.22  131.30  115.00   0.0000000
  -53.47   28.52 -155.58   0.0000000
   42.41   28.78 -147.34   0.0000000
  -25.78   24.33   74.13   0.0000000
  124.65   19.47   32.10   0.0000000
 -131.05  155.07  130.66   0.0000000
  101.05   30.54   19.26   0.0000000
 -144.05   84.40   98.30   0.0000000
  -17.33  140.00 -125.45   0.0000000
 -159.61   50.87  114.78   0.0000000
  -11.55   29.11   30.44   0.0000000
  -63.18  137.02  137.31   0.0000000
  -48.26  119.78  -76.13   0.0000000
  -33.72  156.07 -115.14   0.0000000
   15.90   35.00   25.19   0.0000000
  141.47  139.02 -111.49   0.0000000
  -19.91  139.77  -61.26   0.0000000
  112.19   19.25   85.07   0.0000000
  128.23  104.45   26.72   0.0000000
  126.55  132.28  -81.12   0.0000000
 -142.72  123.24   -6.03   0.0000000
  141.29  136.50  151.49   0.0000000
  -74.34  159.95   78.34   0.0000000
  -57.56   52.60  -83.18   0.0000000
  -39.67   32.83   43.00   0.0000000
   85.18   29.14  -65.19   0.0000000
  116.90   31.40  -49.04   0.0000000
  -22.55  108.36 -151.41   0.0000000
    5.00   39.12  -63.34   0.0000000
   49.04  156.53   79.95   0.0000000
  161.71   41.21 -145.36   0.0000000
   74.53   48.07  -74.97   0.0000000
 -127.86   45.26   10.24   0.0000000
  139.88  177.15   32.22   0.0000000
   54.48  145.42   54.85   0.0000000
  100.19   41.81  116.64   0.0000000
  100.24   83.62   31.96   0.0000000
  149.97   80.71 -144.59   0.0000000
    3.67   25.97  163.97   0.0000000
  125.74   40.09   83.51   0.0000000
  -43.11   95.23   30.20   0.0000000
  165.71   29.49  -57.38   0.0000000
  -16.10  102.54  -23.69   0.0000000
  121.03  157.62  -58.57   0.0000000
 -163.81   57.70  -85.99   0.0000000
  -82.74   51.47  -33.95   0.0000000
   -4.27   60.69   13.55   0.0000000
 -151.65   61.85   41.03   0.0000000
  -10.79  105.40   45.93   0.0000000
  -45.92   47.70   73.45   0.0000000
