          %Evm          Svm            E11          E22          E33          E23          E13          E12         SCAU11       SCAU22       SCAU33       SCAU23       SCAU13       SCAU12      TEMP
  0.00000E+00  0.28383E+03    0.00000E+00  0.00000E+00  0.00000E+00  0.00000E+00  0.00000E+00  0.00000E+00    0.00000E+00  0.00000E+00 -0.28372E+03  0.42539E+01  0.18326E+01  0.53826E+00
  0.99960E-03  0.28448E+03    0.69827E-03  0.30173E-03 -0.10000E-02  0.00000E+00  0.00000E+00  0.00000E+00    0.00000E+00  0.00000E+00 -0.28437E+03  0.42528E+01  0.17851E+01  0.54759E+00
  0.19992E-02  0.28529E+03    0.13990E-02  0.60102E-03 -0.20000E-02  0.00000E+00  0.00000E+00  0.00000E+00    0.00000E+00  0.00000E+00 -0.28518E+03  0.41883E+01  0.16740E+01  0.52119E+00
  0.29988E-02  0.28638E+03    0.20996E-02  0.90043E-03 -0.30000E-02  0.00000E+00  0.00000E+00  0.00000E+00    0.00000E+00  0.00000E+00 -0.28627E+03  0.41936E+01  0.16994E+01  0.54762E+00
  0.39984E-02  0.28721E+03    0.27994E-02  0.12006E-02 -0.40000E-02  0.00000E+00  0.00000E+00  0.00000E+00    0.00000E+00  0.00000E+00 -0.28711E+03  0.41528E+01  0.16280E+01  0.52802E+00
  0.49981E-02  0.28829E+03    0.34983E-02  0.15017E-02 -0.50000E-02  0.00000E+00  0.00000E+00  0.00000E+00    0.00000E+00  0.00000E+00 -0.28819E+03  0.41419E+01  0.16192E+01  0.53295E+00
  0.59977E-02  0.28908E+03    0.41960E-02  0.18040E-02 -0.60000E-02  0.00000E+00  0.00000E+00  0.00000E+00    0.00000E+00  0.00000E+00 -0.28898E+03  0.41054E+01  0.15693E+01  0.51809E+00
  0.69974E-02  0.29016E+03    0.48924E-02  0.21076E-02 -0.70000E-02  0.00000E+00  0.00000E+00  0.00000E+00    0.00000E+00  0.00000E+00 -0.29006E+03  0.40965E+01  0.15667E+01  0.52282E+00
  0.79970E-02  0.29094E+03    0.55875E-02  0.24125E-02 -0.80000E-02  0.00000E+00  0.00000E+00  0.00000E+00    0.00000E+00  0.00000E+00 -0.29084E+03  0.40620E+01  0.15344E+01  0.50764E+00
  0.89967E-02  0.29207E+03    0.62814E-02  0.27186E-02 -0.90000E-02  0.00000E+00  0.00000E+00  0.00000E+00    0.00000E+00  0.00000E+00 -0.29197E+03  0.40605E+01  0.15419E+01  0.51875E+00
  0.99963E-02  0.29300E+03    0.69738E-02  0.30262E-02 -0.10000E-01  0.00000E+00  0.00000E+00  0.00000E+00    0.00000E+00  0.00000E+00 -0.29290E+03  0.40388E+01  0.15295E+01  0.51231E+00
  0.10996E-01  0.29390E+03    0.76648E-02  0.33352E-02 -0.11000E-01  0.00000E+00  0.00000E+00  0.00000E+00    0.00000E+00  0.00000E+00 -0.29381E+03  0.40175E+01  0.15191E+01  0.50630E+00
  0.11996E-01  0.29480E+03    0.83545E-02  0.36455E-02 -0.12000E-01  0.00000E+00  0.00000E+00  0.00000E+00    0.00000E+00  0.00000E+00 -0.29470E+03  0.39963E+01  0.15097E+01  0.50044E+00
  0.12995E-01  0.29554E+03    0.90428E-02  0.39572E-02 -0.13000E-01  0.00000E+00  0.00000E+00  0.00000E+00    0.00000E+00  0.00000E+00 -0.29545E+03  0.39695E+01  0.14964E+01  0.49288E+00
  0.13995E-01  0.29644E+03    0.97295E-02  0.42705E-02 -0.14000E-01  0.00000E+00  0.00000E+00  0.00000E+00    0.00000E+00  0.00000E+00 -0.29635E+03  0.39496E+01  0.14885E+01  0.48786E+00
  0.14995E-01  0.29734E+03    0.10415E-01  0.45852E-02 -0.15000E-01  0.00000E+00  0.00000E+00  0.00000E+00    0.00000E+00  0.00000E+00 -0.29725E+03  0.39374E+01  0.14777E+01  0.48582E+00
  0.15994E-01  0.29823E+03    0.11099E-01  0.49015E-02 -0.16000E-01  0.00000E+00  0.00000E+00  0.00000E+00    0.00000E+00  0.00000E+00 -0.29814E+03  0.39154E+01  0.14686E+01  0.48031E+00
  0.16994E-01  0.29910E+03    0.11781E-01  0.52194E-02 -0.17000E-01  0.00000E+00  0.00000E+00  0.00000E+00    0.00000E+00  0.00000E+00 -0.29902E+03  0.38957E+01  0.14591E+01  0.47483E+00
  0.17994E-01  0.29997E+03    0.12461E-01  0.55389E-02 -0.18000E-01  0.00000E+00  0.00000E+00  0.00000E+00    0.00000E+00  0.00000E+00 -0.29989E+03  0.38764E+01  0.14491E+01  0.46944E+00
  0.18994E-01  0.30084E+03    0.13140E-01  0.58600E-02 -0.19000E-01  0.00000E+00  0.00000E+00  0.00000E+00    0.00000E+00  0.00000E+00 -0.30075E+03  0.38575E+01  0.14386E+01  0.46397E+00
  0.19993E-01  0.30164E+03    0.13817E-01  0.61827E-02 -0.20000E-01  0.00000E+00  0.00000E+00  0.00000E+00    0.00000E+00  0.00000E+00 -0.30156E+03  0.38418E+01  0.14190E+01  0.43057E+00
  0.20993E-01  0.30278E+03    0.14493E-01  0.65071E-02 -0.21000E-01  0.00000E+00  0.00000E+00  0.00000E+00    0.00000E+00  0.00000E+00 -0.30270E+03  0.38286E+01  0.14120E+01  0.43275E+00
  0.21993E-01  0.30345E+03    0.15167E-01  0.68335E-02 -0.22000E-01  0.00000E+00  0.00000E+00  0.00000E+00    0.00000E+00  0.00000E+00 -0.30337E+03  0.38116E+01  0.14055E+01  0.43463E+00
  0.22992E-01  0.30444E+03    0.15838E-01  0.71616E-02 -0.23000E-01  0.00000E+00  0.00000E+00  0.00000E+00    0.00000E+00  0.00000E+00 -0.30435E+03  0.38023E+01  0.14008E+01  0.43058E+00
  0.23992E-01  0.30514E+03    0.16509E-01  0.74914E-02 -0.24000E-01  0.00000E+00  0.00000E+00  0.00000E+00    0.00000E+00  0.00000E+00 -0.30506E+03  0.37818E+01  0.13830E+01  0.42153E+00
  0.24992E-01  0.30613E+03    0.17177E-01  0.78230E-02 -0.25000E-01  0.00000E+00  0.00000E+00  0.00000E+00    0.00000E+00  0.00000E+00 -0.30605E+03  0.37710E+01  0.13793E+01  0.42149E+00
  0.25992E-01  0.30681E+03    0.17844E-01  0.81563E-02 -0.26000E-01  0.00000E+00  0.00000E+00  0.00000E+00    0.00000E+00  0.00000E+00 -0.30674E+03  0.37525E+01  0.13612E+01  0.41158E+00
  0.26991E-01  0.30778E+03    0.18509E-01  0.84914E-02 -0.27000E-01  0.00000E+00  0.00000E+00  0.00000E+00    0.00000E+00  0.00000E+00 -0.30770E+03  0.37440E+01  0.13554E+01  0.40715E+00
  0.27991E-01  0.30846E+03    0.19172E-01  0.88283E-02 -0.28000E-01  0.00000E+00  0.00000E+00  0.00000E+00    0.00000E+00  0.00000E+00 -0.30838E+03  0.37269E+01  0.13368E+01  0.39756E+00
  0.28991E-01  0.30941E+03    0.19833E-01  0.91670E-02 -0.29000E-01  0.00000E+00  0.00000E+00  0.00000E+00    0.00000E+00  0.00000E+00 -0.30933E+03  0.37189E+01  0.13290E+01  0.39186E+00
  0.29991E-01  0.31008E+03    0.20492E-01  0.95076E-02 -0.30000E-01  0.00000E+00  0.00000E+00  0.00000E+00    0.00000E+00  0.00000E+00 -0.31000E+03  0.37030E+01  0.13083E+01  0.38247E+00
  0.30990E-01  0.31105E+03    0.21150E-01  0.98499E-02 -0.31000E-01  0.00000E+00  0.00000E+00  0.00000E+00    0.00000E+00  0.00000E+00 -0.31097E+03  0.37031E+01  0.12973E+01  0.37628E+00
  0.31990E-01  0.31171E+03    0.21806E-01  0.10194E-01 -0.32000E-01  0.00000E+00  0.00000E+00  0.00000E+00    0.00000E+00  0.00000E+00 -0.31163E+03  0.36859E+01  0.12735E+01  0.36699E+00
  0.32990E-01  0.31250E+03    0.22460E-01  0.10540E-01 -0.33000E-01  0.00000E+00  0.00000E+00  0.00000E+00    0.00000E+00  0.00000E+00 -0.31243E+03  0.36761E+01  0.12580E+01  0.35541E+00
  0.33990E-01  0.31314E+03    0.23111E-01  0.10889E-01 -0.34000E-01  0.00000E+00  0.00000E+00  0.00000E+00    0.00000E+00  0.00000E+00 -0.31306E+03  0.36603E+01  0.12179E+01  0.33512E+00
  0.34989E-01  0.31421E+03    0.23762E-01  0.11238E-01 -0.35000E-01  0.00000E+00  0.00000E+00  0.00000E+00    0.00000E+00  0.00000E+00 -0.31414E+03  0.36514E+01  0.12039E+01  0.32871E+00
  0.35989E-01  0.31473E+03    0.24410E-01  0.11590E-01 -0.36000E-01  0.00000E+00  0.00000E+00  0.00000E+00    0.00000E+00  0.00000E+00 -0.31466E+03  0.36354E+01  0.11710E+01  0.31330E+00
  0.36989E-01  0.31566E+03    0.25056E-01  0.11944E-01 -0.37000E-01  0.00000E+00  0.00000E+00  0.00000E+00    0.00000E+00  0.00000E+00 -0.31559E+03  0.36248E+01  0.11718E+01  0.32069E+00
  0.37989E-01  0.31646E+03    0.25701E-01  0.12299E-01 -0.38000E-01  0.00000E+00  0.00000E+00  0.00000E+00    0.00000E+00  0.00000E+00 -0.31639E+03  0.36134E+01  0.11497E+01  0.30960E+00
  0.38989E-01  0.31705E+03    0.26343E-01  0.12657E-01 -0.39000E-01  0.00000E+00  0.00000E+00  0.00000E+00    0.00000E+00  0.00000E+00 -0.31698E+03  0.35986E+01  0.11123E+01  0.29504E+00
  0.39988E-01  0.31799E+03    0.26984E-01  0.13016E-01 -0.40000E-01  0.00000E+00  0.00000E+00  0.00000E+00    0.00000E+00  0.00000E+00 -0.31792E+03  0.35950E+01  0.11086E+01  0.30831E+00
  0.40988E-01  0.31860E+03    0.27623E-01  0.13377E-01 -0.41000E-01  0.00000E+00  0.00000E+00  0.00000E+00    0.00000E+00  0.00000E+00 -0.31853E+03  0.35791E+01  0.10735E+01  0.29011E+00
  0.41988E-01  0.31952E+03    0.28260E-01  0.13740E-01 -0.42000E-01  0.00000E+00  0.00000E+00  0.00000E+00    0.00000E+00  0.00000E+00 -0.31946E+03  0.35825E+01  0.10740E+01  0.29194E+00
  0.42988E-01  0.32013E+03    0.28894E-01  0.14106E-01 -0.43000E-01  0.00000E+00  0.00000E+00  0.00000E+00    0.00000E+00  0.00000E+00 -0.32007E+03  0.35656E+01  0.10425E+01  0.27671E+00
  0.43988E-01  0.32102E+03    0.29528E-01  0.14472E-01 -0.44000E-01  0.00000E+00  0.00000E+00  0.00000E+00    0.00000E+00  0.00000E+00 -0.32096E+03  0.35587E+01  0.10423E+01  0.28043E+00
  0.44987E-01  0.32162E+03    0.30159E-01  0.14841E-01 -0.45000E-01  0.00000E+00  0.00000E+00  0.00000E+00    0.00000E+00  0.00000E+00 -0.32155E+03  0.35437E+01  0.10147E+01  0.26472E+00
  0.45987E-01  0.32255E+03    0.30788E-01  0.15212E-01 -0.46000E-01  0.00000E+00  0.00000E+00  0.00000E+00    0.00000E+00  0.00000E+00 -0.32248E+03  0.35405E+01  0.10143E+01  0.27429E+00
  0.46987E-01  0.32314E+03    0.31415E-01  0.15585E-01 -0.47000E-01  0.00000E+00  0.00000E+00  0.00000E+00    0.00000E+00  0.00000E+00 -0.32308E+03  0.35239E+01  0.98979E+00  0.25855E+00
  0.47987E-01  0.32407E+03    0.32040E-01  0.15960E-01 -0.48000E-01  0.00000E+00  0.00000E+00  0.00000E+00    0.00000E+00  0.00000E+00 -0.32401E+03  0.35012E+01  0.99356E+00  0.27586E+00
  0.48987E-01  0.32468E+03    0.32663E-01  0.16337E-01 -0.49000E-01  0.00000E+00  0.00000E+00  0.00000E+00    0.00000E+00  0.00000E+00 -0.32462E+03  0.34832E+01  0.97175E+00  0.26555E+00
  0.49986E-01  0.32563E+03    0.33285E-01  0.16715E-01 -0.50000E-01  0.00000E+00  0.00000E+00  0.00000E+00    0.00000E+00  0.00000E+00 -0.32557E+03  0.34862E+01  0.97390E+00  0.27084E+00
  0.50986E-01  0.32622E+03    0.33903E-01  0.17097E-01 -0.51000E-01  0.00000E+00  0.00000E+00  0.00000E+00    0.00000E+00  0.00000E+00 -0.32616E+03  0.34668E+01  0.95415E+00  0.25655E+00
  0.51986E-01  0.32716E+03    0.34520E-01  0.17480E-01 -0.52000E-01  0.00000E+00  0.00000E+00  0.00000E+00    0.00000E+00  0.00000E+00 -0.32710E+03  0.34524E+01  0.95655E+00  0.26477E+00
  0.52986E-01  0.32775E+03    0.35135E-01  0.17865E-01 -0.53000E-01  0.00000E+00  0.00000E+00  0.00000E+00    0.00000E+00  0.00000E+00 -0.32769E+03  0.34355E+01  0.93926E+00  0.25093E+00
  0.53986E-01  0.32847E+03    0.35748E-01  0.18252E-01 -0.54000E-01  0.00000E+00  0.00000E+00  0.00000E+00    0.00000E+00  0.00000E+00 -0.32842E+03  0.34237E+01  0.93210E+00  0.24625E+00
  0.54985E-01  0.32941E+03    0.36359E-01  0.18641E-01 -0.55000E-01  0.00000E+00  0.00000E+00  0.00000E+00    0.00000E+00  0.00000E+00 -0.32935E+03  0.34118E+01  0.93241E+00  0.24465E+00
  0.55985E-01  0.32998E+03    0.36968E-01  0.19032E-01 -0.56000E-01  0.00000E+00  0.00000E+00  0.00000E+00    0.00000E+00  0.00000E+00 -0.32992E+03  0.33951E+01  0.91862E+00  0.23239E+00
  0.56985E-01  0.33090E+03    0.37575E-01  0.19425E-01 -0.57000E-01  0.00000E+00  0.00000E+00  0.00000E+00    0.00000E+00  0.00000E+00 -0.33084E+03  0.33804E+01  0.91752E+00  0.22480E+00
  0.57985E-01  0.33147E+03    0.38180E-01  0.19820E-01 -0.58000E-01  0.00000E+00  0.00000E+00  0.00000E+00    0.00000E+00  0.00000E+00 -0.33141E+03  0.33640E+01  0.90418E+00  0.21258E+00
  0.58985E-01  0.33220E+03    0.38783E-01  0.20217E-01 -0.59000E-01  0.00000E+00  0.00000E+00  0.00000E+00    0.00000E+00  0.00000E+00 -0.33214E+03  0.33448E+01  0.89534E+00  0.20331E+00
  0.59985E-01  0.33310E+03    0.39384E-01  0.20616E-01 -0.60000E-01  0.00000E+00  0.00000E+00  0.00000E+00    0.00000E+00  0.00000E+00 -0.33304E+03  0.33491E+01  0.89401E+00  0.21340E+00
  0.60984E-01  0.33366E+03    0.39983E-01  0.21017E-01 -0.61000E-01  0.00000E+00  0.00000E+00  0.00000E+00    0.00000E+00  0.00000E+00 -0.33361E+03  0.33306E+01  0.88115E+00  0.20259E+00
  0.61984E-01  0.33438E+03    0.40580E-01  0.21420E-01 -0.62000E-01  0.00000E+00  0.00000E+00  0.00000E+00    0.00000E+00  0.00000E+00 -0.33432E+03  0.33194E+01  0.87501E+00  0.19862E+00
  0.62984E-01  0.33532E+03    0.41175E-01  0.21825E-01 -0.63000E-01  0.00000E+00  0.00000E+00  0.00000E+00    0.00000E+00  0.00000E+00 -0.33527E+03  0.33271E+01  0.87486E+00  0.20467E+00
  0.63984E-01  0.33590E+03    0.41768E-01  0.22232E-01 -0.64000E-01  0.00000E+00  0.00000E+00  0.00000E+00    0.00000E+00  0.00000E+00 -0.33584E+03  0.33071E+01  0.86341E+00  0.19258E+00
  0.64984E-01  0.33661E+03    0.42359E-01  0.22641E-01 -0.65000E-01  0.00000E+00  0.00000E+00  0.00000E+00    0.00000E+00  0.00000E+00 -0.33656E+03  0.32966E+01  0.86042E+00  0.18898E+00
  0.65984E-01  0.33734E+03    0.42949E-01  0.23051E-01 -0.66000E-01  0.00000E+00  0.00000E+00  0.00000E+00    0.00000E+00  0.00000E+00 -0.33729E+03  0.32764E+01  0.85876E+00  0.18084E+00
  0.66984E-01  0.33808E+03    0.43536E-01  0.23464E-01 -0.67000E-01  0.00000E+00  0.00000E+00  0.00000E+00    0.00000E+00  0.00000E+00 -0.33803E+03  0.32616E+01  0.83905E+00  0.16840E+00
  0.67983E-01  0.33878E+03    0.44122E-01  0.23878E-01 -0.68000E-01  0.00000E+00  0.00000E+00  0.00000E+00    0.00000E+00  0.00000E+00 -0.33873E+03  0.32547E+01  0.83681E+00  0.16890E+00
  0.68983E-01  0.33951E+03    0.44705E-01  0.24295E-01 -0.69000E-01  0.00000E+00  0.00000E+00  0.00000E+00    0.00000E+00  0.00000E+00 -0.33946E+03  0.32312E+01  0.81903E+00  0.16293E+00
  0.69983E-01  0.34021E+03    0.45287E-01  0.24713E-01 -0.70000E-01  0.00000E+00  0.00000E+00  0.00000E+00    0.00000E+00  0.00000E+00 -0.34017E+03  0.32242E+01  0.83427E+00  0.16058E+00
  0.70983E-01  0.34094E+03    0.45867E-01  0.25133E-01 -0.71000E-01  0.00000E+00  0.00000E+00  0.00000E+00    0.00000E+00  0.00000E+00 -0.34089E+03  0.32067E+01  0.82974E+00  0.15445E+00
  0.71983E-01  0.34165E+03    0.46446E-01  0.25554E-01 -0.72000E-01  0.00000E+00  0.00000E+00  0.00000E+00    0.00000E+00  0.00000E+00 -0.34160E+03  0.31971E+01  0.82239E+00  0.15110E+00
  0.72983E-01  0.34237E+03    0.47022E-01  0.25978E-01 -0.73000E-01  0.00000E+00  0.00000E+00  0.00000E+00    0.00000E+00  0.00000E+00 -0.34233E+03  0.31923E+01  0.81295E+00  0.15493E+00
  0.73983E-01  0.34332E+03    0.47597E-01  0.26403E-01 -0.74000E-01  0.00000E+00  0.00000E+00  0.00000E+00    0.00000E+00  0.00000E+00 -0.34327E+03  0.31622E+01  0.80922E+00  0.15909E+00
  0.74982E-01  0.34391E+03    0.48169E-01  0.26831E-01 -0.75000E-01  0.00000E+00  0.00000E+00  0.00000E+00    0.00000E+00  0.00000E+00 -0.34386E+03  0.31571E+01  0.79772E+00  0.14846E+00
  0.75982E-01  0.34468E+03    0.48739E-01  0.27261E-01 -0.76000E-01  0.00000E+00  0.00000E+00  0.00000E+00    0.00000E+00  0.00000E+00 -0.34464E+03  0.31278E+01  0.79230E+00  0.16818E+00
  0.76982E-01  0.34540E+03    0.49307E-01  0.27693E-01 -0.77000E-01  0.00000E+00  0.00000E+00  0.00000E+00    0.00000E+00  0.00000E+00 -0.34536E+03  0.31183E+01  0.78534E+00  0.15863E+00
  0.77982E-01  0.34611E+03    0.49873E-01  0.28127E-01 -0.78000E-01  0.00000E+00  0.00000E+00  0.00000E+00    0.00000E+00  0.00000E+00 -0.34607E+03  0.31069E+01  0.77902E+00  0.15443E+00
  0.78982E-01  0.34682E+03    0.50437E-01  0.28563E-01 -0.79000E-01  0.00000E+00  0.00000E+00  0.00000E+00    0.00000E+00  0.00000E+00 -0.34677E+03  0.30934E+01  0.77263E+00  0.15243E+00
  0.79982E-01  0.34759E+03    0.51000E-01  0.29000E-01 -0.80000E-01  0.00000E+00  0.00000E+00  0.00000E+00    0.00000E+00  0.00000E+00 -0.34754E+03  0.31196E+01  0.76777E+00  0.13712E+00
  0.80982E-01  0.34833E+03    0.51560E-01  0.29440E-01 -0.81000E-01  0.00000E+00  0.00000E+00  0.00000E+00    0.00000E+00  0.00000E+00 -0.34828E+03  0.30769E+01  0.76160E+00  0.13756E+00
  0.81981E-01  0.34904E+03    0.52119E-01  0.29881E-01 -0.82000E-01  0.00000E+00  0.00000E+00  0.00000E+00    0.00000E+00  0.00000E+00 -0.34899E+03  0.30684E+01  0.75581E+00  0.13477E+00
  0.82981E-01  0.34969E+03    0.52675E-01  0.30325E-01 -0.83000E-01  0.00000E+00  0.00000E+00  0.00000E+00    0.00000E+00  0.00000E+00 -0.34965E+03  0.30352E+01  0.74581E+00  0.12417E+00
  0.83981E-01  0.35045E+03    0.53230E-01  0.30770E-01 -0.84000E-01  0.00000E+00  0.00000E+00  0.00000E+00    0.00000E+00  0.00000E+00 -0.35040E+03  0.30402E+01  0.74488E+00  0.12836E+00
  0.84981E-01  0.35110E+03    0.53784E-01  0.31216E-01 -0.85000E-01  0.00000E+00  0.00000E+00  0.00000E+00    0.00000E+00  0.00000E+00 -0.35106E+03  0.30060E+01  0.73587E+00  0.11813E+00
  0.85981E-01  0.35181E+03    0.54336E-01  0.31664E-01 -0.86000E-01  0.00000E+00  0.00000E+00  0.00000E+00    0.00000E+00  0.00000E+00 -0.35177E+03  0.29896E+01  0.73144E+00  0.11443E+00
  0.86981E-01  0.35255E+03    0.54886E-01  0.32114E-01 -0.87000E-01  0.00000E+00  0.00000E+00  0.00000E+00    0.00000E+00  0.00000E+00 -0.35251E+03  0.29971E+01  0.73098E+00  0.11887E+00
  0.87981E-01  0.35320E+03    0.55435E-01  0.32565E-01 -0.88000E-01  0.00000E+00  0.00000E+00  0.00000E+00    0.00000E+00  0.00000E+00 -0.35316E+03  0.29678E+01  0.72238E+00  0.10788E+00
  0.88981E-01  0.35391E+03    0.55982E-01  0.33018E-01 -0.89000E-01  0.00000E+00  0.00000E+00  0.00000E+00    0.00000E+00  0.00000E+00 -0.35387E+03  0.29525E+01  0.71897E+00  0.10420E+00
  0.89981E-01  0.35460E+03    0.56527E-01  0.33473E-01 -0.90000E-01  0.00000E+00  0.00000E+00  0.00000E+00    0.00000E+00  0.00000E+00 -0.35457E+03  0.29471E+01  0.71784E+00  0.99142E-01
  0.90980E-01  0.35531E+03    0.57072E-01  0.33928E-01 -0.91000E-01  0.00000E+00  0.00000E+00  0.00000E+00    0.00000E+00  0.00000E+00 -0.35527E+03  0.29345E+01  0.71608E+00  0.96578E-01
  0.91980E-01  0.35594E+03    0.57614E-01  0.34386E-01 -0.92000E-01  0.00000E+00  0.00000E+00  0.00000E+00    0.00000E+00  0.00000E+00 -0.35590E+03  0.29040E+01  0.70240E+00  0.98763E-01
  0.92980E-01  0.35663E+03    0.58155E-01  0.34845E-01 -0.93000E-01  0.00000E+00  0.00000E+00  0.00000E+00    0.00000E+00  0.00000E+00 -0.35659E+03  0.28935E+01  0.70081E+00  0.82287E-01
  0.93980E-01  0.35735E+03    0.58695E-01  0.35305E-01 -0.94000E-01  0.00000E+00  0.00000E+00  0.00000E+00    0.00000E+00  0.00000E+00 -0.35732E+03  0.28602E+01  0.70008E+00  0.87713E-01
  0.94980E-01  0.35800E+03    0.59232E-01  0.35768E-01 -0.95000E-01  0.00000E+00  0.00000E+00  0.00000E+00    0.00000E+00  0.00000E+00 -0.35796E+03  0.28102E+01  0.69225E+00  0.77490E-01
  0.95980E-01  0.35870E+03    0.59769E-01  0.36231E-01 -0.96000E-01  0.00000E+00  0.00000E+00  0.00000E+00    0.00000E+00  0.00000E+00 -0.35867E+03  0.27921E+01  0.68619E+00  0.73469E-01
  0.96980E-01  0.35942E+03    0.60304E-01  0.36696E-01 -0.97000E-01  0.00000E+00  0.00000E+00  0.00000E+00    0.00000E+00  0.00000E+00 -0.35939E+03  0.27848E+01  0.68207E+00  0.74248E-01
  0.97980E-01  0.36012E+03    0.60837E-01  0.37163E-01 -0.98000E-01  0.00000E+00  0.00000E+00  0.00000E+00    0.00000E+00  0.00000E+00 -0.36008E+03  0.27611E+01  0.67589E+00  0.68632E-01
  0.98980E-01  0.36080E+03    0.61369E-01  0.37631E-01 -0.99000E-01  0.00000E+00  0.00000E+00  0.00000E+00    0.00000E+00  0.00000E+00 -0.36077E+03  0.27414E+01  0.67000E+00  0.64457E-01
  0.99980E-01  0.36149E+03    0.61899E-01  0.38101E-01 -0.10000E+00  0.00000E+00  0.00000E+00  0.00000E+00    0.00000E+00  0.00000E+00 -0.36146E+03  0.27210E+01  0.66418E+00  0.60649E-01
  0.10098E+00  0.36218E+03    0.62429E-01  0.38571E-01 -0.10100E+00  0.00000E+00  0.00000E+00  0.00000E+00    0.00000E+00  0.00000E+00 -0.36214E+03  0.27014E+01  0.65838E+00  0.55255E-01
  0.10198E+00  0.36286E+03    0.62956E-01  0.39044E-01 -0.10200E+00  0.00000E+00  0.00000E+00  0.00000E+00    0.00000E+00  0.00000E+00 -0.36283E+03  0.26818E+01  0.65254E+00  0.51131E-01
  0.10298E+00  0.36354E+03    0.63483E-01  0.39517E-01 -0.10300E+00  0.00000E+00  0.00000E+00  0.00000E+00    0.00000E+00  0.00000E+00 -0.36351E+03  0.26625E+01  0.64688E+00  0.47059E-01
  0.10398E+00  0.36422E+03    0.64008E-01  0.39992E-01 -0.10400E+00  0.00000E+00  0.00000E+00  0.00000E+00    0.00000E+00  0.00000E+00 -0.36419E+03  0.26431E+01  0.64048E+00  0.42793E-01
  0.10498E+00  0.36490E+03    0.64531E-01  0.40469E-01 -0.10500E+00  0.00000E+00  0.00000E+00  0.00000E+00    0.00000E+00  0.00000E+00 -0.36487E+03  0.26197E+01  0.63475E+00  0.40068E-01
  0.10598E+00  0.36557E+03    0.65053E-01  0.40947E-01 -0.10600E+00  0.00000E+00  0.00000E+00  0.00000E+00    0.00000E+00  0.00000E+00 -0.36555E+03  0.25987E+01  0.62901E+00  0.36788E-01
  0.10698E+00  0.36625E+03    0.65574E-01  0.41426E-01 -0.10700E+00  0.00000E+00  0.00000E+00  0.00000E+00    0.00000E+00  0.00000E+00 -0.36622E+03  0.25790E+01  0.62248E+00  0.33187E-01
  0.10798E+00  0.36693E+03    0.66094E-01  0.41906E-01 -0.10800E+00  0.00000E+00  0.00000E+00  0.00000E+00    0.00000E+00  0.00000E+00 -0.36690E+03  0.25595E+01  0.61651E+00  0.29640E-01
  0.10898E+00  0.36760E+03    0.66612E-01  0.42388E-01 -0.10900E+00  0.00000E+00  0.00000E+00  0.00000E+00    0.00000E+00  0.00000E+00 -0.36757E+03  0.25406E+01  0.61033E+00  0.25886E-01
  0.10998E+00  0.36827E+03    0.67128E-01  0.42872E-01 -0.11000E+00  0.00000E+00  0.00000E+00  0.00000E+00    0.00000E+00  0.00000E+00 -0.36824E+03  0.25236E+01  0.60523E+00  0.21436E-01
  0.11098E+00  0.36895E+03    0.67644E-01  0.43356E-01 -0.11100E+00  0.00000E+00  0.00000E+00  0.00000E+00    0.00000E+00  0.00000E+00 -0.36893E+03  0.25029E+01  0.60187E+00  0.25515E-01
  0.11198E+00  0.36963E+03    0.68158E-01  0.43842E-01 -0.11200E+00  0.00000E+00  0.00000E+00  0.00000E+00    0.00000E+00  0.00000E+00 -0.36960E+03  0.24863E+01  0.59689E+00  0.18390E-01
  0.11298E+00  0.37029E+03    0.68671E-01  0.44329E-01 -0.11300E+00  0.00000E+00  0.00000E+00  0.00000E+00    0.00000E+00  0.00000E+00 -0.37027E+03  0.24694E+01  0.59253E+00  0.14491E-01
  0.11398E+00  0.37100E+03    0.69182E-01  0.44818E-01 -0.11400E+00  0.00000E+00  0.00000E+00  0.00000E+00    0.00000E+00  0.00000E+00 -0.37097E+03  0.24366E+01  0.58283E+00  0.12561E-01
  0.11498E+00  0.37168E+03    0.69693E-01  0.45307E-01 -0.11500E+00  0.00000E+00  0.00000E+00  0.00000E+00    0.00000E+00  0.00000E+00 -0.37165E+03  0.24257E+01  0.58061E+00  0.83130E-02
  0.11598E+00  0.37235E+03    0.70201E-01  0.45799E-01 -0.11600E+00  0.00000E+00  0.00000E+00  0.00000E+00    0.00000E+00  0.00000E+00 -0.37232E+03  0.24088E+01  0.57733E+00  0.48987E-02
  0.11698E+00  0.37301E+03    0.70709E-01  0.46291E-01 -0.11700E+00  0.00000E+00  0.00000E+00  0.00000E+00    0.00000E+00  0.00000E+00 -0.37299E+03  0.23936E+01  0.57273E+00  0.14070E-02
  0.11798E+00  0.37368E+03    0.71215E-01  0.46785E-01 -0.11800E+00  0.00000E+00  0.00000E+00  0.00000E+00    0.00000E+00  0.00000E+00 -0.37365E+03  0.23782E+01  0.56815E+00 -0.17312E-02
  0.11898E+00  0.37434E+03    0.71720E-01  0.47280E-01 -0.11900E+00  0.00000E+00  0.00000E+00  0.00000E+00    0.00000E+00  0.00000E+00 -0.37432E+03  0.23639E+01  0.56263E+00 -0.32139E-02
  0.11998E+00  0.37500E+03    0.72223E-01  0.47777E-01 -0.12000E+00  0.00000E+00  0.00000E+00  0.00000E+00    0.00000E+00  0.00000E+00 -0.37498E+03  0.23501E+01  0.55757E+00 -0.57839E-02
  0.12098E+00  0.37567E+03    0.72726E-01  0.48274E-01 -0.12100E+00  0.00000E+00  0.00000E+00  0.00000E+00    0.00000E+00  0.00000E+00 -0.37564E+03  0.23372E+01  0.55254E+00 -0.84312E-02
  0.12198E+00  0.37633E+03    0.73227E-01  0.48773E-01 -0.12200E+00  0.00000E+00  0.00000E+00  0.00000E+00    0.00000E+00  0.00000E+00 -0.37630E+03  0.23249E+01  0.54813E+00 -0.11138E-01
  0.12298E+00  0.37699E+03    0.73727E-01  0.49273E-01 -0.12300E+00  0.00000E+00  0.00000E+00  0.00000E+00    0.00000E+00  0.00000E+00 -0.37696E+03  0.23136E+01  0.54309E+00 -0.14085E-01
  0.12398E+00  0.37765E+03    0.74225E-01  0.49775E-01 -0.12400E+00  0.00000E+00  0.00000E+00  0.00000E+00    0.00000E+00  0.00000E+00 -0.37762E+03  0.23029E+01  0.53796E+00 -0.16984E-01
  0.12498E+00  0.37830E+03    0.74722E-01  0.50278E-01 -0.12500E+00  0.00000E+00  0.00000E+00  0.00000E+00    0.00000E+00  0.00000E+00 -0.37828E+03  0.22918E+01  0.53536E+00 -0.18950E-01
  0.12598E+00  0.37896E+03    0.75218E-01  0.50782E-01 -0.12600E+00  0.00000E+00  0.00000E+00  0.00000E+00    0.00000E+00  0.00000E+00 -0.37894E+03  0.22819E+01  0.53289E+00 -0.16365E-01
  0.12698E+00  0.37962E+03    0.75713E-01  0.51287E-01 -0.12700E+00  0.00000E+00  0.00000E+00  0.00000E+00    0.00000E+00  0.00000E+00 -0.37960E+03  0.22739E+01  0.53072E+00 -0.15958E-01
  0.12798E+00  0.38028E+03    0.76207E-01  0.51793E-01 -0.12800E+00  0.00000E+00  0.00000E+00  0.00000E+00    0.00000E+00  0.00000E+00 -0.38025E+03  0.22656E+01  0.52823E+00 -0.16140E-01
  0.12898E+00  0.38093E+03    0.76699E-01  0.52301E-01 -0.12900E+00  0.00000E+00  0.00000E+00  0.00000E+00    0.00000E+00  0.00000E+00 -0.38091E+03  0.22578E+01  0.52694E+00 -0.15884E-01
  0.12998E+00  0.38159E+03    0.77190E-01  0.52810E-01 -0.13000E+00  0.00000E+00  0.00000E+00  0.00000E+00    0.00000E+00  0.00000E+00 -0.38156E+03  0.22502E+01  0.52488E+00 -0.15884E-01
  0.13098E+00  0.38224E+03    0.77680E-01  0.53320E-01 -0.13100E+00  0.00000E+00  0.00000E+00  0.00000E+00    0.00000E+00  0.00000E+00 -0.38222E+03  0.22434E+01  0.52211E+00 -0.16348E-01
  0.13198E+00  0.38289E+03    0.78169E-01  0.53831E-01 -0.13200E+00  0.00000E+00  0.00000E+00  0.00000E+00    0.00000E+00  0.00000E+00 -0.38287E+03  0.22371E+01  0.51922E+00 -0.16951E-01
  0.13298E+00  0.38354E+03    0.78657E-01  0.54343E-01 -0.13300E+00  0.00000E+00  0.00000E+00  0.00000E+00    0.00000E+00  0.00000E+00 -0.38352E+03  0.22315E+01  0.51511E+00 -0.17467E-01
  0.13398E+00  0.38419E+03    0.79143E-01  0.54857E-01 -0.13400E+00  0.00000E+00  0.00000E+00  0.00000E+00    0.00000E+00  0.00000E+00 -0.38417E+03  0.22276E+01  0.51100E+00 -0.18351E-01
  0.13498E+00  0.38484E+03    0.79629E-01  0.55371E-01 -0.13500E+00  0.00000E+00  0.00000E+00  0.00000E+00    0.00000E+00  0.00000E+00 -0.38482E+03  0.22248E+01  0.50692E+00 -0.19422E-01
  0.13598E+00  0.38549E+03    0.80113E-01  0.55887E-01 -0.13600E+00  0.00000E+00  0.00000E+00  0.00000E+00    0.00000E+00  0.00000E+00 -0.38547E+03  0.22218E+01  0.50263E+00 -0.20644E-01
  0.13698E+00  0.38614E+03    0.80596E-01  0.56404E-01 -0.13700E+00  0.00000E+00  0.00000E+00  0.00000E+00    0.00000E+00  0.00000E+00 -0.38611E+03  0.22183E+01  0.49773E+00 -0.21034E-01
  0.13798E+00  0.38678E+03    0.81078E-01  0.56922E-01 -0.13800E+00  0.00000E+00  0.00000E+00  0.00000E+00    0.00000E+00  0.00000E+00 -0.38676E+03  0.22128E+01  0.49218E+00 -0.21711E-01
  0.13898E+00  0.38787E+03    0.81558E-01  0.57442E-01 -0.13900E+00  0.00000E+00  0.00000E+00  0.00000E+00    0.00000E+00  0.00000E+00 -0.38785E+03  0.21882E+01  0.47667E+00 -0.28689E-01
  0.13998E+00  0.38849E+03    0.82038E-01  0.57962E-01 -0.14000E+00  0.00000E+00  0.00000E+00  0.00000E+00    0.00000E+00  0.00000E+00 -0.38847E+03  0.21965E+01  0.47528E+00 -0.27017E-01
  0.14098E+00  0.38914E+03    0.82517E-01  0.58483E-01 -0.14100E+00  0.00000E+00  0.00000E+00  0.00000E+00    0.00000E+00  0.00000E+00 -0.38912E+03  0.21918E+01  0.47018E+00 -0.28316E-01
  0.14198E+00  0.38978E+03    0.82994E-01  0.59006E-01 -0.14200E+00  0.00000E+00  0.00000E+00  0.00000E+00    0.00000E+00  0.00000E+00 -0.38976E+03  0.21890E+01  0.46591E+00 -0.29149E-01
  0.14298E+00  0.39043E+03    0.83470E-01  0.59530E-01 -0.14300E+00  0.00000E+00  0.00000E+00  0.00000E+00    0.00000E+00  0.00000E+00 -0.39041E+03  0.21802E+01  0.46111E+00 -0.30336E-01
  0.14398E+00  0.39107E+03    0.83945E-01  0.60055E-01 -0.14400E+00  0.00000E+00  0.00000E+00  0.00000E+00    0.00000E+00  0.00000E+00 -0.39105E+03  0.21721E+01  0.45659E+00 -0.31464E-01
  0.14498E+00  0.39171E+03    0.84419E-01  0.60581E-01 -0.14500E+00  0.00000E+00  0.00000E+00  0.00000E+00    0.00000E+00  0.00000E+00 -0.39169E+03  0.21668E+01  0.45313E+00 -0.32405E-01
  0.14598E+00  0.39235E+03    0.84892E-01  0.61108E-01 -0.14600E+00  0.00000E+00  0.00000E+00  0.00000E+00    0.00000E+00  0.00000E+00 -0.39233E+03  0.21645E+01  0.44970E+00 -0.32331E-01
  0.14698E+00  0.39298E+03    0.85364E-01  0.61636E-01 -0.14700E+00  0.00000E+00  0.00000E+00  0.00000E+00    0.00000E+00  0.00000E+00 -0.39297E+03  0.21631E+01  0.44660E+00 -0.31939E-01
  0.14798E+00  0.39362E+03    0.85834E-01  0.62166E-01 -0.14800E+00  0.00000E+00  0.00000E+00  0.00000E+00    0.00000E+00  0.00000E+00 -0.39360E+03  0.21599E+01  0.44406E+00 -0.32074E-01
  0.14898E+00  0.39426E+03    0.86304E-01  0.62696E-01 -0.14900E+00  0.00000E+00  0.00000E+00  0.00000E+00    0.00000E+00  0.00000E+00 -0.39424E+03  0.21550E+01  0.44249E+00 -0.32476E-01
  0.14998E+00  0.39495E+03    0.86772E-01  0.63228E-01 -0.15000E+00  0.00000E+00  0.00000E+00  0.00000E+00    0.00000E+00  0.00000E+00 -0.39493E+03  0.21502E+01  0.45880E+00 -0.20130E-01
  0.15098E+00  0.39557E+03    0.87240E-01  0.63760E-01 -0.15100E+00  0.00000E+00  0.00000E+00  0.00000E+00    0.00000E+00  0.00000E+00 -0.39555E+03  0.21441E+01  0.43926E+00 -0.30723E-01
  0.15198E+00  0.39621E+03    0.87706E-01  0.64294E-01 -0.15200E+00  0.00000E+00  0.00000E+00  0.00000E+00    0.00000E+00  0.00000E+00 -0.39619E+03  0.21408E+01  0.43996E+00 -0.29723E-01
  0.15298E+00  0.39684E+03    0.88171E-01  0.64829E-01 -0.15300E+00  0.00000E+00  0.00000E+00  0.00000E+00    0.00000E+00  0.00000E+00 -0.39682E+03  0.21384E+01  0.43918E+00 -0.29492E-01
  0.15398E+00  0.39747E+03    0.88636E-01  0.65364E-01 -0.15400E+00  0.00000E+00  0.00000E+00  0.00000E+00    0.00000E+00  0.00000E+00 -0.39745E+03  0.21360E+01  0.43897E+00 -0.29274E-01
  0.15498E+00  0.39810E+03    0.89099E-01  0.65901E-01 -0.15500E+00  0.00000E+00  0.00000E+00  0.00000E+00    0.00000E+00  0.00000E+00 -0.39808E+03  0.21338E+01  0.43908E+00 -0.29013E-01
  0.15598E+00  0.39873E+03    0.89561E-01  0.66439E-01 -0.15600E+00  0.00000E+00  0.00000E+00  0.00000E+00    0.00000E+00  0.00000E+00 -0.39871E+03  0.21330E+01  0.43962E+00 -0.28709E-01
  0.15698E+00  0.39935E+03    0.90022E-01  0.66978E-01 -0.15700E+00  0.00000E+00  0.00000E+00  0.00000E+00    0.00000E+00  0.00000E+00 -0.39934E+03  0.21328E+01  0.44052E+00 -0.28282E-01
  0.15798E+00  0.39998E+03    0.90482E-01  0.67518E-01 -0.15800E+00  0.00000E+00  0.00000E+00  0.00000E+00    0.00000E+00  0.00000E+00 -0.39996E+03  0.21321E+01  0.44143E+00 -0.27968E-01
  0.15898E+00  0.40060E+03    0.90941E-01  0.68059E-01 -0.15900E+00  0.00000E+00  0.00000E+00  0.00000E+00    0.00000E+00  0.00000E+00 -0.40059E+03  0.21315E+01  0.44257E+00 -0.27556E-01
  0.15998E+00  0.40123E+03    0.91399E-01  0.68601E-01 -0.16000E+00  0.00000E+00  0.00000E+00  0.00000E+00    0.00000E+00  0.00000E+00 -0.40121E+03  0.21310E+01  0.44383E+00 -0.27039E-01
  0.16098E+00  0.40185E+03    0.91857E-01  0.69143E-01 -0.16100E+00  0.00000E+00  0.00000E+00  0.00000E+00    0.00000E+00  0.00000E+00 -0.40183E+03  0.21308E+01  0.44519E+00 -0.26588E-01
  0.16198E+00  0.40247E+03    0.92313E-01  0.69687E-01 -0.16200E+00  0.00000E+00  0.00000E+00  0.00000E+00    0.00000E+00  0.00000E+00 -0.40245E+03  0.21306E+01  0.44664E+00 -0.25962E-01
  0.16298E+00  0.40308E+03    0.92768E-01  0.70232E-01 -0.16300E+00  0.00000E+00  0.00000E+00  0.00000E+00    0.00000E+00  0.00000E+00 -0.40307E+03  0.21306E+01  0.44819E+00 -0.25237E-01
  0.16398E+00  0.40370E+03    0.93222E-01  0.70778E-01 -0.16400E+00  0.00000E+00  0.00000E+00  0.00000E+00    0.00000E+00  0.00000E+00 -0.40368E+03  0.21308E+01  0.44980E+00 -0.24414E-01
  0.16498E+00  0.40431E+03    0.93675E-01  0.71325E-01 -0.16500E+00  0.00000E+00  0.00000E+00  0.00000E+00    0.00000E+00  0.00000E+00 -0.40430E+03  0.21311E+01  0.45157E+00 -0.24103E-01
  0.16598E+00  0.40493E+03    0.94128E-01  0.71872E-01 -0.16600E+00  0.00000E+00  0.00000E+00  0.00000E+00    0.00000E+00  0.00000E+00 -0.40491E+03  0.21314E+01  0.45408E+00 -0.22961E-01
  0.16698E+00  0.40554E+03    0.94579E-01  0.72421E-01 -0.16700E+00  0.00000E+00  0.00000E+00  0.00000E+00    0.00000E+00  0.00000E+00 -0.40552E+03  0.21319E+01  0.45614E+00 -0.21890E-01
  0.16798E+00  0.40615E+03    0.95030E-01  0.72970E-01 -0.16800E+00  0.00000E+00  0.00000E+00  0.00000E+00    0.00000E+00  0.00000E+00 -0.40613E+03  0.21327E+01  0.45833E+00 -0.20669E-01
  0.16898E+00  0.40675E+03    0.95479E-01  0.73521E-01 -0.16900E+00  0.00000E+00  0.00000E+00  0.00000E+00    0.00000E+00  0.00000E+00 -0.40674E+03  0.21334E+01  0.46065E+00 -0.19306E-01
  0.16998E+00  0.40736E+03    0.95928E-01  0.74072E-01 -0.17000E+00  0.00000E+00  0.00000E+00  0.00000E+00    0.00000E+00  0.00000E+00 -0.40734E+03  0.21343E+01  0.46314E+00 -0.18803E-01
  0.17098E+00  0.40796E+03    0.96376E-01  0.74624E-01 -0.17100E+00  0.00000E+00  0.00000E+00  0.00000E+00    0.00000E+00  0.00000E+00 -0.40795E+03  0.21353E+01  0.46592E+00 -0.19255E-01
  0.17198E+00  0.40856E+03    0.96823E-01  0.75177E-01 -0.17200E+00  0.00000E+00  0.00000E+00  0.00000E+00    0.00000E+00  0.00000E+00 -0.40855E+03  0.21365E+01  0.46901E+00 -0.18344E-01
  0.17298E+00  0.40917E+03    0.97269E-01  0.75731E-01 -0.17300E+00  0.00000E+00  0.00000E+00  0.00000E+00    0.00000E+00  0.00000E+00 -0.40915E+03  0.21374E+01  0.47234E+00 -0.17010E-01
  0.17398E+00  0.40976E+03    0.97714E-01  0.76286E-01 -0.17400E+00  0.00000E+00  0.00000E+00  0.00000E+00    0.00000E+00  0.00000E+00 -0.40975E+03  0.21385E+01  0.47588E+00 -0.15706E-01
  0.17498E+00  0.41036E+03    0.98159E-01  0.76841E-01 -0.17500E+00  0.00000E+00  0.00000E+00  0.00000E+00    0.00000E+00  0.00000E+00 -0.41034E+03  0.21393E+01  0.47971E+00 -0.14097E-01
  0.17598E+00  0.41095E+03    0.98602E-01  0.77398E-01 -0.17600E+00  0.00000E+00  0.00000E+00  0.00000E+00    0.00000E+00  0.00000E+00 -0.41094E+03  0.21408E+01  0.48372E+00 -0.10751E-01
  0.17698E+00  0.41155E+03    0.99045E-01  0.77955E-01 -0.17700E+00  0.00000E+00  0.00000E+00  0.00000E+00    0.00000E+00  0.00000E+00 -0.41153E+03  0.21425E+01  0.48752E+00 -0.79598E-02
  0.17798E+00  0.41214E+03    0.99487E-01  0.78513E-01 -0.17800E+00  0.00000E+00  0.00000E+00  0.00000E+00    0.00000E+00  0.00000E+00 -0.41212E+03  0.21416E+01  0.49294E+00 -0.11048E-02
  0.17898E+00  0.41273E+03    0.99928E-01  0.79072E-01 -0.17900E+00  0.00000E+00  0.00000E+00  0.00000E+00    0.00000E+00  0.00000E+00 -0.41271E+03  0.21422E+01  0.49807E+00  0.45536E-02
  0.17998E+00  0.41331E+03    0.10037E+00  0.79631E-01 -0.18000E+00  0.00000E+00  0.00000E+00  0.00000E+00    0.00000E+00  0.00000E+00 -0.41329E+03  0.21432E+01  0.50346E+00  0.84521E-02
  0.18098E+00  0.41390E+03    0.10081E+00  0.80192E-01 -0.18100E+00  0.00000E+00  0.00000E+00  0.00000E+00    0.00000E+00  0.00000E+00 -0.41388E+03  0.21410E+01  0.50747E+00  0.62674E-02
  0.18198E+00  0.41448E+03    0.10125E+00  0.80753E-01 -0.18200E+00  0.00000E+00  0.00000E+00  0.00000E+00    0.00000E+00  0.00000E+00 -0.41446E+03  0.21416E+01  0.51217E+00  0.87511E-02
  0.18297E+00  0.41506E+03    0.10169E+00  0.81314E-01 -0.18300E+00  0.00000E+00  0.00000E+00  0.00000E+00    0.00000E+00  0.00000E+00 -0.41505E+03  0.21422E+01  0.51708E+00  0.10803E-01
  0.18397E+00  0.41564E+03    0.10212E+00  0.81877E-01 -0.18400E+00  0.00000E+00  0.00000E+00  0.00000E+00    0.00000E+00  0.00000E+00 -0.41563E+03  0.21430E+01  0.52206E+00  0.12920E-01
  0.18497E+00  0.41622E+03    0.10256E+00  0.82440E-01 -0.18500E+00  0.00000E+00  0.00000E+00  0.00000E+00    0.00000E+00  0.00000E+00 -0.41620E+03  0.21441E+01  0.52710E+00  0.15042E-01
  0.18597E+00  0.41680E+03    0.10300E+00  0.83004E-01 -0.18600E+00  0.00000E+00  0.00000E+00  0.00000E+00    0.00000E+00  0.00000E+00 -0.41678E+03  0.21457E+01  0.53112E+00  0.15478E-01
  0.18697E+00  0.41737E+03    0.10343E+00  0.83569E-01 -0.18700E+00  0.00000E+00  0.00000E+00  0.00000E+00    0.00000E+00  0.00000E+00 -0.41736E+03  0.21475E+01  0.53558E+00  0.16966E-01
  0.18797E+00  0.41795E+03    0.10387E+00  0.84134E-01 -0.18800E+00  0.00000E+00  0.00000E+00  0.00000E+00    0.00000E+00  0.00000E+00 -0.41793E+03  0.21514E+01  0.54130E+00  0.15472E-01
  0.18897E+00  0.41852E+03    0.10430E+00  0.84700E-01 -0.18900E+00  0.00000E+00  0.00000E+00  0.00000E+00    0.00000E+00  0.00000E+00 -0.41850E+03  0.21551E+01  0.54685E+00  0.14502E-01
  0.18997E+00  0.41909E+03    0.10473E+00  0.85266E-01 -0.19000E+00  0.00000E+00  0.00000E+00  0.00000E+00    0.00000E+00  0.00000E+00 -0.41907E+03  0.21585E+01  0.55207E+00  0.14432E-01
  0.19097E+00  0.41966E+03    0.10517E+00  0.85833E-01 -0.19100E+00  0.00000E+00  0.00000E+00  0.00000E+00    0.00000E+00  0.00000E+00 -0.41964E+03  0.21642E+01  0.55698E+00  0.17211E-01
  0.19197E+00  0.42022E+03    0.10560E+00  0.86401E-01 -0.19200E+00  0.00000E+00  0.00000E+00  0.00000E+00    0.00000E+00  0.00000E+00 -0.42020E+03  0.21704E+01  0.56181E+00  0.20519E-01
  0.19297E+00  0.42079E+03    0.10603E+00  0.86970E-01 -0.19300E+00  0.00000E+00  0.00000E+00  0.00000E+00    0.00000E+00  0.00000E+00 -0.42077E+03  0.21760E+01  0.56685E+00  0.22224E-01
  0.19397E+00  0.42135E+03    0.10646E+00  0.87539E-01 -0.19400E+00  0.00000E+00  0.00000E+00  0.00000E+00    0.00000E+00  0.00000E+00 -0.42133E+03  0.21821E+01  0.57166E+00  0.24073E-01
  0.19497E+00  0.42191E+03    0.10689E+00  0.88108E-01 -0.19500E+00  0.00000E+00  0.00000E+00  0.00000E+00    0.00000E+00  0.00000E+00 -0.42189E+03  0.21886E+01  0.57750E+00  0.25480E-01
  0.19597E+00  0.42247E+03    0.10732E+00  0.88678E-01 -0.19600E+00  0.00000E+00  0.00000E+00  0.00000E+00    0.00000E+00  0.00000E+00 -0.42245E+03  0.21955E+01  0.58297E+00  0.27050E-01
  0.19697E+00  0.42303E+03    0.10775E+00  0.89249E-01 -0.19700E+00  0.00000E+00  0.00000E+00  0.00000E+00    0.00000E+00  0.00000E+00 -0.42301E+03  0.22026E+01  0.58834E+00  0.28662E-01
  0.19797E+00  0.42358E+03    0.10818E+00  0.89820E-01 -0.19800E+00  0.00000E+00  0.00000E+00  0.00000E+00    0.00000E+00  0.00000E+00 -0.42356E+03  0.22105E+01  0.59413E+00  0.29230E-01
  0.19897E+00  0.42414E+03    0.10861E+00  0.90392E-01 -0.19900E+00  0.00000E+00  0.00000E+00  0.00000E+00    0.00000E+00  0.00000E+00 -0.42412E+03  0.22184E+01  0.59981E+00  0.30211E-01
  0.19997E+00  0.42469E+03    0.10904E+00  0.90965E-01 -0.20000E+00  0.00000E+00  0.00000E+00  0.00000E+00    0.00000E+00  0.00000E+00 -0.42467E+03  0.22267E+01  0.60587E+00  0.31726E-01
