  STRAIN   SUBSTRUCTURE     MODE1     MODE2     MODE3
   0.000 0.0000000E+00 0.0000000E+00 0.0000000E+00 0.0000000E+00
   0.001 0.0000000E+00 0.0000000E+00 0.0000000E+00 0.0000000E+00
   0.002 0.0000000E+00 0.0000000E+00 0.0000000E+00 0.0000000E+00
   0.003 0.0000000E+00 0.0000000E+00 0.0000000E+00 0.0000000E+00
   0.004 0.4542231E+01 0.1172884E+12 0.5550000E+11 0.7735951E+11
   0.005 0.4542520E+01 0.1173001E+12 0.5550000E+11 0.7734847E+11
   0.006 0.1741807E+02 0.1736223E+12 0.5550013E+11 0.6621008E+11
   0.007 0.1742194E+02 0.1736383E+12 0.5550013E+11 0.6620621E+11
   0.008 0.3433423E+02 0.1372341E+12 0.9235875E+11 0.1041232E+12
   0.009 0.6894702E+02 0.1146158E+12 0.1070938E+12 0.1600566E+12
   0.010 0.1306803E+03 0.1373544E+12 0.1605725E+12 0.1302669E+12
   0.011 0.1493311E+03 0.1400410E+12 0.1806794E+12 0.1238307E+12
   0.012 0.2972861E+03 0.1424872E+12 0.1808664E+12 0.1853833E+12
   0.013 0.3136366E+03 0.1383734E+12 0.1945168E+12 0.1868436E+12
   0.014 0.3812924E+03 0.1393211E+12 0.1823829E+12 0.2240492E+12
   0.015 0.4211057E+03 0.1376591E+12 0.1963567E+12 0.2202668E+12
   0.016 0.4214474E+03 0.1379399E+12 0.1963968E+12 0.2201369E+12
   0.017 0.4217907E+03 0.1382153E+12 0.1964376E+12 0.2200107E+12
   0.018 0.5376232E+03 0.1535713E+12 0.1963480E+12 0.2253423E+12
   0.019 0.1114488E+04 0.2048563E+12 0.1848526E+12 0.2595349E+12
   0.020 0.1115392E+04 0.2049327E+12 0.1849010E+12 0.2597750E+12
   0.021 0.1292932E+04 0.2316839E+12 0.1901030E+12 0.2528353E+12
   0.022 0.1475515E+04 0.2263622E+12 0.1986736E+12 0.2744525E+12
   0.023 0.1809597E+04 0.2625554E+12 0.2038184E+12 0.2662290E+12
   0.024 0.1817374E+04 0.2631888E+12 0.2041726E+12 0.2663802E+12
   0.025 0.2301249E+04 0.2534820E+12 0.2286238E+12 0.2995666E+12
   0.026 0.2419290E+04 0.2584094E+12 0.2269973E+12 0.3076820E+12
   0.027 0.3071153E+04 0.2641376E+12 0.2612879E+12 0.3201360E+12
   0.028 0.3215182E+04 0.2638295E+12 0.2612053E+12 0.3255163E+12
   0.029 0.3754235E+04 0.2659058E+12 0.2702468E+12 0.3486514E+12
   0.030 0.5174401E+04 0.2558783E+12 0.3232042E+12 0.3740910E+12
   0.031 0.6113771E+04 0.2796726E+12 0.3259972E+12 0.3783990E+12
   0.032 0.6319551E+04 0.2786225E+12 0.3318004E+12 0.3847602E+12
   0.033 0.6543528E+04 0.2845963E+12 0.3314314E+12 0.3844357E+12
   0.034 0.6601487E+04 0.2857297E+12 0.3333320E+12 0.3844345E+12
   0.035 0.6625575E+04 0.2862528E+12 0.3337284E+12 0.3849189E+12
   0.036 0.7061025E+04 0.2968083E+12 0.3423950E+12 0.3824344E+12
   0.037 0.7640546E+04 0.3092044E+12 0.3428653E+12 0.3810584E+12
   0.038 0.7675609E+04 0.3099518E+12 0.3432761E+12 0.3814645E+12
   0.039 0.7709835E+04 0.3106761E+12 0.3436802E+12 0.3818647E+12
   0.040 0.7743216E+04 0.3113771E+12 0.3440779E+12 0.3822592E+12
   0.041 0.7775750E+04 0.3120550E+12 0.3444691E+12 0.3826483E+12
   0.042 0.7807440E+04 0.3127097E+12 0.3448538E+12 0.3830322E+12
   0.043 0.7838317E+04 0.3133421E+12 0.3452328E+12 0.3834115E+12
   0.044 0.7868313E+04 0.3139509E+12 0.3456053E+12 0.3837853E+12
   0.045 0.1248980E+05 0.3119923E+12 0.3433440E+12 0.4197055E+12
   0.046 0.1255557E+05 0.3125308E+12 0.3436786E+12 0.4203561E+12
   0.047 0.1262000E+05 0.3130494E+12 0.3440079E+12 0.4209970E+12
   0.048 0.1591342E+05 0.3195545E+12 0.3776372E+12 0.4173416E+12
   0.049 0.1721768E+05 0.3185384E+12 0.3892958E+12 0.4263425E+12
   0.050 0.1731314E+05 0.3190367E+12 0.3899699E+12 0.4269577E+12
   0.051 0.1740625E+05 0.3195180E+12 0.3906305E+12 0.4275624E+12
   0.052 0.1749674E+05 0.3199815E+12 0.3912757E+12 0.4281549E+12
   0.053 0.1758462E+05 0.3204279E+12 0.3919058E+12 0.4287352E+12
   0.054 0.1766996E+05 0.3208578E+12 0.3925212E+12 0.4293035E+12
   0.055 0.1775282E+05 0.3212715E+12 0.3931221E+12 0.4298603E+12
   0.056 0.1783327E+05 0.3216688E+12 0.3937092E+12 0.4304058E+12
   0.057 0.1791127E+05 0.3220489E+12 0.3942814E+12 0.4309408E+12
   0.058 0.1798689E+05 0.3224120E+12 0.3948388E+12 0.4314666E+12
   0.059 0.1806015E+05 0.3227591E+12 0.3953815E+12 0.4319823E+12
   0.060 0.1813112E+05 0.3230903E+12 0.3959095E+12 0.4324884E+12
   0.061 0.1820010E+05 0.3234056E+12 0.3964239E+12 0.4329854E+12
   0.062 0.1826652E+05 0.3237028E+12 0.3969204E+12 0.4334710E+12
   0.063 0.1833114E+05 0.3239859E+12 0.3974042E+12 0.4339486E+12
   0.064 0.1839344E+05 0.3242527E+12 0.3978719E+12 0.4344148E+12
   0.065 0.1845408E+05 0.3245050E+12 0.3983285E+12 0.4348722E+12
   0.066 0.1851286E+05 0.3247409E+12 0.3987734E+12 0.4353188E+12
   0.067 0.1856974E+05 0.3249600E+12 0.3992064E+12 0.4357530E+12
   0.068 0.1862456E+05 0.3251625E+12 0.3996266E+12 0.4361731E+12
   0.069 0.1867776E+05 0.3253495E+12 0.4000361E+12 0.4365813E+12
   0.070 0.1872952E+05 0.3255218E+12 0.4004353E+12 0.4369780E+12
   0.071 0.1877994E+05 0.3256819E+12 0.4008239E+12 0.4373629E+12
   0.072 0.1882917E+05 0.3258334E+12 0.4012011E+12 0.4377353E+12
   0.073 0.1887735E+05 0.3259780E+12 0.4015677E+12 0.4380946E+12
   0.074 0.1892465E+05 0.3261152E+12 0.4019249E+12 0.4384428E+12
   0.075 0.1897122E+05 0.3262453E+12 0.4022732E+12 0.4387808E+12
   0.076 0.1901721E+05 0.3263682E+12 0.4026129E+12 0.4391097E+12
   0.077 0.1906277E+05 0.3264838E+12 0.4029450E+12 0.4394302E+12
   0.078 0.1910806E+05 0.3265940E+12 0.4032690E+12 0.4397419E+12
   0.079 0.1915326E+05 0.3266990E+12 0.4035852E+12 0.4400452E+12
   0.080 0.1919870E+05 0.3268047E+12 0.4038925E+12 0.4403391E+12
   0.081 0.1924472E+05 0.3269169E+12 0.4041892E+12 0.4406236E+12
   0.082 0.1929151E+05 0.3270352E+12 0.4044748E+12 0.4408978E+12
   0.083 0.1933934E+05 0.3271583E+12 0.4047529E+12 0.4411624E+12
   0.084 0.1938844E+05 0.3272854E+12 0.4050253E+12 0.4414177E+12
   0.085 0.1943907E+05 0.3274159E+12 0.4052923E+12 0.4416640E+12
   0.086 0.1949151E+05 0.3275492E+12 0.4055534E+12 0.4419029E+12
   0.087 0.1954599E+05 0.3276844E+12 0.4058085E+12 0.4421357E+12
   0.088 0.1960282E+05 0.3278216E+12 0.4060585E+12 0.4423629E+12
   0.089 0.1966231E+05 0.3279613E+12 0.4063042E+12 0.4425843E+12
   0.090 0.1972479E+05 0.3281028E+12 0.4065463E+12 0.4428007E+12
   0.091 0.1979059E+05 0.3282455E+12 0.4067851E+12 0.4430124E+12
   0.092 0.1986005E+05 0.3283885E+12 0.4070212E+12 0.4432195E+12
   0.093 0.1993355E+05 0.3285313E+12 0.4072545E+12 0.4434225E+12
   0.094 0.2001148E+05 0.3286736E+12 0.4074851E+12 0.4436219E+12
   0.095 0.2009433E+05 0.3288149E+12 0.4077135E+12 0.4438179E+12
   0.096 0.2018296E+05 0.3289556E+12 0.4079441E+12 0.4440100E+12
   0.097 0.2027859E+05 0.3290967E+12 0.4081851E+12 0.4441978E+12
   0.098 0.2038166E+05 0.3292367E+12 0.4084368E+12 0.4443837E+12
   0.099 0.2049264E+05 0.3293750E+12 0.4086988E+12 0.4445687E+12
   0.100 0.2061206E+05 0.3295117E+12 0.4089701E+12 0.4447529E+12
   0.101 0.2074048E+05 0.3296466E+12 0.4092501E+12 0.4449365E+12
   0.102 0.2087851E+05 0.3297796E+12 0.4095382E+12 0.4451193E+12
   0.103 0.2102678E+05 0.3299106E+12 0.4098337E+12 0.4453016E+12
   0.104 0.2118599E+05 0.3300396E+12 0.4101358E+12 0.4454835E+12
   0.105 0.2135688E+05 0.3301665E+12 0.4104440E+12 0.4456650E+12
   0.106 0.2154022E+05 0.3302913E+12 0.4107576E+12 0.4458462E+12
   0.107 0.2173682E+05 0.3304138E+12 0.4110758E+12 0.4460270E+12
   0.108 0.2194765E+05 0.3305335E+12 0.4113991E+12 0.4462085E+12
   0.109 0.2217377E+05 0.3306503E+12 0.4117277E+12 0.4463915E+12
   0.110 0.2241632E+05 0.3307639E+12 0.4120620E+12 0.4465767E+12
   0.111 0.2267648E+05 0.3308742E+12 0.4124022E+12 0.4467647E+12
   0.112 0.2295662E+05 0.3309806E+12 0.4127469E+12 0.4469650E+12
   0.113 0.2325791E+05 0.3310829E+12 0.4130958E+12 0.4471774E+12
   0.114 0.2358156E+05 0.3311811E+12 0.4134484E+12 0.4474012E+12
   0.115 0.2392885E+05 0.3312754E+12 0.4138041E+12 0.4476358E+12
   0.116 0.2430113E+05 0.3313657E+12 0.4141626E+12 0.4478803E+12
   0.117 0.2469982E+05 0.3314523E+12 0.4145232E+12 0.4481343E+12
   0.118 0.2512644E+05 0.3315352E+12 0.4148853E+12 0.4483974E+12
   0.119 0.2558268E+05 0.3316160E+12 0.4152491E+12 0.4486692E+12
   0.120 0.2607031E+05 0.3316953E+12 0.4156148E+12 0.4489497E+12
   0.121 0.2659116E+05 0.3317729E+12 0.4159823E+12 0.4492388E+12
   0.122 0.2714711E+05 0.3318488E+12 0.4163514E+12 0.4495359E+12
   0.123 0.2774018E+05 0.3319233E+12 0.4167222E+12 0.4498400E+12
   0.124 0.2837248E+05 0.3319964E+12 0.4170945E+12 0.4501504E+12
   0.125 0.2904622E+05 0.3320680E+12 0.4174682E+12 0.4504665E+12
   0.126 0.2976373E+05 0.3321382E+12 0.4178428E+12 0.4507878E+12
   0.127 0.3052747E+05 0.3322066E+12 0.4182182E+12 0.4511141E+12
   0.128 0.3134003E+05 0.3322731E+12 0.4185947E+12 0.4514450E+12
   0.129 0.3220412E+05 0.3323377E+12 0.4189718E+12 0.4517803E+12
   0.130 0.3312255E+05 0.3324002E+12 0.4193496E+12 0.4521195E+12
   0.131 0.3409828E+05 0.3324607E+12 0.4197277E+12 0.4524621E+12
   0.132 0.3513440E+05 0.3325191E+12 0.4201058E+12 0.4528077E+12
   0.133 0.3623411E+05 0.3325755E+12 0.4204840E+12 0.4531559E+12
   0.134 0.3740079E+05 0.3326297E+12 0.4208621E+12 0.4535066E+12
   0.135 0.3863792E+05 0.3326815E+12 0.4212400E+12 0.4538595E+12
   0.136 0.3994913E+05 0.3327311E+12 0.4216176E+12 0.4542142E+12
   0.137 0.4133820E+05 0.3327784E+12 0.4219947E+12 0.4545703E+12
   0.138 0.4280898E+05 0.3328234E+12 0.4223711E+12 0.4549272E+12
   0.139 0.4436552E+05 0.3328662E+12 0.4227469E+12 0.4552841E+12
   0.140 0.4601201E+05 0.3329068E+12 0.4231218E+12 0.4556409E+12
   0.141 0.4775284E+05 0.3329452E+12 0.4234957E+12 0.4559973E+12
   0.142 0.4959248E+05 0.3329814E+12 0.4238683E+12 0.4563531E+12
   0.143 0.5153559E+05 0.3330154E+12 0.4242394E+12 0.4567079E+12
   0.144 0.5358697E+05 0.3330473E+12 0.4246089E+12 0.4570615E+12
   0.145 0.5575158E+05 0.3330770E+12 0.4249768E+12 0.4574139E+12
   0.146 0.5803452E+05 0.3331046E+12 0.4253429E+12 0.4577648E+12
   0.147 0.6044103E+05 0.3331301E+12 0.4257072E+12 0.4581141E+12
   0.148 0.6297654E+05 0.3331539E+12 0.4260699E+12 0.4584615E+12
   0.149 0.6564661E+05 0.3331758E+12 0.4264312E+12 0.4588074E+12
   0.150 0.6845695E+05 0.3331958E+12 0.4267910E+12 0.4591515E+12
   0.151 0.7141340E+05 0.3332139E+12 0.4271494E+12 0.4594937E+12
   0.152 0.7452198E+05 0.3332301E+12 0.4275061E+12 0.4598340E+12
   0.153 0.7778882E+05 0.3332444E+12 0.4278611E+12 0.4601722E+12
   0.154 0.8122024E+05 0.3332568E+12 0.4282143E+12 0.4605083E+12
   0.155 0.8482268E+05 0.3332673E+12 0.4285657E+12 0.4608421E+12
   0.156 0.8860275E+05 0.3332759E+12 0.4289152E+12 0.4611736E+12
   0.157 0.9256720E+05 0.3332826E+12 0.4292628E+12 0.4615025E+12
   0.158 0.9672293E+05 0.3332874E+12 0.4296083E+12 0.4618290E+12
   0.159 0.1010770E+06 0.3332901E+12 0.4299517E+12 0.4621529E+12
   0.160 0.1056367E+06 0.3332907E+12 0.4302930E+12 0.4624742E+12
   0.161 0.1104092E+06 0.3332892E+12 0.4306322E+12 0.4627927E+12
   0.162 0.1154022E+06 0.3332856E+12 0.4309691E+12 0.4631085E+12
   0.163 0.1206232E+06 0.3332800E+12 0.4313038E+12 0.4634213E+12
   0.164 0.1260801E+06 0.3332724E+12 0.4316362E+12 0.4637313E+12
   0.165 0.1317809E+06 0.3332628E+12 0.4319662E+12 0.4640383E+12
   0.166 0.1377336E+06 0.3332512E+12 0.4322939E+12 0.4643423E+12
   0.167 0.1439465E+06 0.3332376E+12 0.4326192E+12 0.4646432E+12
   0.168 0.1504280E+06 0.3332220E+12 0.4329420E+12 0.4649409E+12
   0.169 0.1571867E+06 0.3332046E+12 0.4332624E+12 0.4652355E+12
   0.170 0.1642311E+06 0.3331852E+12 0.4335803E+12 0.4655269E+12
   0.171 0.1715701E+06 0.3331639E+12 0.4338957E+12 0.4658149E+12
   0.172 0.1792128E+06 0.3331408E+12 0.4342086E+12 0.4660998E+12
   0.173 0.1871682E+06 0.3331157E+12 0.4345190E+12 0.4663814E+12
   0.174 0.1954455E+06 0.3330888E+12 0.4348269E+12 0.4666598E+12
   0.175 0.2040541E+06 0.3330601E+12 0.4351324E+12 0.4669349E+12
   0.176 0.2130037E+06 0.3330296E+12 0.4354353E+12 0.4672067E+12
   0.177 0.2223037E+06 0.3329973E+12 0.4357356E+12 0.4674752E+12
   0.178 0.2319642E+06 0.3329634E+12 0.4360334E+12 0.4677403E+12
   0.179 0.2419949E+06 0.3329277E+12 0.4363286E+12 0.4680020E+12
   0.180 0.2524061E+06 0.3328904E+12 0.4366212E+12 0.4682603E+12
   0.181 0.2632080E+06 0.3328515E+12 0.4369113E+12 0.4685153E+12
   0.182 0.2744109E+06 0.3328110E+12 0.4371988E+12 0.4687670E+12
   0.183 0.2860255E+06 0.3327689E+12 0.4374838E+12 0.4690154E+12
   0.184 0.2980624E+06 0.3327252E+12 0.4377664E+12 0.4692606E+12
   0.185 0.3105327E+06 0.3326800E+12 0.4380466E+12 0.4695028E+12
   0.186 0.3234474E+06 0.3326331E+12 0.4383248E+12 0.4697423E+12
   0.187 0.3368179E+06 0.3325845E+12 0.4386011E+12 0.4699795E+12
   0.188 0.3506559E+06 0.3325339E+12 0.4388760E+12 0.4702148E+12
   0.189 0.3649736E+06 0.3324811E+12 0.4391502E+12 0.4704491E+12
   0.190 0.3797834E+06 0.3324258E+12 0.4394243E+12 0.4706834E+12
   0.191 0.3950983E+06 0.3323673E+12 0.4396993E+12 0.4709190E+12
   0.192 0.4109318E+06 0.3323054E+12 0.4399763E+12 0.4711571E+12
   0.193 0.4272973E+06 0.3322396E+12 0.4402559E+12 0.4713987E+12
   0.194 0.4442076E+06 0.3321703E+12 0.4405375E+12 0.4716430E+12
   0.195 0.4616744E+06 0.3320986E+12 0.4408193E+12 0.4718876E+12
   0.196 0.4797085E+06 0.3320258E+12 0.4410988E+12 0.4721297E+12
   0.197 0.4983217E+06 0.3319525E+12 0.4413749E+12 0.4723677E+12
   0.198 0.5175266E+06 0.3318791E+12 0.4416471E+12 0.4726012E+12
   0.199 0.5373362E+06 0.3318056E+12 0.4419154E+12 0.4728302E+12
   0.200 0.5578145E+06 0.3317512E+12 0.4421789E+12 0.4730830E+12
