          %Evm          Svm            E11          E22          E33          E23          E13          E12         SCAU11       SCAU22       SCAU33       SCAU23       SCAU13       SCAU12      TEMP
  0.00000E+00  0.24396E+03    0.00000E+00  0.00000E+00  0.00000E+00  0.00000E+00  0.00000E+00  0.00000E+00    0.00000E+00  0.00000E+00 -0.24394E+03 -0.57809E+00  0.11548E+01 -0.85290E+00
  0.99994E-03  0.24548E+03    0.53631E-03  0.46369E-03 -0.10000E-02  0.00000E+00  0.00000E+00  0.00000E+00    0.00000E+00  0.00000E+00 -0.24546E+03 -0.56424E+00  0.11913E+01 -0.95058E+00
  0.19999E-02  0.24640E+03    0.10925E-02  0.90751E-03 -0.20000E-02  0.00000E+00  0.00000E+00  0.00000E+00    0.00000E+00  0.00000E+00 -0.24638E+03 -0.60729E+00  0.11701E+01 -0.98957E+00
  0.29998E-02  0.24669E+03    0.16491E-02  0.13509E-02 -0.30000E-02  0.00000E+00  0.00000E+00  0.00000E+00    0.00000E+00  0.00000E+00 -0.24667E+03 -0.60772E+00  0.11718E+01 -0.99954E+00
  0.39997E-02  0.24744E+03    0.22056E-02  0.17944E-02 -0.40000E-02  0.00000E+00  0.00000E+00  0.00000E+00    0.00000E+00  0.00000E+00 -0.24743E+03 -0.61363E+00  0.11704E+01 -0.10059E+01
  0.49997E-02  0.24812E+03    0.27615E-02  0.22385E-02 -0.50000E-02  0.00000E+00  0.00000E+00  0.00000E+00    0.00000E+00  0.00000E+00 -0.24811E+03 -0.62092E+00  0.11660E+01 -0.10199E+01
  0.59996E-02  0.24887E+03    0.33164E-02  0.26836E-02 -0.60000E-02  0.00000E+00  0.00000E+00  0.00000E+00    0.00000E+00  0.00000E+00 -0.24885E+03 -0.62170E+00  0.11668E+01 -0.10358E+01
  0.69995E-02  0.24956E+03    0.38701E-02  0.31299E-02 -0.70000E-02  0.00000E+00  0.00000E+00  0.00000E+00    0.00000E+00  0.00000E+00 -0.24955E+03 -0.63149E+00  0.11621E+01 -0.10487E+01
  0.79995E-02  0.25028E+03    0.44226E-02  0.35774E-02 -0.80000E-02  0.00000E+00  0.00000E+00  0.00000E+00    0.00000E+00  0.00000E+00 -0.25026E+03 -0.63763E+00  0.11556E+01 -0.10616E+01
  0.89994E-02  0.25125E+03    0.49735E-02  0.40265E-02 -0.90000E-02  0.00000E+00  0.00000E+00  0.00000E+00    0.00000E+00  0.00000E+00 -0.25124E+03 -0.64496E+00  0.11565E+01 -0.10656E+01
  0.99993E-02  0.25182E+03    0.55222E-02  0.44778E-02 -0.10000E-01  0.00000E+00  0.00000E+00  0.00000E+00    0.00000E+00  0.00000E+00 -0.25180E+03 -0.65172E+00  0.11529E+01 -0.10875E+01
  0.10999E-01  0.25276E+03    0.60689E-02  0.49311E-02 -0.11000E-01  0.00000E+00  0.00000E+00  0.00000E+00    0.00000E+00  0.00000E+00 -0.25274E+03 -0.66130E+00  0.11537E+01 -0.10901E+01
  0.11999E-01  0.25362E+03    0.66134E-02  0.53866E-02 -0.12000E-01  0.00000E+00  0.00000E+00  0.00000E+00    0.00000E+00  0.00000E+00 -0.25360E+03 -0.68189E+00  0.11466E+01 -0.10996E+01
  0.12999E-01  0.25415E+03    0.71551E-02  0.58449E-02 -0.13000E-01  0.00000E+00  0.00000E+00  0.00000E+00    0.00000E+00  0.00000E+00 -0.25413E+03 -0.70825E+00  0.11423E+01 -0.11150E+01
  0.13999E-01  0.25515E+03    0.76949E-02  0.63051E-02 -0.14000E-01  0.00000E+00  0.00000E+00  0.00000E+00    0.00000E+00  0.00000E+00 -0.25513E+03 -0.67049E+00  0.11435E+01 -0.11123E+01
  0.14999E-01  0.25567E+03    0.82322E-02  0.67678E-02 -0.15000E-01  0.00000E+00  0.00000E+00  0.00000E+00    0.00000E+00  0.00000E+00 -0.25565E+03 -0.67921E+00  0.11431E+01 -0.11260E+01
  0.15999E-01  0.25638E+03    0.87676E-02  0.72324E-02 -0.16000E-01  0.00000E+00  0.00000E+00  0.00000E+00    0.00000E+00  0.00000E+00 -0.25637E+03 -0.68843E+00  0.11398E+01 -0.11386E+01
  0.16999E-01  0.25709E+03    0.93013E-02  0.76987E-02 -0.17000E-01  0.00000E+00  0.00000E+00  0.00000E+00    0.00000E+00  0.00000E+00 -0.25707E+03 -0.69318E+00  0.11370E+01 -0.11479E+01
  0.17999E-01  0.25783E+03    0.98334E-02  0.81666E-02 -0.18000E-01  0.00000E+00  0.00000E+00  0.00000E+00    0.00000E+00  0.00000E+00 -0.25781E+03 -0.71115E+00  0.11294E+01 -0.11549E+01
  0.18999E-01  0.25890E+03    0.10364E-01  0.86364E-02 -0.19000E-01  0.00000E+00  0.00000E+00  0.00000E+00    0.00000E+00  0.00000E+00 -0.25888E+03 -0.69359E+00  0.11228E+01 -0.11646E+01
  0.19999E-01  0.25941E+03    0.10891E-01  0.91091E-02 -0.20000E-01  0.00000E+00  0.00000E+00  0.00000E+00    0.00000E+00  0.00000E+00 -0.25939E+03 -0.70585E+00  0.11184E+01 -0.11789E+01
  0.20999E-01  0.26017E+03    0.11416E-01  0.95839E-02 -0.21000E-01  0.00000E+00  0.00000E+00  0.00000E+00    0.00000E+00  0.00000E+00 -0.26015E+03 -0.72527E+00  0.11115E+01 -0.11949E+01
  0.21998E-01  0.26115E+03    0.11939E-01  0.10061E-01 -0.22000E-01  0.00000E+00  0.00000E+00  0.00000E+00    0.00000E+00  0.00000E+00 -0.26113E+03 -0.72309E+00  0.11130E+01 -0.11979E+01
  0.22998E-01  0.26173E+03    0.12460E-01  0.10540E-01 -0.23000E-01  0.00000E+00  0.00000E+00  0.00000E+00    0.00000E+00  0.00000E+00 -0.26171E+03 -0.74892E+00  0.11038E+01 -0.12180E+01
  0.23998E-01  0.26245E+03    0.12979E-01  0.11021E-01 -0.24000E-01  0.00000E+00  0.00000E+00  0.00000E+00    0.00000E+00  0.00000E+00 -0.26243E+03 -0.74550E+00  0.11039E+01 -0.12218E+01
  0.24998E-01  0.26347E+03    0.13496E-01  0.11504E-01 -0.25000E-01  0.00000E+00  0.00000E+00  0.00000E+00    0.00000E+00  0.00000E+00 -0.26345E+03 -0.74432E+00  0.11035E+01 -0.12234E+01
  0.25998E-01  0.26401E+03    0.14011E-01  0.11989E-01 -0.26000E-01  0.00000E+00  0.00000E+00  0.00000E+00    0.00000E+00  0.00000E+00 -0.26399E+03 -0.73780E+00  0.11043E+01 -0.12417E+01
  0.26998E-01  0.26506E+03    0.14523E-01  0.12477E-01 -0.27000E-01  0.00000E+00  0.00000E+00  0.00000E+00    0.00000E+00  0.00000E+00 -0.26504E+03 -0.73779E+00  0.11047E+01 -0.12342E+01
  0.27998E-01  0.26559E+03    0.15033E-01  0.12967E-01 -0.28000E-01  0.00000E+00  0.00000E+00  0.00000E+00    0.00000E+00  0.00000E+00 -0.26557E+03 -0.73585E+00  0.11049E+01 -0.12395E+01
  0.28998E-01  0.26637E+03    0.15541E-01  0.13459E-01 -0.29000E-01  0.00000E+00  0.00000E+00  0.00000E+00    0.00000E+00  0.00000E+00 -0.26636E+03 -0.74563E+00  0.11070E+01 -0.12226E+01
  0.29998E-01  0.26755E+03    0.16047E-01  0.13953E-01 -0.30000E-01  0.00000E+00  0.00000E+00  0.00000E+00    0.00000E+00  0.00000E+00 -0.26753E+03 -0.74195E+00  0.11064E+01 -0.12296E+01
  0.30998E-01  0.26807E+03    0.16549E-01  0.14451E-01 -0.31000E-01  0.00000E+00  0.00000E+00  0.00000E+00    0.00000E+00  0.00000E+00 -0.26805E+03 -0.71828E+00  0.11082E+01 -0.12216E+01
  0.31998E-01  0.26883E+03    0.17049E-01  0.14951E-01 -0.32000E-01  0.00000E+00  0.00000E+00  0.00000E+00    0.00000E+00  0.00000E+00 -0.26882E+03 -0.74135E+00  0.11082E+01 -0.12355E+01
  0.32998E-01  0.26958E+03    0.17547E-01  0.15453E-01 -0.33000E-01  0.00000E+00  0.00000E+00  0.00000E+00    0.00000E+00  0.00000E+00 -0.26956E+03 -0.74406E+00  0.11071E+01 -0.12348E+01
  0.33998E-01  0.27032E+03    0.18044E-01  0.15956E-01 -0.34000E-01  0.00000E+00  0.00000E+00  0.00000E+00    0.00000E+00  0.00000E+00 -0.27030E+03 -0.74562E+00  0.11074E+01 -0.12328E+01
  0.34998E-01  0.27105E+03    0.18538E-01  0.16462E-01 -0.35000E-01  0.00000E+00  0.00000E+00  0.00000E+00    0.00000E+00  0.00000E+00 -0.27104E+03 -0.75062E+00  0.11066E+01 -0.12321E+01
  0.35998E-01  0.27182E+03    0.19031E-01  0.16969E-01 -0.36000E-01  0.00000E+00  0.00000E+00  0.00000E+00    0.00000E+00  0.00000E+00 -0.27180E+03 -0.77192E+00  0.11070E+01 -0.12245E+01
  0.36997E-01  0.27258E+03    0.19522E-01  0.17478E-01 -0.37000E-01  0.00000E+00  0.00000E+00  0.00000E+00    0.00000E+00  0.00000E+00 -0.27256E+03 -0.77767E+00  0.11066E+01 -0.12298E+01
  0.37997E-01  0.27331E+03    0.20011E-01  0.17989E-01 -0.38000E-01  0.00000E+00  0.00000E+00  0.00000E+00    0.00000E+00  0.00000E+00 -0.27330E+03 -0.78179E+00  0.11064E+01 -0.12251E+01
  0.38997E-01  0.27405E+03    0.20498E-01  0.18502E-01 -0.39000E-01  0.00000E+00  0.00000E+00  0.00000E+00    0.00000E+00  0.00000E+00 -0.27403E+03 -0.78786E+00  0.11071E+01 -0.12220E+01
  0.39997E-01  0.27478E+03    0.20984E-01  0.19016E-01 -0.40000E-01  0.00000E+00  0.00000E+00  0.00000E+00    0.00000E+00  0.00000E+00 -0.27476E+03 -0.79417E+00  0.11088E+01 -0.12187E+01
  0.40997E-01  0.27551E+03    0.21468E-01  0.19532E-01 -0.41000E-01  0.00000E+00  0.00000E+00  0.00000E+00    0.00000E+00  0.00000E+00 -0.27549E+03 -0.80073E+00  0.11114E+01 -0.12149E+01
  0.41997E-01  0.27614E+03    0.21950E-01  0.20050E-01 -0.42000E-01  0.00000E+00  0.00000E+00  0.00000E+00    0.00000E+00  0.00000E+00 -0.27613E+03 -0.80871E+00  0.11166E+01 -0.12079E+01
  0.42997E-01  0.27688E+03    0.22431E-01  0.20569E-01 -0.43000E-01  0.00000E+00  0.00000E+00  0.00000E+00    0.00000E+00  0.00000E+00 -0.27687E+03 -0.81612E+00  0.11214E+01 -0.12032E+01
  0.43997E-01  0.27762E+03    0.22910E-01  0.21090E-01 -0.44000E-01  0.00000E+00  0.00000E+00  0.00000E+00    0.00000E+00  0.00000E+00 -0.27760E+03 -0.82448E+00  0.11264E+01 -0.11985E+01
  0.44997E-01  0.27848E+03    0.23387E-01  0.21613E-01 -0.45000E-01  0.00000E+00  0.00000E+00  0.00000E+00    0.00000E+00  0.00000E+00 -0.27846E+03 -0.84205E+00  0.11332E+01 -0.11891E+01
  0.45997E-01  0.27921E+03    0.23863E-01  0.22137E-01 -0.46000E-01  0.00000E+00  0.00000E+00  0.00000E+00    0.00000E+00  0.00000E+00 -0.27920E+03 -0.84689E+00  0.11383E+01 -0.11874E+01
  0.46997E-01  0.27985E+03    0.24337E-01  0.22663E-01 -0.47000E-01  0.00000E+00  0.00000E+00  0.00000E+00    0.00000E+00  0.00000E+00 -0.27983E+03 -0.85908E+00  0.11482E+01 -0.11789E+01
  0.47997E-01  0.28073E+03    0.24810E-01  0.23190E-01 -0.48000E-01  0.00000E+00  0.00000E+00  0.00000E+00    0.00000E+00  0.00000E+00 -0.28071E+03 -0.84853E+00  0.11518E+01 -0.11768E+01
  0.48997E-01  0.28151E+03    0.25281E-01  0.23719E-01 -0.49000E-01  0.00000E+00  0.00000E+00  0.00000E+00    0.00000E+00  0.00000E+00 -0.28149E+03 -0.85172E+00  0.11592E+01 -0.11733E+01
  0.49997E-01  0.28215E+03    0.25750E-01  0.24250E-01 -0.50000E-01  0.00000E+00  0.00000E+00  0.00000E+00    0.00000E+00  0.00000E+00 -0.28214E+03 -0.86624E+00  0.11686E+01 -0.11644E+01
  0.50997E-01  0.28290E+03    0.26217E-01  0.24783E-01 -0.51000E-01  0.00000E+00  0.00000E+00  0.00000E+00    0.00000E+00  0.00000E+00 -0.28288E+03 -0.87397E+00  0.11759E+01 -0.11592E+01
  0.51996E-01  0.28363E+03    0.26683E-01  0.25317E-01 -0.52000E-01  0.00000E+00  0.00000E+00  0.00000E+00    0.00000E+00  0.00000E+00 -0.28361E+03 -0.88110E+00  0.11835E+01 -0.11538E+01
  0.52996E-01  0.28436E+03    0.27148E-01  0.25852E-01 -0.53000E-01  0.00000E+00  0.00000E+00  0.00000E+00    0.00000E+00  0.00000E+00 -0.28434E+03 -0.88759E+00  0.11908E+01 -0.11484E+01
  0.53996E-01  0.28508E+03    0.27611E-01  0.26389E-01 -0.54000E-01  0.00000E+00  0.00000E+00  0.00000E+00    0.00000E+00  0.00000E+00 -0.28507E+03 -0.89404E+00  0.11986E+01 -0.11438E+01
  0.54996E-01  0.28581E+03    0.28072E-01  0.26928E-01 -0.55000E-01  0.00000E+00  0.00000E+00  0.00000E+00    0.00000E+00  0.00000E+00 -0.28579E+03 -0.90050E+00  0.12068E+01 -0.11385E+01
  0.55996E-01  0.28654E+03    0.28532E-01  0.27468E-01 -0.56000E-01  0.00000E+00  0.00000E+00  0.00000E+00    0.00000E+00  0.00000E+00 -0.28652E+03 -0.90742E+00  0.12147E+01 -0.11321E+01
  0.56996E-01  0.28727E+03    0.28991E-01  0.28009E-01 -0.57000E-01  0.00000E+00  0.00000E+00  0.00000E+00    0.00000E+00  0.00000E+00 -0.28725E+03 -0.91320E+00  0.12228E+01 -0.11261E+01
  0.57996E-01  0.28799E+03    0.29449E-01  0.28551E-01 -0.58000E-01  0.00000E+00  0.00000E+00  0.00000E+00    0.00000E+00  0.00000E+00 -0.28797E+03 -0.91876E+00  0.12301E+01 -0.11202E+01
  0.58996E-01  0.28871E+03    0.29905E-01  0.29095E-01 -0.59000E-01  0.00000E+00  0.00000E+00  0.00000E+00    0.00000E+00  0.00000E+00 -0.28869E+03 -0.92413E+00  0.12373E+01 -0.11139E+01
  0.59996E-01  0.28985E+03    0.30360E-01  0.29640E-01 -0.60000E-01  0.00000E+00  0.00000E+00  0.00000E+00    0.00000E+00  0.00000E+00 -0.28983E+03 -0.93097E+00  0.12584E+01 -0.10953E+01
  0.60996E-01  0.29016E+03    0.30813E-01  0.30187E-01 -0.61000E-01  0.00000E+00  0.00000E+00  0.00000E+00    0.00000E+00  0.00000E+00 -0.29014E+03 -0.93239E+00  0.12510E+01 -0.10987E+01
  0.61996E-01  0.29129E+03    0.31266E-01  0.30734E-01 -0.62000E-01  0.00000E+00  0.00000E+00  0.00000E+00    0.00000E+00  0.00000E+00 -0.29127E+03 -0.93818E+00  0.12731E+01 -0.10818E+01
  0.62996E-01  0.29160E+03    0.31717E-01  0.31283E-01 -0.63000E-01  0.00000E+00  0.00000E+00  0.00000E+00    0.00000E+00  0.00000E+00 -0.29158E+03 -0.93995E+00  0.12647E+01 -0.10856E+01
  0.63996E-01  0.29273E+03    0.32166E-01  0.31834E-01 -0.64000E-01  0.00000E+00  0.00000E+00  0.00000E+00    0.00000E+00  0.00000E+00 -0.29271E+03 -0.94631E+00  0.12853E+01 -0.10727E+01
  0.64996E-01  0.29347E+03    0.32615E-01  0.32385E-01 -0.65000E-01  0.00000E+00  0.00000E+00  0.00000E+00    0.00000E+00  0.00000E+00 -0.29345E+03 -0.95363E+00  0.12875E+01 -0.10708E+01
  0.65996E-01  0.29418E+03    0.33062E-01  0.32938E-01 -0.66000E-01  0.00000E+00  0.00000E+00  0.00000E+00    0.00000E+00  0.00000E+00 -0.29416E+03 -0.95908E+00  0.12928E+01 -0.10702E+01
  0.66995E-01  0.29490E+03    0.33508E-01  0.33492E-01 -0.67000E-01  0.00000E+00  0.00000E+00  0.00000E+00    0.00000E+00  0.00000E+00 -0.29488E+03 -0.96238E+00  0.12978E+01 -0.10472E+01
  0.67995E-01  0.29560E+03    0.33953E-01  0.34047E-01 -0.68000E-01  0.00000E+00  0.00000E+00  0.00000E+00    0.00000E+00  0.00000E+00 -0.29558E+03 -0.96714E+00  0.13034E+01 -0.10591E+01
  0.68995E-01  0.29631E+03    0.34397E-01  0.34603E-01 -0.69000E-01  0.00000E+00  0.00000E+00  0.00000E+00    0.00000E+00  0.00000E+00 -0.29630E+03 -0.97143E+00  0.13074E+01 -0.10499E+01
  0.69995E-01  0.29702E+03    0.34840E-01  0.35160E-01 -0.70000E-01  0.00000E+00  0.00000E+00  0.00000E+00    0.00000E+00  0.00000E+00 -0.29700E+03 -0.97532E+00  0.13115E+01 -0.10443E+01
  0.70995E-01  0.29773E+03    0.35281E-01  0.35719E-01 -0.71000E-01  0.00000E+00  0.00000E+00  0.00000E+00    0.00000E+00  0.00000E+00 -0.29771E+03 -0.97823E+00  0.13154E+01 -0.10378E+01
  0.71995E-01  0.29843E+03    0.35722E-01  0.36278E-01 -0.72000E-01  0.00000E+00  0.00000E+00  0.00000E+00    0.00000E+00  0.00000E+00 -0.29842E+03 -0.98340E+00  0.13185E+01 -0.10316E+01
  0.72995E-01  0.29914E+03    0.36161E-01  0.36839E-01 -0.73000E-01  0.00000E+00  0.00000E+00  0.00000E+00    0.00000E+00  0.00000E+00 -0.29912E+03 -0.98843E+00  0.13204E+01 -0.10256E+01
  0.73995E-01  0.29984E+03    0.36599E-01  0.37401E-01 -0.74000E-01  0.00000E+00  0.00000E+00  0.00000E+00    0.00000E+00  0.00000E+00 -0.29982E+03 -0.99293E+00  0.13223E+01 -0.10194E+01
  0.74995E-01  0.30054E+03    0.37037E-01  0.37963E-01 -0.75000E-01  0.00000E+00  0.00000E+00  0.00000E+00    0.00000E+00  0.00000E+00 -0.30052E+03 -0.99683E+00  0.13229E+01 -0.10136E+01
  0.75995E-01  0.30123E+03    0.37473E-01  0.38527E-01 -0.76000E-01  0.00000E+00  0.00000E+00  0.00000E+00    0.00000E+00  0.00000E+00 -0.30122E+03 -0.10015E+01  0.13238E+01 -0.10082E+01
  0.76995E-01  0.30193E+03    0.37908E-01  0.39092E-01 -0.77000E-01  0.00000E+00  0.00000E+00  0.00000E+00    0.00000E+00  0.00000E+00 -0.30191E+03 -0.10109E+01  0.13239E+01 -0.10046E+01
  0.77995E-01  0.30263E+03    0.38343E-01  0.39657E-01 -0.78000E-01  0.00000E+00  0.00000E+00  0.00000E+00    0.00000E+00  0.00000E+00 -0.30261E+03 -0.10169E+01  0.13231E+01 -0.99924E+00
  0.78995E-01  0.30332E+03    0.38777E-01  0.40223E-01 -0.79000E-01  0.00000E+00  0.00000E+00  0.00000E+00    0.00000E+00  0.00000E+00 -0.30330E+03 -0.10237E+01  0.13206E+01 -0.99816E+00
  0.79995E-01  0.30401E+03    0.39209E-01  0.40791E-01 -0.80000E-01  0.00000E+00  0.00000E+00  0.00000E+00    0.00000E+00  0.00000E+00 -0.30399E+03 -0.10312E+01  0.13174E+01 -0.99868E+00
  0.80995E-01  0.30470E+03    0.39641E-01  0.41359E-01 -0.81000E-01  0.00000E+00  0.00000E+00  0.00000E+00    0.00000E+00  0.00000E+00 -0.30468E+03 -0.10385E+01  0.13142E+01 -0.99514E+00
  0.81995E-01  0.30538E+03    0.40072E-01  0.41928E-01 -0.82000E-01  0.00000E+00  0.00000E+00  0.00000E+00    0.00000E+00  0.00000E+00 -0.30536E+03 -0.10448E+01  0.13103E+01 -0.99248E+00
  0.82994E-01  0.30607E+03    0.40502E-01  0.42498E-01 -0.83000E-01  0.00000E+00  0.00000E+00  0.00000E+00    0.00000E+00  0.00000E+00 -0.30605E+03 -0.10517E+01  0.13061E+01 -0.98954E+00
  0.83994E-01  0.30675E+03    0.40931E-01  0.43069E-01 -0.84000E-01  0.00000E+00  0.00000E+00  0.00000E+00    0.00000E+00  0.00000E+00 -0.30673E+03 -0.10592E+01  0.13009E+01 -0.98653E+00
  0.84994E-01  0.30743E+03    0.41360E-01  0.43640E-01 -0.85000E-01  0.00000E+00  0.00000E+00  0.00000E+00    0.00000E+00  0.00000E+00 -0.30741E+03 -0.10671E+01  0.12948E+01 -0.98455E+00
  0.85994E-01  0.30811E+03    0.41787E-01  0.44213E-01 -0.86000E-01  0.00000E+00  0.00000E+00  0.00000E+00    0.00000E+00  0.00000E+00 -0.30809E+03 -0.10760E+01  0.12893E+01 -0.98332E+00
  0.86994E-01  0.30878E+03    0.42214E-01  0.44786E-01 -0.87000E-01  0.00000E+00  0.00000E+00  0.00000E+00    0.00000E+00  0.00000E+00 -0.30877E+03 -0.10851E+01  0.12839E+01 -0.98140E+00
  0.87994E-01  0.30946E+03    0.42640E-01  0.45360E-01 -0.88000E-01  0.00000E+00  0.00000E+00  0.00000E+00    0.00000E+00  0.00000E+00 -0.30944E+03 -0.10941E+01  0.12777E+01 -0.97756E+00
  0.88994E-01  0.31013E+03    0.43065E-01  0.45935E-01 -0.89000E-01  0.00000E+00  0.00000E+00  0.00000E+00    0.00000E+00  0.00000E+00 -0.31011E+03 -0.11033E+01  0.12720E+01 -0.97444E+00
  0.89994E-01  0.31080E+03    0.43490E-01  0.46510E-01 -0.90000E-01  0.00000E+00  0.00000E+00  0.00000E+00    0.00000E+00  0.00000E+00 -0.31078E+03 -0.11135E+01  0.12656E+01 -0.97123E+00
  0.90994E-01  0.31147E+03    0.43913E-01  0.47087E-01 -0.91000E-01  0.00000E+00  0.00000E+00  0.00000E+00    0.00000E+00  0.00000E+00 -0.31145E+03 -0.11239E+01  0.12590E+01 -0.96822E+00
  0.91994E-01  0.31214E+03    0.44336E-01  0.47664E-01 -0.92000E-01  0.00000E+00  0.00000E+00  0.00000E+00    0.00000E+00  0.00000E+00 -0.31212E+03 -0.11343E+01  0.12522E+01 -0.96532E+00
  0.92994E-01  0.31280E+03    0.44759E-01  0.48241E-01 -0.93000E-01  0.00000E+00  0.00000E+00  0.00000E+00    0.00000E+00  0.00000E+00 -0.31278E+03 -0.11449E+01  0.12454E+01 -0.96239E+00
  0.93994E-01  0.31346E+03    0.45180E-01  0.48820E-01 -0.94000E-01  0.00000E+00  0.00000E+00  0.00000E+00    0.00000E+00  0.00000E+00 -0.31344E+03 -0.11577E+01  0.12386E+01 -0.95870E+00
  0.94994E-01  0.31412E+03    0.45601E-01  0.49399E-01 -0.95000E-01  0.00000E+00  0.00000E+00  0.00000E+00    0.00000E+00  0.00000E+00 -0.31411E+03 -0.11702E+01  0.12309E+01 -0.95679E+00
  0.95994E-01  0.31478E+03    0.46021E-01  0.49979E-01 -0.96000E-01  0.00000E+00  0.00000E+00  0.00000E+00    0.00000E+00  0.00000E+00 -0.31476E+03 -0.11815E+01  0.12218E+01 -0.96138E+00
  0.96994E-01  0.31544E+03    0.46440E-01  0.50560E-01 -0.97000E-01  0.00000E+00  0.00000E+00  0.00000E+00    0.00000E+00  0.00000E+00 -0.31542E+03 -0.11907E+01  0.12143E+01 -0.95716E+00
  0.97994E-01  0.31609E+03    0.46859E-01  0.51141E-01 -0.98000E-01  0.00000E+00  0.00000E+00  0.00000E+00    0.00000E+00  0.00000E+00 -0.31608E+03 -0.12013E+01  0.12066E+01 -0.95296E+00
  0.98994E-01  0.31675E+03    0.47277E-01  0.51723E-01 -0.99000E-01  0.00000E+00  0.00000E+00  0.00000E+00    0.00000E+00  0.00000E+00 -0.31673E+03 -0.12119E+01  0.11979E+01 -0.95044E+00
  0.99993E-01  0.31740E+03    0.47694E-01  0.52306E-01 -0.10000E+00  0.00000E+00  0.00000E+00  0.00000E+00    0.00000E+00  0.00000E+00 -0.31738E+03 -0.12224E+01  0.11897E+01 -0.94766E+00
  0.10099E+00  0.31805E+03    0.48111E-01  0.52889E-01 -0.10100E+00  0.00000E+00  0.00000E+00  0.00000E+00    0.00000E+00  0.00000E+00 -0.31803E+03 -0.12336E+01  0.11814E+01 -0.94447E+00
  0.10199E+00  0.31869E+03    0.48526E-01  0.53474E-01 -0.10200E+00  0.00000E+00  0.00000E+00  0.00000E+00    0.00000E+00  0.00000E+00 -0.31867E+03 -0.12444E+01  0.11730E+01 -0.94126E+00
  0.10299E+00  0.31934E+03    0.48942E-01  0.54058E-01 -0.10300E+00  0.00000E+00  0.00000E+00  0.00000E+00    0.00000E+00  0.00000E+00 -0.31932E+03 -0.12551E+01  0.11647E+01 -0.93771E+00
  0.10399E+00  0.31998E+03    0.49356E-01  0.54644E-01 -0.10400E+00  0.00000E+00  0.00000E+00  0.00000E+00    0.00000E+00  0.00000E+00 -0.31996E+03 -0.12655E+01  0.11562E+01 -0.93420E+00
  0.10499E+00  0.32062E+03    0.49770E-01  0.55230E-01 -0.10500E+00  0.00000E+00  0.00000E+00  0.00000E+00    0.00000E+00  0.00000E+00 -0.32060E+03 -0.12759E+01  0.11478E+01 -0.93062E+00
  0.10599E+00  0.32125E+03    0.50184E-01  0.55816E-01 -0.10600E+00  0.00000E+00  0.00000E+00  0.00000E+00    0.00000E+00  0.00000E+00 -0.32124E+03 -0.12850E+01  0.11397E+01 -0.92722E+00
  0.10699E+00  0.32189E+03    0.50596E-01  0.56404E-01 -0.10700E+00  0.00000E+00  0.00000E+00  0.00000E+00    0.00000E+00  0.00000E+00 -0.32187E+03 -0.12937E+01  0.11313E+01 -0.92302E+00
  0.10799E+00  0.32252E+03    0.51008E-01  0.56992E-01 -0.10800E+00  0.00000E+00  0.00000E+00  0.00000E+00    0.00000E+00  0.00000E+00 -0.32250E+03 -0.13029E+01  0.11227E+01 -0.91807E+00
  0.10899E+00  0.32315E+03    0.51420E-01  0.57580E-01 -0.10900E+00  0.00000E+00  0.00000E+00  0.00000E+00    0.00000E+00  0.00000E+00 -0.32313E+03 -0.13119E+01  0.11134E+01 -0.91492E+00
  0.10999E+00  0.32378E+03    0.51831E-01  0.58169E-01 -0.11000E+00  0.00000E+00  0.00000E+00  0.00000E+00    0.00000E+00  0.00000E+00 -0.32376E+03 -0.13207E+01  0.11040E+01 -0.91189E+00
  0.11099E+00  0.32440E+03    0.52241E-01  0.58759E-01 -0.11100E+00  0.00000E+00  0.00000E+00  0.00000E+00    0.00000E+00  0.00000E+00 -0.32438E+03 -0.13291E+01  0.10963E+01 -0.91460E+00
  0.11199E+00  0.32502E+03    0.52651E-01  0.59349E-01 -0.11200E+00  0.00000E+00  0.00000E+00  0.00000E+00    0.00000E+00  0.00000E+00 -0.32501E+03 -0.13375E+01  0.10871E+01 -0.91304E+00
  0.11299E+00  0.32564E+03    0.53060E-01  0.59940E-01 -0.11300E+00  0.00000E+00  0.00000E+00  0.00000E+00    0.00000E+00  0.00000E+00 -0.32563E+03 -0.13458E+01  0.10778E+01 -0.91171E+00
  0.11399E+00  0.32626E+03    0.53468E-01  0.60532E-01 -0.11400E+00  0.00000E+00  0.00000E+00  0.00000E+00    0.00000E+00  0.00000E+00 -0.32624E+03 -0.13539E+01  0.10682E+01 -0.91058E+00
  0.11499E+00  0.32688E+03    0.53876E-01  0.61124E-01 -0.11500E+00  0.00000E+00  0.00000E+00  0.00000E+00    0.00000E+00  0.00000E+00 -0.32686E+03 -0.13618E+01  0.10585E+01 -0.90969E+00
  0.11599E+00  0.32749E+03    0.54284E-01  0.61716E-01 -0.11600E+00  0.00000E+00  0.00000E+00  0.00000E+00    0.00000E+00  0.00000E+00 -0.32747E+03 -0.13707E+01  0.10486E+01 -0.90831E+00
  0.11699E+00  0.32810E+03    0.54690E-01  0.62310E-01 -0.11700E+00  0.00000E+00  0.00000E+00  0.00000E+00    0.00000E+00  0.00000E+00 -0.32808E+03 -0.13802E+01  0.10388E+01 -0.90682E+00
  0.11799E+00  0.32871E+03    0.55096E-01  0.62904E-01 -0.11800E+00  0.00000E+00  0.00000E+00  0.00000E+00    0.00000E+00  0.00000E+00 -0.32869E+03 -0.13885E+01  0.10292E+01 -0.90836E+00
  0.11899E+00  0.32931E+03    0.55502E-01  0.63498E-01 -0.11900E+00  0.00000E+00  0.00000E+00  0.00000E+00    0.00000E+00  0.00000E+00 -0.32930E+03 -0.13970E+01  0.10194E+01 -0.90966E+00
  0.11999E+00  0.32992E+03    0.55907E-01  0.64093E-01 -0.12000E+00  0.00000E+00  0.00000E+00  0.00000E+00    0.00000E+00  0.00000E+00 -0.32990E+03 -0.14055E+01  0.10094E+01 -0.91004E+00
  0.12099E+00  0.33052E+03    0.56312E-01  0.64688E-01 -0.12100E+00  0.00000E+00  0.00000E+00  0.00000E+00    0.00000E+00  0.00000E+00 -0.33050E+03 -0.14147E+01  0.99964E+00 -0.91131E+00
  0.12199E+00  0.33111E+03    0.56716E-01  0.65284E-01 -0.12200E+00  0.00000E+00  0.00000E+00  0.00000E+00    0.00000E+00  0.00000E+00 -0.33110E+03 -0.14235E+01  0.98943E+00 -0.91278E+00
  0.12299E+00  0.33171E+03    0.57119E-01  0.65881E-01 -0.12300E+00  0.00000E+00  0.00000E+00  0.00000E+00    0.00000E+00  0.00000E+00 -0.33169E+03 -0.14316E+01  0.97924E+00 -0.91445E+00
  0.12399E+00  0.33230E+03    0.57522E-01  0.66478E-01 -0.12400E+00  0.00000E+00  0.00000E+00  0.00000E+00    0.00000E+00  0.00000E+00 -0.33229E+03 -0.14395E+01  0.96913E+00 -0.91621E+00
  0.12499E+00  0.33289E+03    0.57925E-01  0.67075E-01 -0.12500E+00  0.00000E+00  0.00000E+00  0.00000E+00    0.00000E+00  0.00000E+00 -0.33288E+03 -0.14471E+01  0.95910E+00 -0.91823E+00
  0.12599E+00  0.33348E+03    0.58327E-01  0.67673E-01 -0.12600E+00  0.00000E+00  0.00000E+00  0.00000E+00    0.00000E+00  0.00000E+00 -0.33346E+03 -0.14544E+01  0.94897E+00 -0.92046E+00
  0.12699E+00  0.33407E+03    0.58728E-01  0.68272E-01 -0.12700E+00  0.00000E+00  0.00000E+00  0.00000E+00    0.00000E+00  0.00000E+00 -0.33405E+03 -0.14614E+01  0.93884E+00 -0.92290E+00
  0.12799E+00  0.33465E+03    0.59129E-01  0.68871E-01 -0.12800E+00  0.00000E+00  0.00000E+00  0.00000E+00    0.00000E+00  0.00000E+00 -0.33463E+03 -0.14682E+01  0.92873E+00 -0.92513E+00
  0.12899E+00  0.33523E+03    0.59530E-01  0.69470E-01 -0.12900E+00  0.00000E+00  0.00000E+00  0.00000E+00    0.00000E+00  0.00000E+00 -0.33521E+03 -0.14747E+01  0.91867E+00 -0.92738E+00
  0.12999E+00  0.33581E+03    0.59930E-01  0.70070E-01 -0.13000E+00  0.00000E+00  0.00000E+00  0.00000E+00    0.00000E+00  0.00000E+00 -0.33579E+03 -0.14810E+01  0.90869E+00 -0.92957E+00
  0.13099E+00  0.33638E+03    0.60330E-01  0.70670E-01 -0.13100E+00  0.00000E+00  0.00000E+00  0.00000E+00    0.00000E+00  0.00000E+00 -0.33637E+03 -0.14870E+01  0.89877E+00 -0.93168E+00
  0.13199E+00  0.33696E+03    0.60729E-01  0.71271E-01 -0.13200E+00  0.00000E+00  0.00000E+00  0.00000E+00    0.00000E+00  0.00000E+00 -0.33694E+03 -0.14928E+01  0.88894E+00 -0.93367E+00
  0.13299E+00  0.33753E+03    0.61128E-01  0.71872E-01 -0.13300E+00  0.00000E+00  0.00000E+00  0.00000E+00    0.00000E+00  0.00000E+00 -0.33751E+03 -0.14984E+01  0.87915E+00 -0.93555E+00
  0.13399E+00  0.33809E+03    0.61526E-01  0.72474E-01 -0.13400E+00  0.00000E+00  0.00000E+00  0.00000E+00    0.00000E+00  0.00000E+00 -0.33808E+03 -0.15038E+01  0.86933E+00 -0.93729E+00
  0.13499E+00  0.33866E+03    0.61924E-01  0.73076E-01 -0.13500E+00  0.00000E+00  0.00000E+00  0.00000E+00    0.00000E+00  0.00000E+00 -0.33864E+03 -0.15090E+01  0.85973E+00 -0.93876E+00
  0.13599E+00  0.33922E+03    0.62322E-01  0.73678E-01 -0.13600E+00  0.00000E+00  0.00000E+00  0.00000E+00    0.00000E+00  0.00000E+00 -0.33921E+03 -0.15139E+01  0.85023E+00 -0.93999E+00
  0.13699E+00  0.33978E+03    0.62719E-01  0.74281E-01 -0.13700E+00  0.00000E+00  0.00000E+00  0.00000E+00    0.00000E+00  0.00000E+00 -0.33977E+03 -0.15175E+01  0.84062E+00 -0.94035E+00
  0.13799E+00  0.34034E+03    0.63115E-01  0.74885E-01 -0.13800E+00  0.00000E+00  0.00000E+00  0.00000E+00    0.00000E+00  0.00000E+00 -0.34033E+03 -0.15210E+01  0.83113E+00 -0.94046E+00
  0.13899E+00  0.34090E+03    0.63512E-01  0.75488E-01 -0.13900E+00  0.00000E+00  0.00000E+00  0.00000E+00    0.00000E+00  0.00000E+00 -0.34088E+03 -0.15248E+01  0.82185E+00 -0.94055E+00
  0.13999E+00  0.34145E+03    0.63907E-01  0.76093E-01 -0.14000E+00  0.00000E+00  0.00000E+00  0.00000E+00    0.00000E+00  0.00000E+00 -0.34144E+03 -0.15283E+01  0.81267E+00 -0.94031E+00
  0.14099E+00  0.34200E+03    0.64303E-01  0.76697E-01 -0.14100E+00  0.00000E+00  0.00000E+00  0.00000E+00    0.00000E+00  0.00000E+00 -0.34199E+03 -0.15323E+01  0.80361E+00 -0.93969E+00
  0.14199E+00  0.34255E+03    0.64698E-01  0.77302E-01 -0.14200E+00  0.00000E+00  0.00000E+00  0.00000E+00    0.00000E+00  0.00000E+00 -0.34254E+03 -0.15359E+01  0.79468E+00 -0.93876E+00
  0.14299E+00  0.34310E+03    0.65093E-01  0.77907E-01 -0.14300E+00  0.00000E+00  0.00000E+00  0.00000E+00    0.00000E+00  0.00000E+00 -0.34308E+03 -0.15393E+01  0.78588E+00 -0.93749E+00
  0.14399E+00  0.34364E+03    0.65487E-01  0.78513E-01 -0.14400E+00  0.00000E+00  0.00000E+00  0.00000E+00    0.00000E+00  0.00000E+00 -0.34363E+03 -0.15424E+01  0.77722E+00 -0.93588E+00
  0.14499E+00  0.34418E+03    0.65881E-01  0.79119E-01 -0.14500E+00  0.00000E+00  0.00000E+00  0.00000E+00    0.00000E+00  0.00000E+00 -0.34417E+03 -0.15454E+01  0.76868E+00 -0.93394E+00
  0.14599E+00  0.34472E+03    0.66275E-01  0.79725E-01 -0.14600E+00  0.00000E+00  0.00000E+00  0.00000E+00    0.00000E+00  0.00000E+00 -0.34471E+03 -0.15483E+01  0.76028E+00 -0.93169E+00
  0.14699E+00  0.34526E+03    0.66668E-01  0.80332E-01 -0.14700E+00  0.00000E+00  0.00000E+00  0.00000E+00    0.00000E+00  0.00000E+00 -0.34524E+03 -0.15511E+01  0.75207E+00 -0.92928E+00
  0.14799E+00  0.34579E+03    0.67061E-01  0.80939E-01 -0.14800E+00  0.00000E+00  0.00000E+00  0.00000E+00    0.00000E+00  0.00000E+00 -0.34578E+03 -0.15536E+01  0.74386E+00 -0.92605E+00
  0.14899E+00  0.34633E+03    0.67453E-01  0.81547E-01 -0.14900E+00  0.00000E+00  0.00000E+00  0.00000E+00    0.00000E+00  0.00000E+00 -0.34631E+03 -0.15560E+01  0.73580E+00 -0.92273E+00
  0.14999E+00  0.34685E+03    0.67846E-01  0.82154E-01 -0.15000E+00  0.00000E+00  0.00000E+00  0.00000E+00    0.00000E+00  0.00000E+00 -0.34684E+03 -0.15584E+01  0.72783E+00 -0.91909E+00
  0.15099E+00  0.34738E+03    0.68238E-01  0.82762E-01 -0.15100E+00  0.00000E+00  0.00000E+00  0.00000E+00    0.00000E+00  0.00000E+00 -0.34737E+03 -0.15607E+01  0.71997E+00 -0.91512E+00
  0.15199E+00  0.34791E+03    0.68629E-01  0.83371E-01 -0.15200E+00  0.00000E+00  0.00000E+00  0.00000E+00    0.00000E+00  0.00000E+00 -0.34789E+03 -0.15628E+01  0.71219E+00 -0.91084E+00
  0.15299E+00  0.34843E+03    0.69021E-01  0.83979E-01 -0.15300E+00  0.00000E+00  0.00000E+00  0.00000E+00    0.00000E+00  0.00000E+00 -0.34841E+03 -0.15649E+01  0.70450E+00 -0.90625E+00
  0.15399E+00  0.34895E+03    0.69412E-01  0.84588E-01 -0.15400E+00  0.00000E+00  0.00000E+00  0.00000E+00    0.00000E+00  0.00000E+00 -0.34893E+03 -0.15669E+01  0.69690E+00 -0.90137E+00
  0.15499E+00  0.34947E+03    0.69802E-01  0.85198E-01 -0.15500E+00  0.00000E+00  0.00000E+00  0.00000E+00    0.00000E+00  0.00000E+00 -0.34945E+03 -0.15688E+01  0.68937E+00 -0.89623E+00
  0.15599E+00  0.34998E+03    0.70193E-01  0.85807E-01 -0.15600E+00  0.00000E+00  0.00000E+00  0.00000E+00    0.00000E+00  0.00000E+00 -0.34997E+03 -0.15707E+01  0.68190E+00 -0.89079E+00
  0.15699E+00  0.35050E+03    0.70583E-01  0.86417E-01 -0.15700E+00  0.00000E+00  0.00000E+00  0.00000E+00    0.00000E+00  0.00000E+00 -0.35048E+03 -0.15724E+01  0.67452E+00 -0.88509E+00
  0.15799E+00  0.35101E+03    0.70972E-01  0.87028E-01 -0.15800E+00  0.00000E+00  0.00000E+00  0.00000E+00    0.00000E+00  0.00000E+00 -0.35099E+03 -0.15734E+01  0.66727E+00 -0.87887E+00
  0.15899E+00  0.35152E+03    0.71362E-01  0.87638E-01 -0.15900E+00  0.00000E+00  0.00000E+00  0.00000E+00    0.00000E+00  0.00000E+00 -0.35150E+03 -0.15749E+01  0.66004E+00 -0.87263E+00
  0.15999E+00  0.35202E+03    0.71751E-01  0.88249E-01 -0.16000E+00  0.00000E+00  0.00000E+00  0.00000E+00    0.00000E+00  0.00000E+00 -0.35201E+03 -0.15763E+01  0.65290E+00 -0.86616E+00
  0.16099E+00  0.35253E+03    0.72140E-01  0.88860E-01 -0.16100E+00  0.00000E+00  0.00000E+00  0.00000E+00    0.00000E+00  0.00000E+00 -0.35251E+03 -0.15776E+01  0.64583E+00 -0.85950E+00
  0.16199E+00  0.35303E+03    0.72529E-01  0.89471E-01 -0.16200E+00  0.00000E+00  0.00000E+00  0.00000E+00    0.00000E+00  0.00000E+00 -0.35302E+03 -0.15789E+01  0.63886E+00 -0.85265E+00
  0.16299E+00  0.35353E+03    0.72917E-01  0.90083E-01 -0.16300E+00  0.00000E+00  0.00000E+00  0.00000E+00    0.00000E+00  0.00000E+00 -0.35352E+03 -0.15802E+01  0.63192E+00 -0.84565E+00
  0.16399E+00  0.35403E+03    0.73305E-01  0.90695E-01 -0.16400E+00  0.00000E+00  0.00000E+00  0.00000E+00    0.00000E+00  0.00000E+00 -0.35402E+03 -0.15814E+01  0.62509E+00 -0.83848E+00
  0.16499E+00  0.35453E+03    0.73693E-01  0.91307E-01 -0.16500E+00  0.00000E+00  0.00000E+00  0.00000E+00    0.00000E+00  0.00000E+00 -0.35451E+03 -0.15826E+01  0.61831E+00 -0.83119E+00
  0.16599E+00  0.35502E+03    0.74080E-01  0.91920E-01 -0.16600E+00  0.00000E+00  0.00000E+00  0.00000E+00    0.00000E+00  0.00000E+00 -0.35501E+03 -0.15838E+01  0.61158E+00 -0.82378E+00
  0.16699E+00  0.35551E+03    0.74468E-01  0.92532E-01 -0.16700E+00  0.00000E+00  0.00000E+00  0.00000E+00    0.00000E+00  0.00000E+00 -0.35550E+03 -0.15849E+01  0.60496E+00 -0.81627E+00
  0.16799E+00  0.35600E+03    0.74855E-01  0.93145E-01 -0.16800E+00  0.00000E+00  0.00000E+00  0.00000E+00    0.00000E+00  0.00000E+00 -0.35599E+03 -0.15861E+01  0.59842E+00 -0.80867E+00
  0.16899E+00  0.35649E+03    0.75241E-01  0.93759E-01 -0.16900E+00  0.00000E+00  0.00000E+00  0.00000E+00    0.00000E+00  0.00000E+00 -0.35648E+03 -0.15872E+01  0.59194E+00 -0.80096E+00
  0.16999E+00  0.35698E+03    0.75628E-01  0.94372E-01 -0.17000E+00  0.00000E+00  0.00000E+00  0.00000E+00    0.00000E+00  0.00000E+00 -0.35697E+03 -0.15882E+01  0.58552E+00 -0.79319E+00
  0.17099E+00  0.35746E+03    0.76014E-01  0.94986E-01 -0.17100E+00  0.00000E+00  0.00000E+00  0.00000E+00    0.00000E+00  0.00000E+00 -0.35745E+03 -0.15892E+01  0.57914E+00 -0.78542E+00
  0.17199E+00  0.35795E+03    0.76400E-01  0.95600E-01 -0.17200E+00  0.00000E+00  0.00000E+00  0.00000E+00    0.00000E+00  0.00000E+00 -0.35793E+03 -0.15901E+01  0.57279E+00 -0.77763E+00
  0.17299E+00  0.35843E+03    0.76786E-01  0.96214E-01 -0.17300E+00  0.00000E+00  0.00000E+00  0.00000E+00    0.00000E+00  0.00000E+00 -0.35841E+03 -0.15910E+01  0.56652E+00 -0.76970E+00
  0.17399E+00  0.35891E+03    0.77171E-01  0.96829E-01 -0.17400E+00  0.00000E+00  0.00000E+00  0.00000E+00    0.00000E+00  0.00000E+00 -0.35889E+03 -0.15919E+01  0.56029E+00 -0.76172E+00
  0.17499E+00  0.35938E+03    0.77557E-01  0.97443E-01 -0.17500E+00  0.00000E+00  0.00000E+00  0.00000E+00    0.00000E+00  0.00000E+00 -0.35937E+03 -0.15927E+01  0.55412E+00 -0.75371E+00
  0.17599E+00  0.35986E+03    0.77942E-01  0.98058E-01 -0.17600E+00  0.00000E+00  0.00000E+00  0.00000E+00    0.00000E+00  0.00000E+00 -0.35985E+03 -0.15935E+01  0.54797E+00 -0.74565E+00
  0.17699E+00  0.36033E+03    0.78326E-01  0.98674E-01 -0.17700E+00  0.00000E+00  0.00000E+00  0.00000E+00    0.00000E+00  0.00000E+00 -0.36032E+03 -0.15941E+01  0.54185E+00 -0.73755E+00
  0.17799E+00  0.36081E+03    0.78711E-01  0.99289E-01 -0.17800E+00  0.00000E+00  0.00000E+00  0.00000E+00    0.00000E+00  0.00000E+00 -0.36079E+03 -0.15948E+01  0.53577E+00 -0.72942E+00
  0.17899E+00  0.36128E+03    0.79095E-01  0.99905E-01 -0.17900E+00  0.00000E+00  0.00000E+00  0.00000E+00    0.00000E+00  0.00000E+00 -0.36126E+03 -0.15953E+01  0.52972E+00 -0.72124E+00
  0.17999E+00  0.36174E+03    0.79479E-01  0.10052E+00 -0.18000E+00  0.00000E+00  0.00000E+00  0.00000E+00    0.00000E+00  0.00000E+00 -0.36173E+03 -0.15958E+01  0.52369E+00 -0.71304E+00
  0.18099E+00  0.36221E+03    0.79863E-01  0.10114E+00 -0.18100E+00  0.00000E+00  0.00000E+00  0.00000E+00    0.00000E+00  0.00000E+00 -0.36220E+03 -0.15962E+01  0.51768E+00 -0.70481E+00
  0.18199E+00  0.36268E+03    0.80247E-01  0.10175E+00 -0.18200E+00  0.00000E+00  0.00000E+00  0.00000E+00    0.00000E+00  0.00000E+00 -0.36266E+03 -0.15965E+01  0.51168E+00 -0.69654E+00
  0.18299E+00  0.36314E+03    0.80630E-01  0.10237E+00 -0.18300E+00  0.00000E+00  0.00000E+00  0.00000E+00    0.00000E+00  0.00000E+00 -0.36313E+03 -0.15968E+01  0.50569E+00 -0.68822E+00
  0.18399E+00  0.36360E+03    0.81014E-01  0.10299E+00 -0.18400E+00  0.00000E+00  0.00000E+00  0.00000E+00    0.00000E+00  0.00000E+00 -0.36359E+03 -0.15970E+01  0.49968E+00 -0.67983E+00
  0.18499E+00  0.36406E+03    0.81397E-01  0.10360E+00 -0.18500E+00  0.00000E+00  0.00000E+00  0.00000E+00    0.00000E+00  0.00000E+00 -0.36405E+03 -0.15971E+01  0.49366E+00 -0.67136E+00
  0.18599E+00  0.36452E+03    0.81779E-01  0.10422E+00 -0.18600E+00  0.00000E+00  0.00000E+00  0.00000E+00    0.00000E+00  0.00000E+00 -0.36451E+03 -0.15973E+01  0.48759E+00 -0.66274E+00
  0.18699E+00  0.36498E+03    0.82162E-01  0.10484E+00 -0.18700E+00  0.00000E+00  0.00000E+00  0.00000E+00    0.00000E+00  0.00000E+00 -0.36496E+03 -0.15974E+01  0.48144E+00 -0.65393E+00
  0.18799E+00  0.36543E+03    0.82544E-01  0.10546E+00 -0.18800E+00  0.00000E+00  0.00000E+00  0.00000E+00    0.00000E+00  0.00000E+00 -0.36542E+03 -0.15976E+01  0.47518E+00 -0.64487E+00
  0.18899E+00  0.36589E+03    0.82926E-01  0.10607E+00 -0.18900E+00  0.00000E+00  0.00000E+00  0.00000E+00    0.00000E+00  0.00000E+00 -0.36587E+03 -0.15979E+01  0.46875E+00 -0.63546E+00
  0.18999E+00  0.36634E+03    0.83308E-01  0.10669E+00 -0.19000E+00  0.00000E+00  0.00000E+00  0.00000E+00    0.00000E+00  0.00000E+00 -0.36633E+03 -0.15983E+01  0.46210E+00 -0.62566E+00
  0.19099E+00  0.36679E+03    0.83690E-01  0.10731E+00 -0.19100E+00  0.00000E+00  0.00000E+00  0.00000E+00    0.00000E+00  0.00000E+00 -0.36678E+03 -0.15987E+01  0.45520E+00 -0.61553E+00
  0.19199E+00  0.36724E+03    0.84072E-01  0.10793E+00 -0.19200E+00  0.00000E+00  0.00000E+00  0.00000E+00    0.00000E+00  0.00000E+00 -0.36723E+03 -0.15989E+01  0.44812E+00 -0.60537E+00
  0.19299E+00  0.36769E+03    0.84453E-01  0.10855E+00 -0.19300E+00  0.00000E+00  0.00000E+00  0.00000E+00    0.00000E+00  0.00000E+00 -0.36768E+03 -0.15988E+01  0.44115E+00 -0.59585E+00
  0.19399E+00  0.36814E+03    0.84835E-01  0.10917E+00 -0.19400E+00  0.00000E+00  0.00000E+00  0.00000E+00    0.00000E+00  0.00000E+00 -0.36813E+03 -0.15979E+01  0.43460E+00 -0.58750E+00
  0.19499E+00  0.36859E+03    0.85216E-01  0.10978E+00 -0.19500E+00  0.00000E+00  0.00000E+00  0.00000E+00    0.00000E+00  0.00000E+00 -0.36857E+03 -0.15967E+01  0.42845E+00 -0.57995E+00
  0.19599E+00  0.36903E+03    0.85597E-01  0.11040E+00 -0.19600E+00  0.00000E+00  0.00000E+00  0.00000E+00    0.00000E+00  0.00000E+00 -0.36902E+03 -0.15955E+01  0.42239E+00 -0.57231E+00
  0.19699E+00  0.36947E+03    0.85978E-01  0.11102E+00 -0.19700E+00  0.00000E+00  0.00000E+00  0.00000E+00    0.00000E+00  0.00000E+00 -0.36946E+03 -0.15944E+01  0.41623E+00 -0.56444E+00
  0.19799E+00  0.36991E+03    0.86358E-01  0.11164E+00 -0.19800E+00  0.00000E+00  0.00000E+00  0.00000E+00    0.00000E+00  0.00000E+00 -0.36990E+03 -0.15933E+01  0.41006E+00 -0.55652E+00
  0.19899E+00  0.37048E+03    0.86739E-01  0.11226E+00 -0.19900E+00  0.00000E+00  0.00000E+00  0.00000E+00    0.00000E+00  0.00000E+00 -0.37047E+03 -0.16211E+01  0.39237E+00 -0.49893E+00
  0.19999E+00  0.37089E+03    0.87120E-01  0.11288E+00 -0.20000E+00  0.00000E+00  0.00000E+00  0.00000E+00    0.00000E+00  0.00000E+00 -0.37088E+03 -0.15983E+01  0.39620E+00 -0.52674E+00
