
*******   STEP   1
    1   0.496E+00   0.105E+00   0.210E+00
    2   0.332E-01   0.229E+00   0.339E-01
    3   0.286E-01   0.101E+00   0.329E-01
    4   0.129E-01   0.837E-01   0.186E-01
    5   0.969E-02   0.756E-01   0.135E-01
    6   0.867E-02   0.692E-01   0.123E-01
    7   0.799E-02   0.620E-01   0.113E-01
    8   0.725E-02   0.559E-01   0.103E-01
    9   0.655E-02   0.507E-01   0.922E-02
   10   0.592E-02   0.460E-01   0.833E-02
   11   0.536E-02   0.418E-01   0.756E-02
   12   0.486E-02   0.379E-01   0.686E-02
   13   0.440E-02   0.344E-01   0.622E-02
   14   0.399E-02   0.312E-01   0.563E-02
   15   0.361E-02   0.284E-01   0.511E-02
   16   0.328E-02   0.258E-01   0.463E-02
   17   0.297E-02   0.234E-01   0.420E-02
   18   0.270E-02   0.212E-01   0.381E-02
   19   0.245E-02   0.193E-01   0.346E-02
   20   0.222E-02   0.175E-01   0.314E-02
   21   0.201E-02   0.159E-01   0.285E-02
   22   0.183E-02   0.144E-01   0.258E-02
   23   0.166E-02   0.131E-01   0.234E-02
   24   0.150E-02   0.119E-01   0.213E-02
   25   0.136E-02   0.108E-01   0.193E-02
   26   0.124E-02   0.979E-02   0.175E-02
   27   0.112E-02   0.889E-02   0.159E-02
   28   0.102E-02   0.806E-02   0.144E-02
   29   0.924E-03   0.732E-02   0.131E-02
   30   0.838E-03   0.664E-02   0.119E-02
   31   0.760E-03   0.602E-02   0.108E-02
   32   0.967E-03   0.524E-02   0.633E-03
   33   0.610E-03   0.472E-02   0.851E-03
   34   0.764E-03   0.412E-02   0.496E-03
   35   0.755E-03   0.352E-02   0.310E-03
   36   0.685E-03   0.296E-02   0.214E-03
   37   0.596E-03   0.247E-02   0.161E-03
   38   0.507E-03   0.206E-02   0.126E-03
   39   0.426E-03   0.172E-02   0.101E-03
   40   0.355E-03   0.143E-02   0.840E-04
   41   0.295E-03   0.120E-02   0.689E-04
   42   0.245E-03   0.996E-03   0.540E-04

*******   STEP   2
    1   0.608E-02   0.289E-02   0.480E-02
    2   0.194E-02   0.576E-02   0.228E-02
    3   0.294E-03   0.123E-02   0.421E-03
    4   0.287E-03   0.100E-02   0.616E-03
    5   0.176E-03   0.860E-03   0.179E-03

*******   STEP   3
    1   0.329E-02   0.267E-02   0.561E-02
    2   0.189E-02   0.665E-02   0.219E-02
    3   0.372E-03   0.167E-02   0.566E-03
    4   0.329E-03   0.892E-03   0.698E-03

*******   STEP   4
    1   0.361E-02   0.315E-02   0.517E-02
    2   0.173E-02   0.666E-02   0.200E-02
    3   0.150E-03   0.245E-02   0.901E-03
    4   0.582E-03   0.160E-02   0.109E-02
    5   0.357E-03   0.131E-02   0.341E-03
    6   0.253E-03   0.113E-02   0.721E-03
    7   0.351E-03   0.169E-02   0.523E-03
    8   0.242E-03   0.122E-02   0.206E-03
    9   0.195E-03   0.758E-03   0.733E-03

*******   STEP   5
    1   0.467E-02   0.335E-02   0.464E-02
    2   0.144E-02   0.591E-02   0.169E-02
    3   0.152E-03   0.223E-02   0.810E-03
    4   0.511E-03   0.149E-02   0.947E-03
    5   0.323E-03   0.122E-02   0.301E-03
    6   0.235E-03   0.108E-02   0.641E-03
    7   0.192E-03   0.141E-02   0.835E-03
    8   0.252E-03   0.143E-02   0.446E-03
    9   0.225E-03   0.941E-03   0.231E-03

*******   STEP   6
    1   0.329E-02   0.287E-02   0.466E-02
    2   0.132E-02   0.572E-02   0.154E-02
    3   0.165E-03   0.207E-02   0.827E-03
    4   0.495E-03   0.144E-02   0.903E-03
    5   0.311E-03   0.116E-02   0.276E-03
    6   0.220E-03   0.105E-02   0.662E-03
    7   0.188E-03   0.139E-02   0.819E-03
    8   0.247E-03   0.138E-02   0.404E-03
    9   0.215E-03   0.876E-03   0.269E-03

*******   STEP   7
    1   0.470E-02   0.291E-02   0.468E-02
    2   0.132E-02   0.572E-02   0.155E-02
    3   0.164E-03   0.204E-02   0.822E-03
    4   0.491E-03   0.142E-02   0.895E-03
    5   0.306E-03   0.114E-02   0.272E-03
    6   0.216E-03   0.103E-02   0.660E-03
    7   0.185E-03   0.137E-02   0.812E-03
    8   0.243E-03   0.136E-02   0.395E-03
    9   0.211E-03   0.856E-03   0.275E-03

*******   STEP   8
    1   0.446E-02   0.289E-02   0.468E-02
    2   0.132E-02   0.571E-02   0.154E-02
    3   0.165E-03   0.203E-02   0.817E-03
    4   0.484E-03   0.141E-02   0.883E-03
    5   0.301E-03   0.113E-02   0.268E-03
    6   0.213E-03   0.103E-02   0.656E-03
    7   0.183E-03   0.136E-02   0.801E-03
    8   0.240E-03   0.134E-02   0.383E-03
    9   0.208E-03   0.840E-03   0.281E-03

*******   STEP   9
    1   0.350E-02   0.287E-02   0.466E-02
    2   0.131E-02   0.567E-02   0.153E-02
    3   0.166E-03   0.201E-02   0.808E-03
    4   0.477E-03   0.140E-02   0.868E-03
    5   0.297E-03   0.112E-02   0.263E-03
    6   0.211E-03   0.102E-02   0.650E-03
    7   0.182E-03   0.134E-02   0.787E-03
    8   0.236E-03   0.132E-02   0.370E-03
    9   0.204E-03   0.824E-03   0.284E-03

*******   STEP  10
    1   0.871E-02   0.293E-02   0.481E-02
    2   0.135E-02   0.585E-02   0.158E-02
    3   0.170E-03   0.206E-02   0.825E-03
    4   0.486E-03   0.143E-02   0.884E-03
    5   0.300E-03   0.114E-02   0.267E-03
    6   0.213E-03   0.103E-02   0.665E-03
    7   0.185E-03   0.136E-02   0.802E-03
    8   0.239E-03   0.134E-02   0.373E-03
    9   0.206E-03   0.829E-03   0.296E-03

*******   STEP  11
    1   0.117E-01   0.299E-02   0.498E-02
    2   0.139E-02   0.602E-02   0.162E-02
    3   0.176E-03   0.209E-02   0.847E-03
    4   0.495E-03   0.145E-02   0.901E-03
    5   0.305E-03   0.116E-02   0.271E-03
    6   0.216E-03   0.105E-02   0.684E-03
    7   0.189E-03   0.139E-02   0.818E-03
    8   0.243E-03   0.136E-02   0.374E-03
    9   0.210E-03   0.837E-03   0.311E-03

*******   STEP  12
    1   0.109E-01   0.293E-02   0.498E-02
    2   0.139E-02   0.602E-02   0.162E-02
    3   0.177E-03   0.207E-02   0.842E-03
    4   0.490E-03   0.143E-02   0.891E-03
    5   0.302E-03   0.115E-02   0.267E-03
    6   0.215E-03   0.104E-02   0.680E-03
    7   0.188E-03   0.137E-02   0.807E-03
    8   0.240E-03   0.134E-02   0.364E-03
    9   0.207E-03   0.823E-03   0.315E-03

*******   STEP  13
    1   0.804E-02   0.282E-02   0.490E-02
    2   0.136E-02   0.590E-02   0.159E-02
    3   0.175E-03   0.201E-02   0.825E-03
    4   0.477E-03   0.140E-02   0.866E-03
    5   0.293E-03   0.112E-02   0.259E-03
    6   0.209E-03   0.102E-02   0.667E-03
    7   0.183E-03   0.134E-02   0.786E-03
    8   0.234E-03   0.130E-02   0.348E-03
    9   0.201E-03   0.794E-03   0.314E-03

*******   STEP  14
    1   0.993E-02   0.283E-02   0.503E-02
    2   0.140E-02   0.604E-02   0.163E-02
    3   0.178E-03   0.203E-02   0.837E-03
    4   0.483E-03   0.140E-02   0.877E-03
    5   0.295E-03   0.112E-02   0.261E-03
    6   0.210E-03   0.102E-02   0.678E-03
    7   0.185E-03   0.135E-02   0.795E-03
    8   0.236E-03   0.131E-02   0.349E-03
    9   0.202E-03   0.796E-03   0.324E-03

*******   STEP  15
    1   0.309E-02   0.270E-02   0.484E-02
    2   0.133E-02   0.581E-02   0.155E-02
    3   0.176E-03   0.197E-02   0.803E-03
    4   0.460E-03   0.137E-02   0.833E-03
    5   0.283E-03   0.109E-02   0.250E-03
    6   0.204E-03   0.998E-03   0.648E-03

*******   STEP  16
    1   0.974E-02   0.196E-02   0.645E-02
    2   0.188E-02   0.783E-02   0.213E-02
    3   0.501E-03   0.236E-02   0.719E-03
    4   0.370E-03   0.151E-02   0.730E-03
    5   0.299E-03   0.129E-02   0.257E-03
    6   0.255E-03   0.117E-02   0.454E-03
    7   0.217E-03   0.128E-02   0.576E-03
    8   0.225E-03   0.122E-02   0.293E-03
    9   0.204E-03   0.854E-03   0.187E-03

*******   STEP  17
    1   0.304E-02   0.252E-02   0.506E-02
    2   0.140E-02   0.608E-02   0.162E-02
    3   0.189E-03   0.205E-02   0.833E-03
    4   0.473E-03   0.142E-02   0.854E-03
    5   0.291E-03   0.114E-02   0.257E-03
    6   0.212E-03   0.104E-02   0.672E-03
    7   0.189E-03   0.134E-02   0.771E-03
    8   0.233E-03   0.129E-02   0.323E-03
    9   0.200E-03   0.778E-03   0.336E-03

*******   STEP  18
    1   0.881E-02   0.272E-02   0.500E-02
    2   0.137E-02   0.597E-02   0.159E-02
    3   0.183E-03   0.198E-02   0.811E-03
    4   0.460E-03   0.138E-02   0.830E-03
    5   0.281E-03   0.110E-02   0.248E-03
    6   0.203E-03   0.100E-02   0.657E-03

*******   STEP  19
    1   0.557E-02   0.187E-02   0.578E-02
    2   0.152E-02   0.693E-02   0.171E-02
    3   0.251E-03   0.231E-02   0.994E-03
    4   0.537E-03   0.168E-02   0.953E-03
    5   0.339E-03   0.134E-02   0.299E-03
    6   0.200E-03   0.138E-02   0.322E-03
    7   0.221E-03   0.124E-02   0.127E-03
    8   0.221E-03   0.982E-03   0.125E-03

*******   STEP  20
    1   0.419E-02   0.243E-02   0.529E-02
    2   0.147E-02   0.642E-02   0.168E-02
    3   0.210E-03   0.221E-02   0.869E-03
    4   0.488E-03   0.154E-02   0.876E-03
    5   0.308E-03   0.124E-02   0.269E-03
    6   0.233E-03   0.114E-02   0.693E-03
    7   0.209E-03   0.142E-02   0.782E-03
    8   0.247E-03   0.134E-02   0.316E-03
    9   0.213E-03   0.821E-03   0.359E-03

*******   STEP  21
    1   0.839E-02   0.267E-02   0.496E-02
    2   0.133E-02   0.590E-02   0.153E-02
    3   0.191E-03   0.194E-02   0.799E-03
    4   0.443E-03   0.135E-02   0.794E-03
    5   0.274E-03   0.108E-02   0.241E-03
    6   0.203E-03   0.100E-02   0.645E-03

*******   STEP  22
    1   0.909E-02   0.190E-02   0.591E-02
    2   0.150E-02   0.701E-02   0.169E-02
    3   0.264E-03   0.231E-02   0.100E-02
    4   0.529E-03   0.168E-02   0.934E-03
    5   0.337E-03   0.134E-02   0.299E-03
    6   0.202E-03   0.139E-02   0.321E-03
    7   0.223E-03   0.124E-02   0.107E-03
    8   0.225E-03   0.976E-03   0.146E-03

*******   STEP  23
    1   0.107E-01   0.248E-02   0.556E-02
    2   0.152E-02   0.670E-02   0.173E-02
    3   0.225E-03   0.229E-02   0.897E-03
    4   0.493E-03   0.159E-02   0.882E-03
    5   0.309E-03   0.127E-02   0.271E-03
    6   0.234E-03   0.116E-02   0.718E-03
    7   0.213E-03   0.144E-02   0.793E-03
    8   0.250E-03   0.135E-02   0.306E-03
    9   0.215E-03   0.810E-03   0.386E-03

*******   STEP  24
    1   0.101E-01   0.264E-02   0.506E-02
    2   0.134E-02   0.598E-02   0.154E-02
    3   0.198E-03   0.195E-02   0.801E-03
    4   0.437E-03   0.136E-02   0.779E-03
    5   0.268E-03   0.108E-02   0.237E-03
    6   0.200E-03   0.989E-03   0.648E-03

*******   STEP  25
    1   0.293E-02   0.176E-02   0.568E-02
    2   0.120E-02   0.658E-02   0.196E-02
    3   0.132E-03   0.251E-02   0.636E-03
    4   0.451E-03   0.150E-02   0.846E-03
    5   0.290E-03   0.128E-02   0.285E-03
    6   0.253E-03   0.110E-02   0.485E-03
    7   0.210E-03   0.125E-02   0.663E-03
    8   0.226E-03   0.124E-02   0.364E-03
    9   0.210E-03   0.862E-03   0.201E-03

*******   STEP  26
    1   0.282E-02   0.230E-02   0.502E-02
    2   0.130E-02   0.589E-02   0.149E-02
    3   0.202E-03   0.187E-02   0.790E-03
    4   0.424E-03   0.133E-02   0.753E-03
    5   0.261E-03   0.105E-02   0.232E-03
    6   0.195E-03   0.973E-03   0.639E-03

*******   STEP  27
    1   0.467E-02   0.174E-02   0.565E-02
    2   0.118E-02   0.652E-02   0.193E-02
    3   0.130E-03   0.246E-02   0.626E-03
    4   0.439E-03   0.147E-02   0.821E-03
    5   0.283E-03   0.126E-02   0.273E-03
    6   0.248E-03   0.108E-02   0.476E-03
    7   0.208E-03   0.122E-02   0.644E-03
    8   0.222E-03   0.121E-02   0.348E-03
    9   0.206E-03   0.834E-03   0.205E-03

*******   STEP  28
    1   0.277E-02   0.226E-02   0.503E-02
    2   0.107E-02   0.574E-02   0.187E-02
    3   0.115E-03   0.221E-02   0.454E-03
    4   0.370E-03   0.119E-02   0.712E-03
    5   0.227E-03   0.103E-02   0.265E-03
    6   0.205E-03   0.851E-03   0.348E-03

*******   STEP  29
    1   0.276E-02   0.184E-02   0.548E-02
    2   0.117E-02   0.635E-02   0.194E-02
    3   0.125E-03   0.242E-02   0.570E-03
    4   0.417E-03   0.141E-02   0.785E-03
    5   0.268E-03   0.121E-02   0.268E-03
    6   0.240E-03   0.103E-02   0.429E-03
    7   0.201E-03   0.115E-02   0.603E-03
    8   0.211E-03   0.114E-02   0.340E-03
    9   0.197E-03   0.801E-03   0.180E-03

*******   STEP  30
    1   0.139E-01   0.243E-02   0.542E-02
    2   0.140E-02   0.628E-02   0.159E-02
    3   0.214E-03   0.196E-02   0.818E-03
    4   0.435E-03   0.138E-02   0.770E-03
    5   0.263E-03   0.108E-02   0.236E-03
    6   0.198E-03   0.985E-03   0.663E-03

*******   STEP  31
    1   0.273E-02   0.166E-02   0.558E-02
    2   0.116E-02   0.642E-02   0.188E-02
    3   0.130E-03   0.240E-02   0.605E-03
    4   0.419E-03   0.145E-02   0.779E-03
    5   0.273E-03   0.123E-02   0.254E-03
    6   0.244E-03   0.106E-02   0.453E-03
    7   0.207E-03   0.118E-02   0.605E-03
    8   0.217E-03   0.115E-02   0.321E-03
    9   0.201E-03   0.794E-03   0.207E-03

*******   STEP  32
    1   0.145E-01   0.244E-02   0.551E-02
    2   0.143E-02   0.638E-02   0.163E-02
    3   0.215E-03   0.201E-02   0.812E-03
    4   0.433E-03   0.141E-02   0.768E-03
    5   0.264E-03   0.111E-02   0.235E-03
    6   0.201E-03   0.995E-03   0.653E-03

*******   STEP  33
    1   0.538E-02   0.166E-02   0.561E-02
    2   0.116E-02   0.643E-02   0.188E-02
    3   0.131E-03   0.240E-02   0.596E-03
    4   0.413E-03   0.145E-02   0.766E-03
    5   0.271E-03   0.124E-02   0.248E-03
    6   0.244E-03   0.106E-02   0.442E-03
    7   0.209E-03   0.117E-02   0.591E-03
    8   0.217E-03   0.113E-02   0.315E-03
    9   0.200E-03   0.785E-03   0.205E-03

*******   STEP  34
    1   0.148E-01   0.240E-02   0.557E-02
    2   0.143E-02   0.641E-02   0.162E-02
    3   0.215E-03   0.193E-02   0.805E-03
    4   0.428E-03   0.135E-02   0.756E-03
    5   0.259E-03   0.107E-02   0.230E-03
    6   0.199E-03   0.975E-03   0.648E-03

*******   STEP  35
    1   0.849E-02   0.166E-02   0.573E-02
    2   0.119E-02   0.656E-02   0.193E-02
    3   0.131E-03   0.244E-02   0.590E-03
    4   0.413E-03   0.145E-02   0.766E-03
    5   0.269E-03   0.124E-02   0.248E-03
    6   0.245E-03   0.106E-02   0.435E-03
    7   0.210E-03   0.116E-02   0.588E-03
    8   0.217E-03   0.112E-02   0.317E-03
    9   0.201E-03   0.782E-03   0.204E-03

*******   STEP  36
    1   0.261E-02   0.202E-02   0.523E-02
    2   0.136E-02   0.603E-02   0.153E-02
    3   0.200E-03   0.181E-02   0.742E-03
    4   0.395E-03   0.126E-02   0.698E-03
    5   0.237E-03   0.991E-03   0.210E-03

*******   STEP  37
    1   0.119E-01   0.202E-02   0.577E-02
    2   0.148E-02   0.682E-02   0.165E-02
    3   0.249E-03   0.219E-02   0.854E-03
    4   0.451E-03   0.156E-02   0.791E-03
    5   0.295E-03   0.127E-02   0.247E-03
    6   0.244E-03   0.117E-02   0.660E-03
    7   0.227E-03   0.136E-02   0.689E-03
    8   0.245E-03   0.122E-02   0.243E-03
    9   0.214E-03   0.751E-03   0.391E-03

*******   STEP  38
    1   0.100E-01   0.229E-02   0.534E-02
    2   0.139E-02   0.616E-02   0.157E-02
    3   0.204E-03   0.189E-02   0.741E-03
    4   0.397E-03   0.130E-02   0.700E-03
    5   0.241E-03   0.103E-02   0.210E-03
    6   0.191E-03   0.918E-03   0.591E-03

*******   STEP  39
    1   0.259E-02   0.153E-02   0.559E-02
    2   0.116E-02   0.636E-02   0.187E-02
    3   0.124E-03   0.232E-02   0.556E-03
    4   0.389E-03   0.137E-02   0.716E-03
    5   0.252E-03   0.117E-02   0.226E-03
    6   0.232E-03   0.996E-03   0.407E-03

*******   STEP  40
    1   0.817E-02   0.173E-02   0.565E-02
    2   0.118E-02   0.650E-02   0.193E-02
    3   0.135E-03   0.245E-02   0.554E-03
    4   0.396E-03   0.146E-02   0.729E-03
    5   0.264E-03   0.125E-02   0.238E-03
    6   0.248E-03   0.106E-02   0.392E-03
    7   0.215E-03   0.112E-02   0.545E-03
    8   0.217E-03   0.108E-02   0.305E-03
    9   0.201E-03   0.766E-03   0.190E-03

*******   STEP  41
    1   0.251E-02   0.188E-02   0.534E-02
    2   0.138E-02   0.611E-02   0.155E-02
    3   0.202E-03   0.180E-02   0.725E-03
    4   0.385E-03   0.124E-02   0.675E-03
    5   0.228E-03   0.971E-03   0.201E-03

*******   STEP  42
    1   0.250E-02   0.177E-02   0.540E-02
    2   0.116E-02   0.623E-02   0.190E-02
    3   0.129E-03   0.237E-02   0.499E-03
    4   0.372E-03   0.138E-02   0.687E-03
    5   0.248E-03   0.119E-02   0.231E-03
    6   0.237E-03   0.100E-02   0.347E-03
    7   0.206E-03   0.104E-02   0.504E-03
    8   0.205E-03   0.101E-02   0.298E-03
    9   0.191E-03   0.728E-03   0.168E-03

*******   STEP  43
    1   0.936E-02   0.192E-02   0.550E-02
    2   0.142E-02   0.626E-02   0.158E-02
    3   0.207E-03   0.181E-02   0.732E-03
    4   0.388E-03   0.125E-02   0.676E-03
    5   0.227E-03   0.973E-03   0.201E-03

*******   STEP  44
    1   0.704E-02   0.178E-02   0.548E-02
    2   0.117E-02   0.628E-02   0.190E-02
    3   0.128E-03   0.236E-02   0.501E-03
    4   0.370E-03   0.137E-02   0.680E-03
    5   0.247E-03   0.118E-02   0.224E-03
    6   0.236E-03   0.996E-03   0.348E-03

*******   STEP  45
    1   0.245E-02   0.165E-02   0.541E-02
    2   0.113E-02   0.620E-02   0.182E-02
    3   0.134E-03   0.234E-02   0.519E-03
    4   0.367E-03   0.141E-02   0.669E-03
    5   0.252E-03   0.121E-02   0.212E-03
    6   0.241E-03   0.103E-02   0.356E-03
    7   0.213E-03   0.106E-02   0.495E-03
    8   0.212E-03   0.100E-02   0.280E-03
    9   0.195E-03   0.721E-03   0.185E-03

*******   STEP  46
    1   0.242E-02   0.177E-02   0.538E-02
    2   0.117E-02   0.599E-02   0.194E-02
    3   0.101E-03   0.213E-02   0.412E-03
    4   0.335E-03   0.108E-02   0.623E-03
    5   0.193E-03   0.926E-03   0.213E-03

*******   STEP  47
    1   0.104E-01   0.195E-02   0.549E-02
    2   0.117E-02   0.626E-02   0.192E-02
    3   0.129E-03   0.237E-02   0.477E-03
    4   0.360E-03   0.137E-02   0.661E-03
    5   0.239E-03   0.117E-02   0.221E-03
    6   0.231E-03   0.974E-03   0.325E-03

*******   STEP  48
    1   0.240E-02   0.162E-02   0.538E-02
    2   0.112E-02   0.614E-02   0.179E-02
    3   0.132E-03   0.229E-02   0.508E-03
    4   0.357E-03   0.138E-02   0.646E-03
    5   0.245E-03   0.118E-02   0.200E-03
    6   0.235E-03   0.100E-02   0.347E-03
    7   0.210E-03   0.102E-02   0.479E-03
    8   0.208E-03   0.970E-03   0.270E-03

*******   STEP  49
    1   0.667E-02   0.150E-02   0.569E-02
    2   0.122E-02   0.632E-02   0.197E-02
    3   0.103E-03   0.220E-02   0.461E-03
    4   0.352E-03   0.117E-02   0.643E-03
    5   0.206E-03   0.994E-03   0.204E-03

*******   STEP  50
    1   0.711E-02   0.186E-02   0.535E-02
    2   0.114E-02   0.612E-02   0.185E-02
    3   0.130E-03   0.232E-02   0.468E-03
    4   0.348E-03   0.136E-02   0.633E-03
    5   0.238E-03   0.117E-02   0.206E-03
    6   0.233E-03   0.978E-03   0.310E-03

*******   STEP  51
    1   0.759E-02   0.164E-02   0.550E-02
    2   0.114E-02   0.625E-02   0.182E-02
    3   0.132E-03   0.231E-02   0.502E-03
    4   0.356E-03   0.138E-02   0.640E-03
    5   0.243E-03   0.118E-02   0.195E-03
    6   0.236E-03   0.997E-03   0.340E-03

*******   STEP  52
    1   0.781E-02   0.166E-02   0.552E-02
    2   0.113E-02   0.624E-02   0.179E-02
    3   0.135E-03   0.229E-02   0.510E-03
    4   0.356E-03   0.139E-02   0.637E-03
    5   0.247E-03   0.120E-02   0.189E-03
    6   0.240E-03   0.102E-02   0.344E-03
    7   0.216E-03   0.103E-02   0.472E-03
    8   0.213E-03   0.965E-03   0.268E-03

*******   STEP  53
    1   0.232E-02   0.141E-02   0.569E-02
    2   0.121E-02   0.626E-02   0.192E-02
    3   0.999E-04   0.214E-02   0.452E-03
    4   0.341E-03   0.114E-02   0.615E-03
    5   0.199E-03   0.966E-03   0.188E-03

*******   STEP  54
    1   0.283E-02   0.173E-02   0.527E-02
    2   0.111E-02   0.596E-02   0.177E-02
    3   0.123E-03   0.220E-02   0.452E-03
    4   0.332E-03   0.129E-02   0.596E-03
    5   0.225E-03   0.111E-02   0.184E-03
    6   0.222E-03   0.931E-03   0.301E-03

*******   STEP  55
    1   0.231E-02   0.153E-02   0.537E-02
    2   0.109E-02   0.602E-02   0.171E-02
    3   0.127E-03   0.217E-02   0.486E-03
    4   0.336E-03   0.131E-02   0.597E-03
    5   0.230E-03   0.112E-02   0.171E-03
    6   0.223E-03   0.948E-03   0.331E-03

*******   STEP  56
    1   0.229E-02   0.151E-02   0.538E-02
    2   0.108E-02   0.601E-02   0.170E-02
    3   0.129E-03   0.216E-02   0.488E-03
    4   0.335E-03   0.132E-02   0.592E-03
    5   0.230E-03   0.112E-02   0.168E-03
    6   0.224E-03   0.951E-03   0.331E-03

*******   STEP  57
    1   0.719E-02   0.156E-02   0.548E-02
    2   0.110E-02   0.611E-02   0.173E-02
    3   0.129E-03   0.218E-02   0.490E-03
    4   0.338E-03   0.133E-02   0.597E-03
    5   0.232E-03   0.114E-02   0.168E-03
    6   0.227E-03   0.961E-03   0.332E-03

*******   STEP  58
    1   0.227E-02   0.151E-02   0.538E-02
    2   0.108E-02   0.600E-02   0.168E-02
    3   0.130E-03   0.214E-02   0.486E-03
    4   0.331E-03   0.132E-02   0.582E-03
    5   0.228E-03   0.112E-02   0.161E-03
    6   0.224E-03   0.950E-03   0.329E-03

*******   STEP  59
    1   0.225E-02   0.149E-02   0.537E-02
    2   0.107E-02   0.597E-02   0.166E-02
    3   0.129E-03   0.211E-02   0.483E-03
    4   0.328E-03   0.130E-02   0.575E-03
    5   0.225E-03   0.111E-02   0.156E-03
    6   0.221E-03   0.938E-03   0.328E-03

*******   STEP  60
    1   0.224E-02   0.147E-02   0.537E-02
    2   0.107E-02   0.595E-02   0.165E-02
    3   0.128E-03   0.209E-02   0.480E-03
    4   0.325E-03   0.129E-02   0.568E-03
    5   0.223E-03   0.110E-02   0.153E-03
    6   0.218E-03   0.928E-03   0.327E-03

*******   STEP  61
    1   0.223E-02   0.146E-02   0.537E-02
    2   0.106E-02   0.593E-02   0.164E-02
    3   0.127E-03   0.207E-02   0.478E-03
    4   0.322E-03   0.128E-02   0.562E-03
    5   0.220E-03   0.109E-02   0.149E-03
    6   0.216E-03   0.920E-03   0.326E-03

*******   STEP  62
    1   0.222E-02   0.144E-02   0.536E-02
    2   0.106E-02   0.591E-02   0.163E-02
    3   0.126E-03   0.205E-02   0.475E-03
    4   0.319E-03   0.127E-02   0.556E-03
    5   0.218E-03   0.108E-02   0.145E-03
    6   0.213E-03   0.910E-03   0.324E-03

*******   STEP  63
    1   0.396E-02   0.143E-02   0.538E-02
    2   0.106E-02   0.591E-02   0.163E-02
    3   0.125E-03   0.203E-02   0.472E-03
    4   0.318E-03   0.125E-02   0.552E-03
    5   0.215E-03   0.107E-02   0.142E-03
    6   0.211E-03   0.899E-03   0.324E-03

*******   STEP  64
    1   0.497E-02   0.142E-02   0.539E-02
    2   0.106E-02   0.591E-02   0.163E-02
    3   0.125E-03   0.203E-02   0.470E-03
    4   0.316E-03   0.125E-02   0.548E-03
    5   0.214E-03   0.107E-02   0.140E-03
    6   0.210E-03   0.896E-03   0.322E-03

*******   STEP  65
    1   0.218E-02   0.140E-02   0.534E-02
    2   0.105E-02   0.584E-02   0.160E-02
    3   0.124E-03   0.199E-02   0.464E-03
    4   0.311E-03   0.123E-02   0.538E-03
    5   0.211E-03   0.105E-02   0.135E-03
    6   0.207E-03   0.883E-03   0.318E-03

*******   STEP  66
    1   0.217E-02   0.138E-02   0.533E-02
    2   0.105E-02   0.582E-02   0.159E-02
    3   0.122E-03   0.197E-02   0.459E-03
    4   0.308E-03   0.121E-02   0.531E-03
    5   0.208E-03   0.104E-02   0.132E-03
    6   0.204E-03   0.872E-03   0.315E-03

*******   STEP  67
    1   0.216E-02   0.136E-02   0.532E-02
    2   0.104E-02   0.580E-02   0.159E-02
    3   0.120E-03   0.195E-02   0.453E-03
    4   0.306E-03   0.120E-02   0.525E-03
    5   0.205E-03   0.103E-02   0.129E-03
    6   0.202E-03   0.861E-03   0.312E-03

*******   STEP  68
    1   0.214E-02   0.135E-02   0.531E-02
    2   0.104E-02   0.578E-02   0.158E-02
    3   0.119E-03   0.193E-02   0.449E-03
    4   0.303E-03   0.118E-02   0.519E-03
    5   0.203E-03   0.102E-02   0.126E-03
    6   0.200E-03   0.851E-03   0.309E-03

*******   STEP  69
    1   0.214E-02   0.134E-02   0.530E-02
    2   0.104E-02   0.576E-02   0.157E-02
    3   0.118E-03   0.192E-02   0.445E-03
    4   0.300E-03   0.117E-02   0.514E-03
    5   0.200E-03   0.101E-02   0.123E-03
    6   0.198E-03   0.842E-03   0.306E-03

*******   STEP  70
    1   0.566E-02   0.135E-02   0.536E-02
    2   0.105E-02   0.581E-02   0.159E-02
    3   0.119E-03   0.193E-02   0.444E-03
    4   0.301E-03   0.118E-02   0.514E-03
    5   0.200E-03   0.101E-02   0.123E-03
    6   0.198E-03   0.842E-03   0.305E-03

*******   STEP  71
    1   0.211E-02   0.132E-02   0.529E-02
    2   0.104E-02   0.572E-02   0.156E-02
    3   0.117E-03   0.189E-02   0.437E-03
    4   0.296E-03   0.115E-02   0.503E-03
    5   0.197E-03   0.993E-03   0.118E-03

*******   STEP  72
    1   0.209E-02   0.155E-02   0.518E-02
    2   0.104E-02   0.568E-02   0.159E-02
    3   0.120E-03   0.198E-02   0.417E-03
    4   0.294E-03   0.122E-02   0.502E-03
    5   0.206E-03   0.106E-02   0.126E-03
    6   0.210E-03   0.886E-03   0.270E-03

*******   STEP  73
    1   0.107E-01   0.147E-02   0.552E-02
    2   0.109E-02   0.599E-02   0.164E-02
    3   0.125E-03   0.202E-02   0.449E-03
    4   0.307E-03   0.124E-02   0.520E-03
    5   0.206E-03   0.106E-02   0.122E-03
    6   0.206E-03   0.877E-03   0.303E-03

*******   STEP  74
    1   0.208E-02   0.132E-02   0.527E-02
    2   0.104E-02   0.570E-02   0.155E-02
    3   0.118E-03   0.189E-02   0.428E-03
    4   0.292E-03   0.116E-02   0.493E-03
    5   0.197E-03   0.100E-02   0.113E-03
    6   0.197E-03   0.837E-03   0.290E-03

*******   STEP  75
    1   0.207E-02   0.129E-02   0.526E-02
    2   0.103E-02   0.566E-02   0.155E-02
    3   0.114E-03   0.185E-02   0.420E-03
    4   0.288E-03   0.113E-02   0.485E-03
    5   0.191E-03   0.974E-03   0.110E-03

*******   STEP  76
    1   0.205E-02   0.151E-02   0.515E-02
    2   0.104E-02   0.561E-02   0.157E-02
    3   0.116E-03   0.193E-02   0.401E-03
    4   0.286E-03   0.118E-02   0.484E-03
    5   0.200E-03   0.103E-02   0.118E-03
    6   0.204E-03   0.861E-03   0.258E-03

*******   STEP  77
    1   0.205E-02   0.131E-02   0.523E-02
    2   0.103E-02   0.563E-02   0.154E-02
    3   0.115E-03   0.185E-02   0.412E-03
    4   0.285E-03   0.113E-02   0.478E-03
    5   0.191E-03   0.982E-03   0.107E-03

*******   STEP  78
    1   0.203E-02   0.150E-02   0.513E-02
    2   0.104E-02   0.558E-02   0.156E-02
    3   0.116E-03   0.192E-02   0.394E-03
    4   0.282E-03   0.118E-02   0.475E-03
    5   0.198E-03   0.103E-02   0.114E-03
    6   0.204E-03   0.859E-03   0.253E-03

*******   STEP  79
    1   0.204E-02   0.130E-02   0.521E-02
    2   0.103E-02   0.560E-02   0.153E-02
    3   0.114E-03   0.184E-02   0.405E-03
    4   0.281E-03   0.112E-02   0.469E-03
    5   0.189E-03   0.975E-03   0.103E-03

*******   STEP  80
    1   0.201E-02   0.149E-02   0.511E-02
    2   0.103E-02   0.555E-02   0.154E-02
    3   0.115E-03   0.190E-02   0.387E-03
    4   0.278E-03   0.116E-02   0.466E-03
    5   0.195E-03   0.102E-02   0.109E-03
    6   0.201E-03   0.850E-03   0.248E-03

*******   STEP  81
    1   0.202E-02   0.128E-02   0.519E-02
    2   0.103E-02   0.556E-02   0.152E-02
    3   0.112E-03   0.181E-02   0.396E-03
    4   0.277E-03   0.111E-02   0.460E-03
    5   0.185E-03   0.961E-03   0.992E-04

*******   STEP  82
    1   0.200E-02   0.146E-02   0.510E-02
    2   0.103E-02   0.551E-02   0.154E-02
    3   0.112E-03   0.187E-02   0.377E-03
    4   0.274E-03   0.114E-02   0.457E-03
    5   0.191E-03   0.100E-02   0.107E-03

*******   STEP  83
    1   0.198E-02   0.150E-02   0.508E-02
    2   0.103E-02   0.550E-02   0.153E-02
    3   0.115E-03   0.189E-02   0.376E-03
    4   0.273E-03   0.116E-02   0.455E-03
    5   0.194E-03   0.102E-02   0.106E-03
    6   0.202E-03   0.852E-03   0.237E-03

*******   STEP  84
    1   0.199E-02   0.127E-02   0.516E-02
    2   0.103E-02   0.552E-02   0.151E-02
    3   0.109E-03   0.179E-02   0.381E-03
    4   0.271E-03   0.109E-02   0.448E-03
    5   0.181E-03   0.948E-03   0.954E-04

*******   STEP  85
    1   0.197E-02   0.144E-02   0.506E-02
    2   0.103E-02   0.546E-02   0.153E-02
    3   0.108E-03   0.184E-02   0.362E-03
    4   0.267E-03   0.111E-02   0.443E-03
    5   0.185E-03   0.978E-03   0.103E-03

*******   STEP  86
    1   0.196E-02   0.147E-02   0.505E-02
    2   0.103E-02   0.544E-02   0.152E-02
    3   0.111E-03   0.185E-02   0.361E-03
    4   0.266E-03   0.113E-02   0.441E-03
    5   0.188E-03   0.996E-03   0.102E-03

*******   STEP  87
    1   0.195E-02   0.148E-02   0.504E-02
    2   0.103E-02   0.543E-02   0.152E-02
    3   0.112E-03   0.186E-02   0.359E-03
    4   0.265E-03   0.114E-02   0.439E-03
    5   0.189E-03   0.100E-02   0.101E-03
    6   0.199E-03   0.838E-03   0.225E-03

*******   STEP  88
    1   0.195E-02   0.124E-02   0.511E-02
    2   0.102E-02   0.544E-02   0.149E-02
    3   0.106E-03   0.175E-02   0.364E-03
    4   0.263E-03   0.106E-02   0.430E-03
    5   0.176E-03   0.928E-03   0.887E-04

*******   STEP  89
    1   0.193E-02   0.140E-02   0.502E-02
    2   0.102E-02   0.538E-02   0.151E-02
    3   0.105E-03   0.179E-02   0.347E-03
    4   0.259E-03   0.108E-02   0.425E-03
    5   0.179E-03   0.953E-03   0.959E-04

*******   STEP  90
    1   0.192E-02   0.143E-02   0.500E-02
    2   0.102E-02   0.536E-02   0.150E-02
    3   0.107E-03   0.180E-02   0.346E-03
    4   0.257E-03   0.109E-02   0.423E-03
    5   0.181E-03   0.967E-03   0.949E-04

*******   STEP  91
    1   0.192E-02   0.143E-02   0.500E-02
    2   0.102E-02   0.536E-02   0.150E-02
    3   0.107E-03   0.181E-02   0.343E-03
    4   0.256E-03   0.110E-02   0.420E-03
    5   0.182E-03   0.974E-03   0.943E-04

*******   STEP  92
    1   0.191E-02   0.143E-02   0.498E-02
    2   0.101E-02   0.534E-02   0.149E-02
    3   0.108E-03   0.180E-02   0.341E-03
    4   0.254E-03   0.110E-02   0.416E-03
    5   0.181E-03   0.973E-03   0.918E-04

*******   STEP  93
    1   0.190E-02   0.142E-02   0.497E-02
    2   0.101E-02   0.532E-02   0.148E-02
    3   0.107E-03   0.178E-02   0.339E-03
    4   0.252E-03   0.110E-02   0.412E-03
    5   0.180E-03   0.969E-03   0.892E-04

*******   STEP  94
    1   0.189E-02   0.142E-02   0.495E-02
    2   0.100E-02   0.529E-02   0.147E-02
    3   0.107E-03   0.177E-02   0.337E-03
    4   0.250E-03   0.109E-02   0.408E-03
    5   0.179E-03   0.963E-03   0.864E-04

*******   STEP  95
    1   0.188E-02   0.141E-02   0.494E-02
    2   0.995E-03   0.527E-02   0.146E-02
    3   0.106E-03   0.175E-02   0.334E-03
    4   0.248E-03   0.108E-02   0.403E-03
    5   0.177E-03   0.956E-03   0.834E-04

*******   STEP  96
    1   0.187E-02   0.140E-02   0.492E-02
    2   0.991E-03   0.525E-02   0.145E-02
    3   0.105E-03   0.174E-02   0.331E-03
    4   0.245E-03   0.107E-02   0.398E-03
    5   0.175E-03   0.948E-03   0.809E-04

*******   STEP  97
    1   0.187E-02   0.139E-02   0.492E-02
    2   0.987E-03   0.523E-02   0.144E-02
    3   0.104E-03   0.172E-02   0.328E-03
    4   0.243E-03   0.106E-02   0.394E-03
    5   0.173E-03   0.939E-03   0.784E-04

*******   STEP  98
    1   0.186E-02   0.137E-02   0.490E-02
    2   0.979E-03   0.521E-02   0.143E-02
    3   0.103E-03   0.170E-02   0.326E-03
    4   0.240E-03   0.105E-02   0.389E-03
    5   0.171E-03   0.931E-03   0.754E-04

*******   STEP  99
    1   0.185E-02   0.136E-02   0.488E-02
    2   0.972E-03   0.518E-02   0.142E-02
    3   0.103E-03   0.169E-02   0.323E-03
    4   0.237E-03   0.104E-02   0.384E-03
    5   0.169E-03   0.923E-03   0.726E-04

*******   STEP 100
    1   0.184E-02   0.135E-02   0.486E-02
    2   0.965E-03   0.515E-02   0.141E-02
    3   0.102E-03   0.167E-02   0.320E-03
    4   0.235E-03   0.103E-02   0.379E-03
    5   0.167E-03   0.914E-03   0.698E-04

*******   STEP 101
    1   0.183E-02   0.134E-02   0.484E-02
    2   0.958E-03   0.513E-02   0.140E-02
    3   0.101E-03   0.165E-02   0.316E-03
    4   0.232E-03   0.102E-02   0.374E-03
    5   0.165E-03   0.905E-03   0.672E-04

*******   STEP 102
    1   0.183E-02   0.133E-02   0.482E-02
    2   0.951E-03   0.510E-02   0.139E-02
    3   0.998E-04   0.164E-02   0.313E-03
    4   0.229E-03   0.101E-02   0.369E-03
    5   0.163E-03   0.896E-03   0.646E-04

*******   STEP 103
    1   0.182E-02   0.131E-02   0.480E-02
    2   0.944E-03   0.508E-02   0.138E-02
    3   0.988E-04   0.162E-02   0.310E-03
    4   0.226E-03   0.100E-02   0.364E-03
    5   0.161E-03   0.887E-03   0.621E-04

*******   STEP 104
    1   0.181E-02   0.130E-02   0.478E-02
    2   0.937E-03   0.505E-02   0.137E-02
    3   0.978E-04   0.160E-02   0.306E-03
    4   0.223E-03   0.991E-03   0.358E-03

*******   STEP 105
    1   0.179E-02   0.151E-02   0.466E-02
    2   0.925E-03   0.496E-02   0.136E-02
    3   0.102E-03   0.165E-02   0.296E-03
    4   0.219E-03   0.105E-02   0.354E-03
    5   0.168E-03   0.930E-03   0.657E-04

*******   STEP 106
    1   0.179E-02   0.133E-02   0.474E-02
    2   0.924E-03   0.501E-02   0.135E-02
    3   0.101E-03   0.161E-02   0.304E-03
    4   0.219E-03   0.102E-02   0.352E-03
    5   0.163E-03   0.901E-03   0.556E-04

*******   STEP 107
    1   0.179E-02   0.130E-02   0.472E-02
    2   0.917E-03   0.498E-02   0.134E-02
    3   0.981E-04   0.158E-02   0.299E-03
    4   0.216E-03   0.991E-03   0.346E-03

*******   STEP 108
    1   0.177E-02   0.149E-02   0.460E-02
    2   0.904E-03   0.489E-02   0.133E-02
    3   0.101E-03   0.162E-02   0.289E-03
    4   0.212E-03   0.104E-02   0.341E-03
    5   0.165E-03   0.923E-03   0.586E-04

*******   STEP 109
    1   0.177E-02   0.131E-02   0.468E-02
    2   0.902E-03   0.494E-02   0.132E-02
    3   0.993E-04   0.157E-02   0.295E-03
    4   0.212E-03   0.100E-02   0.338E-03
    5   0.159E-03   0.888E-03   0.483E-04

*******   STEP 110
    1   0.176E-02   0.127E-02   0.466E-02
    2   0.895E-03   0.491E-02   0.130E-02
    3   0.964E-04   0.154E-02   0.290E-03
    4   0.208E-03   0.973E-03   0.332E-03

*******   STEP 111
    1   0.136E-01   0.180E-02   0.556E-02
    2   0.116E-02   0.589E-02   0.166E-02
    3   0.980E-04   0.185E-02   0.305E-03
    4   0.243E-03   0.106E-02   0.389E-03
    5   0.166E-03   0.945E-03   0.823E-04

*******   STEP 112
    1   0.174E-02   0.131E-02   0.463E-02
    2   0.886E-03   0.488E-02   0.129E-02
    3   0.985E-04   0.155E-02   0.287E-03
    4   0.205E-03   0.996E-03   0.326E-03

*******   STEP 113
    1   0.173E-02   0.146E-02   0.451E-02
    2   0.871E-03   0.479E-02   0.128E-02
    3   0.100E-03   0.157E-02   0.279E-03
    4   0.201E-03   0.103E-02   0.321E-03
    5   0.162E-03   0.914E-03   0.467E-04

*******   STEP 114
    1   0.173E-02   0.128E-02   0.458E-02
    2   0.868E-03   0.483E-02   0.126E-02
    3   0.978E-04   0.152E-02   0.283E-03
    4   0.200E-03   0.982E-03   0.317E-03

*******   STEP 115
    1   0.172E-02   0.144E-02   0.447E-02
    2   0.856E-03   0.474E-02   0.125E-02
    3   0.990E-04   0.154E-02   0.274E-03
    4   0.196E-03   0.101E-02   0.312E-03
    5   0.158E-03   0.901E-03   0.416E-04

*******   STEP 116
    1   0.171E-02   0.126E-02   0.454E-02
    2   0.852E-03   0.478E-02   0.124E-02
    3   0.966E-04   0.149E-02   0.278E-03
    4   0.194E-03   0.967E-03   0.308E-03

*******   STEP 117
    1   0.170E-02   0.142E-02   0.443E-02
    2   0.840E-03   0.469E-02   0.123E-02
    3   0.975E-04   0.151E-02   0.269E-03
    4   0.190E-03   0.997E-03   0.303E-03

*******   STEP 118
    1   0.169E-02   0.144E-02   0.441E-02
    2   0.833E-03   0.467E-02   0.122E-02
    3   0.100E-03   0.152E-02   0.270E-03
    4   0.190E-03   0.102E-02   0.301E-03
    5   0.158E-03   0.907E-03   0.343E-04

*******   STEP 119
    1   0.169E-02   0.125E-02   0.448E-02
    2   0.829E-03   0.471E-02   0.120E-02
    3   0.968E-04   0.146E-02   0.273E-03
    4   0.188E-03   0.965E-03   0.296E-03

*******   STEP 120
    1   0.168E-02   0.141E-02   0.437E-02
    2   0.818E-03   0.462E-02   0.119E-02
    3   0.970E-04   0.148E-02   0.263E-03
    4   0.184E-03   0.989E-03   0.290E-03

*******   STEP 121
    1   0.167E-02   0.142E-02   0.435E-02
    2   0.811E-03   0.460E-02   0.118E-02
    3   0.990E-04   0.148E-02   0.263E-03
    4   0.183E-03   0.101E-02   0.288E-03
    5   0.155E-03   0.895E-03   0.281E-04

*******   STEP 122
    1   0.167E-02   0.123E-02   0.441E-02
    2   0.807E-03   0.463E-02   0.117E-02
    3   0.954E-04   0.142E-02   0.265E-03
    4   0.180E-03   0.949E-03   0.283E-03

*******   STEP 123
    1   0.166E-02   0.138E-02   0.431E-02
    2   0.797E-03   0.454E-02   0.116E-02
    3   0.951E-04   0.144E-02   0.255E-03
    4   0.177E-03   0.969E-03   0.278E-03

*******   STEP 124
    1   0.165E-02   0.139E-02   0.429E-02
    2   0.790E-03   0.452E-02   0.115E-02
    3   0.967E-04   0.144E-02   0.255E-03
    4   0.175E-03   0.985E-03   0.275E-03

*******   STEP 125
    1   0.587E-02   0.140E-02   0.506E-02
    2   0.992E-03   0.532E-02   0.141E-02
    3   0.919E-04   0.159E-02   0.268E-03
    4   0.198E-03   0.974E-03   0.310E-03

*******   STEP 126
    1   0.163E-02   0.137E-02   0.499E-02
    2   0.973E-03   0.524E-02   0.139E-02
    3   0.895E-04   0.156E-02   0.262E-03
    4   0.193E-03   0.949E-03   0.302E-03

*******   STEP 127
    1   0.163E-02   0.134E-02   0.497E-02
    2   0.965E-03   0.521E-02   0.137E-02
    3   0.876E-04   0.153E-02   0.258E-03
    4   0.190E-03   0.928E-03   0.296E-03

*******   STEP 128
    1   0.162E-02   0.133E-02   0.495E-02
    2   0.957E-03   0.518E-02   0.136E-02
    3   0.861E-04   0.151E-02   0.255E-03
    4   0.187E-03   0.911E-03   0.291E-03

*******   STEP 129
    1   0.161E-02   0.131E-02   0.492E-02
    2   0.948E-03   0.515E-02   0.135E-02
    3   0.848E-04   0.149E-02   0.252E-03
    4   0.184E-03   0.896E-03   0.286E-03

*******   STEP 130
    1   0.161E-02   0.129E-02   0.490E-02
    2   0.940E-03   0.512E-02   0.134E-02
    3   0.837E-04   0.147E-02   0.249E-03
    4   0.181E-03   0.882E-03   0.281E-03

*******   STEP 131
    1   0.160E-02   0.128E-02   0.488E-02
    2   0.932E-03   0.510E-02   0.132E-02
    3   0.827E-04   0.145E-02   0.246E-03
    4   0.179E-03   0.870E-03   0.276E-03

*******   STEP 132
    1   0.119E-01   0.157E-02   0.502E-02
    2   0.962E-03   0.525E-02   0.137E-02
    3   0.865E-04   0.152E-02   0.251E-03
    4   0.183E-03   0.921E-03   0.284E-03

*******   STEP 133
    1   0.159E-02   0.130E-02   0.484E-02
    2   0.922E-03   0.506E-02   0.130E-02
    3   0.846E-04   0.145E-02   0.244E-03
    4   0.175E-03   0.891E-03   0.271E-03

*******   STEP 134
    1   0.329E-02   0.128E-02   0.482E-02
    2   0.916E-03   0.504E-02   0.130E-02
    3   0.826E-04   0.143E-02   0.240E-03
    4   0.173E-03   0.870E-03   0.266E-03

*******   STEP 135
    1   0.157E-02   0.125E-02   0.479E-02
    2   0.905E-03   0.500E-02   0.128E-02
    3   0.813E-04   0.140E-02   0.237E-03
    4   0.170E-03   0.852E-03   0.261E-03

*******   STEP 136
    1   0.157E-02   0.124E-02   0.477E-02
    2   0.897E-03   0.497E-02   0.127E-02
    3   0.801E-04   0.138E-02   0.234E-03
    4   0.167E-03   0.837E-03   0.256E-03

*******   STEP 137
    1   0.156E-02   0.123E-02   0.474E-02
    2   0.889E-03   0.494E-02   0.125E-02
    3   0.791E-04   0.136E-02   0.232E-03
    4   0.164E-03   0.824E-03   0.251E-03

*******   STEP 138
    1   0.155E-02   0.121E-02   0.472E-02
    2   0.880E-03   0.491E-02   0.124E-02
    3   0.782E-04   0.134E-02   0.229E-03
    4   0.162E-03   0.812E-03   0.247E-03

*******   STEP 139
    1   0.155E-02   0.120E-02   0.469E-02
    2   0.872E-03   0.489E-02   0.123E-02
    3   0.774E-04   0.132E-02   0.227E-03
    4   0.159E-03   0.800E-03   0.242E-03

*******   STEP 140
    1   0.154E-02   0.119E-02   0.467E-02
    2   0.864E-03   0.486E-02   0.121E-02
    3   0.766E-04   0.131E-02   0.224E-03
    4   0.157E-03   0.790E-03   0.238E-03

*******   STEP 141
    1   0.142E-01   0.162E-02   0.487E-02
    2   0.905E-03   0.510E-02   0.128E-02
    3   0.813E-04   0.142E-02   0.229E-03
    4   0.163E-03   0.857E-03   0.248E-03

*******   STEP 142
    1   0.153E-02   0.122E-02   0.462E-02
    2   0.854E-03   0.482E-02   0.119E-02
    3   0.792E-04   0.132E-02   0.223E-03
    4   0.154E-03   0.823E-03   0.233E-03

*******   STEP 143
    1   0.152E-02   0.119E-02   0.460E-02
    2   0.846E-03   0.479E-02   0.118E-02
    3   0.775E-04   0.129E-02   0.220E-03
    4   0.152E-03   0.800E-03   0.229E-03

*******   STEP 144
    1   0.152E-02   0.117E-02   0.458E-02
    2   0.837E-03   0.476E-02   0.117E-02
    3   0.760E-04   0.127E-02   0.217E-03
    4   0.149E-03   0.780E-03   0.224E-03

*******   STEP 145
    1   0.151E-02   0.116E-02   0.455E-02
    2   0.828E-03   0.473E-02   0.116E-02
    3   0.748E-04   0.124E-02   0.214E-03
    4   0.146E-03   0.763E-03   0.219E-03

*******   STEP 146
    1   0.151E-02   0.114E-02   0.453E-02
    2   0.820E-03   0.470E-02   0.114E-02
    3   0.738E-04   0.122E-02   0.211E-03
    4   0.144E-03   0.749E-03   0.215E-03

*******   STEP 147
    1   0.150E-02   0.113E-02   0.450E-02
    2   0.811E-03   0.467E-02   0.113E-02
    3   0.729E-04   0.120E-02   0.209E-03
    4   0.141E-03   0.735E-03   0.211E-03

*******   STEP 148
    1   0.149E-02   0.112E-02   0.448E-02
    2   0.804E-03   0.464E-02   0.112E-02
    3   0.722E-04   0.119E-02   0.206E-03
    4   0.139E-03   0.723E-03   0.207E-03

*******   STEP 149
    1   0.149E-02   0.111E-02   0.445E-02
    2   0.795E-03   0.461E-02   0.111E-02
    3   0.716E-04   0.117E-02   0.204E-03
    4   0.137E-03   0.712E-03   0.203E-03

*******   STEP 150
    1   0.148E-02   0.110E-02   0.442E-02
    2   0.786E-03   0.458E-02   0.109E-02
    3   0.710E-04   0.115E-02   0.202E-03
    4   0.134E-03   0.702E-03   0.199E-03

*******   STEP 151
    1   0.148E-02   0.109E-02   0.440E-02
    2   0.778E-03   0.455E-02   0.108E-02
    3   0.706E-04   0.114E-02   0.200E-03
    4   0.132E-03   0.693E-03   0.195E-03

*******   STEP 152
    1   0.147E-02   0.108E-02   0.437E-02
    2   0.769E-03   0.452E-02   0.107E-02
    3   0.702E-04   0.112E-02   0.198E-03
    4   0.130E-03   0.684E-03   0.191E-03

*******   STEP 153
    1   0.147E-02   0.107E-02   0.434E-02
    2   0.761E-03   0.450E-02   0.105E-02
    3   0.699E-04   0.110E-02   0.197E-03
    4   0.128E-03   0.676E-03   0.188E-03

*******   STEP 154
    1   0.146E-02   0.106E-02   0.432E-02
    2   0.752E-03   0.447E-02   0.104E-02
    3   0.695E-04   0.109E-02   0.195E-03
    4   0.126E-03   0.667E-03   0.184E-03

*******   STEP 155
    1   0.145E-02   0.105E-02   0.429E-02
    2   0.744E-03   0.444E-02   0.103E-02
    3   0.693E-04   0.107E-02   0.193E-03
    4   0.124E-03   0.660E-03   0.180E-03

*******   STEP 156
    1   0.145E-02   0.104E-02   0.426E-02
    2   0.736E-03   0.441E-02   0.101E-02
    3   0.690E-04   0.106E-02   0.191E-03
    4   0.121E-03   0.652E-03   0.177E-03

*******   STEP 157
    1   0.144E-02   0.104E-02   0.424E-02
    2   0.728E-03   0.438E-02   0.100E-02
    3   0.687E-04   0.105E-02   0.189E-03
    4   0.120E-03   0.645E-03   0.174E-03

*******   STEP 158
    1   0.144E-02   0.103E-02   0.421E-02
    2   0.720E-03   0.435E-02   0.990E-03
    3   0.685E-04   0.103E-02   0.188E-03
    4   0.118E-03   0.637E-03   0.170E-03

*******   STEP 159
    1   0.143E-02   0.102E-02   0.418E-02
    2   0.713E-03   0.432E-02   0.978E-03
    3   0.682E-04   0.102E-02   0.186E-03
    4   0.116E-03   0.630E-03   0.167E-03

*******   STEP 160
    1   0.143E-02   0.102E-02   0.416E-02
    2   0.705E-03   0.429E-02   0.966E-03
    3   0.680E-04   0.101E-02   0.184E-03
    4   0.114E-03   0.623E-03   0.164E-03

*******   STEP 161
    1   0.142E-02   0.101E-02   0.413E-02
    2   0.698E-03   0.427E-02   0.954E-03
    3   0.677E-04   0.992E-03   0.182E-03

*******   STEP 162
    1   0.143E-02   0.108E-02   0.313E-02
    2   0.476E-03   0.321E-02   0.689E-03
    3   0.609E-04   0.832E-03   0.148E-03

*******   STEP 163
    1   0.142E-02   0.106E-02   0.336E-02
    2   0.526E-03   0.345E-02   0.745E-03
    3   0.637E-04   0.875E-03   0.156E-03

*******   STEP 164
    1   0.142E-02   0.107E-02   0.328E-02
    2   0.509E-03   0.337E-02   0.723E-03
    3   0.635E-04   0.868E-03   0.153E-03

*******   STEP 165
    1   0.141E-02   0.108E-02   0.327E-02
    2   0.509E-03   0.336E-02   0.720E-03
    3   0.639E-04   0.871E-03   0.153E-03

*******   STEP 166
    1   0.141E-02   0.108E-02   0.325E-02
    2   0.504E-03   0.334E-02   0.712E-03
    3   0.640E-04   0.869E-03   0.151E-03

*******   STEP 167
    1   0.140E-02   0.108E-02   0.323E-02
    2   0.500E-03   0.332E-02   0.705E-03
    3   0.639E-04   0.866E-03   0.150E-03

*******   STEP 168
    1   0.140E-02   0.108E-02   0.321E-02
    2   0.496E-03   0.330E-02   0.698E-03
    3   0.638E-04   0.862E-03   0.149E-03

*******   STEP 169
    1   0.139E-02   0.108E-02   0.319E-02
    2   0.492E-03   0.328E-02   0.691E-03
    3   0.637E-04   0.858E-03   0.147E-03

*******   STEP 170
    1   0.139E-02   0.108E-02   0.317E-02
    2   0.488E-03   0.326E-02   0.684E-03
    3   0.634E-04   0.853E-03   0.146E-03

*******   STEP 171
    1   0.138E-02   0.108E-02   0.316E-02
    2   0.484E-03   0.324E-02   0.677E-03
    3   0.632E-04   0.847E-03   0.144E-03

*******   STEP 172
    1   0.138E-02   0.108E-02   0.314E-02
    2   0.480E-03   0.322E-02   0.671E-03
    3   0.629E-04   0.841E-03   0.143E-03

*******   STEP 173
    1   0.137E-02   0.108E-02   0.312E-02
    2   0.477E-03   0.321E-02   0.664E-03
    3   0.626E-04   0.836E-03   0.141E-03

*******   STEP 174
    1   0.137E-02   0.108E-02   0.310E-02
    2   0.473E-03   0.319E-02   0.658E-03
    3   0.623E-04   0.830E-03   0.140E-03

*******   STEP 175
    1   0.137E-02   0.108E-02   0.308E-02
    2   0.469E-03   0.317E-02   0.651E-03
    3   0.620E-04   0.824E-03   0.138E-03

*******   STEP 176
    1   0.136E-02   0.107E-02   0.306E-02
    2   0.466E-03   0.315E-02   0.645E-03
    3   0.617E-04   0.818E-03   0.137E-03

*******   STEP 177
    1   0.136E-02   0.107E-02   0.305E-02
    2   0.462E-03   0.313E-02   0.639E-03
    3   0.613E-04   0.812E-03   0.135E-03

*******   STEP 178
    1   0.135E-02   0.107E-02   0.303E-02
    2   0.459E-03   0.311E-02   0.633E-03
    3   0.610E-04   0.806E-03   0.134E-03

*******   STEP 179
    1   0.135E-02   0.107E-02   0.301E-02
    2   0.455E-03   0.309E-02   0.627E-03
    3   0.607E-04   0.800E-03   0.132E-03

*******   STEP 180
    1   0.134E-02   0.107E-02   0.299E-02
    2   0.452E-03   0.307E-02   0.621E-03
    3   0.603E-04   0.795E-03   0.131E-03

*******   STEP 181
    1   0.134E-02   0.106E-02   0.297E-02
    2   0.449E-03   0.305E-02   0.615E-03
    3   0.600E-04   0.789E-03   0.129E-03

*******   STEP 182
    1   0.133E-02   0.106E-02   0.296E-02
    2   0.445E-03   0.303E-02   0.609E-03
    3   0.596E-04   0.784E-03   0.128E-03

*******   STEP 183
    1   0.133E-02   0.106E-02   0.294E-02
    2   0.442E-03   0.302E-02   0.604E-03
    3   0.593E-04   0.778E-03   0.127E-03

*******   STEP 184
    1   0.132E-02   0.106E-02   0.292E-02
    2   0.439E-03   0.300E-02   0.599E-03
    3   0.589E-04   0.773E-03   0.125E-03

*******   STEP 185
    1   0.132E-02   0.106E-02   0.291E-02
    2   0.436E-03   0.298E-02   0.593E-03
    3   0.586E-04   0.768E-03   0.124E-03

*******   STEP 186
    1   0.131E-02   0.106E-02   0.289E-02
    2   0.433E-03   0.296E-02   0.588E-03
    3   0.582E-04   0.763E-03   0.122E-03

*******   STEP 187
    1   0.131E-02   0.106E-02   0.287E-02
    2   0.430E-03   0.294E-02   0.583E-03
    3   0.579E-04   0.758E-03   0.121E-03

*******   STEP 188
    1   0.130E-02   0.105E-02   0.285E-02
    2   0.427E-03   0.293E-02   0.577E-03
    3   0.576E-04   0.753E-03   0.120E-03

*******   STEP 189
    1   0.130E-02   0.105E-02   0.284E-02
    2   0.424E-03   0.291E-02   0.572E-03
    3   0.572E-04   0.748E-03   0.118E-03

*******   STEP 190
    1   0.130E-02   0.105E-02   0.282E-02
    2   0.421E-03   0.289E-02   0.567E-03
    3   0.569E-04   0.743E-03   0.117E-03

*******   STEP 191
    1   0.129E-02   0.105E-02   0.280E-02
    2   0.418E-03   0.287E-02   0.562E-03
    3   0.566E-04   0.739E-03   0.116E-03

*******   STEP 192
    1   0.129E-02   0.105E-02   0.279E-02
    2   0.415E-03   0.286E-02   0.557E-03
    3   0.563E-04   0.734E-03   0.115E-03

*******   STEP 193
    1   0.128E-02   0.105E-02   0.277E-02
    2   0.412E-03   0.284E-02   0.552E-03
    3   0.560E-04   0.730E-03   0.113E-03

*******   STEP 194
    1   0.128E-02   0.105E-02   0.276E-02
    2   0.409E-03   0.282E-02   0.547E-03
    3   0.558E-04   0.726E-03   0.112E-03

*******   STEP 195
    1   0.127E-02   0.105E-02   0.274E-02
    2   0.406E-03   0.281E-02   0.542E-03
    3   0.555E-04   0.721E-03   0.111E-03

*******   STEP 196
    1   0.127E-02   0.105E-02   0.272E-02
    2   0.403E-03   0.279E-02   0.538E-03
    3   0.553E-04   0.718E-03   0.110E-03

*******   STEP 197
    1   0.127E-02   0.105E-02   0.271E-02
    2   0.401E-03   0.277E-02   0.533E-03
    3   0.551E-04   0.714E-03   0.109E-03

*******   STEP 198
    1   0.126E-02   0.105E-02   0.269E-02
    2   0.398E-03   0.276E-02   0.528E-03
    3   0.549E-04   0.710E-03   0.108E-03

*******   STEP 199
    1   0.126E-02   0.105E-02   0.268E-02
    2   0.395E-03   0.274E-02   0.523E-03
    3   0.547E-04   0.706E-03   0.107E-03

*******   STEP 200
    1   0.125E-02   0.104E-02   0.266E-02
    2   0.392E-03   0.272E-02   0.519E-03
    3   0.545E-04   0.703E-03   0.106E-03

*******   STEP 201
    1   0.125E-02   0.104E-02   0.265E-02
    2   0.389E-03   0.271E-02   0.514E-03
    3   0.543E-04   0.700E-03   0.105E-03
