          %Evm          Svm            E11          E22          E33          E23          E13          E12         SCAU11       SCAU22       SCAU33       SCAU23       SCAU13       SCAU12      TEMP
  0.00000E+00  0.26730E+03    0.00000E+00  0.00000E+00  0.00000E+00  0.00000E+00  0.00000E+00  0.00000E+00    0.00000E+00 -0.26716E+03  0.00000E+00  0.44677E+01 -0.20042E+01 -0.11971E+01
  0.99947E-03  0.26795E+03    0.78935E-03 -0.10000E-02  0.21065E-03  0.00000E+00  0.00000E+00  0.00000E+00    0.00000E+00 -0.26781E+03  0.00000E+00  0.44570E+01 -0.20616E+01 -0.12319E+01
  0.19989E-02  0.26879E+03    0.15805E-02 -0.20000E-02  0.41949E-03  0.00000E+00  0.00000E+00  0.00000E+00    0.00000E+00 -0.26865E+03  0.00000E+00  0.44304E+01 -0.20155E+01 -0.12527E+01
  0.29984E-02  0.26976E+03    0.23707E-02 -0.30000E-02  0.62929E-03  0.00000E+00  0.00000E+00  0.00000E+00    0.00000E+00 -0.26962E+03  0.00000E+00  0.44180E+01 -0.20154E+01 -0.12430E+01
  0.39979E-02  0.27077E+03    0.31587E-02 -0.40000E-02  0.84133E-03  0.00000E+00  0.00000E+00  0.00000E+00    0.00000E+00 -0.27063E+03  0.00000E+00  0.44085E+01 -0.20118E+01 -0.12586E+01
  0.49974E-02  0.27157E+03    0.39442E-02 -0.50000E-02  0.10558E-02  0.00000E+00  0.00000E+00  0.00000E+00    0.00000E+00 -0.27143E+03  0.00000E+00  0.43927E+01 -0.20057E+01 -0.12718E+01
  0.59969E-02  0.27239E+03    0.47272E-02 -0.60000E-02  0.12728E-02  0.00000E+00  0.00000E+00  0.00000E+00    0.00000E+00 -0.27225E+03  0.00000E+00  0.43775E+01 -0.19998E+01 -0.12841E+01
  0.69964E-02  0.27320E+03    0.55078E-02 -0.70000E-02  0.14922E-02  0.00000E+00  0.00000E+00  0.00000E+00    0.00000E+00 -0.27307E+03  0.00000E+00  0.43610E+01 -0.19934E+01 -0.12952E+01
  0.79959E-02  0.27401E+03    0.62860E-02 -0.80000E-02  0.17140E-02  0.00000E+00  0.00000E+00  0.00000E+00    0.00000E+00 -0.27388E+03  0.00000E+00  0.43431E+01 -0.19880E+01 -0.13052E+01
  0.89954E-02  0.27485E+03    0.70616E-02 -0.90000E-02  0.19384E-02  0.00000E+00  0.00000E+00  0.00000E+00    0.00000E+00 -0.27471E+03  0.00000E+00  0.43225E+01 -0.19748E+01 -0.13140E+01
  0.99949E-02  0.27570E+03    0.78348E-02 -0.10000E-01  0.21652E-02  0.00000E+00  0.00000E+00  0.00000E+00    0.00000E+00 -0.27557E+03  0.00000E+00  0.43075E+01 -0.19606E+01 -0.13208E+01
  0.10994E-01  0.27655E+03    0.86053E-02 -0.11000E-01  0.23947E-02  0.00000E+00  0.00000E+00  0.00000E+00    0.00000E+00 -0.27642E+03  0.00000E+00  0.43010E+01 -0.19448E+01 -0.13308E+01
  0.11994E-01  0.27737E+03    0.93731E-02 -0.12000E-01  0.26269E-02  0.00000E+00  0.00000E+00  0.00000E+00    0.00000E+00 -0.27725E+03  0.00000E+00  0.42848E+01 -0.19407E+01 -0.13368E+01
  0.12993E-01  0.27822E+03    0.10138E-01 -0.13000E-01  0.28616E-02  0.00000E+00  0.00000E+00  0.00000E+00    0.00000E+00 -0.27809E+03  0.00000E+00  0.42736E+01 -0.19410E+01 -0.13404E+01
  0.13993E-01  0.27895E+03    0.10901E-01 -0.14000E-01  0.30990E-02  0.00000E+00  0.00000E+00  0.00000E+00    0.00000E+00 -0.27882E+03  0.00000E+00  0.42620E+01 -0.19344E+01 -0.13567E+01
  0.14993E-01  0.27986E+03    0.11662E-01 -0.15000E-01  0.33383E-02  0.00000E+00  0.00000E+00  0.00000E+00    0.00000E+00 -0.27973E+03  0.00000E+00  0.42465E+01 -0.19383E+01 -0.13406E+01
  0.15992E-01  0.28067E+03    0.12419E-01 -0.16000E-01  0.35808E-02  0.00000E+00  0.00000E+00  0.00000E+00    0.00000E+00 -0.28054E+03  0.00000E+00  0.42318E+01 -0.19322E+01 -0.13385E+01
  0.16992E-01  0.28143E+03    0.13174E-01 -0.17000E-01  0.38260E-02  0.00000E+00  0.00000E+00  0.00000E+00    0.00000E+00 -0.28130E+03  0.00000E+00  0.42128E+01 -0.19373E+01 -0.13532E+01
  0.17991E-01  0.28226E+03    0.13927E-01 -0.18000E-01  0.40732E-02  0.00000E+00  0.00000E+00  0.00000E+00    0.00000E+00 -0.28214E+03  0.00000E+00  0.41929E+01 -0.19290E+01 -0.13368E+01
  0.18991E-01  0.28311E+03    0.14677E-01 -0.19000E-01  0.43231E-02  0.00000E+00  0.00000E+00  0.00000E+00    0.00000E+00 -0.28299E+03  0.00000E+00  0.41761E+01 -0.19221E+01 -0.13281E+01
  0.19990E-01  0.28386E+03    0.15424E-01 -0.20000E-01  0.45761E-02  0.00000E+00  0.00000E+00  0.00000E+00    0.00000E+00 -0.28374E+03  0.00000E+00  0.41784E+01 -0.19276E+01 -0.13353E+01
  0.20990E-01  0.28470E+03    0.16169E-01 -0.21000E-01  0.48311E-02  0.00000E+00  0.00000E+00  0.00000E+00    0.00000E+00 -0.28458E+03  0.00000E+00  0.41684E+01 -0.19101E+01 -0.13099E+01
  0.21990E-01  0.28558E+03    0.16911E-01 -0.22000E-01  0.50890E-02  0.00000E+00  0.00000E+00  0.00000E+00    0.00000E+00 -0.28547E+03  0.00000E+00  0.41380E+01 -0.18897E+01 -0.12932E+01
  0.22989E-01  0.28635E+03    0.17650E-01 -0.23000E-01  0.53501E-02  0.00000E+00  0.00000E+00  0.00000E+00    0.00000E+00 -0.28623E+03  0.00000E+00  0.41359E+01 -0.18748E+01 -0.12958E+01
  0.23989E-01  0.28722E+03    0.18387E-01 -0.24000E-01  0.56132E-02  0.00000E+00  0.00000E+00  0.00000E+00    0.00000E+00 -0.28711E+03  0.00000E+00  0.41145E+01 -0.18696E+01 -0.12794E+01
  0.24988E-01  0.28794E+03    0.19120E-01 -0.25000E-01  0.58795E-02  0.00000E+00  0.00000E+00  0.00000E+00    0.00000E+00 -0.28782E+03  0.00000E+00  0.41097E+01 -0.18673E+01 -0.12881E+01
  0.25988E-01  0.28879E+03    0.19852E-01 -0.26000E-01  0.61479E-02  0.00000E+00  0.00000E+00  0.00000E+00    0.00000E+00 -0.28868E+03  0.00000E+00  0.40878E+01 -0.18592E+01 -0.12686E+01
  0.26987E-01  0.28944E+03    0.20581E-01 -0.27000E-01  0.64194E-02  0.00000E+00  0.00000E+00  0.00000E+00    0.00000E+00 -0.28932E+03  0.00000E+00  0.40794E+01 -0.18569E+01 -0.12764E+01
  0.27987E-01  0.29036E+03    0.21307E-01 -0.28000E-01  0.66930E-02  0.00000E+00  0.00000E+00  0.00000E+00    0.00000E+00 -0.29024E+03  0.00000E+00  0.40601E+01 -0.18508E+01 -0.12609E+01
  0.28987E-01  0.29113E+03    0.22030E-01 -0.29000E-01  0.69698E-02  0.00000E+00  0.00000E+00  0.00000E+00    0.00000E+00 -0.29102E+03  0.00000E+00  0.40344E+01 -0.18384E+01 -0.12729E+01
  0.29986E-01  0.29197E+03    0.22751E-01 -0.30000E-01  0.72487E-02  0.00000E+00  0.00000E+00  0.00000E+00    0.00000E+00 -0.29186E+03  0.00000E+00  0.40129E+01 -0.18310E+01 -0.12555E+01
  0.30986E-01  0.29276E+03    0.23469E-01 -0.31000E-01  0.75308E-02  0.00000E+00  0.00000E+00  0.00000E+00    0.00000E+00 -0.29265E+03  0.00000E+00  0.39718E+01 -0.18352E+01 -0.12720E+01
  0.31986E-01  0.29360E+03    0.24185E-01 -0.32000E-01  0.78151E-02  0.00000E+00  0.00000E+00  0.00000E+00    0.00000E+00 -0.29349E+03  0.00000E+00  0.39541E+01 -0.18255E+01 -0.12551E+01
  0.32985E-01  0.29439E+03    0.24897E-01 -0.33000E-01  0.81027E-02  0.00000E+00  0.00000E+00  0.00000E+00    0.00000E+00 -0.29429E+03  0.00000E+00  0.39476E+01 -0.18343E+01 -0.12649E+01
  0.33985E-01  0.29525E+03    0.25607E-01 -0.34000E-01  0.83926E-02  0.00000E+00  0.00000E+00  0.00000E+00    0.00000E+00 -0.29515E+03  0.00000E+00  0.39189E+01 -0.18173E+01 -0.12490E+01
  0.34985E-01  0.29578E+03    0.26314E-01 -0.35000E-01  0.86859E-02  0.00000E+00  0.00000E+00  0.00000E+00    0.00000E+00 -0.29568E+03  0.00000E+00  0.38978E+01 -0.18114E+01 -0.12524E+01
  0.35984E-01  0.29684E+03    0.27019E-01 -0.36000E-01  0.89811E-02  0.00000E+00  0.00000E+00  0.00000E+00    0.00000E+00 -0.29674E+03  0.00000E+00  0.38871E+01 -0.18164E+01 -0.12373E+01
  0.36984E-01  0.29763E+03    0.27720E-01 -0.37000E-01  0.92797E-02  0.00000E+00  0.00000E+00  0.00000E+00    0.00000E+00 -0.29753E+03  0.00000E+00  0.38741E+01 -0.18129E+01 -0.12467E+01
  0.37984E-01  0.29838E+03    0.28419E-01 -0.38000E-01  0.95805E-02  0.00000E+00  0.00000E+00  0.00000E+00    0.00000E+00 -0.29828E+03  0.00000E+00  0.38564E+01 -0.18049E+01 -0.12403E+01
  0.38983E-01  0.29929E+03    0.29116E-01 -0.39000E-01  0.98837E-02  0.00000E+00  0.00000E+00  0.00000E+00    0.00000E+00 -0.29919E+03  0.00000E+00  0.38219E+01 -0.18000E+01 -0.12275E+01
  0.39983E-01  0.29983E+03    0.29810E-01 -0.40000E-01  0.10190E-01  0.00000E+00  0.00000E+00  0.00000E+00    0.00000E+00 -0.29973E+03  0.00000E+00  0.37991E+01 -0.17913E+01 -0.12245E+01
  0.40983E-01  0.30086E+03    0.30501E-01 -0.41000E-01  0.10499E-01  0.00000E+00  0.00000E+00  0.00000E+00    0.00000E+00 -0.30077E+03  0.00000E+00  0.37821E+01 -0.17839E+01 -0.12143E+01
  0.41982E-01  0.30142E+03    0.31189E-01 -0.42000E-01  0.10811E-01  0.00000E+00  0.00000E+00  0.00000E+00    0.00000E+00 -0.30133E+03  0.00000E+00  0.37402E+01 -0.17904E+01 -0.12109E+01
  0.42982E-01  0.30236E+03    0.31875E-01 -0.43000E-01  0.11125E-01  0.00000E+00  0.00000E+00  0.00000E+00    0.00000E+00 -0.30227E+03  0.00000E+00  0.37432E+01 -0.17812E+01 -0.12089E+01
  0.43982E-01  0.30324E+03    0.32559E-01 -0.44000E-01  0.11441E-01  0.00000E+00  0.00000E+00  0.00000E+00    0.00000E+00 -0.30315E+03  0.00000E+00  0.37134E+01 -0.17641E+01 -0.11878E+01
  0.44981E-01  0.30379E+03    0.33239E-01 -0.45000E-01  0.11761E-01  0.00000E+00  0.00000E+00  0.00000E+00    0.00000E+00 -0.30370E+03  0.00000E+00  0.36895E+01 -0.17508E+01 -0.11730E+01
  0.45981E-01  0.30473E+03    0.33918E-01 -0.46000E-01  0.12082E-01  0.00000E+00  0.00000E+00  0.00000E+00    0.00000E+00 -0.30464E+03  0.00000E+00  0.36634E+01 -0.17542E+01 -0.11741E+01
  0.46981E-01  0.30569E+03    0.34594E-01 -0.47000E-01  0.12406E-01  0.00000E+00  0.00000E+00  0.00000E+00    0.00000E+00 -0.30560E+03  0.00000E+00  0.36468E+01 -0.17413E+01 -0.11583E+01
  0.47980E-01  0.30617E+03    0.35266E-01 -0.48000E-01  0.12734E-01  0.00000E+00  0.00000E+00  0.00000E+00    0.00000E+00 -0.30609E+03  0.00000E+00  0.36082E+01 -0.17304E+01 -0.11346E+01
  0.48980E-01  0.30710E+03    0.35937E-01 -0.49000E-01  0.13063E-01  0.00000E+00  0.00000E+00  0.00000E+00    0.00000E+00 -0.30702E+03  0.00000E+00  0.35975E+01 -0.17255E+01 -0.11320E+01
  0.49980E-01  0.30791E+03    0.36605E-01 -0.50000E-01  0.13395E-01  0.00000E+00  0.00000E+00  0.00000E+00    0.00000E+00 -0.30783E+03  0.00000E+00  0.35907E+01 -0.17033E+01 -0.11187E+01
  0.50980E-01  0.30888E+03    0.37271E-01 -0.51000E-01  0.13729E-01  0.00000E+00  0.00000E+00  0.00000E+00    0.00000E+00 -0.30879E+03  0.00000E+00  0.35751E+01 -0.16917E+01 -0.11000E+01
  0.51979E-01  0.30935E+03    0.37933E-01 -0.52000E-01  0.14067E-01  0.00000E+00  0.00000E+00  0.00000E+00    0.00000E+00 -0.30927E+03  0.00000E+00  0.35472E+01 -0.16728E+01 -0.10708E+01
  0.52979E-01  0.31026E+03    0.38594E-01 -0.53000E-01  0.14406E-01  0.00000E+00  0.00000E+00  0.00000E+00    0.00000E+00 -0.31018E+03  0.00000E+00  0.35403E+01 -0.16706E+01 -0.10680E+01
  0.53979E-01  0.31104E+03    0.39252E-01 -0.54000E-01  0.14748E-01  0.00000E+00  0.00000E+00  0.00000E+00    0.00000E+00 -0.31097E+03  0.00000E+00  0.35221E+01 -0.16582E+01 -0.10517E+01
  0.54979E-01  0.31182E+03    0.39907E-01 -0.55000E-01  0.15093E-01  0.00000E+00  0.00000E+00  0.00000E+00    0.00000E+00 -0.31174E+03  0.00000E+00  0.35041E+01 -0.16451E+01 -0.10350E+01
  0.55978E-01  0.31261E+03    0.40560E-01 -0.56000E-01  0.15440E-01  0.00000E+00  0.00000E+00  0.00000E+00    0.00000E+00 -0.31253E+03  0.00000E+00  0.34938E+01 -0.16314E+01 -0.10184E+01
  0.56978E-01  0.31339E+03    0.41210E-01 -0.57000E-01  0.15790E-01  0.00000E+00  0.00000E+00  0.00000E+00    0.00000E+00 -0.31331E+03  0.00000E+00  0.34732E+01 -0.16172E+01 -0.10029E+01
  0.57978E-01  0.31416E+03    0.41858E-01 -0.58000E-01  0.16142E-01  0.00000E+00  0.00000E+00  0.00000E+00    0.00000E+00 -0.31408E+03  0.00000E+00  0.34542E+01 -0.16030E+01 -0.98844E+00
  0.58978E-01  0.31493E+03    0.42504E-01 -0.59000E-01  0.16496E-01  0.00000E+00  0.00000E+00  0.00000E+00    0.00000E+00 -0.31486E+03  0.00000E+00  0.34343E+01 -0.15890E+01 -0.97487E+00
  0.59977E-01  0.31570E+03    0.43147E-01 -0.60000E-01  0.16853E-01  0.00000E+00  0.00000E+00  0.00000E+00    0.00000E+00 -0.31563E+03  0.00000E+00  0.34131E+01 -0.15751E+01 -0.96252E+00
  0.60977E-01  0.31647E+03    0.43787E-01 -0.61000E-01  0.17213E-01  0.00000E+00  0.00000E+00  0.00000E+00    0.00000E+00 -0.31640E+03  0.00000E+00  0.33917E+01 -0.15615E+01 -0.95110E+00
  0.61977E-01  0.31724E+03    0.44425E-01 -0.62000E-01  0.17575E-01  0.00000E+00  0.00000E+00  0.00000E+00    0.00000E+00 -0.31717E+03  0.00000E+00  0.33719E+01 -0.15500E+01 -0.93978E+00
  0.62977E-01  0.31802E+03    0.45061E-01 -0.63000E-01  0.17939E-01  0.00000E+00  0.00000E+00  0.00000E+00    0.00000E+00 -0.31795E+03  0.00000E+00  0.33473E+01 -0.15388E+01 -0.92960E+00
  0.63977E-01  0.31878E+03    0.45694E-01 -0.64000E-01  0.18306E-01  0.00000E+00  0.00000E+00  0.00000E+00    0.00000E+00 -0.31872E+03  0.00000E+00  0.33278E+01 -0.15265E+01 -0.91929E+00
  0.64976E-01  0.31955E+03    0.46325E-01 -0.65000E-01  0.18675E-01  0.00000E+00  0.00000E+00  0.00000E+00    0.00000E+00 -0.31948E+03  0.00000E+00  0.33086E+01 -0.15149E+01 -0.90894E+00
  0.65976E-01  0.32031E+03    0.46953E-01 -0.66000E-01  0.19047E-01  0.00000E+00  0.00000E+00  0.00000E+00    0.00000E+00 -0.32025E+03  0.00000E+00  0.32924E+01 -0.15043E+01 -0.89906E+00
  0.66976E-01  0.32108E+03    0.47579E-01 -0.67000E-01  0.19421E-01  0.00000E+00  0.00000E+00  0.00000E+00    0.00000E+00 -0.32101E+03  0.00000E+00  0.32755E+01 -0.14943E+01 -0.88905E+00
  0.67976E-01  0.32184E+03    0.48203E-01 -0.68000E-01  0.19797E-01  0.00000E+00  0.00000E+00  0.00000E+00    0.00000E+00 -0.32178E+03  0.00000E+00  0.32586E+01 -0.14852E+01 -0.87822E+00
  0.68976E-01  0.32262E+03    0.48824E-01 -0.69000E-01  0.20176E-01  0.00000E+00  0.00000E+00  0.00000E+00    0.00000E+00 -0.32255E+03  0.00000E+00  0.32369E+01 -0.14739E+01 -0.86699E+00
  0.69975E-01  0.32327E+03    0.49443E-01 -0.70000E-01  0.20557E-01  0.00000E+00  0.00000E+00  0.00000E+00    0.00000E+00 -0.32321E+03  0.00000E+00  0.32136E+01 -0.14599E+01 -0.84726E+00
  0.70975E-01  0.32414E+03    0.50059E-01 -0.71000E-01  0.20941E-01  0.00000E+00  0.00000E+00  0.00000E+00    0.00000E+00 -0.32408E+03  0.00000E+00  0.32040E+01 -0.14563E+01 -0.84497E+00
  0.71975E-01  0.32494E+03    0.50674E-01 -0.72000E-01  0.21326E-01  0.00000E+00  0.00000E+00  0.00000E+00    0.00000E+00 -0.32488E+03  0.00000E+00  0.31742E+01 -0.14370E+01 -0.83131E+00
  0.72975E-01  0.32570E+03    0.51286E-01 -0.73000E-01  0.21714E-01  0.00000E+00  0.00000E+00  0.00000E+00    0.00000E+00 -0.32565E+03  0.00000E+00  0.31616E+01 -0.14280E+01 -0.82027E+00
  0.73975E-01  0.32636E+03    0.51895E-01 -0.74000E-01  0.22105E-01  0.00000E+00  0.00000E+00  0.00000E+00    0.00000E+00 -0.32630E+03  0.00000E+00  0.31405E+01 -0.14163E+01 -0.80172E+00
  0.74974E-01  0.32722E+03    0.52502E-01 -0.75000E-01  0.22498E-01  0.00000E+00  0.00000E+00  0.00000E+00    0.00000E+00 -0.32717E+03  0.00000E+00  0.31320E+01 -0.14130E+01 -0.79931E+00
  0.75974E-01  0.32789E+03    0.53107E-01 -0.76000E-01  0.22893E-01  0.00000E+00  0.00000E+00  0.00000E+00    0.00000E+00 -0.32783E+03  0.00000E+00  0.31122E+01 -0.14025E+01 -0.78096E+00
  0.76974E-01  0.32875E+03    0.53710E-01 -0.77000E-01  0.23290E-01  0.00000E+00  0.00000E+00  0.00000E+00    0.00000E+00 -0.32869E+03  0.00000E+00  0.31038E+01 -0.13994E+01 -0.77837E+00
  0.77974E-01  0.32941E+03    0.54311E-01 -0.78000E-01  0.23689E-01  0.00000E+00  0.00000E+00  0.00000E+00    0.00000E+00 -0.32936E+03  0.00000E+00  0.30849E+01 -0.13894E+01 -0.76026E+00
  0.78974E-01  0.33027E+03    0.54909E-01 -0.79000E-01  0.24091E-01  0.00000E+00  0.00000E+00  0.00000E+00    0.00000E+00 -0.33022E+03  0.00000E+00  0.30769E+01 -0.13863E+01 -0.75779E+00
  0.79974E-01  0.33093E+03    0.55505E-01 -0.80000E-01  0.24495E-01  0.00000E+00  0.00000E+00  0.00000E+00    0.00000E+00 -0.33088E+03  0.00000E+00  0.30577E+01 -0.13769E+01 -0.73900E+00
  0.80973E-01  0.33170E+03    0.56098E-01 -0.81000E-01  0.24902E-01  0.00000E+00  0.00000E+00  0.00000E+00    0.00000E+00 -0.33164E+03  0.00000E+00  0.30439E+01 -0.13708E+01 -0.72766E+00
  0.81973E-01  0.33255E+03    0.56690E-01 -0.82000E-01  0.25310E-01  0.00000E+00  0.00000E+00  0.00000E+00    0.00000E+00 -0.33250E+03  0.00000E+00  0.30365E+01 -0.13680E+01 -0.72480E+00
  0.82973E-01  0.33321E+03    0.57279E-01 -0.83000E-01  0.25721E-01  0.00000E+00  0.00000E+00  0.00000E+00    0.00000E+00 -0.33316E+03  0.00000E+00  0.30232E+01 -0.13592E+01 -0.70714E+00
  0.83973E-01  0.33398E+03    0.57867E-01 -0.84000E-01  0.26133E-01  0.00000E+00  0.00000E+00  0.00000E+00    0.00000E+00 -0.33393E+03  0.00000E+00  0.30139E+01 -0.13532E+01 -0.69652E+00
  0.84973E-01  0.33474E+03    0.58452E-01 -0.85000E-01  0.26548E-01  0.00000E+00  0.00000E+00  0.00000E+00    0.00000E+00 -0.33469E+03  0.00000E+00  0.30047E+01 -0.13468E+01 -0.68600E+00
  0.85973E-01  0.33558E+03    0.59035E-01 -0.86000E-01  0.26965E-01  0.00000E+00  0.00000E+00  0.00000E+00    0.00000E+00 -0.33553E+03  0.00000E+00  0.30001E+01 -0.13440E+01 -0.68294E+00
  0.86972E-01  0.33625E+03    0.59615E-01 -0.87000E-01  0.27385E-01  0.00000E+00  0.00000E+00  0.00000E+00    0.00000E+00 -0.33620E+03  0.00000E+00  0.29905E+01 -0.13358E+01 -0.66705E+00
  0.87972E-01  0.33701E+03    0.60193E-01 -0.88000E-01  0.27807E-01  0.00000E+00  0.00000E+00  0.00000E+00    0.00000E+00 -0.33696E+03  0.00000E+00  0.29849E+01 -0.13297E+01 -0.65738E+00
  0.88972E-01  0.33777E+03    0.60770E-01 -0.89000E-01  0.28230E-01  0.00000E+00  0.00000E+00  0.00000E+00    0.00000E+00 -0.33772E+03  0.00000E+00  0.29799E+01 -0.13233E+01 -0.64759E+00
  0.89972E-01  0.33853E+03    0.61344E-01 -0.90000E-01  0.28656E-01  0.00000E+00  0.00000E+00  0.00000E+00    0.00000E+00 -0.33848E+03  0.00000E+00  0.29681E+01 -0.13165E+01 -0.63718E+00
  0.90972E-01  0.33928E+03    0.61916E-01 -0.91000E-01  0.29084E-01  0.00000E+00  0.00000E+00  0.00000E+00    0.00000E+00 -0.33923E+03  0.00000E+00  0.29597E+01 -0.13098E+01 -0.62761E+00
  0.91972E-01  0.34004E+03    0.62486E-01 -0.92000E-01  0.29514E-01  0.00000E+00  0.00000E+00  0.00000E+00    0.00000E+00 -0.33999E+03  0.00000E+00  0.29528E+01 -0.13029E+01 -0.61823E+00
  0.92972E-01  0.34079E+03    0.63054E-01 -0.93000E-01  0.29946E-01  0.00000E+00  0.00000E+00  0.00000E+00    0.00000E+00 -0.34074E+03  0.00000E+00  0.29460E+01 -0.12957E+01 -0.60888E+00
  0.93971E-01  0.34154E+03    0.63620E-01 -0.94000E-01  0.30380E-01  0.00000E+00  0.00000E+00  0.00000E+00    0.00000E+00 -0.34149E+03  0.00000E+00  0.29398E+01 -0.12883E+01 -0.60025E+00
  0.94971E-01  0.34229E+03    0.64184E-01 -0.95000E-01  0.30816E-01  0.00000E+00  0.00000E+00  0.00000E+00    0.00000E+00 -0.34224E+03  0.00000E+00  0.29379E+01 -0.12819E+01 -0.59170E+00
  0.95971E-01  0.34304E+03    0.64746E-01 -0.96000E-01  0.31254E-01  0.00000E+00  0.00000E+00  0.00000E+00    0.00000E+00 -0.34299E+03  0.00000E+00  0.29400E+01 -0.12766E+01 -0.58293E+00
  0.96971E-01  0.34379E+03    0.65306E-01 -0.97000E-01  0.31694E-01  0.00000E+00  0.00000E+00  0.00000E+00    0.00000E+00 -0.34374E+03  0.00000E+00  0.29403E+01 -0.12705E+01 -0.57395E+00
  0.97971E-01  0.34453E+03    0.65863E-01 -0.98000E-01  0.32137E-01  0.00000E+00  0.00000E+00  0.00000E+00    0.00000E+00 -0.34449E+03  0.00000E+00  0.29406E+01 -0.12645E+01 -0.56526E+00
  0.98971E-01  0.34528E+03    0.66419E-01 -0.99000E-01  0.32581E-01  0.00000E+00  0.00000E+00  0.00000E+00    0.00000E+00 -0.34523E+03  0.00000E+00  0.29412E+01 -0.12584E+01 -0.55668E+00
  0.99971E-01  0.34602E+03    0.66973E-01 -0.10000E+00  0.33027E-01  0.00000E+00  0.00000E+00  0.00000E+00    0.00000E+00 -0.34597E+03  0.00000E+00  0.29419E+01 -0.12523E+01 -0.54816E+00
  0.10097E+00  0.34676E+03    0.67524E-01 -0.10100E+00  0.33476E-01  0.00000E+00  0.00000E+00  0.00000E+00    0.00000E+00 -0.34671E+03  0.00000E+00  0.29429E+01 -0.12461E+01 -0.53970E+00
  0.10197E+00  0.34749E+03    0.68074E-01 -0.10200E+00  0.33926E-01  0.00000E+00  0.00000E+00  0.00000E+00    0.00000E+00 -0.34745E+03  0.00000E+00  0.29444E+01 -0.12398E+01 -0.53123E+00
  0.10297E+00  0.34822E+03    0.68621E-01 -0.10300E+00  0.34379E-01  0.00000E+00  0.00000E+00  0.00000E+00    0.00000E+00 -0.34818E+03  0.00000E+00  0.29463E+01 -0.12267E+01 -0.51874E+00
  0.10397E+00  0.34896E+03    0.69167E-01 -0.10400E+00  0.34833E-01  0.00000E+00  0.00000E+00  0.00000E+00    0.00000E+00 -0.34892E+03  0.00000E+00  0.29475E+01 -0.12268E+01 -0.51430E+00
  0.10497E+00  0.34969E+03    0.69711E-01 -0.10500E+00  0.35289E-01  0.00000E+00  0.00000E+00  0.00000E+00    0.00000E+00 -0.34965E+03  0.00000E+00  0.29486E+01 -0.12207E+01 -0.50658E+00
  0.10597E+00  0.35041E+03    0.70253E-01 -0.10600E+00  0.35747E-01  0.00000E+00  0.00000E+00  0.00000E+00    0.00000E+00 -0.35037E+03  0.00000E+00  0.29510E+01 -0.12077E+01 -0.49472E+00
  0.10697E+00  0.35115E+03    0.70793E-01 -0.10700E+00  0.36207E-01  0.00000E+00  0.00000E+00  0.00000E+00    0.00000E+00 -0.35110E+03  0.00000E+00  0.29520E+01 -0.12081E+01 -0.49011E+00
  0.10797E+00  0.35187E+03    0.71331E-01 -0.10800E+00  0.36669E-01  0.00000E+00  0.00000E+00  0.00000E+00    0.00000E+00 -0.35182E+03  0.00000E+00  0.29535E+01 -0.12023E+01 -0.48174E+00
  0.10897E+00  0.35258E+03    0.71867E-01 -0.10900E+00  0.37133E-01  0.00000E+00  0.00000E+00  0.00000E+00    0.00000E+00 -0.35254E+03  0.00000E+00  0.29568E+01 -0.11899E+01 -0.46913E+00
  0.10997E+00  0.35335E+03    0.72401E-01 -0.11000E+00  0.37599E-01  0.00000E+00  0.00000E+00  0.00000E+00    0.00000E+00 -0.35331E+03  0.00000E+00  0.29419E+01 -0.12070E+01 -0.45996E+00
  0.11097E+00  0.35408E+03    0.72933E-01 -0.11100E+00  0.38067E-01  0.00000E+00  0.00000E+00  0.00000E+00    0.00000E+00 -0.35404E+03  0.00000E+00  0.29486E+01 -0.11931E+01 -0.45011E+00
  0.11197E+00  0.35481E+03    0.73464E-01 -0.11200E+00  0.38536E-01  0.00000E+00  0.00000E+00  0.00000E+00    0.00000E+00 -0.35476E+03  0.00000E+00  0.29496E+01 -0.11936E+01 -0.44504E+00
  0.11297E+00  0.35551E+03    0.73992E-01 -0.11300E+00  0.39008E-01  0.00000E+00  0.00000E+00  0.00000E+00    0.00000E+00 -0.35547E+03  0.00000E+00  0.29532E+01 -0.11826E+01 -0.43172E+00
  0.11397E+00  0.35623E+03    0.74519E-01 -0.11400E+00  0.39481E-01  0.00000E+00  0.00000E+00  0.00000E+00    0.00000E+00 -0.35619E+03  0.00000E+00  0.29539E+01 -0.11832E+01 -0.42635E+00
  0.11497E+00  0.35692E+03    0.75043E-01 -0.11500E+00  0.39957E-01  0.00000E+00  0.00000E+00  0.00000E+00    0.00000E+00 -0.35688E+03  0.00000E+00  0.29578E+01 -0.11727E+01 -0.41269E+00
  0.11597E+00  0.35763E+03    0.75566E-01 -0.11600E+00  0.40434E-01  0.00000E+00  0.00000E+00  0.00000E+00    0.00000E+00 -0.35759E+03  0.00000E+00  0.29609E+01 -0.11674E+01 -0.40329E+00
  0.11697E+00  0.35834E+03    0.76087E-01 -0.11700E+00  0.40913E-01  0.00000E+00  0.00000E+00  0.00000E+00    0.00000E+00 -0.35830E+03  0.00000E+00  0.29607E+01 -0.11679E+01 -0.39863E+00
  0.11797E+00  0.35903E+03    0.76607E-01 -0.11800E+00  0.41393E-01  0.00000E+00  0.00000E+00  0.00000E+00    0.00000E+00 -0.35899E+03  0.00000E+00  0.29652E+01 -0.11577E+01 -0.38560E+00
  0.11897E+00  0.35973E+03    0.77124E-01 -0.11900E+00  0.41876E-01  0.00000E+00  0.00000E+00  0.00000E+00    0.00000E+00 -0.35969E+03  0.00000E+00  0.29685E+01 -0.11525E+01 -0.37677E+00
  0.11997E+00  0.36043E+03    0.77640E-01 -0.12000E+00  0.42360E-01  0.00000E+00  0.00000E+00  0.00000E+00    0.00000E+00 -0.36039E+03  0.00000E+00  0.29683E+01 -0.11528E+01 -0.37241E+00
  0.12097E+00  0.36111E+03    0.78154E-01 -0.12100E+00  0.42846E-01  0.00000E+00  0.00000E+00  0.00000E+00    0.00000E+00 -0.36107E+03  0.00000E+00  0.29729E+01 -0.11430E+01 -0.36088E+00
  0.12197E+00  0.36180E+03    0.78666E-01 -0.12200E+00  0.43334E-01  0.00000E+00  0.00000E+00  0.00000E+00    0.00000E+00 -0.36176E+03  0.00000E+00  0.29763E+01 -0.11379E+01 -0.35361E+00
  0.12297E+00  0.36249E+03    0.79176E-01 -0.12300E+00  0.43824E-01  0.00000E+00  0.00000E+00  0.00000E+00    0.00000E+00 -0.36245E+03  0.00000E+00  0.29784E+01 -0.11330E+01 -0.34651E+00
  0.12397E+00  0.36317E+03    0.79685E-01 -0.12400E+00  0.44315E-01  0.00000E+00  0.00000E+00  0.00000E+00    0.00000E+00 -0.36313E+03  0.00000E+00  0.29778E+01 -0.11222E+01 -0.34184E+00
  0.12497E+00  0.36385E+03    0.80192E-01 -0.12500E+00  0.44808E-01  0.00000E+00  0.00000E+00  0.00000E+00    0.00000E+00 -0.36381E+03  0.00000E+00  0.29777E+01 -0.11179E+01 -0.33319E+00
  0.12597E+00  0.36453E+03    0.80697E-01 -0.12600E+00  0.45303E-01  0.00000E+00  0.00000E+00  0.00000E+00    0.00000E+00 -0.36449E+03  0.00000E+00  0.29800E+01 -0.11126E+01 -0.32679E+00
  0.12697E+00  0.36521E+03    0.81201E-01 -0.12700E+00  0.45799E-01  0.00000E+00  0.00000E+00  0.00000E+00    0.00000E+00 -0.36517E+03  0.00000E+00  0.29820E+01 -0.11071E+01 -0.32040E+00
  0.12797E+00  0.36588E+03    0.81702E-01 -0.12800E+00  0.46298E-01  0.00000E+00  0.00000E+00  0.00000E+00    0.00000E+00 -0.36584E+03  0.00000E+00  0.29841E+01 -0.11019E+01 -0.31427E+00
  0.12897E+00  0.36655E+03    0.82202E-01 -0.12900E+00  0.46798E-01  0.00000E+00  0.00000E+00  0.00000E+00    0.00000E+00 -0.36651E+03  0.00000E+00  0.29864E+01 -0.10967E+01 -0.30833E+00
  0.12997E+00  0.36722E+03    0.82700E-01 -0.13000E+00  0.47300E-01  0.00000E+00  0.00000E+00  0.00000E+00    0.00000E+00 -0.36718E+03  0.00000E+00  0.29888E+01 -0.10916E+01 -0.30257E+00
  0.13097E+00  0.36794E+03    0.83197E-01 -0.13100E+00  0.47803E-01  0.00000E+00  0.00000E+00  0.00000E+00    0.00000E+00 -0.36789E+03  0.00000E+00  0.29928E+01 -0.10823E+01 -0.30851E+00
  0.13197E+00  0.36860E+03    0.83691E-01 -0.13200E+00  0.48309E-01  0.00000E+00  0.00000E+00  0.00000E+00    0.00000E+00 -0.36856E+03  0.00000E+00  0.29966E+01 -0.10800E+01 -0.29511E+00
  0.13297E+00  0.36927E+03    0.84184E-01 -0.13300E+00  0.48816E-01  0.00000E+00  0.00000E+00  0.00000E+00    0.00000E+00 -0.36923E+03  0.00000E+00  0.29992E+01 -0.10731E+01 -0.29007E+00
  0.13397E+00  0.36993E+03    0.84675E-01 -0.13400E+00  0.49325E-01  0.00000E+00  0.00000E+00  0.00000E+00    0.00000E+00 -0.36989E+03  0.00000E+00  0.30018E+01 -0.10690E+01 -0.28485E+00
  0.13497E+00  0.37058E+03    0.85165E-01 -0.13500E+00  0.49835E-01  0.00000E+00  0.00000E+00  0.00000E+00    0.00000E+00 -0.37054E+03  0.00000E+00  0.30042E+01 -0.10642E+01 -0.28038E+00
  0.13597E+00  0.37124E+03    0.85653E-01 -0.13600E+00  0.50347E-01  0.00000E+00  0.00000E+00  0.00000E+00    0.00000E+00 -0.37120E+03  0.00000E+00  0.30066E+01 -0.10594E+01 -0.27616E+00
  0.13697E+00  0.37189E+03    0.86139E-01 -0.13700E+00  0.50861E-01  0.00000E+00  0.00000E+00  0.00000E+00    0.00000E+00 -0.37185E+03  0.00000E+00  0.30090E+01 -0.10543E+01 -0.27208E+00
  0.13797E+00  0.37254E+03    0.86624E-01 -0.13800E+00  0.51376E-01  0.00000E+00  0.00000E+00  0.00000E+00    0.00000E+00 -0.37250E+03  0.00000E+00  0.30113E+01 -0.10493E+01 -0.26783E+00
  0.13897E+00  0.37318E+03    0.87107E-01 -0.13900E+00  0.51893E-01  0.00000E+00  0.00000E+00  0.00000E+00    0.00000E+00 -0.37314E+03  0.00000E+00  0.30136E+01 -0.10444E+01 -0.26360E+00
  0.13997E+00  0.37390E+03    0.87588E-01 -0.14000E+00  0.52412E-01  0.00000E+00  0.00000E+00  0.00000E+00    0.00000E+00 -0.37386E+03  0.00000E+00  0.30195E+01 -0.10207E+01 -0.24591E+00
  0.14097E+00  0.37454E+03    0.88068E-01 -0.14100E+00  0.52932E-01  0.00000E+00  0.00000E+00  0.00000E+00    0.00000E+00 -0.37450E+03  0.00000E+00  0.30135E+01 -0.10235E+01 -0.25084E+00
  0.14197E+00  0.37518E+03    0.88546E-01 -0.14200E+00  0.53454E-01  0.00000E+00  0.00000E+00  0.00000E+00    0.00000E+00 -0.37514E+03  0.00000E+00  0.30155E+01 -0.10185E+01 -0.24608E+00
  0.14297E+00  0.37581E+03    0.89023E-01 -0.14300E+00  0.53977E-01  0.00000E+00  0.00000E+00  0.00000E+00    0.00000E+00 -0.37577E+03  0.00000E+00  0.30174E+01 -0.10138E+01 -0.24167E+00
  0.14397E+00  0.37645E+03    0.89497E-01 -0.14400E+00  0.54503E-01  0.00000E+00  0.00000E+00  0.00000E+00    0.00000E+00 -0.37641E+03  0.00000E+00  0.30193E+01 -0.10091E+01 -0.23694E+00
  0.14497E+00  0.37708E+03    0.89971E-01 -0.14500E+00  0.55029E-01  0.00000E+00  0.00000E+00  0.00000E+00    0.00000E+00 -0.37704E+03  0.00000E+00  0.30210E+01 -0.10043E+01 -0.23170E+00
  0.14597E+00  0.37771E+03    0.90443E-01 -0.14600E+00  0.55557E-01  0.00000E+00  0.00000E+00  0.00000E+00    0.00000E+00 -0.37766E+03  0.00000E+00  0.30223E+01 -0.99941E+00 -0.22675E+00
  0.14697E+00  0.37833E+03    0.90913E-01 -0.14700E+00  0.56087E-01  0.00000E+00  0.00000E+00  0.00000E+00    0.00000E+00 -0.37829E+03  0.00000E+00  0.30245E+01 -0.99484E+00 -0.22209E+00
  0.14797E+00  0.37895E+03    0.91382E-01 -0.14800E+00  0.56618E-01  0.00000E+00  0.00000E+00  0.00000E+00    0.00000E+00 -0.37891E+03  0.00000E+00  0.30258E+01 -0.99017E+00 -0.21712E+00
  0.14896E+00  0.37957E+03    0.91849E-01 -0.14900E+00  0.57151E-01  0.00000E+00  0.00000E+00  0.00000E+00    0.00000E+00 -0.37953E+03  0.00000E+00  0.30268E+01 -0.98544E+00 -0.21197E+00
  0.14996E+00  0.38019E+03    0.92315E-01 -0.15000E+00  0.57685E-01  0.00000E+00  0.00000E+00  0.00000E+00    0.00000E+00 -0.38015E+03  0.00000E+00  0.30274E+01 -0.98066E+00 -0.20661E+00
  0.15096E+00  0.38080E+03    0.92779E-01 -0.15100E+00  0.58221E-01  0.00000E+00  0.00000E+00  0.00000E+00    0.00000E+00 -0.38076E+03  0.00000E+00  0.30277E+01 -0.97582E+00 -0.20100E+00
  0.15196E+00  0.38141E+03    0.93242E-01 -0.15200E+00  0.58758E-01  0.00000E+00  0.00000E+00  0.00000E+00    0.00000E+00 -0.38137E+03  0.00000E+00  0.30278E+01 -0.97092E+00 -0.19512E+00
  0.15296E+00  0.38201E+03    0.93704E-01 -0.15300E+00  0.59296E-01  0.00000E+00  0.00000E+00  0.00000E+00    0.00000E+00 -0.38197E+03  0.00000E+00  0.30276E+01 -0.96597E+00 -0.18900E+00
  0.15396E+00  0.38262E+03    0.94164E-01 -0.15400E+00  0.59836E-01  0.00000E+00  0.00000E+00  0.00000E+00    0.00000E+00 -0.38258E+03  0.00000E+00  0.30272E+01 -0.96097E+00 -0.18261E+00
  0.15496E+00  0.38322E+03    0.94623E-01 -0.15500E+00  0.60377E-01  0.00000E+00  0.00000E+00  0.00000E+00    0.00000E+00 -0.38318E+03  0.00000E+00  0.30267E+01 -0.95598E+00 -0.17610E+00
  0.15596E+00  0.38381E+03    0.95080E-01 -0.15600E+00  0.60920E-01  0.00000E+00  0.00000E+00  0.00000E+00    0.00000E+00 -0.38378E+03  0.00000E+00  0.30258E+01 -0.95101E+00 -0.16916E+00
  0.15696E+00  0.38441E+03    0.95536E-01 -0.15700E+00  0.61464E-01  0.00000E+00  0.00000E+00  0.00000E+00    0.00000E+00 -0.38437E+03  0.00000E+00  0.30248E+01 -0.94605E+00 -0.16188E+00
  0.15796E+00  0.38500E+03    0.95991E-01 -0.15800E+00  0.62009E-01  0.00000E+00  0.00000E+00  0.00000E+00    0.00000E+00 -0.38496E+03  0.00000E+00  0.30236E+01 -0.94109E+00 -0.15447E+00
  0.15896E+00  0.38559E+03    0.96444E-01 -0.15900E+00  0.62556E-01  0.00000E+00  0.00000E+00  0.00000E+00    0.00000E+00 -0.38555E+03  0.00000E+00  0.30224E+01 -0.93615E+00 -0.14686E+00
  0.15996E+00  0.38659E+03    0.96896E-01 -0.16000E+00  0.63104E-01  0.00000E+00  0.00000E+00  0.00000E+00    0.00000E+00 -0.38655E+03  0.00000E+00  0.30233E+01 -0.92166E+00 -0.12136E+00
  0.16096E+00  0.38708E+03    0.97347E-01 -0.16100E+00  0.63653E-01  0.00000E+00  0.00000E+00  0.00000E+00    0.00000E+00 -0.38704E+03  0.00000E+00  0.30275E+01 -0.92112E+00 -0.11876E+00
  0.16196E+00  0.38768E+03    0.97797E-01 -0.16200E+00  0.64203E-01  0.00000E+00  0.00000E+00  0.00000E+00    0.00000E+00 -0.38764E+03  0.00000E+00  0.30276E+01 -0.91611E+00 -0.10937E+00
  0.16296E+00  0.38825E+03    0.98245E-01 -0.16300E+00  0.64755E-01  0.00000E+00  0.00000E+00  0.00000E+00    0.00000E+00 -0.38821E+03  0.00000E+00  0.30276E+01 -0.91230E+00 -0.10151E+00
  0.16396E+00  0.38882E+03    0.98693E-01 -0.16400E+00  0.65307E-01  0.00000E+00  0.00000E+00  0.00000E+00    0.00000E+00 -0.38879E+03  0.00000E+00  0.30275E+01 -0.90839E+00 -0.93102E-01
  0.16496E+00  0.38939E+03    0.99139E-01 -0.16500E+00  0.65861E-01  0.00000E+00  0.00000E+00  0.00000E+00    0.00000E+00 -0.38936E+03  0.00000E+00  0.30274E+01 -0.90455E+00 -0.84587E-01
  0.16596E+00  0.38996E+03    0.99583E-01 -0.16600E+00  0.66417E-01  0.00000E+00  0.00000E+00  0.00000E+00    0.00000E+00 -0.38992E+03  0.00000E+00  0.30272E+01 -0.90073E+00 -0.75872E-01
  0.16696E+00  0.39053E+03    0.10003E+00 -0.16700E+00  0.66973E-01  0.00000E+00  0.00000E+00  0.00000E+00    0.00000E+00 -0.39049E+03  0.00000E+00  0.30269E+01 -0.89702E+00 -0.67003E-01
  0.16796E+00  0.39109E+03    0.10047E+00 -0.16800E+00  0.67531E-01  0.00000E+00  0.00000E+00  0.00000E+00    0.00000E+00 -0.39105E+03  0.00000E+00  0.30266E+01 -0.89332E+00 -0.57992E-01
  0.16896E+00  0.39165E+03    0.10091E+00 -0.16900E+00  0.68090E-01  0.00000E+00  0.00000E+00  0.00000E+00    0.00000E+00 -0.39161E+03  0.00000E+00  0.30262E+01 -0.88967E+00 -0.48826E-01
  0.16996E+00  0.39220E+03    0.10135E+00 -0.17000E+00  0.68650E-01  0.00000E+00  0.00000E+00  0.00000E+00    0.00000E+00 -0.39217E+03  0.00000E+00  0.30257E+01 -0.88605E+00 -0.39524E-01
  0.17096E+00  0.39276E+03    0.10179E+00 -0.17100E+00  0.69211E-01  0.00000E+00  0.00000E+00  0.00000E+00    0.00000E+00 -0.39272E+03  0.00000E+00  0.30251E+01 -0.88246E+00 -0.30095E-01
  0.17196E+00  0.39331E+03    0.10223E+00 -0.17200E+00  0.69774E-01  0.00000E+00  0.00000E+00  0.00000E+00    0.00000E+00 -0.39327E+03  0.00000E+00  0.30245E+01 -0.87889E+00 -0.20550E-01
  0.17296E+00  0.39386E+03    0.10266E+00 -0.17300E+00  0.70337E-01  0.00000E+00  0.00000E+00  0.00000E+00    0.00000E+00 -0.39382E+03  0.00000E+00  0.30237E+01 -0.87535E+00 -0.10916E-01
  0.17396E+00  0.39441E+03    0.10310E+00 -0.17400E+00  0.70902E-01  0.00000E+00  0.00000E+00  0.00000E+00    0.00000E+00 -0.39437E+03  0.00000E+00  0.30229E+01 -0.87182E+00 -0.11949E-02
  0.17496E+00  0.39495E+03    0.10353E+00 -0.17500E+00  0.71468E-01  0.00000E+00  0.00000E+00  0.00000E+00    0.00000E+00 -0.39491E+03  0.00000E+00  0.30220E+01 -0.86832E+00  0.85983E-02
  0.17596E+00  0.39549E+03    0.10396E+00 -0.17600E+00  0.72036E-01  0.00000E+00  0.00000E+00  0.00000E+00    0.00000E+00 -0.39546E+03  0.00000E+00  0.30211E+01 -0.86484E+00  0.18432E-01
  0.17696E+00  0.39603E+03    0.10440E+00 -0.17700E+00  0.72604E-01  0.00000E+00  0.00000E+00  0.00000E+00    0.00000E+00 -0.39599E+03  0.00000E+00  0.30200E+01 -0.86141E+00  0.28269E-01
  0.17796E+00  0.39657E+03    0.10483E+00 -0.17800E+00  0.73174E-01  0.00000E+00  0.00000E+00  0.00000E+00    0.00000E+00 -0.39653E+03  0.00000E+00  0.30189E+01 -0.85800E+00  0.38105E-01
  0.17896E+00  0.39710E+03    0.10526E+00 -0.17900E+00  0.73745E-01  0.00000E+00  0.00000E+00  0.00000E+00    0.00000E+00 -0.39707E+03  0.00000E+00  0.30177E+01 -0.85464E+00  0.47928E-01
  0.17996E+00  0.39764E+03    0.10568E+00 -0.18000E+00  0.74317E-01  0.00000E+00  0.00000E+00  0.00000E+00    0.00000E+00 -0.39760E+03  0.00000E+00  0.30164E+01 -0.85133E+00  0.57724E-01
  0.18096E+00  0.39817E+03    0.10611E+00 -0.18100E+00  0.74890E-01  0.00000E+00  0.00000E+00  0.00000E+00    0.00000E+00 -0.39813E+03  0.00000E+00  0.30151E+01 -0.84807E+00  0.67479E-01
  0.18196E+00  0.39870E+03    0.10654E+00 -0.18200E+00  0.75464E-01  0.00000E+00  0.00000E+00  0.00000E+00    0.00000E+00 -0.39866E+03  0.00000E+00  0.30136E+01 -0.84486E+00  0.77177E-01
  0.18296E+00  0.39922E+03    0.10696E+00 -0.18300E+00  0.76040E-01  0.00000E+00  0.00000E+00  0.00000E+00    0.00000E+00 -0.39919E+03  0.00000E+00  0.30120E+01 -0.84170E+00  0.86808E-01
  0.18396E+00  0.39975E+03    0.10738E+00 -0.18400E+00  0.76616E-01  0.00000E+00  0.00000E+00  0.00000E+00    0.00000E+00 -0.39971E+03  0.00000E+00  0.30104E+01 -0.83859E+00  0.96362E-01
  0.18496E+00  0.40027E+03    0.10781E+00 -0.18500E+00  0.77194E-01  0.00000E+00  0.00000E+00  0.00000E+00    0.00000E+00 -0.40023E+03  0.00000E+00  0.30086E+01 -0.83555E+00  0.10582E+00
  0.18596E+00  0.40079E+03    0.10823E+00 -0.18600E+00  0.77773E-01  0.00000E+00  0.00000E+00  0.00000E+00    0.00000E+00 -0.40075E+03  0.00000E+00  0.30067E+01 -0.83254E+00  0.11520E+00
  0.18696E+00  0.40131E+03    0.10865E+00 -0.18700E+00  0.78353E-01  0.00000E+00  0.00000E+00  0.00000E+00    0.00000E+00 -0.40127E+03  0.00000E+00  0.30047E+01 -0.82959E+00  0.12445E+00
  0.18796E+00  0.40182E+03    0.10907E+00 -0.18800E+00  0.78934E-01  0.00000E+00  0.00000E+00  0.00000E+00    0.00000E+00 -0.40179E+03  0.00000E+00  0.30025E+01 -0.82668E+00  0.13360E+00
  0.18896E+00  0.40234E+03    0.10948E+00 -0.18900E+00  0.79517E-01  0.00000E+00  0.00000E+00  0.00000E+00    0.00000E+00 -0.40230E+03  0.00000E+00  0.30001E+01 -0.82381E+00  0.14263E+00
  0.18996E+00  0.40285E+03    0.10990E+00 -0.19000E+00  0.80100E-01  0.00000E+00  0.00000E+00  0.00000E+00    0.00000E+00 -0.40281E+03  0.00000E+00  0.29976E+01 -0.82098E+00  0.15155E+00
  0.19096E+00  0.40336E+03    0.11032E+00 -0.19100E+00  0.80685E-01  0.00000E+00  0.00000E+00  0.00000E+00    0.00000E+00 -0.40332E+03  0.00000E+00  0.29949E+01 -0.81820E+00  0.16032E+00
  0.19196E+00  0.40386E+03    0.11073E+00 -0.19200E+00  0.81270E-01  0.00000E+00  0.00000E+00  0.00000E+00    0.00000E+00 -0.40383E+03  0.00000E+00  0.29920E+01 -0.81545E+00  0.16894E+00
  0.19296E+00  0.40437E+03    0.11114E+00 -0.19300E+00  0.81857E-01  0.00000E+00  0.00000E+00  0.00000E+00    0.00000E+00 -0.40433E+03  0.00000E+00  0.29889E+01 -0.81274E+00  0.17743E+00
  0.19396E+00  0.40487E+03    0.11155E+00 -0.19400E+00  0.82445E-01  0.00000E+00  0.00000E+00  0.00000E+00    0.00000E+00 -0.40484E+03  0.00000E+00  0.29855E+01 -0.81006E+00  0.18575E+00
  0.19496E+00  0.40537E+03    0.11197E+00 -0.19500E+00  0.83034E-01  0.00000E+00  0.00000E+00  0.00000E+00    0.00000E+00 -0.40534E+03  0.00000E+00  0.29820E+01 -0.80742E+00  0.19391E+00
  0.19596E+00  0.40587E+03    0.11238E+00 -0.19600E+00  0.83624E-01  0.00000E+00  0.00000E+00  0.00000E+00    0.00000E+00 -0.40584E+03  0.00000E+00  0.29782E+01 -0.80478E+00  0.20189E+00
  0.19696E+00  0.40637E+03    0.11278E+00 -0.19700E+00  0.84216E-01  0.00000E+00  0.00000E+00  0.00000E+00    0.00000E+00 -0.40634E+03  0.00000E+00  0.29739E+01 -0.80216E+00  0.20980E+00
  0.19796E+00  0.40687E+03    0.11319E+00 -0.19800E+00  0.84808E-01  0.00000E+00  0.00000E+00  0.00000E+00    0.00000E+00 -0.40683E+03  0.00000E+00  0.29695E+01 -0.79960E+00  0.21747E+00
  0.19896E+00  0.40736E+03    0.11360E+00 -0.19900E+00  0.85401E-01  0.00000E+00  0.00000E+00  0.00000E+00    0.00000E+00 -0.40732E+03  0.00000E+00  0.29649E+01 -0.79705E+00  0.22495E+00
  0.19996E+00  0.40785E+03    0.11400E+00 -0.20000E+00  0.85996E-01  0.00000E+00  0.00000E+00  0.00000E+00    0.00000E+00 -0.40782E+03  0.00000E+00  0.29600E+01 -0.79455E+00  0.23228E+00
