 COMPONENTS 11 22 33 OF SAMPLE STRAIN, STRESS, ELASTIC STRAIN and AVACS
 ******************************************************************************
        et11        et22        et33        et23        et13        et12           st11        st22        st33        st23        st13        st12         etel11      etel22      etel33        wgt_ph
  0.0000E+00  0.0000E+00  0.0000E+00  0.0000E+00  0.0000E+00  0.0000E+00     0.0000E+00  0.0000E+00  0.0000E+00  0.0000E+00  0.0000E+00  0.0000E+00     0.0000E+00  0.0000E+00  0.0000E+00     0.3400E+00
  0.4716E-03 -0.1313E-03 -0.1374E-03  0.1869E-05  0.1838E-05  0.2067E-05     0.1154E+03 -0.7315E+00 -0.2683E+01  0.8994E+00  0.1206E+01 -0.7504E-01     0.0000E+00  0.0000E+00  0.0000E+00     0.3400E+00
  0.9432E-03 -0.2627E-03 -0.2748E-03  0.3740E-05  0.3675E-05  0.4134E-05     0.2307E+03 -0.1452E+01 -0.5355E+01  0.1799E+01  0.2411E+01 -0.1502E+00     0.0000E+00  0.0000E+00  0.0000E+00     0.3400E+00
  0.1293E-02 -0.3856E-03 -0.3995E-03  0.7524E-05  0.3924E-05  0.4078E-05     0.3102E+03 -0.1267E+02 -0.1752E+02  0.2963E+01  0.3120E+01 -0.5422E+00     0.0000E+00  0.0000E+00  0.0000E+00     0.3400E+00
  0.1603E-02 -0.4966E-03 -0.5225E-03  0.9591E-05  0.2826E-05  0.6068E-05     0.3792E+03 -0.2459E+02 -0.3228E+02  0.3739E+01  0.3511E+01 -0.4971E+00     0.0000E+00  0.0000E+00  0.0000E+00     0.3400E+00
  0.1898E-02 -0.6015E-03 -0.6433E-03  0.9593E-05  0.2834E-05  0.8099E-05     0.4443E+03 -0.3617E+02 -0.4740E+02  0.4089E+01  0.4087E+01 -0.4246E+00     0.0000E+00  0.0000E+00  0.0000E+00     0.3400E+00
  0.2164E-02 -0.6992E-03 -0.7481E-03  0.8230E-05  0.2958E-05  0.9479E-05     0.5027E+03 -0.4714E+02 -0.6019E+02  0.4140E+01  0.4625E+01 -0.4467E+00     0.0000E+00  0.0000E+00  0.0000E+00     0.3400E+00
  0.2420E-02 -0.7951E-03 -0.8476E-03  0.7609E-05  0.2216E-05  0.1018E-04     0.5591E+03 -0.5796E+02 -0.7216E+02  0.4328E+01  0.4978E+01 -0.5932E+00     0.0000E+00  0.0000E+00  0.0000E+00     0.3400E+00
  0.2672E-02 -0.8896E-03 -0.9454E-03  0.6845E-05  0.9408E-06  0.1117E-04     0.6147E+03 -0.6864E+02 -0.8393E+02  0.4482E+01  0.5222E+01 -0.6815E+00     0.0000E+00  0.0000E+00  0.0000E+00     0.3400E+00
  0.2922E-02 -0.9837E-03 -0.1042E-02  0.6046E-05 -0.6086E-06  0.1193E-04     0.6696E+03 -0.7933E+02 -0.9554E+02  0.4628E+01  0.5407E+01 -0.8116E+00     0.0000E+00  0.0000E+00  0.0000E+00     0.3400E+00
  0.3170E-02 -0.1077E-02 -0.1137E-02  0.5228E-05 -0.2146E-05  0.1251E-04     0.7240E+03 -0.9005E+02 -0.1070E+03  0.4767E+01  0.5589E+01 -0.9752E+00     0.0000E+00  0.0000E+00  0.0000E+00     0.3400E+00
  0.3415E-02 -0.1170E-02 -0.1232E-02  0.4479E-05 -0.3639E-05  0.1338E-04     0.7778E+03 -0.1007E+03 -0.1185E+03  0.4918E+01  0.5776E+01 -0.1079E+01     0.0000E+00  0.0000E+00  0.0000E+00     0.3400E+00
  0.3819E-02 -0.1341E-02 -0.1435E-02 -0.7372E-05 -0.5252E-05  0.1791E-04     0.8025E+03 -0.1045E+03 -0.1220E+03  0.6464E+01  0.5958E+01 -0.1750E+01     0.0000E+00  0.0000E+00  0.0000E+00     0.3400E+00
  0.4308E-02 -0.1568E-02 -0.1675E-02 -0.2112E-04 -0.5656E-05  0.2938E-04     0.8152E+03 -0.1049E+03 -0.1227E+03  0.7890E+01  0.5968E+01 -0.3062E+01     0.0000E+00  0.0000E+00  0.0000E+00     0.3400E+00
  0.4818E-02 -0.1810E-02 -0.1925E-02 -0.3626E-04 -0.8426E-05  0.4089E-04     0.8256E+03 -0.1047E+03 -0.1228E+03  0.9319E+01  0.6141E+01 -0.4346E+01     0.0000E+00  0.0000E+00  0.0000E+00     0.3400E+00
  0.5329E-02 -0.2051E-02 -0.2176E-02 -0.4859E-04 -0.9189E-05  0.5305E-04     0.8355E+03 -0.1046E+03 -0.1229E+03  0.1052E+02  0.6212E+01 -0.5620E+01     0.0000E+00  0.0000E+00  0.0000E+00     0.3400E+00
  0.5842E-02 -0.2293E-02 -0.2429E-02 -0.6041E-04 -0.1155E-04  0.6190E-04     0.8450E+03 -0.1043E+03 -0.1229E+03  0.1163E+02  0.6371E+01 -0.6562E+01     0.0000E+00  0.0000E+00  0.0000E+00     0.3400E+00
  0.6355E-02 -0.2538E-02 -0.2680E-02 -0.7025E-04 -0.1469E-04  0.7176E-04     0.8541E+03 -0.1040E+03 -0.1230E+03  0.1258E+02  0.6632E+01 -0.7579E+01     0.0000E+00  0.0000E+00  0.0000E+00     0.3400E+00
  0.6869E-02 -0.2784E-02 -0.2932E-02 -0.8168E-04 -0.1799E-04  0.8044E-04     0.8629E+03 -0.1036E+03 -0.1230E+03  0.1365E+02  0.6957E+01 -0.8478E+01     0.0000E+00  0.0000E+00  0.0000E+00     0.3400E+00
  0.7382E-02 -0.3027E-02 -0.3186E-02 -0.9100E-04 -0.2186E-04  0.8820E-04     0.8713E+03 -0.1033E+03 -0.1231E+03  0.1448E+02  0.7260E+01 -0.9267E+01     0.0000E+00  0.0000E+00  0.0000E+00     0.3400E+00
  0.7896E-02 -0.3273E-02 -0.3440E-02 -0.9798E-04 -0.2574E-04  0.9676E-04     0.8792E+03 -0.1030E+03 -0.1232E+03  0.1510E+02  0.7578E+01 -0.1009E+02     0.0000E+00  0.0000E+00  0.0000E+00     0.3400E+00
  0.8408E-02 -0.3518E-02 -0.3693E-02 -0.1053E-03 -0.2969E-04  0.1054E-03     0.8869E+03 -0.1027E+03 -0.1233E+03  0.1569E+02  0.7896E+01 -0.1089E+02     0.0000E+00  0.0000E+00  0.0000E+00     0.3400E+00
  0.8921E-02 -0.3765E-02 -0.3945E-02 -0.1117E-03 -0.3353E-04  0.1120E-03     0.8942E+03 -0.1024E+03 -0.1234E+03  0.1624E+02  0.8192E+01 -0.1150E+02     0.0000E+00  0.0000E+00  0.0000E+00     0.3400E+00
  0.9432E-02 -0.4013E-02 -0.4195E-02 -0.1184E-03 -0.3647E-04  0.1184E-03     0.9012E+03 -0.1022E+03 -0.1236E+03  0.1677E+02  0.8396E+01 -0.1208E+02     0.0000E+00  0.0000E+00  0.0000E+00     0.3400E+00
  0.9942E-02 -0.4261E-02 -0.4445E-02 -0.1254E-03 -0.3791E-04  0.1253E-03     0.9080E+03 -0.1019E+03 -0.1238E+03  0.1734E+02  0.8466E+01 -0.1271E+02     0.0000E+00  0.0000E+00  0.0000E+00     0.3400E+00
  0.1045E-01 -0.4510E-02 -0.4692E-02 -0.1324E-03 -0.3987E-04  0.1324E-03     0.9146E+03 -0.1017E+03 -0.1241E+03  0.1787E+02  0.8560E+01 -0.1336E+02     0.0000E+00  0.0000E+00  0.0000E+00     0.3400E+00
  0.1096E-01 -0.4760E-02 -0.4941E-02 -0.1386E-03 -0.4283E-04  0.1393E-03     0.9209E+03 -0.1014E+03 -0.1243E+03  0.1832E+02  0.8725E+01 -0.1396E+02     0.0000E+00  0.0000E+00  0.0000E+00     0.3400E+00
  0.1147E-01 -0.5009E-02 -0.5190E-02 -0.1451E-03 -0.4643E-04  0.1452E-03     0.9270E+03 -0.1012E+03 -0.1245E+03  0.1878E+02  0.8955E+01 -0.1444E+02     0.0000E+00  0.0000E+00  0.0000E+00     0.3400E+00
  0.1198E-01 -0.5257E-02 -0.5439E-02 -0.1509E-03 -0.5021E-04  0.1510E-03     0.9329E+03 -0.1010E+03 -0.1248E+03  0.1920E+02  0.9166E+01 -0.1491E+02     0.0000E+00  0.0000E+00  0.0000E+00     0.3400E+00
  0.1248E-01 -0.5506E-02 -0.5685E-02 -0.1568E-03 -0.5347E-04  0.1563E-03     0.9386E+03 -0.1008E+03 -0.1251E+03  0.1964E+02  0.9338E+01 -0.1530E+02     0.0000E+00  0.0000E+00  0.0000E+00     0.3400E+00
  0.1299E-01 -0.5756E-02 -0.5930E-02 -0.1627E-03 -0.5694E-04  0.1613E-03     0.9443E+03 -0.1006E+03 -0.1254E+03  0.2008E+02  0.9524E+01 -0.1565E+02     0.0000E+00  0.0000E+00  0.0000E+00     0.3400E+00
  0.1349E-01 -0.6006E-02 -0.6174E-02 -0.1689E-03 -0.6122E-04  0.1662E-03     0.9497E+03 -0.1005E+03 -0.1258E+03  0.2052E+02  0.9789E+01 -0.1598E+02     0.0000E+00  0.0000E+00  0.0000E+00     0.3400E+00
  0.1399E-01 -0.6256E-02 -0.6417E-02 -0.1749E-03 -0.6508E-04  0.1708E-03     0.9551E+03 -0.1003E+03 -0.1262E+03  0.2096E+02  0.1002E+02 -0.1627E+02     0.0000E+00  0.0000E+00  0.0000E+00     0.3400E+00
  0.1450E-01 -0.6503E-02 -0.6663E-02 -0.1804E-03 -0.6892E-04  0.1762E-03     0.9603E+03 -0.1002E+03 -0.1265E+03  0.2141E+02  0.1024E+02 -0.1660E+02     0.0000E+00  0.0000E+00  0.0000E+00     0.3400E+00
  0.1500E-01 -0.6751E-02 -0.6907E-02 -0.1851E-03 -0.7352E-04  0.1812E-03     0.9654E+03 -0.1001E+03 -0.1269E+03  0.2182E+02  0.1050E+02 -0.1689E+02     0.0000E+00  0.0000E+00  0.0000E+00     0.3400E+00
  0.1550E-01 -0.7000E-02 -0.7150E-02 -0.1900E-03 -0.7797E-04  0.1868E-03     0.9703E+03 -0.1001E+03 -0.1273E+03  0.2223E+02  0.1074E+02 -0.1722E+02     0.0000E+00  0.0000E+00  0.0000E+00     0.3400E+00
  0.1600E-01 -0.7248E-02 -0.7392E-02 -0.1951E-03 -0.8331E-04  0.1929E-03     0.9751E+03 -0.1000E+03 -0.1277E+03  0.2266E+02  0.1101E+02 -0.1759E+02     0.0000E+00  0.0000E+00  0.0000E+00     0.3400E+00
  0.1649E-01 -0.7494E-02 -0.7636E-02 -0.2003E-03 -0.8883E-04  0.1990E-03     0.9798E+03 -0.9999E+02 -0.1281E+03  0.2308E+02  0.1129E+02 -0.1792E+02     0.0000E+00  0.0000E+00  0.0000E+00     0.3400E+00
  0.1699E-01 -0.7740E-02 -0.7879E-02 -0.2054E-03 -0.9475E-04  0.2051E-03     0.9845E+03 -0.1000E+03 -0.1285E+03  0.2350E+02  0.1156E+02 -0.1824E+02     0.0000E+00  0.0000E+00  0.0000E+00     0.3400E+00
  0.1748E-01 -0.7986E-02 -0.8120E-02 -0.2092E-03 -0.1012E-03  0.2112E-03     0.9890E+03 -0.1000E+03 -0.1290E+03  0.2386E+02  0.1181E+02 -0.1852E+02     0.0000E+00  0.0000E+00  0.0000E+00     0.3400E+00
  0.1798E-01 -0.8231E-02 -0.8362E-02 -0.2133E-03 -0.1073E-03  0.2176E-03     0.9934E+03 -0.1000E+03 -0.1295E+03  0.2421E+02  0.1205E+02 -0.1881E+02     0.0000E+00  0.0000E+00  0.0000E+00     0.3400E+00
  0.1847E-01 -0.8478E-02 -0.8601E-02 -0.2175E-03 -0.1133E-03  0.2243E-03     0.9978E+03 -0.1000E+03 -0.1299E+03  0.2455E+02  0.1228E+02 -0.1912E+02     0.0000E+00  0.0000E+00  0.0000E+00     0.3400E+00
  0.1896E-01 -0.8726E-02 -0.8841E-02 -0.2218E-03 -0.1190E-03  0.2309E-03     0.1002E+04 -0.1000E+03 -0.1304E+03  0.2488E+02  0.1252E+02 -0.1943E+02     0.0000E+00  0.0000E+00  0.0000E+00     0.3400E+00
  0.1946E-01 -0.8971E-02 -0.9080E-02 -0.2268E-03 -0.1237E-03  0.2358E-03     0.1006E+04 -0.1000E+03 -0.1309E+03  0.2525E+02  0.1270E+02 -0.1967E+02     0.0000E+00  0.0000E+00  0.0000E+00     0.3400E+00
  0.1995E-01 -0.9215E-02 -0.9320E-02 -0.2319E-03 -0.1284E-03  0.2403E-03     0.1010E+04 -0.1001E+03 -0.1314E+03  0.2561E+02  0.1289E+02 -0.1991E+02     0.0000E+00  0.0000E+00  0.0000E+00     0.3400E+00
  0.2044E-01 -0.9458E-02 -0.9561E-02 -0.2360E-03 -0.1328E-03  0.2437E-03     0.1014E+04 -0.1001E+03 -0.1320E+03  0.2592E+02  0.1306E+02 -0.2008E+02     0.0000E+00  0.0000E+00  0.0000E+00     0.3400E+00
  0.2093E-01 -0.9701E-02 -0.9801E-02 -0.2398E-03 -0.1379E-03  0.2470E-03     0.1018E+04 -0.1001E+03 -0.1325E+03  0.2623E+02  0.1328E+02 -0.2021E+02     0.0000E+00  0.0000E+00  0.0000E+00     0.3400E+00
  0.2141E-01 -0.9943E-02 -0.1004E-01 -0.2438E-03 -0.1431E-03  0.2502E-03     0.1022E+04 -0.1002E+03 -0.1330E+03  0.2653E+02  0.1349E+02 -0.2034E+02     0.0000E+00  0.0000E+00  0.0000E+00     0.3400E+00
  0.2190E-01 -0.1019E-01 -0.1028E-01 -0.2480E-03 -0.1486E-03  0.2533E-03     0.1025E+04 -0.1003E+03 -0.1335E+03  0.2683E+02  0.1370E+02 -0.2048E+02     0.0000E+00  0.0000E+00  0.0000E+00     0.3400E+00
  0.2239E-01 -0.1043E-01 -0.1052E-01 -0.2513E-03 -0.1537E-03  0.2559E-03     0.1029E+04 -0.1003E+03 -0.1340E+03  0.2709E+02  0.1388E+02 -0.2059E+02     0.0000E+00  0.0000E+00  0.0000E+00     0.3400E+00
  0.2288E-01 -0.1067E-01 -0.1076E-01 -0.2554E-03 -0.1577E-03  0.2569E-03     0.1033E+04 -0.1004E+03 -0.1346E+03  0.2737E+02  0.1401E+02 -0.2063E+02     0.0000E+00  0.0000E+00  0.0000E+00     0.3400E+00
  0.2336E-01 -0.1091E-01 -0.1100E-01 -0.2592E-03 -0.1620E-03  0.2578E-03     0.1036E+04 -0.1005E+03 -0.1351E+03  0.2764E+02  0.1414E+02 -0.2064E+02     0.0000E+00  0.0000E+00  0.0000E+00     0.3400E+00
  0.2385E-01 -0.1115E-01 -0.1124E-01 -0.2636E-03 -0.1662E-03  0.2579E-03     0.1040E+04 -0.1005E+03 -0.1356E+03  0.2794E+02  0.1427E+02 -0.2061E+02     0.0000E+00  0.0000E+00  0.0000E+00     0.3400E+00
  0.2434E-01 -0.1139E-01 -0.1149E-01 -0.2684E-03 -0.1707E-03  0.2579E-03     0.1043E+04 -0.1006E+03 -0.1360E+03  0.2824E+02  0.1441E+02 -0.2057E+02     0.0000E+00  0.0000E+00  0.0000E+00     0.3400E+00
  0.2482E-01 -0.1163E-01 -0.1173E-01 -0.2732E-03 -0.1750E-03  0.2580E-03     0.1047E+04 -0.1008E+03 -0.1365E+03  0.2853E+02  0.1455E+02 -0.2053E+02     0.0000E+00  0.0000E+00  0.0000E+00     0.3400E+00
  0.2531E-01 -0.1186E-01 -0.1197E-01 -0.2781E-03 -0.1794E-03  0.2580E-03     0.1050E+04 -0.1009E+03 -0.1370E+03  0.2882E+02  0.1468E+02 -0.2049E+02     0.0000E+00  0.0000E+00  0.0000E+00     0.3400E+00
  0.2579E-01 -0.1210E-01 -0.1221E-01 -0.2827E-03 -0.1836E-03  0.2571E-03     0.1053E+04 -0.1010E+03 -0.1375E+03  0.2909E+02  0.1482E+02 -0.2042E+02     0.0000E+00  0.0000E+00  0.0000E+00     0.3400E+00
  0.2627E-01 -0.1234E-01 -0.1246E-01 -0.2866E-03 -0.1873E-03  0.2565E-03     0.1056E+04 -0.1011E+03 -0.1380E+03  0.2933E+02  0.1492E+02 -0.2036E+02     0.0000E+00  0.0000E+00  0.0000E+00     0.3400E+00
  0.2676E-01 -0.1257E-01 -0.1270E-01 -0.2905E-03 -0.1906E-03  0.2557E-03     0.1059E+04 -0.1012E+03 -0.1385E+03  0.2955E+02  0.1501E+02 -0.2029E+02     0.0000E+00  0.0000E+00  0.0000E+00     0.3400E+00
  0.2724E-01 -0.1281E-01 -0.1294E-01 -0.2944E-03 -0.1939E-03  0.2548E-03     0.1063E+04 -0.1014E+03 -0.1390E+03  0.2976E+02  0.1510E+02 -0.2022E+02     0.0000E+00  0.0000E+00  0.0000E+00     0.3400E+00
  0.2772E-01 -0.1304E-01 -0.1318E-01 -0.2984E-03 -0.1972E-03  0.2536E-03     0.1066E+04 -0.1015E+03 -0.1394E+03  0.2997E+02  0.1519E+02 -0.2016E+02     0.0000E+00  0.0000E+00  0.0000E+00     0.3400E+00
  0.2820E-01 -0.1328E-01 -0.1342E-01 -0.3024E-03 -0.2009E-03  0.2521E-03     0.1069E+04 -0.1016E+03 -0.1399E+03  0.3018E+02  0.1526E+02 -0.2011E+02     0.0000E+00  0.0000E+00  0.0000E+00     0.3400E+00
  0.2869E-01 -0.1351E-01 -0.1367E-01 -0.3051E-03 -0.2038E-03  0.2520E-03     0.1072E+04 -0.1018E+03 -0.1403E+03  0.3036E+02  0.1533E+02 -0.2012E+02     0.0000E+00  0.0000E+00  0.0000E+00     0.3400E+00
  0.2917E-01 -0.1375E-01 -0.1391E-01 -0.3081E-03 -0.2071E-03  0.2515E-03     0.1075E+04 -0.1019E+03 -0.1408E+03  0.3052E+02  0.1539E+02 -0.2012E+02     0.0000E+00  0.0000E+00  0.0000E+00     0.3400E+00
  0.2966E-01 -0.1398E-01 -0.1416E-01 -0.3113E-03 -0.2103E-03  0.2514E-03     0.1078E+04 -0.1020E+03 -0.1411E+03  0.3070E+02  0.1540E+02 -0.2014E+02     0.0000E+00  0.0000E+00  0.0000E+00     0.3400E+00
  0.3015E-01 -0.1422E-01 -0.1441E-01 -0.3143E-03 -0.2130E-03  0.2513E-03     0.1081E+04 -0.1021E+03 -0.1415E+03  0.3088E+02  0.1543E+02 -0.2015E+02     0.0000E+00  0.0000E+00  0.0000E+00     0.3400E+00
  0.3064E-01 -0.1446E-01 -0.1466E-01 -0.3173E-03 -0.2153E-03  0.2516E-03     0.1084E+04 -0.1021E+03 -0.1419E+03  0.3105E+02  0.1544E+02 -0.2019E+02     0.0000E+00  0.0000E+00  0.0000E+00     0.3400E+00
  0.3113E-01 -0.1469E-01 -0.1491E-01 -0.3208E-03 -0.2178E-03  0.2520E-03     0.1087E+04 -0.1022E+03 -0.1422E+03  0.3123E+02  0.1545E+02 -0.2022E+02     0.0000E+00  0.0000E+00  0.0000E+00     0.3400E+00
  0.3162E-01 -0.1493E-01 -0.1515E-01 -0.3236E-03 -0.2208E-03  0.2520E-03     0.1090E+04 -0.1022E+03 -0.1426E+03  0.3138E+02  0.1548E+02 -0.2023E+02     0.0000E+00  0.0000E+00  0.0000E+00     0.3400E+00
  0.3211E-01 -0.1517E-01 -0.1540E-01 -0.3265E-03 -0.2235E-03  0.2518E-03     0.1093E+04 -0.1023E+03 -0.1429E+03  0.3153E+02  0.1549E+02 -0.2023E+02     0.0000E+00  0.0000E+00  0.0000E+00     0.3400E+00
  0.3260E-01 -0.1541E-01 -0.1565E-01 -0.3290E-03 -0.2262E-03  0.2515E-03     0.1096E+04 -0.1023E+03 -0.1433E+03  0.3166E+02  0.1551E+02 -0.2023E+02     0.0000E+00  0.0000E+00  0.0000E+00     0.3400E+00
  0.3309E-01 -0.1565E-01 -0.1589E-01 -0.3317E-03 -0.2285E-03  0.2508E-03     0.1099E+04 -0.1023E+03 -0.1436E+03  0.3179E+02  0.1551E+02 -0.2022E+02     0.0000E+00  0.0000E+00  0.0000E+00     0.3400E+00
  0.3358E-01 -0.1589E-01 -0.1614E-01 -0.3342E-03 -0.2304E-03  0.2503E-03     0.1102E+04 -0.1023E+03 -0.1440E+03  0.3192E+02  0.1550E+02 -0.2022E+02     0.0000E+00  0.0000E+00  0.0000E+00     0.3400E+00
  0.3407E-01 -0.1613E-01 -0.1639E-01 -0.3367E-03 -0.2322E-03  0.2497E-03     0.1105E+04 -0.1023E+03 -0.1443E+03  0.3205E+02  0.1549E+02 -0.2022E+02     0.0000E+00  0.0000E+00  0.0000E+00     0.3400E+00
  0.3456E-01 -0.1637E-01 -0.1664E-01 -0.3391E-03 -0.2340E-03  0.2492E-03     0.1108E+04 -0.1024E+03 -0.1446E+03  0.3219E+02  0.1549E+02 -0.2022E+02     0.0000E+00  0.0000E+00  0.0000E+00     0.3400E+00
  0.3505E-01 -0.1660E-01 -0.1689E-01 -0.3418E-03 -0.2362E-03  0.2489E-03     0.1110E+04 -0.1024E+03 -0.1450E+03  0.3231E+02  0.1548E+02 -0.2021E+02     0.0000E+00  0.0000E+00  0.0000E+00     0.3400E+00
  0.3555E-01 -0.1684E-01 -0.1713E-01 -0.3451E-03 -0.2387E-03  0.2490E-03     0.1113E+04 -0.1024E+03 -0.1453E+03  0.3245E+02  0.1548E+02 -0.2024E+02     0.0000E+00  0.0000E+00  0.0000E+00     0.3400E+00
  0.3604E-01 -0.1708E-01 -0.1738E-01 -0.3484E-03 -0.2411E-03  0.2491E-03     0.1116E+04 -0.1023E+03 -0.1457E+03  0.3259E+02  0.1549E+02 -0.2026E+02     0.0000E+00  0.0000E+00  0.0000E+00     0.3400E+00
  0.3653E-01 -0.1732E-01 -0.1763E-01 -0.3523E-03 -0.2432E-03  0.2494E-03     0.1119E+04 -0.1023E+03 -0.1460E+03  0.3274E+02  0.1550E+02 -0.2029E+02     0.0000E+00  0.0000E+00  0.0000E+00     0.3400E+00
  0.3702E-01 -0.1756E-01 -0.1788E-01 -0.3561E-03 -0.2454E-03  0.2496E-03     0.1122E+04 -0.1023E+03 -0.1463E+03  0.3290E+02  0.1550E+02 -0.2032E+02     0.0000E+00  0.0000E+00  0.0000E+00     0.3400E+00
  0.3751E-01 -0.1780E-01 -0.1812E-01 -0.3596E-03 -0.2478E-03  0.2500E-03     0.1124E+04 -0.1023E+03 -0.1467E+03  0.3305E+02  0.1550E+02 -0.2035E+02     0.0000E+00  0.0000E+00  0.0000E+00     0.3400E+00
  0.3800E-01 -0.1804E-01 -0.1837E-01 -0.3629E-03 -0.2496E-03  0.2501E-03     0.1127E+04 -0.1023E+03 -0.1470E+03  0.3320E+02  0.1549E+02 -0.2037E+02     0.0000E+00  0.0000E+00  0.0000E+00     0.3400E+00
  0.3849E-01 -0.1828E-01 -0.1862E-01 -0.3664E-03 -0.2515E-03  0.2504E-03     0.1130E+04 -0.1023E+03 -0.1473E+03  0.3334E+02  0.1548E+02 -0.2039E+02     0.0000E+00  0.0000E+00  0.0000E+00     0.3400E+00
  0.3898E-01 -0.1852E-01 -0.1887E-01 -0.3697E-03 -0.2532E-03  0.2507E-03     0.1132E+04 -0.1023E+03 -0.1476E+03  0.3348E+02  0.1548E+02 -0.2041E+02     0.0000E+00  0.0000E+00  0.0000E+00     0.3400E+00
  0.3947E-01 -0.1875E-01 -0.1912E-01 -0.3728E-03 -0.2544E-03  0.2510E-03     0.1135E+04 -0.1023E+03 -0.1480E+03  0.3363E+02  0.1548E+02 -0.2042E+02     0.0000E+00  0.0000E+00  0.0000E+00     0.3400E+00
  0.3996E-01 -0.1899E-01 -0.1936E-01 -0.3761E-03 -0.2553E-03  0.2512E-03     0.1138E+04 -0.1023E+03 -0.1483E+03  0.3378E+02  0.1547E+02 -0.2044E+02     0.0000E+00  0.0000E+00  0.0000E+00     0.3400E+00
  0.4046E-01 -0.1923E-01 -0.1961E-01 -0.3780E-03 -0.2558E-03  0.2512E-03     0.1140E+04 -0.1023E+03 -0.1485E+03  0.3391E+02  0.1545E+02 -0.2046E+02     0.0000E+00  0.0000E+00  0.0000E+00     0.3400E+00
  0.4095E-01 -0.1947E-01 -0.1987E-01 -0.3800E-03 -0.2564E-03  0.2514E-03     0.1143E+04 -0.1023E+03 -0.1488E+03  0.3403E+02  0.1543E+02 -0.2048E+02     0.0000E+00  0.0000E+00  0.0000E+00     0.3400E+00
  0.4144E-01 -0.1970E-01 -0.2012E-01 -0.3809E-03 -0.2574E-03  0.2506E-03     0.1145E+04 -0.1023E+03 -0.1491E+03  0.3413E+02  0.1541E+02 -0.2046E+02     0.0000E+00  0.0000E+00  0.0000E+00     0.3400E+00
  0.4193E-01 -0.1994E-01 -0.2037E-01 -0.3819E-03 -0.2583E-03  0.2499E-03     0.1148E+04 -0.1023E+03 -0.1493E+03  0.3423E+02  0.1540E+02 -0.2044E+02     0.0000E+00  0.0000E+00  0.0000E+00     0.3400E+00
  0.4242E-01 -0.2018E-01 -0.2062E-01 -0.3830E-03 -0.2594E-03  0.2493E-03     0.1150E+04 -0.1023E+03 -0.1496E+03  0.3432E+02  0.1538E+02 -0.2042E+02     0.0000E+00  0.0000E+00  0.0000E+00     0.3400E+00
  0.4291E-01 -0.2041E-01 -0.2087E-01 -0.3840E-03 -0.2604E-03  0.2487E-03     0.1153E+04 -0.1023E+03 -0.1499E+03  0.3441E+02  0.1537E+02 -0.2040E+02     0.0000E+00  0.0000E+00  0.0000E+00     0.3400E+00
  0.4340E-01 -0.2065E-01 -0.2112E-01 -0.3847E-03 -0.2615E-03  0.2482E-03     0.1155E+04 -0.1023E+03 -0.1501E+03  0.3450E+02  0.1536E+02 -0.2039E+02     0.0000E+00  0.0000E+00  0.0000E+00     0.3400E+00
  0.4389E-01 -0.2088E-01 -0.2137E-01 -0.3857E-03 -0.2627E-03  0.2479E-03     0.1157E+04 -0.1023E+03 -0.1504E+03  0.3459E+02  0.1535E+02 -0.2038E+02     0.0000E+00  0.0000E+00  0.0000E+00     0.3400E+00
  0.4439E-01 -0.2112E-01 -0.2162E-01 -0.3863E-03 -0.2639E-03  0.2472E-03     0.1160E+04 -0.1024E+03 -0.1506E+03  0.3467E+02  0.1535E+02 -0.2036E+02     0.0000E+00  0.0000E+00  0.0000E+00     0.3400E+00
  0.4488E-01 -0.2135E-01 -0.2188E-01 -0.3871E-03 -0.2651E-03  0.2464E-03     0.1162E+04 -0.1024E+03 -0.1509E+03  0.3474E+02  0.1536E+02 -0.2033E+02     0.0000E+00  0.0000E+00  0.0000E+00     0.3400E+00
  0.4537E-01 -0.2158E-01 -0.2213E-01 -0.3878E-03 -0.2664E-03  0.2455E-03     0.1164E+04 -0.1024E+03 -0.1511E+03  0.3481E+02  0.1536E+02 -0.2031E+02     0.0000E+00  0.0000E+00  0.0000E+00     0.3400E+00
  0.4586E-01 -0.2182E-01 -0.2238E-01 -0.3887E-03 -0.2675E-03  0.2446E-03     0.1167E+04 -0.1024E+03 -0.1514E+03  0.3488E+02  0.1536E+02 -0.2029E+02     0.0000E+00  0.0000E+00  0.0000E+00     0.3400E+00
  0.4634E-01 -0.2205E-01 -0.2264E-01 -0.3895E-03 -0.2685E-03  0.2441E-03     0.1169E+04 -0.1024E+03 -0.1516E+03  0.3496E+02  0.1536E+02 -0.2028E+02     0.0000E+00  0.0000E+00  0.0000E+00     0.3400E+00
  0.4683E-01 -0.2228E-01 -0.2289E-01 -0.3903E-03 -0.2695E-03  0.2435E-03     0.1171E+04 -0.1025E+03 -0.1519E+03  0.3503E+02  0.1536E+02 -0.2027E+02     0.0000E+00  0.0000E+00  0.0000E+00     0.3400E+00
  0.4732E-01 -0.2251E-01 -0.2314E-01 -0.3909E-03 -0.2705E-03  0.2427E-03     0.1174E+04 -0.1025E+03 -0.1521E+03  0.3509E+02  0.1536E+02 -0.2026E+02     0.0000E+00  0.0000E+00  0.0000E+00     0.3400E+00
  0.4781E-01 -0.2274E-01 -0.2340E-01 -0.3923E-03 -0.2713E-03  0.2416E-03     0.1176E+04 -0.1025E+03 -0.1524E+03  0.3517E+02  0.1536E+02 -0.2023E+02     0.0000E+00  0.0000E+00  0.0000E+00     0.3400E+00
  0.4830E-01 -0.2297E-01 -0.2365E-01 -0.3940E-03 -0.2719E-03  0.2408E-03     0.1178E+04 -0.1025E+03 -0.1526E+03  0.3523E+02  0.1537E+02 -0.2021E+02     0.0000E+00  0.0000E+00  0.0000E+00     0.3400E+00
  0.4879E-01 -0.2321E-01 -0.2390E-01 -0.3955E-03 -0.2726E-03  0.2398E-03     0.1180E+04 -0.1025E+03 -0.1529E+03  0.3530E+02  0.1537E+02 -0.2019E+02     0.0000E+00  0.0000E+00  0.0000E+00     0.3400E+00
  0.4927E-01 -0.2344E-01 -0.2416E-01 -0.3970E-03 -0.2734E-03  0.2388E-03     0.1182E+04 -0.1026E+03 -0.1531E+03  0.3537E+02  0.1537E+02 -0.2016E+02     0.0000E+00  0.0000E+00  0.0000E+00     0.3400E+00
  0.4976E-01 -0.2367E-01 -0.2441E-01 -0.3985E-03 -0.2740E-03  0.2378E-03     0.1185E+04 -0.1026E+03 -0.1534E+03  0.3544E+02  0.1538E+02 -0.2014E+02     0.0000E+00  0.0000E+00  0.0000E+00     0.3400E+00
  0.5025E-01 -0.2390E-01 -0.2466E-01 -0.3994E-03 -0.2747E-03  0.2364E-03     0.1187E+04 -0.1026E+03 -0.1536E+03  0.3550E+02  0.1539E+02 -0.2012E+02     0.0000E+00  0.0000E+00  0.0000E+00     0.3400E+00
  0.5073E-01 -0.2413E-01 -0.2492E-01 -0.4005E-03 -0.2755E-03  0.2352E-03     0.1189E+04 -0.1026E+03 -0.1538E+03  0.3555E+02  0.1540E+02 -0.2009E+02     0.0000E+00  0.0000E+00  0.0000E+00     0.3400E+00
  0.5122E-01 -0.2436E-01 -0.2517E-01 -0.4015E-03 -0.2764E-03  0.2338E-03     0.1191E+04 -0.1027E+03 -0.1541E+03  0.3560E+02  0.1542E+02 -0.2006E+02     0.0000E+00  0.0000E+00  0.0000E+00     0.3400E+00
  0.5170E-01 -0.2459E-01 -0.2542E-01 -0.4022E-03 -0.2771E-03  0.2327E-03     0.1193E+04 -0.1027E+03 -0.1543E+03  0.3565E+02  0.1542E+02 -0.2004E+02     0.0000E+00  0.0000E+00  0.0000E+00     0.3400E+00
  0.5219E-01 -0.2481E-01 -0.2567E-01 -0.4033E-03 -0.2780E-03  0.2320E-03     0.1195E+04 -0.1027E+03 -0.1546E+03  0.3570E+02  0.1544E+02 -0.2004E+02     0.0000E+00  0.0000E+00  0.0000E+00     0.3400E+00
  0.5267E-01 -0.2504E-01 -0.2593E-01 -0.4043E-03 -0.2790E-03  0.2313E-03     0.1197E+04 -0.1028E+03 -0.1548E+03  0.3576E+02  0.1545E+02 -0.2003E+02     0.0000E+00  0.0000E+00  0.0000E+00     0.3400E+00
  0.5316E-01 -0.2527E-01 -0.2618E-01 -0.4054E-03 -0.2799E-03  0.2308E-03     0.1199E+04 -0.1028E+03 -0.1550E+03  0.3581E+02  0.1546E+02 -0.2002E+02     0.0000E+00  0.0000E+00  0.0000E+00     0.3400E+00
  0.5364E-01 -0.2550E-01 -0.2643E-01 -0.4065E-03 -0.2808E-03  0.2303E-03     0.1201E+04 -0.1028E+03 -0.1553E+03  0.3586E+02  0.1548E+02 -0.2002E+02     0.0000E+00  0.0000E+00  0.0000E+00     0.3400E+00
  0.5412E-01 -0.2572E-01 -0.2669E-01 -0.4071E-03 -0.2814E-03  0.2294E-03     0.1203E+04 -0.1028E+03 -0.1555E+03  0.3591E+02  0.1549E+02 -0.2000E+02     0.0000E+00  0.0000E+00  0.0000E+00     0.3400E+00
  0.5461E-01 -0.2595E-01 -0.2694E-01 -0.4076E-03 -0.2820E-03  0.2285E-03     0.1205E+04 -0.1029E+03 -0.1557E+03  0.3596E+02  0.1551E+02 -0.1998E+02     0.0000E+00  0.0000E+00  0.0000E+00     0.3400E+00
  0.5509E-01 -0.2618E-01 -0.2720E-01 -0.4078E-03 -0.2826E-03  0.2275E-03     0.1207E+04 -0.1029E+03 -0.1560E+03  0.3600E+02  0.1552E+02 -0.1997E+02     0.0000E+00  0.0000E+00  0.0000E+00     0.3400E+00
  0.5557E-01 -0.2640E-01 -0.2745E-01 -0.4079E-03 -0.2834E-03  0.2263E-03     0.1209E+04 -0.1030E+03 -0.1562E+03  0.3605E+02  0.1554E+02 -0.1995E+02     0.0000E+00  0.0000E+00  0.0000E+00     0.3400E+00
  0.5606E-01 -0.2663E-01 -0.2771E-01 -0.4080E-03 -0.2842E-03  0.2252E-03     0.1211E+04 -0.1030E+03 -0.1564E+03  0.3609E+02  0.1555E+02 -0.1993E+02     0.0000E+00  0.0000E+00  0.0000E+00     0.3400E+00
  0.5654E-01 -0.2685E-01 -0.2796E-01 -0.4084E-03 -0.2850E-03  0.2240E-03     0.1213E+04 -0.1030E+03 -0.1567E+03  0.3613E+02  0.1557E+02 -0.1992E+02     0.0000E+00  0.0000E+00  0.0000E+00     0.3400E+00
  0.5702E-01 -0.2707E-01 -0.2822E-01 -0.4087E-03 -0.2857E-03  0.2230E-03     0.1215E+04 -0.1031E+03 -0.1569E+03  0.3617E+02  0.1559E+02 -0.1990E+02     0.0000E+00  0.0000E+00  0.0000E+00     0.3400E+00
  0.5750E-01 -0.2730E-01 -0.2847E-01 -0.4088E-03 -0.2865E-03  0.2219E-03     0.1217E+04 -0.1031E+03 -0.1571E+03  0.3621E+02  0.1560E+02 -0.1989E+02     0.0000E+00  0.0000E+00  0.0000E+00     0.3400E+00
  0.5798E-01 -0.2752E-01 -0.2873E-01 -0.4083E-03 -0.2867E-03  0.2204E-03     0.1219E+04 -0.1031E+03 -0.1573E+03  0.3624E+02  0.1562E+02 -0.1987E+02     0.0000E+00  0.0000E+00  0.0000E+00     0.3400E+00
  0.5846E-01 -0.2774E-01 -0.2898E-01 -0.4077E-03 -0.2869E-03  0.2190E-03     0.1220E+04 -0.1032E+03 -0.1576E+03  0.3628E+02  0.1563E+02 -0.1986E+02     0.0000E+00  0.0000E+00  0.0000E+00     0.3400E+00
  0.5894E-01 -0.2796E-01 -0.2924E-01 -0.4074E-03 -0.2871E-03  0.2175E-03     0.1222E+04 -0.1032E+03 -0.1578E+03  0.3631E+02  0.1564E+02 -0.1984E+02     0.0000E+00  0.0000E+00  0.0000E+00     0.3400E+00
  0.5942E-01 -0.2819E-01 -0.2949E-01 -0.4068E-03 -0.2872E-03  0.2162E-03     0.1224E+04 -0.1033E+03 -0.1580E+03  0.3634E+02  0.1565E+02 -0.1983E+02     0.0000E+00  0.0000E+00  0.0000E+00     0.3400E+00
  0.5990E-01 -0.2841E-01 -0.2975E-01 -0.4064E-03 -0.2873E-03  0.2150E-03     0.1226E+04 -0.1033E+03 -0.1582E+03  0.3637E+02  0.1567E+02 -0.1981E+02     0.0000E+00  0.0000E+00  0.0000E+00     0.3400E+00
  0.6038E-01 -0.2863E-01 -0.3000E-01 -0.4061E-03 -0.2875E-03  0.2137E-03     0.1228E+04 -0.1033E+03 -0.1584E+03  0.3640E+02  0.1568E+02 -0.1980E+02     0.0000E+00  0.0000E+00  0.0000E+00     0.3400E+00
  0.6086E-01 -0.2885E-01 -0.3026E-01 -0.4057E-03 -0.2876E-03  0.2125E-03     0.1230E+04 -0.1034E+03 -0.1587E+03  0.3643E+02  0.1570E+02 -0.1978E+02     0.0000E+00  0.0000E+00  0.0000E+00     0.3400E+00
  0.6134E-01 -0.2907E-01 -0.3051E-01 -0.4051E-03 -0.2880E-03  0.2113E-03     0.1231E+04 -0.1034E+03 -0.1589E+03  0.3646E+02  0.1571E+02 -0.1977E+02     0.0000E+00  0.0000E+00  0.0000E+00     0.3400E+00
  0.6182E-01 -0.2929E-01 -0.3077E-01 -0.4046E-03 -0.2884E-03  0.2100E-03     0.1233E+04 -0.1034E+03 -0.1591E+03  0.3649E+02  0.1573E+02 -0.1976E+02     0.0000E+00  0.0000E+00  0.0000E+00     0.3400E+00
  0.6230E-01 -0.2951E-01 -0.3103E-01 -0.4042E-03 -0.2887E-03  0.2088E-03     0.1235E+04 -0.1035E+03 -0.1593E+03  0.3652E+02  0.1575E+02 -0.1975E+02     0.0000E+00  0.0000E+00  0.0000E+00     0.3400E+00
  0.6277E-01 -0.2973E-01 -0.3128E-01 -0.4043E-03 -0.2892E-03  0.2078E-03     0.1237E+04 -0.1035E+03 -0.1596E+03  0.3656E+02  0.1577E+02 -0.1974E+02     0.0000E+00  0.0000E+00  0.0000E+00     0.3400E+00
  0.6325E-01 -0.2995E-01 -0.3154E-01 -0.4043E-03 -0.2898E-03  0.2070E-03     0.1238E+04 -0.1036E+03 -0.1598E+03  0.3659E+02  0.1579E+02 -0.1973E+02     0.0000E+00  0.0000E+00  0.0000E+00     0.3400E+00
  0.6373E-01 -0.3017E-01 -0.3179E-01 -0.4035E-03 -0.2903E-03  0.2063E-03     0.1240E+04 -0.1036E+03 -0.1600E+03  0.3661E+02  0.1580E+02 -0.1973E+02     0.0000E+00  0.0000E+00  0.0000E+00     0.3400E+00
  0.6420E-01 -0.3039E-01 -0.3204E-01 -0.4029E-03 -0.2907E-03  0.2056E-03     0.1242E+04 -0.1036E+03 -0.1602E+03  0.3664E+02  0.1582E+02 -0.1973E+02     0.0000E+00  0.0000E+00  0.0000E+00     0.3400E+00
  0.6468E-01 -0.3061E-01 -0.3230E-01 -0.4024E-03 -0.2913E-03  0.2049E-03     0.1244E+04 -0.1037E+03 -0.1604E+03  0.3666E+02  0.1583E+02 -0.1974E+02     0.0000E+00  0.0000E+00  0.0000E+00     0.3400E+00
  0.6516E-01 -0.3082E-01 -0.3255E-01 -0.4018E-03 -0.2919E-03  0.2042E-03     0.1245E+04 -0.1037E+03 -0.1606E+03  0.3668E+02  0.1585E+02 -0.1974E+02     0.0000E+00  0.0000E+00  0.0000E+00     0.3400E+00
  0.6563E-01 -0.3104E-01 -0.3281E-01 -0.4013E-03 -0.2925E-03  0.2036E-03     0.1247E+04 -0.1037E+03 -0.1609E+03  0.3671E+02  0.1586E+02 -0.1974E+02     0.0000E+00  0.0000E+00  0.0000E+00     0.3400E+00
  0.6611E-01 -0.3126E-01 -0.3306E-01 -0.4007E-03 -0.2931E-03  0.2030E-03     0.1249E+04 -0.1038E+03 -0.1611E+03  0.3673E+02  0.1588E+02 -0.1975E+02     0.0000E+00  0.0000E+00  0.0000E+00     0.3400E+00
  0.6658E-01 -0.3148E-01 -0.3332E-01 -0.3999E-03 -0.2936E-03  0.2023E-03     0.1250E+04 -0.1038E+03 -0.1613E+03  0.3676E+02  0.1589E+02 -0.1976E+02     0.0000E+00  0.0000E+00  0.0000E+00     0.3400E+00
  0.6705E-01 -0.3170E-01 -0.3357E-01 -0.3992E-03 -0.2942E-03  0.2018E-03     0.1252E+04 -0.1039E+03 -0.1615E+03  0.3678E+02  0.1591E+02 -0.1976E+02     0.0000E+00  0.0000E+00  0.0000E+00     0.3400E+00
  0.6753E-01 -0.3191E-01 -0.3382E-01 -0.3985E-03 -0.2951E-03  0.2011E-03     0.1253E+04 -0.1039E+03 -0.1617E+03  0.3681E+02  0.1593E+02 -0.1977E+02     0.0000E+00  0.0000E+00  0.0000E+00     0.3400E+00
  0.6800E-01 -0.3213E-01 -0.3407E-01 -0.3976E-03 -0.2960E-03  0.2008E-03     0.1255E+04 -0.1039E+03 -0.1619E+03  0.3683E+02  0.1595E+02 -0.1978E+02     0.0000E+00  0.0000E+00  0.0000E+00     0.3400E+00
  0.6847E-01 -0.3235E-01 -0.3433E-01 -0.3965E-03 -0.2970E-03  0.2006E-03     0.1257E+04 -0.1040E+03 -0.1621E+03  0.3686E+02  0.1597E+02 -0.1978E+02     0.0000E+00  0.0000E+00  0.0000E+00     0.3400E+00
  0.6894E-01 -0.3257E-01 -0.3458E-01 -0.3956E-03 -0.2981E-03  0.2005E-03     0.1258E+04 -0.1040E+03 -0.1623E+03  0.3688E+02  0.1598E+02 -0.1980E+02     0.0000E+00  0.0000E+00  0.0000E+00     0.3400E+00
  0.6942E-01 -0.3279E-01 -0.3483E-01 -0.3949E-03 -0.2990E-03  0.2004E-03     0.1260E+04 -0.1040E+03 -0.1626E+03  0.3691E+02  0.1600E+02 -0.1981E+02     0.0000E+00  0.0000E+00  0.0000E+00     0.3400E+00
  0.6989E-01 -0.3300E-01 -0.3508E-01 -0.3939E-03 -0.3000E-03  0.2004E-03     0.1261E+04 -0.1041E+03 -0.1628E+03  0.3693E+02  0.1601E+02 -0.1982E+02     0.0000E+00  0.0000E+00  0.0000E+00     0.3400E+00
  0.7036E-01 -0.3322E-01 -0.3533E-01 -0.3931E-03 -0.3008E-03  0.2002E-03     0.1263E+04 -0.1041E+03 -0.1630E+03  0.3696E+02  0.1603E+02 -0.1984E+02     0.0000E+00  0.0000E+00  0.0000E+00     0.3400E+00
  0.7083E-01 -0.3343E-01 -0.3559E-01 -0.3923E-03 -0.3017E-03  0.2002E-03     0.1264E+04 -0.1041E+03 -0.1632E+03  0.3698E+02  0.1605E+02 -0.1985E+02     0.0000E+00  0.0000E+00  0.0000E+00     0.3400E+00
  0.7130E-01 -0.3365E-01 -0.3584E-01 -0.3915E-03 -0.3026E-03  0.2003E-03     0.1266E+04 -0.1041E+03 -0.1634E+03  0.3701E+02  0.1607E+02 -0.1987E+02     0.0000E+00  0.0000E+00  0.0000E+00     0.3400E+00
  0.7177E-01 -0.3387E-01 -0.3609E-01 -0.3905E-03 -0.3038E-03  0.2004E-03     0.1267E+04 -0.1042E+03 -0.1636E+03  0.3703E+02  0.1608E+02 -0.1988E+02     0.0000E+00  0.0000E+00  0.0000E+00     0.3400E+00
  0.7224E-01 -0.3408E-01 -0.3634E-01 -0.3896E-03 -0.3048E-03  0.2004E-03     0.1269E+04 -0.1042E+03 -0.1638E+03  0.3706E+02  0.1610E+02 -0.1989E+02     0.0000E+00  0.0000E+00  0.0000E+00     0.3400E+00
  0.7271E-01 -0.3430E-01 -0.3660E-01 -0.3887E-03 -0.3059E-03  0.2006E-03     0.1270E+04 -0.1042E+03 -0.1640E+03  0.3708E+02  0.1612E+02 -0.1991E+02     0.0000E+00  0.0000E+00  0.0000E+00     0.3400E+00
  0.7318E-01 -0.3451E-01 -0.3685E-01 -0.3879E-03 -0.3070E-03  0.2007E-03     0.1272E+04 -0.1043E+03 -0.1642E+03  0.3710E+02  0.1614E+02 -0.1992E+02     0.0000E+00  0.0000E+00  0.0000E+00     0.3400E+00
  0.7364E-01 -0.3472E-01 -0.3710E-01 -0.3869E-03 -0.3082E-03  0.2010E-03     0.1273E+04 -0.1043E+03 -0.1644E+03  0.3712E+02  0.1615E+02 -0.1993E+02     0.0000E+00  0.0000E+00  0.0000E+00     0.3400E+00
  0.7411E-01 -0.3494E-01 -0.3735E-01 -0.3859E-03 -0.3093E-03  0.2009E-03     0.1275E+04 -0.1043E+03 -0.1646E+03  0.3715E+02  0.1617E+02 -0.1995E+02     0.0000E+00  0.0000E+00  0.0000E+00     0.3400E+00
  0.7458E-01 -0.3515E-01 -0.3760E-01 -0.3851E-03 -0.3104E-03  0.2009E-03     0.1276E+04 -0.1044E+03 -0.1648E+03  0.3717E+02  0.1619E+02 -0.1996E+02     0.0000E+00  0.0000E+00  0.0000E+00     0.3400E+00
  0.7505E-01 -0.3536E-01 -0.3786E-01 -0.3843E-03 -0.3116E-03  0.2010E-03     0.1278E+04 -0.1044E+03 -0.1650E+03  0.3719E+02  0.1621E+02 -0.1998E+02     0.0000E+00  0.0000E+00  0.0000E+00     0.3400E+00
  0.7551E-01 -0.3557E-01 -0.3811E-01 -0.3834E-03 -0.3127E-03  0.2011E-03     0.1279E+04 -0.1044E+03 -0.1652E+03  0.3722E+02  0.1622E+02 -0.1999E+02     0.0000E+00  0.0000E+00  0.0000E+00     0.3400E+00
  0.7598E-01 -0.3578E-01 -0.3837E-01 -0.3826E-03 -0.3137E-03  0.2009E-03     0.1281E+04 -0.1045E+03 -0.1654E+03  0.3724E+02  0.1624E+02 -0.2001E+02     0.0000E+00  0.0000E+00  0.0000E+00     0.3400E+00
  0.7644E-01 -0.3599E-01 -0.3862E-01 -0.3818E-03 -0.3149E-03  0.2010E-03     0.1282E+04 -0.1045E+03 -0.1656E+03  0.3726E+02  0.1626E+02 -0.2003E+02     0.0000E+00  0.0000E+00  0.0000E+00     0.3400E+00
  0.7691E-01 -0.3620E-01 -0.3887E-01 -0.3812E-03 -0.3164E-03  0.2013E-03     0.1283E+04 -0.1045E+03 -0.1658E+03  0.3729E+02  0.1628E+02 -0.2005E+02     0.0000E+00  0.0000E+00  0.0000E+00     0.3400E+00
  0.7738E-01 -0.3641E-01 -0.3913E-01 -0.3804E-03 -0.3179E-03  0.2017E-03     0.1285E+04 -0.1045E+03 -0.1660E+03  0.3731E+02  0.1630E+02 -0.2007E+02     0.0000E+00  0.0000E+00  0.0000E+00     0.3400E+00
  0.7784E-01 -0.3662E-01 -0.3938E-01 -0.3799E-03 -0.3194E-03  0.2018E-03     0.1286E+04 -0.1046E+03 -0.1662E+03  0.3734E+02  0.1632E+02 -0.2009E+02     0.0000E+00  0.0000E+00  0.0000E+00     0.3400E+00
  0.7830E-01 -0.3683E-01 -0.3963E-01 -0.3793E-03 -0.3209E-03  0.2022E-03     0.1288E+04 -0.1046E+03 -0.1664E+03  0.3736E+02  0.1633E+02 -0.2012E+02     0.0000E+00  0.0000E+00  0.0000E+00     0.3400E+00
  0.7877E-01 -0.3704E-01 -0.3988E-01 -0.3787E-03 -0.3224E-03  0.2025E-03     0.1289E+04 -0.1046E+03 -0.1666E+03  0.3738E+02  0.1635E+02 -0.2014E+02     0.0000E+00  0.0000E+00  0.0000E+00     0.3400E+00
  0.7923E-01 -0.3725E-01 -0.4014E-01 -0.3780E-03 -0.3237E-03  0.2029E-03     0.1290E+04 -0.1047E+03 -0.1668E+03  0.3741E+02  0.1637E+02 -0.2016E+02     0.0000E+00  0.0000E+00  0.0000E+00     0.3400E+00
  0.7969E-01 -0.3745E-01 -0.4039E-01 -0.3772E-03 -0.3251E-03  0.2031E-03     0.1292E+04 -0.1047E+03 -0.1670E+03  0.3743E+02  0.1639E+02 -0.2018E+02     0.0000E+00  0.0000E+00  0.0000E+00     0.3400E+00
  0.8015E-01 -0.3766E-01 -0.4064E-01 -0.3761E-03 -0.3264E-03  0.2037E-03     0.1293E+04 -0.1047E+03 -0.1672E+03  0.3745E+02  0.1641E+02 -0.2021E+02     0.0000E+00  0.0000E+00  0.0000E+00     0.3400E+00
  0.8062E-01 -0.3787E-01 -0.4089E-01 -0.3752E-03 -0.3277E-03  0.2042E-03     0.1294E+04 -0.1047E+03 -0.1674E+03  0.3747E+02  0.1642E+02 -0.2024E+02     0.0000E+00  0.0000E+00  0.0000E+00     0.3400E+00
  0.8108E-01 -0.3808E-01 -0.4114E-01 -0.3742E-03 -0.3289E-03  0.2048E-03     0.1296E+04 -0.1048E+03 -0.1676E+03  0.3749E+02  0.1644E+02 -0.2026E+02     0.0000E+00  0.0000E+00  0.0000E+00     0.3400E+00
  0.8154E-01 -0.3828E-01 -0.4140E-01 -0.3731E-03 -0.3301E-03  0.2053E-03     0.1297E+04 -0.1048E+03 -0.1678E+03  0.3751E+02  0.1646E+02 -0.2029E+02     0.0000E+00  0.0000E+00  0.0000E+00     0.3400E+00
  0.8200E-01 -0.3849E-01 -0.4165E-01 -0.3722E-03 -0.3316E-03  0.2058E-03     0.1298E+04 -0.1048E+03 -0.1680E+03  0.3753E+02  0.1648E+02 -0.2032E+02     0.0000E+00  0.0000E+00  0.0000E+00     0.3400E+00
  0.8246E-01 -0.3869E-01 -0.4190E-01 -0.3713E-03 -0.3332E-03  0.2064E-03     0.1299E+04 -0.1048E+03 -0.1681E+03  0.3755E+02  0.1650E+02 -0.2034E+02     0.0000E+00  0.0000E+00  0.0000E+00     0.3400E+00
  0.8292E-01 -0.3890E-01 -0.4216E-01 -0.3706E-03 -0.3347E-03  0.2070E-03     0.1301E+04 -0.1049E+03 -0.1683E+03  0.3757E+02  0.1651E+02 -0.2037E+02     0.0000E+00  0.0000E+00  0.0000E+00     0.3400E+00
  0.8338E-01 -0.3910E-01 -0.4241E-01 -0.3696E-03 -0.3363E-03  0.2076E-03     0.1302E+04 -0.1049E+03 -0.1685E+03  0.3759E+02  0.1653E+02 -0.2040E+02     0.0000E+00  0.0000E+00  0.0000E+00     0.3400E+00
  0.8384E-01 -0.3931E-01 -0.4267E-01 -0.3683E-03 -0.3380E-03  0.2081E-03     0.1303E+04 -0.1049E+03 -0.1687E+03  0.3760E+02  0.1655E+02 -0.2042E+02     0.0000E+00  0.0000E+00  0.0000E+00     0.3400E+00
  0.8430E-01 -0.3951E-01 -0.4292E-01 -0.3671E-03 -0.3397E-03  0.2086E-03     0.1305E+04 -0.1050E+03 -0.1689E+03  0.3762E+02  0.1657E+02 -0.2045E+02     0.0000E+00  0.0000E+00  0.0000E+00     0.3400E+00
  0.8476E-01 -0.3971E-01 -0.4318E-01 -0.3658E-03 -0.3414E-03  0.2093E-03     0.1306E+04 -0.1050E+03 -0.1691E+03  0.3763E+02  0.1659E+02 -0.2048E+02     0.0000E+00  0.0000E+00  0.0000E+00     0.3400E+00
  0.8521E-01 -0.3991E-01 -0.4343E-01 -0.3647E-03 -0.3429E-03  0.2097E-03     0.1307E+04 -0.1050E+03 -0.1692E+03  0.3764E+02  0.1661E+02 -0.2050E+02     0.0000E+00  0.0000E+00  0.0000E+00     0.3400E+00
  0.8567E-01 -0.4011E-01 -0.4369E-01 -0.3637E-03 -0.3446E-03  0.2103E-03     0.1308E+04 -0.1050E+03 -0.1694E+03  0.3766E+02  0.1663E+02 -0.2053E+02     0.0000E+00  0.0000E+00  0.0000E+00     0.3400E+00
  0.8613E-01 -0.4031E-01 -0.4394E-01 -0.3627E-03 -0.3462E-03  0.2110E-03     0.1310E+04 -0.1051E+03 -0.1696E+03  0.3767E+02  0.1664E+02 -0.2056E+02     0.0000E+00  0.0000E+00  0.0000E+00     0.3400E+00
  0.8658E-01 -0.4051E-01 -0.4419E-01 -0.3620E-03 -0.3478E-03  0.2117E-03     0.1311E+04 -0.1051E+03 -0.1698E+03  0.3769E+02  0.1666E+02 -0.2059E+02     0.0000E+00  0.0000E+00  0.0000E+00     0.3400E+00
  0.8704E-01 -0.4071E-01 -0.4445E-01 -0.3609E-03 -0.3494E-03  0.2122E-03     0.1312E+04 -0.1051E+03 -0.1700E+03  0.3770E+02  0.1668E+02 -0.2062E+02     0.0000E+00  0.0000E+00  0.0000E+00     0.3400E+00
  0.8750E-01 -0.4091E-01 -0.4470E-01 -0.3597E-03 -0.3511E-03  0.2128E-03     0.1313E+04 -0.1051E+03 -0.1701E+03  0.3772E+02  0.1669E+02 -0.2065E+02     0.0000E+00  0.0000E+00  0.0000E+00     0.3400E+00
  0.8795E-01 -0.4111E-01 -0.4496E-01 -0.3590E-03 -0.3527E-03  0.2132E-03     0.1314E+04 -0.1052E+03 -0.1703E+03  0.3773E+02  0.1671E+02 -0.2068E+02     0.0000E+00  0.0000E+00  0.0000E+00     0.3400E+00
  0.8840E-01 -0.4131E-01 -0.4521E-01 -0.3583E-03 -0.3543E-03  0.2136E-03     0.1316E+04 -0.1052E+03 -0.1705E+03  0.3774E+02  0.1673E+02 -0.2071E+02     0.0000E+00  0.0000E+00  0.0000E+00     0.3400E+00
  0.8886E-01 -0.4151E-01 -0.4546E-01 -0.3574E-03 -0.3560E-03  0.2141E-03     0.1317E+04 -0.1052E+03 -0.1707E+03  0.3776E+02  0.1674E+02 -0.2074E+02     0.0000E+00  0.0000E+00  0.0000E+00     0.3400E+00
  0.8931E-01 -0.4171E-01 -0.4572E-01 -0.3564E-03 -0.3579E-03  0.2147E-03     0.1318E+04 -0.1052E+03 -0.1708E+03  0.3777E+02  0.1675E+02 -0.2077E+02     0.0000E+00  0.0000E+00  0.0000E+00     0.3400E+00
  0.8977E-01 -0.4191E-01 -0.4597E-01 -0.3556E-03 -0.3597E-03  0.2152E-03     0.1319E+04 -0.1053E+03 -0.1710E+03  0.3779E+02  0.1677E+02 -0.2080E+02     0.0000E+00  0.0000E+00  0.0000E+00     0.3400E+00
  0.9022E-01 -0.4210E-01 -0.4623E-01 -0.3549E-03 -0.3617E-03  0.2154E-03     0.1320E+04 -0.1053E+03 -0.1712E+03  0.3781E+02  0.1679E+02 -0.2082E+02     0.0000E+00  0.0000E+00  0.0000E+00     0.3400E+00
  0.9068E-01 -0.4230E-01 -0.4648E-01 -0.3541E-03 -0.3637E-03  0.2157E-03     0.1321E+04 -0.1053E+03 -0.1714E+03  0.3783E+02  0.1680E+02 -0.2085E+02     0.0000E+00  0.0000E+00  0.0000E+00     0.3400E+00
  0.9113E-01 -0.4250E-01 -0.4673E-01 -0.3533E-03 -0.3657E-03  0.2159E-03     0.1323E+04 -0.1053E+03 -0.1715E+03  0.3785E+02  0.1682E+02 -0.2088E+02     0.0000E+00  0.0000E+00  0.0000E+00     0.3400E+00
  0.9158E-01 -0.4270E-01 -0.4699E-01 -0.3524E-03 -0.3678E-03  0.2162E-03     0.1324E+04 -0.1053E+03 -0.1717E+03  0.3787E+02  0.1683E+02 -0.2090E+02     0.0000E+00  0.0000E+00  0.0000E+00     0.3400E+00
  0.9203E-01 -0.4289E-01 -0.4724E-01 -0.3516E-03 -0.3700E-03  0.2167E-03     0.1325E+04 -0.1054E+03 -0.1719E+03  0.3788E+02  0.1685E+02 -0.2093E+02     0.0000E+00  0.0000E+00  0.0000E+00     0.3400E+00
  0.9248E-01 -0.4309E-01 -0.4749E-01 -0.3510E-03 -0.3721E-03  0.2172E-03     0.1326E+04 -0.1054E+03 -0.1720E+03  0.3790E+02  0.1687E+02 -0.2096E+02     0.0000E+00  0.0000E+00  0.0000E+00     0.3400E+00
  0.9293E-01 -0.4329E-01 -0.4774E-01 -0.3507E-03 -0.3742E-03  0.2178E-03     0.1327E+04 -0.1054E+03 -0.1722E+03  0.3792E+02  0.1688E+02 -0.2099E+02     0.0000E+00  0.0000E+00  0.0000E+00     0.3400E+00
  0.9339E-01 -0.4348E-01 -0.4800E-01 -0.3506E-03 -0.3763E-03  0.2183E-03     0.1328E+04 -0.1054E+03 -0.1724E+03  0.3793E+02  0.1690E+02 -0.2102E+02     0.0000E+00  0.0000E+00  0.0000E+00     0.3400E+00
  0.9384E-01 -0.4368E-01 -0.4825E-01 -0.3503E-03 -0.3783E-03  0.2188E-03     0.1329E+04 -0.1055E+03 -0.1725E+03  0.3795E+02  0.1692E+02 -0.2104E+02     0.0000E+00  0.0000E+00  0.0000E+00     0.3400E+00
  0.9429E-01 -0.4388E-01 -0.4850E-01 -0.3501E-03 -0.3804E-03  0.2194E-03     0.1330E+04 -0.1055E+03 -0.1727E+03  0.3797E+02  0.1695E+02 -0.2104E+02     0.0000E+00  0.0000E+00  0.0000E+00     0.3400E+00
