 ******************************************************************************
 DP                                                                                                                                                    
 ******************************************************************************
   0.5105E-03 -0.1390E-03 -0.1561E-03  0.0000E+00  0.0000E+00  0.0000E+00  0.9311E-01  0.7010E-01  0.6816E-01  0.7361E-01  0.8253E-01  0.6284E-01  0.5105E-03 -0.1390E-03 -0.1561E-03  0.0000E+00  0.0000E+00  0.0000E+00  0.9311E-01  0.7010E-01  0.6816E-01  0.7361E-01  0.8253E-01  0.6284E-01  0.2003E+00
   0.5105E-03 -0.1389E-03 -0.1561E-03  0.0000E+00  0.0000E+00  0.0000E+00  0.9305E-01  0.7010E-01  0.6815E-01  0.7360E-01  0.8250E-01  0.6280E-01  0.1021E-02 -0.2779E-03 -0.3122E-03  0.0000E+00  0.0000E+00  0.0000E+00  0.9308E-01  0.7010E-01  0.6816E-01  0.7360E-01  0.8252E-01  0.6282E-01  0.2003E+00
   0.5105E-03 -0.1928E-03 -0.2016E-03  0.0000E+00  0.0000E+00  0.0000E+00  0.2110E+00  0.1255E+00  0.1345E+00  0.1122E+00  0.5162E-01  0.5037E-01  0.1532E-02 -0.4707E-03 -0.5138E-03  0.0000E+00  0.0000E+00  0.0000E+00  0.1122E+00  0.7874E-01  0.8278E-01  0.8633E-01  0.6952E-01  0.5359E-01  0.2346E+00
   0.5105E-03 -0.1913E-03 -0.2275E-03  0.0000E+00  0.0000E+00  0.0000E+00  0.2498E+00  0.1274E+00  0.1474E+00  0.1001E+00  0.3540E-01  0.3574E-01  0.2042E-02 -0.6620E-03 -0.7413E-03  0.0000E+00  0.0000E+00  0.0000E+00  0.1458E+00  0.8891E-01  0.9643E-01  0.8929E-01  0.5710E-01  0.4681E-01  0.2464E+00
   0.5105E-03 -0.1892E-03 -0.2376E-03  0.0000E+00  0.0000E+00  0.0000E+00  0.2660E+00  0.1235E+00  0.1531E+00  0.8627E-01  0.3264E-01  0.3692E-01  0.2552E-02 -0.8512E-03 -0.9788E-03  0.0000E+00  0.0000E+00  0.0000E+00  0.1696E+00  0.9381E-01  0.1056E+00  0.8740E-01  0.4931E-01  0.4293E-01  0.2497E+00
   0.5105E-03 -0.2066E-03 -0.2334E-03  0.0000E+00  0.0000E+00  0.0000E+00  0.2958E+00  0.1367E+00  0.1573E+00  0.4027E-01  0.2876E-01  0.3387E-01  0.3063E-02 -0.1058E-02 -0.1212E-02  0.0000E+00  0.0000E+00  0.0000E+00  0.1904E+00  0.9700E-01  0.1116E+00  0.7745E-01  0.4373E-01  0.3997E-01  0.2643E+00
   0.5105E-03 -0.2131E-03 -0.2301E-03  0.0000E+00  0.0000E+00  0.0000E+00  0.3051E+00  0.1432E+00  0.1584E+00  0.2798E-01  0.2445E-01  0.2945E-01  0.3573E-02 -0.1271E-02 -0.1442E-02  0.0000E+00  0.0000E+00  0.0000E+00  0.2069E+00  0.1010E+00  0.1168E+00  0.6931E-01  0.3949E-01  0.3724E-01  0.2632E+00
   0.5105E-03 -0.2144E-03 -0.2305E-03  0.0000E+00  0.0000E+00  0.0000E+00  0.3095E+00  0.1452E+00  0.1603E+00  0.2429E-01  0.2109E-01  0.2482E-01  0.4084E-02 -0.1485E-02 -0.1673E-02  0.0000E+00  0.0000E+00  0.0000E+00  0.2199E+00  0.1049E+00  0.1213E+00  0.6300E-01  0.3631E-01  0.3486E-01  0.2607E+00
   0.5105E-03 -0.2162E-03 -0.2298E-03  0.0000E+00  0.0000E+00  0.0000E+00  0.3124E+00  0.1478E+00  0.1608E+00  0.2245E-01  0.1959E-01  0.2149E-01  0.4594E-02 -0.1701E-02 -0.1903E-02  0.0000E+00  0.0000E+00  0.0000E+00  0.2303E+00  0.1087E+00  0.1251E+00  0.5803E-01  0.3388E-01  0.3275E-01  0.2593E+00
   0.5105E-03 -0.2179E-03 -0.2291E-03  0.0000E+00  0.0000E+00  0.0000E+00  0.3151E+00  0.1502E+00  0.1613E+00  0.2276E-01  0.1910E-01  0.2097E-01  0.5105E-02 -0.1919E-02 -0.2132E-02  0.0000E+00  0.0000E+00  0.0000E+00  0.2389E+00  0.1121E+00  0.1283E+00  0.5414E-01  0.3194E-01  0.3105E-01  0.2587E+00
   0.5105E-03 -0.2184E-03 -0.2295E-03  0.0000E+00  0.0000E+00  0.0000E+00  0.3177E+00  0.1513E+00  0.1627E+00  0.2331E-01  0.1842E-01  0.1981E-01  0.5615E-02 -0.2138E-02 -0.2361E-02  0.0000E+00  0.0000E+00  0.0000E+00  0.2462E+00  0.1152E+00  0.1312E+00  0.5094E-01  0.3037E-01  0.2950E-01  0.2584E+00
   0.5105E-03 -0.2220E-03 -0.2532E-03  0.0000E+00  0.0000E+00  0.0000E+00  0.2053E+00  0.1299E+00  0.1458E+00  0.8993E-01  0.3540E-01  0.3378E-01  0.6126E-02 -0.2360E-02 -0.2614E-02  0.0000E+00  0.0000E+00  0.0000E+00  0.2360E+00  0.1115E+00  0.1264E+00  0.4978E-01  0.2893E-01  0.2805E-01  0.2439E+00
   0.5105E-03 -0.2358E-03 -0.2515E-03  0.0000E+00  0.0000E+00  0.0000E+00  0.1091E+00  0.1133E+00  0.1176E+00  0.9871E-01  0.4635E-01  0.4794E-01  0.6637E-02 -0.2596E-02 -0.2866E-02  0.0000E+00  0.0000E+00  0.0000E+00  0.2199E+00  0.1054E+00  0.1195E+00  0.5023E-01  0.2824E-01  0.2752E-01  0.2316E+00
   0.5105E-03 -0.2379E-03 -0.2519E-03  0.0000E+00  0.0000E+00  0.0000E+00  0.6473E-01  0.1062E+00  0.1080E+00  0.9812E-01  0.5666E-01  0.5186E-01  0.7147E-02 -0.2834E-02 -0.3118E-02  0.0000E+00  0.0000E+00  0.0000E+00  0.2041E+00  0.9971E-01  0.1132E+00  0.5116E-01  0.2835E-01  0.2753E-01  0.2301E+00
   0.5105E-03 -0.2380E-03 -0.2525E-03  0.0000E+00  0.0000E+00  0.0000E+00  0.6177E-01  0.1054E+00  0.1077E+00  0.9540E-01  0.5589E-01  0.5130E-01  0.7657E-02 -0.3071E-02 -0.3370E-02  0.0000E+00  0.0000E+00  0.0000E+00  0.1905E+00  0.9532E-01  0.1081E+00  0.5245E-01  0.2882E-01  0.2783E-01  0.2271E+00
   0.5105E-03 -0.2380E-03 -0.2533E-03  0.0000E+00  0.0000E+00  0.0000E+00  0.5829E-01  0.1035E+00  0.1055E+00  0.9502E-01  0.5594E-01  0.4938E-01  0.8168E-02 -0.3310E-02 -0.3624E-02  0.0000E+00  0.0000E+00  0.0000E+00  0.1784E+00  0.9174E-01  0.1040E+00  0.5391E-01  0.2953E-01  0.2817E-01  0.2286E+00
   0.5105E-03 -0.2387E-03 -0.2532E-03  0.0000E+00  0.0000E+00  0.0000E+00  0.5961E-01  0.1028E+00  0.1054E+00  0.9316E-01  0.5452E-01  0.5018E-01  0.8679E-02 -0.3548E-02 -0.3877E-02  0.0000E+00  0.0000E+00  0.0000E+00  0.1679E+00  0.8890E-01  0.1008E+00  0.5531E-01  0.3025E-01  0.2866E-01  0.2269E+00
   0.5105E-03 -0.2394E-03 -0.2532E-03  0.0000E+00  0.0000E+00  0.0000E+00  0.6110E-01  0.1023E+00  0.1066E+00  0.9471E-01  0.5432E-01  0.5091E-01  0.9189E-02 -0.3788E-02 -0.4130E-02  0.0000E+00  0.0000E+00  0.0000E+00  0.1585E+00  0.8661E-01  0.9825E-01  0.5674E-01  0.3094E-01  0.2926E-01  0.2274E+00
   0.5105E-03 -0.2377E-03 -0.2557E-03  0.0000E+00  0.0000E+00  0.0000E+00  0.6069E-01  0.1017E+00  0.1084E+00  0.9263E-01  0.5304E-01  0.4760E-01  0.9699E-02 -0.4025E-02 -0.4386E-02  0.0000E+00  0.0000E+00  0.0000E+00  0.1503E+00  0.8487E-01  0.9625E-01  0.5809E-01  0.3161E-01  0.2969E-01  0.2261E+00
   0.5105E-03 -0.2390E-03 -0.2553E-03  0.0000E+00  0.0000E+00  0.0000E+00  0.6310E-01  0.1021E+00  0.1078E+00  0.9064E-01  0.5183E-01  0.4812E-01  0.1021E-01 -0.4264E-02 -0.4641E-02  0.0000E+00  0.0000E+00  0.0000E+00  0.1428E+00  0.8347E-01  0.9454E-01  0.5930E-01  0.3218E-01  0.3016E-01  0.2238E+00
   0.5105E-03 -0.2393E-03 -0.2556E-03  0.0000E+00  0.0000E+00  0.0000E+00  0.6295E-01  0.1025E+00  0.1080E+00  0.9123E-01  0.5131E-01  0.4769E-01  0.1072E-01 -0.4504E-02 -0.4897E-02  0.0000E+00  0.0000E+00  0.0000E+00  0.1362E+00  0.8246E-01  0.9323E-01  0.6048E-01  0.3271E-01  0.3062E-01  0.2228E+00
   0.5105E-03 -0.2408E-03 -0.2549E-03  0.0000E+00  0.0000E+00  0.0000E+00  0.6228E-01  0.1030E+00  0.1072E+00  0.9201E-01  0.5185E-01  0.4572E-01  0.1123E-01 -0.4745E-02 -0.5151E-02  0.0000E+00  0.0000E+00  0.0000E+00  0.1301E+00  0.8167E-01  0.9214E-01  0.6161E-01  0.3324E-01  0.3088E-01  0.2225E+00
   0.5105E-03 -0.2420E-03 -0.2544E-03  0.0000E+00  0.0000E+00  0.0000E+00  0.6323E-01  0.1030E+00  0.1066E+00  0.9228E-01  0.4981E-01  0.4501E-01  0.1174E-01 -0.4986E-02 -0.5406E-02  0.0000E+00  0.0000E+00  0.0000E+00  0.1246E+00  0.8108E-01  0.9128E-01  0.6270E-01  0.3364E-01  0.3108E-01  0.2214E+00
   0.5105E-03 -0.2428E-03 -0.2541E-03  0.0000E+00  0.0000E+00  0.0000E+00  0.6195E-01  0.1010E+00  0.1060E+00  0.9245E-01  0.4852E-01  0.4453E-01  0.1225E-01 -0.5229E-02 -0.5660E-02  0.0000E+00  0.0000E+00  0.0000E+00  0.1196E+00  0.8058E-01  0.9063E-01  0.6374E-01  0.3393E-01  0.3130E-01  0.2205E+00
   0.5105E-03 -0.2436E-03 -0.2537E-03  0.0000E+00  0.0000E+00  0.0000E+00  0.6354E-01  0.1005E+00  0.1060E+00  0.9336E-01  0.4847E-01  0.4457E-01  0.1276E-01 -0.5473E-02 -0.5914E-02  0.0000E+00  0.0000E+00  0.0000E+00  0.1150E+00  0.8018E-01  0.9012E-01  0.6475E-01  0.3422E-01  0.3150E-01  0.2194E+00
   0.5105E-03 -0.2436E-03 -0.2542E-03  0.0000E+00  0.0000E+00  0.0000E+00  0.6145E-01  0.1011E+00  0.1049E+00  0.9140E-01  0.4770E-01  0.4386E-01  0.1327E-01 -0.5716E-02 -0.6168E-02  0.0000E+00  0.0000E+00  0.0000E+00  0.1107E+00  0.7988E-01  0.8968E-01  0.6562E-01  0.3439E-01  0.3168E-01  0.2189E+00
   0.5105E-03 -0.2441E-03 -0.2542E-03  0.0000E+00  0.0000E+00  0.0000E+00  0.6299E-01  0.1015E+00  0.1058E+00  0.9194E-01  0.4902E-01  0.4372E-01  0.1378E-01 -0.5960E-02 -0.6422E-02  0.0000E+00  0.0000E+00  0.0000E+00  0.1069E+00  0.7973E-01  0.8931E-01  0.6645E-01  0.3460E-01  0.3185E-01  0.2182E+00
   0.5105E-03 -0.2435E-03 -0.2553E-03  0.0000E+00  0.0000E+00  0.0000E+00  0.6286E-01  0.1021E+00  0.1065E+00  0.9164E-01  0.4931E-01  0.4377E-01  0.1429E-01 -0.6204E-02 -0.6677E-02  0.0000E+00  0.0000E+00  0.0000E+00  0.1033E+00  0.7967E-01  0.8909E-01  0.6723E-01  0.3481E-01  0.3204E-01  0.2184E+00
   0.5105E-03 -0.2445E-03 -0.2548E-03  0.0000E+00  0.0000E+00  0.0000E+00  0.6218E-01  0.1008E+00  0.1054E+00  0.9112E-01  0.4838E-01  0.4458E-01  0.1480E-01 -0.6448E-02 -0.6932E-02  0.0000E+00  0.0000E+00  0.0000E+00  0.1001E+00  0.7961E-01  0.8894E-01  0.6794E-01  0.3500E-01  0.3221E-01  0.2169E+00
   0.5105E-03 -0.2452E-03 -0.2543E-03  0.0000E+00  0.0000E+00  0.0000E+00  0.6206E-01  0.1008E+00  0.1051E+00  0.9121E-01  0.4797E-01  0.4481E-01  0.1531E-01 -0.6694E-02 -0.7187E-02  0.0000E+00  0.0000E+00  0.0000E+00  0.9711E-01  0.7961E-01  0.8886E-01  0.6862E-01  0.3518E-01  0.3240E-01  0.2169E+00
   0.5105E-03 -0.2454E-03 -0.2545E-03  0.0000E+00  0.0000E+00  0.0000E+00  0.6248E-01  0.1002E+00  0.1056E+00  0.9120E-01  0.4704E-01  0.4473E-01  0.1583E-01 -0.6939E-02 -0.7441E-02  0.0000E+00  0.0000E+00  0.0000E+00  0.9436E-01  0.7961E-01  0.8884E-01  0.6926E-01  0.3529E-01  0.3260E-01  0.2168E+00
   0.5105E-03 -0.2456E-03 -0.2545E-03  0.0000E+00  0.0000E+00  0.0000E+00  0.6288E-01  0.1002E+00  0.1060E+00  0.9122E-01  0.4618E-01  0.4461E-01  0.1634E-01 -0.7185E-02 -0.7696E-02  0.0000E+00  0.0000E+00  0.0000E+00  0.9185E-01  0.7966E-01  0.8887E-01  0.6987E-01  0.3539E-01  0.3280E-01  0.2165E+00
   0.5105E-03 -0.2454E-03 -0.2551E-03  0.0000E+00  0.0000E+00  0.0000E+00  0.6359E-01  0.1003E+00  0.1045E+00  0.9175E-01  0.4670E-01  0.4400E-01  0.1685E-01 -0.7430E-02 -0.7951E-02  0.0000E+00  0.0000E+00  0.0000E+00  0.8950E-01  0.7975E-01  0.8885E-01  0.7046E-01  0.3550E-01  0.3292E-01  0.2161E+00
   0.5105E-03 -0.2459E-03 -0.2549E-03  0.0000E+00  0.0000E+00  0.0000E+00  0.6399E-01  0.1001E+00  0.1047E+00  0.9184E-01  0.4519E-01  0.4323E-01  0.1736E-01 -0.7676E-02 -0.8206E-02  0.0000E+00  0.0000E+00  0.0000E+00  0.8733E-01  0.7987E-01  0.8885E-01  0.7102E-01  0.3552E-01  0.3302E-01  0.2166E+00
   0.5105E-03 -0.2468E-03 -0.2545E-03  0.0000E+00  0.0000E+00  0.0000E+00  0.6331E-01  0.9937E-01  0.1035E+00  0.9204E-01  0.4400E-01  0.4459E-01  0.1787E-01 -0.7923E-02 -0.8460E-02  0.0000E+00  0.0000E+00  0.0000E+00  0.8533E-01  0.7996E-01  0.8887E-01  0.7155E-01  0.3552E-01  0.3316E-01  0.2151E+00
   0.5105E-03 -0.2466E-03 -0.2549E-03  0.0000E+00  0.0000E+00  0.0000E+00  0.6184E-01  0.9900E-01  0.1022E+00  0.9182E-01  0.4437E-01  0.4356E-01  0.1838E-01 -0.8169E-02 -0.8715E-02  0.0000E+00  0.0000E+00  0.0000E+00  0.8347E-01  0.8008E-01  0.8887E-01  0.7206E-01  0.3553E-01  0.3324E-01  0.2151E+00
   0.5105E-03 -0.2458E-03 -0.2559E-03  0.0000E+00  0.0000E+00  0.0000E+00  0.6225E-01  0.9882E-01  0.1024E+00  0.9202E-01  0.4501E-01  0.4219E-01  0.1889E-01 -0.8415E-02 -0.8971E-02  0.0000E+00  0.0000E+00  0.0000E+00  0.8174E-01  0.8021E-01  0.8888E-01  0.7255E-01  0.3556E-01  0.3330E-01  0.2145E+00
   0.5105E-03 -0.2458E-03 -0.2561E-03  0.0000E+00  0.0000E+00  0.0000E+00  0.6232E-01  0.9912E-01  0.1027E+00  0.9235E-01  0.4511E-01  0.4219E-01  0.1940E-01 -0.8661E-02 -0.9227E-02  0.0000E+00  0.0000E+00  0.0000E+00  0.8016E-01  0.8037E-01  0.8892E-01  0.7302E-01  0.3561E-01  0.3335E-01  0.2138E+00
   0.5105E-03 -0.2460E-03 -0.2563E-03  0.0000E+00  0.0000E+00  0.0000E+00  0.6220E-01  0.9906E-01  0.1029E+00  0.9215E-01  0.4567E-01  0.4206E-01  0.1991E-01 -0.8907E-02 -0.9483E-02  0.0000E+00  0.0000E+00  0.0000E+00  0.7870E-01  0.8053E-01  0.8899E-01  0.7345E-01  0.3567E-01  0.3342E-01  0.2129E+00
   0.5105E-03 -0.2462E-03 -0.2562E-03  0.0000E+00  0.0000E+00  0.0000E+00  0.6281E-01  0.9903E-01  0.1028E+00  0.9237E-01  0.4632E-01  0.4189E-01  0.2042E-01 -0.9153E-02 -0.9740E-02  0.0000E+00  0.0000E+00  0.0000E+00  0.7735E-01  0.8070E-01  0.8907E-01  0.7387E-01  0.3575E-01  0.3349E-01  0.2133E+00
   0.5105E-03 -0.2467E-03 -0.2559E-03  0.0000E+00  0.0000E+00  0.0000E+00  0.6305E-01  0.9667E-01  0.1027E+00  0.9227E-01  0.4506E-01  0.4200E-01  0.2093E-01 -0.9400E-02 -0.9996E-02  0.0000E+00  0.0000E+00  0.0000E+00  0.7608E-01  0.8079E-01  0.8916E-01  0.7427E-01  0.3576E-01  0.3355E-01  0.2129E+00
   0.5105E-03 -0.2474E-03 -0.2553E-03  0.0000E+00  0.0000E+00  0.0000E+00  0.6278E-01  0.9686E-01  0.1033E+00  0.9246E-01  0.4520E-01  0.4246E-01  0.2144E-01 -0.9647E-02 -0.1025E-01  0.0000E+00  0.0000E+00  0.0000E+00  0.7490E-01  0.8089E-01  0.8926E-01  0.7464E-01  0.3577E-01  0.3362E-01  0.2143E+00
   0.5105E-03 -0.2464E-03 -0.2566E-03  0.0000E+00  0.0000E+00  0.0000E+00  0.6224E-01  0.9648E-01  0.1020E+00  0.9137E-01  0.4583E-01  0.4086E-01  0.2195E-01 -0.9894E-02 -0.1051E-01  0.0000E+00  0.0000E+00  0.0000E+00  0.7378E-01  0.8100E-01  0.8935E-01  0.7498E-01  0.3579E-01  0.3363E-01  0.2128E+00
   0.5105E-03 -0.2452E-03 -0.2581E-03  0.0000E+00  0.0000E+00  0.0000E+00  0.6279E-01  0.9668E-01  0.1031E+00  0.9168E-01  0.4540E-01  0.4078E-01  0.2246E-01 -0.1014E-01 -0.1077E-01  0.0000E+00  0.0000E+00  0.0000E+00  0.7276E-01  0.8111E-01  0.8946E-01  0.7531E-01  0.3580E-01  0.3364E-01  0.2123E+00
   0.5105E-03 -0.2445E-03 -0.2592E-03  0.0000E+00  0.0000E+00  0.0000E+00  0.6347E-01  0.9633E-01  0.1028E+00  0.9114E-01  0.4609E-01  0.3978E-01  0.2297E-01 -0.1038E-01 -0.1102E-01  0.0000E+00  0.0000E+00  0.0000E+00  0.7177E-01  0.8121E-01  0.8957E-01  0.7560E-01  0.3580E-01  0.3360E-01  0.2124E+00
   0.5105E-03 -0.2445E-03 -0.2592E-03  0.0000E+00  0.0000E+00  0.0000E+00  0.6345E-01  0.9649E-01  0.1019E+00  0.9120E-01  0.4684E-01  0.3836E-01  0.2348E-01 -0.1063E-01 -0.1128E-01  0.0000E+00  0.0000E+00  0.0000E+00  0.7082E-01  0.8133E-01  0.8965E-01  0.7589E-01  0.3580E-01  0.3353E-01  0.2119E+00
   0.5105E-03 -0.2443E-03 -0.2596E-03  0.0000E+00  0.0000E+00  0.0000E+00  0.6240E-01  0.9632E-01  0.1019E+00  0.9136E-01  0.4883E-01  0.3962E-01  0.2399E-01 -0.1087E-01 -0.1154E-01  0.0000E+00  0.0000E+00  0.0000E+00  0.6995E-01  0.8144E-01  0.8974E-01  0.7617E-01  0.3582E-01  0.3347E-01  0.2136E+00
   0.5105E-03 -0.2444E-03 -0.2597E-03  0.0000E+00  0.0000E+00  0.0000E+00  0.6065E-01  0.9598E-01  0.1016E+00  0.9138E-01  0.4674E-01  0.3827E-01  0.2450E-01 -0.1112E-01 -0.1180E-01  0.0000E+00  0.0000E+00  0.0000E+00  0.6914E-01  0.8157E-01  0.8984E-01  0.7644E-01  0.3584E-01  0.3341E-01  0.2119E+00
   0.5105E-03 -0.2442E-03 -0.2599E-03  0.0000E+00  0.0000E+00  0.0000E+00  0.6161E-01  0.9607E-01  0.1013E+00  0.9115E-01  0.4586E-01  0.3810E-01  0.2501E-01 -0.1136E-01 -0.1206E-01  0.0000E+00  0.0000E+00  0.0000E+00  0.6837E-01  0.8169E-01  0.8992E-01  0.7669E-01  0.3586E-01  0.3334E-01  0.2112E+00
   0.5105E-03 -0.2442E-03 -0.2600E-03  0.0000E+00  0.0000E+00  0.0000E+00  0.5994E-01  0.9506E-01  0.1003E+00  0.8955E-01  0.4479E-01  0.3859E-01  0.2552E-01 -0.1161E-01 -0.1232E-01  0.0000E+00  0.0000E+00  0.0000E+00  0.6761E-01  0.8179E-01  0.8998E-01  0.7690E-01  0.3585E-01  0.3324E-01  0.2112E+00
   0.5105E-03 -0.2444E-03 -0.2600E-03  0.0000E+00  0.0000E+00  0.0000E+00  0.6168E-01  0.9529E-01  0.1008E+00  0.8970E-01  0.4475E-01  0.3925E-01  0.2604E-01 -0.1185E-01 -0.1258E-01  0.0000E+00  0.0000E+00  0.0000E+00  0.6690E-01  0.8189E-01  0.9005E-01  0.7711E-01  0.3583E-01  0.3316E-01  0.2111E+00
   0.5105E-03 -0.2432E-03 -0.2613E-03  0.0000E+00  0.0000E+00  0.0000E+00  0.6030E-01  0.9368E-01  0.9768E-01  0.8911E-01  0.4504E-01  0.3815E-01  0.2655E-01 -0.1209E-01 -0.1284E-01  0.0000E+00  0.0000E+00  0.0000E+00  0.6621E-01  0.8196E-01  0.9004E-01  0.7729E-01  0.3582E-01  0.3304E-01  0.2105E+00
   0.5105E-03 -0.2422E-03 -0.2624E-03  0.0000E+00  0.0000E+00  0.0000E+00  0.5932E-01  0.9340E-01  0.9797E-01  0.8943E-01  0.4477E-01  0.3810E-01  0.2706E-01 -0.1233E-01 -0.1311E-01  0.0000E+00  0.0000E+00  0.0000E+00  0.6557E-01  0.8204E-01  0.9005E-01  0.7748E-01  0.3581E-01  0.3294E-01  0.2101E+00
   0.5105E-03 -0.2420E-03 -0.2628E-03  0.0000E+00  0.0000E+00  0.0000E+00  0.6088E-01  0.9385E-01  0.9877E-01  0.8987E-01  0.4480E-01  0.3813E-01  0.2757E-01 -0.1258E-01 -0.1337E-01  0.0000E+00  0.0000E+00  0.0000E+00  0.6496E-01  0.8212E-01  0.9007E-01  0.7767E-01  0.3581E-01  0.3284E-01  0.2101E+00
   0.5105E-03 -0.2418E-03 -0.2631E-03  0.0000E+00  0.0000E+00  0.0000E+00  0.5952E-01  0.9379E-01  0.9866E-01  0.9007E-01  0.4489E-01  0.3808E-01  0.2808E-01 -0.1282E-01 -0.1363E-01  0.0000E+00  0.0000E+00  0.0000E+00  0.6440E-01  0.8221E-01  0.9009E-01  0.7785E-01  0.3582E-01  0.3276E-01  0.2099E+00
   0.5105E-03 -0.2412E-03 -0.2638E-03  0.0000E+00  0.0000E+00  0.0000E+00  0.5923E-01  0.9373E-01  0.9852E-01  0.8936E-01  0.4488E-01  0.3802E-01  0.2859E-01 -0.1306E-01 -0.1390E-01  0.0000E+00  0.0000E+00  0.0000E+00  0.6386E-01  0.8230E-01  0.9012E-01  0.7802E-01  0.3584E-01  0.3266E-01  0.2107E+00
   0.5105E-03 -0.2416E-03 -0.2635E-03  0.0000E+00  0.0000E+00  0.0000E+00  0.6082E-01  0.9286E-01  0.9873E-01  0.8863E-01  0.4490E-01  0.3785E-01  0.2910E-01 -0.1330E-01 -0.1416E-01  0.0000E+00  0.0000E+00  0.0000E+00  0.6335E-01  0.8236E-01  0.9014E-01  0.7816E-01  0.3583E-01  0.3257E-01  0.2091E+00
   0.5105E-03 -0.2418E-03 -0.2635E-03  0.0000E+00  0.0000E+00  0.0000E+00  0.5884E-01  0.9284E-01  0.9839E-01  0.8896E-01  0.4416E-01  0.3789E-01  0.2961E-01 -0.1354E-01 -0.1442E-01  0.0000E+00  0.0000E+00  0.0000E+00  0.6286E-01  0.8243E-01  0.9017E-01  0.7830E-01  0.3582E-01  0.3249E-01  0.2095E+00
   0.5105E-03 -0.2418E-03 -0.2635E-03  0.0000E+00  0.0000E+00  0.0000E+00  0.5965E-01  0.9299E-01  0.9883E-01  0.8921E-01  0.4416E-01  0.3783E-01  0.3012E-01 -0.1378E-01 -0.1469E-01  0.0000E+00  0.0000E+00  0.0000E+00  0.6241E-01  0.8251E-01  0.9021E-01  0.7845E-01  0.3581E-01  0.3241E-01  0.2092E+00
   0.5105E-03 -0.2422E-03 -0.2632E-03  0.0000E+00  0.0000E+00  0.0000E+00  0.5892E-01  0.9295E-01  0.9860E-01  0.8946E-01  0.4415E-01  0.3781E-01  0.3063E-01 -0.1403E-01 -0.1495E-01  0.0000E+00  0.0000E+00  0.0000E+00  0.6199E-01  0.8259E-01  0.9025E-01  0.7859E-01  0.3580E-01  0.3235E-01  0.2092E+00
   0.5105E-03 -0.2421E-03 -0.2633E-03  0.0000E+00  0.0000E+00  0.0000E+00  0.5924E-01  0.9301E-01  0.9878E-01  0.8939E-01  0.4399E-01  0.3780E-01  0.3114E-01 -0.1427E-01 -0.1521E-01  0.0000E+00  0.0000E+00  0.0000E+00  0.6160E-01  0.8267E-01  0.9029E-01  0.7873E-01  0.3580E-01  0.3229E-01  0.2091E+00
   0.5105E-03 -0.2407E-03 -0.2647E-03  0.0000E+00  0.0000E+00  0.0000E+00  0.5810E-01  0.9171E-01  0.9606E-01  0.8838E-01  0.4297E-01  0.3845E-01  0.3165E-01 -0.1451E-01 -0.1548E-01  0.0000E+00  0.0000E+00  0.0000E+00  0.6120E-01  0.8273E-01  0.9027E-01  0.7884E-01  0.3579E-01  0.3221E-01  0.2089E+00
   0.5105E-03 -0.2398E-03 -0.2655E-03  0.0000E+00  0.0000E+00  0.0000E+00  0.5915E-01  0.9175E-01  0.9659E-01  0.8841E-01  0.4308E-01  0.3834E-01  0.3216E-01 -0.1475E-01 -0.1574E-01  0.0000E+00  0.0000E+00  0.0000E+00  0.6084E-01  0.8279E-01  0.9026E-01  0.7896E-01  0.3579E-01  0.3214E-01  0.2091E+00
   0.5105E-03 -0.2391E-03 -0.2660E-03  0.0000E+00  0.0000E+00  0.0000E+00  0.5768E-01  0.9103E-01  0.9628E-01  0.8735E-01  0.4268E-01  0.3839E-01  0.3267E-01 -0.1499E-01 -0.1601E-01  0.0000E+00  0.0000E+00  0.0000E+00  0.6049E-01  0.8285E-01  0.9025E-01  0.7905E-01  0.3577E-01  0.3207E-01  0.2084E+00
   0.5105E-03 -0.2393E-03 -0.2657E-03  0.0000E+00  0.0000E+00  0.0000E+00  0.5620E-01  0.9048E-01  0.9552E-01  0.8699E-01  0.4236E-01  0.3821E-01  0.3318E-01 -0.1523E-01 -0.1628E-01  0.0000E+00  0.0000E+00  0.0000E+00  0.6016E-01  0.8290E-01  0.9023E-01  0.7914E-01  0.3574E-01  0.3201E-01  0.2078E+00
   0.5105E-03 -0.2396E-03 -0.2655E-03  0.0000E+00  0.0000E+00  0.0000E+00  0.5683E-01  0.9056E-01  0.9570E-01  0.8686E-01  0.4229E-01  0.3698E-01  0.3369E-01 -0.1547E-01 -0.1654E-01  0.0000E+00  0.0000E+00  0.0000E+00  0.5985E-01  0.8295E-01  0.9023E-01  0.7922E-01  0.3572E-01  0.3193E-01  0.2081E+00
   0.5105E-03 -0.2402E-03 -0.2648E-03  0.0000E+00  0.0000E+00  0.0000E+00  0.5750E-01  0.9062E-01  0.9574E-01  0.8644E-01  0.4226E-01  0.3684E-01  0.3420E-01 -0.1571E-01 -0.1681E-01  0.0000E+00  0.0000E+00  0.0000E+00  0.5954E-01  0.8299E-01  0.9021E-01  0.7930E-01  0.3569E-01  0.3184E-01  0.2081E+00
   0.5105E-03 -0.2410E-03 -0.2642E-03  0.0000E+00  0.0000E+00  0.0000E+00  0.5516E-01  0.8934E-01  0.9501E-01  0.8523E-01  0.4223E-01  0.3662E-01  0.3471E-01 -0.1595E-01 -0.1707E-01  0.0000E+00  0.0000E+00  0.0000E+00  0.5923E-01  0.8302E-01  0.9019E-01  0.7934E-01  0.3567E-01  0.3176E-01  0.2081E+00
   0.5105E-03 -0.2416E-03 -0.2635E-03  0.0000E+00  0.0000E+00  0.0000E+00  0.5635E-01  0.8922E-01  0.9468E-01  0.8468E-01  0.4079E-01  0.3619E-01  0.3522E-01 -0.1619E-01 -0.1733E-01  0.0000E+00  0.0000E+00  0.0000E+00  0.5893E-01  0.8303E-01  0.9016E-01  0.7938E-01  0.3562E-01  0.3167E-01  0.2078E+00
   0.5105E-03 -0.2417E-03 -0.2635E-03  0.0000E+00  0.0000E+00  0.0000E+00  0.5585E-01  0.8875E-01  0.9471E-01  0.8302E-01  0.4062E-01  0.3617E-01  0.3573E-01 -0.1643E-01 -0.1760E-01  0.0000E+00  0.0000E+00  0.0000E+00  0.5863E-01  0.8303E-01  0.9014E-01  0.7938E-01  0.3555E-01  0.3158E-01  0.2067E+00
   0.5105E-03 -0.2414E-03 -0.2639E-03  0.0000E+00  0.0000E+00  0.0000E+00  0.5713E-01  0.8888E-01  0.9528E-01  0.8332E-01  0.4016E-01  0.3592E-01  0.3625E-01 -0.1667E-01 -0.1786E-01  0.0000E+00  0.0000E+00  0.0000E+00  0.5836E-01  0.8304E-01  0.9012E-01  0.7939E-01  0.3549E-01  0.3150E-01  0.2064E+00
   0.5105E-03 -0.2405E-03 -0.2649E-03  0.0000E+00  0.0000E+00  0.0000E+00  0.5568E-01  0.8875E-01  0.9557E-01  0.8333E-01  0.4039E-01  0.3561E-01  0.3676E-01 -0.1691E-01 -0.1813E-01  0.0000E+00  0.0000E+00  0.0000E+00  0.5810E-01  0.8304E-01  0.9011E-01  0.7940E-01  0.3544E-01  0.3141E-01  0.2059E+00
   0.5105E-03 -0.2395E-03 -0.2659E-03  0.0000E+00  0.0000E+00  0.0000E+00  0.5590E-01  0.8868E-01  0.9594E-01  0.8354E-01  0.4047E-01  0.3552E-01  0.3727E-01 -0.1715E-01 -0.1839E-01  0.0000E+00  0.0000E+00  0.0000E+00  0.5786E-01  0.8305E-01  0.9011E-01  0.7942E-01  0.3539E-01  0.3133E-01  0.2063E+00
   0.5105E-03 -0.2394E-03 -0.2661E-03  0.0000E+00  0.0000E+00  0.0000E+00  0.5669E-01  0.8903E-01  0.9634E-01  0.8355E-01  0.4000E-01  0.3552E-01  0.3778E-01 -0.1739E-01 -0.1866E-01  0.0000E+00  0.0000E+00  0.0000E+00  0.5763E-01  0.8306E-01  0.9011E-01  0.7943E-01  0.3534E-01  0.3126E-01  0.2062E+00
   0.5105E-03 -0.2390E-03 -0.2665E-03  0.0000E+00  0.0000E+00  0.0000E+00  0.5665E-01  0.8891E-01  0.9659E-01  0.8366E-01  0.4003E-01  0.3549E-01  0.3829E-01 -0.1763E-01 -0.1892E-01  0.0000E+00  0.0000E+00  0.0000E+00  0.5742E-01  0.8308E-01  0.9013E-01  0.7945E-01  0.3530E-01  0.3119E-01  0.2055E+00
   0.5105E-03 -0.2392E-03 -0.2663E-03  0.0000E+00  0.0000E+00  0.0000E+00  0.5512E-01  0.8729E-01  0.9621E-01  0.8333E-01  0.3951E-01  0.3582E-01  0.3880E-01 -0.1787E-01 -0.1919E-01  0.0000E+00  0.0000E+00  0.0000E+00  0.5720E-01  0.8307E-01  0.9014E-01  0.7945E-01  0.3525E-01  0.3112E-01  0.2045E+00
   0.5105E-03 -0.2394E-03 -0.2661E-03  0.0000E+00  0.0000E+00  0.0000E+00  0.5566E-01  0.8749E-01  0.9646E-01  0.8353E-01  0.3935E-01  0.3582E-01  0.3931E-01 -0.1811E-01 -0.1946E-01  0.0000E+00  0.0000E+00  0.0000E+00  0.5700E-01  0.8306E-01  0.9015E-01  0.7947E-01  0.3520E-01  0.3105E-01  0.2045E+00
   0.5105E-03 -0.2392E-03 -0.2663E-03  0.0000E+00  0.0000E+00  0.0000E+00  0.5534E-01  0.8729E-01  0.9643E-01  0.8309E-01  0.3945E-01  0.3549E-01  0.3982E-01 -0.1835E-01 -0.1972E-01  0.0000E+00  0.0000E+00  0.0000E+00  0.5680E-01  0.8305E-01  0.9017E-01  0.7947E-01  0.3515E-01  0.3099E-01  0.2047E+00
   0.5105E-03 -0.2392E-03 -0.2664E-03  0.0000E+00  0.0000E+00  0.0000E+00  0.5462E-01  0.8707E-01  0.9634E-01  0.8309E-01  0.3936E-01  0.3543E-01  0.4033E-01 -0.1859E-01 -0.1999E-01  0.0000E+00  0.0000E+00  0.0000E+00  0.5662E-01  0.8305E-01  0.9019E-01  0.7947E-01  0.3511E-01  0.3093E-01  0.2037E+00
   0.5105E-03 -0.2393E-03 -0.2663E-03  0.0000E+00  0.0000E+00  0.0000E+00  0.5550E-01  0.8717E-01  0.9641E-01  0.8322E-01  0.3953E-01  0.3530E-01  0.4084E-01 -0.1883E-01 -0.2026E-01  0.0000E+00  0.0000E+00  0.0000E+00  0.5645E-01  0.8304E-01  0.9022E-01  0.7948E-01  0.3507E-01  0.3088E-01  0.2034E+00
   0.5105E-03 -0.2389E-03 -0.2668E-03  0.0000E+00  0.0000E+00  0.0000E+00  0.5458E-01  0.8692E-01  0.9616E-01  0.8298E-01  0.3874E-01  0.3493E-01  0.4135E-01 -0.1907E-01 -0.2052E-01  0.0000E+00  0.0000E+00  0.0000E+00  0.5628E-01  0.8304E-01  0.9023E-01  0.7948E-01  0.3503E-01  0.3083E-01  0.2035E+00
   0.5105E-03 -0.2386E-03 -0.2671E-03  0.0000E+00  0.0000E+00  0.0000E+00  0.5571E-01  0.8714E-01  0.9661E-01  0.8321E-01  0.3878E-01  0.3493E-01  0.4186E-01 -0.1931E-01 -0.2079E-01  0.0000E+00  0.0000E+00  0.0000E+00  0.5613E-01  0.8304E-01  0.9025E-01  0.7948E-01  0.3498E-01  0.3078E-01  0.2031E+00
   0.5105E-03 -0.2386E-03 -0.2672E-03  0.0000E+00  0.0000E+00  0.0000E+00  0.5590E-01  0.8703E-01  0.9687E-01  0.8323E-01  0.3886E-01  0.3489E-01  0.4237E-01 -0.1954E-01 -0.2106E-01  0.0000E+00  0.0000E+00  0.0000E+00  0.5599E-01  0.8303E-01  0.9028E-01  0.7949E-01  0.3495E-01  0.3073E-01  0.2027E+00
   0.5105E-03 -0.2388E-03 -0.2670E-03  0.0000E+00  0.0000E+00  0.0000E+00  0.5465E-01  0.8689E-01  0.9649E-01  0.8321E-01  0.3878E-01  0.3487E-01  0.4288E-01 -0.1978E-01 -0.2132E-01  0.0000E+00  0.0000E+00  0.0000E+00  0.5585E-01  0.8304E-01  0.9030E-01  0.7950E-01  0.3491E-01  0.3069E-01  0.2029E+00
   0.5105E-03 -0.2388E-03 -0.2670E-03  0.0000E+00  0.0000E+00  0.0000E+00  0.5462E-01  0.8659E-01  0.9590E-01  0.8330E-01  0.3838E-01  0.3483E-01  0.4339E-01 -0.2002E-01 -0.2159E-01  0.0000E+00  0.0000E+00  0.0000E+00  0.5572E-01  0.8303E-01  0.9032E-01  0.7950E-01  0.3487E-01  0.3065E-01  0.2022E+00
   0.5105E-03 -0.2384E-03 -0.2675E-03  0.0000E+00  0.0000E+00  0.0000E+00  0.5389E-01  0.8608E-01  0.9404E-01  0.8188E-01  0.3860E-01  0.3509E-01  0.4390E-01 -0.2026E-01 -0.2186E-01  0.0000E+00  0.0000E+00  0.0000E+00  0.5558E-01  0.8302E-01  0.9030E-01  0.7949E-01  0.3483E-01  0.3061E-01  0.2016E+00
   0.5105E-03 -0.2379E-03 -0.2680E-03  0.0000E+00  0.0000E+00  0.0000E+00  0.5508E-01  0.8644E-01  0.9466E-01  0.8231E-01  0.3890E-01  0.3511E-01  0.4441E-01 -0.2050E-01 -0.2213E-01  0.0000E+00  0.0000E+00  0.0000E+00  0.5546E-01  0.8302E-01  0.9029E-01  0.7948E-01  0.3479E-01  0.3057E-01  0.2015E+00
   0.5105E-03 -0.2380E-03 -0.2680E-03  0.0000E+00  0.0000E+00  0.0000E+00  0.5431E-01  0.8470E-01  0.9353E-01  0.8068E-01  0.3875E-01  0.3545E-01  0.4492E-01 -0.2074E-01 -0.2239E-01  0.0000E+00  0.0000E+00  0.0000E+00  0.5532E-01  0.8299E-01  0.9027E-01  0.7945E-01  0.3475E-01  0.3052E-01  0.2005E+00
   0.5105E-03 -0.2380E-03 -0.2680E-03  0.0000E+00  0.0000E+00  0.0000E+00  0.5349E-01  0.8489E-01  0.9369E-01  0.8115E-01  0.3889E-01  0.3550E-01  0.4543E-01 -0.2097E-01 -0.2266E-01  0.0000E+00  0.0000E+00  0.0000E+00  0.5519E-01  0.8297E-01  0.9025E-01  0.7942E-01  0.3471E-01  0.3047E-01  0.2006E+00
   0.5105E-03 -0.2380E-03 -0.2681E-03  0.0000E+00  0.0000E+00  0.0000E+00  0.5516E-01  0.8533E-01  0.9429E-01  0.8156E-01  0.3920E-01  0.3556E-01  0.4594E-01 -0.2121E-01 -0.2293E-01  0.0000E+00  0.0000E+00  0.0000E+00  0.5508E-01  0.8295E-01  0.9023E-01  0.7940E-01  0.3467E-01  0.3043E-01  0.2004E+00
   0.5105E-03 -0.2381E-03 -0.2680E-03  0.0000E+00  0.0000E+00  0.0000E+00  0.5505E-01  0.8540E-01  0.9431E-01  0.8175E-01  0.3901E-01  0.3556E-01  0.4646E-01 -0.2145E-01 -0.2320E-01  0.0000E+00  0.0000E+00  0.0000E+00  0.5497E-01  0.8294E-01  0.9023E-01  0.7939E-01  0.3464E-01  0.3039E-01  0.1998E+00
   0.5105E-03 -0.2377E-03 -0.2685E-03  0.0000E+00  0.0000E+00  0.0000E+00  0.5424E-01  0.8530E-01  0.9428E-01  0.8192E-01  0.3885E-01  0.3547E-01  0.4697E-01 -0.2169E-01 -0.2347E-01  0.0000E+00  0.0000E+00  0.0000E+00  0.5487E-01  0.8292E-01  0.9022E-01  0.7937E-01  0.3460E-01  0.3035E-01  0.1997E+00
   0.5105E-03 -0.2370E-03 -0.2692E-03  0.0000E+00  0.0000E+00  0.0000E+00  0.5555E-01  0.8509E-01  0.9439E-01  0.8192E-01  0.3883E-01  0.3531E-01  0.4748E-01 -0.2193E-01 -0.2374E-01  0.0000E+00  0.0000E+00  0.0000E+00  0.5478E-01  0.8291E-01  0.9021E-01  0.7936E-01  0.3457E-01  0.3032E-01  0.1990E+00
   0.5105E-03 -0.2359E-03 -0.2703E-03  0.0000E+00  0.0000E+00  0.0000E+00  0.5387E-01  0.8410E-01  0.9261E-01  0.8158E-01  0.3901E-01  0.3501E-01  0.4799E-01 -0.2216E-01 -0.2401E-01  0.0000E+00  0.0000E+00  0.0000E+00  0.5468E-01  0.8288E-01  0.9017E-01  0.7934E-01  0.3454E-01  0.3027E-01  0.1991E+00
   0.5105E-03 -0.2353E-03 -0.2710E-03  0.0000E+00  0.0000E+00  0.0000E+00  0.5412E-01  0.8419E-01  0.9293E-01  0.8183E-01  0.3908E-01  0.3505E-01  0.4850E-01 -0.2240E-01 -0.2428E-01  0.0000E+00  0.0000E+00  0.0000E+00  0.5458E-01  0.8286E-01  0.9015E-01  0.7933E-01  0.3452E-01  0.3023E-01  0.1992E+00
   0.5105E-03 -0.2349E-03 -0.2714E-03  0.0000E+00  0.0000E+00  0.0000E+00  0.5414E-01  0.8407E-01  0.9307E-01  0.8186E-01  0.3928E-01  0.3496E-01  0.4901E-01 -0.2263E-01 -0.2455E-01  0.0000E+00  0.0000E+00  0.0000E+00  0.5450E-01  0.8283E-01  0.9012E-01  0.7932E-01  0.3450E-01  0.3019E-01  0.1993E+00
   0.5105E-03 -0.2349E-03 -0.2715E-03  0.0000E+00  0.0000E+00  0.0000E+00  0.5419E-01  0.8406E-01  0.9316E-01  0.8185E-01  0.3922E-01  0.3503E-01  0.4952E-01 -0.2287E-01 -0.2482E-01  0.0000E+00  0.0000E+00  0.0000E+00  0.5442E-01  0.8281E-01  0.9010E-01  0.7931E-01  0.3448E-01  0.3016E-01  0.1994E+00
   0.5105E-03 -0.2345E-03 -0.2719E-03  0.0000E+00  0.0000E+00  0.0000E+00  0.5442E-01  0.8366E-01  0.9289E-01  0.8206E-01  0.3960E-01  0.3467E-01  0.5003E-01 -0.2310E-01 -0.2509E-01  0.0000E+00  0.0000E+00  0.0000E+00  0.5434E-01  0.8278E-01  0.9008E-01  0.7930E-01  0.3446E-01  0.3012E-01  0.1984E+00
   0.5105E-03 -0.2342E-03 -0.2723E-03  0.0000E+00  0.0000E+00  0.0000E+00  0.5473E-01  0.8383E-01  0.9321E-01  0.8223E-01  0.3965E-01  0.3477E-01  0.5054E-01 -0.2333E-01 -0.2536E-01  0.0000E+00  0.0000E+00  0.0000E+00  0.5428E-01  0.8276E-01  0.9006E-01  0.7929E-01  0.3445E-01  0.3008E-01  0.1990E+00
   0.5105E-03 -0.2346E-03 -0.2720E-03  0.0000E+00  0.0000E+00  0.0000E+00  0.5487E-01  0.8334E-01  0.9311E-01  0.8249E-01  0.3970E-01  0.3456E-01  0.5105E-01 -0.2357E-01 -0.2564E-01  0.0000E+00  0.0000E+00  0.0000E+00  0.5421E-01  0.8273E-01  0.9004E-01  0.7929E-01  0.3444E-01  0.3004E-01  0.1983E+00
   0.5105E-03 -0.2344E-03 -0.2721E-03  0.0000E+00  0.0000E+00  0.0000E+00  0.5475E-01  0.8332E-01  0.9250E-01  0.8214E-01  0.3955E-01  0.3475E-01  0.5156E-01 -0.2380E-01 -0.2591E-01  0.0000E+00  0.0000E+00  0.0000E+00  0.5415E-01  0.8270E-01  0.9002E-01  0.7928E-01  0.3442E-01  0.3000E-01  0.1982E+00
   0.5105E-03 -0.2336E-03 -0.2730E-03  0.0000E+00  0.0000E+00  0.0000E+00  0.5497E-01  0.8333E-01  0.9288E-01  0.8249E-01  0.4008E-01  0.3468E-01  0.5207E-01 -0.2404E-01 -0.2618E-01  0.0000E+00  0.0000E+00  0.0000E+00  0.5409E-01  0.8267E-01  0.9000E-01  0.7928E-01  0.3441E-01  0.2997E-01  0.1988E+00
   0.5105E-03 -0.2332E-03 -0.2735E-03  0.0000E+00  0.0000E+00  0.0000E+00  0.5508E-01  0.8330E-01  0.9304E-01  0.8256E-01  0.4013E-01  0.3473E-01  0.5258E-01 -0.2427E-01 -0.2645E-01  0.0000E+00  0.0000E+00  0.0000E+00  0.5403E-01  0.8264E-01  0.8999E-01  0.7927E-01  0.3441E-01  0.2993E-01  0.1993E+00
   0.5105E-03 -0.2343E-03 -0.2723E-03  0.0000E+00  0.0000E+00  0.0000E+00  0.5548E-01  0.8336E-01  0.9298E-01  0.8235E-01  0.4008E-01  0.3470E-01  0.5309E-01 -0.2450E-01 -0.2673E-01  0.0000E+00  0.0000E+00  0.0000E+00  0.5399E-01  0.8262E-01  0.8997E-01  0.7927E-01  0.3440E-01  0.2990E-01  0.1980E+00
   0.5105E-03 -0.2343E-03 -0.2724E-03  0.0000E+00  0.0000E+00  0.0000E+00  0.5579E-01  0.8356E-01  0.9322E-01  0.8256E-01  0.4011E-01  0.3478E-01  0.5360E-01 -0.2474E-01 -0.2700E-01  0.0000E+00  0.0000E+00  0.0000E+00  0.5395E-01  0.8259E-01  0.8996E-01  0.7927E-01  0.3439E-01  0.2987E-01  0.1981E+00
   0.5105E-03 -0.2334E-03 -0.2733E-03  0.0000E+00  0.0000E+00  0.0000E+00  0.5578E-01  0.8330E-01  0.9255E-01  0.8213E-01  0.4068E-01  0.3465E-01  0.5411E-01 -0.2497E-01 -0.2727E-01  0.0000E+00  0.0000E+00  0.0000E+00  0.5391E-01  0.8257E-01  0.8995E-01  0.7926E-01  0.3439E-01  0.2983E-01  0.1978E+00
   0.5105E-03 -0.2329E-03 -0.2738E-03  0.0000E+00  0.0000E+00  0.0000E+00  0.5569E-01  0.8329E-01  0.9288E-01  0.8242E-01  0.4073E-01  0.3474E-01  0.5462E-01 -0.2521E-01 -0.2755E-01  0.0000E+00  0.0000E+00  0.0000E+00  0.5387E-01  0.8255E-01  0.8993E-01  0.7925E-01  0.3440E-01  0.2980E-01  0.1980E+00
   0.5105E-03 -0.2327E-03 -0.2741E-03  0.0000E+00  0.0000E+00  0.0000E+00  0.5600E-01  0.8323E-01  0.9298E-01  0.8241E-01  0.4057E-01  0.3473E-01  0.5513E-01 -0.2544E-01 -0.2782E-01  0.0000E+00  0.0000E+00  0.0000E+00  0.5384E-01  0.8252E-01  0.8992E-01  0.7924E-01  0.3440E-01  0.2977E-01  0.1972E+00
   0.5105E-03 -0.2330E-03 -0.2739E-03  0.0000E+00  0.0000E+00  0.0000E+00  0.5615E-01  0.8297E-01  0.9299E-01  0.8251E-01  0.4043E-01  0.3473E-01  0.5564E-01 -0.2567E-01 -0.2809E-01  0.0000E+00  0.0000E+00  0.0000E+00  0.5381E-01  0.8250E-01  0.8992E-01  0.7924E-01  0.3440E-01  0.2975E-01  0.1966E+00
   0.5105E-03 -0.2328E-03 -0.2741E-03  0.0000E+00  0.0000E+00  0.0000E+00  0.5592E-01  0.8221E-01  0.9103E-01  0.8267E-01  0.4062E-01  0.3561E-01  0.5615E-01 -0.2590E-01 -0.2837E-01  0.0000E+00  0.0000E+00  0.0000E+00  0.5377E-01  0.8246E-01  0.8988E-01  0.7924E-01  0.3441E-01  0.2972E-01  0.1962E+00
   0.5105E-03 -0.2326E-03 -0.2744E-03  0.0000E+00  0.0000E+00  0.0000E+00  0.5601E-01  0.8235E-01  0.9128E-01  0.8274E-01  0.4053E-01  0.3561E-01  0.5667E-01 -0.2614E-01 -0.2864E-01  0.0000E+00  0.0000E+00  0.0000E+00  0.5374E-01  0.8243E-01  0.8986E-01  0.7924E-01  0.3441E-01  0.2970E-01  0.1966E+00
   0.5105E-03 -0.2318E-03 -0.2752E-03  0.0000E+00  0.0000E+00  0.0000E+00  0.5635E-01  0.8237E-01  0.9163E-01  0.8294E-01  0.4072E-01  0.3553E-01  0.5718E-01 -0.2637E-01 -0.2892E-01  0.0000E+00  0.0000E+00  0.0000E+00  0.5372E-01  0.8240E-01  0.8984E-01  0.7924E-01  0.3442E-01  0.2968E-01  0.1963E+00
   0.5105E-03 -0.2311E-03 -0.2759E-03  0.0000E+00  0.0000E+00  0.0000E+00  0.5666E-01  0.8238E-01  0.9192E-01  0.8299E-01  0.4080E-01  0.3560E-01  0.5769E-01 -0.2660E-01 -0.2919E-01  0.0000E+00  0.0000E+00  0.0000E+00  0.5370E-01  0.8237E-01  0.8982E-01  0.7924E-01  0.3443E-01  0.2966E-01  0.1970E+00
   0.5105E-03 -0.2308E-03 -0.2763E-03  0.0000E+00  0.0000E+00  0.0000E+00  0.5628E-01  0.8200E-01  0.9096E-01  0.8221E-01  0.4095E-01  0.3620E-01  0.5820E-01 -0.2683E-01 -0.2947E-01  0.0000E+00  0.0000E+00  0.0000E+00  0.5367E-01  0.8234E-01  0.8979E-01  0.7923E-01  0.3443E-01  0.2964E-01  0.1964E+00
   0.5105E-03 -0.2309E-03 -0.2762E-03  0.0000E+00  0.0000E+00  0.0000E+00  0.5637E-01  0.8209E-01  0.9101E-01  0.8227E-01  0.4093E-01  0.3628E-01  0.5871E-01 -0.2706E-01 -0.2975E-01  0.0000E+00  0.0000E+00  0.0000E+00  0.5365E-01  0.8230E-01  0.8976E-01  0.7923E-01  0.3444E-01  0.2962E-01  0.1968E+00
   0.5105E-03 -0.2315E-03 -0.2756E-03  0.0000E+00  0.0000E+00  0.0000E+00  0.5660E-01  0.8218E-01  0.9108E-01  0.8248E-01  0.4094E-01  0.3628E-01  0.5922E-01 -0.2729E-01 -0.3002E-01  0.0000E+00  0.0000E+00  0.0000E+00  0.5363E-01  0.8228E-01  0.8974E-01  0.7922E-01  0.3446E-01  0.2961E-01  0.1958E+00
   0.5105E-03 -0.2312E-03 -0.2760E-03  0.0000E+00  0.0000E+00  0.0000E+00  0.5683E-01  0.8222E-01  0.9113E-01  0.8225E-01  0.4143E-01  0.3607E-01  0.5973E-01 -0.2752E-01 -0.3030E-01  0.0000E+00  0.0000E+00  0.0000E+00  0.5362E-01  0.8225E-01  0.8972E-01  0.7922E-01  0.3447E-01  0.2959E-01  0.1957E+00
   0.5105E-03 -0.2301E-03 -0.2771E-03  0.0000E+00  0.0000E+00  0.0000E+00  0.5710E-01  0.8226E-01  0.9139E-01  0.8247E-01  0.4160E-01  0.3607E-01  0.6024E-01 -0.2775E-01 -0.3058E-01  0.0000E+00  0.0000E+00  0.0000E+00  0.5361E-01  0.8222E-01  0.8970E-01  0.7921E-01  0.3449E-01  0.2957E-01  0.1958E+00
   0.5105E-03 -0.2298E-03 -0.2774E-03  0.0000E+00  0.0000E+00  0.0000E+00  0.5779E-01  0.8275E-01  0.9183E-01  0.8282E-01  0.4179E-01  0.3610E-01  0.6075E-01 -0.2798E-01 -0.3085E-01  0.0000E+00  0.0000E+00  0.0000E+00  0.5360E-01  0.8220E-01  0.8968E-01  0.7921E-01  0.3450E-01  0.2956E-01  0.1953E+00
   0.5105E-03 -0.2291E-03 -0.2781E-03  0.0000E+00  0.0000E+00  0.0000E+00  0.5770E-01  0.8265E-01  0.9186E-01  0.8269E-01  0.4186E-01  0.3620E-01  0.6126E-01 -0.2821E-01 -0.3113E-01  0.0000E+00  0.0000E+00  0.0000E+00  0.5359E-01  0.8217E-01  0.8966E-01  0.7921E-01  0.3452E-01  0.2954E-01  0.1951E+00
   0.5105E-03 -0.2288E-03 -0.2785E-03  0.0000E+00  0.0000E+00  0.0000E+00  0.5796E-01  0.8257E-01  0.9206E-01  0.8288E-01  0.4201E-01  0.3616E-01  0.6177E-01 -0.2844E-01 -0.3141E-01  0.0000E+00  0.0000E+00  0.0000E+00  0.5358E-01  0.8215E-01  0.8965E-01  0.7922E-01  0.3454E-01  0.2953E-01  0.1948E+00
   0.5105E-03 -0.2285E-03 -0.2788E-03  0.0000E+00  0.0000E+00  0.0000E+00  0.5825E-01  0.8233E-01  0.9164E-01  0.8306E-01  0.4140E-01  0.3600E-01  0.6228E-01 -0.2867E-01 -0.3169E-01  0.0000E+00  0.0000E+00  0.0000E+00  0.5358E-01  0.8213E-01  0.8963E-01  0.7922E-01  0.3455E-01  0.2952E-01  0.1951E+00
   0.5105E-03 -0.2282E-03 -0.2791E-03  0.0000E+00  0.0000E+00  0.0000E+00  0.5853E-01  0.8241E-01  0.9189E-01  0.8326E-01  0.4148E-01  0.3596E-01  0.6279E-01 -0.2890E-01 -0.3197E-01  0.0000E+00  0.0000E+00  0.0000E+00  0.5358E-01  0.8210E-01  0.8962E-01  0.7922E-01  0.3457E-01  0.2950E-01  0.1950E+00
   0.5105E-03 -0.2282E-03 -0.2791E-03  0.0000E+00  0.0000E+00  0.0000E+00  0.5886E-01  0.8245E-01  0.9212E-01  0.8343E-01  0.4154E-01  0.3600E-01  0.6330E-01 -0.2913E-01 -0.3225E-01  0.0000E+00  0.0000E+00  0.0000E+00  0.5358E-01  0.8208E-01  0.8960E-01  0.7922E-01  0.3458E-01  0.2949E-01  0.1949E+00
   0.5105E-03 -0.2275E-03 -0.2798E-03  0.0000E+00  0.0000E+00  0.0000E+00  0.5910E-01  0.8252E-01  0.9237E-01  0.8340E-01  0.4167E-01  0.3606E-01  0.6381E-01 -0.2935E-01 -0.3253E-01  0.0000E+00  0.0000E+00  0.0000E+00  0.5358E-01  0.8206E-01  0.8959E-01  0.7923E-01  0.3460E-01  0.2948E-01  0.1950E+00
   0.5105E-03 -0.2273E-03 -0.2801E-03  0.0000E+00  0.0000E+00  0.0000E+00  0.5934E-01  0.8251E-01  0.9255E-01  0.8367E-01  0.4176E-01  0.3603E-01  0.6432E-01 -0.2958E-01 -0.3281E-01  0.0000E+00  0.0000E+00  0.0000E+00  0.5358E-01  0.8204E-01  0.8958E-01  0.7924E-01  0.3461E-01  0.2947E-01  0.1948E+00
   0.5105E-03 -0.2275E-03 -0.2800E-03  0.0000E+00  0.0000E+00  0.0000E+00  0.5966E-01  0.8267E-01  0.9274E-01  0.8376E-01  0.4179E-01  0.3610E-01  0.6483E-01 -0.2981E-01 -0.3309E-01  0.0000E+00  0.0000E+00  0.0000E+00  0.5359E-01  0.8202E-01  0.8957E-01  0.7924E-01  0.3463E-01  0.2946E-01  0.1948E+00
   0.5105E-03 -0.2272E-03 -0.2802E-03  0.0000E+00  0.0000E+00  0.0000E+00  0.6000E-01  0.8278E-01  0.9311E-01  0.8436E-01  0.4192E-01  0.3605E-01  0.6534E-01 -0.3004E-01 -0.3337E-01  0.0000E+00  0.0000E+00  0.0000E+00  0.5360E-01  0.8200E-01  0.8957E-01  0.7926E-01  0.3465E-01  0.2945E-01  0.1948E+00
   0.5105E-03 -0.2265E-03 -0.2809E-03  0.0000E+00  0.0000E+00  0.0000E+00  0.6044E-01  0.8268E-01  0.9326E-01  0.8453E-01  0.4165E-01  0.3601E-01  0.6585E-01 -0.3026E-01 -0.3365E-01  0.0000E+00  0.0000E+00  0.0000E+00  0.5361E-01  0.8198E-01  0.8957E-01  0.7927E-01  0.3466E-01  0.2945E-01  0.1948E+00
   0.5105E-03 -0.2263E-03 -0.2812E-03  0.0000E+00  0.0000E+00  0.0000E+00  0.6068E-01  0.8277E-01  0.9345E-01  0.8453E-01  0.4171E-01  0.3608E-01  0.6636E-01 -0.3049E-01 -0.3393E-01  0.0000E+00  0.0000E+00  0.0000E+00  0.5362E-01  0.8197E-01  0.8957E-01  0.7928E-01  0.3467E-01  0.2944E-01  0.1949E+00
   0.5105E-03 -0.2267E-03 -0.2808E-03  0.0000E+00  0.0000E+00  0.0000E+00  0.6103E-01  0.8299E-01  0.9366E-01  0.8493E-01  0.4175E-01  0.3610E-01  0.6688E-01 -0.3072E-01 -0.3421E-01  0.0000E+00  0.0000E+00  0.0000E+00  0.5364E-01  0.8195E-01  0.8957E-01  0.7930E-01  0.3469E-01  0.2943E-01  0.1946E+00
   0.5105E-03 -0.2266E-03 -0.2809E-03  0.0000E+00  0.0000E+00  0.0000E+00  0.6134E-01  0.8331E-01  0.9407E-01  0.8473E-01  0.4188E-01  0.3600E-01  0.6739E-01 -0.3094E-01 -0.3449E-01  0.0000E+00  0.0000E+00  0.0000E+00  0.5366E-01  0.8194E-01  0.8958E-01  0.7931E-01  0.3471E-01  0.2943E-01  0.1936E+00
   0.5105E-03 -0.2263E-03 -0.2813E-03  0.0000E+00  0.0000E+00  0.0000E+00  0.6190E-01  0.8361E-01  0.9462E-01  0.8529E-01  0.4202E-01  0.3601E-01  0.6790E-01 -0.3117E-01 -0.3477E-01  0.0000E+00  0.0000E+00  0.0000E+00  0.5368E-01  0.8193E-01  0.8958E-01  0.7933E-01  0.3473E-01  0.2943E-01  0.1934E+00
   0.5105E-03 -0.2262E-03 -0.2814E-03  0.0000E+00  0.0000E+00  0.0000E+00  0.6205E-01  0.8368E-01  0.9475E-01  0.8447E-01  0.4182E-01  0.3633E-01  0.6841E-01 -0.3139E-01 -0.3505E-01  0.0000E+00  0.0000E+00  0.0000E+00  0.5369E-01  0.8192E-01  0.8960E-01  0.7934E-01  0.3474E-01  0.2943E-01  0.1933E+00
   0.5105E-03 -0.2262E-03 -0.2814E-03  0.0000E+00  0.0000E+00  0.0000E+00  0.6270E-01  0.8400E-01  0.9517E-01  0.8475E-01  0.4187E-01  0.3641E-01  0.6892E-01 -0.3162E-01 -0.3533E-01  0.0000E+00  0.0000E+00  0.0000E+00  0.5372E-01  0.8191E-01  0.8961E-01  0.7935E-01  0.3476E-01  0.2943E-01  0.1933E+00
   0.5105E-03 -0.2261E-03 -0.2815E-03  0.0000E+00  0.0000E+00  0.0000E+00  0.6276E-01  0.8420E-01  0.9525E-01  0.8509E-01  0.4194E-01  0.3653E-01  0.6943E-01 -0.3185E-01 -0.3562E-01  0.0000E+00  0.0000E+00  0.0000E+00  0.5374E-01  0.8190E-01  0.8962E-01  0.7936E-01  0.3478E-01  0.2943E-01  0.1924E+00
   0.5105E-03 -0.2257E-03 -0.2820E-03  0.0000E+00  0.0000E+00  0.0000E+00  0.6325E-01  0.8443E-01  0.9567E-01  0.8524E-01  0.4207E-01  0.3659E-01  0.6994E-01 -0.3207E-01 -0.3590E-01  0.0000E+00  0.0000E+00  0.0000E+00  0.5376E-01  0.8190E-01  0.8964E-01  0.7937E-01  0.3480E-01  0.2944E-01  0.1926E+00
   0.5105E-03 -0.2255E-03 -0.2822E-03  0.0000E+00  0.0000E+00  0.0000E+00  0.6373E-01  0.8458E-01  0.9603E-01  0.8564E-01  0.4217E-01  0.3660E-01  0.7045E-01 -0.3230E-01 -0.3618E-01  0.0000E+00  0.0000E+00  0.0000E+00  0.5379E-01  0.8190E-01  0.8966E-01  0.7939E-01  0.3482E-01  0.2944E-01  0.1924E+00
   0.5105E-03 -0.2254E-03 -0.2824E-03  0.0000E+00  0.0000E+00  0.0000E+00  0.6429E-01  0.8477E-01  0.9637E-01  0.8577E-01  0.4226E-01  0.3667E-01  0.7096E-01 -0.3252E-01 -0.3646E-01  0.0000E+00  0.0000E+00  0.0000E+00  0.5382E-01  0.8190E-01  0.8968E-01  0.7941E-01  0.3484E-01  0.2945E-01  0.1925E+00
   0.5105E-03 -0.2251E-03 -0.2826E-03  0.0000E+00  0.0000E+00  0.0000E+00  0.6465E-01  0.8490E-01  0.9664E-01  0.8605E-01  0.4238E-01  0.3667E-01  0.7147E-01 -0.3275E-01 -0.3675E-01  0.0000E+00  0.0000E+00  0.0000E+00  0.5385E-01  0.8190E-01  0.8970E-01  0.7942E-01  0.3486E-01  0.2945E-01  0.1925E+00
   0.5105E-03 -0.2249E-03 -0.2829E-03  0.0000E+00  0.0000E+00  0.0000E+00  0.6513E-01  0.8503E-01  0.9697E-01  0.8632E-01  0.4247E-01  0.3673E-01  0.7198E-01 -0.3297E-01 -0.3703E-01  0.0000E+00  0.0000E+00  0.0000E+00  0.5389E-01  0.8190E-01  0.8972E-01  0.7945E-01  0.3488E-01  0.2946E-01  0.1925E+00
   0.5105E-03 -0.2256E-03 -0.2823E-03  0.0000E+00  0.0000E+00  0.0000E+00  0.6538E-01  0.8436E-01  0.9691E-01  0.8625E-01  0.4262E-01  0.3674E-01  0.7249E-01 -0.3320E-01 -0.3731E-01  0.0000E+00  0.0000E+00  0.0000E+00  0.5392E-01  0.8189E-01  0.8974E-01  0.7946E-01  0.3490E-01  0.2947E-01  0.1919E+00
   0.5105E-03 -0.2262E-03 -0.2816E-03  0.0000E+00  0.0000E+00  0.0000E+00  0.6598E-01  0.8471E-01  0.9723E-01  0.8674E-01  0.4264E-01  0.3680E-01  0.7300E-01 -0.3343E-01 -0.3759E-01  0.0000E+00  0.0000E+00  0.0000E+00  0.5396E-01  0.8189E-01  0.8977E-01  0.7949E-01  0.3493E-01  0.2948E-01  0.1911E+00
   0.5105E-03 -0.2262E-03 -0.2816E-03  0.0000E+00  0.0000E+00  0.0000E+00  0.6666E-01  0.8508E-01  0.9782E-01  0.8722E-01  0.4270E-01  0.3686E-01  0.7351E-01 -0.3365E-01 -0.3787E-01  0.0000E+00  0.0000E+00  0.0000E+00  0.5400E-01  0.8189E-01  0.8980E-01  0.7951E-01  0.3495E-01  0.2948E-01  0.1913E+00
   0.5105E-03 -0.2257E-03 -0.2822E-03  0.0000E+00  0.0000E+00  0.0000E+00  0.6690E-01  0.8477E-01  0.9732E-01  0.8736E-01  0.4288E-01  0.3688E-01  0.7402E-01 -0.3388E-01 -0.3816E-01  0.0000E+00  0.0000E+00  0.0000E+00  0.5405E-01  0.8189E-01  0.8982E-01  0.7954E-01  0.3497E-01  0.2949E-01  0.1922E+00
   0.5105E-03 -0.2247E-03 -0.2832E-03  0.0000E+00  0.0000E+00  0.0000E+00  0.6729E-01  0.8472E-01  0.9765E-01  0.8738E-01  0.4303E-01  0.3688E-01  0.7453E-01 -0.3410E-01 -0.3844E-01  0.0000E+00  0.0000E+00  0.0000E+00  0.5409E-01  0.8188E-01  0.8984E-01  0.7957E-01  0.3500E-01  0.2950E-01  0.1917E+00
   0.5105E-03 -0.2245E-03 -0.2835E-03  0.0000E+00  0.0000E+00  0.0000E+00  0.6780E-01  0.8481E-01  0.9798E-01  0.8761E-01  0.4312E-01  0.3689E-01  0.7504E-01 -0.3433E-01 -0.3872E-01  0.0000E+00  0.0000E+00  0.0000E+00  0.5413E-01  0.8188E-01  0.8987E-01  0.7959E-01  0.3502E-01  0.2951E-01  0.1928E+00
   0.5105E-03 -0.2243E-03 -0.2837E-03  0.0000E+00  0.0000E+00  0.0000E+00  0.6792E-01  0.8474E-01  0.9800E-01  0.8747E-01  0.4322E-01  0.3693E-01  0.7555E-01 -0.3455E-01 -0.3901E-01  0.0000E+00  0.0000E+00  0.0000E+00  0.5418E-01  0.8188E-01  0.8990E-01  0.7962E-01  0.3505E-01  0.2952E-01  0.1926E+00
   0.5105E-03 -0.2240E-03 -0.2840E-03  0.0000E+00  0.0000E+00  0.0000E+00  0.6838E-01  0.8481E-01  0.9826E-01  0.8780E-01  0.4334E-01  0.3701E-01  0.7606E-01 -0.3477E-01 -0.3929E-01  0.0000E+00  0.0000E+00  0.0000E+00  0.5423E-01  0.8187E-01  0.8993E-01  0.7965E-01  0.3507E-01  0.2953E-01  0.1928E+00
   0.5105E-03 -0.2237E-03 -0.2842E-03  0.0000E+00  0.0000E+00  0.0000E+00  0.6885E-01  0.8495E-01  0.9856E-01  0.8783E-01  0.4343E-01  0.3707E-01  0.7658E-01 -0.3500E-01 -0.3957E-01  0.0000E+00  0.0000E+00  0.0000E+00  0.5428E-01  0.8187E-01  0.8995E-01  0.7968E-01  0.3510E-01  0.2954E-01  0.1930E+00
   0.5105E-03 -0.2236E-03 -0.2844E-03  0.0000E+00  0.0000E+00  0.0000E+00  0.6904E-01  0.8519E-01  0.9865E-01  0.8811E-01  0.4358E-01  0.3712E-01  0.7709E-01 -0.3522E-01 -0.3986E-01  0.0000E+00  0.0000E+00  0.0000E+00  0.5433E-01  0.8187E-01  0.8998E-01  0.7971E-01  0.3512E-01  0.2955E-01  0.1927E+00
   0.5105E-03 -0.2235E-03 -0.2845E-03  0.0000E+00  0.0000E+00  0.0000E+00  0.6926E-01  0.8522E-01  0.9879E-01  0.8803E-01  0.4362E-01  0.3716E-01  0.7760E-01 -0.3545E-01 -0.4014E-01  0.0000E+00  0.0000E+00  0.0000E+00  0.5438E-01  0.8187E-01  0.9001E-01  0.7973E-01  0.3515E-01  0.2956E-01  0.1926E+00
   0.5105E-03 -0.2233E-03 -0.2847E-03  0.0000E+00  0.0000E+00  0.0000E+00  0.6975E-01  0.8536E-01  0.9911E-01  0.8842E-01  0.4370E-01  0.3721E-01  0.7811E-01 -0.3567E-01 -0.4043E-01  0.0000E+00  0.0000E+00  0.0000E+00  0.5443E-01  0.8187E-01  0.9004E-01  0.7976E-01  0.3518E-01  0.2958E-01  0.1926E+00
   0.5105E-03 -0.2235E-03 -0.2845E-03  0.0000E+00  0.0000E+00  0.0000E+00  0.7026E-01  0.8561E-01  0.9946E-01  0.8867E-01  0.4373E-01  0.3726E-01  0.7862E-01 -0.3589E-01 -0.4071E-01  0.0000E+00  0.0000E+00  0.0000E+00  0.5449E-01  0.8188E-01  0.9008E-01  0.7980E-01  0.3521E-01  0.2959E-01  0.1926E+00
   0.5105E-03 -0.2235E-03 -0.2846E-03  0.0000E+00  0.0000E+00  0.0000E+00  0.7071E-01  0.8576E-01  0.9971E-01  0.8869E-01  0.4380E-01  0.3726E-01  0.7913E-01 -0.3612E-01 -0.4100E-01  0.0000E+00  0.0000E+00  0.0000E+00  0.5454E-01  0.8188E-01  0.9011E-01  0.7983E-01  0.3523E-01  0.2960E-01  0.1926E+00
   0.5105E-03 -0.2221E-03 -0.2860E-03  0.0000E+00  0.0000E+00  0.0000E+00  0.7099E-01  0.8552E-01  0.9916E-01  0.8904E-01  0.4387E-01  0.3706E-01  0.7964E-01 -0.3634E-01 -0.4128E-01  0.0000E+00  0.0000E+00  0.0000E+00  0.5460E-01  0.8188E-01  0.9014E-01  0.7986E-01  0.3526E-01  0.2961E-01  0.1928E+00
   0.5105E-03 -0.2210E-03 -0.2871E-03  0.0000E+00  0.0000E+00  0.0000E+00  0.7160E-01  0.8562E-01  0.9969E-01  0.8910E-01  0.4406E-01  0.3709E-01  0.8015E-01 -0.3656E-01 -0.4157E-01  0.0000E+00  0.0000E+00  0.0000E+00  0.5465E-01  0.8188E-01  0.9017E-01  0.7990E-01  0.3529E-01  0.2963E-01  0.1930E+00
   0.5105E-03 -0.2206E-03 -0.2876E-03  0.0000E+00  0.0000E+00  0.0000E+00  0.7190E-01  0.8569E-01  0.1001E+00  0.8932E-01  0.4420E-01  0.3701E-01  0.8066E-01 -0.3678E-01 -0.4186E-01  0.0000E+00  0.0000E+00  0.0000E+00  0.5471E-01  0.8188E-01  0.9020E-01  0.7993E-01  0.3532E-01  0.2964E-01  0.1924E+00
   0.5105E-03 -0.2198E-03 -0.2884E-03  0.0000E+00  0.0000E+00  0.0000E+00  0.7252E-01  0.8584E-01  0.1005E+00  0.8973E-01  0.4448E-01  0.3711E-01  0.8117E-01 -0.3700E-01 -0.4215E-01  0.0000E+00  0.0000E+00  0.0000E+00  0.5477E-01  0.8189E-01  0.9023E-01  0.7996E-01  0.3535E-01  0.2965E-01  0.1920E+00
   0.5105E-03 -0.2194E-03 -0.2888E-03  0.0000E+00  0.0000E+00  0.0000E+00  0.7302E-01  0.8601E-01  0.1009E+00  0.8988E-01  0.4462E-01  0.3716E-01  0.8168E-01 -0.3722E-01 -0.4243E-01  0.0000E+00  0.0000E+00  0.0000E+00  0.5483E-01  0.8189E-01  0.9027E-01  0.8000E-01  0.3538E-01  0.2966E-01  0.1919E+00
   0.5105E-03 -0.2193E-03 -0.2889E-03  0.0000E+00  0.0000E+00  0.0000E+00  0.7328E-01  0.8625E-01  0.1014E+00  0.9032E-01  0.4472E-01  0.3723E-01  0.8219E-01 -0.3744E-01 -0.4272E-01  0.0000E+00  0.0000E+00  0.0000E+00  0.5489E-01  0.8189E-01  0.9031E-01  0.8004E-01  0.3541E-01  0.2968E-01  0.1920E+00
   0.5105E-03 -0.2191E-03 -0.2891E-03  0.0000E+00  0.0000E+00  0.0000E+00  0.7299E-01  0.8615E-01  0.1012E+00  0.9055E-01  0.4442E-01  0.3742E-01  0.8270E-01 -0.3766E-01 -0.4301E-01  0.0000E+00  0.0000E+00  0.0000E+00  0.5495E-01  0.8190E-01  0.9035E-01  0.8008E-01  0.3543E-01  0.2969E-01  0.1915E+00
   0.5105E-03 -0.2190E-03 -0.2892E-03  0.0000E+00  0.0000E+00  0.0000E+00  0.7376E-01  0.8651E-01  0.1017E+00  0.9101E-01  0.4462E-01  0.3750E-01  0.8321E-01 -0.3788E-01 -0.4330E-01  0.0000E+00  0.0000E+00  0.0000E+00  0.5501E-01  0.8191E-01  0.9038E-01  0.8012E-01  0.3546E-01  0.2970E-01  0.1915E+00
   0.5105E-03 -0.2187E-03 -0.2895E-03  0.0000E+00  0.0000E+00  0.0000E+00  0.7425E-01  0.8667E-01  0.1021E+00  0.9117E-01  0.4473E-01  0.3755E-01  0.8372E-01 -0.3809E-01 -0.4359E-01  0.0000E+00  0.0000E+00  0.0000E+00  0.5507E-01  0.8191E-01  0.9042E-01  0.8016E-01  0.3549E-01  0.2972E-01  0.1912E+00
   0.5105E-03 -0.2186E-03 -0.2897E-03  0.0000E+00  0.0000E+00  0.0000E+00  0.7489E-01  0.8694E-01  0.1026E+00  0.9158E-01  0.4483E-01  0.3759E-01  0.8423E-01 -0.3831E-01 -0.4388E-01  0.0000E+00  0.0000E+00  0.0000E+00  0.5514E-01  0.8192E-01  0.9047E-01  0.8020E-01  0.3552E-01  0.2973E-01  0.1912E+00
   0.5105E-03 -0.2185E-03 -0.2898E-03  0.0000E+00  0.0000E+00  0.0000E+00  0.7544E-01  0.8738E-01  0.1030E+00  0.9192E-01  0.4493E-01  0.3769E-01  0.8474E-01 -0.3853E-01 -0.4417E-01  0.0000E+00  0.0000E+00  0.0000E+00  0.5521E-01  0.8193E-01  0.9051E-01  0.8025E-01  0.3555E-01  0.2975E-01  0.1918E+00
   0.5105E-03 -0.2184E-03 -0.2900E-03  0.0000E+00  0.0000E+00  0.0000E+00  0.7585E-01  0.8743E-01  0.1032E+00  0.9219E-01  0.4505E-01  0.3772E-01  0.8525E-01 -0.3875E-01 -0.4446E-01  0.0000E+00  0.0000E+00  0.0000E+00  0.5528E-01  0.8194E-01  0.9056E-01  0.8029E-01  0.3558E-01  0.2976E-01  0.1915E+00
   0.5105E-03 -0.2185E-03 -0.2898E-03  0.0000E+00  0.0000E+00  0.0000E+00  0.7617E-01  0.8752E-01  0.1034E+00  0.9213E-01  0.4511E-01  0.3779E-01  0.8576E-01 -0.3897E-01 -0.4475E-01  0.0000E+00  0.0000E+00  0.0000E+00  0.5535E-01  0.8196E-01  0.9061E-01  0.8034E-01  0.3561E-01  0.2978E-01  0.1916E+00
   0.5105E-03 -0.2183E-03 -0.2900E-03  0.0000E+00  0.0000E+00  0.0000E+00  0.7652E-01  0.8757E-01  0.1038E+00  0.9182E-01  0.4513E-01  0.3802E-01  0.8627E-01 -0.3919E-01 -0.4504E-01  0.0000E+00  0.0000E+00  0.0000E+00  0.5542E-01  0.8197E-01  0.9065E-01  0.8038E-01  0.3564E-01  0.2979E-01  0.1912E+00
   0.5105E-03 -0.2182E-03 -0.2902E-03  0.0000E+00  0.0000E+00  0.0000E+00  0.7712E-01  0.8795E-01  0.1044E+00  0.9208E-01  0.4528E-01  0.3814E-01  0.8679E-01 -0.3941E-01 -0.4533E-01  0.0000E+00  0.0000E+00  0.0000E+00  0.5550E-01  0.8198E-01  0.9070E-01  0.8042E-01  0.3567E-01  0.2981E-01  0.1911E+00
   0.5105E-03 -0.2178E-03 -0.2906E-03  0.0000E+00  0.0000E+00  0.0000E+00  0.7769E-01  0.8811E-01  0.1048E+00  0.9240E-01  0.4544E-01  0.3817E-01  0.8730E-01 -0.3962E-01 -0.4562E-01  0.0000E+00  0.0000E+00  0.0000E+00  0.5557E-01  0.8200E-01  0.9076E-01  0.8046E-01  0.3570E-01  0.2983E-01  0.1911E+00
   0.5105E-03 -0.2175E-03 -0.2909E-03  0.0000E+00  0.0000E+00  0.0000E+00  0.7807E-01  0.8822E-01  0.1053E+00  0.9276E-01  0.4549E-01  0.3814E-01  0.8781E-01 -0.3984E-01 -0.4591E-01  0.0000E+00  0.0000E+00  0.0000E+00  0.5565E-01  0.8201E-01  0.9081E-01  0.8051E-01  0.3573E-01  0.2985E-01  0.1906E+00
   0.5105E-03 -0.2163E-03 -0.2922E-03  0.0000E+00  0.0000E+00  0.0000E+00  0.7787E-01  0.8722E-01  0.1031E+00  0.9267E-01  0.4565E-01  0.3814E-01  0.8832E-01 -0.4006E-01 -0.4621E-01  0.0000E+00  0.0000E+00  0.0000E+00  0.5572E-01  0.8202E-01  0.9085E-01  0.8055E-01  0.3577E-01  0.2986E-01  0.1902E+00
   0.5105E-03 -0.2154E-03 -0.2930E-03  0.0000E+00  0.0000E+00  0.0000E+00  0.7842E-01  0.8718E-01  0.1036E+00  0.9302E-01  0.4583E-01  0.3807E-01  0.8883E-01 -0.4027E-01 -0.4650E-01  0.0000E+00  0.0000E+00  0.0000E+00  0.5579E-01  0.8202E-01  0.9088E-01  0.8059E-01  0.3580E-01  0.2988E-01  0.1899E+00
   0.5105E-03 -0.2153E-03 -0.2931E-03  0.0000E+00  0.0000E+00  0.0000E+00  0.7912E-01  0.8746E-01  0.1040E+00  0.9322E-01  0.4592E-01  0.3815E-01  0.8934E-01 -0.4049E-01 -0.4679E-01  0.0000E+00  0.0000E+00  0.0000E+00  0.5587E-01  0.8203E-01  0.9092E-01  0.8064E-01  0.3583E-01  0.2990E-01  0.1900E+00
   0.5105E-03 -0.2153E-03 -0.2932E-03  0.0000E+00  0.0000E+00  0.0000E+00  0.7929E-01  0.8741E-01  0.1041E+00  0.9335E-01  0.4596E-01  0.3815E-01  0.8985E-01 -0.4070E-01 -0.4708E-01  0.0000E+00  0.0000E+00  0.0000E+00  0.5595E-01  0.8203E-01  0.9096E-01  0.8069E-01  0.3586E-01  0.2991E-01  0.1899E+00
   0.5105E-03 -0.2145E-03 -0.2939E-03  0.0000E+00  0.0000E+00  0.0000E+00  0.7926E-01  0.8672E-01  0.1020E+00  0.9349E-01  0.4618E-01  0.3856E-01  0.9036E-01 -0.4092E-01 -0.4738E-01  0.0000E+00  0.0000E+00  0.0000E+00  0.5602E-01  0.8203E-01  0.9099E-01  0.8073E-01  0.3589E-01  0.2993E-01  0.1896E+00
   0.5105E-03 -0.2138E-03 -0.2947E-03  0.0000E+00  0.0000E+00  0.0000E+00  0.8000E-01  0.8696E-01  0.1026E+00  0.9382E-01  0.4638E-01  0.3859E-01  0.9087E-01 -0.4113E-01 -0.4767E-01  0.0000E+00  0.0000E+00  0.0000E+00  0.5610E-01  0.8203E-01  0.9101E-01  0.8078E-01  0.3593E-01  0.2995E-01  0.1896E+00
   0.5105E-03 -0.2133E-03 -0.2952E-03  0.0000E+00  0.0000E+00  0.0000E+00  0.8075E-01  0.8720E-01  0.1032E+00  0.9421E-01  0.4654E-01  0.3863E-01  0.9138E-01 -0.4134E-01 -0.4797E-01  0.0000E+00  0.0000E+00  0.0000E+00  0.5618E-01  0.8203E-01  0.9104E-01  0.8083E-01  0.3596E-01  0.2997E-01  0.1898E+00
   0.5105E-03 -0.2128E-03 -0.2957E-03  0.0000E+00  0.0000E+00  0.0000E+00  0.8124E-01  0.8726E-01  0.1034E+00  0.9425E-01  0.4659E-01  0.3858E-01  0.9189E-01 -0.4156E-01 -0.4826E-01  0.0000E+00  0.0000E+00  0.0000E+00  0.5626E-01  0.8204E-01  0.9107E-01  0.8087E-01  0.3599E-01  0.2999E-01  0.1896E+00
   0.5105E-03 -0.2128E-03 -0.2957E-03  0.0000E+00  0.0000E+00  0.0000E+00  0.8191E-01  0.8754E-01  0.1040E+00  0.9458E-01  0.4668E-01  0.3862E-01  0.9240E-01 -0.4177E-01 -0.4856E-01  0.0000E+00  0.0000E+00  0.0000E+00  0.5634E-01  0.8204E-01  0.9110E-01  0.8092E-01  0.3603E-01  0.3001E-01  0.1894E+00
   0.5105E-03 -0.2126E-03 -0.2960E-03  0.0000E+00  0.0000E+00  0.0000E+00  0.8256E-01  0.8781E-01  0.1045E+00  0.9490E-01  0.4681E-01  0.3869E-01  0.9291E-01 -0.4198E-01 -0.4886E-01  0.0000E+00  0.0000E+00  0.0000E+00  0.5643E-01  0.8204E-01  0.9114E-01  0.8097E-01  0.3606E-01  0.3003E-01  0.1894E+00
   0.5105E-03 -0.2122E-03 -0.2964E-03  0.0000E+00  0.0000E+00  0.0000E+00  0.8322E-01  0.8802E-01  0.1050E+00  0.9516E-01  0.4692E-01  0.3872E-01  0.9342E-01 -0.4219E-01 -0.4915E-01  0.0000E+00  0.0000E+00  0.0000E+00  0.5651E-01  0.8205E-01  0.9117E-01  0.8103E-01  0.3610E-01  0.3004E-01  0.1897E+00
   0.5105E-03 -0.2118E-03 -0.2968E-03  0.0000E+00  0.0000E+00  0.0000E+00  0.8346E-01  0.8822E-01  0.1054E+00  0.9519E-01  0.4691E-01  0.3873E-01  0.9393E-01 -0.4241E-01 -0.4945E-01  0.0000E+00  0.0000E+00  0.0000E+00  0.5660E-01  0.8206E-01  0.9121E-01  0.8108E-01  0.3613E-01  0.3006E-01  0.1905E+00
   0.5105E-03 -0.2117E-03 -0.2969E-03  0.0000E+00  0.0000E+00  0.0000E+00  0.8394E-01  0.8829E-01  0.1058E+00  0.9530E-01  0.4703E-01  0.3876E-01  0.9444E-01 -0.4262E-01 -0.4975E-01  0.0000E+00  0.0000E+00  0.0000E+00  0.5669E-01  0.8206E-01  0.9125E-01  0.8113E-01  0.3617E-01  0.3008E-01  0.1904E+00
   0.5105E-03 -0.2113E-03 -0.2973E-03  0.0000E+00  0.0000E+00  0.0000E+00  0.8445E-01  0.8838E-01  0.1062E+00  0.9545E-01  0.4716E-01  0.3882E-01  0.9495E-01 -0.4283E-01 -0.5004E-01  0.0000E+00  0.0000E+00  0.0000E+00  0.5678E-01  0.8207E-01  0.9130E-01  0.8118E-01  0.3620E-01  0.3010E-01  0.1901E+00
   0.5105E-03 -0.2115E-03 -0.2971E-03  0.0000E+00  0.0000E+00  0.0000E+00  0.8502E-01  0.8860E-01  0.1065E+00  0.9569E-01  0.4721E-01  0.3889E-01  0.9546E-01 -0.4304E-01 -0.5034E-01  0.0000E+00  0.0000E+00  0.0000E+00  0.5688E-01  0.8208E-01  0.9134E-01  0.8123E-01  0.3623E-01  0.3012E-01  0.1901E+00
   0.5105E-03 -0.2122E-03 -0.2965E-03  0.0000E+00  0.0000E+00  0.0000E+00  0.8630E-01  0.8910E-01  0.1071E+00  0.9606E-01  0.4728E-01  0.3917E-01  0.9597E-01 -0.4325E-01 -0.5064E-01  0.0000E+00  0.0000E+00  0.0000E+00  0.5697E-01  0.8209E-01  0.9138E-01  0.8129E-01  0.3627E-01  0.3014E-01  0.1887E+00
   0.5105E-03 -0.2117E-03 -0.2969E-03  0.0000E+00  0.0000E+00  0.0000E+00  0.8665E-01  0.8923E-01  0.1074E+00  0.9632E-01  0.4739E-01  0.3922E-01  0.9648E-01 -0.4347E-01 -0.5093E-01  0.0000E+00  0.0000E+00  0.0000E+00  0.5706E-01  0.8210E-01  0.9143E-01  0.8134E-01  0.3630E-01  0.3016E-01  0.1898E+00
   0.5105E-03 -0.2115E-03 -0.2972E-03  0.0000E+00  0.0000E+00  0.0000E+00  0.8695E-01  0.8929E-01  0.1077E+00  0.9564E-01  0.4751E-01  0.3963E-01  0.9699E-01 -0.4368E-01 -0.5123E-01  0.0000E+00  0.0000E+00  0.0000E+00  0.5715E-01  0.8211E-01  0.9148E-01  0.8139E-01  0.3634E-01  0.3018E-01  0.1900E+00
   0.5105E-03 -0.2112E-03 -0.2975E-03  0.0000E+00  0.0000E+00  0.0000E+00  0.8745E-01  0.8933E-01  0.1078E+00  0.9578E-01  0.4729E-01  0.3969E-01  0.9751E-01 -0.4389E-01 -0.5153E-01  0.0000E+00  0.0000E+00  0.0000E+00  0.5725E-01  0.8212E-01  0.9152E-01  0.8144E-01  0.3637E-01  0.3020E-01  0.1899E+00
   0.5105E-03 -0.2109E-03 -0.2978E-03  0.0000E+00  0.0000E+00  0.0000E+00  0.8782E-01  0.8937E-01  0.1081E+00  0.9587E-01  0.4740E-01  0.3973E-01  0.9802E-01 -0.4410E-01 -0.5183E-01  0.0000E+00  0.0000E+00  0.0000E+00  0.5734E-01  0.8213E-01  0.9157E-01  0.8149E-01  0.3640E-01  0.3022E-01  0.1900E+00
   0.5105E-03 -0.2106E-03 -0.2981E-03  0.0000E+00  0.0000E+00  0.0000E+00  0.8833E-01  0.8952E-01  0.1084E+00  0.9605E-01  0.4752E-01  0.3978E-01  0.9853E-01 -0.4431E-01 -0.5212E-01  0.0000E+00  0.0000E+00  0.0000E+00  0.5744E-01  0.8215E-01  0.9161E-01  0.8154E-01  0.3643E-01  0.3024E-01  0.1900E+00
   0.5105E-03 -0.2108E-03 -0.2979E-03  0.0000E+00  0.0000E+00  0.0000E+00  0.8866E-01  0.8949E-01  0.1088E+00  0.9579E-01  0.4782E-01  0.3987E-01  0.9904E-01 -0.4452E-01 -0.5242E-01  0.0000E+00  0.0000E+00  0.0000E+00  0.5754E-01  0.8216E-01  0.9166E-01  0.8159E-01  0.3647E-01  0.3026E-01  0.1894E+00
   0.5105E-03 -0.2111E-03 -0.2977E-03  0.0000E+00  0.0000E+00  0.0000E+00  0.8946E-01  0.8995E-01  0.1094E+00  0.9639E-01  0.4800E-01  0.3992E-01  0.9955E-01 -0.4473E-01 -0.5272E-01  0.0000E+00  0.0000E+00  0.0000E+00  0.5764E-01  0.8217E-01  0.9171E-01  0.8164E-01  0.3650E-01  0.3028E-01  0.1893E+00
   0.5105E-03 -0.2109E-03 -0.2979E-03  0.0000E+00  0.0000E+00  0.0000E+00  0.9024E-01  0.9022E-01  0.1100E+00  0.9669E-01  0.4812E-01  0.3998E-01  0.1001E+00 -0.4494E-01 -0.5302E-01  0.0000E+00  0.0000E+00  0.0000E+00  0.5774E-01  0.8218E-01  0.9177E-01  0.8169E-01  0.3653E-01  0.3030E-01  0.1895E+00
   0.5105E-03 -0.2104E-03 -0.2984E-03  0.0000E+00  0.0000E+00  0.0000E+00  0.9058E-01  0.9056E-01  0.1102E+00  0.9707E-01  0.4826E-01  0.4003E-01  0.1006E+00 -0.4515E-01 -0.5332E-01  0.0000E+00  0.0000E+00  0.0000E+00  0.5784E-01  0.8220E-01  0.9182E-01  0.8174E-01  0.3657E-01  0.3032E-01  0.1898E+00
   0.5105E-03 -0.2104E-03 -0.2984E-03  0.0000E+00  0.0000E+00  0.0000E+00  0.9092E-01  0.9079E-01  0.1105E+00  0.9732E-01  0.4839E-01  0.4011E-01  0.1011E+00 -0.4536E-01 -0.5361E-01  0.0000E+00  0.0000E+00  0.0000E+00  0.5794E-01  0.8222E-01  0.9188E-01  0.8180E-01  0.3660E-01  0.3035E-01  0.1897E+00
   0.5105E-03 -0.2101E-03 -0.2987E-03  0.0000E+00  0.0000E+00  0.0000E+00  0.9122E-01  0.9093E-01  0.1109E+00  0.9752E-01  0.4855E-01  0.4018E-01  0.1016E+00 -0.4557E-01 -0.5391E-01  0.0000E+00  0.0000E+00  0.0000E+00  0.5805E-01  0.8224E-01  0.9193E-01  0.8185E-01  0.3664E-01  0.3037E-01  0.1897E+00
   0.5105E-03 -0.2095E-03 -0.2993E-03  0.0000E+00  0.0000E+00  0.0000E+00  0.9180E-01  0.9108E-01  0.1113E+00  0.9774E-01  0.4872E-01  0.4024E-01  0.1021E+00 -0.4578E-01 -0.5421E-01  0.0000E+00  0.0000E+00  0.0000E+00  0.5815E-01  0.8225E-01  0.9199E-01  0.8191E-01  0.3667E-01  0.3039E-01  0.1897E+00
