 ******************************************************************************
 DP                                                                                                                                                    
 ******************************************************************************
 COMPONENTS 11 22 33 OF SAMPLE STRAIN, STRESS, ELASTIC STRAIN and AVACS
 ******************************************************************************
        et11        et22        et33        et23        et13        et12           st11        st22        st33        st23        st13        st12         etel11      etel22      etel33        etth11      etth22      etth33
  0.0000E+00  0.0000E+00  0.0000E+00  0.0000E+00  0.0000E+00  0.0000E+00     0.0000E+00  0.0000E+00  0.0000E+00  0.0000E+00  0.0000E+00  0.0000E+00     0.0000E+00  0.0000E+00  0.0000E+00     0.0000E+00  0.0000E+00  0.0000E+00
  0.5105E-03 -0.1390E-03 -0.1561E-03  0.0000E+00  0.0000E+00  0.0000E+00     0.1078E+03  0.0000E+00  0.0000E+00  0.1210E+01  0.1518E+01  0.2887E+00     0.5106E-03 -0.1390E-03 -0.1562E-03     0.0000E+00  0.0000E+00  0.0000E+00
  0.1021E-02 -0.2779E-03 -0.3122E-03  0.0000E+00  0.0000E+00  0.0000E+00     0.2157E+03  0.2949E-06  0.4674E-06  0.2420E+01  0.3035E+01  0.5773E+00     0.1021E-02 -0.2780E-03 -0.3123E-03     0.0000E+00  0.0000E+00  0.0000E+00
  0.1532E-02 -0.4707E-03 -0.5138E-03  0.0000E+00  0.0000E+00  0.0000E+00     0.2735E+03 -0.3049E-03  0.2986E-02  0.4055E+01  0.3727E+01  0.1901E+00     0.1295E-02 -0.3527E-03 -0.3958E-03     0.0000E+00  0.0000E+00  0.0000E+00
  0.2042E-02 -0.6620E-03 -0.7413E-03  0.0000E+00  0.0000E+00  0.0000E+00     0.3190E+03 -0.3275E-03  0.3604E-02  0.5029E+01  0.3914E+01  0.4778E+00     0.1511E-02 -0.4114E-03 -0.4617E-03     0.0000E+00  0.0000E+00  0.0000E+00
  0.2552E-02 -0.8512E-03 -0.9788E-03  0.0000E+00  0.0000E+00  0.0000E+00     0.3606E+03 -0.8871E-03  0.4237E-02  0.5350E+01  0.4426E+01  0.7847E+00     0.1707E-02 -0.4650E-03 -0.5220E-03     0.0000E+00  0.0000E+00  0.0000E+00
  0.3063E-02 -0.1058E-02 -0.1212E-02  0.0000E+00  0.0000E+00  0.0000E+00     0.3957E+03 -0.3139E-02  0.6438E-02  0.5274E+01  0.4929E+01  0.9012E+00     0.1874E-02 -0.5103E-03 -0.5729E-03     0.0000E+00  0.0000E+00  0.0000E+00
  0.3573E-02 -0.1271E-02 -0.1442E-02  0.0000E+00  0.0000E+00  0.0000E+00     0.4293E+03 -0.2618E-02  0.5934E-02  0.5398E+01  0.5180E+01  0.8318E+00     0.2033E-02 -0.5535E-03 -0.6215E-03     0.0000E+00  0.0000E+00  0.0000E+00
  0.4084E-02 -0.1485E-02 -0.1673E-02  0.0000E+00  0.0000E+00  0.0000E+00     0.4620E+03 -0.2843E-02  0.6044E-02  0.5477E+01  0.5280E+01  0.8409E+00     0.2187E-02 -0.5957E-03 -0.6690E-03     0.0000E+00  0.0000E+00  0.0000E+00
  0.4594E-02 -0.1701E-02 -0.1903E-02  0.0000E+00  0.0000E+00  0.0000E+00     0.4941E+03 -0.3388E-02  0.6291E-02  0.5544E+01  0.5302E+01  0.7887E+00     0.2340E-02 -0.6371E-03 -0.7156E-03     0.0000E+00  0.0000E+00  0.0000E+00
  0.5105E-02 -0.1919E-02 -0.2132E-02  0.0000E+00  0.0000E+00  0.0000E+00     0.5257E+03 -0.3597E-02  0.6360E-02  0.5604E+01  0.5324E+01  0.6887E+00     0.2490E-02 -0.6779E-03 -0.7614E-03     0.0000E+00  0.0000E+00  0.0000E+00
  0.5615E-02 -0.2138E-02 -0.2361E-02  0.0000E+00  0.0000E+00  0.0000E+00     0.5569E+03 -0.4046E-02  0.6771E-02  0.5683E+01  0.5356E+01  0.6691E+00     0.2637E-02 -0.7181E-03 -0.8067E-03     0.0000E+00  0.0000E+00  0.0000E+00
  0.6126E-02 -0.2360E-02 -0.2614E-02  0.0000E+00  0.0000E+00  0.0000E+00     0.5744E+03 -0.2715E-02  0.5473E-02  0.6337E+01  0.5424E+01  0.3950E+00     0.2720E-02 -0.7408E-03 -0.8320E-03     0.0000E+00  0.0000E+00  0.0000E+00
  0.6637E-02 -0.2596E-02 -0.2866E-02  0.0000E+00  0.0000E+00  0.0000E+00     0.5859E+03 -0.2642E-02  0.4585E-02  0.6941E+01  0.5409E+01 -0.1369E+00     0.2775E-02 -0.7557E-03 -0.8485E-03     0.0000E+00  0.0000E+00  0.0000E+00
  0.7147E-02 -0.2834E-02 -0.3118E-02  0.0000E+00  0.0000E+00  0.0000E+00     0.5963E+03 -0.2212E-02  0.4671E-02  0.7547E+01  0.5419E+01 -0.6994E+00     0.2824E-02 -0.7691E-03 -0.8634E-03     0.0000E+00  0.0000E+00  0.0000E+00
  0.7657E-02 -0.3071E-02 -0.3370E-02  0.0000E+00  0.0000E+00  0.0000E+00     0.6062E+03 -0.2316E-02  0.5256E-02  0.8086E+01  0.5446E+01 -0.1221E+01     0.2871E-02 -0.7821E-03 -0.8777E-03     0.0000E+00  0.0000E+00  0.0000E+00
  0.8168E-02 -0.3310E-02 -0.3624E-02  0.0000E+00  0.0000E+00  0.0000E+00     0.6158E+03 -0.2127E-02  0.5559E-02  0.8578E+01  0.5469E+01 -0.1620E+01     0.2916E-02 -0.7945E-03 -0.8914E-03     0.0000E+00  0.0000E+00  0.0000E+00
  0.8679E-02 -0.3548E-02 -0.3877E-02  0.0000E+00  0.0000E+00  0.0000E+00     0.6250E+03 -0.2285E-02  0.6322E-02  0.9017E+01  0.5549E+01 -0.2043E+01     0.2960E-02 -0.8064E-03 -0.9047E-03     0.0000E+00  0.0000E+00  0.0000E+00
  0.9189E-02 -0.3788E-02 -0.4130E-02  0.0000E+00  0.0000E+00  0.0000E+00     0.6339E+03 -0.2142E-02  0.6434E-02  0.9529E+01  0.5694E+01 -0.2433E+01     0.3002E-02 -0.8180E-03 -0.9175E-03     0.0000E+00  0.0000E+00  0.0000E+00
  0.9699E-02 -0.4025E-02 -0.4386E-02  0.0000E+00  0.0000E+00  0.0000E+00     0.6424E+03 -0.1872E-02  0.6814E-02  0.9908E+01  0.5789E+01 -0.2773E+01     0.3042E-02 -0.8290E-03 -0.9297E-03     0.0000E+00  0.0000E+00  0.0000E+00
  0.1021E-01 -0.4264E-02 -0.4641E-02  0.0000E+00  0.0000E+00  0.0000E+00     0.6505E+03 -0.1923E-02  0.6991E-02  0.1020E+02  0.5910E+01 -0.3128E+01     0.3080E-02 -0.8394E-03 -0.9413E-03     0.0000E+00  0.0000E+00  0.0000E+00
  0.1072E-01 -0.4504E-02 -0.4897E-02  0.0000E+00  0.0000E+00  0.0000E+00     0.6582E+03 -0.1566E-02  0.7150E-02  0.1046E+02  0.6031E+01 -0.3467E+01     0.3117E-02 -0.8494E-03 -0.9524E-03     0.0000E+00  0.0000E+00  0.0000E+00
  0.1123E-01 -0.4745E-02 -0.5151E-02  0.0000E+00  0.0000E+00  0.0000E+00     0.6656E+03 -0.1563E-02  0.7647E-02  0.1073E+02  0.6138E+01 -0.3730E+01     0.3152E-02 -0.8589E-03 -0.9630E-03     0.0000E+00  0.0000E+00  0.0000E+00
  0.1174E-01 -0.4986E-02 -0.5406E-02  0.0000E+00  0.0000E+00  0.0000E+00     0.6726E+03 -0.1171E-02  0.7510E-02  0.1098E+02  0.6202E+01 -0.3985E+01     0.3185E-02 -0.8680E-03 -0.9731E-03     0.0000E+00  0.0000E+00  0.0000E+00
  0.1225E-01 -0.5229E-02 -0.5660E-02  0.0000E+00  0.0000E+00  0.0000E+00     0.6794E+03 -0.8253E-03  0.7590E-02  0.1125E+02  0.6203E+01 -0.4269E+01     0.3217E-02 -0.8769E-03 -0.9829E-03     0.0000E+00  0.0000E+00  0.0000E+00
  0.1276E-01 -0.5473E-02 -0.5914E-02  0.0000E+00  0.0000E+00  0.0000E+00     0.6859E+03 -0.5561E-03  0.7815E-02  0.1149E+02  0.6207E+01 -0.4571E+01     0.3248E-02 -0.8853E-03 -0.9924E-03     0.0000E+00  0.0000E+00  0.0000E+00
  0.1327E-01 -0.5716E-02 -0.6168E-02  0.0000E+00  0.0000E+00  0.0000E+00     0.6922E+03 -0.3943E-03  0.7642E-02  0.1170E+02  0.6241E+01 -0.4843E+01     0.3278E-02 -0.8935E-03 -0.1001E-02     0.0000E+00  0.0000E+00  0.0000E+00
  0.1378E-01 -0.5960E-02 -0.6422E-02  0.0000E+00  0.0000E+00  0.0000E+00     0.6983E+03 -0.4128E-03  0.7886E-02  0.1190E+02  0.6319E+01 -0.5050E+01     0.3307E-02 -0.9013E-03 -0.1010E-02     0.0000E+00  0.0000E+00  0.0000E+00
  0.1429E-01 -0.6204E-02 -0.6677E-02  0.0000E+00  0.0000E+00  0.0000E+00     0.7041E+03 -0.5482E-03  0.8311E-02  0.1210E+02  0.6376E+01 -0.5247E+01     0.3334E-02 -0.9089E-03 -0.1019E-02     0.0000E+00  0.0000E+00  0.0000E+00
  0.1480E-01 -0.6448E-02 -0.6932E-02  0.0000E+00  0.0000E+00  0.0000E+00     0.7097E+03 -0.6328E-03  0.8411E-02  0.1232E+02  0.6418E+01 -0.5399E+01     0.3360E-02 -0.9160E-03 -0.1027E-02     0.0000E+00  0.0000E+00  0.0000E+00
  0.1531E-01 -0.6694E-02 -0.7187E-02  0.0000E+00  0.0000E+00  0.0000E+00     0.7151E+03 -0.4895E-03  0.8534E-02  0.1255E+02  0.6467E+01 -0.5531E+01     0.3386E-02 -0.9231E-03 -0.1034E-02     0.0000E+00  0.0000E+00  0.0000E+00
  0.1583E-01 -0.6939E-02 -0.7441E-02  0.0000E+00  0.0000E+00  0.0000E+00     0.7204E+03 -0.3889E-03  0.8416E-02  0.1276E+02  0.6565E+01 -0.5647E+01     0.3411E-02 -0.9299E-03 -0.1042E-02     0.0000E+00  0.0000E+00  0.0000E+00
  0.1634E-01 -0.7185E-02 -0.7696E-02  0.0000E+00  0.0000E+00  0.0000E+00     0.7255E+03 -0.1236E-03  0.8467E-02  0.1299E+02  0.6647E+01 -0.5739E+01     0.3435E-02 -0.9365E-03 -0.1049E-02     0.0000E+00  0.0000E+00  0.0000E+00
  0.1685E-01 -0.7430E-02 -0.7951E-02  0.0000E+00  0.0000E+00  0.0000E+00     0.7304E+03 -0.9190E-04  0.8601E-02  0.1325E+02  0.6716E+01 -0.5843E+01     0.3458E-02 -0.9429E-03 -0.1056E-02     0.0000E+00  0.0000E+00  0.0000E+00
  0.1736E-01 -0.7676E-02 -0.8206E-02  0.0000E+00  0.0000E+00  0.0000E+00     0.7352E+03 -0.2114E-03  0.8759E-02  0.1350E+02  0.6804E+01 -0.5924E+01     0.3481E-02 -0.9491E-03 -0.1063E-02     0.0000E+00  0.0000E+00  0.0000E+00
  0.1787E-01 -0.7923E-02 -0.8460E-02  0.0000E+00  0.0000E+00  0.0000E+00     0.7398E+03 -0.3624E-03  0.8982E-02  0.1375E+02  0.6881E+01 -0.6036E+01     0.3503E-02 -0.9551E-03 -0.1070E-02     0.0000E+00  0.0000E+00  0.0000E+00
  0.1838E-01 -0.8169E-02 -0.8715E-02  0.0000E+00  0.0000E+00  0.0000E+00     0.7443E+03 -0.5345E-03  0.9151E-02  0.1401E+02  0.6950E+01 -0.6169E+01     0.3524E-02 -0.9609E-03 -0.1076E-02     0.0000E+00  0.0000E+00  0.0000E+00
  0.1889E-01 -0.8415E-02 -0.8971E-02  0.0000E+00  0.0000E+00  0.0000E+00     0.7487E+03 -0.3560E-03  0.9225E-02  0.1427E+02  0.7034E+01 -0.6265E+01     0.3545E-02 -0.9665E-03 -0.1083E-02     0.0000E+00  0.0000E+00  0.0000E+00
  0.1940E-01 -0.8661E-02 -0.9227E-02  0.0000E+00  0.0000E+00  0.0000E+00     0.7529E+03 -0.3590E-03  0.9382E-02  0.1452E+02  0.7089E+01 -0.6352E+01     0.3565E-02 -0.9720E-03 -0.1089E-02     0.0000E+00  0.0000E+00  0.0000E+00
  0.1991E-01 -0.8907E-02 -0.9483E-02  0.0000E+00  0.0000E+00  0.0000E+00     0.7570E+03 -0.4640E-03  0.9308E-02  0.1476E+02  0.7126E+01 -0.6407E+01     0.3584E-02 -0.9773E-03 -0.1095E-02     0.0000E+00  0.0000E+00  0.0000E+00
  0.2042E-01 -0.9153E-02 -0.9740E-02  0.0000E+00  0.0000E+00  0.0000E+00     0.7610E+03 -0.4816E-03  0.9555E-02  0.1498E+02  0.7155E+01 -0.6466E+01     0.3603E-02 -0.9825E-03 -0.1100E-02     0.0000E+00  0.0000E+00  0.0000E+00
  0.2093E-01 -0.9400E-02 -0.9996E-02  0.0000E+00  0.0000E+00  0.0000E+00     0.7649E+03 -0.2817E-03  0.9400E-02  0.1519E+02  0.7185E+01 -0.6539E+01     0.3622E-02 -0.9876E-03 -0.1106E-02     0.0000E+00  0.0000E+00  0.0000E+00
  0.2144E-01 -0.9647E-02 -0.1025E-01  0.0000E+00  0.0000E+00  0.0000E+00     0.7688E+03 -0.3244E-03  0.9565E-02  0.1539E+02  0.7232E+01 -0.6611E+01     0.3640E-02 -0.9926E-03 -0.1112E-02     0.0000E+00  0.0000E+00  0.0000E+00
  0.2195E-01 -0.9894E-02 -0.1051E-01  0.0000E+00  0.0000E+00  0.0000E+00     0.7725E+03 -0.1648E-03  0.9495E-02  0.1561E+02  0.7259E+01 -0.6673E+01     0.3657E-02 -0.9973E-03 -0.1117E-02     0.0000E+00  0.0000E+00  0.0000E+00
  0.2246E-01 -0.1014E-01 -0.1077E-01  0.0000E+00  0.0000E+00  0.0000E+00     0.7760E+03  0.7629E-05  0.9450E-02  0.1583E+02  0.7298E+01 -0.6753E+01     0.3674E-02 -0.1002E-02 -0.1122E-02     0.0000E+00  0.0000E+00  0.0000E+00
  0.2297E-01 -0.1038E-01 -0.1102E-01  0.0000E+00  0.0000E+00  0.0000E+00     0.7794E+03  0.3576E-04  0.9325E-02  0.1602E+02  0.7338E+01 -0.6798E+01     0.3690E-02 -0.1006E-02 -0.1127E-02     0.0000E+00  0.0000E+00  0.0000E+00
  0.2348E-01 -0.1063E-01 -0.1128E-01  0.0000E+00  0.0000E+00  0.0000E+00     0.7828E+03 -0.7381E-04  0.9462E-02  0.1623E+02  0.7398E+01 -0.6815E+01     0.3706E-02 -0.1011E-02 -0.1132E-02     0.0000E+00  0.0000E+00  0.0000E+00
  0.2399E-01 -0.1087E-01 -0.1154E-01  0.0000E+00  0.0000E+00  0.0000E+00     0.7861E+03 -0.1666E-03  0.9480E-02  0.1642E+02  0.7461E+01 -0.6831E+01     0.3722E-02 -0.1015E-02 -0.1136E-02     0.0000E+00  0.0000E+00  0.0000E+00
  0.2450E-01 -0.1112E-01 -0.1180E-01  0.0000E+00  0.0000E+00  0.0000E+00     0.7893E+03 -0.2627E-03  0.9730E-02  0.1660E+02  0.7499E+01 -0.6855E+01     0.3737E-02 -0.1019E-02 -0.1141E-02     0.0000E+00  0.0000E+00  0.0000E+00
  0.2501E-01 -0.1136E-01 -0.1206E-01  0.0000E+00  0.0000E+00  0.0000E+00     0.7924E+03 -0.8540E-04  0.9915E-02  0.1677E+02  0.7530E+01 -0.6872E+01     0.3752E-02 -0.1023E-02 -0.1146E-02     0.0000E+00  0.0000E+00  0.0000E+00
  0.2552E-01 -0.1161E-01 -0.1232E-01  0.0000E+00  0.0000E+00  0.0000E+00     0.7955E+03 -0.2938E-03  0.1000E-01  0.1695E+02  0.7538E+01 -0.6859E+01     0.3766E-02 -0.1027E-02 -0.1150E-02     0.0000E+00  0.0000E+00  0.0000E+00
  0.2604E-01 -0.1185E-01 -0.1258E-01  0.0000E+00  0.0000E+00  0.0000E+00     0.7985E+03 -0.1171E-03  0.1002E-01  0.1712E+02  0.7535E+01 -0.6831E+01     0.3781E-02 -0.1031E-02 -0.1154E-02     0.0000E+00  0.0000E+00  0.0000E+00
  0.2655E-01 -0.1209E-01 -0.1284E-01  0.0000E+00  0.0000E+00  0.0000E+00     0.8015E+03 -0.2266E-03  0.1019E-01  0.1730E+02  0.7551E+01 -0.6772E+01     0.3795E-02 -0.1035E-02 -0.1159E-02     0.0000E+00  0.0000E+00  0.0000E+00
  0.2706E-01 -0.1233E-01 -0.1311E-01  0.0000E+00  0.0000E+00  0.0000E+00     0.8044E+03 -0.3475E-03  0.1032E-01  0.1748E+02  0.7558E+01 -0.6712E+01     0.3808E-02 -0.1039E-02 -0.1163E-02     0.0000E+00  0.0000E+00  0.0000E+00
  0.2757E-01 -0.1258E-01 -0.1337E-01  0.0000E+00  0.0000E+00  0.0000E+00     0.8073E+03 -0.2746E-03  0.1039E-01  0.1765E+02  0.7575E+01 -0.6649E+01     0.3822E-02 -0.1042E-02 -0.1167E-02     0.0000E+00  0.0000E+00  0.0000E+00
  0.2808E-01 -0.1282E-01 -0.1363E-01  0.0000E+00  0.0000E+00  0.0000E+00     0.8101E+03 -0.2035E-03  0.1038E-01  0.1782E+02  0.7589E+01 -0.6589E+01     0.3835E-02 -0.1046E-02 -0.1171E-02     0.0000E+00  0.0000E+00  0.0000E+00
  0.2859E-01 -0.1306E-01 -0.1390E-01  0.0000E+00  0.0000E+00  0.0000E+00     0.8128E+03 -0.4838E-03  0.1057E-01  0.1798E+02  0.7616E+01 -0.6526E+01     0.3848E-02 -0.1049E-02 -0.1175E-02     0.0000E+00  0.0000E+00  0.0000E+00
  0.2910E-01 -0.1330E-01 -0.1416E-01  0.0000E+00  0.0000E+00  0.0000E+00     0.8154E+03 -0.4934E-03  0.1067E-01  0.1812E+02  0.7619E+01 -0.6457E+01     0.3861E-02 -0.1053E-02 -0.1179E-02     0.0000E+00  0.0000E+00  0.0000E+00
  0.2961E-01 -0.1354E-01 -0.1442E-01  0.0000E+00  0.0000E+00  0.0000E+00     0.8181E+03 -0.5503E-03  0.1077E-01  0.1825E+02  0.7619E+01 -0.6395E+01     0.3873E-02 -0.1056E-02 -0.1182E-02     0.0000E+00  0.0000E+00  0.0000E+00
  0.3012E-01 -0.1378E-01 -0.1469E-01  0.0000E+00  0.0000E+00  0.0000E+00     0.8206E+03 -0.5240E-03  0.1089E-01  0.1838E+02  0.7621E+01 -0.6331E+01     0.3885E-02 -0.1060E-02 -0.1186E-02     0.0000E+00  0.0000E+00  0.0000E+00
  0.3063E-01 -0.1403E-01 -0.1495E-01  0.0000E+00  0.0000E+00  0.0000E+00     0.8232E+03 -0.6616E-03  0.1108E-01  0.1850E+02  0.7625E+01 -0.6283E+01     0.3897E-02 -0.1063E-02 -0.1190E-02     0.0000E+00  0.0000E+00  0.0000E+00
  0.3114E-01 -0.1427E-01 -0.1521E-01  0.0000E+00  0.0000E+00  0.0000E+00     0.8257E+03 -0.4654E-03  0.1099E-01  0.1862E+02  0.7609E+01 -0.6249E+01     0.3909E-02 -0.1066E-02 -0.1193E-02     0.0000E+00  0.0000E+00  0.0000E+00
  0.3165E-01 -0.1451E-01 -0.1548E-01  0.0000E+00  0.0000E+00  0.0000E+00     0.8282E+03 -0.7151E-03  0.1152E-01  0.1873E+02  0.7598E+01 -0.6234E+01     0.3921E-02 -0.1069E-02 -0.1197E-02     0.0000E+00  0.0000E+00  0.0000E+00
  0.3216E-01 -0.1475E-01 -0.1574E-01  0.0000E+00  0.0000E+00  0.0000E+00     0.8308E+03 -0.6559E-03  0.1159E-01  0.1882E+02  0.7569E+01 -0.6231E+01     0.3933E-02 -0.1073E-02 -0.1201E-02     0.0000E+00  0.0000E+00  0.0000E+00
  0.3267E-01 -0.1499E-01 -0.1601E-01  0.0000E+00  0.0000E+00  0.0000E+00     0.8335E+03 -0.6116E-03  0.1144E-01  0.1893E+02  0.7501E+01 -0.6224E+01     0.3946E-02 -0.1076E-02 -0.1205E-02     0.0000E+00  0.0000E+00  0.0000E+00
  0.3318E-01 -0.1523E-01 -0.1628E-01  0.0000E+00  0.0000E+00  0.0000E+00     0.8362E+03 -0.6447E-03  0.1153E-01  0.1905E+02  0.7450E+01 -0.6218E+01     0.3959E-02 -0.1080E-02 -0.1209E-02     0.0000E+00  0.0000E+00  0.0000E+00
  0.3369E-01 -0.1547E-01 -0.1654E-01  0.0000E+00  0.0000E+00  0.0000E+00     0.8389E+03 -0.8376E-03  0.1155E-01  0.1915E+02  0.7400E+01 -0.6229E+01     0.3972E-02 -0.1083E-02 -0.1212E-02     0.0000E+00  0.0000E+00  0.0000E+00
  0.3420E-01 -0.1571E-01 -0.1681E-01  0.0000E+00  0.0000E+00  0.0000E+00     0.8416E+03 -0.3945E-03  0.1124E-01  0.1926E+02  0.7346E+01 -0.6231E+01     0.3984E-02 -0.1087E-02 -0.1216E-02     0.0000E+00  0.0000E+00  0.0000E+00
  0.3471E-01 -0.1595E-01 -0.1707E-01  0.0000E+00  0.0000E+00  0.0000E+00     0.8442E+03 -0.8083E-03  0.1157E-01  0.1935E+02  0.7298E+01 -0.6216E+01     0.3997E-02 -0.1090E-02 -0.1220E-02     0.0000E+00  0.0000E+00  0.0000E+00
  0.3522E-01 -0.1619E-01 -0.1733E-01  0.0000E+00  0.0000E+00  0.0000E+00     0.8469E+03 -0.6559E-03  0.1140E-01  0.1943E+02  0.7238E+01 -0.6196E+01     0.4009E-02 -0.1094E-02 -0.1224E-02     0.0000E+00  0.0000E+00  0.0000E+00
  0.3573E-01 -0.1643E-01 -0.1760E-01  0.0000E+00  0.0000E+00  0.0000E+00     0.8495E+03 -0.2679E-03  0.1117E-01  0.1951E+02  0.7186E+01 -0.6175E+01     0.4022E-02 -0.1097E-02 -0.1228E-02     0.0000E+00  0.0000E+00  0.0000E+00
  0.3625E-01 -0.1667E-01 -0.1786E-01  0.0000E+00  0.0000E+00  0.0000E+00     0.8520E+03 -0.3618E-03  0.1131E-01  0.1958E+02  0.7123E+01 -0.6157E+01     0.4034E-02 -0.1100E-02 -0.1232E-02     0.0000E+00  0.0000E+00  0.0000E+00
  0.3676E-01 -0.1691E-01 -0.1813E-01  0.0000E+00  0.0000E+00  0.0000E+00     0.8546E+03 -0.8764E-03  0.1182E-01  0.1966E+02  0.7067E+01 -0.6144E+01     0.4046E-02 -0.1103E-02 -0.1235E-02     0.0000E+00  0.0000E+00  0.0000E+00
  0.3727E-01 -0.1715E-01 -0.1839E-01  0.0000E+00  0.0000E+00  0.0000E+00     0.8571E+03 -0.9130E-03  0.1195E-01  0.1975E+02  0.7011E+01 -0.6132E+01     0.4058E-02 -0.1107E-02 -0.1239E-02     0.0000E+00  0.0000E+00  0.0000E+00
  0.3778E-01 -0.1739E-01 -0.1866E-01  0.0000E+00  0.0000E+00  0.0000E+00     0.8596E+03 -0.9587E-03  0.1204E-01  0.1983E+02  0.6963E+01 -0.6114E+01     0.4070E-02 -0.1110E-02 -0.1242E-02     0.0000E+00  0.0000E+00  0.0000E+00
  0.3829E-01 -0.1763E-01 -0.1892E-01  0.0000E+00  0.0000E+00  0.0000E+00     0.8621E+03 -0.1006E-02  0.1213E-01  0.1990E+02  0.6900E+01 -0.6094E+01     0.4082E-02 -0.1113E-02 -0.1246E-02     0.0000E+00  0.0000E+00  0.0000E+00
  0.3880E-01 -0.1787E-01 -0.1919E-01  0.0000E+00  0.0000E+00  0.0000E+00     0.8646E+03 -0.1243E-02  0.1235E-01  0.1998E+02  0.6840E+01 -0.6084E+01     0.4093E-02 -0.1116E-02 -0.1250E-02     0.0000E+00  0.0000E+00  0.0000E+00
  0.3931E-01 -0.1811E-01 -0.1946E-01  0.0000E+00  0.0000E+00  0.0000E+00     0.8671E+03 -0.1281E-02  0.1244E-01  0.2005E+02  0.6789E+01 -0.6077E+01     0.4105E-02 -0.1120E-02 -0.1253E-02     0.0000E+00  0.0000E+00  0.0000E+00
  0.3982E-01 -0.1835E-01 -0.1972E-01  0.0000E+00  0.0000E+00  0.0000E+00     0.8695E+03 -0.1423E-02  0.1272E-01  0.2013E+02  0.6743E+01 -0.6076E+01     0.4117E-02 -0.1123E-02 -0.1257E-02     0.0000E+00  0.0000E+00  0.0000E+00
  0.4033E-01 -0.1859E-01 -0.1999E-01  0.0000E+00  0.0000E+00  0.0000E+00     0.8719E+03 -0.1506E-02  0.1278E-01  0.2022E+02  0.6694E+01 -0.6073E+01     0.4128E-02 -0.1126E-02 -0.1260E-02     0.0000E+00  0.0000E+00  0.0000E+00
  0.4084E-01 -0.1883E-01 -0.2026E-01  0.0000E+00  0.0000E+00  0.0000E+00     0.8744E+03 -0.1468E-02  0.1282E-01  0.2030E+02  0.6639E+01 -0.6069E+01     0.4140E-02 -0.1129E-02 -0.1264E-02     0.0000E+00  0.0000E+00  0.0000E+00
  0.4135E-01 -0.1907E-01 -0.2052E-01  0.0000E+00  0.0000E+00  0.0000E+00     0.8767E+03 -0.1560E-02  0.1300E-01  0.2039E+02  0.6584E+01 -0.6062E+01     0.4151E-02 -0.1132E-02 -0.1267E-02     0.0000E+00  0.0000E+00  0.0000E+00
  0.4186E-01 -0.1931E-01 -0.2079E-01  0.0000E+00  0.0000E+00  0.0000E+00     0.8791E+03 -0.1516E-02  0.1305E-01  0.2046E+02  0.6526E+01 -0.6050E+01     0.4162E-02 -0.1135E-02 -0.1271E-02     0.0000E+00  0.0000E+00  0.0000E+00
  0.4237E-01 -0.1954E-01 -0.2106E-01  0.0000E+00  0.0000E+00  0.0000E+00     0.8815E+03 -0.1622E-02  0.1320E-01  0.2055E+02  0.6479E+01 -0.6037E+01     0.4173E-02 -0.1138E-02 -0.1274E-02     0.0000E+00  0.0000E+00  0.0000E+00
  0.4288E-01 -0.1978E-01 -0.2132E-01  0.0000E+00  0.0000E+00  0.0000E+00     0.8838E+03 -0.1690E-02  0.1326E-01  0.2064E+02  0.6446E+01 -0.6023E+01     0.4184E-02 -0.1141E-02 -0.1277E-02     0.0000E+00  0.0000E+00  0.0000E+00
  0.4339E-01 -0.2002E-01 -0.2159E-01  0.0000E+00  0.0000E+00  0.0000E+00     0.8861E+03 -0.1586E-02  0.1328E-01  0.2073E+02  0.6411E+01 -0.6012E+01     0.4195E-02 -0.1144E-02 -0.1281E-02     0.0000E+00  0.0000E+00  0.0000E+00
  0.4390E-01 -0.2026E-01 -0.2186E-01  0.0000E+00  0.0000E+00  0.0000E+00     0.8884E+03 -0.1804E-02  0.1357E-01  0.2082E+02  0.6371E+01 -0.6007E+01     0.4206E-02 -0.1147E-02 -0.1284E-02     0.0000E+00  0.0000E+00  0.0000E+00
  0.4441E-01 -0.2050E-01 -0.2213E-01  0.0000E+00  0.0000E+00  0.0000E+00     0.8907E+03 -0.1718E-02  0.1355E-01  0.2091E+02  0.6332E+01 -0.5998E+01     0.4217E-02 -0.1150E-02 -0.1287E-02     0.0000E+00  0.0000E+00  0.0000E+00
  0.4492E-01 -0.2074E-01 -0.2239E-01  0.0000E+00  0.0000E+00  0.0000E+00     0.8930E+03 -0.2471E-02  0.1406E-01  0.2099E+02  0.6293E+01 -0.5970E+01     0.4228E-02 -0.1153E-02 -0.1291E-02     0.0000E+00  0.0000E+00  0.0000E+00
  0.4543E-01 -0.2097E-01 -0.2266E-01  0.0000E+00  0.0000E+00  0.0000E+00     0.8952E+03 -0.2475E-02  0.1403E-01  0.2107E+02  0.6255E+01 -0.5941E+01     0.4238E-02 -0.1156E-02 -0.1294E-02     0.0000E+00  0.0000E+00  0.0000E+00
  0.4594E-01 -0.2121E-01 -0.2293E-01  0.0000E+00  0.0000E+00  0.0000E+00     0.8974E+03 -0.2468E-02  0.1409E-01  0.2114E+02  0.6214E+01 -0.5912E+01     0.4249E-02 -0.1159E-02 -0.1297E-02     0.0000E+00  0.0000E+00  0.0000E+00
  0.4646E-01 -0.2145E-01 -0.2320E-01  0.0000E+00  0.0000E+00  0.0000E+00     0.8995E+03 -0.2482E-02  0.1410E-01  0.2121E+02  0.6179E+01 -0.5882E+01     0.4259E-02 -0.1162E-02 -0.1300E-02     0.0000E+00  0.0000E+00  0.0000E+00
  0.4697E-01 -0.2169E-01 -0.2347E-01  0.0000E+00  0.0000E+00  0.0000E+00     0.9017E+03 -0.2549E-02  0.1419E-01  0.2129E+02  0.6142E+01 -0.5856E+01     0.4269E-02 -0.1164E-02 -0.1303E-02     0.0000E+00  0.0000E+00  0.0000E+00
  0.4748E-01 -0.2193E-01 -0.2374E-01  0.0000E+00  0.0000E+00  0.0000E+00     0.9038E+03 -0.2403E-02  0.1420E-01  0.2136E+02  0.6110E+01 -0.5828E+01     0.4279E-02 -0.1167E-02 -0.1306E-02     0.0000E+00  0.0000E+00  0.0000E+00
  0.4799E-01 -0.2216E-01 -0.2401E-01  0.0000E+00  0.0000E+00  0.0000E+00     0.9059E+03 -0.2305E-02  0.1415E-01  0.2142E+02  0.6084E+01 -0.5794E+01     0.4289E-02 -0.1170E-02 -0.1309E-02     0.0000E+00  0.0000E+00  0.0000E+00
  0.4850E-01 -0.2240E-01 -0.2428E-01  0.0000E+00  0.0000E+00  0.0000E+00     0.9080E+03 -0.2329E-02  0.1421E-01  0.2148E+02  0.6058E+01 -0.5763E+01     0.4299E-02 -0.1173E-02 -0.1312E-02     0.0000E+00  0.0000E+00  0.0000E+00
  0.4901E-01 -0.2263E-01 -0.2455E-01  0.0000E+00  0.0000E+00  0.0000E+00     0.9101E+03 -0.2383E-02  0.1428E-01  0.2153E+02  0.6033E+01 -0.5733E+01     0.4309E-02 -0.1175E-02 -0.1315E-02     0.0000E+00  0.0000E+00  0.0000E+00
  0.4952E-01 -0.2287E-01 -0.2482E-01  0.0000E+00  0.0000E+00  0.0000E+00     0.9122E+03 -0.2438E-02  0.1437E-01  0.2159E+02  0.6009E+01 -0.5705E+01     0.4319E-02 -0.1178E-02 -0.1318E-02     0.0000E+00  0.0000E+00  0.0000E+00
  0.5003E-01 -0.2310E-01 -0.2509E-01  0.0000E+00  0.0000E+00  0.0000E+00     0.9142E+03 -0.2411E-02  0.1441E-01  0.2165E+02  0.5985E+01 -0.5681E+01     0.4328E-02 -0.1181E-02 -0.1321E-02     0.0000E+00  0.0000E+00  0.0000E+00
  0.5054E-01 -0.2333E-01 -0.2536E-01  0.0000E+00  0.0000E+00  0.0000E+00     0.9162E+03 -0.2449E-02  0.1448E-01  0.2170E+02  0.5961E+01 -0.5658E+01     0.4338E-02 -0.1183E-02 -0.1324E-02     0.0000E+00  0.0000E+00  0.0000E+00
  0.5105E-01 -0.2357E-01 -0.2564E-01  0.0000E+00  0.0000E+00  0.0000E+00     0.9182E+03 -0.2465E-02  0.1460E-01  0.2176E+02  0.5938E+01 -0.5630E+01     0.4347E-02 -0.1186E-02 -0.1327E-02     0.0000E+00  0.0000E+00  0.0000E+00
  0.5156E-01 -0.2380E-01 -0.2591E-01  0.0000E+00  0.0000E+00  0.0000E+00     0.9201E+03 -0.2761E-02  0.1510E-01  0.2181E+02  0.5917E+01 -0.5599E+01     0.4356E-02 -0.1188E-02 -0.1330E-02     0.0000E+00  0.0000E+00  0.0000E+00
  0.5207E-01 -0.2404E-01 -0.2618E-01  0.0000E+00  0.0000E+00  0.0000E+00     0.9221E+03 -0.2903E-02  0.1525E-01  0.2185E+02  0.5901E+01 -0.5563E+01     0.4366E-02 -0.1191E-02 -0.1333E-02     0.0000E+00  0.0000E+00  0.0000E+00
  0.5258E-01 -0.2427E-01 -0.2645E-01  0.0000E+00  0.0000E+00  0.0000E+00     0.9240E+03 -0.2960E-02  0.1530E-01  0.2190E+02  0.5884E+01 -0.5532E+01     0.4375E-02 -0.1193E-02 -0.1336E-02     0.0000E+00  0.0000E+00  0.0000E+00
  0.5309E-01 -0.2450E-01 -0.2673E-01  0.0000E+00  0.0000E+00  0.0000E+00     0.9259E+03 -0.2810E-02  0.1513E-01  0.2195E+02  0.5865E+01 -0.5500E+01     0.4384E-02 -0.1196E-02 -0.1338E-02     0.0000E+00  0.0000E+00  0.0000E+00
  0.5360E-01 -0.2474E-01 -0.2700E-01  0.0000E+00  0.0000E+00  0.0000E+00     0.9278E+03 -0.2856E-02  0.1516E-01  0.2199E+02  0.5850E+01 -0.5471E+01     0.4393E-02 -0.1198E-02 -0.1341E-02     0.0000E+00  0.0000E+00  0.0000E+00
  0.5411E-01 -0.2497E-01 -0.2727E-01  0.0000E+00  0.0000E+00  0.0000E+00     0.9296E+03 -0.2642E-02  0.1504E-01  0.2204E+02  0.5840E+01 -0.5438E+01     0.4401E-02 -0.1201E-02 -0.1344E-02     0.0000E+00  0.0000E+00  0.0000E+00
  0.5462E-01 -0.2521E-01 -0.2755E-01  0.0000E+00  0.0000E+00  0.0000E+00     0.9315E+03 -0.2686E-02  0.1511E-01  0.2207E+02  0.5829E+01 -0.5403E+01     0.4410E-02 -0.1203E-02 -0.1346E-02     0.0000E+00  0.0000E+00  0.0000E+00
  0.5513E-01 -0.2544E-01 -0.2782E-01  0.0000E+00  0.0000E+00  0.0000E+00     0.9333E+03 -0.2705E-02  0.1514E-01  0.2211E+02  0.5817E+01 -0.5372E+01     0.4419E-02 -0.1205E-02 -0.1349E-02     0.0000E+00  0.0000E+00  0.0000E+00
  0.5564E-01 -0.2567E-01 -0.2809E-01  0.0000E+00  0.0000E+00  0.0000E+00     0.9351E+03 -0.2917E-02  0.1540E-01  0.2215E+02  0.5803E+01 -0.5344E+01     0.4427E-02 -0.1208E-02 -0.1352E-02     0.0000E+00  0.0000E+00  0.0000E+00
  0.5615E-01 -0.2590E-01 -0.2837E-01  0.0000E+00  0.0000E+00  0.0000E+00     0.9369E+03 -0.2919E-02  0.1544E-01  0.2219E+02  0.5791E+01 -0.5322E+01     0.4436E-02 -0.1210E-02 -0.1354E-02     0.0000E+00  0.0000E+00  0.0000E+00
  0.5667E-01 -0.2614E-01 -0.2864E-01  0.0000E+00  0.0000E+00  0.0000E+00     0.9386E+03 -0.2917E-02  0.1548E-01  0.2223E+02  0.5779E+01 -0.5302E+01     0.4444E-02 -0.1212E-02 -0.1357E-02     0.0000E+00  0.0000E+00  0.0000E+00
  0.5718E-01 -0.2637E-01 -0.2892E-01  0.0000E+00  0.0000E+00  0.0000E+00     0.9404E+03 -0.2956E-02  0.1554E-01  0.2227E+02  0.5768E+01 -0.5276E+01     0.4452E-02 -0.1214E-02 -0.1359E-02     0.0000E+00  0.0000E+00  0.0000E+00
  0.5769E-01 -0.2660E-01 -0.2919E-01  0.0000E+00  0.0000E+00  0.0000E+00     0.9421E+03 -0.3026E-02  0.1565E-01  0.2230E+02  0.5759E+01 -0.5252E+01     0.4460E-02 -0.1217E-02 -0.1362E-02     0.0000E+00  0.0000E+00  0.0000E+00
  0.5820E-01 -0.2683E-01 -0.2947E-01  0.0000E+00  0.0000E+00  0.0000E+00     0.9438E+03 -0.3410E-02  0.1603E-01  0.2234E+02  0.5752E+01 -0.5222E+01     0.4469E-02 -0.1219E-02 -0.1364E-02     0.0000E+00  0.0000E+00  0.0000E+00
  0.5871E-01 -0.2706E-01 -0.2975E-01  0.0000E+00  0.0000E+00  0.0000E+00     0.9455E+03 -0.3463E-02  0.1612E-01  0.2238E+02  0.5744E+01 -0.5192E+01     0.4477E-02 -0.1221E-02 -0.1367E-02     0.0000E+00  0.0000E+00  0.0000E+00
  0.5922E-01 -0.2729E-01 -0.3002E-01  0.0000E+00  0.0000E+00  0.0000E+00     0.9472E+03 -0.3477E-02  0.1613E-01  0.2242E+02  0.5737E+01 -0.5165E+01     0.4485E-02 -0.1223E-02 -0.1369E-02     0.0000E+00  0.0000E+00  0.0000E+00
  0.5973E-01 -0.2752E-01 -0.3030E-01  0.0000E+00  0.0000E+00  0.0000E+00     0.9489E+03 -0.3510E-02  0.1627E-01  0.2246E+02  0.5731E+01 -0.5136E+01     0.4492E-02 -0.1225E-02 -0.1372E-02     0.0000E+00  0.0000E+00  0.0000E+00
  0.6024E-01 -0.2775E-01 -0.3058E-01  0.0000E+00  0.0000E+00  0.0000E+00     0.9505E+03 -0.3600E-02  0.1641E-01  0.2250E+02  0.5724E+01 -0.5110E+01     0.4500E-02 -0.1227E-02 -0.1374E-02     0.0000E+00  0.0000E+00  0.0000E+00
  0.6075E-01 -0.2798E-01 -0.3085E-01  0.0000E+00  0.0000E+00  0.0000E+00     0.9521E+03 -0.3530E-02  0.1648E-01  0.2253E+02  0.5718E+01 -0.5083E+01     0.4508E-02 -0.1230E-02 -0.1376E-02     0.0000E+00  0.0000E+00  0.0000E+00
  0.6126E-01 -0.2821E-01 -0.3113E-01  0.0000E+00  0.0000E+00  0.0000E+00     0.9538E+03 -0.3562E-02  0.1656E-01  0.2257E+02  0.5715E+01 -0.5056E+01     0.4516E-02 -0.1232E-02 -0.1379E-02     0.0000E+00  0.0000E+00  0.0000E+00
  0.6177E-01 -0.2844E-01 -0.3141E-01  0.0000E+00  0.0000E+00  0.0000E+00     0.9554E+03 -0.3614E-02  0.1662E-01  0.2261E+02  0.5710E+01 -0.5030E+01     0.4523E-02 -0.1234E-02 -0.1381E-02     0.0000E+00  0.0000E+00  0.0000E+00
  0.6228E-01 -0.2867E-01 -0.3169E-01  0.0000E+00  0.0000E+00  0.0000E+00     0.9570E+03 -0.3689E-02  0.1677E-01  0.2264E+02  0.5705E+01 -0.5007E+01     0.4531E-02 -0.1236E-02 -0.1383E-02     0.0000E+00  0.0000E+00  0.0000E+00
  0.6279E-01 -0.2890E-01 -0.3197E-01  0.0000E+00  0.0000E+00  0.0000E+00     0.9586E+03 -0.3699E-02  0.1680E-01  0.2267E+02  0.5700E+01 -0.4983E+01     0.4538E-02 -0.1238E-02 -0.1386E-02     0.0000E+00  0.0000E+00  0.0000E+00
  0.6330E-01 -0.2913E-01 -0.3225E-01  0.0000E+00  0.0000E+00  0.0000E+00     0.9601E+03 -0.3732E-02  0.1684E-01  0.2271E+02  0.5695E+01 -0.4961E+01     0.4546E-02 -0.1240E-02 -0.1388E-02     0.0000E+00  0.0000E+00  0.0000E+00
  0.6381E-01 -0.2935E-01 -0.3253E-01  0.0000E+00  0.0000E+00  0.0000E+00     0.9617E+03 -0.3802E-02  0.1698E-01  0.2274E+02  0.5691E+01 -0.4937E+01     0.4553E-02 -0.1242E-02 -0.1390E-02     0.0000E+00  0.0000E+00  0.0000E+00
  0.6432E-01 -0.2958E-01 -0.3281E-01  0.0000E+00  0.0000E+00  0.0000E+00     0.9632E+03 -0.3823E-02  0.1700E-01  0.2277E+02  0.5689E+01 -0.4912E+01     0.4560E-02 -0.1244E-02 -0.1392E-02     0.0000E+00  0.0000E+00  0.0000E+00
  0.6483E-01 -0.2981E-01 -0.3309E-01  0.0000E+00  0.0000E+00  0.0000E+00     0.9647E+03 -0.3861E-02  0.1707E-01  0.2280E+02  0.5685E+01 -0.4889E+01     0.4568E-02 -0.1246E-02 -0.1395E-02     0.0000E+00  0.0000E+00  0.0000E+00
  0.6534E-01 -0.3004E-01 -0.3337E-01  0.0000E+00  0.0000E+00  0.0000E+00     0.9663E+03 -0.3816E-02  0.1709E-01  0.2284E+02  0.5681E+01 -0.4865E+01     0.4575E-02 -0.1248E-02 -0.1397E-02     0.0000E+00  0.0000E+00  0.0000E+00
  0.6585E-01 -0.3026E-01 -0.3365E-01  0.0000E+00  0.0000E+00  0.0000E+00     0.9678E+03 -0.3835E-02  0.1719E-01  0.2287E+02  0.5680E+01 -0.4841E+01     0.4582E-02 -0.1250E-02 -0.1399E-02     0.0000E+00  0.0000E+00  0.0000E+00
  0.6636E-01 -0.3049E-01 -0.3393E-01  0.0000E+00  0.0000E+00  0.0000E+00     0.9692E+03 -0.3888E-02  0.1730E-01  0.2290E+02  0.5679E+01 -0.4819E+01     0.4589E-02 -0.1252E-02 -0.1401E-02     0.0000E+00  0.0000E+00  0.0000E+00
  0.6688E-01 -0.3072E-01 -0.3421E-01  0.0000E+00  0.0000E+00  0.0000E+00     0.9707E+03 -0.3865E-02  0.1727E-01  0.2293E+02  0.5679E+01 -0.4795E+01     0.4596E-02 -0.1254E-02 -0.1403E-02     0.0000E+00  0.0000E+00  0.0000E+00
  0.6739E-01 -0.3094E-01 -0.3449E-01  0.0000E+00  0.0000E+00  0.0000E+00     0.9722E+03 -0.3891E-02  0.1732E-01  0.2296E+02  0.5676E+01 -0.4775E+01     0.4603E-02 -0.1255E-02 -0.1405E-02     0.0000E+00  0.0000E+00  0.0000E+00
  0.6790E-01 -0.3117E-01 -0.3477E-01  0.0000E+00  0.0000E+00  0.0000E+00     0.9736E+03 -0.3888E-02  0.1733E-01  0.2299E+02  0.5674E+01 -0.4751E+01     0.4610E-02 -0.1257E-02 -0.1407E-02     0.0000E+00  0.0000E+00  0.0000E+00
  0.6841E-01 -0.3139E-01 -0.3505E-01  0.0000E+00  0.0000E+00  0.0000E+00     0.9751E+03 -0.4198E-02  0.1771E-01  0.2302E+02  0.5671E+01 -0.4732E+01     0.4617E-02 -0.1259E-02 -0.1409E-02     0.0000E+00  0.0000E+00  0.0000E+00
  0.6892E-01 -0.3162E-01 -0.3533E-01  0.0000E+00  0.0000E+00  0.0000E+00     0.9765E+03 -0.4232E-02  0.1777E-01  0.2304E+02  0.5667E+01 -0.4715E+01     0.4623E-02 -0.1261E-02 -0.1412E-02     0.0000E+00  0.0000E+00  0.0000E+00
  0.6943E-01 -0.3185E-01 -0.3562E-01  0.0000E+00  0.0000E+00  0.0000E+00     0.9779E+03 -0.4228E-02  0.1781E-01  0.2307E+02  0.5662E+01 -0.4699E+01     0.4630E-02 -0.1263E-02 -0.1414E-02     0.0000E+00  0.0000E+00  0.0000E+00
  0.6994E-01 -0.3207E-01 -0.3590E-01  0.0000E+00  0.0000E+00  0.0000E+00     0.9793E+03 -0.4302E-02  0.1794E-01  0.2310E+02  0.5656E+01 -0.4684E+01     0.4637E-02 -0.1265E-02 -0.1416E-02     0.0000E+00  0.0000E+00  0.0000E+00
  0.7045E-01 -0.3230E-01 -0.3618E-01  0.0000E+00  0.0000E+00  0.0000E+00     0.9807E+03 -0.4286E-02  0.1794E-01  0.2312E+02  0.5651E+01 -0.4669E+01     0.4643E-02 -0.1266E-02 -0.1418E-02     0.0000E+00  0.0000E+00  0.0000E+00
  0.7096E-01 -0.3252E-01 -0.3646E-01  0.0000E+00  0.0000E+00  0.0000E+00     0.9820E+03 -0.4348E-02  0.1805E-01  0.2315E+02  0.5646E+01 -0.4654E+01     0.4650E-02 -0.1268E-02 -0.1420E-02     0.0000E+00  0.0000E+00  0.0000E+00
  0.7147E-01 -0.3275E-01 -0.3675E-01  0.0000E+00  0.0000E+00  0.0000E+00     0.9834E+03 -0.4346E-02  0.1809E-01  0.2318E+02  0.5641E+01 -0.4640E+01     0.4656E-02 -0.1270E-02 -0.1422E-02     0.0000E+00  0.0000E+00  0.0000E+00
  0.7198E-01 -0.3297E-01 -0.3703E-01  0.0000E+00  0.0000E+00  0.0000E+00     0.9848E+03 -0.4360E-02  0.1812E-01  0.2320E+02  0.5636E+01 -0.4626E+01     0.4662E-02 -0.1272E-02 -0.1424E-02     0.0000E+00  0.0000E+00  0.0000E+00
  0.7249E-01 -0.3320E-01 -0.3731E-01  0.0000E+00  0.0000E+00  0.0000E+00     0.9861E+03 -0.4220E-02  0.1809E-01  0.2323E+02  0.5633E+01 -0.4614E+01     0.4669E-02 -0.1273E-02 -0.1425E-02     0.0000E+00  0.0000E+00  0.0000E+00
  0.7300E-01 -0.3343E-01 -0.3759E-01  0.0000E+00  0.0000E+00  0.0000E+00     0.9874E+03 -0.4168E-02  0.1803E-01  0.2326E+02  0.5628E+01 -0.4596E+01     0.4675E-02 -0.1275E-02 -0.1427E-02     0.0000E+00  0.0000E+00  0.0000E+00
  0.7351E-01 -0.3365E-01 -0.3787E-01  0.0000E+00  0.0000E+00  0.0000E+00     0.9887E+03 -0.4030E-02  0.1797E-01  0.2329E+02  0.5623E+01 -0.4580E+01     0.4681E-02 -0.1277E-02 -0.1429E-02     0.0000E+00  0.0000E+00  0.0000E+00
  0.7402E-01 -0.3388E-01 -0.3816E-01  0.0000E+00  0.0000E+00  0.0000E+00     0.9900E+03 -0.4200E-02  0.1819E-01  0.2332E+02  0.5615E+01 -0.4565E+01     0.4687E-02 -0.1278E-02 -0.1431E-02     0.0000E+00  0.0000E+00  0.0000E+00
  0.7453E-01 -0.3410E-01 -0.3844E-01  0.0000E+00  0.0000E+00  0.0000E+00     0.9913E+03 -0.4285E-02  0.1833E-01  0.2334E+02  0.5610E+01 -0.4552E+01     0.4693E-02 -0.1280E-02 -0.1433E-02     0.0000E+00  0.0000E+00  0.0000E+00
  0.7504E-01 -0.3433E-01 -0.3872E-01  0.0000E+00  0.0000E+00  0.0000E+00     0.9926E+03 -0.4293E-02  0.1840E-01  0.2337E+02  0.5605E+01 -0.4537E+01     0.4699E-02 -0.1282E-02 -0.1435E-02     0.0000E+00  0.0000E+00  0.0000E+00
  0.7555E-01 -0.3455E-01 -0.3901E-01  0.0000E+00  0.0000E+00  0.0000E+00     0.9939E+03 -0.4359E-02  0.1853E-01  0.2340E+02  0.5601E+01 -0.4525E+01     0.4706E-02 -0.1283E-02 -0.1437E-02     0.0000E+00  0.0000E+00  0.0000E+00
  0.7606E-01 -0.3477E-01 -0.3929E-01  0.0000E+00  0.0000E+00  0.0000E+00     0.9951E+03 -0.4345E-02  0.1854E-01  0.2343E+02  0.5597E+01 -0.4510E+01     0.4711E-02 -0.1285E-02 -0.1439E-02     0.0000E+00  0.0000E+00  0.0000E+00
  0.7658E-01 -0.3500E-01 -0.3957E-01  0.0000E+00  0.0000E+00  0.0000E+00     0.9964E+03 -0.4408E-02  0.1867E-01  0.2346E+02  0.5591E+01 -0.4495E+01     0.4717E-02 -0.1287E-02 -0.1440E-02     0.0000E+00  0.0000E+00  0.0000E+00
  0.7709E-01 -0.3522E-01 -0.3986E-01  0.0000E+00  0.0000E+00  0.0000E+00     0.9976E+03 -0.4475E-02  0.1880E-01  0.2348E+02  0.5587E+01 -0.4479E+01     0.4723E-02 -0.1288E-02 -0.1442E-02     0.0000E+00  0.0000E+00  0.0000E+00
  0.7760E-01 -0.3545E-01 -0.4014E-01  0.0000E+00  0.0000E+00  0.0000E+00     0.9988E+03 -0.4532E-02  0.1893E-01  0.2351E+02  0.5583E+01 -0.4465E+01     0.4729E-02 -0.1290E-02 -0.1444E-02     0.0000E+00  0.0000E+00  0.0000E+00
  0.7811E-01 -0.3567E-01 -0.4043E-01  0.0000E+00  0.0000E+00  0.0000E+00     0.1000E+04 -0.4508E-02  0.1892E-01  0.2353E+02  0.5578E+01 -0.4450E+01     0.4735E-02 -0.1291E-02 -0.1446E-02     0.0000E+00  0.0000E+00  0.0000E+00
  0.7862E-01 -0.3589E-01 -0.4071E-01  0.0000E+00  0.0000E+00  0.0000E+00     0.1001E+04 -0.4517E-02  0.1900E-01  0.2356E+02  0.5573E+01 -0.4435E+01     0.4741E-02 -0.1293E-02 -0.1447E-02     0.0000E+00  0.0000E+00  0.0000E+00
  0.7913E-01 -0.3612E-01 -0.4100E-01  0.0000E+00  0.0000E+00  0.0000E+00     0.1002E+04 -0.4554E-02  0.1907E-01  0.2359E+02  0.5567E+01 -0.4420E+01     0.4746E-02 -0.1294E-02 -0.1449E-02     0.0000E+00  0.0000E+00  0.0000E+00
  0.7964E-01 -0.3634E-01 -0.4128E-01  0.0000E+00  0.0000E+00  0.0000E+00     0.1004E+04 -0.4607E-02  0.1908E-01  0.2361E+02  0.5566E+01 -0.4407E+01     0.4752E-02 -0.1296E-02 -0.1451E-02     0.0000E+00  0.0000E+00  0.0000E+00
  0.8015E-01 -0.3656E-01 -0.4157E-01  0.0000E+00  0.0000E+00  0.0000E+00     0.1005E+04 -0.4697E-02  0.1924E-01  0.2364E+02  0.5563E+01 -0.4395E+01     0.4757E-02 -0.1298E-02 -0.1453E-02     0.0000E+00  0.0000E+00  0.0000E+00
  0.8066E-01 -0.3678E-01 -0.4186E-01  0.0000E+00  0.0000E+00  0.0000E+00     0.1006E+04 -0.4726E-02  0.1927E-01  0.2366E+02  0.5560E+01 -0.4382E+01     0.4763E-02 -0.1299E-02 -0.1454E-02     0.0000E+00  0.0000E+00  0.0000E+00
  0.8117E-01 -0.3700E-01 -0.4215E-01  0.0000E+00  0.0000E+00  0.0000E+00     0.1007E+04 -0.4681E-02  0.1926E-01  0.2368E+02  0.5557E+01 -0.4371E+01     0.4768E-02 -0.1301E-02 -0.1456E-02     0.0000E+00  0.0000E+00  0.0000E+00
  0.8168E-01 -0.3722E-01 -0.4243E-01  0.0000E+00  0.0000E+00  0.0000E+00     0.1008E+04 -0.4743E-02  0.1938E-01  0.2371E+02  0.5554E+01 -0.4364E+01     0.4774E-02 -0.1302E-02 -0.1458E-02     0.0000E+00  0.0000E+00  0.0000E+00
  0.8219E-01 -0.3744E-01 -0.4272E-01  0.0000E+00  0.0000E+00  0.0000E+00     0.1009E+04 -0.4681E-02  0.1937E-01  0.2373E+02  0.5550E+01 -0.4355E+01     0.4779E-02 -0.1303E-02 -0.1459E-02     0.0000E+00  0.0000E+00  0.0000E+00
  0.8270E-01 -0.3766E-01 -0.4301E-01  0.0000E+00  0.0000E+00  0.0000E+00     0.1011E+04 -0.4808E-02  0.1955E-01  0.2375E+02  0.5545E+01 -0.4345E+01     0.4785E-02 -0.1305E-02 -0.1461E-02     0.0000E+00  0.0000E+00  0.0000E+00
  0.8321E-01 -0.3788E-01 -0.4330E-01  0.0000E+00  0.0000E+00  0.0000E+00     0.1012E+04 -0.4777E-02  0.1957E-01  0.2378E+02  0.5540E+01 -0.4335E+01     0.4790E-02 -0.1306E-02 -0.1462E-02     0.0000E+00  0.0000E+00  0.0000E+00
  0.8372E-01 -0.3809E-01 -0.4359E-01  0.0000E+00  0.0000E+00  0.0000E+00     0.1013E+04 -0.4821E-02  0.1966E-01  0.2380E+02  0.5536E+01 -0.4328E+01     0.4795E-02 -0.1308E-02 -0.1464E-02     0.0000E+00  0.0000E+00  0.0000E+00
  0.8423E-01 -0.3831E-01 -0.4388E-01  0.0000E+00  0.0000E+00  0.0000E+00     0.1014E+04 -0.4784E-02  0.1968E-01  0.2382E+02  0.5531E+01 -0.4320E+01     0.4800E-02 -0.1309E-02 -0.1466E-02     0.0000E+00  0.0000E+00  0.0000E+00
  0.8474E-01 -0.3853E-01 -0.4417E-01  0.0000E+00  0.0000E+00  0.0000E+00     0.1015E+04 -0.4872E-02  0.1983E-01  0.2385E+02  0.5526E+01 -0.4312E+01     0.4805E-02 -0.1311E-02 -0.1467E-02     0.0000E+00  0.0000E+00  0.0000E+00
  0.8525E-01 -0.3875E-01 -0.4446E-01  0.0000E+00  0.0000E+00  0.0000E+00     0.1016E+04 -0.4866E-02  0.1986E-01  0.2387E+02  0.5522E+01 -0.4304E+01     0.4811E-02 -0.1312E-02 -0.1469E-02     0.0000E+00  0.0000E+00  0.0000E+00
  0.8576E-01 -0.3897E-01 -0.4475E-01  0.0000E+00  0.0000E+00  0.0000E+00     0.1017E+04 -0.4910E-02  0.1998E-01  0.2389E+02  0.5518E+01 -0.4298E+01     0.4816E-02 -0.1313E-02 -0.1470E-02     0.0000E+00  0.0000E+00  0.0000E+00
  0.8627E-01 -0.3919E-01 -0.4504E-01  0.0000E+00  0.0000E+00  0.0000E+00     0.1018E+04 -0.5047E-02  0.2017E-01  0.2392E+02  0.5512E+01 -0.4293E+01     0.4821E-02 -0.1315E-02 -0.1472E-02     0.0000E+00  0.0000E+00  0.0000E+00
  0.8679E-01 -0.3941E-01 -0.4533E-01  0.0000E+00  0.0000E+00  0.0000E+00     0.1019E+04 -0.5060E-02  0.2027E-01  0.2394E+02  0.5506E+01 -0.4288E+01     0.4826E-02 -0.1316E-02 -0.1473E-02     0.0000E+00  0.0000E+00  0.0000E+00
  0.8730E-01 -0.3962E-01 -0.4562E-01  0.0000E+00  0.0000E+00  0.0000E+00     0.1020E+04 -0.5091E-02  0.2034E-01  0.2396E+02  0.5501E+01 -0.4283E+01     0.4831E-02 -0.1317E-02 -0.1475E-02     0.0000E+00  0.0000E+00  0.0000E+00
  0.8781E-01 -0.3984E-01 -0.4591E-01  0.0000E+00  0.0000E+00  0.0000E+00     0.1021E+04 -0.5067E-02  0.2037E-01  0.2398E+02  0.5496E+01 -0.4279E+01     0.4836E-02 -0.1319E-02 -0.1476E-02     0.0000E+00  0.0000E+00  0.0000E+00
  0.8832E-01 -0.4006E-01 -0.4621E-01  0.0000E+00  0.0000E+00  0.0000E+00     0.1022E+04 -0.5315E-02  0.2069E-01  0.2400E+02  0.5490E+01 -0.4276E+01     0.4840E-02 -0.1320E-02 -0.1478E-02     0.0000E+00  0.0000E+00  0.0000E+00
  0.8883E-01 -0.4027E-01 -0.4650E-01  0.0000E+00  0.0000E+00  0.0000E+00     0.1023E+04 -0.5285E-02  0.2069E-01  0.2402E+02  0.5484E+01 -0.4271E+01     0.4845E-02 -0.1321E-02 -0.1479E-02     0.0000E+00  0.0000E+00  0.0000E+00
  0.8934E-01 -0.4049E-01 -0.4679E-01  0.0000E+00  0.0000E+00  0.0000E+00     0.1024E+04 -0.5324E-02  0.2082E-01  0.2404E+02  0.5479E+01 -0.4265E+01     0.4850E-02 -0.1323E-02 -0.1481E-02     0.0000E+00  0.0000E+00  0.0000E+00
  0.8985E-01 -0.4070E-01 -0.4708E-01  0.0000E+00  0.0000E+00  0.0000E+00     0.1025E+04 -0.5303E-02  0.2084E-01  0.2406E+02  0.5473E+01 -0.4261E+01     0.4855E-02 -0.1324E-02 -0.1482E-02     0.0000E+00  0.0000E+00  0.0000E+00
  0.9036E-01 -0.4092E-01 -0.4738E-01  0.0000E+00  0.0000E+00  0.0000E+00     0.1026E+04 -0.5404E-02  0.2100E-01  0.2408E+02  0.5467E+01 -0.4255E+01     0.4860E-02 -0.1325E-02 -0.1484E-02     0.0000E+00  0.0000E+00  0.0000E+00
  0.9087E-01 -0.4113E-01 -0.4767E-01  0.0000E+00  0.0000E+00  0.0000E+00     0.1027E+04 -0.5432E-02  0.2109E-01  0.2410E+02  0.5462E+01 -0.4251E+01     0.4864E-02 -0.1327E-02 -0.1485E-02     0.0000E+00  0.0000E+00  0.0000E+00
  0.9138E-01 -0.4134E-01 -0.4797E-01  0.0000E+00  0.0000E+00  0.0000E+00     0.1028E+04 -0.5425E-02  0.2113E-01  0.2412E+02  0.5455E+01 -0.4245E+01     0.4869E-02 -0.1328E-02 -0.1487E-02     0.0000E+00  0.0000E+00  0.0000E+00
  0.9189E-01 -0.4156E-01 -0.4826E-01  0.0000E+00  0.0000E+00  0.0000E+00     0.1029E+04 -0.5513E-02  0.2125E-01  0.2413E+02  0.5451E+01 -0.4243E+01     0.4874E-02 -0.1329E-02 -0.1488E-02     0.0000E+00  0.0000E+00  0.0000E+00
  0.9240E-01 -0.4177E-01 -0.4856E-01  0.0000E+00  0.0000E+00  0.0000E+00     0.1030E+04 -0.5494E-02  0.2129E-01  0.2415E+02  0.5445E+01 -0.4238E+01     0.4878E-02 -0.1330E-02 -0.1489E-02     0.0000E+00  0.0000E+00  0.0000E+00
  0.9291E-01 -0.4198E-01 -0.4886E-01  0.0000E+00  0.0000E+00  0.0000E+00     0.1031E+04 -0.5502E-02  0.2135E-01  0.2417E+02  0.5439E+01 -0.4234E+01     0.4883E-02 -0.1332E-02 -0.1491E-02     0.0000E+00  0.0000E+00  0.0000E+00
  0.9342E-01 -0.4219E-01 -0.4915E-01  0.0000E+00  0.0000E+00  0.0000E+00     0.1032E+04 -0.5515E-02  0.2144E-01  0.2418E+02  0.5433E+01 -0.4231E+01     0.4887E-02 -0.1333E-02 -0.1492E-02     0.0000E+00  0.0000E+00  0.0000E+00
  0.9393E-01 -0.4241E-01 -0.4945E-01  0.0000E+00  0.0000E+00  0.0000E+00     0.1033E+04 -0.5464E-02  0.2147E-01  0.2420E+02  0.5425E+01 -0.4229E+01     0.4892E-02 -0.1334E-02 -0.1494E-02     0.0000E+00  0.0000E+00  0.0000E+00
  0.9444E-01 -0.4262E-01 -0.4975E-01  0.0000E+00  0.0000E+00  0.0000E+00     0.1034E+04 -0.5451E-02  0.2151E-01  0.2422E+02  0.5416E+01 -0.4227E+01     0.4896E-02 -0.1335E-02 -0.1495E-02     0.0000E+00  0.0000E+00  0.0000E+00
  0.9495E-01 -0.4283E-01 -0.5004E-01  0.0000E+00  0.0000E+00  0.0000E+00     0.1035E+04 -0.5456E-02  0.2160E-01  0.2424E+02  0.5407E+01 -0.4227E+01     0.4901E-02 -0.1337E-02 -0.1496E-02     0.0000E+00  0.0000E+00  0.0000E+00
  0.9546E-01 -0.4304E-01 -0.5034E-01  0.0000E+00  0.0000E+00  0.0000E+00     0.1036E+04 -0.5452E-02  0.2167E-01  0.2425E+02  0.5399E+01 -0.4227E+01     0.4905E-02 -0.1338E-02 -0.1498E-02     0.0000E+00  0.0000E+00  0.0000E+00
  0.9597E-01 -0.4325E-01 -0.5064E-01  0.0000E+00  0.0000E+00  0.0000E+00     0.1037E+04 -0.5706E-02  0.2208E-01  0.2427E+02  0.5389E+01 -0.4226E+01     0.4909E-02 -0.1339E-02 -0.1499E-02     0.0000E+00  0.0000E+00  0.0000E+00
  0.9648E-01 -0.4347E-01 -0.5093E-01  0.0000E+00  0.0000E+00  0.0000E+00     0.1038E+04 -0.5724E-02  0.2216E-01  0.2429E+02  0.5378E+01 -0.4224E+01     0.4914E-02 -0.1340E-02 -0.1500E-02     0.0000E+00  0.0000E+00  0.0000E+00
  0.9699E-01 -0.4368E-01 -0.5123E-01  0.0000E+00  0.0000E+00  0.0000E+00     0.1039E+04 -0.6032E-02  0.2253E-01  0.2431E+02  0.5368E+01 -0.4221E+01     0.4918E-02 -0.1341E-02 -0.1502E-02     0.0000E+00  0.0000E+00  0.0000E+00
  0.9751E-01 -0.4389E-01 -0.5153E-01  0.0000E+00  0.0000E+00  0.0000E+00     0.1040E+04 -0.6052E-02  0.2265E-01  0.2433E+02  0.5359E+01 -0.4218E+01     0.4922E-02 -0.1342E-02 -0.1503E-02     0.0000E+00  0.0000E+00  0.0000E+00
  0.9802E-01 -0.4410E-01 -0.5183E-01  0.0000E+00  0.0000E+00  0.0000E+00     0.1041E+04 -0.6076E-02  0.2274E-01  0.2435E+02  0.5349E+01 -0.4215E+01     0.4927E-02 -0.1344E-02 -0.1504E-02     0.0000E+00  0.0000E+00  0.0000E+00
  0.9853E-01 -0.4431E-01 -0.5212E-01  0.0000E+00  0.0000E+00  0.0000E+00     0.1041E+04 -0.6090E-02  0.2283E-01  0.2437E+02  0.5340E+01 -0.4214E+01     0.4931E-02 -0.1345E-02 -0.1506E-02     0.0000E+00  0.0000E+00  0.0000E+00
  0.9904E-01 -0.4452E-01 -0.5242E-01  0.0000E+00  0.0000E+00  0.0000E+00     0.1042E+04 -0.5949E-02  0.2275E-01  0.2439E+02  0.5331E+01 -0.4211E+01     0.4935E-02 -0.1346E-02 -0.1507E-02     0.0000E+00  0.0000E+00  0.0000E+00
  0.9955E-01 -0.4473E-01 -0.5272E-01  0.0000E+00  0.0000E+00  0.0000E+00     0.1043E+04 -0.5867E-02  0.2275E-01  0.2441E+02  0.5322E+01 -0.4208E+01     0.4939E-02 -0.1347E-02 -0.1508E-02     0.0000E+00  0.0000E+00  0.0000E+00
  0.1001E+00 -0.4494E-01 -0.5302E-01  0.0000E+00  0.0000E+00  0.0000E+00     0.1044E+04 -0.5877E-02  0.2281E-01  0.2443E+02  0.5312E+01 -0.4206E+01     0.4943E-02 -0.1348E-02 -0.1509E-02     0.0000E+00  0.0000E+00  0.0000E+00
  0.1006E+00 -0.4515E-01 -0.5332E-01  0.0000E+00  0.0000E+00  0.0000E+00     0.1045E+04 -0.5865E-02  0.2284E-01  0.2444E+02  0.5303E+01 -0.4204E+01     0.4947E-02 -0.1349E-02 -0.1511E-02     0.0000E+00  0.0000E+00  0.0000E+00
  0.1011E+00 -0.4536E-01 -0.5361E-01  0.0000E+00  0.0000E+00  0.0000E+00     0.1046E+04 -0.5868E-02  0.2292E-01  0.2446E+02  0.5294E+01 -0.4202E+01     0.4951E-02 -0.1350E-02 -0.1512E-02     0.0000E+00  0.0000E+00  0.0000E+00
  0.1016E+00 -0.4557E-01 -0.5391E-01  0.0000E+00  0.0000E+00  0.0000E+00     0.1047E+04 -0.5889E-02  0.2302E-01  0.2448E+02  0.5285E+01 -0.4200E+01     0.4956E-02 -0.1352E-02 -0.1513E-02     0.0000E+00  0.0000E+00  0.0000E+00
  0.1021E+00 -0.4578E-01 -0.5421E-01  0.0000E+00  0.0000E+00  0.0000E+00     0.1048E+04  0.0000E+00  0.0000E+00  0.2450E+02  0.5310E+01 -0.4193E+01     0.4960E-02 -0.1353E-02 -0.1514E-02     0.0000E+00  0.0000E+00  0.0000E+00
