 ******************************************************************************
 DP                                                                                                                                                    
 ******************************************************************************
           Ctrl            EP1            EP2            EP3           SIG1           SIG2           SIG3          MODE1          MODE2          ActAv         PMODE1         PMODE2         PActAv         CMODE1         CMODE2         CActAv         nGrain       MaxTwins
        0.00000        0.00000        0.00000        0.00000        0.00000        0.00000        0.00000        0.00000        0.00000        0.00000        0.00000        0.00000        0.00000        0.00000        0.00000        0.00000      282.00000        0.00000
        0.00051        0.00051       -0.00014       -0.00016      107.84167        0.00000        0.00000        0.00000        0.00000        0.00000        0.00000        0.00000        0.00000        0.00000        0.00000        0.00000      282.00000        0.00000
        0.00102        0.00102       -0.00028       -0.00031      215.68033        0.00000        0.00000        0.00000        0.00000        0.00000        0.00000        0.00000        0.00000        0.00000        0.00000        0.00000      282.00000        0.00000
        0.00153        0.00153       -0.00047       -0.00051      273.48335       -0.00030        0.00299        0.32448        0.67552        1.93432        0.35338        0.64662        1.88236        0.27818        0.72182        0.85772      282.00000        0.00000
        0.00204        0.00204       -0.00066       -0.00074      319.04720       -0.00033        0.00360        0.29850        0.70150        2.82327        0.28902        0.71098        2.84931        0.31459        0.68541        1.18143      282.00000        0.00000
        0.00255        0.00255       -0.00085       -0.00098      360.64172       -0.00089        0.00424        0.37604        0.62396        3.33732        0.38274        0.61726        3.39271        0.36410        0.63590        1.37952      282.00000        0.00000
        0.00306        0.00306       -0.00106       -0.00121      395.74812       -0.00314        0.00644        0.34227        0.65773        4.07862        0.35674        0.64326        3.97516        0.31890        0.68110        1.80432      282.00000        0.00000
        0.00357        0.00357       -0.00127       -0.00144      429.26642       -0.00262        0.00593        0.34886        0.65114        4.51812        0.37348        0.62652        4.43849        0.30969        0.69031        1.97456      282.00000        0.00000
        0.00408        0.00408       -0.00149       -0.00167      461.96185       -0.00284        0.00604        0.34757        0.65243        4.65386        0.37338        0.62662        4.62762        0.30628        0.69372        1.99530      282.00000        0.00000
        0.00459        0.00459       -0.00170       -0.00190      494.09331       -0.00339        0.00629        0.34353        0.65647        4.77085        0.36484        0.63516        4.72424        0.30942        0.69058        2.05909      282.00000        0.00000
        0.00510        0.00510       -0.00192       -0.00213      525.71333       -0.00360        0.00636        0.34667        0.65333        4.84267        0.37143        0.62857        4.78565        0.30706        0.69294        2.09681      282.00000        0.00000
        0.00562        0.00562       -0.00214       -0.00236      556.87694       -0.00405        0.00677        0.34607        0.65393        4.88149        0.36243        0.63757        4.84578        0.31978        0.68022        2.09856      282.00000        0.00000
        0.00613        0.00613       -0.00236       -0.00261      574.41549       -0.00272        0.00547        0.37401        0.62599        4.99431        0.39377        0.60623        4.97020        0.39419        0.60581        2.57558      282.00000        0.00000
        0.00664        0.00664       -0.00260       -0.00287      585.94185       -0.00264        0.00459        0.34925        0.65075        5.02155        0.37322        0.62678        5.04981        0.38996        0.61004        3.02257      282.00000        0.00000
        0.00715        0.00715       -0.00283       -0.00312      596.27248       -0.00221        0.00467        0.36819        0.63181        5.03971        0.38964        0.61036        5.03093        0.38869        0.61131        3.18243      282.00000        0.00000
        0.00766        0.00766       -0.00307       -0.00337      606.23046       -0.00232        0.00526        0.35596        0.64404        5.01476        0.38580        0.61420        5.06196        0.37614        0.62386        3.16762      282.00000        0.00000
        0.00817        0.00817       -0.00331       -0.00362      615.78341       -0.00213        0.00556        0.34518        0.65482        5.03538        0.36481        0.63519        5.06323        0.37865        0.62135        3.22428      282.00000        0.00000
        0.00868        0.00868       -0.00355       -0.00388      625.03072       -0.00229        0.00632        0.33912        0.66088        5.03572        0.36639        0.63361        5.10299        0.37372        0.62628        3.22017      282.00000        0.00000
        0.00919        0.00919       -0.00379       -0.00413      633.94837       -0.00214        0.00643        0.35657        0.64343        5.09930        0.39501        0.60499        5.19095        0.37436        0.62564        3.25332      282.00000        0.00000
        0.00970        0.00970       -0.00403       -0.00439      642.44611       -0.00187        0.00681        0.33272        0.66728        5.13807        0.36017        0.63983        5.19124        0.36473        0.63527        3.33091      282.00000        0.00000
        0.01021        0.01021       -0.00426       -0.00464      650.47048       -0.00192        0.00699        0.33575        0.66425        5.22102        0.35710        0.64290        5.27592        0.36882        0.63118        3.39947      282.00000        0.00000
        0.01072        0.01072       -0.00450       -0.00490      658.20220       -0.00157        0.00715        0.33843        0.66157        5.28354        0.35445        0.64555        5.38962        0.37758        0.62242        3.41364      282.00000        0.00000
        0.01123        0.01123       -0.00474       -0.00515      665.56481       -0.00156        0.00765        0.33499        0.66501        5.32478        0.35969        0.64031        5.41834        0.37254        0.62746        3.48008      282.00000        0.00000
        0.01174        0.01174       -0.00499       -0.00541      672.59545       -0.00117        0.00751        0.33037        0.66963        5.38397        0.34651        0.65349        5.44409        0.37174        0.62826        3.55136      282.00000        0.00000
        0.01225        0.01225       -0.00523       -0.00566      679.39730       -0.00083        0.00759        0.32504        0.67496        5.39994        0.34117        0.65883        5.45141        0.36699        0.63301        3.57563      282.00000        0.00000
        0.01276        0.01276       -0.00547       -0.00591      685.94461       -0.00056        0.00781        0.33230        0.66770        5.43843        0.35191        0.64809        5.50089        0.36530        0.63470        3.60164      282.00000        0.00000
        0.01327        0.01327       -0.00572       -0.00617      692.23550       -0.00039        0.00764        0.33099        0.66901        5.41824        0.35172        0.64828        5.50125        0.35797        0.64203        3.61910      282.00000        0.00000
        0.01378        0.01378       -0.00596       -0.00642      698.30374       -0.00041        0.00789        0.32965        0.67035        5.49308        0.34997        0.65003        5.48310        0.35214        0.64786        3.72097      282.00000        0.00000
        0.01429        0.01429       -0.00620       -0.00668      704.10530       -0.00055        0.00831        0.33113        0.66887        5.51053        0.35297        0.64703        5.49802        0.35581        0.64419        3.75889      282.00000        0.00000
        0.01480        0.01480       -0.00645       -0.00693      709.65138       -0.00063        0.00841        0.32634        0.67366        5.56776        0.34294        0.65706        5.55620        0.35325        0.64675        3.79980      282.00000        0.00000
        0.01531        0.01531       -0.00669       -0.00719      715.10712       -0.00049        0.00853        0.32942        0.67058        5.54197        0.34221        0.65779        5.52792        0.36202        0.63798        3.80208      282.00000        0.00000
        0.01583        0.01583       -0.00694       -0.00744      720.36004       -0.00039        0.00842        0.33249        0.66751        5.58837        0.35221        0.64779        5.58201        0.35194        0.64806        3.82797      282.00000        0.00000
        0.01634        0.01634       -0.00718       -0.00770      725.48922       -0.00012        0.00847        0.33436        0.66564        5.65483        0.35496        0.64504        5.65253        0.35042        0.64958        3.86490      282.00000        0.00000
        0.01685        0.01685       -0.00743       -0.00795      730.41373       -0.00009        0.00860        0.33631        0.66369        5.64945        0.35855        0.64145        5.63825        0.35319        0.64681        3.88027      282.00000        0.00000
        0.01736        0.01736       -0.00768       -0.00821      735.23000       -0.00021        0.00876        0.33986        0.66014        5.64870        0.35610        0.64390        5.63549        0.35129        0.64871        3.89860      282.00000        0.00000
        0.01787        0.01787       -0.00792       -0.00846      739.82369       -0.00036        0.00898        0.33636        0.66364        5.70597        0.34917        0.65083        5.67549        0.34870        0.65130        3.95213      282.00000        0.00000
        0.01838        0.01838       -0.00817       -0.00872      744.30137       -0.00053        0.00915        0.33581        0.66419        5.72936        0.34898        0.65102        5.70498        0.34992        0.65008        3.95785      282.00000        0.00000
        0.01889        0.01889       -0.00842       -0.00897      748.66884       -0.00036        0.00922        0.33831        0.66169        5.76209        0.35319        0.64681        5.74166        0.34743        0.65257        3.98627      282.00000        0.00000
        0.01940        0.01940       -0.00866       -0.00923      752.92283       -0.00036        0.00938        0.33575        0.66425        5.81489        0.34947        0.65053        5.79555        0.35104        0.64896        4.00795      282.00000        0.00000
        0.01991        0.01991       -0.00891       -0.00948      757.00116       -0.00046        0.00931        0.33138        0.66862        5.83909        0.34349        0.65651        5.80822        0.34439        0.65561        4.04922      282.00000        0.00000
        0.02042        0.02042       -0.00915       -0.00974      761.00899       -0.00048        0.00956        0.33475        0.66525        5.87201        0.35031        0.64969        5.83355        0.34206        0.65794        4.07420      282.00000        0.00000
        0.02093        0.02093       -0.00940       -0.01000      764.92549       -0.00028        0.00940        0.33351        0.66649        5.90061        0.35176        0.64824        5.85902        0.34037        0.65963        4.10002      282.00000        0.00000
        0.02144        0.02144       -0.00965       -0.01025      768.80080       -0.00032        0.00956        0.33434        0.66566        5.91541        0.35370        0.64630        5.86942        0.33623        0.66377        4.10360      282.00000        0.00000
        0.02195        0.02195       -0.00989       -0.01051      772.49115       -0.00016        0.00949        0.33146        0.66854        5.97770        0.34771        0.65229        5.92625        0.33290        0.66710        4.15110      282.00000        0.00000
        0.02246        0.02246       -0.01014       -0.01077      776.01193        0.00001        0.00945        0.33117        0.66883        6.02394        0.34740        0.65260        5.96552        0.33482        0.66518        4.18707      282.00000        0.00000
        0.02297        0.02297       -0.01038       -0.01102      779.42020        0.00004        0.00932        0.33449        0.66551        6.04322        0.35255        0.64745        5.98579        0.33082        0.66918        4.21182      282.00000        0.00000
        0.02348        0.02348       -0.01063       -0.01128      782.78504       -0.00007        0.00946        0.33566        0.66434        6.06182        0.35526        0.64474        6.00027        0.32980        0.67020        4.22833      282.00000        0.00000
        0.02399        0.02399       -0.01087       -0.01154      786.05290       -0.00017        0.00948        0.33474        0.66526        6.04709        0.35468        0.64532        5.96945        0.33287        0.66713        4.23319      282.00000        0.00000
        0.02450        0.02450       -0.01112       -0.01180      789.25789       -0.00026        0.00973        0.33161        0.66839        6.06145        0.35133        0.64867        6.00573        0.32804        0.67196        4.22414      282.00000        0.00000
        0.02501        0.02501       -0.01136       -0.01206      792.41109       -0.00009        0.00991        0.33065        0.66935        6.06713        0.34816        0.65184        6.01449        0.32886        0.67114        4.23017      282.00000        0.00000
        0.02552        0.02552       -0.01161       -0.01232      795.49725       -0.00029        0.01000        0.33231        0.66769        6.06801        0.35086        0.64914        6.00102        0.32866        0.67134        4.25198      282.00000        0.00000
        0.02604        0.02604       -0.01185       -0.01258      798.53945       -0.00012        0.01002        0.33325        0.66675        6.07198        0.35208        0.64792        6.00561        0.32437        0.67563        4.25899      282.00000        0.00000
        0.02655        0.02655       -0.01209       -0.01284      801.52229       -0.00023        0.01019        0.33376        0.66624        6.11574        0.35235        0.64765        6.02637        0.32249        0.67751        4.30498      282.00000        0.00000
        0.02706        0.02706       -0.01233       -0.01311      804.42245       -0.00035        0.01032        0.33125        0.66875        6.12203        0.34963        0.65037        6.03605        0.32326        0.67674        4.31682      282.00000        0.00000
        0.02757        0.02757       -0.01258       -0.01337      807.26532       -0.00027        0.01039        0.33134        0.66866        6.14912        0.34764        0.65236        6.08681        0.32858        0.67142        4.30620      282.00000        0.00000
        0.02808        0.02808       -0.01282       -0.01363      810.05954       -0.00020        0.01038        0.33335        0.66665        6.15970        0.35056        0.64944        6.09961        0.32547        0.67453        4.30916      282.00000        0.00000
        0.02859        0.02859       -0.01306       -0.01390      812.78336       -0.00048        0.01057        0.33337        0.66663        6.17932        0.35196        0.64804        6.10777        0.32333        0.67667        4.32542      282.00000        0.00000
        0.02910        0.02910       -0.01330       -0.01416      815.44907       -0.00049        0.01067        0.33303        0.66697        6.20084        0.35293        0.64707        6.14071        0.32559        0.67441        4.34967      282.00000        0.00000
        0.02961        0.02961       -0.01354       -0.01442      818.05485       -0.00055        0.01077        0.33338        0.66662        6.19614        0.35120        0.64880        6.13515        0.32245        0.67755        4.34827      282.00000        0.00000
        0.03012        0.03012       -0.01378       -0.01469      820.63260       -0.00052        0.01089        0.33326        0.66674        6.20079        0.34937        0.65063        6.15481        0.32385        0.67615        4.33986      282.00000        0.00000
        0.03063        0.03063       -0.01403       -0.01495      823.17871       -0.00066        0.01108        0.33349        0.66651        6.18292        0.35268        0.64732        6.10908        0.32522        0.67478        4.35154      282.00000        0.00000
        0.03114        0.03114       -0.01427       -0.01521      825.70668       -0.00047        0.01099        0.33294        0.66706        6.14121        0.35034        0.64966        6.06567        0.32283        0.67717        4.33501      282.00000        0.00000
        0.03165        0.03165       -0.01451       -0.01548      828.24213       -0.00072        0.01152        0.33129        0.66871        6.08112        0.34832        0.65168        6.00683        0.32405        0.67595        4.32011      282.00000        0.00000
        0.03216        0.03216       -0.01475       -0.01574      830.82675       -0.00066        0.01159        0.33134        0.66866        6.03024        0.34861        0.65139        5.94402        0.32414        0.67586        4.30674      282.00000        0.00000
        0.03267        0.03267       -0.01499       -0.01601      833.48552       -0.00061        0.01144        0.32987        0.67013        5.91847        0.34709        0.65291        5.82516        0.32332        0.67668        4.26417      282.00000        0.00000
        0.03318        0.03318       -0.01523       -0.01628      836.19025       -0.00064        0.01153        0.33080        0.66920        5.90076        0.34842        0.65158        5.81701        0.32332        0.67668        4.26153      282.00000        0.00000
        0.03369        0.03369       -0.01547       -0.01654      838.88887       -0.00084        0.01155        0.33148        0.66852        5.88543        0.35046        0.64954        5.80706        0.32108        0.67892        4.25705      282.00000        0.00000
        0.03420        0.03420       -0.01571       -0.01681      841.57987       -0.00039        0.01124        0.33186        0.66814        5.86836        0.34902        0.65098        5.80030        0.32429        0.67571        4.24266      282.00000        0.00000
        0.03471        0.03471       -0.01595       -0.01707      844.24646       -0.00081        0.01157        0.33158        0.66842        5.83883        0.34784        0.65216        5.78694        0.32598        0.67402        4.21894      282.00000        0.00000
        0.03522        0.03522       -0.01619       -0.01733      846.88434       -0.00066        0.01140        0.33375        0.66625        5.84149        0.35105        0.64895        5.79659        0.32583        0.67417        4.22098      282.00000        0.00000
        0.03573        0.03573       -0.01643       -0.01760      849.48057       -0.00027        0.01117        0.33268        0.66732        5.83572        0.34947        0.65053        5.78729        0.32499        0.67501        4.23248      282.00000        0.00000
        0.03625        0.03625       -0.01667       -0.01786      852.04897       -0.00036        0.01131        0.33357        0.66643        5.83538        0.35169        0.64831        5.81053        0.32528        0.67472        4.23328      282.00000        0.00000
        0.03676        0.03676       -0.01691       -0.01813      854.58952       -0.00088        0.01182        0.32905        0.67095        5.80250        0.34807        0.65193        5.77158        0.32444        0.67556        4.21776      282.00000        0.00000
        0.03727        0.03727       -0.01715       -0.01839      857.10084       -0.00091        0.01195        0.32893        0.67107        5.78170        0.34888        0.65112        5.73660        0.32393        0.67607        4.21872      282.00000        0.00000
        0.03778        0.03778       -0.01739       -0.01866      859.60387       -0.00096        0.01204        0.33079        0.66921        5.74876        0.35200        0.64800        5.69957        0.32411        0.67589        4.21906      282.00000        0.00000
        0.03829        0.03829       -0.01763       -0.01892      862.11089       -0.00101        0.01213        0.33009        0.66991        5.73452        0.35070        0.64930        5.69304        0.32454        0.67546        4.21343      282.00000        0.00000
        0.03880        0.03880       -0.01787       -0.01919      864.58800       -0.00124        0.01235        0.33029        0.66971        5.74788        0.35078        0.64922        5.71554        0.32578        0.67422        4.21854      282.00000        0.00000
        0.03931        0.03931       -0.01811       -0.01946      867.05897       -0.00128        0.01244        0.32999        0.67001        5.73121        0.35052        0.64948        5.69171        0.32563        0.67437        4.21066      282.00000        0.00000
        0.03982        0.03982       -0.01835       -0.01972      869.51341       -0.00142        0.01272        0.33093        0.66907        5.70335        0.35205        0.64795        5.64801        0.32736        0.67264        4.20978      282.00000        0.00000
        0.04033        0.04033       -0.01859       -0.01999      871.94295       -0.00151        0.01278        0.32918        0.67082        5.70585        0.34911        0.65089        5.65688        0.32754        0.67246        4.21219      282.00000        0.00000
        0.04084        0.04084       -0.01883       -0.02026      874.35524       -0.00147        0.01282        0.33085        0.66915        5.71496        0.35059        0.64941        5.64054        0.32864        0.67136        4.23366      282.00000        0.00000
        0.04135        0.04135       -0.01907       -0.02052      876.73723       -0.00156        0.01300        0.33126        0.66874        5.70296        0.35165        0.64835        5.62663        0.33005        0.66995        4.22989      282.00000        0.00000
        0.04186        0.04186       -0.01931       -0.02079      879.09503       -0.00152        0.01305        0.33040        0.66960        5.68532        0.35031        0.64969        5.59404        0.33021        0.66979        4.23273      282.00000        0.00000
        0.04237        0.04237       -0.01954       -0.02106      881.45050       -0.00162        0.01320        0.33075        0.66925        5.68020        0.35090        0.64910        5.57515        0.33019        0.66981        4.24007      282.00000        0.00000
        0.04288        0.04288       -0.01978       -0.02132      883.80032       -0.00169        0.01326        0.33163        0.66837        5.63504        0.35233        0.64767        5.51122        0.33011        0.66989        4.23963      282.00000        0.00000
        0.04339        0.04339       -0.02002       -0.02159      886.13056       -0.00159        0.01328        0.33167        0.66833        5.62783        0.35220        0.64780        5.50852        0.33230        0.66770        4.24495      282.00000        0.00000
        0.04390        0.04390       -0.02026       -0.02186      888.43112       -0.00180        0.01357        0.33180        0.66820        5.60419        0.35237        0.64763        5.47623        0.33372        0.66628        4.25813      282.00000        0.00000
        0.04441        0.04441       -0.02050       -0.02213      890.71363       -0.00172        0.01355        0.33176        0.66824        5.57801        0.35245        0.64755        5.45500        0.33384        0.66616        4.24359      282.00000        0.00000
        0.04492        0.04492       -0.02074       -0.02239      892.96446       -0.00247        0.01406        0.33146        0.66854        5.58682        0.35208        0.64792        5.46922        0.33368        0.66632        4.26659      282.00000        0.00000
        0.04543        0.04543       -0.02097       -0.02266      895.17550       -0.00247        0.01403        0.33149        0.66851        5.58154        0.35226        0.64774        5.46255        0.33376        0.66624        4.26532      282.00000        0.00000
        0.04594        0.04594       -0.02121       -0.02293      897.36082       -0.00247        0.01409        0.33122        0.66878        5.57609        0.35181        0.64819        5.44674        0.33396        0.66604        4.27016      282.00000        0.00000
        0.04646        0.04646       -0.02145       -0.02320      899.53037       -0.00248        0.01410        0.33102        0.66898        5.57339        0.35150        0.64850        5.44827        0.33399        0.66601        4.26609      282.00000        0.00000
        0.04697        0.04697       -0.02169       -0.02347      901.68312       -0.00255        0.01419        0.33009        0.66991        5.55251        0.35074        0.64926        5.40751        0.33414        0.66586        4.27672      282.00000        0.00000
        0.04748        0.04748       -0.02193       -0.02374      903.82502       -0.00240        0.01420        0.33096        0.66904        5.55327        0.35212        0.64788        5.40453        0.33708        0.66292        4.27963      282.00000        0.00000
        0.04799        0.04799       -0.02216       -0.02401      905.94107       -0.00230        0.01415        0.33144        0.66856        5.54246        0.35290        0.64710        5.38749        0.33778        0.66222        4.28510      282.00000        0.00000
        0.04850        0.04850       -0.02240       -0.02428      908.03649       -0.00233        0.01421        0.32981        0.67019        5.52171        0.35025        0.64975        5.35359        0.33791        0.66209        4.27963      282.00000        0.00000
        0.04901        0.04901       -0.02263       -0.02455      910.11119       -0.00238        0.01428        0.33114        0.66886        5.52312        0.35241        0.64759        5.36006        0.33802        0.66198        4.27672      282.00000        0.00000
        0.04952        0.04952       -0.02287       -0.02482      912.16555       -0.00244        0.01437        0.33121        0.66879        5.52585        0.35241        0.64759        5.36327        0.33814        0.66186        4.27756      282.00000        0.00000
        0.05003        0.05003       -0.02310       -0.02509      914.19436       -0.00241        0.01441        0.33129        0.66871        5.52897        0.35256        0.64744        5.35855        0.33808        0.66192        4.29581      282.00000        0.00000
        0.05054        0.05054       -0.02333       -0.02536      916.19625       -0.00245        0.01448        0.33125        0.66875        5.52397        0.35252        0.64748        5.35007        0.33820        0.66180        4.29610      282.00000        0.00000
        0.05105        0.05105       -0.02357       -0.02564      918.17310       -0.00246        0.01460        0.33163        0.66837        5.52635        0.35300        0.64700        5.37627        0.33992        0.66008        4.28638      282.00000        0.00000
        0.05156        0.05156       -0.02380       -0.02591      920.12908       -0.00276        0.01510        0.33172        0.66828        5.50585        0.35315        0.64685        5.35249        0.34149        0.65851        4.28570      282.00000        0.00000
        0.05207        0.05207       -0.02404       -0.02618      922.07166       -0.00290        0.01525        0.33000        0.67000        5.49931        0.35049        0.64951        5.35548        0.34155        0.65845        4.27057      282.00000        0.00000
        0.05258        0.05258       -0.02427       -0.02645      923.98971       -0.00296        0.01530        0.33025        0.66975        5.49495        0.35059        0.64941        5.33515        0.34187        0.65813        4.27976      282.00000        0.00000
        0.05309        0.05309       -0.02450       -0.02673      925.89572       -0.00281        0.01513        0.33116        0.66884        5.47931        0.35193        0.64807        5.34049        0.34192        0.65808        4.26436      282.00000        0.00000
        0.05360        0.05360       -0.02474       -0.02700      927.77659       -0.00286        0.01516        0.33151        0.66849        5.51680        0.35217        0.64783        5.35772        0.34221        0.65779        4.29430      282.00000        0.00000
        0.05411        0.05411       -0.02497       -0.02727      929.62898       -0.00264        0.01504        0.33137        0.66863        5.54044        0.35181        0.64819        5.37762        0.34291        0.65709        4.31269      282.00000        0.00000
        0.05462        0.05462       -0.02521       -0.02755      931.47959       -0.00269        0.01511        0.33202        0.66798        5.46521        0.35259        0.64741        5.34082        0.34329        0.65671        4.25414      282.00000        0.00000
        0.05513        0.05513       -0.02544       -0.02782      933.30339       -0.00270        0.01514        0.33219        0.66781        5.54302        0.35303        0.64697        5.39971        0.34324        0.65676        4.30028      282.00000        0.00000
        0.05564        0.05564       -0.02567       -0.02809      935.10134       -0.00292        0.01540        0.33222        0.66778        5.52637        0.35332        0.64668        5.39527        0.34616        0.65384        4.29051      282.00000        0.00000
        0.05615        0.05615       -0.02590       -0.02837      936.87647       -0.00292        0.01544        0.33239        0.66761        5.52373        0.35337        0.64663        5.36862        0.34669        0.65331        4.31175      282.00000        0.00000
        0.05667        0.05667       -0.02614       -0.02864      938.63500       -0.00292        0.01548        0.33376        0.66624        5.48349        0.35534        0.64466        5.36434        0.34703        0.65297        4.26978      282.00000        0.00000
        0.05718        0.05718       -0.02637       -0.02892      940.37532       -0.00296        0.01554        0.33356        0.66644        5.51586        0.35527        0.64473        5.37934        0.34698        0.65302        4.29555      282.00000        0.00000
        0.05769        0.05769       -0.02660       -0.02919      942.10090       -0.00303        0.01565        0.33358        0.66642        5.48286        0.35521        0.64479        5.35067        0.34716        0.65284        4.27278      282.00000        0.00000
        0.05820        0.05820       -0.02683       -0.02947      943.81673       -0.00341        0.01603        0.33388        0.66612        5.47793        0.35546        0.64454        5.35538        0.34818        0.65182        4.26977      282.00000        0.00000
        0.05871        0.05871       -0.02706       -0.02975      945.52233       -0.00346        0.01612        0.33419        0.66581        5.44724        0.35576        0.64424        5.36407        0.34837        0.65163        4.22950      282.00000        0.00000
        0.05922        0.05922       -0.02729       -0.03002      947.20399       -0.00348        0.01613        0.33442        0.66558        5.50249        0.35626        0.64374        5.35320        0.34827        0.65173        4.30446      282.00000        0.00000
        0.05973        0.05973       -0.02752       -0.03030      948.86376       -0.00351        0.01627        0.33431        0.66569        5.50590        0.35622        0.64378        5.36780        0.34815        0.65185        4.30392      282.00000        0.00000
        0.06024        0.06024       -0.02775       -0.03058      950.50372       -0.00360        0.01641        0.33422        0.66578        5.50339        0.35582        0.64418        5.37046        0.34915        0.65085        4.29927      282.00000        0.00000
        0.06075        0.06075       -0.02798       -0.03085      952.14266       -0.00353        0.01648        0.33374        0.66626        5.46868        0.35504        0.64496        5.37162        0.34930        0.65070        4.25972      282.00000        0.00000
        0.06126        0.06126       -0.02821       -0.03113      953.77246       -0.00356        0.01656        0.33457        0.66543        5.49731        0.35524        0.64476        5.40914        0.35026        0.64974        4.26573      282.00000        0.00000
        0.06177        0.06177       -0.02844       -0.03141      955.39010       -0.00361        0.01662        0.33411        0.66589        5.49918        0.35547        0.64453        5.38239        0.34964        0.65036        4.28632      282.00000        0.00000
        0.06228        0.06228       -0.02867       -0.03169      956.98379       -0.00369        0.01677        0.33404        0.66596        5.50320        0.35538        0.64462        5.39949        0.34877        0.65123        4.27323      282.00000        0.00000
        0.06279        0.06279       -0.02890       -0.03197      958.55900       -0.00370        0.01680        0.33492        0.66508        5.49609        0.35586        0.64414        5.40274        0.34960        0.65040        4.26304      282.00000        0.00000
        0.06330        0.06330       -0.02913       -0.03225      960.12124       -0.00373        0.01684        0.33454        0.66546        5.48592        0.35602        0.64398        5.38074        0.34903        0.65097        4.26691      282.00000        0.00000
        0.06381        0.06381       -0.02935       -0.03253      961.67860       -0.00380        0.01698        0.33433        0.66567        5.46803        0.35577        0.64423        5.38035        0.34915        0.65085        4.24721      282.00000        0.00000
        0.06432        0.06432       -0.02958       -0.03281      963.22246       -0.00382        0.01700        0.33457        0.66543        5.49484        0.35619        0.64381        5.38821        0.34919        0.65081        4.27170      282.00000        0.00000
        0.06483        0.06483       -0.02981       -0.03309      964.74571       -0.00386        0.01707        0.33444        0.66556        5.47549        0.35608        0.64392        5.39309        0.34916        0.65084        4.24671      282.00000        0.00000
        0.06534        0.06534       -0.03004       -0.03337      966.25716       -0.00382        0.01709        0.33446        0.66554        5.47522        0.35608        0.64392        5.40924        0.34933        0.65067        4.23525      282.00000        0.00000
        0.06585        0.06585       -0.03026       -0.03365      967.75712       -0.00384        0.01719        0.33442        0.66558        5.44850        0.35599        0.64401        5.34311        0.34864        0.65136        4.25116      282.00000        0.00000
        0.06636        0.06636       -0.03049       -0.03393      969.24321       -0.00389        0.01730        0.33429        0.66571        5.44613        0.35578        0.64422        5.37109        0.34867        0.65133        4.22916      282.00000        0.00000
        0.06688        0.06688       -0.03072       -0.03421      970.71449       -0.00386        0.01727        0.33464        0.66536        5.45395        0.35643        0.64357        5.35250        0.34865        0.65135        4.25074      282.00000        0.00000
        0.06739        0.06739       -0.03094       -0.03449      972.17294       -0.00389        0.01732        0.33478        0.66522        5.46680        0.35671        0.64329        5.39271        0.34973        0.65027        4.24303      282.00000        0.00000
        0.06790        0.06790       -0.03117       -0.03477      973.62543       -0.00389        0.01733        0.33492        0.66508        5.45043        0.35704        0.64296        5.36103        0.34985        0.65015        4.24666      282.00000        0.00000
        0.06841        0.06841       -0.03139       -0.03505      975.06176       -0.00420        0.01771        0.33505        0.66495        5.44580        0.35713        0.64287        5.37331        0.35075        0.64925        4.23876      282.00000        0.00000
        0.06892        0.06892       -0.03162       -0.03533      976.47927       -0.00423        0.01777        0.33488        0.66512        5.45039        0.35695        0.64305        5.36592        0.35074        0.64926        4.24899      282.00000        0.00000
        0.06943        0.06943       -0.03185       -0.03562      977.88827       -0.00423        0.01781        0.33554        0.66446        5.45891        0.35806        0.64194        5.38945        0.35082        0.64918        4.24223      282.00000        0.00000
        0.06994        0.06994       -0.03207       -0.03590      979.28763       -0.00430        0.01794        0.33527        0.66473        5.42496        0.35766        0.64234        5.37664        0.35091        0.64909        4.21319      282.00000        0.00000
        0.07045        0.07045       -0.03230       -0.03618      980.67149       -0.00429        0.01794        0.33554        0.66446        5.43412        0.35809        0.64191        5.38945        0.35101        0.64899        4.21455      282.00000        0.00000
        0.07096        0.07096       -0.03252       -0.03646      982.04458       -0.00435        0.01805        0.33539        0.66461        5.42626        0.35789        0.64211        5.36902        0.35108        0.64892        4.21990      282.00000        0.00000
        0.07147        0.07147       -0.03275       -0.03675      983.40538       -0.00435        0.01809        0.33551        0.66449        5.42987        0.35822        0.64178        5.37687        0.35105        0.64895        4.21851      282.00000        0.00000
        0.07198        0.07198       -0.03297       -0.03703      984.75179       -0.00436        0.01812        0.33552        0.66448        5.43145        0.35829        0.64171        5.37741        0.35111        0.64889        4.21990      282.00000        0.00000
        0.07249        0.07249       -0.03320       -0.03731      986.08831       -0.00422        0.01809        0.33595        0.66405        5.42254        0.35835        0.64165        5.39146        0.35181        0.64819        4.21174      282.00000        0.00000
        0.07300        0.07300       -0.03343       -0.03759      987.41408       -0.00417        0.01803        0.33596        0.66404        5.42705        0.35924        0.64076        5.38460        0.35128        0.64872        4.22727      282.00000        0.00000
        0.07351        0.07351       -0.03365       -0.03787      988.72385       -0.00403        0.01797        0.33627        0.66373        5.42611        0.35887        0.64113        5.39146        0.35210        0.64790        4.22147      282.00000        0.00000
        0.07402        0.07402       -0.03388       -0.03816      990.01854       -0.00420        0.01819        0.33589        0.66411        5.42273        0.35919        0.64081        5.37840        0.35205        0.64795        4.22098      282.00000        0.00000
        0.07453        0.07453       -0.03410       -0.03844      991.30452       -0.00428        0.01833        0.33553        0.66447        5.42095        0.35856        0.64144        5.39146        0.35216        0.64784        4.20996      282.00000        0.00000
        0.07504        0.07504       -0.03433       -0.03872      992.58306       -0.00429        0.01840        0.33642        0.66358        5.40757        0.35912        0.64088        5.36539        0.35302        0.64698        4.20730      282.00000        0.00000
        0.07555        0.07555       -0.03455       -0.03901      993.85356       -0.00436        0.01853        0.33577        0.66423        5.38200        0.35885        0.64115        5.34176        0.35235        0.64765        4.20085      282.00000        0.00000
        0.07606        0.07606       -0.03477       -0.03929      995.11279       -0.00435        0.01854        0.33611        0.66389        5.41122        0.35946        0.64054        5.36926        0.35247        0.64753        4.20870      282.00000        0.00000
        0.07658        0.07658       -0.03500       -0.03957      996.36245       -0.00441        0.01867        0.33586        0.66414        5.39409        0.35916        0.64084        5.35737        0.35248        0.64752        4.19779      282.00000        0.00000
        0.07709        0.07709       -0.03522       -0.03986      997.60277       -0.00448        0.01880        0.33599        0.66401        5.40859        0.35968        0.64032        5.34888        0.35321        0.64679        4.21987      282.00000        0.00000
        0.07760        0.07760       -0.03545       -0.04014      998.83289       -0.00453        0.01893        0.33642        0.66358        5.40688        0.35940        0.64060        5.35573        0.35397        0.64603        4.21896      282.00000        0.00000
        0.07811        0.07811       -0.03567       -0.04043     1000.05132       -0.00451        0.01892        0.33610        0.66390        5.41207        0.35986        0.64014        5.35573        0.35331        0.64669        4.22475      282.00000        0.00000
        0.07862        0.07862       -0.03589       -0.04071     1001.26167       -0.00452        0.01900        0.33676        0.66324        5.39732        0.36011        0.63989        5.35573        0.35403        0.64597        4.20829      282.00000        0.00000
        0.07913        0.07913       -0.03612       -0.04100     1002.46066       -0.00455        0.01907        0.33600        0.66400        5.39657        0.35975        0.64025        5.33274        0.35348        0.64652        4.22336      282.00000        0.00000
        0.07964        0.07964       -0.03634       -0.04128     1003.64533       -0.00461        0.01908        0.33589        0.66411        5.38726        0.35960        0.64040        5.34671        0.35690        0.64310        4.20330      282.00000        0.00000
        0.08015        0.08015       -0.03656       -0.04157     1004.81740       -0.00470        0.01924        0.33600        0.66400        5.38968        0.35890        0.64110        5.34578        0.35774        0.64226        4.20664      282.00000        0.00000
        0.08066        0.08066       -0.03678       -0.04186     1005.98245       -0.00473        0.01927        0.33568        0.66432        5.38999        0.35884        0.64116        5.34763        0.35751        0.64249        4.20571      282.00000        0.00000
        0.08117        0.08117       -0.03700       -0.04215     1007.13740       -0.00468        0.01926        0.33533        0.66467        5.39677        0.35903        0.64097        5.34078        0.35750        0.64250        4.21802      282.00000        0.00000
        0.08168        0.08168       -0.03722       -0.04243     1008.28180       -0.00474        0.01938        0.33495        0.66505        5.38488        0.35841        0.64159        5.33798        0.35747        0.64253        4.21243      282.00000        0.00000
        0.08219        0.08219       -0.03744       -0.04272     1009.41497       -0.00468        0.01937        0.33524        0.66476        5.39976        0.35807        0.64193        5.34763        0.35834        0.64166        4.21662      282.00000        0.00000
        0.08270        0.08270       -0.03766       -0.04301     1010.54110       -0.00481        0.01955        0.33417        0.66583        5.38671        0.35764        0.64236        5.32964        0.35723        0.64277        4.22599      282.00000        0.00000
        0.08321        0.08321       -0.03788       -0.04330     1011.65769       -0.00478        0.01957        0.33445        0.66555        5.39565        0.35819        0.64181        5.33710        0.35727        0.64273        4.23082      282.00000        0.00000
        0.08372        0.08372       -0.03809       -0.04359     1012.76304       -0.00482        0.01966        0.33410        0.66590        5.39974        0.35765        0.64235        5.34605        0.35722        0.64278        4.23494      282.00000        0.00000
        0.08423        0.08423       -0.03831       -0.04388     1013.85732       -0.00478        0.01968        0.33490        0.66510        5.40367        0.35809        0.64191        5.34605        0.35809        0.64191        4.23933      282.00000        0.00000
        0.08474        0.08474       -0.03853       -0.04417     1014.94641       -0.00487        0.01983        0.33361        0.66639        5.39859        0.35654        0.64346        5.35286        0.35776        0.64224        4.22895      282.00000        0.00000
        0.08525        0.08525       -0.03875       -0.04446     1016.03089       -0.00487        0.01986        0.33353        0.66647        5.39233        0.35725        0.64275        5.33451        0.35713        0.64287        4.23465      282.00000        0.00000
        0.08576        0.08576       -0.03897       -0.04475     1017.10624       -0.00491        0.01998        0.33340        0.66660        5.39636        0.35700        0.64300        5.35653        0.35713        0.64287        4.22392      282.00000        0.00000
        0.08627        0.08627       -0.03919       -0.04504     1018.17065       -0.00505        0.02017        0.33358        0.66642        5.39100        0.35734        0.64266        5.34131        0.35740        0.64260        4.23422      282.00000        0.00000
        0.08679        0.08679       -0.03941       -0.04533     1019.22707       -0.00506        0.02027        0.33387        0.66613        5.39498        0.35698        0.64302        5.36274        0.35819        0.64181        4.22384      282.00000        0.00000
        0.08730        0.08730       -0.03962       -0.04562     1020.27558       -0.00509        0.02034        0.33322        0.66678        5.39009        0.35689        0.64311        5.34624        0.35750        0.64250        4.22979      282.00000        0.00000
        0.08781        0.08781       -0.03984       -0.04591     1021.31726       -0.00507        0.02037        0.33410        0.66590        5.39253        0.35746        0.64254        5.36304        0.35826        0.64174        4.22089      282.00000        0.00000
        0.08832        0.08832       -0.04006       -0.04621     1022.34899       -0.00531        0.02069        0.33364        0.66636        5.38712        0.35667        0.64333        5.34271        0.35770        0.64230        4.22891      282.00000        0.00000
        0.08883        0.08883       -0.04027       -0.04650     1023.37317       -0.00529        0.02069        0.33374        0.66626        5.38569        0.35683        0.64317        5.34690        0.35799        0.64201        4.23017      282.00000        0.00000
        0.08934        0.08934       -0.04049       -0.04679     1024.39293       -0.00532        0.02082        0.33354        0.66646        5.36625        0.35657        0.64343        5.33319        0.35802        0.64198        4.21796      282.00000        0.00000
        0.08985        0.08985       -0.04070       -0.04708     1025.40431       -0.00530        0.02084        0.33386        0.66614        5.35874        0.35700        0.64300        5.32866        0.35816        0.64184        4.21270      282.00000        0.00000
        0.09036        0.09036       -0.04092       -0.04738     1026.40522       -0.00540        0.02100        0.33345        0.66655        5.36968        0.35649        0.64351        5.33841        0.35751        0.64249        4.22392      282.00000        0.00000
        0.09087        0.09087       -0.04113       -0.04767     1027.39665       -0.00543        0.02109        0.33324        0.66676        5.37110        0.35621        0.64379        5.33841        0.35761        0.64239        4.22551      282.00000        0.00000
        0.09138        0.09138       -0.04134       -0.04797     1028.38148       -0.00543        0.02113        0.33341        0.66659        5.36302        0.35653        0.64347        5.33340        0.35774        0.64226        4.21420      282.00000        0.00000
        0.09189        0.09189       -0.04156       -0.04826     1029.35680       -0.00551        0.02125        0.33283        0.66717        5.36438        0.35567        0.64433        5.33051        0.35763        0.64237        4.22347      282.00000        0.00000
        0.09240        0.09240       -0.04177       -0.04856     1030.32334       -0.00549        0.02129        0.33290        0.66710        5.37760        0.35582        0.64418        5.34823        0.35775        0.64225        4.22597      282.00000        0.00000
        0.09291        0.09291       -0.04198       -0.04886     1031.28107       -0.00550        0.02135        0.33284        0.66716        5.37571        0.35579        0.64421        5.34823        0.35781        0.64219        4.22386      282.00000        0.00000
        0.09342        0.09342       -0.04219       -0.04915     1032.23433       -0.00552        0.02144        0.33270        0.66730        5.36032        0.35563        0.64437        5.32338        0.35785        0.64215        4.21811      282.00000        0.00000
        0.09393        0.09393       -0.04241       -0.04945     1033.17821       -0.00546        0.02147        0.33280        0.66720        5.36179        0.35565        0.64435        5.33208        0.35779        0.64221        4.21949      282.00000        0.00000
        0.09444        0.09444       -0.04262       -0.04975     1034.11487       -0.00545        0.02151        0.33288        0.66712        5.36179        0.35574        0.64426        5.32523        0.35795        0.64205        4.22422      282.00000        0.00000
        0.09495        0.09495       -0.04283       -0.05004     1035.04540       -0.00546        0.02160        0.33275        0.66725        5.36225        0.35558        0.64442        5.32523        0.35790        0.64210        4.23050      282.00000        0.00000
        0.09546        0.09546       -0.04304       -0.05034     1035.97020       -0.00545        0.02167        0.33287        0.66713        5.35492        0.35581        0.64419        5.32523        0.35791        0.64209        4.22231      282.00000        0.00000
        0.09597        0.09597       -0.04325       -0.05064     1036.89259       -0.00571        0.02208        0.33278        0.66722        5.35331        0.35636        0.64364        5.34638        0.35757        0.64243        4.21164      282.00000        0.00000
        0.09648        0.09648       -0.04347       -0.05093     1037.81009       -0.00572        0.02216        0.33271        0.66729        5.34446        0.35630        0.64370        5.33208        0.35773        0.64227        4.21164      282.00000        0.00000
        0.09699        0.09699       -0.04368       -0.05123     1038.72227       -0.00603        0.02253        0.33275        0.66725        5.32527        0.35635        0.64365        5.30909        0.35837        0.64163        4.20612      282.00000        0.00000
        0.09751        0.09751       -0.04389       -0.05153     1039.62672       -0.00605        0.02265        0.33263        0.66737        5.34021        0.35623        0.64377        5.32523        0.35953        0.64047        4.21164      282.00000        0.00000
        0.09802        0.09802       -0.04410       -0.05183     1040.52513       -0.00608        0.02274        0.33268        0.66732        5.33430        0.35625        0.64375        5.32523        0.35973        0.64027        4.20504      282.00000        0.00000
        0.09853        0.09853       -0.04431       -0.05212     1041.41670       -0.00609        0.02283        0.33262        0.66738        5.33459        0.35620        0.64380        5.32338        0.35971        0.64029        4.20664      282.00000        0.00000
        0.09904        0.09904       -0.04452       -0.05242     1042.30133       -0.00595        0.02275        0.33275        0.66725        5.33574        0.35642        0.64358        5.32523        0.35986        0.64014        4.21815      282.00000        0.00000
        0.09955        0.09955       -0.04473       -0.05272     1043.17955       -0.00587        0.02275        0.33295        0.66705        5.33517        0.35663        0.64337        5.32431        0.36014        0.63986        4.21815      282.00000        0.00000
        0.10006        0.10006       -0.04494       -0.05302     1044.05043       -0.00588        0.02281        0.33283        0.66717        5.32936        0.35649        0.64351        5.31493        0.36017        0.63983        4.21815      282.00000        0.00000
        0.10057        0.10057       -0.04515       -0.05332     1044.91622       -0.00587        0.02284        0.33282        0.66718        5.31892        0.35660        0.64340        5.29193        0.36016        0.63984        4.22239      282.00000        0.00000
        0.10108        0.10108       -0.04536       -0.05361     1045.77697       -0.00587        0.02292        0.33281        0.66719        5.31929        0.35661        0.64339        5.29101        0.36019        0.63981        4.22345      282.00000        0.00000
        0.10159        0.10159       -0.04557       -0.05391     1046.63321       -0.00589        0.02302        0.33258        0.66742        5.30840        0.35648        0.64352        5.27946        0.36010        0.63990        4.21928      282.00000        0.00000
        0.10210        0.10210       -0.04578       -0.05421     1047.50037        0.00000        0.00000        0.33250        0.66750        5.31134        0.35635        0.64365        5.27946        0.36021        0.63979        4.22257      282.00000        0.00000
