 COMPONENTS 11 22 33 OF SAMPLE STRAIN, STRESS, ELASTIC STRAIN and AVACS
 ******************************************************************************
        et11        et22        et33        et23        et13        et12           st11        st22        st33        st23        st13        st12         etel11      etel22      etel33        wgt_ph
  0.0000E+00  0.0000E+00  0.0000E+00  0.0000E+00  0.0000E+00  0.0000E+00     0.0000E+00  0.0000E+00  0.0000E+00  0.0000E+00  0.0000E+00  0.0000E+00     0.0000E+00  0.0000E+00  0.0000E+00     0.6600E+00
  0.5305E-03 -0.1429E-03 -0.1657E-03 -0.9641E-06 -0.9475E-06 -0.1065E-05     0.1040E+03  0.3734E+00  0.1378E+01  0.1370E+01  0.1679E+01  0.4760E+00     0.0000E+00  0.0000E+00  0.0000E+00     0.6600E+00
  0.1061E-02 -0.2857E-03 -0.3314E-03 -0.1927E-05 -0.1893E-05 -0.2129E-05     0.2079E+03  0.7550E+00  0.2766E+01  0.2741E+01  0.3357E+01  0.9520E+00     0.0000E+00  0.0000E+00  0.0000E+00     0.6600E+00
  0.1655E-02 -0.5149E-03 -0.5730E-03 -0.3890E-05 -0.2018E-05 -0.2097E-05     0.2545E+03  0.6595E+01  0.9093E+01  0.4618E+01  0.4039E+01  0.5673E+00     0.0000E+00  0.0000E+00  0.0000E+00     0.6600E+00
  0.2269E-02 -0.7477E-03 -0.8549E-03 -0.4958E-05 -0.1445E-05 -0.3123E-05     0.2880E+03  0.1276E+02  0.1677E+02  0.5689E+01  0.4119E+01  0.9807E+00     0.0000E+00  0.0000E+00  0.0000E+00     0.6600E+00
  0.2891E-02 -0.9804E-03 -0.1153E-02 -0.4952E-05 -0.1438E-05 -0.4163E-05     0.3174E+03  0.1874E+02  0.2464E+02  0.5991E+01  0.4597E+01  0.1408E+01     0.0000E+00  0.0000E+00  0.0000E+00     0.6600E+00
  0.3528E-02 -0.1243E-02 -0.1453E-02 -0.4291E-05 -0.1487E-05 -0.4875E-05     0.3404E+03  0.2442E+02  0.3124E+02  0.5849E+01  0.5081E+01  0.1597E+01     0.0000E+00  0.0000E+00  0.0000E+00     0.6600E+00
  0.4170E-02 -0.1517E-02 -0.1751E-02 -0.4035E-05 -0.1090E-05 -0.5239E-05     0.3621E+03  0.3003E+02  0.3742E+02  0.5943E+01  0.5278E+01  0.1567E+01     0.0000E+00  0.0000E+00  0.0000E+00     0.6600E+00
  0.4814E-02 -0.1794E-02 -0.2050E-02 -0.3670E-05 -0.4205E-06 -0.5752E-05     0.3829E+03  0.3555E+02  0.4350E+02  0.5983E+01  0.5303E+01  0.1628E+01     0.0000E+00  0.0000E+00  0.0000E+00     0.6600E+00
  0.5459E-02 -0.2073E-02 -0.2348E-02 -0.3302E-05  0.4067E-06 -0.6124E-05     0.4032E+03  0.4109E+02  0.4950E+02  0.6010E+01  0.5239E+01  0.1614E+01     0.0000E+00  0.0000E+00  0.0000E+00     0.6600E+00
  0.6105E-02 -0.2356E-02 -0.2647E-02 -0.2926E-05  0.1204E-05 -0.6403E-05     0.4231E+03  0.4664E+02  0.5543E+02  0.6031E+01  0.5178E+01  0.1546E+01     0.0000E+00  0.0000E+00  0.0000E+00     0.6600E+00
  0.6753E-02 -0.2639E-02 -0.2946E-02 -0.2614E-05  0.1976E-05 -0.6861E-05     0.4425E+03  0.5214E+02  0.6133E+02  0.6078E+01  0.5131E+01  0.1572E+01     0.0000E+00  0.0000E+00  0.0000E+00     0.6600E+00
  0.7318E-02 -0.2888E-02 -0.3225E-02  0.3245E-05  0.2961E-05 -0.9394E-05     0.4563E+03  0.5409E+02  0.6316E+02  0.6289E+01  0.5128E+01  0.1518E+01     0.0000E+00  0.0000E+00  0.0000E+00     0.6600E+00
  0.7840E-02 -0.3128E-02 -0.3483E-02  0.1034E-04  0.3170E-05 -0.1531E-04     0.4672E+03  0.5436E+02  0.6352E+02  0.6471E+01  0.5099E+01  0.1389E+01     0.0000E+00  0.0000E+00  0.0000E+00     0.6600E+00
  0.8351E-02 -0.3365E-02 -0.3736E-02  0.1817E-04  0.4626E-05 -0.2124E-04     0.4775E+03  0.5426E+02  0.6359E+02  0.6652E+01  0.5024E+01  0.1199E+01     0.0000E+00  0.0000E+00  0.0000E+00     0.6600E+00
  0.8863E-02 -0.3601E-02 -0.3990E-02  0.2462E-04  0.5011E-05 -0.2747E-04     0.4874E+03  0.5419E+02  0.6366E+02  0.6847E+01  0.5028E+01  0.1063E+01     0.0000E+00  0.0000E+00  0.0000E+00     0.6600E+00
  0.9372E-02 -0.3837E-02 -0.4244E-02  0.3076E-04  0.6216E-05 -0.3194E-04     0.4970E+03  0.5407E+02  0.6370E+02  0.7018E+01  0.4980E+01  0.9408E+00     0.0000E+00  0.0000E+00  0.0000E+00     0.6600E+00
  0.9882E-02 -0.4073E-02 -0.4498E-02  0.3590E-04  0.7833E-05 -0.3698E-04     0.5062E+03  0.5392E+02  0.6377E+02  0.7193E+01  0.4966E+01  0.8226E+00     0.0000E+00  0.0000E+00  0.0000E+00     0.6600E+00
  0.1039E-01 -0.4308E-02 -0.4752E-02  0.4180E-04  0.9538E-05 -0.4148E-04     0.5153E+03  0.5369E+02  0.6380E+02  0.7417E+01  0.5017E+01  0.6966E+00     0.0000E+00  0.0000E+00  0.0000E+00     0.6600E+00
  0.1090E-01 -0.4542E-02 -0.5008E-02  0.4684E-04  0.1161E-04 -0.4561E-04     0.5239E+03  0.5349E+02  0.6384E+02  0.7554E+01  0.5000E+01  0.5947E+00     0.0000E+00  0.0000E+00  0.0000E+00     0.6600E+00
  0.1140E-01 -0.4776E-02 -0.5262E-02  0.5007E-04  0.1375E-04 -0.5026E-04     0.5322E+03  0.5324E+02  0.6378E+02  0.7695E+01  0.5012E+01  0.4922E+00     0.0000E+00  0.0000E+00  0.0000E+00     0.6600E+00
  0.1191E-01 -0.5010E-02 -0.5517E-02  0.5351E-04  0.1609E-04 -0.5488E-04     0.5401E+03  0.5299E+02  0.6373E+02  0.7800E+01  0.5015E+01  0.3990E+00     0.0000E+00  0.0000E+00  0.0000E+00     0.6600E+00
  0.1241E-01 -0.5244E-02 -0.5769E-02  0.5614E-04  0.1805E-04 -0.5834E-04     0.5478E+03  0.5267E+02  0.6363E+02  0.7951E+01  0.5025E+01  0.3172E+00     0.0000E+00  0.0000E+00  0.0000E+00     0.6600E+00
  0.1291E-01 -0.5479E-02 -0.6021E-02  0.5902E-04  0.1948E-04 -0.6200E-04     0.5552E+03  0.5234E+02  0.6352E+02  0.8083E+01  0.5020E+01  0.2462E+00     0.0000E+00  0.0000E+00  0.0000E+00     0.6600E+00
  0.1341E-01 -0.5714E-02 -0.6272E-02  0.6201E-04  0.2004E-04 -0.6613E-04     0.5624E+03  0.5200E+02  0.6341E+02  0.8225E+01  0.4993E+01  0.1678E+00     0.0000E+00  0.0000E+00  0.0000E+00     0.6600E+00
  0.1391E-01 -0.5949E-02 -0.6522E-02  0.6491E-04  0.2065E-04 -0.7067E-04     0.5694E+03  0.5162E+02  0.6327E+02  0.8354E+01  0.4968E+01  0.8364E-01     0.0000E+00  0.0000E+00  0.0000E+00     0.6600E+00
  0.1441E-01 -0.6183E-02 -0.6773E-02  0.6747E-04  0.2206E-04 -0.7484E-04     0.5762E+03  0.5123E+02  0.6312E+02  0.8457E+01  0.4939E+01  0.6339E-02     0.0000E+00  0.0000E+00  0.0000E+00     0.6600E+00
  0.1490E-01 -0.6418E-02 -0.7022E-02  0.7051E-04  0.2428E-04 -0.7819E-04     0.5827E+03  0.5085E+02  0.6292E+02  0.8540E+01  0.4922E+01 -0.4462E-01     0.0000E+00  0.0000E+00  0.0000E+00     0.6600E+00
  0.1540E-01 -0.6651E-02 -0.7271E-02  0.7298E-04  0.2637E-04 -0.8159E-04     0.5891E+03  0.5043E+02  0.6270E+02  0.8652E+01  0.4893E+01 -0.8624E-01     0.0000E+00  0.0000E+00  0.0000E+00     0.6600E+00
  0.1589E-01 -0.6883E-02 -0.7520E-02  0.7579E-04  0.2791E-04 -0.8468E-04     0.5952E+03  0.4998E+02  0.6250E+02  0.8775E+01  0.4873E+01 -0.1019E+00     0.0000E+00  0.0000E+00  0.0000E+00     0.6600E+00
  0.1638E-01 -0.7117E-02 -0.7769E-02  0.7886E-04  0.2958E-04 -0.8759E-04     0.6012E+03  0.4954E+02  0.6231E+02  0.8890E+01  0.4855E+01 -0.1062E+00     0.0000E+00  0.0000E+00  0.0000E+00     0.6600E+00
  0.1688E-01 -0.7350E-02 -0.8018E-02  0.8168E-04  0.3208E-04 -0.8995E-04     0.6070E+03  0.4908E+02  0.6211E+02  0.9004E+01  0.4855E+01 -0.1183E+00     0.0000E+00  0.0000E+00  0.0000E+00     0.6600E+00
  0.1737E-01 -0.7583E-02 -0.8266E-02  0.8483E-04  0.3438E-04 -0.9198E-04     0.6127E+03  0.4861E+02  0.6191E+02  0.9129E+01  0.4848E+01 -0.1205E+00     0.0000E+00  0.0000E+00  0.0000E+00     0.6600E+00
  0.1786E-01 -0.7814E-02 -0.8515E-02  0.8841E-04  0.3653E-04 -0.9416E-04     0.6183E+03  0.4812E+02  0.6169E+02  0.9267E+01  0.4834E+01 -0.1303E+00     0.0000E+00  0.0000E+00  0.0000E+00     0.6600E+00
  0.1835E-01 -0.8047E-02 -0.8762E-02  0.9176E-04  0.3919E-04 -0.9596E-04     0.6237E+03  0.4765E+02  0.6145E+02  0.9414E+01  0.4820E+01 -0.1333E+00     0.0000E+00  0.0000E+00  0.0000E+00     0.6600E+00
  0.1884E-01 -0.8279E-02 -0.9010E-02  0.9557E-04  0.4158E-04 -0.9849E-04     0.6290E+03  0.4715E+02  0.6123E+02  0.9541E+01  0.4808E+01 -0.1426E+00     0.0000E+00  0.0000E+00  0.0000E+00     0.6600E+00
  0.1933E-01 -0.8510E-02 -0.9258E-02  0.9934E-04  0.4366E-04 -0.1014E-03     0.6341E+03  0.4665E+02  0.6101E+02  0.9677E+01  0.4798E+01 -0.1606E+00     0.0000E+00  0.0000E+00  0.0000E+00     0.6600E+00
  0.1981E-01 -0.8741E-02 -0.9506E-02  0.1031E-03  0.4608E-04 -0.1037E-03     0.6391E+03  0.4615E+02  0.6078E+02  0.9821E+01  0.4792E+01 -0.1649E+00     0.0000E+00  0.0000E+00  0.0000E+00     0.6600E+00
  0.2030E-01 -0.8972E-02 -0.9754E-02  0.1071E-03  0.4809E-04 -0.1060E-03     0.6439E+03  0.4565E+02  0.6054E+02  0.9955E+01  0.4772E+01 -0.1594E+00     0.0000E+00  0.0000E+00  0.0000E+00     0.6600E+00
  0.2079E-01 -0.9202E-02 -0.1000E-01  0.1107E-03  0.4972E-04 -0.1077E-03     0.6487E+03  0.4516E+02  0.6029E+02  0.1009E+02  0.4749E+01 -0.1468E+00     0.0000E+00  0.0000E+00  0.0000E+00     0.6600E+00
  0.2128E-01 -0.9433E-02 -0.1025E-01  0.1145E-03  0.5113E-04 -0.1094E-03     0.6533E+03  0.4466E+02  0.6005E+02  0.1020E+02  0.4726E+01 -0.1364E+00     0.0000E+00  0.0000E+00  0.0000E+00     0.6600E+00
  0.2176E-01 -0.9663E-02 -0.1050E-01  0.1177E-03  0.5265E-04 -0.1114E-03     0.6579E+03  0.4416E+02  0.5983E+02  0.1032E+02  0.4701E+01 -0.1323E+00     0.0000E+00  0.0000E+00  0.0000E+00     0.6600E+00
  0.2225E-01 -0.9894E-02 -0.1075E-01  0.1205E-03  0.5411E-04 -0.1137E-03     0.6623E+03  0.4367E+02  0.5964E+02  0.1044E+02  0.4696E+01 -0.1179E+00     0.0000E+00  0.0000E+00  0.0000E+00     0.6600E+00
  0.2274E-01 -0.1012E-01 -0.1100E-01  0.1239E-03  0.5549E-04 -0.1154E-03     0.6667E+03  0.4316E+02  0.5941E+02  0.1057E+02  0.4675E+01 -0.1127E+00     0.0000E+00  0.0000E+00  0.0000E+00     0.6600E+00
  0.2322E-01 -0.1035E-01 -0.1124E-01  0.1272E-03  0.5727E-04 -0.1176E-03     0.6708E+03  0.4264E+02  0.5916E+02  0.1069E+02  0.4656E+01 -0.1114E+00     0.0000E+00  0.0000E+00  0.0000E+00     0.6600E+00
  0.2370E-01 -0.1058E-01 -0.1149E-01  0.1305E-03  0.5912E-04 -0.1190E-03     0.6749E+03  0.4213E+02  0.5888E+02  0.1080E+02  0.4638E+01 -0.1017E+00     0.0000E+00  0.0000E+00  0.0000E+00     0.6600E+00
  0.2418E-01 -0.1080E-01 -0.1174E-01  0.1341E-03  0.6129E-04 -0.1197E-03     0.6790E+03  0.4162E+02  0.5861E+02  0.1092E+02  0.4631E+01 -0.8638E-01     0.0000E+00  0.0000E+00  0.0000E+00     0.6600E+00
  0.2466E-01 -0.1103E-01 -0.1199E-01  0.1376E-03  0.6457E-04 -0.1198E-03     0.6829E+03  0.4112E+02  0.5834E+02  0.1102E+02  0.4597E+01 -0.8668E-01     0.0000E+00  0.0000E+00  0.0000E+00     0.6600E+00
  0.2515E-01 -0.1126E-01 -0.1224E-01  0.1408E-03  0.6609E-04 -0.1207E-03     0.6868E+03  0.4063E+02  0.5808E+02  0.1112E+02  0.4587E+01 -0.7289E-01     0.0000E+00  0.0000E+00  0.0000E+00     0.6600E+00
  0.2563E-01 -0.1148E-01 -0.1249E-01  0.1437E-03  0.6768E-04 -0.1213E-03     0.6906E+03  0.4014E+02  0.5782E+02  0.1122E+02  0.4568E+01 -0.5710E-01     0.0000E+00  0.0000E+00  0.0000E+00     0.6600E+00
  0.2611E-01 -0.1171E-01 -0.1274E-01  0.1468E-03  0.6863E-04 -0.1213E-03     0.6943E+03  0.3965E+02  0.5756E+02  0.1132E+02  0.4543E+01 -0.3359E-01     0.0000E+00  0.0000E+00  0.0000E+00     0.6600E+00
  0.2659E-01 -0.1193E-01 -0.1299E-01  0.1498E-03  0.6964E-04 -0.1209E-03     0.6980E+03  0.3916E+02  0.5730E+02  0.1142E+02  0.4506E+01 -0.4393E-02     0.0000E+00  0.0000E+00  0.0000E+00     0.6600E+00
  0.2707E-01 -0.1216E-01 -0.1324E-01  0.1534E-03  0.7060E-04 -0.1198E-03     0.7016E+03  0.3868E+02  0.5704E+02  0.1152E+02  0.4490E+01  0.3643E-01     0.0000E+00  0.0000E+00  0.0000E+00     0.6600E+00
  0.2756E-01 -0.1238E-01 -0.1349E-01  0.1569E-03  0.7155E-04 -0.1186E-03     0.7051E+03  0.3822E+02  0.5677E+02  0.1162E+02  0.4466E+01  0.7821E-01     0.0000E+00  0.0000E+00  0.0000E+00     0.6600E+00
  0.2804E-01 -0.1261E-01 -0.1374E-01  0.1603E-03  0.7266E-04 -0.1174E-03     0.7086E+03  0.3776E+02  0.5650E+02  0.1172E+02  0.4449E+01  0.1235E+00     0.0000E+00  0.0000E+00  0.0000E+00     0.6600E+00
  0.2852E-01 -0.1283E-01 -0.1399E-01  0.1635E-03  0.7394E-04 -0.1162E-03     0.7120E+03  0.3731E+02  0.5623E+02  0.1181E+02  0.4424E+01  0.1666E+00     0.0000E+00  0.0000E+00  0.0000E+00     0.6600E+00
  0.2900E-01 -0.1305E-01 -0.1424E-01  0.1663E-03  0.7522E-04 -0.1149E-03     0.7154E+03  0.3686E+02  0.5596E+02  0.1191E+02  0.4414E+01  0.2095E+00     0.0000E+00  0.0000E+00  0.0000E+00     0.6600E+00
  0.2947E-01 -0.1328E-01 -0.1450E-01  0.1685E-03  0.7614E-04 -0.1134E-03     0.7187E+03  0.3640E+02  0.5569E+02  0.1201E+02  0.4389E+01  0.2509E+00     0.0000E+00  0.0000E+00  0.0000E+00     0.6600E+00
  0.2995E-01 -0.1350E-01 -0.1475E-01  0.1707E-03  0.7686E-04 -0.1120E-03     0.7219E+03  0.3596E+02  0.5542E+02  0.1209E+02  0.4367E+01  0.2919E+00     0.0000E+00  0.0000E+00  0.0000E+00     0.6600E+00
  0.3043E-01 -0.1372E-01 -0.1500E-01  0.1724E-03  0.7783E-04 -0.1108E-03     0.7251E+03  0.3552E+02  0.5516E+02  0.1218E+02  0.4341E+01  0.3371E+00     0.0000E+00  0.0000E+00  0.0000E+00     0.6600E+00
  0.3091E-01 -0.1394E-01 -0.1525E-01  0.1743E-03  0.7871E-04 -0.1098E-03     0.7282E+03  0.3510E+02  0.5492E+02  0.1226E+02  0.4319E+01  0.3741E+00     0.0000E+00  0.0000E+00  0.0000E+00     0.6600E+00
  0.3139E-01 -0.1417E-01 -0.1550E-01  0.1765E-03  0.7930E-04 -0.1095E-03     0.7313E+03  0.3469E+02  0.5469E+02  0.1234E+02  0.4285E+01  0.4104E+00     0.0000E+00  0.0000E+00  0.0000E+00     0.6600E+00
  0.3188E-01 -0.1439E-01 -0.1576E-01  0.1782E-03  0.7981E-04 -0.1095E-03     0.7344E+03  0.3431E+02  0.5447E+02  0.1242E+02  0.4254E+01  0.4387E+00     0.0000E+00  0.0000E+00  0.0000E+00     0.6600E+00
  0.3236E-01 -0.1462E-01 -0.1601E-01  0.1793E-03  0.7966E-04 -0.1101E-03     0.7374E+03  0.3397E+02  0.5427E+02  0.1249E+02  0.4222E+01  0.4661E+00     0.0000E+00  0.0000E+00  0.0000E+00     0.6600E+00
  0.3285E-01 -0.1484E-01 -0.1627E-01  0.1807E-03  0.7857E-04 -0.1105E-03     0.7405E+03  0.3367E+02  0.5411E+02  0.1257E+02  0.4171E+01  0.4937E+00     0.0000E+00  0.0000E+00  0.0000E+00     0.6600E+00
  0.3335E-01 -0.1507E-01 -0.1653E-01  0.1824E-03  0.7782E-04 -0.1108E-03     0.7435E+03  0.3341E+02  0.5400E+02  0.1265E+02  0.4130E+01  0.5189E+00     0.0000E+00  0.0000E+00  0.0000E+00     0.6600E+00
  0.3384E-01 -0.1530E-01 -0.1679E-01  0.1839E-03  0.7708E-04 -0.1116E-03     0.7465E+03  0.3315E+02  0.5389E+02  0.1272E+02  0.4090E+01  0.5390E+00     0.0000E+00  0.0000E+00  0.0000E+00     0.6600E+00
  0.3433E-01 -0.1553E-01 -0.1705E-01  0.1852E-03  0.7583E-04 -0.1122E-03     0.7495E+03  0.3291E+02  0.5378E+02  0.1280E+02  0.4056E+01  0.5609E+00     0.0000E+00  0.0000E+00  0.0000E+00     0.6600E+00
  0.3483E-01 -0.1576E-01 -0.1731E-01  0.1861E-03  0.7476E-04 -0.1123E-03     0.7525E+03  0.3268E+02  0.5369E+02  0.1287E+02  0.4025E+01  0.5916E+00     0.0000E+00  0.0000E+00  0.0000E+00     0.6600E+00
  0.3532E-01 -0.1599E-01 -0.1757E-01  0.1869E-03  0.7361E-04 -0.1123E-03     0.7554E+03  0.3244E+02  0.5360E+02  0.1294E+02  0.3983E+01  0.6218E+00     0.0000E+00  0.0000E+00  0.0000E+00     0.6600E+00
  0.3582E-01 -0.1622E-01 -0.1783E-01  0.1872E-03  0.7231E-04 -0.1120E-03     0.7583E+03  0.3220E+02  0.5351E+02  0.1301E+02  0.3953E+01  0.6499E+00     0.0000E+00  0.0000E+00  0.0000E+00     0.6600E+00
  0.3631E-01 -0.1645E-01 -0.1809E-01  0.1875E-03  0.7080E-04 -0.1119E-03     0.7611E+03  0.3198E+02  0.5343E+02  0.1308E+02  0.3915E+01  0.6794E+00     0.0000E+00  0.0000E+00  0.0000E+00     0.6600E+00
  0.3681E-01 -0.1668E-01 -0.1835E-01  0.1881E-03  0.6960E-04 -0.1118E-03     0.7639E+03  0.3176E+02  0.5338E+02  0.1315E+02  0.3877E+01  0.7026E+00     0.0000E+00  0.0000E+00  0.0000E+00     0.6600E+00
  0.3731E-01 -0.1691E-01 -0.1861E-01  0.1892E-03  0.6846E-04 -0.1116E-03     0.7667E+03  0.3155E+02  0.5332E+02  0.1321E+02  0.3838E+01  0.7236E+00     0.0000E+00  0.0000E+00  0.0000E+00     0.6600E+00
  0.3781E-01 -0.1714E-01 -0.1887E-01  0.1901E-03  0.6725E-04 -0.1111E-03     0.7694E+03  0.3135E+02  0.5328E+02  0.1328E+02  0.3809E+01  0.7458E+00     0.0000E+00  0.0000E+00  0.0000E+00     0.6600E+00
  0.3831E-01 -0.1737E-01 -0.1914E-01  0.1907E-03  0.6591E-04 -0.1106E-03     0.7721E+03  0.3117E+02  0.5324E+02  0.1334E+02  0.3766E+01  0.7694E+00     0.0000E+00  0.0000E+00  0.0000E+00     0.6600E+00
  0.3881E-01 -0.1760E-01 -0.1940E-01  0.1914E-03  0.6449E-04 -0.1104E-03     0.7747E+03  0.3099E+02  0.5322E+02  0.1340E+02  0.3728E+01  0.7894E+00     0.0000E+00  0.0000E+00  0.0000E+00     0.6600E+00
  0.3931E-01 -0.1783E-01 -0.1967E-01  0.1922E-03  0.6343E-04 -0.1103E-03     0.7774E+03  0.3083E+02  0.5320E+02  0.1346E+02  0.3691E+01  0.8072E+00     0.0000E+00  0.0000E+00  0.0000E+00     0.6600E+00
  0.3981E-01 -0.1806E-01 -0.1993E-01  0.1931E-03  0.6231E-04 -0.1102E-03     0.7800E+03  0.3067E+02  0.5320E+02  0.1352E+02  0.3661E+01  0.8215E+00     0.0000E+00  0.0000E+00  0.0000E+00     0.6600E+00
  0.4031E-01 -0.1829E-01 -0.2020E-01  0.1944E-03  0.6121E-04 -0.1102E-03     0.7825E+03  0.3052E+02  0.5320E+02  0.1358E+02  0.3626E+01  0.8368E+00     0.0000E+00  0.0000E+00  0.0000E+00     0.6600E+00
  0.4081E-01 -0.1852E-01 -0.2047E-01  0.1957E-03  0.5996E-04 -0.1102E-03     0.7851E+03  0.3037E+02  0.5320E+02  0.1364E+02  0.3589E+01  0.8564E+00     0.0000E+00  0.0000E+00  0.0000E+00     0.6600E+00
  0.4132E-01 -0.1875E-01 -0.2073E-01  0.1972E-03  0.5848E-04 -0.1102E-03     0.7876E+03  0.3023E+02  0.5320E+02  0.1370E+02  0.3555E+01  0.8761E+00     0.0000E+00  0.0000E+00  0.0000E+00     0.6600E+00
  0.4182E-01 -0.1899E-01 -0.2100E-01  0.1984E-03  0.5683E-04 -0.1099E-03     0.7901E+03  0.3009E+02  0.5321E+02  0.1376E+02  0.3521E+01  0.8960E+00     0.0000E+00  0.0000E+00  0.0000E+00     0.6600E+00
  0.4233E-01 -0.1922E-01 -0.2127E-01  0.1997E-03  0.5577E-04 -0.1096E-03     0.7925E+03  0.2997E+02  0.5323E+02  0.1381E+02  0.3487E+01  0.9168E+00     0.0000E+00  0.0000E+00  0.0000E+00     0.6600E+00
  0.4283E-01 -0.1945E-01 -0.2154E-01  0.2015E-03  0.5502E-04 -0.1091E-03     0.7949E+03  0.2986E+02  0.5326E+02  0.1387E+02  0.3461E+01  0.9363E+00     0.0000E+00  0.0000E+00  0.0000E+00     0.6600E+00
  0.4334E-01 -0.1968E-01 -0.2181E-01  0.2037E-03  0.5416E-04 -0.1087E-03     0.7973E+03  0.2975E+02  0.5330E+02  0.1393E+02  0.3435E+01  0.9547E+00     0.0000E+00  0.0000E+00  0.0000E+00     0.6600E+00
  0.4385E-01 -0.1992E-01 -0.2208E-01  0.2057E-03  0.5311E-04 -0.1087E-03     0.7997E+03  0.2965E+02  0.5334E+02  0.1399E+02  0.3407E+01  0.9715E+00     0.0000E+00  0.0000E+00  0.0000E+00     0.6600E+00
  0.4435E-01 -0.2015E-01 -0.2235E-01  0.2075E-03  0.5207E-04 -0.1084E-03     0.8020E+03  0.2956E+02  0.5339E+02  0.1405E+02  0.3381E+01  0.9884E+00     0.0000E+00  0.0000E+00  0.0000E+00     0.6600E+00
  0.4486E-01 -0.2038E-01 -0.2262E-01  0.2090E-03  0.5115E-04 -0.1075E-03     0.8043E+03  0.2946E+02  0.5343E+02  0.1410E+02  0.3354E+01  0.1012E+01     0.0000E+00  0.0000E+00  0.0000E+00     0.6600E+00
  0.4537E-01 -0.2061E-01 -0.2289E-01  0.2104E-03  0.5020E-04 -0.1065E-03     0.8065E+03  0.2937E+02  0.5347E+02  0.1415E+02  0.3328E+01  0.1036E+01     0.0000E+00  0.0000E+00  0.0000E+00     0.6600E+00
  0.4588E-01 -0.2085E-01 -0.2316E-01  0.2119E-03  0.4937E-04 -0.1055E-03     0.8087E+03  0.2928E+02  0.5352E+02  0.1420E+02  0.3296E+01  0.1060E+01     0.0000E+00  0.0000E+00  0.0000E+00     0.6600E+00
  0.4639E-01 -0.2108E-01 -0.2343E-01  0.2134E-03  0.4839E-04 -0.1044E-03     0.8109E+03  0.2920E+02  0.5357E+02  0.1425E+02  0.3272E+01  0.1083E+01     0.0000E+00  0.0000E+00  0.0000E+00     0.6600E+00
  0.4690E-01 -0.2131E-01 -0.2370E-01  0.2148E-03  0.4746E-04 -0.1035E-03     0.8131E+03  0.2912E+02  0.5363E+02  0.1430E+02  0.3246E+01  0.1105E+01     0.0000E+00  0.0000E+00  0.0000E+00     0.6600E+00
  0.4741E-01 -0.2155E-01 -0.2398E-01  0.2159E-03  0.4680E-04 -0.1024E-03     0.8153E+03  0.2905E+02  0.5369E+02  0.1436E+02  0.3220E+01  0.1128E+01     0.0000E+00  0.0000E+00  0.0000E+00     0.6600E+00
  0.4792E-01 -0.2178E-01 -0.2425E-01  0.2168E-03  0.4612E-04 -0.1010E-03     0.8174E+03  0.2899E+02  0.5374E+02  0.1440E+02  0.3199E+01  0.1152E+01     0.0000E+00  0.0000E+00  0.0000E+00     0.6600E+00
  0.4843E-01 -0.2201E-01 -0.2453E-01  0.2175E-03  0.4560E-04 -0.9970E-04     0.8195E+03  0.2893E+02  0.5380E+02  0.1445E+02  0.3176E+01  0.1174E+01     0.0000E+00  0.0000E+00  0.0000E+00     0.6600E+00
  0.4894E-01 -0.2224E-01 -0.2480E-01  0.2182E-03  0.4498E-04 -0.9846E-04     0.8215E+03  0.2888E+02  0.5386E+02  0.1450E+02  0.3154E+01  0.1197E+01     0.0000E+00  0.0000E+00  0.0000E+00     0.6600E+00
  0.4946E-01 -0.2247E-01 -0.2508E-01  0.2188E-03  0.4440E-04 -0.9718E-04     0.8235E+03  0.2883E+02  0.5393E+02  0.1454E+02  0.3134E+01  0.1216E+01     0.0000E+00  0.0000E+00  0.0000E+00     0.6600E+00
  0.4997E-01 -0.2271E-01 -0.2535E-01  0.2194E-03  0.4379E-04 -0.9604E-04     0.8255E+03  0.2878E+02  0.5399E+02  0.1459E+02  0.3114E+01  0.1235E+01     0.0000E+00  0.0000E+00  0.0000E+00     0.6600E+00
  0.5048E-01 -0.2294E-01 -0.2563E-01  0.2200E-03  0.4318E-04 -0.9490E-04     0.8275E+03  0.2874E+02  0.5406E+02  0.1464E+02  0.3094E+01  0.1253E+01     0.0000E+00  0.0000E+00  0.0000E+00     0.6600E+00
  0.5099E-01 -0.2317E-01 -0.2591E-01  0.2206E-03  0.4259E-04 -0.9361E-04     0.8295E+03  0.2869E+02  0.5412E+02  0.1468E+02  0.3074E+01  0.1273E+01     0.0000E+00  0.0000E+00  0.0000E+00     0.6600E+00
  0.5151E-01 -0.2340E-01 -0.2618E-01  0.2211E-03  0.4201E-04 -0.9201E-04     0.8314E+03  0.2865E+02  0.5419E+02  0.1473E+02  0.3055E+01  0.1293E+01     0.0000E+00  0.0000E+00  0.0000E+00     0.6600E+00
  0.5202E-01 -0.2363E-01 -0.2646E-01  0.2212E-03  0.4134E-04 -0.9024E-04     0.8333E+03  0.2861E+02  0.5425E+02  0.1477E+02  0.3043E+01  0.1317E+01     0.0000E+00  0.0000E+00  0.0000E+00     0.6600E+00
  0.5253E-01 -0.2386E-01 -0.2674E-01  0.2216E-03  0.4055E-04 -0.8861E-04     0.8352E+03  0.2858E+02  0.5432E+02  0.1481E+02  0.3031E+01  0.1337E+01     0.0000E+00  0.0000E+00  0.0000E+00     0.6600E+00
  0.5305E-01 -0.2410E-01 -0.2702E-01  0.2217E-03  0.3969E-04 -0.8695E-04     0.8370E+03  0.2855E+02  0.5440E+02  0.1485E+02  0.3017E+01  0.1357E+01     0.0000E+00  0.0000E+00  0.0000E+00     0.6600E+00
  0.5357E-01 -0.2433E-01 -0.2730E-01  0.2219E-03  0.3890E-04 -0.8524E-04     0.8389E+03  0.2852E+02  0.5448E+02  0.1490E+02  0.3007E+01  0.1376E+01     0.0000E+00  0.0000E+00  0.0000E+00     0.6600E+00
  0.5408E-01 -0.2456E-01 -0.2758E-01  0.2217E-03  0.3828E-04 -0.8338E-04     0.8407E+03  0.2850E+02  0.5455E+02  0.1494E+02  0.2998E+01  0.1396E+01     0.0000E+00  0.0000E+00  0.0000E+00     0.6600E+00
  0.5460E-01 -0.2479E-01 -0.2786E-01  0.2214E-03  0.3757E-04 -0.8129E-04     0.8424E+03  0.2847E+02  0.5463E+02  0.1498E+02  0.2989E+01  0.1415E+01     0.0000E+00  0.0000E+00  0.0000E+00     0.6600E+00
  0.5511E-01 -0.2503E-01 -0.2814E-01  0.2212E-03  0.3699E-04 -0.7932E-04     0.8442E+03  0.2845E+02  0.5471E+02  0.1502E+02  0.2978E+01  0.1433E+01     0.0000E+00  0.0000E+00  0.0000E+00     0.6600E+00
  0.5563E-01 -0.2526E-01 -0.2842E-01  0.2209E-03  0.3627E-04 -0.7744E-04     0.8459E+03  0.2843E+02  0.5479E+02  0.1506E+02  0.2966E+01  0.1449E+01     0.0000E+00  0.0000E+00  0.0000E+00     0.6600E+00
  0.5615E-01 -0.2549E-01 -0.2870E-01  0.2207E-03  0.3565E-04 -0.7587E-04     0.8476E+03  0.2841E+02  0.5488E+02  0.1510E+02  0.2955E+01  0.1463E+01     0.0000E+00  0.0000E+00  0.0000E+00     0.6600E+00
  0.5666E-01 -0.2572E-01 -0.2898E-01  0.2204E-03  0.3511E-04 -0.7435E-04     0.8493E+03  0.2839E+02  0.5496E+02  0.1514E+02  0.2941E+01  0.1477E+01     0.0000E+00  0.0000E+00  0.0000E+00     0.6600E+00
  0.5718E-01 -0.2595E-01 -0.2927E-01  0.2200E-03  0.3469E-04 -0.7261E-04     0.8510E+03  0.2837E+02  0.5504E+02  0.1518E+02  0.2929E+01  0.1493E+01     0.0000E+00  0.0000E+00  0.0000E+00     0.6600E+00
  0.5770E-01 -0.2618E-01 -0.2955E-01  0.2196E-03  0.3433E-04 -0.7082E-04     0.8526E+03  0.2836E+02  0.5512E+02  0.1523E+02  0.2916E+01  0.1508E+01     0.0000E+00  0.0000E+00  0.0000E+00     0.6600E+00
  0.5822E-01 -0.2641E-01 -0.2983E-01  0.2192E-03  0.3411E-04 -0.6867E-04     0.8543E+03  0.2835E+02  0.5521E+02  0.1527E+02  0.2905E+01  0.1524E+01     0.0000E+00  0.0000E+00  0.0000E+00     0.6600E+00
  0.5874E-01 -0.2665E-01 -0.3012E-01  0.2188E-03  0.3381E-04 -0.6649E-04     0.8559E+03  0.2835E+02  0.5530E+02  0.1531E+02  0.2893E+01  0.1540E+01     0.0000E+00  0.0000E+00  0.0000E+00     0.6600E+00
  0.5926E-01 -0.2688E-01 -0.3040E-01  0.2186E-03  0.3352E-04 -0.6443E-04     0.8575E+03  0.2834E+02  0.5540E+02  0.1535E+02  0.2882E+01  0.1555E+01     0.0000E+00  0.0000E+00  0.0000E+00     0.6600E+00
  0.5978E-01 -0.2711E-01 -0.3069E-01  0.2185E-03  0.3318E-04 -0.6236E-04     0.8590E+03  0.2834E+02  0.5549E+02  0.1539E+02  0.2872E+01  0.1572E+01     0.0000E+00  0.0000E+00  0.0000E+00     0.6600E+00
  0.6030E-01 -0.2734E-01 -0.3098E-01  0.2182E-03  0.3281E-04 -0.6035E-04     0.8606E+03  0.2833E+02  0.5558E+02  0.1543E+02  0.2863E+01  0.1587E+01     0.0000E+00  0.0000E+00  0.0000E+00     0.6600E+00
  0.6082E-01 -0.2757E-01 -0.3126E-01  0.2173E-03  0.3240E-04 -0.5842E-04     0.8621E+03  0.2833E+02  0.5567E+02  0.1547E+02  0.2854E+01  0.1604E+01     0.0000E+00  0.0000E+00  0.0000E+00     0.6600E+00
  0.6134E-01 -0.2780E-01 -0.3155E-01  0.2164E-03  0.3216E-04 -0.5632E-04     0.8636E+03  0.2833E+02  0.5576E+02  0.1551E+02  0.2846E+01  0.1620E+01     0.0000E+00  0.0000E+00  0.0000E+00     0.6600E+00
  0.6186E-01 -0.2803E-01 -0.3184E-01  0.2157E-03  0.3181E-04 -0.5428E-04     0.8651E+03  0.2834E+02  0.5586E+02  0.1556E+02  0.2837E+01  0.1636E+01     0.0000E+00  0.0000E+00  0.0000E+00     0.6600E+00
  0.6239E-01 -0.2826E-01 -0.3213E-01  0.2150E-03  0.3134E-04 -0.5236E-04     0.8666E+03  0.2834E+02  0.5596E+02  0.1560E+02  0.2829E+01  0.1650E+01     0.0000E+00  0.0000E+00  0.0000E+00     0.6600E+00
  0.6291E-01 -0.2849E-01 -0.3242E-01  0.2141E-03  0.3093E-04 -0.5048E-04     0.8681E+03  0.2835E+02  0.5605E+02  0.1564E+02  0.2821E+01  0.1665E+01     0.0000E+00  0.0000E+00  0.0000E+00     0.6600E+00
  0.6343E-01 -0.2872E-01 -0.3271E-01  0.2131E-03  0.3050E-04 -0.4871E-04     0.8695E+03  0.2835E+02  0.5615E+02  0.1568E+02  0.2812E+01  0.1679E+01     0.0000E+00  0.0000E+00  0.0000E+00     0.6600E+00
  0.6395E-01 -0.2895E-01 -0.3300E-01  0.2123E-03  0.3010E-04 -0.4660E-04     0.8710E+03  0.2836E+02  0.5625E+02  0.1572E+02  0.2804E+01  0.1693E+01     0.0000E+00  0.0000E+00  0.0000E+00     0.6600E+00
  0.6448E-01 -0.2918E-01 -0.3329E-01  0.2114E-03  0.2978E-04 -0.4453E-04     0.8724E+03  0.2838E+02  0.5634E+02  0.1576E+02  0.2797E+01  0.1708E+01     0.0000E+00  0.0000E+00  0.0000E+00     0.6600E+00
  0.6500E-01 -0.2941E-01 -0.3358E-01  0.2105E-03  0.2941E-04 -0.4246E-04     0.8738E+03  0.2839E+02  0.5644E+02  0.1580E+02  0.2789E+01  0.1722E+01     0.0000E+00  0.0000E+00  0.0000E+00     0.6600E+00
  0.6552E-01 -0.2964E-01 -0.3387E-01  0.2092E-03  0.2904E-04 -0.4049E-04     0.8752E+03  0.2840E+02  0.5654E+02  0.1584E+02  0.2781E+01  0.1737E+01     0.0000E+00  0.0000E+00  0.0000E+00     0.6600E+00
  0.6605E-01 -0.2987E-01 -0.3416E-01  0.2081E-03  0.2881E-04 -0.3844E-04     0.8766E+03  0.2842E+02  0.5663E+02  0.1588E+02  0.2773E+01  0.1752E+01     0.0000E+00  0.0000E+00  0.0000E+00     0.6600E+00
  0.6657E-01 -0.3010E-01 -0.3445E-01  0.2069E-03  0.2859E-04 -0.3642E-04     0.8779E+03  0.2843E+02  0.5673E+02  0.1592E+02  0.2766E+01  0.1766E+01     0.0000E+00  0.0000E+00  0.0000E+00     0.6600E+00
  0.6710E-01 -0.3033E-01 -0.3474E-01  0.2056E-03  0.2842E-04 -0.3434E-04     0.8793E+03  0.2845E+02  0.5683E+02  0.1596E+02  0.2760E+01  0.1780E+01     0.0000E+00  0.0000E+00  0.0000E+00     0.6600E+00
  0.6762E-01 -0.3056E-01 -0.3504E-01  0.2043E-03  0.2818E-04 -0.3230E-04     0.8806E+03  0.2847E+02  0.5693E+02  0.1600E+02  0.2752E+01  0.1793E+01     0.0000E+00  0.0000E+00  0.0000E+00     0.6600E+00
  0.6815E-01 -0.3079E-01 -0.3533E-01  0.2030E-03  0.2795E-04 -0.3006E-04     0.8819E+03  0.2848E+02  0.5703E+02  0.1604E+02  0.2744E+01  0.1808E+01     0.0000E+00  0.0000E+00  0.0000E+00     0.6600E+00
  0.6868E-01 -0.3102E-01 -0.3562E-01  0.2014E-03  0.2764E-04 -0.2815E-04     0.8832E+03  0.2850E+02  0.5713E+02  0.1608E+02  0.2735E+01  0.1821E+01     0.0000E+00  0.0000E+00  0.0000E+00     0.6600E+00
  0.6920E-01 -0.3125E-01 -0.3592E-01  0.1998E-03  0.2728E-04 -0.2623E-04     0.8845E+03  0.2852E+02  0.5723E+02  0.1612E+02  0.2726E+01  0.1833E+01     0.0000E+00  0.0000E+00  0.0000E+00     0.6600E+00
  0.6973E-01 -0.3148E-01 -0.3621E-01  0.1984E-03  0.2687E-04 -0.2454E-04     0.8858E+03  0.2854E+02  0.5733E+02  0.1615E+02  0.2717E+01  0.1846E+01     0.0000E+00  0.0000E+00  0.0000E+00     0.6600E+00
  0.7026E-01 -0.3171E-01 -0.3651E-01  0.1971E-03  0.2642E-04 -0.2277E-04     0.8870E+03  0.2856E+02  0.5743E+02  0.1619E+02  0.2708E+01  0.1859E+01     0.0000E+00  0.0000E+00  0.0000E+00     0.6600E+00
  0.7079E-01 -0.3194E-01 -0.3680E-01  0.1956E-03  0.2599E-04 -0.2109E-04     0.8883E+03  0.2858E+02  0.5753E+02  0.1622E+02  0.2698E+01  0.1871E+01     0.0000E+00  0.0000E+00  0.0000E+00     0.6600E+00
  0.7131E-01 -0.3216E-01 -0.3710E-01  0.1945E-03  0.2557E-04 -0.1925E-04     0.8895E+03  0.2860E+02  0.5763E+02  0.1626E+02  0.2688E+01  0.1883E+01     0.0000E+00  0.0000E+00  0.0000E+00     0.6600E+00
  0.7184E-01 -0.3239E-01 -0.3740E-01  0.1934E-03  0.2523E-04 -0.1757E-04     0.8907E+03  0.2863E+02  0.5773E+02  0.1629E+02  0.2679E+01  0.1895E+01     0.0000E+00  0.0000E+00  0.0000E+00     0.6600E+00
  0.7237E-01 -0.3262E-01 -0.3769E-01  0.1922E-03  0.2483E-04 -0.1587E-04     0.8919E+03  0.2865E+02  0.5783E+02  0.1633E+02  0.2669E+01  0.1907E+01     0.0000E+00  0.0000E+00  0.0000E+00     0.6600E+00
  0.7290E-01 -0.3285E-01 -0.3799E-01  0.1910E-03  0.2452E-04 -0.1410E-04     0.8931E+03  0.2867E+02  0.5794E+02  0.1636E+02  0.2660E+01  0.1918E+01     0.0000E+00  0.0000E+00  0.0000E+00     0.6600E+00
  0.7343E-01 -0.3309E-01 -0.3829E-01  0.1900E-03  0.2411E-04 -0.1206E-04     0.8943E+03  0.2870E+02  0.5804E+02  0.1639E+02  0.2651E+01  0.1932E+01     0.0000E+00  0.0000E+00  0.0000E+00     0.6600E+00
  0.7396E-01 -0.3332E-01 -0.3858E-01  0.1887E-03  0.2371E-04 -0.9853E-05     0.8955E+03  0.2872E+02  0.5815E+02  0.1643E+02  0.2640E+01  0.1944E+01     0.0000E+00  0.0000E+00  0.0000E+00     0.6600E+00
  0.7449E-01 -0.3355E-01 -0.3888E-01  0.1876E-03  0.2320E-04 -0.7826E-05     0.8966E+03  0.2874E+02  0.5825E+02  0.1647E+02  0.2629E+01  0.1957E+01     0.0000E+00  0.0000E+00  0.0000E+00     0.6600E+00
  0.7502E-01 -0.3378E-01 -0.3918E-01  0.1862E-03  0.2285E-04 -0.5766E-05     0.8977E+03  0.2876E+02  0.5835E+02  0.1650E+02  0.2619E+01  0.1968E+01     0.0000E+00  0.0000E+00  0.0000E+00     0.6600E+00
  0.7556E-01 -0.3401E-01 -0.3948E-01  0.1850E-03  0.2252E-04 -0.3594E-05     0.8989E+03  0.2879E+02  0.5846E+02  0.1654E+02  0.2609E+01  0.1981E+01     0.0000E+00  0.0000E+00  0.0000E+00     0.6600E+00
  0.7609E-01 -0.3424E-01 -0.3978E-01  0.1837E-03  0.2232E-04 -0.1517E-05     0.9000E+03  0.2882E+02  0.5856E+02  0.1658E+02  0.2600E+01  0.1991E+01     0.0000E+00  0.0000E+00  0.0000E+00     0.6600E+00
  0.7662E-01 -0.3447E-01 -0.4008E-01  0.1825E-03  0.2196E-04  0.6199E-06     0.9011E+03  0.2884E+02  0.5866E+02  0.1661E+02  0.2590E+01  0.2004E+01     0.0000E+00  0.0000E+00  0.0000E+00     0.6600E+00
  0.7715E-01 -0.3470E-01 -0.4038E-01  0.1813E-03  0.2157E-04  0.2857E-05     0.9022E+03  0.2887E+02  0.5876E+02  0.1664E+02  0.2580E+01  0.2015E+01     0.0000E+00  0.0000E+00  0.0000E+00     0.6600E+00
  0.7768E-01 -0.3493E-01 -0.4068E-01  0.1799E-03  0.2131E-04  0.5131E-05     0.9033E+03  0.2890E+02  0.5886E+02  0.1668E+02  0.2570E+01  0.2029E+01     0.0000E+00  0.0000E+00  0.0000E+00     0.6600E+00
  0.7822E-01 -0.3516E-01 -0.4098E-01  0.1784E-03  0.2110E-04  0.7387E-05     0.9043E+03  0.2893E+02  0.5896E+02  0.1671E+02  0.2560E+01  0.2040E+01     0.0000E+00  0.0000E+00  0.0000E+00     0.6600E+00
  0.7875E-01 -0.3538E-01 -0.4128E-01  0.1768E-03  0.2085E-04  0.9631E-05     0.9054E+03  0.2896E+02  0.5906E+02  0.1675E+02  0.2550E+01  0.2053E+01     0.0000E+00  0.0000E+00  0.0000E+00     0.6600E+00
  0.7928E-01 -0.3561E-01 -0.4158E-01  0.1752E-03  0.2057E-04  0.1187E-04     0.9065E+03  0.2899E+02  0.5917E+02  0.1678E+02  0.2540E+01  0.2066E+01     0.0000E+00  0.0000E+00  0.0000E+00     0.6600E+00
  0.7982E-01 -0.3584E-01 -0.4188E-01  0.1736E-03  0.2025E-04  0.1438E-04     0.9075E+03  0.2902E+02  0.5927E+02  0.1682E+02  0.2529E+01  0.2077E+01     0.0000E+00  0.0000E+00  0.0000E+00     0.6600E+00
  0.8035E-01 -0.3607E-01 -0.4218E-01  0.1721E-03  0.2031E-04  0.1654E-04     0.9085E+03  0.2905E+02  0.5936E+02  0.1685E+02  0.2521E+01  0.2088E+01     0.0000E+00  0.0000E+00  0.0000E+00     0.6600E+00
  0.8089E-01 -0.3630E-01 -0.4249E-01  0.1704E-03  0.2030E-04  0.1882E-04     0.9096E+03  0.2908E+02  0.5946E+02  0.1688E+02  0.2512E+01  0.2097E+01     0.0000E+00  0.0000E+00  0.0000E+00     0.6600E+00
  0.8142E-01 -0.3653E-01 -0.4279E-01  0.1688E-03  0.2025E-04  0.2114E-04     0.9106E+03  0.2911E+02  0.5955E+02  0.1691E+02  0.2502E+01  0.2108E+01     0.0000E+00  0.0000E+00  0.0000E+00     0.6600E+00
  0.8195E-01 -0.3676E-01 -0.4309E-01  0.1674E-03  0.2020E-04  0.2330E-04     0.9116E+03  0.2915E+02  0.5965E+02  0.1694E+02  0.2493E+01  0.2118E+01     0.0000E+00  0.0000E+00  0.0000E+00     0.6600E+00
  0.8249E-01 -0.3699E-01 -0.4340E-01  0.1659E-03  0.2026E-04  0.2522E-04     0.9126E+03  0.2918E+02  0.5974E+02  0.1697E+02  0.2484E+01  0.2125E+01     0.0000E+00  0.0000E+00  0.0000E+00     0.6600E+00
  0.8302E-01 -0.3721E-01 -0.4371E-01  0.1643E-03  0.2016E-04  0.2729E-04     0.9135E+03  0.2922E+02  0.5983E+02  0.1701E+02  0.2474E+01  0.2134E+01     0.0000E+00  0.0000E+00  0.0000E+00     0.6600E+00
  0.8356E-01 -0.3744E-01 -0.4401E-01  0.1625E-03  0.1993E-04  0.2958E-04     0.9145E+03  0.2925E+02  0.5993E+02  0.1704E+02  0.2463E+01  0.2143E+01     0.0000E+00  0.0000E+00  0.0000E+00     0.6600E+00
  0.8410E-01 -0.3767E-01 -0.4432E-01  0.1607E-03  0.1973E-04  0.3181E-04     0.9155E+03  0.2928E+02  0.6002E+02  0.1707E+02  0.2452E+01  0.2153E+01     0.0000E+00  0.0000E+00  0.0000E+00     0.6600E+00
  0.8463E-01 -0.3789E-01 -0.4462E-01  0.1588E-03  0.1960E-04  0.3388E-04     0.9164E+03  0.2931E+02  0.6011E+02  0.1710E+02  0.2442E+01  0.2161E+01     0.0000E+00  0.0000E+00  0.0000E+00     0.6600E+00
  0.8517E-01 -0.3812E-01 -0.4493E-01  0.1569E-03  0.1936E-04  0.3604E-04     0.9174E+03  0.2935E+02  0.6020E+02  0.1713E+02  0.2431E+01  0.2170E+01     0.0000E+00  0.0000E+00  0.0000E+00     0.6600E+00
  0.8570E-01 -0.3835E-01 -0.4524E-01  0.1548E-03  0.1898E-04  0.3838E-04     0.9183E+03  0.2938E+02  0.6029E+02  0.1716E+02  0.2420E+01  0.2178E+01     0.0000E+00  0.0000E+00  0.0000E+00     0.6600E+00
  0.8624E-01 -0.3857E-01 -0.4555E-01  0.1529E-03  0.1874E-04  0.4068E-04     0.9192E+03  0.2941E+02  0.6038E+02  0.1719E+02  0.2410E+01  0.2186E+01     0.0000E+00  0.0000E+00  0.0000E+00     0.6600E+00
  0.8678E-01 -0.3880E-01 -0.4585E-01  0.1511E-03  0.1849E-04  0.4289E-04     0.9202E+03  0.2944E+02  0.6047E+02  0.1723E+02  0.2400E+01  0.2192E+01     0.0000E+00  0.0000E+00  0.0000E+00     0.6600E+00
  0.8732E-01 -0.3903E-01 -0.4616E-01  0.1488E-03  0.1811E-04  0.4507E-04     0.9211E+03  0.2947E+02  0.6056E+02  0.1726E+02  0.2389E+01  0.2199E+01     0.0000E+00  0.0000E+00  0.0000E+00     0.6600E+00
  0.8785E-01 -0.3925E-01 -0.4647E-01  0.1464E-03  0.1765E-04  0.4726E-04     0.9220E+03  0.2950E+02  0.6065E+02  0.1729E+02  0.2378E+01  0.2205E+01     0.0000E+00  0.0000E+00  0.0000E+00     0.6600E+00
  0.8839E-01 -0.3948E-01 -0.4678E-01  0.1443E-03  0.1728E-04  0.4949E-04     0.9229E+03  0.2954E+02  0.6074E+02  0.1732E+02  0.2367E+01  0.2212E+01     0.0000E+00  0.0000E+00  0.0000E+00     0.6600E+00
  0.8893E-01 -0.3971E-01 -0.4709E-01  0.1420E-03  0.1703E-04  0.5162E-04     0.9238E+03  0.2957E+02  0.6083E+02  0.1735E+02  0.2356E+01  0.2217E+01     0.0000E+00  0.0000E+00  0.0000E+00     0.6600E+00
  0.8947E-01 -0.3993E-01 -0.4740E-01  0.1397E-03  0.1665E-04  0.5383E-04     0.9246E+03  0.2960E+02  0.6092E+02  0.1738E+02  0.2345E+01  0.2223E+01     0.0000E+00  0.0000E+00  0.0000E+00     0.6600E+00
  0.9001E-01 -0.4016E-01 -0.4771E-01  0.1373E-03  0.1630E-04  0.5619E-04     0.9255E+03  0.2963E+02  0.6101E+02  0.1741E+02  0.2333E+01  0.2229E+01     0.0000E+00  0.0000E+00  0.0000E+00     0.6600E+00
  0.9055E-01 -0.4038E-01 -0.4803E-01  0.1349E-03  0.1598E-04  0.5868E-04     0.9264E+03  0.2967E+02  0.6110E+02  0.1744E+02  0.2322E+01  0.2234E+01     0.0000E+00  0.0000E+00  0.0000E+00     0.6600E+00
  0.9109E-01 -0.4061E-01 -0.4834E-01  0.1326E-03  0.1566E-04  0.6110E-04     0.9272E+03  0.2970E+02  0.6119E+02  0.1747E+02  0.2310E+01  0.2240E+01     0.0000E+00  0.0000E+00  0.0000E+00     0.6600E+00
  0.9163E-01 -0.4083E-01 -0.4865E-01  0.1303E-03  0.1533E-04  0.6370E-04     0.9281E+03  0.2973E+02  0.6127E+02  0.1750E+02  0.2298E+01  0.2245E+01     0.0000E+00  0.0000E+00  0.0000E+00     0.6600E+00
  0.9217E-01 -0.4106E-01 -0.4897E-01  0.1279E-03  0.1500E-04  0.6631E-04     0.9289E+03  0.2977E+02  0.6136E+02  0.1753E+02  0.2286E+01  0.2250E+01     0.0000E+00  0.0000E+00  0.0000E+00     0.6600E+00
  0.9271E-01 -0.4128E-01 -0.4928E-01  0.1255E-03  0.1467E-04  0.6896E-04     0.9297E+03  0.2981E+02  0.6145E+02  0.1756E+02  0.2274E+01  0.2256E+01     0.0000E+00  0.0000E+00  0.0000E+00     0.6600E+00
  0.9325E-01 -0.4151E-01 -0.4960E-01  0.1233E-03  0.1438E-04  0.7153E-04     0.9305E+03  0.2984E+02  0.6153E+02  0.1758E+02  0.2263E+01  0.2259E+01     0.0000E+00  0.0000E+00  0.0000E+00     0.6600E+00
  0.9379E-01 -0.4173E-01 -0.4991E-01  0.1210E-03  0.1402E-04  0.7427E-04     0.9314E+03  0.2988E+02  0.6162E+02  0.1761E+02  0.2251E+01  0.2263E+01     0.0000E+00  0.0000E+00  0.0000E+00     0.6600E+00
  0.9433E-01 -0.4195E-01 -0.5023E-01  0.1186E-03  0.1364E-04  0.7700E-04     0.9322E+03  0.2991E+02  0.6170E+02  0.1764E+02  0.2239E+01  0.2267E+01     0.0000E+00  0.0000E+00  0.0000E+00     0.6600E+00
  0.9488E-01 -0.4218E-01 -0.5055E-01  0.1160E-03  0.1333E-04  0.7977E-04     0.9330E+03  0.2995E+02  0.6178E+02  0.1767E+02  0.2227E+01  0.2271E+01     0.0000E+00  0.0000E+00  0.0000E+00     0.6600E+00
  0.9542E-01 -0.4240E-01 -0.5086E-01  0.1138E-03  0.1268E-04  0.8237E-04     0.9337E+03  0.2999E+02  0.6187E+02  0.1769E+02  0.2214E+01  0.2275E+01     0.0000E+00  0.0000E+00  0.0000E+00     0.6600E+00
  0.9596E-01 -0.4262E-01 -0.5118E-01  0.1118E-03  0.1191E-04  0.8501E-04     0.9345E+03  0.3002E+02  0.6195E+02  0.1772E+02  0.2200E+01  0.2278E+01     0.0000E+00  0.0000E+00  0.0000E+00     0.6600E+00
  0.9650E-01 -0.4285E-01 -0.5150E-01  0.1092E-03  0.1125E-04  0.8745E-04     0.9353E+03  0.3006E+02  0.6203E+02  0.1775E+02  0.2186E+01  0.2280E+01     0.0000E+00  0.0000E+00  0.0000E+00     0.6600E+00
  0.9705E-01 -0.4307E-01 -0.5182E-01  0.1067E-03  0.1058E-04  0.8986E-04     0.9361E+03  0.3009E+02  0.6212E+02  0.1777E+02  0.2173E+01  0.2283E+01     0.0000E+00  0.0000E+00  0.0000E+00     0.6600E+00
  0.9759E-01 -0.4329E-01 -0.5213E-01  0.1046E-03  0.9841E-05  0.9230E-04     0.9368E+03  0.3013E+02  0.6220E+02  0.1780E+02  0.2158E+01  0.2287E+01     0.0000E+00  0.0000E+00  0.0000E+00     0.6600E+00
  0.9813E-01 -0.4352E-01 -0.5245E-01  0.1025E-03  0.9067E-05  0.9482E-04     0.9376E+03  0.3016E+02  0.6228E+02  0.1782E+02  0.2144E+01  0.2291E+01     0.0000E+00  0.0000E+00  0.0000E+00     0.6600E+00
  0.9868E-01 -0.4374E-01 -0.5277E-01  0.1008E-03  0.8315E-05  0.9766E-04     0.9383E+03  0.3020E+02  0.6237E+02  0.1785E+02  0.2128E+01  0.2295E+01     0.0000E+00  0.0000E+00  0.0000E+00     0.6600E+00
  0.9922E-01 -0.4397E-01 -0.5309E-01  0.9935E-04  0.7715E-05  0.1003E-03     0.9391E+03  0.3023E+02  0.6245E+02  0.1788E+02  0.2114E+01  0.2299E+01     0.0000E+00  0.0000E+00  0.0000E+00     0.6600E+00
  0.9977E-01 -0.4419E-01 -0.5341E-01  0.9798E-04  0.7041E-05  0.1031E-03     0.9398E+03  0.3027E+02  0.6253E+02  0.1790E+02  0.2099E+01  0.2303E+01     0.0000E+00  0.0000E+00  0.0000E+00     0.6600E+00
  0.1003E+00 -0.4441E-01 -0.5373E-01  0.9651E-04  0.6434E-05  0.1058E-03     0.9406E+03  0.3030E+02  0.6262E+02  0.1793E+02  0.2085E+01  0.2307E+01     0.0000E+00  0.0000E+00  0.0000E+00     0.6600E+00
  0.1009E+00 -0.4463E-01 -0.5405E-01  0.9502E-04  0.5846E-05  0.1086E-03     0.9413E+03  0.3033E+02  0.6270E+02  0.1795E+02  0.2070E+01  0.2311E+01     0.0000E+00  0.0000E+00  0.0000E+00     0.6600E+00
  0.1014E+00 -0.4486E-01 -0.5437E-01  0.9370E-04  0.5346E-05  0.1115E-03     0.9420E+03  0.3037E+02  0.6278E+02  0.1798E+02  0.2055E+01  0.2315E+01     0.0000E+00  0.0000E+00  0.0000E+00     0.6600E+00
  0.1019E+00 -0.4508E-01 -0.5469E-01  0.9217E-04  0.4809E-05  0.1143E-03     0.9427E+03  0.3040E+02  0.6286E+02  0.1800E+02  0.2039E+01  0.2319E+01     0.0000E+00  0.0000E+00  0.0000E+00     0.6600E+00
  0.1025E+00 -0.4531E-01 -0.5501E-01  0.9033E-04  0.4328E-05  0.1171E-03     0.9434E+03  0.3043E+02  0.6294E+02  0.1802E+02  0.2024E+01  0.2323E+01     0.0000E+00  0.0000E+00  0.0000E+00     0.6600E+00
  0.1030E+00 -0.4553E-01 -0.5533E-01  0.8838E-04  0.3866E-05  0.1199E-03     0.9441E+03  0.3047E+02  0.6303E+02  0.1805E+02  0.2008E+01  0.2327E+01     0.0000E+00  0.0000E+00  0.0000E+00     0.6600E+00
  0.1036E+00 -0.4575E-01 -0.5565E-01  0.8656E-04  0.3454E-05  0.1227E-03     0.9448E+03  0.3050E+02  0.6311E+02  0.1807E+02  0.1993E+01  0.2331E+01     0.0000E+00  0.0000E+00  0.0000E+00     0.6600E+00
  0.1041E+00 -0.4597E-01 -0.5598E-01  0.8472E-04  0.3002E-05  0.1255E-03     0.9456E+03  0.3055E+02  0.6316E+02  0.1809E+02  0.2019E+01  0.2325E+01     0.0000E+00  0.0000E+00  0.0000E+00     0.6600E+00
