 ******************************************************************************
 DP                                                                                                                                                    
 ******************************************************************************
 EQUIVALENT STATES
 EQ ET - EQ PL ET - EQ EIG ET - EQ ST - EQ ETR- EQ PL ETR
  - EQ STR - VOLUME - PRESSURE - WTOT - WPLTOT
  - STET - STETAV
   0.0000D+00  0.0000D+00  0.0000D+00  0.0000D+00  0.0000D+00  0.0000D+00  0.0000D+00  0.0000D+00  0.0000D+00  0.0000D+00  0.0000D+00  0.0000D+00  0.0000D+00
   0.5102D-03  0.5123D-20  0.0000D+00  0.1079D+03  0.5102D-03  0.5123D-20  0.0000D+00  0.2154D-03  0.3595D+02  0.5505D-01  0.0000D+00  0.5505D-01  0.5232D-01
   0.1020D-02  0.1102D-06  0.0000D+00  0.2158D+03  0.5102D-03  0.1102D-06  0.0000D+00  0.4310D-03  0.7189D+02  0.1652D+00  0.0000D+00  0.2202D+00  0.2093D+00
   0.1531D-02  0.2590D-03  0.0000D+00  0.2736D+03  0.5102D-03  0.2589D-03  0.0000D+00  0.5470D-03  0.9116D+02  0.3048D+00  0.0000D+00  0.4188D+00  0.3929D+00
   0.2041D-02  0.5826D-03  0.0000D+00  0.3192D+03  0.5102D-03  0.3236D-03  0.0000D+00  0.6387D-03  0.1064D+03  0.4676D+00  0.0000D+00  0.6515D+00  0.6006D+00
   0.2551D-02  0.9188D-03  0.0000D+00  0.3608D+03  0.5102D-03  0.3362D-03  0.0000D+00  0.7225D-03  0.1202D+03  0.6518D+00  0.0000D+00  0.9205D+00  0.8362D+00
   0.3061D-02  0.1272D-02  0.0000D+00  0.3959D+03  0.5102D-03  0.3530D-03  0.0000D+00  0.7930D-03  0.1319D+03  0.8538D+00  0.0000D+00  0.1212D+01  0.1090D+01
   0.3572D-02  0.1630D-02  0.0000D+00  0.4295D+03  0.5103D-03  0.3583D-03  0.0000D+00  0.8603D-03  0.1431D+03  0.1073D+01  0.0000D+00  0.1534D+01  0.1367D+01
   0.4082D-02  0.1992D-02  0.0000D+00  0.4622D+03  0.5103D-03  0.3616D-03  0.0000D+00  0.9259D-03  0.1540D+03  0.1309D+01  0.0000D+00  0.1887D+01  0.1664D+01
   0.4592D-02  0.2356D-02  0.0000D+00  0.4943D+03  0.5103D-03  0.3644D-03  0.0000D+00  0.9905D-03  0.1647D+03  0.1561D+01  0.0000D+00  0.2270D+01  0.1984D+01
   0.5103D-02  0.2723D-02  0.0000D+00  0.5259D+03  0.5103D-03  0.3668D-03  0.0000D+00  0.1054D-02  0.1752D+03  0.1829D+01  0.0000D+00  0.2684D+01  0.2324D+01
   0.5613D-02  0.3092D-02  0.0000D+00  0.5570D+03  0.5103D-03  0.3688D-03  0.0000D+00  0.1117D-02  0.1856D+03  0.2114D+01  0.0000D+00  0.3127D+01  0.2684D+01
   0.6123D-02  0.3520D-02  0.0000D+00  0.5746D+03  0.5103D-03  0.4280D-03  0.0000D+00  0.1152D-02  0.1915D+03  0.2407D+01  0.0000D+00  0.3519D+01  0.3037D+01
   0.6634D-02  0.3976D-02  0.0000D+00  0.5861D+03  0.5103D-03  0.4561D-03  0.0000D+00  0.1175D-02  0.1953D+03  0.2706D+01  0.0000D+00  0.3889D+01  0.3388D+01
   0.7144D-02  0.4436D-02  0.0000D+00  0.5965D+03  0.5103D-03  0.4604D-03  0.0000D+00  0.1196D-02  0.1988D+03  0.3010D+01  0.0000D+00  0.4262D+01  0.3748D+01
   0.7654D-02  0.4899D-02  0.0000D+00  0.6065D+03  0.5103D-03  0.4629D-03  0.0000D+00  0.1216D-02  0.2021D+03  0.3320D+01  0.0000D+00  0.4642D+01  0.4113D+01
   0.8164D-02  0.5364D-02  0.0000D+00  0.6160D+03  0.5103D-03  0.4648D-03  0.0000D+00  0.1235D-02  0.2053D+03  0.3634D+01  0.0000D+00  0.5030D+01  0.4483D+01
   0.8675D-02  0.5830D-02  0.0000D+00  0.6253D+03  0.5103D-03  0.4663D-03  0.0000D+00  0.1254D-02  0.2083D+03  0.3953D+01  0.0000D+00  0.5424D+01  0.4859D+01
   0.9185D-02  0.6296D-02  0.0000D+00  0.6343D+03  0.5103D-03  0.4661D-03  0.0000D+00  0.1271D-02  0.2113D+03  0.4277D+01  0.0000D+00  0.5825D+01  0.5239D+01
   0.9695D-02  0.6765D-02  0.0000D+00  0.6428D+03  0.5102D-03  0.4683D-03  0.0000D+00  0.1289D-02  0.2142D+03  0.4605D+01  0.0000D+00  0.6231D+01  0.5623D+01
   0.1021D-01  0.7233D-02  0.0000D+00  0.6508D+03  0.5102D-03  0.4684D-03  0.0000D+00  0.1305D-02  0.2168D+03  0.4937D+01  0.0000D+00  0.6641D+01  0.6011D+01
   0.1072D-01  0.7702D-02  0.0000D+00  0.6586D+03  0.5102D-03  0.4689D-03  0.0000D+00  0.1320D-02  0.2194D+03  0.5273D+01  0.0000D+00  0.7056D+01  0.6401D+01
   0.1123D-01  0.8170D-02  0.0000D+00  0.6659D+03  0.5102D-03  0.4684D-03  0.0000D+00  0.1335D-02  0.2219D+03  0.5613D+01  0.0000D+00  0.7475D+01  0.6795D+01
   0.1174D-01  0.8639D-02  0.0000D+00  0.6730D+03  0.5102D-03  0.4688D-03  0.0000D+00  0.1349D-02  0.2242D+03  0.5956D+01  0.0000D+00  0.7897D+01  0.7191D+01
   0.1225D-01  0.9109D-02  0.0000D+00  0.6798D+03  0.5102D-03  0.4695D-03  0.0000D+00  0.1363D-02  0.2265D+03  0.6303D+01  0.0000D+00  0.8324D+01  0.7591D+01
   0.1276D-01  0.9577D-02  0.0000D+00  0.6864D+03  0.5102D-03  0.4682D-03  0.0000D+00  0.1376D-02  0.2287D+03  0.6653D+01  0.0000D+00  0.8754D+01  0.7993D+01
   0.1327D-01  0.1005D-01  0.0000D+00  0.6927D+03  0.5102D-03  0.4695D-03  0.0000D+00  0.1389D-02  0.2307D+03  0.7007D+01  0.0000D+00  0.9188D+01  0.8399D+01
   0.1378D-01  0.1052D-01  0.0000D+00  0.6987D+03  0.5102D-03  0.4687D-03  0.0000D+00  0.1401D-02  0.2328D+03  0.7363D+01  0.0000D+00  0.9625D+01  0.8807D+01
   0.1429D-01  0.1098D-01  0.0000D+00  0.7046D+03  0.5102D-03  0.4677D-03  0.0000D+00  0.1413D-02  0.2347D+03  0.7722D+01  0.0000D+00  0.1006D+02  0.9217D+01
   0.1480D-01  0.1145D-01  0.0000D+00  0.7101D+03  0.5102D-03  0.4682D-03  0.0000D+00  0.1424D-02  0.2366D+03  0.8085D+01  0.0000D+00  0.1051D+02  0.9628D+01
   0.1531D-01  0.1192D-01  0.0000D+00  0.7156D+03  0.5102D-03  0.4687D-03  0.0000D+00  0.1435D-02  0.2384D+03  0.8450D+01  0.0000D+00  0.1095D+02  0.1004D+02
   0.1582D-01  0.1239D-01  0.0000D+00  0.7209D+03  0.5101D-03  0.4679D-03  0.0000D+00  0.1445D-02  0.2401D+03  0.8818D+01  0.0000D+00  0.1140D+02  0.1046D+02
   0.1633D-01  0.1286D-01  0.0000D+00  0.7260D+03  0.5101D-03  0.4679D-03  0.0000D+00  0.1456D-02  0.2418D+03  0.9188D+01  0.0000D+00  0.1185D+02  0.1088D+02
   0.1684D-01  0.1332D-01  0.0000D+00  0.7309D+03  0.5101D-03  0.4671D-03  0.0000D+00  0.1466D-02  0.2435D+03  0.9561D+01  0.0000D+00  0.1230D+02  0.1130D+02
   0.1735D-01  0.1379D-01  0.0000D+00  0.7358D+03  0.5101D-03  0.4676D-03  0.0000D+00  0.1475D-02  0.2451D+03  0.9936D+01  0.0000D+00  0.1276D+02  0.1172D+02
   0.1786D-01  0.1426D-01  0.0000D+00  0.7404D+03  0.5101D-03  0.4670D-03  0.0000D+00  0.1485D-02  0.2466D+03  0.1031D+02  0.0000D+00  0.1322D+02  0.1215D+02
   0.1837D-01  0.1472D-01  0.0000D+00  0.7449D+03  0.5101D-03  0.4674D-03  0.0000D+00  0.1494D-02  0.2481D+03  0.1069D+02  0.0000D+00  0.1368D+02  0.1258D+02
   0.1888D-01  0.1519D-01  0.0000D+00  0.7492D+03  0.5101D-03  0.4668D-03  0.0000D+00  0.1502D-02  0.2496D+03  0.1108D+02  0.0000D+00  0.1414D+02  0.1300D+02
   0.1939D-01  0.1566D-01  0.0000D+00  0.7535D+03  0.5101D-03  0.4667D-03  0.0000D+00  0.1511D-02  0.2510D+03  0.1146D+02  0.0000D+00  0.1461D+02  0.1344D+02
   0.1990D-01  0.1612D-01  0.0000D+00  0.7576D+03  0.5101D-03  0.4661D-03  0.0000D+00  0.1519D-02  0.2523D+03  0.1185D+02  0.0000D+00  0.1507D+02  0.1387D+02
   0.2041D-01  0.1659D-01  0.0000D+00  0.7616D+03  0.5101D-03  0.4663D-03  0.0000D+00  0.1527D-02  0.2537D+03  0.1224D+02  0.0000D+00  0.1554D+02  0.1430D+02
   0.2092D-01  0.1706D-01  0.0000D+00  0.7656D+03  0.5101D-03  0.4670D-03  0.0000D+00  0.1535D-02  0.2550D+03  0.1263D+02  0.0000D+00  0.1601D+02  0.1474D+02
   0.2143D-01  0.1753D-01  0.0000D+00  0.7694D+03  0.5101D-03  0.4675D-03  0.0000D+00  0.1543D-02  0.2563D+03  0.1302D+02  0.0000D+00  0.1648D+02  0.1517D+02
   0.2194D-01  0.1799D-01  0.0000D+00  0.7731D+03  0.5101D-03  0.4664D-03  0.0000D+00  0.1550D-02  0.2575D+03  0.1341D+02  0.0000D+00  0.1696D+02  0.1561D+02
   0.2245D-01  0.1846D-01  0.0000D+00  0.7767D+03  0.5101D-03  0.4649D-03  0.0000D+00  0.1557D-02  0.2587D+03  0.1381D+02  0.0000D+00  0.1743D+02  0.1605D+02
   0.2296D-01  0.1892D-01  0.0000D+00  0.7801D+03  0.5101D-03  0.4643D-03  0.0000D+00  0.1564D-02  0.2598D+03  0.1421D+02  0.0000D+00  0.1791D+02  0.1649D+02
   0.2347D-01  0.1939D-01  0.0000D+00  0.7835D+03  0.5100D-03  0.4646D-03  0.0000D+00  0.1571D-02  0.2609D+03  0.1461D+02  0.0000D+00  0.1838D+02  0.1694D+02
   0.2398D-01  0.1985D-01  0.0000D+00  0.7868D+03  0.5100D-03  0.4642D-03  0.0000D+00  0.1578D-02  0.2620D+03  0.1501D+02  0.0000D+00  0.1886D+02  0.1738D+02
   0.2449D-01  0.2031D-01  0.0000D+00  0.7900D+03  0.5100D-03  0.4647D-03  0.0000D+00  0.1584D-02  0.2631D+03  0.1541D+02  0.0000D+00  0.1934D+02  0.1783D+02
   0.2500D-01  0.2078D-01  0.0000D+00  0.7931D+03  0.5100D-03  0.4646D-03  0.0000D+00  0.1591D-02  0.2641D+03  0.1581D+02  0.0000D+00  0.1982D+02  0.1827D+02
   0.2551D-01  0.2124D-01  0.0000D+00  0.7962D+03  0.5100D-03  0.4652D-03  0.0000D+00  0.1597D-02  0.2652D+03  0.1622D+02  0.0000D+00  0.2030D+02  0.1872D+02
   0.2602D-01  0.2171D-01  0.0000D+00  0.7993D+03  0.5100D-03  0.4645D-03  0.0000D+00  0.1603D-02  0.2662D+03  0.1663D+02  0.0000D+00  0.2079D+02  0.1918D+02
   0.2653D-01  0.2217D-01  0.0000D+00  0.8023D+03  0.5100D-03  0.4656D-03  0.0000D+00  0.1609D-02  0.2672D+03  0.1704D+02  0.0000D+00  0.2128D+02  0.1963D+02
   0.2704D-01  0.2264D-01  0.0000D+00  0.8052D+03  0.5100D-03  0.4653D-03  0.0000D+00  0.1615D-02  0.2681D+03  0.1745D+02  0.0000D+00  0.2176D+02  0.2009D+02
   0.2755D-01  0.2310D-01  0.0000D+00  0.8080D+03  0.5100D-03  0.4645D-03  0.0000D+00  0.1621D-02  0.2691D+03  0.1786D+02  0.0000D+00  0.2225D+02  0.2054D+02
   0.2806D-01  0.2357D-01  0.0000D+00  0.8108D+03  0.5100D-03  0.4646D-03  0.0000D+00  0.1626D-02  0.2700D+03  0.1827D+02  0.0000D+00  0.2274D+02  0.2100D+02
   0.2857D-01  0.2403D-01  0.0000D+00  0.8136D+03  0.5100D-03  0.4643D-03  0.0000D+00  0.1632D-02  0.2709D+03  0.1869D+02  0.0000D+00  0.2324D+02  0.2146D+02
   0.2908D-01  0.2450D-01  0.0000D+00  0.8162D+03  0.5100D-03  0.4636D-03  0.0000D+00  0.1637D-02  0.2718D+03  0.1911D+02  0.0000D+00  0.2373D+02  0.2192D+02
   0.2959D-01  0.2496D-01  0.0000D+00  0.8188D+03  0.5100D-03  0.4641D-03  0.0000D+00  0.1642D-02  0.2727D+03  0.1952D+02  0.0000D+00  0.2422D+02  0.2238D+02
   0.3010D-01  0.2542D-01  0.0000D+00  0.8214D+03  0.5100D-03  0.4642D-03  0.0000D+00  0.1648D-02  0.2735D+03  0.1994D+02  0.0000D+00  0.2472D+02  0.2284D+02
   0.3061D-01  0.2589D-01  0.0000D+00  0.8240D+03  0.5100D-03  0.4649D-03  0.0000D+00  0.1653D-02  0.2744D+03  0.2036D+02  0.0000D+00  0.2521D+02  0.2331D+02
   0.3112D-01  0.2635D-01  0.0000D+00  0.8265D+03  0.5100D-03  0.4653D-03  0.0000D+00  0.1658D-02  0.2752D+03  0.2078D+02  0.0000D+00  0.2571D+02  0.2377D+02
   0.3163D-01  0.2682D-01  0.0000D+00  0.8290D+03  0.5100D-03  0.4677D-03  0.0000D+00  0.1663D-02  0.2761D+03  0.2121D+02  0.0000D+00  0.2621D+02  0.2424D+02
   0.3214D-01  0.2729D-01  0.0000D+00  0.8316D+03  0.5100D-03  0.4697D-03  0.0000D+00  0.1668D-02  0.2769D+03  0.2163D+02  0.0000D+00  0.2672D+02  0.2472D+02
   0.3265D-01  0.2777D-01  0.0000D+00  0.8343D+03  0.5100D-03  0.4736D-03  0.0000D+00  0.1674D-02  0.2778D+03  0.2206D+02  0.0000D+00  0.2723D+02  0.2520D+02
   0.3316D-01  0.2824D-01  0.0000D+00  0.8370D+03  0.5100D-03  0.4764D-03  0.0000D+00  0.1679D-02  0.2787D+03  0.2248D+02  0.0000D+00  0.2775D+02  0.2568D+02
   0.3367D-01  0.2872D-01  0.0000D+00  0.8397D+03  0.5100D-03  0.4772D-03  0.0000D+00  0.1684D-02  0.2796D+03  0.2291D+02  0.0000D+00  0.2826D+02  0.2616D+02
   0.3418D-01  0.2920D-01  0.0000D+00  0.8424D+03  0.5100D-03  0.4775D-03  0.0000D+00  0.1690D-02  0.2805D+03  0.2334D+02  0.0000D+00  0.2878D+02  0.2665D+02
   0.3469D-01  0.2968D-01  0.0000D+00  0.8451D+03  0.5100D-03  0.4786D-03  0.0000D+00  0.1695D-02  0.2814D+03  0.2377D+02  0.0000D+00  0.2931D+02  0.2714D+02
   0.3520D-01  0.3015D-01  0.0000D+00  0.8477D+03  0.5100D-03  0.4788D-03  0.0000D+00  0.1701D-02  0.2823D+03  0.2420D+02  0.0000D+00  0.2983D+02  0.2763D+02
   0.3571D-01  0.3063D-01  0.0000D+00  0.8503D+03  0.5100D-03  0.4792D-03  0.0000D+00  0.1706D-02  0.2832D+03  0.2464D+02  0.0000D+00  0.3036D+02  0.2812D+02
   0.3622D-01  0.3111D-01  0.0000D+00  0.8529D+03  0.5100D-03  0.4793D-03  0.0000D+00  0.1711D-02  0.2840D+03  0.2507D+02  0.0000D+00  0.3088D+02  0.2862D+02
   0.3673D-01  0.3159D-01  0.0000D+00  0.8554D+03  0.5100D-03  0.4811D-03  0.0000D+00  0.1716D-02  0.2849D+03  0.2551D+02  0.0000D+00  0.3141D+02  0.2911D+02
   0.3724D-01  0.3207D-01  0.0000D+00  0.8579D+03  0.5100D-03  0.4811D-03  0.0000D+00  0.1721D-02  0.2857D+03  0.2595D+02  0.0000D+00  0.3194D+02  0.2961D+02
   0.3775D-01  0.3256D-01  0.0000D+00  0.8604D+03  0.5100D-03  0.4818D-03  0.0000D+00  0.1726D-02  0.2865D+03  0.2639D+02  0.0000D+00  0.3247D+02  0.3011D+02
   0.3826D-01  0.3304D-01  0.0000D+00  0.8629D+03  0.5100D-03  0.4831D-03  0.0000D+00  0.1731D-02  0.2874D+03  0.2683D+02  0.0000D+00  0.3301D+02  0.3061D+02
   0.3877D-01  0.3352D-01  0.0000D+00  0.8654D+03  0.5100D-03  0.4837D-03  0.0000D+00  0.1736D-02  0.2882D+03  0.2727D+02  0.0000D+00  0.3354D+02  0.3112D+02
   0.3928D-01  0.3401D-01  0.0000D+00  0.8679D+03  0.5100D-03  0.4846D-03  0.0000D+00  0.1741D-02  0.2890D+03  0.2771D+02  0.0000D+00  0.3408D+02  0.3162D+02
   0.3979D-01  0.3449D-01  0.0000D+00  0.8703D+03  0.5100D-03  0.4852D-03  0.0000D+00  0.1746D-02  0.2898D+03  0.2815D+02  0.0000D+00  0.3462D+02  0.3213D+02
   0.4030D-01  0.3498D-01  0.0000D+00  0.8728D+03  0.5100D-03  0.4858D-03  0.0000D+00  0.1751D-02  0.2907D+03  0.2860D+02  0.0000D+00  0.3516D+02  0.3263D+02
   0.4081D-01  0.3547D-01  0.0000D+00  0.8752D+03  0.5100D-03  0.4860D-03  0.0000D+00  0.1756D-02  0.2915D+03  0.2904D+02  0.0000D+00  0.3571D+02  0.3314D+02
   0.4132D-01  0.3595D-01  0.0000D+00  0.8776D+03  0.5100D-03  0.4865D-03  0.0000D+00  0.1761D-02  0.2922D+03  0.2949D+02  0.0000D+00  0.3625D+02  0.3365D+02
   0.4183D-01  0.3644D-01  0.0000D+00  0.8799D+03  0.5100D-03  0.4865D-03  0.0000D+00  0.1766D-02  0.2930D+03  0.2994D+02  0.0000D+00  0.3680D+02  0.3417D+02
   0.4234D-01  0.3693D-01  0.0000D+00  0.8823D+03  0.5100D-03  0.4878D-03  0.0000D+00  0.1770D-02  0.2938D+03  0.3039D+02  0.0000D+00  0.3735D+02  0.3468D+02
   0.4285D-01  0.3741D-01  0.0000D+00  0.8846D+03  0.5100D-03  0.4890D-03  0.0000D+00  0.1775D-02  0.2946D+03  0.3084D+02  0.0000D+00  0.3790D+02  0.3519D+02
   0.4336D-01  0.3790D-01  0.0000D+00  0.8870D+03  0.5100D-03  0.4896D-03  0.0000D+00  0.1780D-02  0.2954D+03  0.3129D+02  0.0000D+00  0.3845D+02  0.3571D+02
   0.4387D-01  0.3839D-01  0.0000D+00  0.8893D+03  0.5100D-03  0.4902D-03  0.0000D+00  0.1784D-02  0.2961D+03  0.3175D+02  0.0000D+00  0.3900D+02  0.3623D+02
   0.4438D-01  0.3889D-01  0.0000D+00  0.8916D+03  0.5100D-03  0.4906D-03  0.0000D+00  0.1789D-02  0.2969D+03  0.3220D+02  0.0000D+00  0.3956D+02  0.3675D+02
   0.4489D-01  0.3938D-01  0.0000D+00  0.8938D+03  0.5100D-03  0.4910D-03  0.0000D+00  0.1794D-02  0.2977D+03  0.3266D+02  0.0000D+00  0.4012D+02  0.3727D+02
   0.4540D-01  0.3987D-01  0.0000D+00  0.8960D+03  0.5100D-03  0.4911D-03  0.0000D+00  0.1798D-02  0.2984D+03  0.3312D+02  0.0000D+00  0.4067D+02  0.3779D+02
   0.4591D-01  0.4036D-01  0.0000D+00  0.8982D+03  0.5100D-03  0.4910D-03  0.0000D+00  0.1802D-02  0.2991D+03  0.3357D+02  0.0000D+00  0.4123D+02  0.3832D+02
   0.4642D-01  0.4085D-01  0.0000D+00  0.9004D+03  0.5100D-03  0.4916D-03  0.0000D+00  0.1807D-02  0.2998D+03  0.3403D+02  0.0000D+00  0.4179D+02  0.3884D+02
   0.4693D-01  0.4134D-01  0.0000D+00  0.9026D+03  0.5100D-03  0.4924D-03  0.0000D+00  0.1811D-02  0.3006D+03  0.3449D+02  0.0000D+00  0.4235D+02  0.3937D+02
   0.4744D-01  0.4184D-01  0.0000D+00  0.9047D+03  0.5100D-03  0.4928D-03  0.0000D+00  0.1816D-02  0.3013D+03  0.3495D+02  0.0000D+00  0.4291D+02  0.3989D+02
   0.4795D-01  0.4233D-01  0.0000D+00  0.9068D+03  0.5100D-03  0.4934D-03  0.0000D+00  0.1820D-02  0.3020D+03  0.3542D+02  0.0000D+00  0.4347D+02  0.4042D+02
   0.4846D-01  0.4282D-01  0.0000D+00  0.9089D+03  0.5100D-03  0.4937D-03  0.0000D+00  0.1824D-02  0.3027D+03  0.3588D+02  0.0000D+00  0.4404D+02  0.4095D+02
   0.4897D-01  0.4332D-01  0.0000D+00  0.9110D+03  0.5100D-03  0.4940D-03  0.0000D+00  0.1828D-02  0.3034D+03  0.3635D+02  0.0000D+00  0.4460D+02  0.4148D+02
   0.4948D-01  0.4381D-01  0.0000D+00  0.9130D+03  0.5100D-03  0.4942D-03  0.0000D+00  0.1832D-02  0.3041D+03  0.3681D+02  0.0000D+00  0.4517D+02  0.4201D+02
   0.4999D-01  0.4430D-01  0.0000D+00  0.9151D+03  0.5100D-03  0.4944D-03  0.0000D+00  0.1836D-02  0.3047D+03  0.3728D+02  0.0000D+00  0.4574D+02  0.4254D+02
   0.5050D-01  0.4480D-01  0.0000D+00  0.9171D+03  0.5100D-03  0.4943D-03  0.0000D+00  0.1841D-02  0.3054D+03  0.3775D+02  0.0000D+00  0.4630D+02  0.4307D+02
   0.5101D-01  0.4529D-01  0.0000D+00  0.9190D+03  0.5100D-03  0.4943D-03  0.0000D+00  0.1844D-02  0.3061D+03  0.3821D+02  0.0000D+00  0.4687D+02  0.4360D+02
   0.5152D-01  0.4579D-01  0.0000D+00  0.9210D+03  0.5100D-03  0.4948D-03  0.0000D+00  0.1848D-02  0.3067D+03  0.3868D+02  0.0000D+00  0.4744D+02  0.4414D+02
   0.5203D-01  0.4628D-01  0.0000D+00  0.9229D+03  0.5100D-03  0.4952D-03  0.0000D+00  0.1852D-02  0.3074D+03  0.3915D+02  0.0000D+00  0.4801D+02  0.4467D+02
   0.5254D-01  0.4678D-01  0.0000D+00  0.9249D+03  0.5100D-03  0.4953D-03  0.0000D+00  0.1856D-02  0.3080D+03  0.3963D+02  0.0000D+00  0.4858D+02  0.4521D+02
   0.5305D-01  0.4727D-01  0.0000D+00  0.9268D+03  0.5100D-03  0.4961D-03  0.0000D+00  0.1860D-02  0.3086D+03  0.4010D+02  0.0000D+00  0.4916D+02  0.4574D+02
   0.5356D-01  0.4777D-01  0.0000D+00  0.9287D+03  0.5100D-03  0.4963D-03  0.0000D+00  0.1864D-02  0.3093D+03  0.4057D+02  0.0000D+00  0.4973D+02  0.4628D+02
   0.5407D-01  0.4827D-01  0.0000D+00  0.9305D+03  0.5100D-03  0.4962D-03  0.0000D+00  0.1868D-02  0.3099D+03  0.4105D+02  0.0000D+00  0.5030D+02  0.4682D+02
   0.5458D-01  0.4876D-01  0.0000D+00  0.9324D+03  0.5100D-03  0.4970D-03  0.0000D+00  0.1871D-02  0.3105D+03  0.4152D+02  0.0000D+00  0.5088D+02  0.4735D+02
   0.5509D-01  0.4926D-01  0.0000D+00  0.9342D+03  0.5100D-03  0.4968D-03  0.0000D+00  0.1875D-02  0.3111D+03  0.4200D+02  0.0000D+00  0.5146D+02  0.4789D+02
   0.5560D-01  0.4976D-01  0.0000D+00  0.9360D+03  0.5100D-03  0.4968D-03  0.0000D+00  0.1879D-02  0.3117D+03  0.4248D+02  0.0000D+00  0.5203D+02  0.4843D+02
   0.5611D-01  0.5025D-01  0.0000D+00  0.9378D+03  0.5100D-03  0.4970D-03  0.0000D+00  0.1882D-02  0.3123D+03  0.4295D+02  0.0000D+00  0.5261D+02  0.4897D+02
   0.5662D-01  0.5075D-01  0.0000D+00  0.9395D+03  0.5100D-03  0.4973D-03  0.0000D+00  0.1886D-02  0.3129D+03  0.4343D+02  0.0000D+00  0.5319D+02  0.4951D+02
   0.5713D-01  0.5125D-01  0.0000D+00  0.9413D+03  0.5100D-03  0.4975D-03  0.0000D+00  0.1889D-02  0.3135D+03  0.4391D+02  0.0000D+00  0.5377D+02  0.5005D+02
   0.5764D-01  0.5175D-01  0.0000D+00  0.9430D+03  0.5100D-03  0.4978D-03  0.0000D+00  0.1893D-02  0.3140D+03  0.4440D+02  0.0000D+00  0.5435D+02  0.5059D+02
   0.5815D-01  0.5225D-01  0.0000D+00  0.9447D+03  0.5100D-03  0.4985D-03  0.0000D+00  0.1896D-02  0.3146D+03  0.4488D+02  0.0000D+00  0.5493D+02  0.5114D+02
   0.5866D-01  0.5274D-01  0.0000D+00  0.9464D+03  0.5100D-03  0.4990D-03  0.0000D+00  0.1900D-02  0.3152D+03  0.4536D+02  0.0000D+00  0.5551D+02  0.5168D+02
   0.5917D-01  0.5324D-01  0.0000D+00  0.9481D+03  0.5100D-03  0.4989D-03  0.0000D+00  0.1903D-02  0.3157D+03  0.4584D+02  0.0000D+00  0.5609D+02  0.5223D+02
   0.5968D-01  0.5374D-01  0.0000D+00  0.9497D+03  0.5100D-03  0.4988D-03  0.0000D+00  0.1906D-02  0.3163D+03  0.4633D+02  0.0000D+00  0.5667D+02  0.5277D+02
   0.6019D-01  0.5424D-01  0.0000D+00  0.9514D+03  0.5100D-03  0.4990D-03  0.0000D+00  0.1910D-02  0.3168D+03  0.4681D+02  0.0000D+00  0.5726D+02  0.5332D+02
   0.6070D-01  0.5474D-01  0.0000D+00  0.9530D+03  0.5100D-03  0.4994D-03  0.0000D+00  0.1913D-02  0.3174D+03  0.4730D+02  0.0000D+00  0.5784D+02  0.5386D+02
   0.6121D-01  0.5524D-01  0.0000D+00  0.9547D+03  0.5100D-03  0.4999D-03  0.0000D+00  0.1916D-02  0.3179D+03  0.4779D+02  0.0000D+00  0.5843D+02  0.5441D+02
   0.6172D-01  0.5574D-01  0.0000D+00  0.9563D+03  0.5100D-03  0.5003D-03  0.0000D+00  0.1920D-02  0.3185D+03  0.4827D+02  0.0000D+00  0.5901D+02  0.5496D+02
   0.6223D-01  0.5624D-01  0.0000D+00  0.9579D+03  0.5100D-03  0.5002D-03  0.0000D+00  0.1923D-02  0.3190D+03  0.4876D+02  0.0000D+00  0.5960D+02  0.5550D+02
   0.6274D-01  0.5674D-01  0.0000D+00  0.9594D+03  0.5100D-03  0.5002D-03  0.0000D+00  0.1926D-02  0.3195D+03  0.4925D+02  0.0000D+00  0.6019D+02  0.5605D+02
   0.6325D-01  0.5724D-01  0.0000D+00  0.9610D+03  0.5100D-03  0.5005D-03  0.0000D+00  0.1929D-02  0.3200D+03  0.4974D+02  0.0000D+00  0.6078D+02  0.5660D+02
   0.6376D-01  0.5774D-01  0.0000D+00  0.9626D+03  0.5100D-03  0.5010D-03  0.0000D+00  0.1932D-02  0.3206D+03  0.5023D+02  0.0000D+00  0.6137D+02  0.5715D+02
   0.6427D-01  0.5824D-01  0.0000D+00  0.9641D+03  0.5100D-03  0.5012D-03  0.0000D+00  0.1935D-02  0.3211D+03  0.5072D+02  0.0000D+00  0.6196D+02  0.5770D+02
   0.6478D-01  0.5875D-01  0.0000D+00  0.9656D+03  0.5100D-03  0.5009D-03  0.0000D+00  0.1938D-02  0.3216D+03  0.5122D+02  0.0000D+00  0.6255D+02  0.5825D+02
   0.6529D-01  0.5925D-01  0.0000D+00  0.9671D+03  0.5100D-03  0.5011D-03  0.0000D+00  0.1942D-02  0.3221D+03  0.5171D+02  0.0000D+00  0.6314D+02  0.5880D+02
   0.6580D-01  0.5975D-01  0.0000D+00  0.9686D+03  0.5100D-03  0.5016D-03  0.0000D+00  0.1945D-02  0.3226D+03  0.5220D+02  0.0000D+00  0.6373D+02  0.5936D+02
   0.6631D-01  0.6025D-01  0.0000D+00  0.9701D+03  0.5100D-03  0.5016D-03  0.0000D+00  0.1948D-02  0.3231D+03  0.5270D+02  0.0000D+00  0.6432D+02  0.5991D+02
   0.6682D-01  0.6075D-01  0.0000D+00  0.9716D+03  0.5100D-03  0.5018D-03  0.0000D+00  0.1951D-02  0.3236D+03  0.5319D+02  0.0000D+00  0.6492D+02  0.6046D+02
   0.6733D-01  0.6125D-01  0.0000D+00  0.9731D+03  0.5100D-03  0.5015D-03  0.0000D+00  0.1953D-02  0.3241D+03  0.5369D+02  0.0000D+00  0.6551D+02  0.6101D+02
   0.6784D-01  0.6176D-01  0.0000D+00  0.9745D+03  0.5100D-03  0.5023D-03  0.0000D+00  0.1956D-02  0.3245D+03  0.5419D+02  0.0000D+00  0.6611D+02  0.6157D+02
   0.6835D-01  0.6226D-01  0.0000D+00  0.9760D+03  0.5100D-03  0.5025D-03  0.0000D+00  0.1959D-02  0.3250D+03  0.5469D+02  0.0000D+00  0.6670D+02  0.6212D+02
   0.6886D-01  0.6276D-01  0.0000D+00  0.9774D+03  0.5100D-03  0.5023D-03  0.0000D+00  0.1962D-02  0.3255D+03  0.5518D+02  0.0000D+00  0.6730D+02  0.6268D+02
   0.6937D-01  0.6326D-01  0.0000D+00  0.9788D+03  0.5100D-03  0.5026D-03  0.0000D+00  0.1965D-02  0.3260D+03  0.5568D+02  0.0000D+00  0.6789D+02  0.6323D+02
   0.6988D-01  0.6377D-01  0.0000D+00  0.9802D+03  0.5100D-03  0.5030D-03  0.0000D+00  0.1968D-02  0.3264D+03  0.5618D+02  0.0000D+00  0.6849D+02  0.6379D+02
   0.7039D-01  0.6427D-01  0.0000D+00  0.9816D+03  0.5100D-03  0.5030D-03  0.0000D+00  0.1971D-02  0.3269D+03  0.5668D+02  0.0000D+00  0.6909D+02  0.6434D+02
   0.7090D-01  0.6477D-01  0.0000D+00  0.9829D+03  0.5100D-03  0.5033D-03  0.0000D+00  0.1973D-02  0.3274D+03  0.5718D+02  0.0000D+00  0.6968D+02  0.6490D+02
   0.7141D-01  0.6528D-01  0.0000D+00  0.9843D+03  0.5100D-03  0.5036D-03  0.0000D+00  0.1976D-02  0.3278D+03  0.5769D+02  0.0000D+00  0.7028D+02  0.6545D+02
   0.7192D-01  0.6578D-01  0.0000D+00  0.9856D+03  0.5100D-03  0.5036D-03  0.0000D+00  0.1979D-02  0.3283D+03  0.5819D+02  0.0000D+00  0.7088D+02  0.6601D+02
   0.7243D-01  0.6628D-01  0.0000D+00  0.9870D+03  0.5100D-03  0.5041D-03  0.0000D+00  0.1982D-02  0.3287D+03  0.5869D+02  0.0000D+00  0.7148D+02  0.6657D+02
   0.7294D-01  0.6679D-01  0.0000D+00  0.9883D+03  0.5100D-03  0.5044D-03  0.0000D+00  0.1984D-02  0.3291D+03  0.5920D+02  0.0000D+00  0.7208D+02  0.6713D+02
   0.7345D-01  0.6729D-01  0.0000D+00  0.9896D+03  0.5100D-03  0.5041D-03  0.0000D+00  0.1987D-02  0.3296D+03  0.5970D+02  0.0000D+00  0.7268D+02  0.6768D+02
   0.7396D-01  0.6780D-01  0.0000D+00  0.9909D+03  0.5100D-03  0.5041D-03  0.0000D+00  0.1989D-02  0.3300D+03  0.6021D+02  0.0000D+00  0.7328D+02  0.6824D+02
   0.7447D-01  0.6830D-01  0.0000D+00  0.9922D+03  0.5100D-03  0.5043D-03  0.0000D+00  0.1992D-02  0.3304D+03  0.6071D+02  0.0000D+00  0.7388D+02  0.6880D+02
   0.7498D-01  0.6881D-01  0.0000D+00  0.9935D+03  0.5100D-03  0.5047D-03  0.0000D+00  0.1995D-02  0.3309D+03  0.6122D+02  0.0000D+00  0.7449D+02  0.6936D+02
   0.7549D-01  0.6931D-01  0.0000D+00  0.9948D+03  0.5100D-03  0.5049D-03  0.0000D+00  0.1997D-02  0.3313D+03  0.6173D+02  0.0000D+00  0.7509D+02  0.6992D+02
   0.7600D-01  0.6981D-01  0.0000D+00  0.9960D+03  0.5100D-03  0.5050D-03  0.0000D+00  0.2000D-02  0.3317D+03  0.6224D+02  0.0000D+00  0.7569D+02  0.7048D+02
   0.7651D-01  0.7032D-01  0.0000D+00  0.9973D+03  0.5100D-03  0.5052D-03  0.0000D+00  0.2002D-02  0.3321D+03  0.6274D+02  0.0000D+00  0.7630D+02  0.7104D+02
   0.7702D-01  0.7083D-01  0.0000D+00  0.9985D+03  0.5100D-03  0.5051D-03  0.0000D+00  0.2005D-02  0.3325D+03  0.6325D+02  0.0000D+00  0.7690D+02  0.7160D+02
   0.7753D-01  0.7133D-01  0.0000D+00  0.9997D+03  0.5100D-03  0.5051D-03  0.0000D+00  0.2007D-02  0.3329D+03  0.6376D+02  0.0000D+00  0.7750D+02  0.7216D+02
   0.7804D-01  0.7184D-01  0.0000D+00  0.1001D+04  0.5100D-03  0.5052D-03  0.0000D+00  0.2010D-02  0.3334D+03  0.6427D+02  0.0000D+00  0.7811D+02  0.7272D+02
   0.7855D-01  0.7234D-01  0.0000D+00  0.1002D+04  0.5100D-03  0.5054D-03  0.0000D+00  0.2012D-02  0.3338D+03  0.6478D+02  0.0000D+00  0.7872D+02  0.7328D+02
   0.7906D-01  0.7285D-01  0.0000D+00  0.1003D+04  0.5100D-03  0.5054D-03  0.0000D+00  0.2015D-02  0.3342D+03  0.6530D+02  0.0000D+00  0.7932D+02  0.7384D+02
   0.7957D-01  0.7335D-01  0.0000D+00  0.1005D+04  0.5100D-03  0.5056D-03  0.0000D+00  0.2017D-02  0.3346D+03  0.6581D+02  0.0000D+00  0.7993D+02  0.7440D+02
   0.8008D-01  0.7386D-01  0.0000D+00  0.1006D+04  0.5100D-03  0.5055D-03  0.0000D+00  0.2019D-02  0.3349D+03  0.6632D+02  0.0000D+00  0.8053D+02  0.7496D+02
   0.8059D-01  0.7436D-01  0.0000D+00  0.1007D+04  0.5100D-03  0.5057D-03  0.0000D+00  0.2022D-02  0.3353D+03  0.6684D+02  0.0000D+00  0.8114D+02  0.7553D+02
   0.8110D-01  0.7487D-01  0.0000D+00  0.1008D+04  0.5100D-03  0.5059D-03  0.0000D+00  0.2024D-02  0.3357D+03  0.6735D+02  0.0000D+00  0.8175D+02  0.7609D+02
   0.8161D-01  0.7537D-01  0.0000D+00  0.1009D+04  0.5100D-03  0.5060D-03  0.0000D+00  0.2026D-02  0.3361D+03  0.6786D+02  0.0000D+00  0.8236D+02  0.7665D+02
   0.8212D-01  0.7588D-01  0.0000D+00  0.1010D+04  0.5100D-03  0.5058D-03  0.0000D+00  0.2029D-02  0.3365D+03  0.6838D+02  0.0000D+00  0.8296D+02  0.7721D+02
   0.8263D-01  0.7639D-01  0.0000D+00  0.1011D+04  0.5100D-03  0.5058D-03  0.0000D+00  0.2031D-02  0.3369D+03  0.6890D+02  0.0000D+00  0.8357D+02  0.7778D+02
   0.8314D-01  0.7689D-01  0.0000D+00  0.1013D+04  0.5100D-03  0.5061D-03  0.0000D+00  0.2033D-02  0.3372D+03  0.6941D+02  0.0000D+00  0.8418D+02  0.7834D+02
   0.8365D-01  0.7740D-01  0.0000D+00  0.1014D+04  0.5100D-03  0.5061D-03  0.0000D+00  0.2035D-02  0.3376D+03  0.6993D+02  0.0000D+00  0.8479D+02  0.7890D+02
   0.8416D-01  0.7790D-01  0.0000D+00  0.1015D+04  0.5100D-03  0.5061D-03  0.0000D+00  0.2038D-02  0.3380D+03  0.7045D+02  0.0000D+00  0.8540D+02  0.7947D+02
   0.8467D-01  0.7841D-01  0.0000D+00  0.1016D+04  0.5100D-03  0.5060D-03  0.0000D+00  0.2040D-02  0.3383D+03  0.7096D+02  0.0000D+00  0.8601D+02  0.8003D+02
   0.8518D-01  0.7892D-01  0.0000D+00  0.1017D+04  0.5100D-03  0.5065D-03  0.0000D+00  0.2042D-02  0.3387D+03  0.7148D+02  0.0000D+00  0.8662D+02  0.8060D+02
   0.8569D-01  0.7942D-01  0.0000D+00  0.1018D+04  0.5100D-03  0.5065D-03  0.0000D+00  0.2044D-02  0.3390D+03  0.7200D+02  0.0000D+00  0.8723D+02  0.8116D+02
   0.8620D-01  0.7993D-01  0.0000D+00  0.1019D+04  0.5100D-03  0.5065D-03  0.0000D+00  0.2046D-02  0.3394D+03  0.7252D+02  0.0000D+00  0.8784D+02  0.8172D+02
   0.8671D-01  0.8044D-01  0.0000D+00  0.1020D+04  0.5100D-03  0.5067D-03  0.0000D+00  0.2048D-02  0.3397D+03  0.7304D+02  0.0000D+00  0.8845D+02  0.8229D+02
   0.8722D-01  0.8094D-01  0.0000D+00  0.1021D+04  0.5100D-03  0.5069D-03  0.0000D+00  0.2051D-02  0.3401D+03  0.7356D+02  0.0000D+00  0.8906D+02  0.8285D+02
   0.8773D-01  0.8145D-01  0.0000D+00  0.1022D+04  0.5100D-03  0.5069D-03  0.0000D+00  0.2053D-02  0.3404D+03  0.7408D+02  0.0000D+00  0.8968D+02  0.8342D+02
   0.8824D-01  0.8196D-01  0.0000D+00  0.1023D+04  0.5100D-03  0.5070D-03  0.0000D+00  0.2055D-02  0.3408D+03  0.7461D+02  0.0000D+00  0.9029D+02  0.8399D+02
   0.8875D-01  0.8247D-01  0.0000D+00  0.1024D+04  0.5100D-03  0.5072D-03  0.0000D+00  0.2057D-02  0.3411D+03  0.7513D+02  0.0000D+00  0.9090D+02  0.8455D+02
   0.8926D-01  0.8297D-01  0.0000D+00  0.1025D+04  0.5100D-03  0.5077D-03  0.0000D+00  0.2059D-02  0.3415D+03  0.7565D+02  0.0000D+00  0.9152D+02  0.8512D+02
   0.8977D-01  0.8348D-01  0.0000D+00  0.1026D+04  0.5100D-03  0.5076D-03  0.0000D+00  0.2061D-02  0.3418D+03  0.7618D+02  0.0000D+00  0.9213D+02  0.8569D+02
   0.9028D-01  0.8399D-01  0.0000D+00  0.1027D+04  0.5100D-03  0.5076D-03  0.0000D+00  0.2063D-02  0.3421D+03  0.7670D+02  0.0000D+00  0.9274D+02  0.8625D+02
   0.9079D-01  0.8450D-01  0.0000D+00  0.1028D+04  0.5100D-03  0.5077D-03  0.0000D+00  0.2065D-02  0.3425D+03  0.7722D+02  0.0000D+00  0.9336D+02  0.8682D+02
   0.9130D-01  0.8500D-01  0.0000D+00  0.1029D+04  0.5100D-03  0.5080D-03  0.0000D+00  0.2067D-02  0.3428D+03  0.7775D+02  0.0000D+00  0.9397D+02  0.8739D+02
   0.9181D-01  0.8551D-01  0.0000D+00  0.1030D+04  0.5100D-03  0.5079D-03  0.0000D+00  0.2069D-02  0.3431D+03  0.7827D+02  0.0000D+00  0.9459D+02  0.8796D+02
   0.9232D-01  0.8602D-01  0.0000D+00  0.1031D+04  0.5100D-03  0.5079D-03  0.0000D+00  0.2071D-02  0.3434D+03  0.7880D+02  0.0000D+00  0.9520D+02  0.8852D+02
   0.9283D-01  0.8653D-01  0.0000D+00  0.1032D+04  0.5100D-03  0.5079D-03  0.0000D+00  0.2073D-02  0.3438D+03  0.7933D+02  0.0000D+00  0.9582D+02  0.8909D+02
   0.9334D-01  0.8704D-01  0.0000D+00  0.1033D+04  0.5100D-03  0.5083D-03  0.0000D+00  0.2075D-02  0.3441D+03  0.7985D+02  0.0000D+00  0.9643D+02  0.8966D+02
   0.9385D-01  0.8754D-01  0.0000D+00  0.1034D+04  0.5100D-03  0.5082D-03  0.0000D+00  0.2077D-02  0.3444D+03  0.8038D+02  0.0000D+00  0.9705D+02  0.9023D+02
   0.9436D-01  0.8805D-01  0.0000D+00  0.1035D+04  0.5100D-03  0.5083D-03  0.0000D+00  0.2078D-02  0.3447D+03  0.8091D+02  0.0000D+00  0.9766D+02  0.9080D+02
   0.9487D-01  0.8856D-01  0.0000D+00  0.1036D+04  0.5100D-03  0.5084D-03  0.0000D+00  0.2080D-02  0.3450D+03  0.8144D+02  0.0000D+00  0.9828D+02  0.9136D+02
   0.9538D-01  0.8907D-01  0.0000D+00  0.1037D+04  0.5100D-03  0.5086D-03  0.0000D+00  0.2082D-02  0.3453D+03  0.8197D+02  0.0000D+00  0.9890D+02  0.9193D+02
   0.9589D-01  0.8958D-01  0.0000D+00  0.1038D+04  0.5100D-03  0.5084D-03  0.0000D+00  0.2084D-02  0.3456D+03  0.8250D+02  0.0000D+00  0.9951D+02  0.9250D+02
   0.9640D-01  0.9009D-01  0.0000D+00  0.1039D+04  0.5100D-03  0.5086D-03  0.0000D+00  0.2086D-02  0.3459D+03  0.8303D+02  0.0000D+00  0.1001D+03  0.9307D+02
   0.9691D-01  0.9059D-01  0.0000D+00  0.1040D+04  0.5100D-03  0.5089D-03  0.0000D+00  0.2088D-02  0.3462D+03  0.8356D+02  0.0000D+00  0.1007D+03  0.9364D+02
   0.9742D-01  0.9110D-01  0.0000D+00  0.1041D+04  0.5100D-03  0.5090D-03  0.0000D+00  0.2090D-02  0.3465D+03  0.8409D+02  0.0000D+00  0.1014D+03  0.9421D+02
   0.9793D-01  0.9161D-01  0.0000D+00  0.1041D+04  0.5100D-03  0.5091D-03  0.0000D+00  0.2091D-02  0.3468D+03  0.8462D+02  0.0000D+00  0.1020D+03  0.9478D+02
   0.9844D-01  0.9212D-01  0.0000D+00  0.1042D+04  0.5100D-03  0.5091D-03  0.0000D+00  0.2093D-02  0.3471D+03  0.8515D+02  0.0000D+00  0.1026D+03  0.9535D+02
   0.9895D-01  0.9263D-01  0.0000D+00  0.1043D+04  0.5100D-03  0.5092D-03  0.0000D+00  0.2095D-02  0.3474D+03  0.8568D+02  0.0000D+00  0.1032D+03  0.9592D+02
   0.9946D-01  0.9314D-01  0.0000D+00  0.1044D+04  0.5100D-03  0.5092D-03  0.0000D+00  0.2097D-02  0.3477D+03  0.8621D+02  0.0000D+00  0.1038D+03  0.9649D+02
   0.9997D-01  0.9365D-01  0.0000D+00  0.1045D+04  0.5100D-03  0.5093D-03  0.0000D+00  0.2098D-02  0.3480D+03  0.8675D+02  0.0000D+00  0.1045D+03  0.9706D+02
   0.1005D+00  0.9416D-01  0.0000D+00  0.1046D+04  0.5100D-03  0.5094D-03  0.0000D+00  0.2100D-02  0.3483D+03  0.8728D+02  0.0000D+00  0.1051D+03  0.9763D+02
   0.1010D+00  0.9467D-01  0.0000D+00  0.1047D+04  0.5100D-03  0.5096D-03  0.0000D+00  0.2102D-02  0.3486D+03  0.8781D+02  0.0000D+00  0.1057D+03  0.9821D+02
   0.1015D+00  0.9518D-01  0.0000D+00  0.1048D+04  0.5100D-03  0.5097D-03  0.0000D+00  0.2104D-02  0.3489D+03  0.8835D+02  0.0000D+00  0.1063D+03  0.9878D+02
   0.1020D+00  0.9569D-01  0.0000D+00  0.1048D+04  0.5100D-03  0.5098D-03  0.0000D+00  0.2105D-02  0.3492D+03  0.8888D+02  0.0000D+00  0.1069D+03  0.9935D+02
