 ******************************************************************************
 DP                                                                                                                                                    
 ******************************************************************************
   0.1078E+03  0.0000E+00  0.0000E+00  0.1210E+01  0.1518E+01  0.2887E+00  0.8673E-01  0.6364E-01  0.6058E-01  0.6607E-01  0.7495E-01  0.5671E-01  0.1078E+03  0.0000E+00  0.0000E+00  0.1210E+01  0.1518E+01  0.2887E+00  0.8673E-01  0.6364E-01  0.6058E-01  0.6607E-01  0.7495E-01  0.5671E-01  0.2003E+00
   0.1078E+03  0.0000E+00  0.0000E+00  0.1210E+01  0.1518E+01  0.2886E+00  0.8678E-01  0.6362E-01  0.6057E-01  0.6607E-01  0.7496E-01  0.5672E-01  0.2157E+03  0.2949E-06  0.4674E-06  0.2420E+01  0.3035E+01  0.5773E+00  0.8675E-01  0.6363E-01  0.6058E-01  0.6607E-01  0.7495E-01  0.5671E-01  0.2003E+00
   0.5781E+02 -0.2949E-06 -0.4674E-06  0.1635E+01  0.7011E+00 -0.3875E+00  0.2855E+00  0.1958E+00  0.2081E+00  0.1639E+00  0.7869E-01  0.7659E-01  0.2735E+03 -0.3049E-03  0.2986E-02  0.4055E+01  0.3727E+01  0.1901E+00  0.1091E+00  0.7901E-01  0.8209E-01  0.8605E-01  0.7348E-01  0.5607E-01  0.2346E+00
   0.4557E+02  0.3049E-03 -0.2986E-02  0.9742E+00  0.1961E+00  0.2860E+00  0.3789E+00  0.2371E+00  0.2649E+00  0.1670E+00  0.6224E-01  0.6256E-01  0.3190E+03 -0.3275E-03  0.3604E-02  0.5029E+01  0.3914E+01  0.4778E+00  0.1450E+00  0.9796E-01  0.1040E+00  0.9695E-01  0.6837E-01  0.5485E-01  0.2464E+00
   0.4160E+02  0.3275E-03 -0.3604E-02  0.3209E+00  0.5229E+00  0.3049E+00  0.4161E+00  0.2378E+00  0.2808E+00  0.1479E+00  0.5900E-01  0.6656E-01  0.3606E+03 -0.8871E-03  0.4237E-02  0.5350E+01  0.4426E+01  0.7847E+00  0.1746E+00  0.1110E+00  0.1209E+00  0.1015E+00  0.6443E-01  0.5423E-01  0.2497E+00
   0.3511E+02  0.8871E-03 -0.4237E-02 -0.7452E-01  0.5129E+00  0.1131E+00  0.4788E+00  0.2354E+00  0.2666E+00  0.6880E-01  0.5206E-01  0.6115E-01  0.3957E+03 -0.3139E-02  0.6438E-02  0.5274E+01  0.4929E+01  0.9012E+00  0.2002E+00  0.1177E+00  0.1309E+00  0.9699E-01  0.6130E-01  0.5339E-01  0.2643E+00
   0.3352E+02  0.3139E-02 -0.6438E-02  0.1262E+00  0.2604E+00 -0.7245E-01  0.4934E+00  0.2370E+00  0.2600E+00  0.4710E-01  0.4361E-01  0.5249E-01  0.4293E+03 -0.2618E-02  0.5934E-02  0.5398E+01  0.5180E+01  0.8318E+00  0.2223E+00  0.1239E+00  0.1389E+00  0.9232E-01  0.5847E-01  0.5206E-01  0.2632E+00
   0.3270E+02  0.2618E-02 -0.5934E-02  0.8114E-01  0.1106E+00  0.6204E-02  0.5040E+00  0.2380E+00  0.2611E+00  0.4098E-01  0.3772E-01  0.4437E-01  0.4620E+03 -0.2843E-02  0.6044E-02  0.5477E+01  0.5280E+01  0.8409E+00  0.2418E+00  0.1296E+00  0.1461E+00  0.8819E-01  0.5612E-01  0.5063E-01  0.2607E+00
   0.3213E+02  0.2843E-02 -0.6044E-02  0.6851E-01  0.3330E-01 -0.5456E-01  0.5128E+00  0.2425E+00  0.2623E+00  0.3808E-01  0.3525E-01  0.3868E-01  0.4941E+03 -0.3388E-02  0.6291E-02  0.5544E+01  0.5302E+01  0.7887E+00  0.2590E+00  0.1352E+00  0.1526E+00  0.8459E-01  0.5414E-01  0.4916E-01  0.2593E+00
   0.3162E+02  0.3388E-02 -0.6291E-02  0.6272E-01  0.3460E-01 -0.1025E+00  0.5193E+00  0.2470E+00  0.2638E+00  0.3869E-01  0.3449E-01  0.3789E-01  0.5257E+03 -0.3597E-02  0.6360E-02  0.5604E+01  0.5324E+01  0.6887E+00  0.2744E+00  0.1406E+00  0.1585E+00  0.8153E-01  0.5245E-01  0.4786E-01  0.2587E+00
   0.3117E+02  0.3597E-02 -0.6360E-02  0.8140E-01  0.4520E-01 -0.2168E-01  0.5252E+00  0.2484E+00  0.2659E+00  0.3966E-01  0.3331E-01  0.3585E-01  0.5569E+03 -0.4046E-02  0.6771E-02  0.5683E+01  0.5356E+01  0.6691E+00  0.2882E+00  0.1456E+00  0.1639E+00  0.7883E-01  0.5099E-01  0.4654E-01  0.2584E+00
   0.1754E+02  0.4046E-02 -0.6771E-02  0.6559E+00  0.9359E-01 -0.2585E+00  0.4756E+00  0.3363E+00  0.3653E+00  0.2277E+00  0.9686E-01  0.9230E-01  0.5744E+03 -0.2715E-02  0.5473E-02  0.6337E+01  0.5424E+01  0.3950E+00  0.2884E+00  0.1467E+00  0.1645E+00  0.7901E-01  0.5049E-01  0.4609E-01  0.2439E+00
   0.1153E+02  0.2715E-02 -0.5473E-02  0.6067E+00  0.3332E-02 -0.5161E+00  0.3092E+00  0.3731E+00  0.3788E+00  0.3116E+00  0.1603E+00  0.1653E+00  0.5859E+03 -0.2642E-02  0.4585E-02  0.6941E+01  0.5409E+01 -0.1369E+00  0.2847E+00  0.1460E+00  0.1636E+00  0.8033E-01  0.5065E-01  0.4643E-01  0.2316E+00
   0.1033E+02  0.2642E-02 -0.4585E-02  0.6079E+00  0.2834E-01 -0.5454E+00  0.1883E+00  0.3567E+00  0.3599E+00  0.3174E+00  0.2009E+00  0.1829E+00  0.5963E+03 -0.2212E-02  0.4671E-02  0.7547E+01  0.5419E+01 -0.6994E+00  0.2801E+00  0.1449E+00  0.1626E+00  0.8173E-01  0.5123E-01  0.4700E-01  0.2301E+00
   0.9961E+01  0.2212E-02 -0.4671E-02  0.5409E+00  0.4331E-01 -0.5035E+00  0.1846E+00  0.3629E+00  0.3678E+00  0.3170E+00  0.2033E+00  0.1857E+00  0.6062E+03 -0.2316E-02  0.5256E-02  0.8086E+01  0.5446E+01 -0.1221E+01  0.2758E+00  0.1442E+00  0.1618E+00  0.8341E-01  0.5201E-01  0.4772E-01  0.2271E+00
   0.9556E+01  0.2316E-02 -0.5256E-02  0.4939E+00  0.3995E-01 -0.3829E+00  0.1780E+00  0.3648E+00  0.3689E+00  0.3239E+00  0.2086E+00  0.1831E+00  0.6158E+03 -0.2127E-02  0.5559E-02  0.8578E+01  0.5469E+01 -0.1620E+01  0.2717E+00  0.1437E+00  0.1612E+00  0.8528E-01  0.5298E-01  0.4849E-01  0.2286E+00
   0.9251E+01  0.2127E-02 -0.5559E-02  0.4403E+00  0.9641E-01 -0.4052E+00  0.1841E+00  0.3665E+00  0.3728E+00  0.3212E+00  0.2056E+00  0.1882E+00  0.6250E+03 -0.2285E-02  0.6322E-02  0.9017E+01  0.5549E+01 -0.2043E+01  0.2679E+00  0.1433E+00  0.1609E+00  0.8718E-01  0.5401E-01  0.4936E-01  0.2269E+00
   0.8922E+01  0.2285E-02 -0.6322E-02  0.5137E+00  0.1629E+00 -0.3711E+00  0.1860E+00  0.3573E+00  0.3699E+00  0.3211E+00  0.2010E+00  0.1873E+00  0.6339E+03 -0.2142E-02  0.6434E-02  0.9529E+01  0.5694E+01 -0.2433E+01  0.2641E+00  0.1431E+00  0.1607E+00  0.8908E-01  0.5501E-01  0.5031E-01  0.2274E+00
   0.8503E+01  0.2142E-02 -0.6434E-02  0.3814E+00  0.1137E+00 -0.3241E+00  0.1906E+00  0.3674E+00  0.3881E+00  0.3247E+00  0.2028E+00  0.1811E+00  0.6424E+03 -0.1872E-02  0.6814E-02  0.9908E+01  0.5789E+01 -0.2773E+01  0.2608E+00  0.1431E+00  0.1608E+00  0.9106E-01  0.5607E-01  0.5116E-01  0.2261E+00
   0.8029E+01  0.1872E-02 -0.6814E-02  0.2924E+00  0.1405E+00 -0.3419E+00  0.1990E+00  0.3703E+00  0.3885E+00  0.3192E+00  0.1993E+00  0.1840E+00  0.6505E+03 -0.1923E-02  0.6991E-02  0.1020E+02  0.5910E+01 -0.3128E+01  0.2575E+00  0.1431E+00  0.1609E+00  0.9297E-01  0.5710E-01  0.5206E-01  0.2238E+00
   0.7737E+01  0.1923E-02 -0.6991E-02  0.2627E+00  0.1408E+00 -0.3286E+00  0.2007E+00  0.3754E+00  0.3931E+00  0.3245E+00  0.1993E+00  0.1843E+00  0.6582E+03 -0.1566E-02  0.7150E-02  0.1046E+02  0.6031E+01 -0.3467E+01  0.2545E+00  0.1434E+00  0.1612E+00  0.9491E-01  0.5812E-01  0.5298E-01  0.2228E+00
   0.7369E+01  0.1566E-02 -0.7150E-02  0.2669E+00  0.1244E+00 -0.2514E+00  0.1980E+00  0.3757E+00  0.3909E+00  0.3267E+00  0.2013E+00  0.1762E+00  0.6656E+03 -0.1563E-02  0.7647E-02  0.1073E+02  0.6138E+01 -0.3730E+01  0.2516E+00  0.1437E+00  0.1615E+00  0.9679E-01  0.5913E-01  0.5374E-01  0.2225E+00
   0.7037E+01  0.1563E-02 -0.7647E-02  0.2551E+00  0.8383E-01 -0.2460E+00  0.2037E+00  0.3798E+00  0.3941E+00  0.3319E+00  0.1958E+00  0.1755E+00  0.6726E+03 -0.1171E-02  0.7510E-02  0.1098E+02  0.6202E+01 -0.3985E+01  0.2489E+00  0.1440E+00  0.1619E+00  0.9868E-01  0.6007E-01  0.5447E-01  0.2214E+00
   0.6809E+01  0.1171E-02 -0.7510E-02  0.2691E+00  0.2074E-01 -0.2727E+00  0.2033E+00  0.3787E+00  0.3993E+00  0.3386E+00  0.1944E+00  0.1768E+00  0.6794E+03 -0.8253E-03  0.7590E-02  0.1125E+02  0.6203E+01 -0.4269E+01  0.2463E+00  0.1444E+00  0.1624E+00  0.1006E+00  0.6095E-01  0.5522E-01  0.2205E+00
   0.6555E+01  0.8253E-03 -0.7590E-02  0.2478E+00  0.2512E-01 -0.2912E+00  0.2069E+00  0.3744E+00  0.3963E+00  0.3403E+00  0.1930E+00  0.1761E+00  0.6859E+03 -0.5561E-03  0.7815E-02  0.1149E+02  0.6207E+01 -0.4571E+01  0.2438E+00  0.1449E+00  0.1629E+00  0.1025E+00  0.6180E-01  0.5593E-01  0.2194E+00
   0.6298E+01  0.5561E-03 -0.7815E-02  0.2057E+00  0.5663E-01 -0.2628E+00  0.2022E+00  0.3807E+00  0.3954E+00  0.3366E+00  0.1916E+00  0.1749E+00  0.6922E+03 -0.3943E-03  0.7642E-02  0.1170E+02  0.6241E+01 -0.4843E+01  0.2414E+00  0.1453E+00  0.1635E+00  0.1043E+00  0.6257E-01  0.5663E-01  0.2189E+00
   0.6076E+01  0.3943E-03 -0.7642E-02  0.2011E+00  0.1010E+00 -0.1971E+00  0.2064E+00  0.3812E+00  0.3970E+00  0.3373E+00  0.1960E+00  0.1738E+00  0.6983E+03 -0.4128E-03  0.7886E-02  0.1190E+02  0.6319E+01 -0.5050E+01  0.2391E+00  0.1459E+00  0.1640E+00  0.1060E+00  0.6335E-01  0.5732E-01  0.2182E+00
   0.5809E+01  0.4128E-03 -0.7886E-02  0.2058E+00  0.7934E-01 -0.1864E+00  0.2060E+00  0.3847E+00  0.3998E+00  0.3364E+00  0.1972E+00  0.1742E+00  0.7041E+03 -0.5482E-03  0.8311E-02  0.1210E+02  0.6376E+01 -0.5247E+01  0.2370E+00  0.1464E+00  0.1647E+00  0.1077E+00  0.6411E-01  0.5798E-01  0.2184E+00
   0.5554E+01  0.5482E-03 -0.8311E-02  0.2259E+00  0.6504E-01 -0.1446E+00  0.2061E+00  0.3836E+00  0.3996E+00  0.3382E+00  0.1955E+00  0.1794E+00  0.7097E+03 -0.6328E-03  0.8411E-02  0.1232E+02  0.6418E+01 -0.5399E+01  0.2350E+00  0.1470E+00  0.1653E+00  0.1093E+00  0.6484E-01  0.5865E-01  0.2169E+00
   0.5464E+01  0.6328E-03 -0.8411E-02  0.2257E+00  0.7239E-01 -0.1250E+00  0.2067E+00  0.3842E+00  0.3999E+00  0.3398E+00  0.1945E+00  0.1809E+00  0.7151E+03 -0.4895E-03  0.8534E-02  0.1255E+02  0.6467E+01 -0.5531E+01  0.2331E+00  0.1476E+00  0.1660E+00  0.1109E+00  0.6555E-01  0.5932E-01  0.2169E+00
   0.5261E+01  0.4895E-03 -0.8534E-02  0.2136E+00  0.1199E+00 -0.1087E+00  0.2077E+00  0.3811E+00  0.4014E+00  0.3396E+00  0.1904E+00  0.1803E+00  0.7204E+03 -0.3889E-03  0.8416E-02  0.1276E+02  0.6565E+01 -0.5647E+01  0.2313E+00  0.1482E+00  0.1668E+00  0.1124E+00  0.6618E-01  0.5999E-01  0.2168E+00
   0.5138E+01  0.3889E-03 -0.8416E-02  0.2344E+00  0.1043E+00 -0.8598E-01  0.2106E+00  0.3828E+00  0.4047E+00  0.3418E+00  0.1880E+00  0.1809E+00  0.7255E+03 -0.1236E-03  0.8467E-02  0.1299E+02  0.6647E+01 -0.5739E+01  0.2295E+00  0.1488E+00  0.1676E+00  0.1140E+00  0.6679E-01  0.6065E-01  0.2165E+00
   0.4933E+01  0.1236E-03 -0.8467E-02  0.2573E+00  0.9070E-01 -0.9609E-01  0.2121E+00  0.3817E+00  0.3977E+00  0.3430E+00  0.1895E+00  0.1780E+00  0.7304E+03 -0.9190E-04  0.8601E-02  0.1325E+02  0.6716E+01 -0.5843E+01  0.2279E+00  0.1494E+00  0.1683E+00  0.1154E+00  0.6741E-01  0.6123E-01  0.2161E+00
   0.4825E+01  0.9190E-04 -0.8601E-02  0.2571E+00  0.1077E+00 -0.7419E-01  0.2156E+00  0.3845E+00  0.4020E+00  0.3466E+00  0.1852E+00  0.1765E+00  0.7352E+03 -0.2114E-03  0.8759E-02  0.1350E+02  0.6804E+01 -0.5924E+01  0.2262E+00  0.1501E+00  0.1690E+00  0.1169E+00  0.6794E-01  0.6179E-01  0.2166E+00
   0.4602E+01  0.2114E-03 -0.8759E-02  0.2498E+00  0.9647E-01 -0.1056E+00  0.2144E+00  0.3841E+00  0.4006E+00  0.3497E+00  0.1815E+00  0.1833E+00  0.7398E+03 -0.3624E-03  0.8982E-02  0.1375E+02  0.6881E+01 -0.6036E+01  0.2247E+00  0.1507E+00  0.1697E+00  0.1183E+00  0.6843E-01  0.6237E-01  0.2151E+00
   0.4486E+01  0.3624E-03 -0.8982E-02  0.2555E+00  0.8750E-01 -0.1261E+00  0.2112E+00  0.3852E+00  0.3978E+00  0.3514E+00  0.1843E+00  0.1804E+00  0.7443E+03 -0.5345E-03  0.9151E-02  0.1401E+02  0.6950E+01 -0.6169E+01  0.2233E+00  0.1514E+00  0.1704E+00  0.1197E+00  0.6893E-01  0.6290E-01  0.2151E+00
   0.4376E+01  0.5345E-03 -0.9151E-02  0.2600E+00  0.1037E+00 -0.8933E-01  0.2127E+00  0.3847E+00  0.3987E+00  0.3528E+00  0.1871E+00  0.1750E+00  0.7487E+03 -0.3560E-03  0.9225E-02  0.1427E+02  0.7034E+01 -0.6265E+01  0.2219E+00  0.1520E+00  0.1711E+00  0.1211E+00  0.6943E-01  0.6339E-01  0.2145E+00
   0.4263E+01  0.3560E-03 -0.9225E-02  0.2555E+00  0.7309E-01 -0.8033E-01  0.2131E+00  0.3859E+00  0.3996E+00  0.3542E+00  0.1876E+00  0.1750E+00  0.7529E+03 -0.3590E-03  0.9382E-02  0.1452E+02  0.7089E+01 -0.6352E+01  0.2206E+00  0.1527E+00  0.1718E+00  0.1224E+00  0.6992E-01  0.6387E-01  0.2138E+00
   0.4087E+01  0.3590E-03 -0.9382E-02  0.2389E+00  0.5589E-01 -0.4839E-01  0.2126E+00  0.3855E+00  0.4009E+00  0.3534E+00  0.1900E+00  0.1745E+00  0.7570E+03 -0.4640E-03  0.9308E-02  0.1476E+02  0.7126E+01 -0.6407E+01  0.2194E+00  0.1533E+00  0.1725E+00  0.1237E+00  0.7042E-01  0.6435E-01  0.2129E+00
   0.4017E+01  0.4640E-03 -0.9308E-02  0.2265E+00  0.4891E-01 -0.5376E-01  0.2151E+00  0.3853E+00  0.4005E+00  0.3543E+00  0.1928E+00  0.1739E+00  0.7610E+03 -0.4816E-03  0.9555E-02  0.1498E+02  0.7155E+01 -0.6466E+01  0.2182E+00  0.1540E+00  0.1732E+00  0.1249E+00  0.7091E-01  0.6482E-01  0.2133E+00
   0.3926E+01  0.4816E-03 -0.9555E-02  0.2110E+00  0.4990E-01 -0.6683E-01  0.2181E+00  0.3795E+00  0.4039E+00  0.3572E+00  0.1893E+00  0.1759E+00  0.7649E+03 -0.2817E-03  0.9400E-02  0.1519E+02  0.7185E+01 -0.6539E+01  0.2171E+00  0.1546E+00  0.1740E+00  0.1261E+00  0.7133E-01  0.6529E-01  0.2129E+00
   0.3885E+01  0.2817E-03 -0.9400E-02  0.2025E+00  0.6573E-01 -0.6609E-01  0.2166E+00  0.3799E+00  0.4044E+00  0.3573E+00  0.1893E+00  0.1777E+00  0.7688E+03 -0.3244E-03  0.9565E-02  0.1539E+02  0.7232E+01 -0.6611E+01  0.2160E+00  0.1552E+00  0.1747E+00  0.1273E+00  0.7175E-01  0.6575E-01  0.2143E+00
   0.3700E+01  0.3244E-03 -0.9565E-02  0.2237E+00  0.4774E-01 -0.5628E-01  0.2168E+00  0.3829E+00  0.4034E+00  0.3571E+00  0.1941E+00  0.1731E+00  0.7725E+03 -0.1648E-03  0.9495E-02  0.1561E+02  0.7259E+01 -0.6673E+01  0.2150E+00  0.1558E+00  0.1754E+00  0.1285E+00  0.7215E-01  0.6615E-01  0.2128E+00
   0.3530E+01  0.1648E-03 -0.9495E-02  0.2136E+00  0.6063E-01 -0.7317E-01  0.2183E+00  0.3835E+00  0.4059E+00  0.3579E+00  0.1918E+00  0.1725E+00  0.7760E+03  0.7629E-05  0.9450E-02  0.1583E+02  0.7298E+01 -0.6753E+01  0.2140E+00  0.1564E+00  0.1761E+00  0.1296E+00  0.7254E-01  0.6654E-01  0.2123E+00
   0.3418E+01 -0.7629E-05 -0.9450E-02  0.1937E+00  0.6149E-01 -0.4038E-01  0.2195E+00  0.3811E+00  0.4010E+00  0.3540E+00  0.1934E+00  0.1674E+00  0.7794E+03  0.3576E-04  0.9325E-02  0.1602E+02  0.7338E+01 -0.6798E+01  0.2130E+00  0.1570E+00  0.1768E+00  0.1306E+00  0.7289E-01  0.6686E-01  0.2124E+00
   0.3374E+01 -0.3576E-04 -0.9325E-02  0.2105E+00  0.8218E-01 -0.1223E-01  0.2193E+00  0.3812E+00  0.3965E+00  0.3538E+00  0.1963E+00  0.1611E+00  0.7828E+03 -0.7381E-04  0.9462E-02  0.1623E+02  0.7398E+01 -0.6815E+01  0.2121E+00  0.1575E+00  0.1774E+00  0.1316E+00  0.7324E-01  0.6715E-01  0.2119E+00
   0.3277E+01  0.7381E-04 -0.9462E-02  0.1918E+00  0.8109E-01 -0.1343E-01  0.2172E+00  0.3826E+00  0.3981E+00  0.3563E+00  0.2058E+00  0.1673E+00  0.7861E+03 -0.1666E-03  0.9480E-02  0.1642E+02  0.7461E+01 -0.6831E+01  0.2112E+00  0.1581E+00  0.1781E+00  0.1327E+00  0.7359E-01  0.6743E-01  0.2136E+00
   0.3214E+01  0.1666E-03 -0.9480E-02  0.1865E+00  0.5951E-01 -0.2023E-01  0.2129E+00  0.3858E+00  0.4013E+00  0.3602E+00  0.1991E+00  0.1635E+00  0.7893E+03 -0.2627E-03  0.9730E-02  0.1660E+02  0.7499E+01 -0.6855E+01  0.2104E+00  0.1587E+00  0.1787E+00  0.1337E+00  0.7394E-01  0.6771E-01  0.2119E+00
   0.3163E+01  0.2627E-03 -0.9730E-02  0.1745E+00  0.5229E-01 -0.1190E-01  0.2167E+00  0.3871E+00  0.4002E+00  0.3599E+00  0.1957E+00  0.1631E+00  0.7924E+03 -0.8540E-04  0.9915E-02  0.1677E+02  0.7530E+01 -0.6872E+01  0.2095E+00  0.1593E+00  0.1794E+00  0.1346E+00  0.7427E-01  0.6798E-01  0.2112E+00
   0.3096E+01  0.8540E-04 -0.9915E-02  0.1745E+00  0.2921E-01  0.1521E-01  0.2131E+00  0.3859E+00  0.3994E+00  0.3565E+00  0.1927E+00  0.1667E+00  0.7955E+03 -0.2938E-03  0.1000E-01  0.1695E+02  0.7538E+01 -0.6859E+01  0.2087E+00  0.1599E+00  0.1800E+00  0.1356E+00  0.7458E-01  0.6821E-01  0.2112E+00
   0.3052E+01  0.2938E-03 -0.1000E-01  0.1720E+00  0.1902E-01  0.2978E-01  0.2176E+00  0.3837E+00  0.3985E+00  0.3543E+00  0.1912E+00  0.1684E+00  0.7985E+03 -0.1171E-03  0.1002E-01  0.1712E+02  0.7535E+01 -0.6831E+01  0.2079E+00  0.1604E+00  0.1806E+00  0.1365E+00  0.7488E-01  0.6844E-01  0.2111E+00
   0.2993E+01  0.1171E-03 -0.1002E-01  0.1860E+00  0.3842E-01  0.6134E-01  0.2148E+00  0.3806E+00  0.3902E+00  0.3553E+00  0.1943E+00  0.1652E+00  0.8015E+03 -0.2266E-03  0.1019E-01  0.1730E+02  0.7551E+01 -0.6772E+01  0.2072E+00  0.1610E+00  0.1812E+00  0.1374E+00  0.7517E-01  0.6864E-01  0.2105E+00
   0.2910E+01  0.2266E-03 -0.1019E-01  0.1804E+00  0.2938E-01  0.6272E-01  0.2110E+00  0.3794E+00  0.3898E+00  0.3563E+00  0.1930E+00  0.1649E+00  0.8044E+03 -0.3475E-03  0.1032E-01  0.1748E+02  0.7558E+01 -0.6712E+01  0.2064E+00  0.1615E+00  0.1817E+00  0.1383E+00  0.7546E-01  0.6883E-01  0.2101E+00
   0.2853E+01  0.3475E-03 -0.1032E-01  0.1753E+00  0.3988E-01  0.6567E-01  0.2147E+00  0.3779E+00  0.3888E+00  0.3546E+00  0.1913E+00  0.1636E+00  0.8073E+03 -0.2746E-03  0.1039E-01  0.1765E+02  0.7575E+01 -0.6649E+01  0.2057E+00  0.1620E+00  0.1822E+00  0.1391E+00  0.7574E-01  0.6902E-01  0.2101E+00
   0.2804E+01  0.2746E-03 -0.1039E-01  0.1691E+00  0.3628E-01  0.6188E-01  0.2101E+00  0.3775E+00  0.3881E+00  0.3552E+00  0.1917E+00  0.1633E+00  0.8101E+03 -0.2035E-03  0.1038E-01  0.1782E+02  0.7589E+01 -0.6589E+01  0.2050E+00  0.1626E+00  0.1828E+00  0.1400E+00  0.7602E-01  0.6921E-01  0.2099E+00
   0.2734E+01  0.2035E-03 -0.1038E-01  0.1599E+00  0.5035E-01  0.6374E-01  0.2099E+00  0.3788E+00  0.3894E+00  0.3538E+00  0.1926E+00  0.1637E+00  0.8128E+03 -0.4838E-03  0.1057E-01  0.1798E+02  0.7616E+01 -0.6526E+01  0.2043E+00  0.1631E+00  0.1833E+00  0.1408E+00  0.7630E-01  0.6937E-01  0.2107E+00
   0.2676E+01  0.4838E-03 -0.1057E-01  0.1468E+00  0.2770E-01  0.6931E-01  0.2148E+00  0.3742E+00  0.3902E+00  0.3499E+00  0.1926E+00  0.1626E+00  0.8154E+03 -0.4934E-03  0.1067E-01  0.1812E+02  0.7619E+01 -0.6457E+01  0.2037E+00  0.1636E+00  0.1838E+00  0.1416E+00  0.7655E-01  0.6953E-01  0.2091E+00
   0.2616E+01  0.4934E-03 -0.1067E-01  0.1301E+00  0.2524E-01  0.6251E-01  0.2087E+00  0.3749E+00  0.3896E+00  0.3518E+00  0.1898E+00  0.1632E+00  0.8181E+03 -0.5503E-03  0.1077E-01  0.1825E+02  0.7619E+01 -0.6395E+01  0.2031E+00  0.1641E+00  0.1843E+00  0.1423E+00  0.7680E-01  0.6970E-01  0.2095E+00
   0.2588E+01  0.5503E-03 -0.1077E-01  0.1256E+00  0.2604E-01  0.6330E-01  0.2107E+00  0.3739E+00  0.3891E+00  0.3509E+00  0.1888E+00  0.1622E+00  0.8206E+03 -0.5240E-03  0.1089E-01  0.1838E+02  0.7621E+01 -0.6331E+01  0.2025E+00  0.1646E+00  0.1848E+00  0.1431E+00  0.7703E-01  0.6986E-01  0.2092E+00
   0.2557E+01  0.5240E-03 -0.1089E-01  0.1223E+00  0.2719E-01  0.4837E-01  0.2089E+00  0.3745E+00  0.3894E+00  0.3526E+00  0.1893E+00  0.1625E+00  0.8232E+03 -0.6616E-03  0.1108E-01  0.1850E+02  0.7625E+01 -0.6283E+01  0.2019E+00  0.1651E+00  0.1853E+00  0.1438E+00  0.7727E-01  0.7003E-01  0.2092E+00
   0.2538E+01  0.6616E-03 -0.1108E-01  0.1245E+00  0.9295E-02  0.3397E-01  0.2104E+00  0.3745E+00  0.3901E+00  0.3523E+00  0.1887E+00  0.1626E+00  0.8257E+03 -0.4654E-03  0.1099E-01  0.1862E+02  0.7609E+01 -0.6249E+01  0.2013E+00  0.1656E+00  0.1858E+00  0.1445E+00  0.7750E-01  0.7019E-01  0.2091E+00
   0.2546E+01  0.4654E-03 -0.1099E-01  0.1091E+00  0.1201E-01  0.1631E-01  0.2085E+00  0.3732E+00  0.3817E+00  0.3511E+00  0.1857E+00  0.1669E+00  0.8282E+03 -0.7151E-03  0.1152E-01  0.1873E+02  0.7598E+01 -0.6234E+01  0.2008E+00  0.1661E+00  0.1863E+00  0.1452E+00  0.7773E-01  0.7033E-01  0.2089E+00
   0.2596E+01  0.7151E-03 -0.1152E-01  0.9631E-01 -0.5279E-02  0.4123E-02  0.2113E+00  0.3715E+00  0.3805E+00  0.3489E+00  0.1849E+00  0.1654E+00  0.8308E+03 -0.6559E-03  0.1159E-01  0.1882E+02  0.7569E+01 -0.6231E+01  0.2003E+00  0.1665E+00  0.1867E+00  0.1459E+00  0.7795E-01  0.7047E-01  0.2091E+00
   0.2670E+01  0.6559E-03 -0.1159E-01  0.1090E+00 -0.4304E-01  0.1014E-01  0.2085E+00  0.3709E+00  0.3814E+00  0.3466E+00  0.1843E+00  0.1666E+00  0.8335E+03 -0.6116E-03  0.1144E-01  0.1893E+02  0.7501E+01 -0.6224E+01  0.1997E+00  0.1670E+00  0.1872E+00  0.1466E+00  0.7816E-01  0.7061E-01  0.2084E+00
   0.2716E+01  0.6116E-03 -0.1144E-01  0.1162E+00 -0.2591E-01  0.7542E-02  0.2065E+00  0.3734E+00  0.3825E+00  0.3492E+00  0.1850E+00  0.1678E+00  0.8362E+03 -0.6447E-03  0.1153E-01  0.1905E+02  0.7450E+01 -0.6218E+01  0.1993E+00  0.1675E+00  0.1876E+00  0.1473E+00  0.7836E-01  0.7076E-01  0.2078E+00
   0.2709E+01  0.6447E-03 -0.1153E-01  0.1064E+00 -0.2513E-01 -0.7382E-02  0.2097E+00  0.3738E+00  0.3844E+00  0.3489E+00  0.1851E+00  0.1626E+00  0.8389E+03 -0.8376E-03  0.1155E-01  0.1915E+02  0.7400E+01 -0.6229E+01  0.1988E+00  0.1680E+00  0.1881E+00  0.1480E+00  0.7856E-01  0.7087E-01  0.2081E+00
   0.2702E+01  0.8376E-03 -0.1155E-01  0.1059E+00 -0.2909E-01  0.1702E-02  0.2111E+00  0.3720E+00  0.3823E+00  0.3451E+00  0.1839E+00  0.1612E+00  0.8416E+03 -0.3945E-03  0.1124E-01  0.1926E+02  0.7346E+01 -0.6231E+01  0.1983E+00  0.1685E+00  0.1885E+00  0.1486E+00  0.7876E-01  0.7099E-01  0.2081E+00
   0.2677E+01  0.3945E-03 -0.1124E-01  0.9423E-01 -0.2139E-01  0.1866E-01  0.2053E+00  0.3699E+00  0.3852E+00  0.3443E+00  0.1863E+00  0.1621E+00  0.8442E+03 -0.8083E-03  0.1157E-01  0.1935E+02  0.7298E+01 -0.6216E+01  0.1978E+00  0.1689E+00  0.1890E+00  0.1493E+00  0.7895E-01  0.7109E-01  0.2081E+00
   0.2649E+01  0.8083E-03 -0.1157E-01  0.8602E-01 -0.3356E-01  0.2340E-01  0.2114E+00  0.3716E+00  0.3865E+00  0.3440E+00  0.1812E+00  0.1613E+00  0.8469E+03 -0.6559E-03  0.1140E-01  0.1943E+02  0.7238E+01 -0.6196E+01  0.1974E+00  0.1694E+00  0.1894E+00  0.1499E+00  0.7912E-01  0.7119E-01  0.2078E+00
   0.2607E+01  0.6559E-03 -0.1140E-01  0.7436E-01 -0.2631E-01  0.2550E-01  0.2107E+00  0.3716E+00  0.3893E+00  0.3390E+00  0.1816E+00  0.1621E+00  0.8495E+03 -0.2679E-03  0.1117E-01  0.1951E+02  0.7186E+01 -0.6175E+01  0.1969E+00  0.1698E+00  0.1899E+00  0.1505E+00  0.7927E-01  0.7129E-01  0.2067E+00
   0.2579E+01  0.2679E-03 -0.1117E-01  0.7288E-01 -0.3576E-01  0.2271E-01  0.2141E+00  0.3695E+00  0.3876E+00  0.3372E+00  0.1779E+00  0.1597E+00  0.8520E+03 -0.3618E-03  0.1131E-01  0.1958E+02  0.7123E+01 -0.6157E+01  0.1965E+00  0.1702E+00  0.1903E+00  0.1510E+00  0.7941E-01  0.7137E-01  0.2064E+00
   0.2551E+01  0.3618E-03 -0.1131E-01  0.8271E-01 -0.2893E-01  0.1693E-01  0.2099E+00  0.3705E+00  0.3893E+00  0.3380E+00  0.1792E+00  0.1587E+00  0.8546E+03 -0.8764E-03  0.1182E-01  0.1966E+02  0.7067E+01 -0.6144E+01  0.1961E+00  0.1707E+00  0.1907E+00  0.1516E+00  0.7955E-01  0.7146E-01  0.2059E+00
   0.2522E+01  0.8764E-03 -0.1182E-01  0.8569E-01 -0.2843E-01  0.1643E-01  0.2102E+00  0.3706E+00  0.3879E+00  0.3376E+00  0.1787E+00  0.1580E+00  0.8571E+03 -0.9130E-03  0.1195E-01  0.1975E+02  0.7011E+01 -0.6132E+01  0.1957E+00  0.1711E+00  0.1912E+00  0.1522E+00  0.7970E-01  0.7155E-01  0.2063E+00
   0.2514E+01  0.9130E-03 -0.1195E-01  0.8361E-01 -0.2048E-01  0.2226E-01  0.2132E+00  0.3720E+00  0.3889E+00  0.3374E+00  0.1765E+00  0.1579E+00  0.8596E+03 -0.9587E-03  0.1204E-01  0.1983E+02  0.6963E+01 -0.6114E+01  0.1953E+00  0.1715E+00  0.1916E+00  0.1527E+00  0.7984E-01  0.7163E-01  0.2062E+00
   0.2518E+01  0.9587E-03 -0.1204E-01  0.7567E-01 -0.3498E-01  0.2545E-01  0.2131E+00  0.3710E+00  0.3884E+00  0.3368E+00  0.1760E+00  0.1574E+00  0.8621E+03 -0.1006E-02  0.1213E-01  0.1990E+02  0.6900E+01 -0.6094E+01  0.1950E+00  0.1719E+00  0.1920E+00  0.1532E+00  0.7998E-01  0.7172E-01  0.2055E+00
   0.2488E+01  0.1006E-02 -0.1213E-01  0.7534E-01 -0.3180E-01  0.1574E-01  0.2081E+00  0.3653E+00  0.3874E+00  0.3361E+00  0.1740E+00  0.1591E+00  0.8646E+03 -0.1243E-02  0.1235E-01  0.1998E+02  0.6840E+01 -0.6084E+01  0.1946E+00  0.1723E+00  0.1925E+00  0.1538E+00  0.8011E-01  0.7179E-01  0.2045E+00
   0.2482E+01  0.1243E-02 -0.1235E-01  0.7662E-01 -0.2371E-01  0.1233E-01  0.2093E+00  0.3638E+00  0.3863E+00  0.3349E+00  0.1723E+00  0.1582E+00  0.8671E+03 -0.1281E-02  0.1244E-01  0.2005E+02  0.6789E+01 -0.6077E+01  0.1943E+00  0.1727E+00  0.1929E+00  0.1543E+00  0.8023E-01  0.7187E-01  0.2045E+00
   0.2466E+01  0.1281E-02 -0.1244E-01  0.8027E-01 -0.1853E-01  0.7359E-02  0.2089E+00  0.3638E+00  0.3865E+00  0.3336E+00  0.1730E+00  0.1570E+00  0.8695E+03 -0.1423E-02  0.1272E-01  0.2013E+02  0.6743E+01 -0.6076E+01  0.1939E+00  0.1731E+00  0.1933E+00  0.1548E+00  0.8036E-01  0.7195E-01  0.2047E+00
   0.2441E+01  0.1423E-02 -0.1272E-01  0.8366E-01 -0.2118E-01  0.8104E-02  0.2077E+00  0.3653E+00  0.3880E+00  0.3354E+00  0.1736E+00  0.1577E+00  0.8719E+03 -0.1506E-02  0.1278E-01  0.2022E+02  0.6694E+01 -0.6073E+01  0.1936E+00  0.1735E+00  0.1937E+00  0.1553E+00  0.8048E-01  0.7203E-01  0.2037E+00
   0.2424E+01  0.1506E-02 -0.1278E-01  0.8742E-01 -0.2698E-01  0.1071E-01  0.2105E+00  0.3643E+00  0.3867E+00  0.3346E+00  0.1737E+00  0.1566E+00  0.8744E+03 -0.1468E-02  0.1282E-01  0.2030E+02  0.6639E+01 -0.6069E+01  0.1933E+00  0.1739E+00  0.1942E+00  0.1557E+00  0.8061E-01  0.7211E-01  0.2034E+00
   0.2393E+01  0.1468E-02 -0.1282E-01  0.8437E-01 -0.2725E-01  0.1264E-01  0.2080E+00  0.3639E+00  0.3869E+00  0.3345E+00  0.1707E+00  0.1553E+00  0.8767E+03 -0.1560E-02  0.1300E-01  0.2039E+02  0.6584E+01 -0.6062E+01  0.1930E+00  0.1742E+00  0.1946E+00  0.1562E+00  0.8072E-01  0.7219E-01  0.2035E+00
   0.2369E+01  0.1560E-02 -0.1300E-01  0.7817E-01 -0.3030E-01  0.1694E-01  0.2117E+00  0.3635E+00  0.3865E+00  0.3339E+00  0.1702E+00  0.1548E+00  0.8791E+03 -0.1516E-02  0.1305E-01  0.2046E+02  0.6526E+01 -0.6050E+01  0.1927E+00  0.1746E+00  0.1950E+00  0.1567E+00  0.8084E-01  0.7226E-01  0.2031E+00
   0.2367E+01  0.1516E-02 -0.1305E-01  0.8284E-01 -0.1913E-01  0.1882E-01  0.2129E+00  0.3633E+00  0.3875E+00  0.3341E+00  0.1707E+00  0.1547E+00  0.8815E+03 -0.1622E-02  0.1320E-01  0.2055E+02  0.6479E+01 -0.6037E+01  0.1924E+00  0.1750E+00  0.1954E+00  0.1571E+00  0.8095E-01  0.7234E-01  0.2027E+00
   0.2361E+01  0.1622E-02 -0.1320E-01  0.8949E-01 -0.4928E-02  0.2005E-01  0.2092E+00  0.3638E+00  0.3872E+00  0.3349E+00  0.1709E+00  0.1551E+00  0.8838E+03 -0.1690E-02  0.1326E-01  0.2064E+02  0.6446E+01 -0.6023E+01  0.1922E+00  0.1753E+00  0.1958E+00  0.1576E+00  0.8106E-01  0.7242E-01  0.2029E+00
   0.2342E+01  0.1690E-02 -0.1326E-01  0.9840E-01 -0.7205E-02  0.1635E-01  0.2100E+00  0.3631E+00  0.3857E+00  0.3357E+00  0.1694E+00  0.1553E+00  0.8861E+03 -0.1586E-02  0.1328E-01  0.2073E+02  0.6411E+01 -0.6012E+01  0.1919E+00  0.1757E+00  0.1962E+00  0.1581E+00  0.8117E-01  0.7250E-01  0.2022E+00
   0.2312E+01  0.1586E-02 -0.1328E-01  0.9020E-01 -0.1133E-01  0.1033E-01  0.2078E+00  0.3618E+00  0.3779E+00  0.3302E+00  0.1704E+00  0.1567E+00  0.8884E+03 -0.1804E-02  0.1357E-01  0.2082E+02  0.6371E+01 -0.6007E+01  0.1917E+00  0.1761E+00  0.1965E+00  0.1585E+00  0.8128E-01  0.7257E-01  0.2016E+00
   0.2294E+01  0.1804E-02 -0.1357E-01  0.8832E-01 -0.9632E-02  0.1351E-01  0.2105E+00  0.3599E+00  0.3760E+00  0.3282E+00  0.1700E+00  0.1550E+00  0.8907E+03 -0.1718E-02  0.1355E-01  0.2091E+02  0.6332E+01 -0.5998E+01  0.1914E+00  0.1764E+00  0.1969E+00  0.1589E+00  0.8138E-01  0.7264E-01  0.2015E+00
   0.2262E+01  0.1718E-02 -0.1355E-01  0.8001E-01 -0.8929E-02  0.3094E-01  0.2086E+00  0.3540E+00  0.3725E+00  0.3228E+00  0.1699E+00  0.1571E+00  0.8930E+03 -0.2471E-02  0.1406E-01  0.2099E+02  0.6293E+01 -0.5970E+01  0.1912E+00  0.1767E+00  0.1972E+00  0.1593E+00  0.8147E-01  0.7269E-01  0.2005E+00
   0.2223E+01  0.2471E-02 -0.1406E-01  0.7580E-01 -0.6615E-02  0.3206E-01  0.2044E+00  0.3520E+00  0.3705E+00  0.3220E+00  0.1692E+00  0.1561E+00  0.8952E+03 -0.2475E-02  0.1403E-01  0.2107E+02  0.6255E+01 -0.5941E+01  0.1910E+00  0.1771E+00  0.1975E+00  0.1597E+00  0.8156E-01  0.7274E-01  0.2006E+00
   0.2197E+01  0.2475E-02 -0.1403E-01  0.7396E-01 -0.1056E-01  0.3264E-01  0.2096E+00  0.3513E+00  0.3700E+00  0.3212E+00  0.1694E+00  0.1553E+00  0.8974E+03 -0.2468E-02  0.1409E-01  0.2114E+02  0.6214E+01 -0.5912E+01  0.1907E+00  0.1774E+00  0.1978E+00  0.1600E+00  0.8165E-01  0.7279E-01  0.2004E+00
   0.2181E+01  0.2468E-02 -0.1409E-01  0.7352E-01 -0.4994E-02  0.3279E-01  0.2089E+00  0.3509E+00  0.3692E+00  0.3212E+00  0.1682E+00  0.1550E+00  0.8995E+03 -0.2482E-02  0.1410E-01  0.2121E+02  0.6179E+01 -0.5882E+01  0.1905E+00  0.1777E+00  0.1981E+00  0.1604E+00  0.8173E-01  0.7284E-01  0.1998E+00
   0.2164E+01  0.2482E-02 -0.1410E-01  0.7387E-01 -0.5444E-02  0.2924E-01  0.2061E+00  0.3504E+00  0.3686E+00  0.3215E+00  0.1675E+00  0.1545E+00  0.9017E+03 -0.2549E-02  0.1419E-01  0.2129E+02  0.6142E+01 -0.5856E+01  0.1903E+00  0.1780E+00  0.1985E+00  0.1608E+00  0.8182E-01  0.7289E-01  0.1997E+00
   0.2154E+01  0.2549E-02 -0.1419E-01  0.6947E-01 -0.1495E-02  0.3213E-01  0.2105E+00  0.3480E+00  0.3675E+00  0.3200E+00  0.1669E+00  0.1533E+00  0.9038E+03 -0.2403E-02  0.1420E-01  0.2136E+02  0.6110E+01 -0.5828E+01  0.1901E+00  0.1783E+00  0.1988E+00  0.1611E+00  0.8190E-01  0.7294E-01  0.1990E+00
   0.2128E+01  0.2403E-02 -0.1420E-01  0.6279E-01  0.4043E-02  0.3859E-01  0.2062E+00  0.3471E+00  0.3629E+00  0.3212E+00  0.1689E+00  0.1532E+00  0.9059E+03 -0.2305E-02  0.1415E-01  0.2142E+02  0.6084E+01 -0.5794E+01  0.1899E+00  0.1786E+00  0.1990E+00  0.1615E+00  0.8199E-01  0.7299E-01  0.1991E+00
   0.2107E+01  0.2305E-02 -0.1415E-01  0.5862E-01  0.4837E-02  0.3496E-01  0.2070E+00  0.3470E+00  0.3630E+00  0.3215E+00  0.1690E+00  0.1531E+00  0.9080E+03 -0.2329E-02  0.1421E-01  0.2148E+02  0.6058E+01 -0.5763E+01  0.1898E+00  0.1789E+00  0.1993E+00  0.1618E+00  0.8207E-01  0.7303E-01  0.1992E+00
   0.2087E+01  0.2329E-02 -0.1421E-01  0.5897E-01  0.4743E-02  0.3390E-01  0.2076E+00  0.3473E+00  0.3638E+00  0.3219E+00  0.1701E+00  0.1530E+00  0.9101E+03 -0.2383E-02  0.1428E-01  0.2153E+02  0.6033E+01 -0.5733E+01  0.1896E+00  0.1792E+00  0.1996E+00  0.1622E+00  0.8216E-01  0.7307E-01  0.1993E+00
   0.2066E+01  0.2383E-02 -0.1428E-01  0.5559E-01  0.7066E-02  0.3157E-01  0.2082E+00  0.3476E+00  0.3645E+00  0.3221E+00  0.1701E+00  0.1535E+00  0.9122E+03 -0.2438E-02  0.1437E-01  0.2159E+02  0.6009E+01 -0.5705E+01  0.1894E+00  0.1795E+00  0.1999E+00  0.1625E+00  0.8224E-01  0.7311E-01  0.1994E+00
   0.2041E+01  0.2438E-02 -0.1437E-01  0.5734E-01  0.6003E-02  0.2895E-01  0.2094E+00  0.3463E+00  0.3635E+00  0.3230E+00  0.1719E+00  0.1521E+00  0.9142E+03 -0.2411E-02  0.1441E-01  0.2165E+02  0.5985E+01 -0.5681E+01  0.1893E+00  0.1797E+00  0.2002E+00  0.1628E+00  0.8233E-01  0.7315E-01  0.1984E+00
   0.2014E+01  0.2411E-02 -0.1441E-01  0.5643E-01  0.7186E-02  0.2684E-01  0.2100E+00  0.3455E+00  0.3625E+00  0.3221E+00  0.1713E+00  0.1519E+00  0.9162E+03 -0.2449E-02  0.1448E-01  0.2170E+02  0.5961E+01 -0.5658E+01  0.1891E+00  0.1800E+00  0.2004E+00  0.1632E+00  0.8241E-01  0.7319E-01  0.1990E+00
   0.1989E+01  0.2449E-02 -0.1448E-01  0.5463E-01  0.7630E-02  0.3146E-01  0.2102E+00  0.3429E+00  0.3612E+00  0.3222E+00  0.1711E+00  0.1507E+00  0.9182E+03 -0.2465E-02  0.1460E-01  0.2176E+02  0.5938E+01 -0.5630E+01  0.1890E+00  0.1803E+00  0.2007E+00  0.1635E+00  0.8250E-01  0.7323E-01  0.1983E+00
   0.1968E+01  0.2465E-02 -0.1460E-01  0.5281E-01  0.8711E-02  0.3573E-01  0.2098E+00  0.3417E+00  0.3583E+00  0.3202E+00  0.1702E+00  0.1511E+00  0.9201E+03 -0.2761E-02  0.1510E-01  0.2181E+02  0.5917E+01 -0.5599E+01  0.1888E+00  0.1805E+00  0.2010E+00  0.1638E+00  0.8258E-01  0.7326E-01  0.1982E+00
   0.1955E+01  0.2761E-02 -0.1510E-01  0.4541E-01  0.1421E-01  0.4010E-01  0.2100E+00  0.3402E+00  0.3580E+00  0.3199E+00  0.1718E+00  0.1501E+00  0.9221E+03 -0.2903E-02  0.1525E-01  0.2185E+02  0.5901E+01 -0.5563E+01  0.1887E+00  0.1808E+00  0.2012E+00  0.1641E+00  0.8267E-01  0.7328E-01  0.1988E+00
   0.1930E+01  0.2903E-02 -0.1525E-01  0.4886E-01  0.1227E-01  0.3458E-01  0.2111E+00  0.3410E+00  0.3585E+00  0.3205E+00  0.1722E+00  0.1506E+00  0.9240E+03 -0.2960E-02  0.1530E-01  0.2190E+02  0.5884E+01 -0.5532E+01  0.1886E+00  0.1811E+00  0.2015E+00  0.1644E+00  0.8275E-01  0.7331E-01  0.1993E+00
   0.1918E+01  0.2960E-02 -0.1530E-01  0.4853E-01  0.1126E-01  0.3508E-01  0.2131E+00  0.3419E+00  0.3594E+00  0.3203E+00  0.1725E+00  0.1509E+00  0.9259E+03 -0.2810E-02  0.1513E-01  0.2195E+02  0.5865E+01 -0.5500E+01  0.1885E+00  0.1813E+00  0.2017E+00  0.1647E+00  0.8283E-01  0.7334E-01  0.1980E+00
   0.1893E+01  0.2810E-02 -0.1513E-01  0.4778E-01  0.1538E-01  0.3336E-01  0.2145E+00  0.3413E+00  0.3596E+00  0.3203E+00  0.1723E+00  0.1508E+00  0.9278E+03 -0.2856E-02  0.1516E-01  0.2199E+02  0.5850E+01 -0.5471E+01  0.1884E+00  0.1816E+00  0.2020E+00  0.1650E+00  0.8292E-01  0.7337E-01  0.1981E+00
   0.1865E+01  0.2856E-02 -0.1516E-01  0.4333E-01  0.1904E-01  0.3663E-01  0.2140E+00  0.3394E+00  0.3553E+00  0.3175E+00  0.1742E+00  0.1497E+00  0.9296E+03 -0.2642E-02  0.1504E-01  0.2204E+02  0.5840E+01 -0.5438E+01  0.1883E+00  0.1818E+00  0.2022E+00  0.1653E+00  0.8300E-01  0.7340E-01  0.1978E+00
   0.1863E+01  0.2642E-02 -0.1504E-01  0.3889E-01  0.1853E-01  0.3886E-01  0.2119E+00  0.3365E+00  0.3528E+00  0.3154E+00  0.1727E+00  0.1488E+00  0.9315E+03 -0.2686E-02  0.1511E-01  0.2207E+02  0.5829E+01 -0.5403E+01  0.1882E+00  0.1820E+00  0.2025E+00  0.1656E+00  0.8308E-01  0.7343E-01  0.1980E+00
   0.1836E+01  0.2686E-02 -0.1511E-01  0.4108E-01  0.1844E-01  0.3540E-01  0.2145E+00  0.3378E+00  0.3543E+00  0.3165E+00  0.1727E+00  0.1493E+00  0.9333E+03 -0.2705E-02  0.1514E-01  0.2211E+02  0.5817E+01 -0.5372E+01  0.1881E+00  0.1823E+00  0.2027E+00  0.1658E+00  0.8316E-01  0.7345E-01  0.1972E+00
   0.1810E+01  0.2705E-02 -0.1514E-01  0.3828E-01  0.1565E-01  0.3192E-01  0.2146E+00  0.3358E+00  0.3532E+00  0.3159E+00  0.1717E+00  0.1490E+00  0.9351E+03 -0.2917E-02  0.1540E-01  0.2215E+02  0.5803E+01 -0.5344E+01  0.1880E+00  0.1825E+00  0.2029E+00  0.1661E+00  0.8324E-01  0.7348E-01  0.1966E+00
   0.1788E+01  0.2917E-02 -0.1540E-01  0.4042E-01  0.1805E-01  0.2602E-01  0.2137E+00  0.3317E+00  0.3453E+00  0.3158E+00  0.1723E+00  0.1525E+00  0.9369E+03 -0.2919E-02  0.1544E-01  0.2219E+02  0.5791E+01 -0.5322E+01  0.1879E+00  0.1827E+00  0.2031E+00  0.1664E+00  0.8332E-01  0.7350E-01  0.1962E+00
   0.1771E+01  0.2919E-02 -0.1544E-01  0.4187E-01  0.1709E-01  0.2552E-01  0.2133E+00  0.3306E+00  0.3442E+00  0.3144E+00  0.1710E+00  0.1517E+00  0.9386E+03 -0.2917E-02  0.1548E-01  0.2223E+02  0.5779E+01 -0.5302E+01  0.1878E+00  0.1829E+00  0.2034E+00  0.1666E+00  0.8340E-01  0.7353E-01  0.1966E+00
   0.1753E+01  0.2917E-02 -0.1548E-01  0.3950E-01  0.1954E-01  0.2983E-01  0.2145E+00  0.3299E+00  0.3445E+00  0.3142E+00  0.1715E+00  0.1511E+00  0.9404E+03 -0.2956E-02  0.1554E-01  0.2227E+02  0.5768E+01 -0.5276E+01  0.1877E+00  0.1831E+00  0.2036E+00  0.1669E+00  0.8348E-01  0.7355E-01  0.1963E+00
   0.1738E+01  0.2956E-02 -0.1554E-01  0.3892E-01  0.2084E-01  0.2881E-01  0.2154E+00  0.3297E+00  0.3442E+00  0.3136E+00  0.1714E+00  0.1511E+00  0.9421E+03 -0.3026E-02  0.1565E-01  0.2230E+02  0.5759E+01 -0.5252E+01  0.1876E+00  0.1834E+00  0.2038E+00  0.1671E+00  0.8355E-01  0.7358E-01  0.1970E+00
   0.1728E+01  0.3026E-02 -0.1565E-01  0.3758E-01  0.2278E-01  0.3484E-01  0.2149E+00  0.3297E+00  0.3418E+00  0.3116E+00  0.1727E+00  0.1541E+00  0.9438E+03 -0.3410E-02  0.1603E-01  0.2234E+02  0.5752E+01 -0.5222E+01  0.1876E+00  0.1836E+00  0.2040E+00  0.1674E+00  0.8363E-01  0.7359E-01  0.1964E+00
   0.1718E+01  0.3410E-02 -0.1603E-01  0.3952E-01  0.2278E-01  0.3396E-01  0.2153E+00  0.3293E+00  0.3413E+00  0.3112E+00  0.1723E+00  0.1543E+00  0.9455E+03 -0.3463E-02  0.1612E-01  0.2238E+02  0.5744E+01 -0.5192E+01  0.1875E+00  0.1838E+00  0.2042E+00  0.1676E+00  0.8370E-01  0.7361E-01  0.1968E+00
   0.1694E+01  0.3463E-02 -0.1612E-01  0.4329E-01  0.2297E-01  0.3108E-01  0.2167E+00  0.3298E+00  0.3421E+00  0.3122E+00  0.1726E+00  0.1544E+00  0.9472E+03 -0.3477E-02  0.1613E-01  0.2242E+02  0.5737E+01 -0.5165E+01  0.1875E+00  0.1840E+00  0.2044E+00  0.1678E+00  0.8378E-01  0.7363E-01  0.1958E+00
   0.1673E+01  0.3477E-02 -0.1613E-01  0.4258E-01  0.2347E-01  0.3318E-01  0.2169E+00  0.3283E+00  0.3411E+00  0.3100E+00  0.1740E+00  0.1528E+00  0.9489E+03 -0.3510E-02  0.1627E-01  0.2246E+02  0.5731E+01 -0.5136E+01  0.1874E+00  0.1842E+00  0.2046E+00  0.1681E+00  0.8386E-01  0.7365E-01  0.1957E+00
   0.1653E+01  0.3510E-02 -0.1627E-01  0.3959E-01  0.2405E-01  0.3067E-01  0.2175E+00  0.3272E+00  0.3398E+00  0.3093E+00  0.1740E+00  0.1522E+00  0.9505E+03 -0.3600E-02  0.1641E-01  0.2250E+02  0.5724E+01 -0.5110E+01  0.1874E+00  0.1844E+00  0.2048E+00  0.1683E+00  0.8393E-01  0.7367E-01  0.1958E+00
   0.1652E+01  0.3600E-02 -0.1641E-01  0.3439E-01  0.2401E-01  0.3022E-01  0.2181E+00  0.3259E+00  0.3371E+00  0.3070E+00  0.1729E+00  0.1508E+00  0.9521E+03 -0.3530E-02  0.1648E-01  0.2253E+02  0.5718E+01 -0.5083E+01  0.1873E+00  0.1846E+00  0.2050E+00  0.1685E+00  0.8401E-01  0.7368E-01  0.1953E+00
   0.1643E+01  0.3530E-02 -0.1648E-01  0.3440E-01  0.2750E-01  0.3131E-01  0.2188E+00  0.3262E+00  0.3382E+00  0.3074E+00  0.1737E+00  0.1516E+00  0.9538E+03 -0.3562E-02  0.1656E-01  0.2257E+02  0.5715E+01 -0.5056E+01  0.1873E+00  0.1847E+00  0.2051E+00  0.1687E+00  0.8408E-01  0.7370E-01  0.1951E+00
   0.1631E+01  0.3562E-02 -0.1656E-01  0.3862E-01  0.2555E-01  0.3018E-01  0.2199E+00  0.3263E+00  0.3383E+00  0.3079E+00  0.1742E+00  0.1514E+00  0.9554E+03 -0.3614E-02  0.1662E-01  0.2261E+02  0.5710E+01 -0.5030E+01  0.1872E+00  0.1849E+00  0.2053E+00  0.1690E+00  0.8416E-01  0.7371E-01  0.1948E+00
   0.1607E+01  0.3614E-02 -0.1662E-01  0.3581E-01  0.2437E-01  0.2614E-01  0.2222E+00  0.3265E+00  0.3378E+00  0.3096E+00  0.1723E+00  0.1513E+00  0.9570E+03 -0.3689E-02  0.1677E-01  0.2264E+02  0.5705E+01 -0.5007E+01  0.1872E+00  0.1851E+00  0.2055E+00  0.1692E+00  0.8423E-01  0.7373E-01  0.1951E+00
   0.1588E+01  0.3689E-02 -0.1677E-01  0.3643E-01  0.2547E-01  0.2688E-01  0.2232E+00  0.3266E+00  0.3386E+00  0.3102E+00  0.1726E+00  0.1512E+00  0.9586E+03 -0.3699E-02  0.1680E-01  0.2267E+02  0.5700E+01 -0.4983E+01  0.1871E+00  0.1853E+00  0.2057E+00  0.1694E+00  0.8430E-01  0.7374E-01  0.1950E+00
   0.1575E+01  0.3699E-02 -0.1680E-01  0.3360E-01  0.2501E-01  0.2474E-01  0.2243E+00  0.3260E+00  0.3387E+00  0.3102E+00  0.1726E+00  0.1511E+00  0.9601E+03 -0.3732E-02  0.1684E-01  0.2271E+02  0.5695E+01 -0.4961E+01  0.1871E+00  0.1855E+00  0.2059E+00  0.1696E+00  0.8437E-01  0.7375E-01  0.1949E+00
   0.1571E+01  0.3732E-02 -0.1684E-01  0.3541E-01  0.2609E-01  0.2794E-01  0.2245E+00  0.3247E+00  0.3380E+00  0.3086E+00  0.1724E+00  0.1506E+00  0.9617E+03 -0.3802E-02  0.1698E-01  0.2274E+02  0.5691E+01 -0.4937E+01  0.1871E+00  0.1857E+00  0.2060E+00  0.1698E+00  0.8443E-01  0.7376E-01  0.1950E+00
   0.1557E+01  0.3802E-02 -0.1698E-01  0.3356E-01  0.2750E-01  0.2831E-01  0.2258E+00  0.3249E+00  0.3381E+00  0.3094E+00  0.1727E+00  0.1506E+00  0.9632E+03 -0.3823E-02  0.1700E-01  0.2277E+02  0.5689E+01 -0.4912E+01  0.1871E+00  0.1858E+00  0.2062E+00  0.1700E+00  0.8450E-01  0.7378E-01  0.1948E+00
   0.1536E+01  0.3823E-02 -0.1700E-01  0.3224E-01  0.2658E-01  0.2629E-01  0.2266E+00  0.3243E+00  0.3380E+00  0.3087E+00  0.1724E+00  0.1504E+00  0.9647E+03 -0.3861E-02  0.1707E-01  0.2280E+02  0.5685E+01 -0.4889E+01  0.1870E+00  0.1860E+00  0.2064E+00  0.1702E+00  0.8457E-01  0.7379E-01  0.1948E+00
   0.1525E+01  0.3861E-02 -0.1707E-01  0.3284E-01  0.2660E-01  0.2760E-01  0.2269E+00  0.3230E+00  0.3373E+00  0.3091E+00  0.1719E+00  0.1494E+00  0.9663E+03 -0.3816E-02  0.1709E-01  0.2284E+02  0.5681E+01 -0.4865E+01  0.1870E+00  0.1862E+00  0.2066E+00  0.1704E+00  0.8464E-01  0.7380E-01  0.1948E+00
   0.1513E+01  0.3816E-02 -0.1709E-01  0.3426E-01  0.2890E-01  0.2804E-01  0.2284E+00  0.3217E+00  0.3373E+00  0.3091E+00  0.1706E+00  0.1489E+00  0.9678E+03 -0.3835E-02  0.1719E-01  0.2287E+02  0.5680E+01 -0.4841E+01  0.1870E+00  0.1864E+00  0.2067E+00  0.1706E+00  0.8470E-01  0.7381E-01  0.1948E+00
   0.1500E+01  0.3835E-02 -0.1719E-01  0.3175E-01  0.2927E-01  0.2546E-01  0.2290E+00  0.3214E+00  0.3367E+00  0.3083E+00  0.1704E+00  0.1488E+00  0.9692E+03 -0.3888E-02  0.1730E-01  0.2290E+02  0.5679E+01 -0.4819E+01  0.1870E+00  0.1865E+00  0.2069E+00  0.1708E+00  0.8476E-01  0.7382E-01  0.1949E+00
   0.1485E+01  0.3888E-02 -0.1730E-01  0.3164E-01  0.2995E-01  0.2728E-01  0.2298E+00  0.3208E+00  0.3363E+00  0.3085E+00  0.1699E+00  0.1483E+00  0.9707E+03 -0.3865E-02  0.1727E-01  0.2293E+02  0.5679E+01 -0.4795E+01  0.1870E+00  0.1867E+00  0.2071E+00  0.1710E+00  0.8483E-01  0.7384E-01  0.1946E+00
   0.1472E+01  0.3865E-02 -0.1727E-01  0.3046E-01  0.2815E-01  0.2512E-01  0.2296E+00  0.3194E+00  0.3355E+00  0.3055E+00  0.1694E+00  0.1468E+00  0.9722E+03 -0.3891E-02  0.1732E-01  0.2296E+02  0.5676E+01 -0.4775E+01  0.1870E+00  0.1869E+00  0.2072E+00  0.1711E+00  0.8489E-01  0.7385E-01  0.1936E+00
   0.1466E+01  0.3891E-02 -0.1732E-01  0.3147E-01  0.2868E-01  0.2832E-01  0.2301E+00  0.3170E+00  0.3335E+00  0.3041E+00  0.1681E+00  0.1454E+00  0.9736E+03 -0.3888E-02  0.1733E-01  0.2299E+02  0.5674E+01 -0.4751E+01  0.1870E+00  0.1870E+00  0.2074E+00  0.1713E+00  0.8495E-01  0.7386E-01  0.1934E+00
   0.1450E+01  0.3888E-02 -0.1733E-01  0.2902E-01  0.2731E-01  0.2320E-01  0.2311E+00  0.3169E+00  0.3334E+00  0.3009E+00  0.1672E+00  0.1466E+00  0.9751E+03 -0.4198E-02  0.1771E-01  0.2302E+02  0.5671E+01 -0.4732E+01  0.1870E+00  0.1872E+00  0.2075E+00  0.1715E+00  0.8501E-01  0.7387E-01  0.1933E+00
   0.1431E+01  0.4198E-02 -0.1771E-01  0.2699E-01  0.2692E-01  0.2133E-01  0.2324E+00  0.3159E+00  0.3326E+00  0.2997E+00  0.1663E+00  0.1460E+00  0.9765E+03 -0.4232E-02  0.1777E-01  0.2304E+02  0.5667E+01 -0.4715E+01  0.1870E+00  0.1873E+00  0.2077E+00  0.1717E+00  0.8506E-01  0.7389E-01  0.1933E+00
   0.1423E+01  0.4232E-02 -0.1777E-01  0.2633E-01  0.2558E-01  0.2069E-01  0.2311E+00  0.3141E+00  0.3304E+00  0.2985E+00  0.1653E+00  0.1453E+00  0.9779E+03 -0.4228E-02  0.1781E-01  0.2307E+02  0.5662E+01 -0.4699E+01  0.1870E+00  0.1875E+00  0.2078E+00  0.1718E+00  0.8512E-01  0.7390E-01  0.1924E+00
   0.1413E+01  0.4228E-02 -0.1781E-01  0.2703E-01  0.2533E-01  0.1991E-01  0.2318E+00  0.3121E+00  0.3291E+00  0.2967E+00  0.1646E+00  0.1444E+00  0.9793E+03 -0.4302E-02  0.1794E-01  0.2310E+02  0.5656E+01 -0.4684E+01  0.1870E+00  0.1876E+00  0.2080E+00  0.1720E+00  0.8518E-01  0.7391E-01  0.1926E+00
   0.1398E+01  0.4302E-02 -0.1794E-01  0.2592E-01  0.2545E-01  0.1944E-01  0.2331E+00  0.3115E+00  0.3288E+00  0.2969E+00  0.1644E+00  0.1439E+00  0.9807E+03 -0.4286E-02  0.1794E-01  0.2312E+02  0.5651E+01 -0.4669E+01  0.1870E+00  0.1877E+00  0.2081E+00  0.1721E+00  0.8523E-01  0.7392E-01  0.1924E+00
   0.1387E+01  0.4286E-02 -0.1794E-01  0.2852E-01  0.2573E-01  0.1977E-01  0.2342E+00  0.3103E+00  0.3281E+00  0.2956E+00  0.1639E+00  0.1434E+00  0.9820E+03 -0.4348E-02  0.1805E-01  0.2315E+02  0.5646E+01 -0.4654E+01  0.1870E+00  0.1879E+00  0.2083E+00  0.1723E+00  0.8529E-01  0.7394E-01  0.1925E+00
   0.1375E+01  0.4348E-02 -0.1805E-01  0.2932E-01  0.2648E-01  0.1813E-01  0.2352E+00  0.3098E+00  0.3280E+00  0.2957E+00  0.1638E+00  0.1430E+00  0.9834E+03 -0.4346E-02  0.1809E-01  0.2318E+02  0.5641E+01 -0.4640E+01  0.1870E+00  0.1880E+00  0.2084E+00  0.1724E+00  0.8534E-01  0.7395E-01  0.1925E+00
   0.1360E+01  0.4346E-02 -0.1809E-01  0.2774E-01  0.2597E-01  0.1849E-01  0.2364E+00  0.3091E+00  0.3279E+00  0.2955E+00  0.1636E+00  0.1428E+00  0.9848E+03 -0.4360E-02  0.1812E-01  0.2320E+02  0.5636E+01 -0.4626E+01  0.1870E+00  0.1882E+00  0.2086E+00  0.1726E+00  0.8540E-01  0.7396E-01  0.1925E+00
   0.1350E+01  0.4360E-02 -0.1812E-01  0.2707E-01  0.2732E-01  0.1770E-01  0.2368E+00  0.3055E+00  0.3261E+00  0.2941E+00  0.1636E+00  0.1423E+00  0.9861E+03 -0.4220E-02  0.1809E-01  0.2323E+02  0.5633E+01 -0.4614E+01  0.1870E+00  0.1883E+00  0.2087E+00  0.1727E+00  0.8545E-01  0.7397E-01  0.1919E+00
   0.1340E+01  0.4220E-02 -0.1809E-01  0.2845E-01  0.2614E-01  0.2239E-01  0.2381E+00  0.3042E+00  0.3251E+00  0.2937E+00  0.1626E+00  0.1416E+00  0.9874E+03 -0.4168E-02  0.1803E-01  0.2326E+02  0.5628E+01 -0.4596E+01  0.1870E+00  0.1884E+00  0.2088E+00  0.1729E+00  0.8550E-01  0.7398E-01  0.1911E+00
   0.1324E+01  0.4168E-02 -0.1803E-01  0.3108E-01  0.2547E-01  0.2107E-01  0.2388E+00  0.3022E+00  0.3236E+00  0.2925E+00  0.1613E+00  0.1404E+00  0.9887E+03 -0.4030E-02  0.1797E-01  0.2329E+02  0.5623E+01 -0.4580E+01  0.1870E+00  0.1885E+00  0.2090E+00  0.1730E+00  0.8555E-01  0.7400E-01  0.1913E+00
   0.1309E+01  0.4030E-02 -0.1797E-01  0.3172E-01  0.2417E-01  0.2005E-01  0.2402E+00  0.3016E+00  0.3216E+00  0.2931E+00  0.1621E+00  0.1407E+00  0.9900E+03 -0.4200E-02  0.1819E-01  0.2332E+02  0.5615E+01 -0.4565E+01  0.1870E+00  0.1886E+00  0.2091E+00  0.1732E+00  0.8560E-01  0.7401E-01  0.1922E+00
   0.1300E+01  0.4200E-02 -0.1819E-01  0.2833E-01  0.2640E-01  0.1876E-01  0.2419E+00  0.3016E+00  0.3215E+00  0.2927E+00  0.1625E+00  0.1407E+00  0.9913E+03 -0.4285E-02  0.1833E-01  0.2334E+02  0.5610E+01 -0.4552E+01  0.1870E+00  0.1888E+00  0.2092E+00  0.1733E+00  0.8565E-01  0.7402E-01  0.1917E+00
   0.1293E+01  0.4285E-02 -0.1833E-01  0.3098E-01  0.2652E-01  0.2066E-01  0.2433E+00  0.3011E+00  0.3217E+00  0.2926E+00  0.1624E+00  0.1403E+00  0.9926E+03 -0.4293E-02  0.1840E-01  0.2337E+02  0.5605E+01 -0.4537E+01  0.1871E+00  0.1889E+00  0.2094E+00  0.1734E+00  0.8570E-01  0.7403E-01  0.1928E+00
   0.1285E+01  0.4293E-02 -0.1840E-01  0.2954E-01  0.2814E-01  0.1754E-01  0.2448E+00  0.3018E+00  0.3224E+00  0.2930E+00  0.1633E+00  0.1410E+00  0.9939E+03 -0.4359E-02  0.1853E-01  0.2340E+02  0.5601E+01 -0.4525E+01  0.1871E+00  0.1890E+00  0.2095E+00  0.1736E+00  0.8576E-01  0.7404E-01  0.1926E+00
   0.1273E+01  0.4359E-02 -0.1853E-01  0.2902E-01  0.2680E-01  0.2002E-01  0.2467E+00  0.3018E+00  0.3229E+00  0.2938E+00  0.1637E+00  0.1412E+00  0.9951E+03 -0.4345E-02  0.1854E-01  0.2343E+02  0.5597E+01 -0.4510E+01  0.1871E+00  0.1891E+00  0.2096E+00  0.1737E+00  0.8581E-01  0.7405E-01  0.1928E+00
   0.1264E+01  0.4345E-02 -0.1854E-01  0.2821E-01  0.2646E-01  0.1980E-01  0.2478E+00  0.3012E+00  0.3223E+00  0.2927E+00  0.1634E+00  0.1410E+00  0.9964E+03 -0.4408E-02  0.1867E-01  0.2346E+02  0.5591E+01 -0.4495E+01  0.1871E+00  0.1892E+00  0.2097E+00  0.1739E+00  0.8586E-01  0.7406E-01  0.1930E+00
   0.1255E+01  0.4408E-02 -0.1867E-01  0.2822E-01  0.2706E-01  0.2149E-01  0.2474E+00  0.3001E+00  0.3205E+00  0.2918E+00  0.1630E+00  0.1403E+00  0.9976E+03 -0.4475E-02  0.1880E-01  0.2348E+02  0.5587E+01 -0.4479E+01  0.1872E+00  0.1893E+00  0.2099E+00  0.1740E+00  0.8591E-01  0.7407E-01  0.1927E+00
   0.1245E+01  0.4475E-02 -0.1880E-01  0.2706E-01  0.2779E-01  0.1916E-01  0.2486E+00  0.3001E+00  0.3214E+00  0.2915E+00  0.1634E+00  0.1406E+00  0.9988E+03 -0.4532E-02  0.1893E-01  0.2351E+02  0.5583E+01 -0.4465E+01  0.1872E+00  0.1894E+00  0.2100E+00  0.1741E+00  0.8596E-01  0.7408E-01  0.1926E+00
   0.1233E+01  0.4532E-02 -0.1893E-01  0.2607E-01  0.2728E-01  0.2027E-01  0.2501E+00  0.2995E+00  0.3214E+00  0.2919E+00  0.1633E+00  0.1404E+00  0.1000E+04 -0.4508E-02  0.1892E-01  0.2353E+02  0.5578E+01 -0.4450E+01  0.1872E+00  0.1895E+00  0.2101E+00  0.1742E+00  0.8601E-01  0.7409E-01  0.1926E+00
   0.1225E+01  0.4508E-02 -0.1892E-01  0.2619E-01  0.2700E-01  0.1982E-01  0.2508E+00  0.2985E+00  0.3204E+00  0.2909E+00  0.1625E+00  0.1397E+00  0.1001E+04 -0.4517E-02  0.1900E-01  0.2356E+02  0.5573E+01 -0.4435E+01  0.1872E+00  0.1896E+00  0.2102E+00  0.1744E+00  0.8606E-01  0.7410E-01  0.1926E+00
   0.1213E+01  0.4517E-02 -0.1900E-01  0.2722E-01  0.2610E-01  0.2077E-01  0.2523E+00  0.2981E+00  0.3203E+00  0.2901E+00  0.1623E+00  0.1394E+00  0.1002E+04 -0.4554E-02  0.1907E-01  0.2359E+02  0.5567E+01 -0.4420E+01  0.1873E+00  0.1897E+00  0.2103E+00  0.1745E+00  0.8611E-01  0.7411E-01  0.1926E+00
   0.1199E+01  0.4554E-02 -0.1907E-01  0.2692E-01  0.3063E-01  0.1697E-01  0.2531E+00  0.2965E+00  0.3175E+00  0.2907E+00  0.1622E+00  0.1384E+00  0.1004E+04 -0.4607E-02  0.1908E-01  0.2361E+02  0.5566E+01 -0.4407E+01  0.1873E+00  0.1898E+00  0.2104E+00  0.1746E+00  0.8615E-01  0.7412E-01  0.1928E+00
   0.1187E+01  0.4607E-02 -0.1908E-01  0.2516E-01  0.3005E-01  0.1670E-01  0.2546E+00  0.2959E+00  0.3171E+00  0.2896E+00  0.1622E+00  0.1380E+00  0.1005E+04 -0.4697E-02  0.1924E-01  0.2364E+02  0.5563E+01 -0.4395E+01  0.1873E+00  0.1899E+00  0.2105E+00  0.1747E+00  0.8620E-01  0.7413E-01  0.1930E+00
   0.1180E+01  0.4697E-02 -0.1924E-01  0.2424E-01  0.2969E-01  0.1723E-01  0.2547E+00  0.2944E+00  0.3162E+00  0.2885E+00  0.1619E+00  0.1369E+00  0.1006E+04 -0.4726E-02  0.1927E-01  0.2366E+02  0.5560E+01 -0.4382E+01  0.1874E+00  0.1900E+00  0.2107E+00  0.1749E+00  0.8625E-01  0.7414E-01  0.1924E+00
   0.1170E+01  0.4726E-02 -0.1927E-01  0.2572E-01  0.2945E-01  0.1583E-01  0.2563E+00  0.2930E+00  0.3153E+00  0.2881E+00  0.1620E+00  0.1364E+00  0.1007E+04 -0.4681E-02  0.1926E-01  0.2368E+02  0.5557E+01 -0.4371E+01  0.1874E+00  0.1901E+00  0.2108E+00  0.1750E+00  0.8630E-01  0.7415E-01  0.1920E+00
   0.1159E+01  0.4681E-02 -0.1926E-01  0.2454E-01  0.3058E-01  0.1159E-01  0.2572E+00  0.2920E+00  0.3144E+00  0.2871E+00  0.1616E+00  0.1359E+00  0.1008E+04 -0.4743E-02  0.1938E-01  0.2371E+02  0.5554E+01 -0.4364E+01  0.1874E+00  0.1902E+00  0.2109E+00  0.1751E+00  0.8634E-01  0.7416E-01  0.1919E+00
   0.1148E+01  0.4743E-02 -0.1938E-01  0.2493E-01  0.2884E-01  0.1370E-01  0.2568E+00  0.2906E+00  0.3135E+00  0.2863E+00  0.1609E+00  0.1352E+00  0.1009E+04 -0.4681E-02  0.1937E-01  0.2373E+02  0.5550E+01 -0.4355E+01  0.1874E+00  0.1903E+00  0.2110E+00  0.1752E+00  0.8639E-01  0.7417E-01  0.1920E+00
   0.1141E+01  0.4681E-02 -0.1937E-01  0.2301E-01  0.2715E-01  0.1486E-01  0.2543E+00  0.2882E+00  0.3106E+00  0.2851E+00  0.1587E+00  0.1350E+00  0.1011E+04 -0.4808E-02  0.1955E-01  0.2375E+02  0.5545E+01 -0.4345E+01  0.1875E+00  0.1904E+00  0.2111E+00  0.1753E+00  0.8643E-01  0.7418E-01  0.1915E+00
   0.1131E+01  0.4808E-02 -0.1955E-01  0.2453E-01  0.2754E-01  0.1490E-01  0.2556E+00  0.2872E+00  0.3096E+00  0.2843E+00  0.1581E+00  0.1343E+00  0.1012E+04 -0.4777E-02  0.1957E-01  0.2378E+02  0.5540E+01 -0.4335E+01  0.1875E+00  0.1905E+00  0.2112E+00  0.1754E+00  0.8648E-01  0.7418E-01  0.1915E+00
   0.1120E+01  0.4777E-02 -0.1957E-01  0.2286E-01  0.2836E-01  0.1166E-01  0.2568E+00  0.2867E+00  0.3093E+00  0.2838E+00  0.1579E+00  0.1340E+00  0.1013E+04 -0.4821E-02  0.1966E-01  0.2380E+02  0.5536E+01 -0.4328E+01  0.1875E+00  0.1906E+00  0.2113E+00  0.1755E+00  0.8652E-01  0.7419E-01  0.1912E+00
   0.1109E+01  0.4821E-02 -0.1966E-01  0.2294E-01  0.2718E-01  0.1320E-01  0.2581E+00  0.2858E+00  0.3089E+00  0.2834E+00  0.1575E+00  0.1334E+00  0.1014E+04 -0.4784E-02  0.1968E-01  0.2382E+02  0.5531E+01 -0.4320E+01  0.1876E+00  0.1907E+00  0.2113E+00  0.1756E+00  0.8657E-01  0.7420E-01  0.1912E+00
   0.1104E+01  0.4784E-02 -0.1968E-01  0.2316E-01  0.2802E-01  0.1291E-01  0.2579E+00  0.2842E+00  0.3068E+00  0.2815E+00  0.1563E+00  0.1325E+00  0.1015E+04 -0.4872E-02  0.1983E-01  0.2385E+02  0.5526E+01 -0.4312E+01  0.1876E+00  0.1907E+00  0.2114E+00  0.1757E+00  0.8661E-01  0.7421E-01  0.1918E+00
   0.1099E+01  0.4872E-02 -0.1983E-01  0.2468E-01  0.2917E-01  0.1306E-01  0.2598E+00  0.2840E+00  0.3070E+00  0.2821E+00  0.1566E+00  0.1325E+00  0.1016E+04 -0.4866E-02  0.1986E-01  0.2387E+02  0.5522E+01 -0.4304E+01  0.1876E+00  0.1908E+00  0.2115E+00  0.1758E+00  0.8665E-01  0.7421E-01  0.1915E+00
   0.1090E+01  0.4866E-02 -0.1986E-01  0.2483E-01  0.2909E-01  0.1085E-01  0.2610E+00  0.2840E+00  0.3070E+00  0.2817E+00  0.1567E+00  0.1327E+00  0.1017E+04 -0.4910E-02  0.1998E-01  0.2389E+02  0.5518E+01 -0.4298E+01  0.1877E+00  0.1909E+00  0.2116E+00  0.1759E+00  0.8669E-01  0.7422E-01  0.1916E+00
   0.1080E+01  0.4910E-02 -0.1998E-01  0.2220E-01  0.2774E-01  0.1097E-01  0.2620E+00  0.2833E+00  0.3074E+00  0.2799E+00  0.1564E+00  0.1331E+00  0.1018E+04 -0.5047E-02  0.2017E-01  0.2392E+02  0.5512E+01 -0.4293E+01  0.1877E+00  0.1910E+00  0.2117E+00  0.1760E+00  0.8673E-01  0.7423E-01  0.1912E+00
   0.1072E+01  0.5047E-02 -0.2017E-01  0.2117E-01  0.2705E-01  0.1035E-01  0.2625E+00  0.2820E+00  0.3063E+00  0.2782E+00  0.1557E+00  0.1325E+00  0.1019E+04 -0.5060E-02  0.2027E-01  0.2394E+02  0.5506E+01 -0.4288E+01  0.1878E+00  0.1910E+00  0.2118E+00  0.1761E+00  0.8677E-01  0.7424E-01  0.1911E+00
   0.1064E+01  0.5060E-02 -0.2027E-01  0.2182E-01  0.2776E-01  0.1039E-01  0.2639E+00  0.2812E+00  0.3059E+00  0.2779E+00  0.1556E+00  0.1321E+00  0.1020E+04 -0.5091E-02  0.2034E-01  0.2396E+02  0.5501E+01 -0.4283E+01  0.1878E+00  0.1911E+00  0.2119E+00  0.1762E+00  0.8682E-01  0.7424E-01  0.1911E+00
   0.1057E+01  0.5091E-02 -0.2034E-01  0.2284E-01  0.2859E-01  0.9059E-02  0.2641E+00  0.2802E+00  0.3054E+00  0.2774E+00  0.1549E+00  0.1313E+00  0.1021E+04 -0.5067E-02  0.2037E-01  0.2398E+02  0.5496E+01 -0.4279E+01  0.1878E+00  0.1912E+00  0.2120E+00  0.1763E+00  0.8686E-01  0.7425E-01  0.1906E+00
   0.1047E+01  0.5067E-02 -0.2037E-01  0.2209E-01  0.2750E-01  0.8709E-02  0.2640E+00  0.2767E+00  0.2990E+00  0.2772E+00  0.1556E+00  0.1314E+00  0.1022E+04 -0.5315E-02  0.2069E-01  0.2400E+02  0.5490E+01 -0.4276E+01  0.1879E+00  0.1913E+00  0.2120E+00  0.1764E+00  0.8690E-01  0.7426E-01  0.1902E+00
   0.1040E+01  0.5315E-02 -0.2069E-01  0.2189E-01  0.2766E-01  0.1039E-01  0.2654E+00  0.2758E+00  0.2988E+00  0.2774E+00  0.1557E+00  0.1308E+00  0.1023E+04 -0.5285E-02  0.2069E-01  0.2402E+02  0.5484E+01 -0.4271E+01  0.1879E+00  0.1913E+00  0.2121E+00  0.1765E+00  0.8694E-01  0.7427E-01  0.1899E+00
   0.1035E+01  0.5285E-02 -0.2069E-01  0.2079E-01  0.2797E-01  0.1052E-01  0.2667E+00  0.2746E+00  0.2980E+00  0.2762E+00  0.1550E+00  0.1302E+00  0.1024E+04 -0.5324E-02  0.2082E-01  0.2404E+02  0.5479E+01 -0.4265E+01  0.1879E+00  0.1914E+00  0.2122E+00  0.1766E+00  0.8698E-01  0.7427E-01  0.1900E+00
   0.1027E+01  0.5324E-02 -0.2082E-01  0.2250E-01  0.2781E-01  0.1006E-01  0.2680E+00  0.2752E+00  0.2990E+00  0.2771E+00  0.1555E+00  0.1305E+00  0.1025E+04 -0.5303E-02  0.2084E-01  0.2406E+02  0.5473E+01 -0.4261E+01  0.1880E+00  0.1915E+00  0.2123E+00  0.1766E+00  0.8702E-01  0.7428E-01  0.1899E+00
   0.1017E+01  0.5303E-02 -0.2084E-01  0.2144E-01  0.2763E-01  0.1026E-01  0.2681E+00  0.2727E+00  0.2927E+00  0.2774E+00  0.1562E+00  0.1320E+00  0.1026E+04 -0.5404E-02  0.2100E-01  0.2408E+02  0.5467E+01 -0.4255E+01  0.1880E+00  0.1915E+00  0.2123E+00  0.1767E+00  0.8706E-01  0.7429E-01  0.1896E+00
   0.1007E+01  0.5404E-02 -0.2100E-01  0.2050E-01  0.2768E-01  0.9991E-02  0.2698E+00  0.2719E+00  0.2922E+00  0.2767E+00  0.1560E+00  0.1314E+00  0.1027E+04 -0.5432E-02  0.2109E-01  0.2410E+02  0.5462E+01 -0.4251E+01  0.1881E+00  0.1916E+00  0.2124E+00  0.1768E+00  0.8710E-01  0.7430E-01  0.1896E+00
   0.1001E+01  0.5432E-02 -0.2109E-01  0.2188E-01  0.2754E-01  0.1060E-01  0.2716E+00  0.2714E+00  0.2921E+00  0.2765E+00  0.1559E+00  0.1310E+00  0.1028E+04 -0.5425E-02  0.2113E-01  0.2412E+02  0.5455E+01 -0.4245E+01  0.1881E+00  0.1916E+00  0.2125E+00  0.1769E+00  0.8714E-01  0.7430E-01  0.1898E+00
   0.9911E+00  0.5425E-02 -0.2113E-01  0.2005E-01  0.2878E-01  0.8067E-02  0.2736E+00  0.2716E+00  0.2924E+00  0.2766E+00  0.1560E+00  0.1308E+00  0.1029E+04 -0.5513E-02  0.2125E-01  0.2413E+02  0.5451E+01 -0.4243E+01  0.1882E+00  0.1917E+00  0.2125E+00  0.1770E+00  0.8718E-01  0.7431E-01  0.1896E+00
   0.9823E+00  0.5513E-02 -0.2125E-01  0.1979E-01  0.2801E-01  0.9494E-02  0.2751E+00  0.2710E+00  0.2923E+00  0.2762E+00  0.1557E+00  0.1304E+00  0.1030E+04 -0.5494E-02  0.2129E-01  0.2415E+02  0.5445E+01 -0.4238E+01  0.1882E+00  0.1917E+00  0.2126E+00  0.1771E+00  0.8722E-01  0.7432E-01  0.1894E+00
   0.9736E+00  0.5494E-02 -0.2129E-01  0.1951E-01  0.2775E-01  0.9309E-02  0.2764E+00  0.2702E+00  0.2922E+00  0.2756E+00  0.1554E+00  0.1300E+00  0.1031E+04 -0.5502E-02  0.2135E-01  0.2417E+02  0.5439E+01 -0.4234E+01  0.1882E+00  0.1918E+00  0.2127E+00  0.1771E+00  0.8725E-01  0.7432E-01  0.1894E+00
   0.9692E+00  0.5502E-02 -0.2135E-01  0.1816E-01  0.2826E-01  0.9264E-02  0.2776E+00  0.2693E+00  0.2917E+00  0.2748E+00  0.1549E+00  0.1294E+00  0.1032E+04 -0.5515E-02  0.2144E-01  0.2418E+02  0.5433E+01 -0.4231E+01  0.1883E+00  0.1919E+00  0.2127E+00  0.1772E+00  0.8729E-01  0.7433E-01  0.1897E+00
   0.9599E+00  0.5515E-02 -0.2144E-01  0.2033E-01  0.2570E-01  0.7459E-02  0.2789E+00  0.2699E+00  0.2928E+00  0.2750E+00  0.1549E+00  0.1295E+00  0.1033E+04 -0.5464E-02  0.2147E-01  0.2420E+02  0.5425E+01 -0.4229E+01  0.1883E+00  0.1919E+00  0.2128E+00  0.1773E+00  0.8733E-01  0.7434E-01  0.1905E+00
   0.9527E+00  0.5464E-02 -0.2147E-01  0.2138E-01  0.2473E-01  0.7410E-02  0.2799E+00  0.2705E+00  0.2926E+00  0.2749E+00  0.1548E+00  0.1294E+00  0.1034E+04 -0.5451E-02  0.2151E-01  0.2422E+02  0.5416E+01 -0.4227E+01  0.1884E+00  0.1920E+00  0.2129E+00  0.1774E+00  0.8737E-01  0.7435E-01  0.1904E+00
   0.9467E+00  0.5451E-02 -0.2151E-01  0.1789E-01  0.2565E-01  0.5629E-02  0.2814E+00  0.2704E+00  0.2929E+00  0.2748E+00  0.1549E+00  0.1294E+00  0.1035E+04 -0.5456E-02  0.2160E-01  0.2424E+02  0.5407E+01 -0.4227E+01  0.1884E+00  0.1920E+00  0.2129E+00  0.1775E+00  0.8741E-01  0.7435E-01  0.1901E+00
   0.9410E+00  0.5456E-02 -0.2160E-01  0.1814E-01  0.2564E-01  0.5237E-02  0.2828E+00  0.2701E+00  0.2928E+00  0.2746E+00  0.1546E+00  0.1293E+00  0.1036E+04 -0.5452E-02  0.2167E-01  0.2425E+02  0.5399E+01 -0.4227E+01  0.1885E+00  0.1921E+00  0.2130E+00  0.1775E+00  0.8745E-01  0.7436E-01  0.1901E+00
   0.9388E+00  0.5452E-02 -0.2167E-01  0.2018E-01  0.2388E-01  0.6295E-02  0.2851E+00  0.2689E+00  0.2916E+00  0.2731E+00  0.1535E+00  0.1291E+00  0.1037E+04 -0.5706E-02  0.2208E-01  0.2427E+02  0.5389E+01 -0.4226E+01  0.1885E+00  0.1921E+00  0.2130E+00  0.1776E+00  0.8749E-01  0.7437E-01  0.1887E+00
   0.9339E+00  0.5706E-02 -0.2208E-01  0.2003E-01  0.2324E-01  0.6748E-02  0.2864E+00  0.2680E+00  0.2914E+00  0.2727E+00  0.1535E+00  0.1289E+00  0.1038E+04 -0.5724E-02  0.2216E-01  0.2429E+02  0.5378E+01 -0.4224E+01  0.1886E+00  0.1922E+00  0.2131E+00  0.1777E+00  0.8752E-01  0.7437E-01  0.1898E+00
   0.9287E+00  0.5724E-02 -0.2216E-01  0.2243E-01  0.2322E-01  0.8712E-02  0.2871E+00  0.2677E+00  0.2915E+00  0.2701E+00  0.1536E+00  0.1301E+00  0.1039E+04 -0.6032E-02  0.2253E-01  0.2431E+02  0.5368E+01 -0.4221E+01  0.1886E+00  0.1922E+00  0.2132E+00  0.1778E+00  0.8756E-01  0.7438E-01  0.1900E+00
   0.9211E+00  0.6032E-02 -0.2253E-01  0.2321E-01  0.2443E-01  0.7045E-02  0.2886E+00  0.2673E+00  0.2910E+00  0.2700E+00  0.1527E+00  0.1301E+00  0.1040E+04 -0.6052E-02  0.2265E-01  0.2433E+02  0.5359E+01 -0.4218E+01  0.1887E+00  0.1923E+00  0.2132E+00  0.1778E+00  0.8760E-01  0.7439E-01  0.1899E+00
   0.9151E+00  0.6052E-02 -0.2265E-01  0.2351E-01  0.2392E-01  0.7614E-02  0.2900E+00  0.2674E+00  0.2913E+00  0.2701E+00  0.1530E+00  0.1302E+00  0.1041E+04 -0.6076E-02  0.2274E-01  0.2435E+02  0.5349E+01 -0.4215E+01  0.1887E+00  0.1923E+00  0.2133E+00  0.1779E+00  0.8764E-01  0.7440E-01  0.1900E+00
   0.9083E+00  0.6076E-02 -0.2274E-01  0.2287E-01  0.2446E-01  0.6649E-02  0.2916E+00  0.2672E+00  0.2915E+00  0.2700E+00  0.1531E+00  0.1302E+00  0.1041E+04 -0.6090E-02  0.2283E-01  0.2437E+02  0.5340E+01 -0.4214E+01  0.1888E+00  0.1924E+00  0.2133E+00  0.1780E+00  0.8767E-01  0.7440E-01  0.1900E+00
   0.9014E+00  0.6090E-02 -0.2283E-01  0.2257E-01  0.2455E-01  0.7218E-02  0.2927E+00  0.2667E+00  0.2919E+00  0.2689E+00  0.1539E+00  0.1303E+00  0.1042E+04 -0.5949E-02  0.2275E-01  0.2439E+02  0.5331E+01 -0.4211E+01  0.1888E+00  0.1924E+00  0.2134E+00  0.1780E+00  0.8771E-01  0.7441E-01  0.1894E+00
   0.8951E+00  0.5949E-02 -0.2275E-01  0.2149E-01  0.2414E-01  0.8165E-02  0.2933E+00  0.2652E+00  0.2905E+00  0.2677E+00  0.1530E+00  0.1292E+00  0.1043E+04 -0.5867E-02  0.2275E-01  0.2441E+02  0.5322E+01 -0.4208E+01  0.1889E+00  0.1925E+00  0.2135E+00  0.1781E+00  0.8775E-01  0.7442E-01  0.1893E+00
   0.8878E+00  0.5867E-02 -0.2275E-01  0.2059E-01  0.2402E-01  0.7729E-02  0.2952E+00  0.2647E+00  0.2907E+00  0.2673E+00  0.1527E+00  0.1289E+00  0.1044E+04 -0.5877E-02  0.2281E-01  0.2443E+02  0.5312E+01 -0.4206E+01  0.1889E+00  0.1925E+00  0.2135E+00  0.1782E+00  0.8778E-01  0.7442E-01  0.1895E+00
   0.8828E+00  0.5877E-02 -0.2281E-01  0.1888E-01  0.2449E-01  0.7476E-02  0.2950E+00  0.2639E+00  0.2889E+00  0.2666E+00  0.1522E+00  0.1282E+00  0.1045E+04 -0.5865E-02  0.2284E-01  0.2444E+02  0.5303E+01 -0.4204E+01  0.1890E+00  0.1925E+00  0.2136E+00  0.1782E+00  0.8782E-01  0.7443E-01  0.1898E+00
   0.8778E+00  0.5865E-02 -0.2284E-01  0.1827E-01  0.2450E-01  0.7108E-02  0.2952E+00  0.2632E+00  0.2884E+00  0.2660E+00  0.1519E+00  0.1279E+00  0.1046E+04 -0.5868E-02  0.2292E-01  0.2446E+02  0.5294E+01 -0.4202E+01  0.1890E+00  0.1926E+00  0.2136E+00  0.1783E+00  0.8785E-01  0.7444E-01  0.1897E+00
   0.8734E+00  0.5868E-02 -0.2292E-01  0.1878E-01  0.2476E-01  0.7228E-02  0.2956E+00  0.2625E+00  0.2881E+00  0.2655E+00  0.1519E+00  0.1277E+00  0.1047E+04 -0.5889E-02  0.2302E-01  0.2448E+02  0.5285E+01 -0.4200E+01  0.1891E+00  0.1926E+00  0.2137E+00  0.1784E+00  0.8789E-01  0.7445E-01  0.1897E+00
   0.8672E+00  0.5889E-02 -0.2302E-01  0.1862E-01  0.2451E-01  0.6883E-02  0.2971E+00  0.2620E+00  0.2882E+00  0.2652E+00  0.1520E+00  0.1274E+00  0.1048E+04  0.0000E+00  0.0000E+00  0.2450E+02  0.5310E+01 -0.4193E+01  0.1891E+00  0.1927E+00  0.2137E+00  0.1784E+00  0.8788E-01  0.7443E-01  0.1897E+00
