       0.510500000000E-03       0.000000000000E+00       0.000000000000E+00       0.000000000000E+00       0.000000000000E+00       0.000000000000E+00       0.000000000000E+00       0.000000000000E+00
       0.102100000000E-02       0.000000000000E+00       0.000000000000E+00       0.000000000000E+00       0.000000000000E+00       0.000000000000E+00       0.000000000000E+00       0.000000000000E+00
       0.153150000000E-02       0.000000000000E+00       0.000000000000E+00       0.000000000000E+00      -0.538522003442E+01       0.538522003442E+01       0.000000000000E+00       0.000000000000E+00
       0.204200000000E-02       0.000000000000E+00       0.000000000000E+00       0.000000000000E+00      -0.105519351208E+02       0.105519351208E+02       0.000000000000E+00       0.000000000000E+00
       0.255250000000E-02       0.000000000000E+00       0.000000000000E+00       0.000000000000E+00      -0.154336083786E+02       0.154336083786E+02       0.000000000000E+00       0.000000000000E+00
       0.306300000000E-02       0.000000000000E+00       0.000000000000E+00       0.000000000000E+00      -0.199792594296E+02       0.199792594296E+02       0.000000000000E+00       0.000000000000E+00
       0.357350000000E-02       0.000000000000E+00       0.000000000000E+00       0.000000000000E+00      -0.242995775013E+02       0.242995775013E+02       0.000000000000E+00       0.000000000000E+00
       0.408400000000E-02       0.000000000000E+00       0.000000000000E+00       0.000000000000E+00      -0.267609813436E+02       0.267609813436E+02       0.000000000000E+00       0.000000000000E+00
       0.459450000000E-02       0.000000000000E+00       0.000000000000E+00       0.000000000000E+00      -0.291127401652E+02       0.291127401652E+02       0.000000000000E+00       0.000000000000E+00
       0.510500000000E-02       0.000000000000E+00       0.000000000000E+00       0.000000000000E+00      -0.313559557746E+02       0.313559557746E+02       0.000000000000E+00       0.000000000000E+00
       0.561550000000E-02       0.000000000000E+00       0.000000000000E+00       0.000000000000E+00      -0.334926329588E+02       0.334926329588E+02       0.000000000000E+00       0.000000000000E+00
       0.612600000000E-02       0.000000000000E+00       0.000000000000E+00       0.000000000000E+00      -0.353882250329E+02       0.353882250329E+02       0.000000000000E+00       0.000000000000E+00
       0.663650000000E-02       0.000000000000E+00       0.000000000000E+00       0.000000000000E+00      -0.371249902464E+02       0.371249902464E+02       0.000000000000E+00       0.000000000000E+00
       0.714700000000E-02       0.000000000000E+00       0.000000000000E+00       0.000000000000E+00      -0.387826758514E+02       0.387826758514E+02       0.000000000000E+00       0.000000000000E+00
       0.765750000000E-02       0.000000000000E+00       0.000000000000E+00       0.000000000000E+00      -0.403591823100E+02       0.403591823100E+02       0.000000000000E+00       0.000000000000E+00
       0.816800000000E-02       0.000000000000E+00       0.000000000000E+00       0.000000000000E+00      -0.418550816284E+02       0.418550816284E+02       0.000000000000E+00       0.000000000000E+00
       0.867850000000E-02       0.000000000000E+00       0.000000000000E+00       0.000000000000E+00      -0.432796483214E+02       0.432796483214E+02       0.000000000000E+00       0.000000000000E+00
       0.918900000000E-02       0.000000000000E+00       0.000000000000E+00       0.000000000000E+00      -0.446495328817E+02       0.446495328817E+02       0.000000000000E+00       0.000000000000E+00
       0.969950000000E-02       0.000000000000E+00       0.000000000000E+00       0.000000000000E+00      -0.459413918514E+02       0.459413918514E+02       0.000000000000E+00       0.000000000000E+00
       0.102100000000E-01       0.000000000000E+00       0.000000000000E+00       0.000000000000E+00      -0.471646809437E+02       0.471646809437E+02       0.000000000000E+00       0.000000000000E+00
       0.107205000000E-01       0.000000000000E+00       0.000000000000E+00       0.000000000000E+00      -0.483299384747E+02       0.483299384747E+02       0.000000000000E+00       0.000000000000E+00
       0.112310000000E-01       0.000000000000E+00       0.000000000000E+00       0.000000000000E+00      -0.494418634402E+02       0.494418634402E+02       0.000000000000E+00       0.000000000000E+00
       0.117415000000E-01       0.000000000000E+00       0.000000000000E+00       0.000000000000E+00      -0.505064247385E+02       0.505064247385E+02       0.000000000000E+00       0.000000000000E+00
       0.122520000000E-01       0.000000000000E+00       0.000000000000E+00       0.000000000000E+00      -0.515337046891E+02       0.515337046891E+02       0.000000000000E+00       0.000000000000E+00
       0.127625000000E-01       0.000000000000E+00       0.000000000000E+00       0.000000000000E+00      -0.519220010095E+02       0.519220010095E+02       0.000000000000E+00       0.000000000000E+00
       0.132730000000E-01       0.000000000000E+00       0.000000000000E+00       0.000000000000E+00      -0.522988780714E+02       0.522988780714E+02       0.000000000000E+00       0.000000000000E+00
       0.137835000000E-01       0.000000000000E+00       0.000000000000E+00       0.000000000000E+00      -0.526642777783E+02       0.526642777783E+02       0.000000000000E+00       0.000000000000E+00
       0.142940000000E-01       0.000000000000E+00       0.000000000000E+00       0.000000000000E+00      -0.530248628105E+02       0.530248628105E+02       0.000000000000E+00       0.000000000000E+00
       0.148045000000E-01       0.000000000000E+00       0.000000000000E+00       0.000000000000E+00      -0.533835869765E+02       0.533835869765E+02       0.000000000000E+00       0.000000000000E+00
       0.153150000000E-01       0.000000000000E+00       0.000000000000E+00       0.000000000000E+00      -0.537379554024E+02       0.537379554024E+02       0.000000000000E+00       0.000000000000E+00
       0.158255000000E-01       0.000000000000E+00       0.000000000000E+00       0.000000000000E+00      -0.540823484891E+02       0.540823484891E+02       0.000000000000E+00       0.000000000000E+00
       0.163360000000E-01       0.000000000000E+00       0.000000000000E+00       0.000000000000E+00      -0.544235432848E+02       0.544235432848E+02       0.000000000000E+00       0.000000000000E+00
       0.168465000000E-01       0.000000000000E+00       0.000000000000E+00       0.000000000000E+00      -0.547643263014E+02       0.547643263014E+02       0.000000000000E+00       0.000000000000E+00
       0.173570000000E-01       0.000000000000E+00       0.000000000000E+00       0.000000000000E+00      -0.550981365084E+02       0.550981365084E+02       0.000000000000E+00       0.000000000000E+00
       0.178675000000E-01       0.000000000000E+00       0.000000000000E+00       0.000000000000E+00      -0.554335700291E+02       0.554335700291E+02       0.000000000000E+00       0.000000000000E+00
       0.183780000000E-01       0.000000000000E+00       0.000000000000E+00       0.000000000000E+00      -0.557674509722E+02       0.557674509722E+02       0.000000000000E+00       0.000000000000E+00
       0.188885000000E-01       0.000000000000E+00       0.000000000000E+00       0.000000000000E+00      -0.560272902908E+02       0.560272902908E+02       0.000000000000E+00       0.000000000000E+00
       0.193990000000E-01       0.000000000000E+00       0.000000000000E+00       0.000000000000E+00      -0.562851598622E+02       0.562851598622E+02       0.000000000000E+00       0.000000000000E+00
       0.199095000000E-01       0.000000000000E+00       0.000000000000E+00       0.000000000000E+00      -0.565388387941E+02       0.565388387941E+02       0.000000000000E+00       0.000000000000E+00
       0.204200000000E-01       0.000000000000E+00       0.000000000000E+00       0.000000000000E+00      -0.567882826898E+02       0.567882826898E+02       0.000000000000E+00       0.000000000000E+00
       0.209305000000E-01       0.000000000000E+00       0.000000000000E+00       0.000000000000E+00      -0.570329398085E+02       0.570329398085E+02       0.000000000000E+00       0.000000000000E+00
       0.214410000000E-01       0.000000000000E+00       0.000000000000E+00       0.000000000000E+00      -0.576566754289E+02       0.576566754289E+02       0.000000000000E+00       0.000000000000E+00
       0.219515000000E-01       0.000000000000E+00       0.000000000000E+00       0.000000000000E+00      -0.582696895060E+02       0.582696895060E+02       0.000000000000E+00       0.000000000000E+00
       0.224620000000E-01       0.000000000000E+00       0.000000000000E+00       0.000000000000E+00      -0.588896629178E+02       0.588896629178E+02       0.000000000000E+00       0.000000000000E+00
       0.229725000000E-01       0.000000000000E+00       0.000000000000E+00       0.000000000000E+00      -0.594898559948E+02       0.594898559948E+02       0.000000000000E+00       0.000000000000E+00
       0.234830000000E-01       0.000000000000E+00       0.000000000000E+00       0.000000000000E+00      -0.600691324239E+02       0.600691324239E+02       0.000000000000E+00       0.000000000000E+00
       0.239935000000E-01       0.000000000000E+00       0.000000000000E+00       0.000000000000E+00      -0.606448333929E+02       0.606448333929E+02       0.000000000000E+00       0.000000000000E+00
       0.245040000000E-01       0.000000000000E+00       0.000000000000E+00       0.000000000000E+00      -0.612192723497E+02       0.612192723497E+02       0.000000000000E+00       0.000000000000E+00
       0.250145000000E-01       0.000000000000E+00       0.000000000000E+00       0.000000000000E+00      -0.617851025065E+02       0.617851025065E+02       0.000000000000E+00       0.000000000000E+00
       0.255250000000E-01       0.000000000000E+00       0.000000000000E+00       0.000000000000E+00      -0.623314135223E+02       0.623314135223E+02       0.000000000000E+00       0.000000000000E+00
       0.260355000000E-01       0.000000000000E+00       0.000000000000E+00       0.000000000000E+00      -0.628638146029E+02       0.628638146029E+02       0.000000000000E+00       0.000000000000E+00
       0.265460000000E-01       0.000000000000E+00       0.000000000000E+00       0.000000000000E+00      -0.633786376358E+02       0.633786376358E+02       0.000000000000E+00       0.000000000000E+00
       0.270565000000E-01       0.000000000000E+00       0.000000000000E+00       0.000000000000E+00      -0.638898199486E+02       0.638898199486E+02       0.000000000000E+00       0.000000000000E+00
       0.275670000000E-01       0.000000000000E+00       0.000000000000E+00       0.000000000000E+00      -0.643946443996E+02       0.643946443996E+02       0.000000000000E+00       0.000000000000E+00
       0.280775000000E-01       0.000000000000E+00       0.000000000000E+00       0.000000000000E+00      -0.648979351450E+02       0.648979351450E+02       0.000000000000E+00       0.000000000000E+00
       0.285880000000E-01       0.000000000000E+00       0.000000000000E+00       0.000000000000E+00      -0.653979224221E+02       0.653979224221E+02       0.000000000000E+00       0.000000000000E+00
       0.290985000000E-01       0.000000000000E+00       0.000000000000E+00       0.000000000000E+00      -0.658882117263E+02       0.658882117263E+02       0.000000000000E+00       0.000000000000E+00
       0.296090000000E-01       0.000000000000E+00       0.000000000000E+00       0.000000000000E+00      -0.663777358820E+02       0.663777358820E+02       0.000000000000E+00       0.000000000000E+00
       0.301195000000E-01       0.000000000000E+00       0.000000000000E+00       0.000000000000E+00      -0.668625127262E+02       0.668625127262E+02       0.000000000000E+00       0.000000000000E+00
       0.306300000000E-01       0.000000000000E+00       0.000000000000E+00       0.000000000000E+00      -0.673504924650E+02       0.673504924650E+02       0.000000000000E+00       0.000000000000E+00
       0.311405000000E-01       0.000000000000E+00       0.000000000000E+00       0.000000000000E+00      -0.678440276612E+02       0.678440276612E+02       0.000000000000E+00       0.000000000000E+00
       0.316510000000E-01       0.000000000000E+00       0.000000000000E+00       0.000000000000E+00      -0.683404477665E+02       0.683404477665E+02       0.000000000000E+00       0.000000000000E+00
       0.321615000000E-01       0.000000000000E+00       0.000000000000E+00       0.000000000000E+00      -0.688383988063E+02       0.688383988063E+02       0.000000000000E+00       0.000000000000E+00
       0.326720000000E-01       0.000000000000E+00       0.000000000000E+00       0.000000000000E+00      -0.693503192784E+02       0.693503192784E+02       0.000000000000E+00       0.000000000000E+00
       0.331825000000E-01       0.000000000000E+00       0.000000000000E+00       0.000000000000E+00      -0.698452227343E+02       0.698452227343E+02       0.000000000000E+00       0.000000000000E+00
       0.336930000000E-01       0.000000000000E+00       0.000000000000E+00       0.000000000000E+00      -0.703303741225E+02       0.703303741225E+02       0.000000000000E+00       0.000000000000E+00
       0.342035000000E-01       0.000000000000E+00       0.000000000000E+00       0.000000000000E+00      -0.708060203393E+02       0.708060203393E+02       0.000000000000E+00       0.000000000000E+00
       0.347140000000E-01       0.000000000000E+00       0.000000000000E+00       0.000000000000E+00      -0.712600533409E+02       0.712600533409E+02       0.000000000000E+00       0.000000000000E+00
       0.352245000000E-01       0.000000000000E+00       0.000000000000E+00       0.000000000000E+00      -0.717068097219E+02       0.717068097219E+02       0.000000000000E+00       0.000000000000E+00
       0.357350000000E-01       0.000000000000E+00       0.000000000000E+00       0.000000000000E+00      -0.721373099769E+02       0.721373099769E+02       0.000000000000E+00       0.000000000000E+00
       0.362455000000E-01       0.000000000000E+00       0.000000000000E+00       0.000000000000E+00      -0.725672824048E+02       0.725672824048E+02       0.000000000000E+00       0.000000000000E+00
       0.367560000000E-01       0.000000000000E+00       0.000000000000E+00       0.000000000000E+00      -0.729923727677E+02       0.729923727677E+02       0.000000000000E+00       0.000000000000E+00
       0.372665000000E-01       0.000000000000E+00       0.000000000000E+00       0.000000000000E+00      -0.734123099532E+02       0.734123099532E+02       0.000000000000E+00       0.000000000000E+00
       0.377770000000E-01       0.000000000000E+00       0.000000000000E+00       0.000000000000E+00      -0.738183880491E+02       0.738183880491E+02       0.000000000000E+00       0.000000000000E+00
       0.382875000000E-01       0.000000000000E+00       0.000000000000E+00       0.000000000000E+00      -0.742234610967E+02       0.742234610967E+02       0.000000000000E+00       0.000000000000E+00
       0.387980000000E-01       0.000000000000E+00       0.000000000000E+00       0.000000000000E+00      -0.746201080230E+02       0.746201080230E+02       0.000000000000E+00       0.000000000000E+00
       0.393085000000E-01       0.000000000000E+00       0.000000000000E+00       0.000000000000E+00      -0.750062297280E+02       0.750062297280E+02       0.000000000000E+00       0.000000000000E+00
       0.398190000000E-01       0.000000000000E+00       0.000000000000E+00       0.000000000000E+00      -0.753836169359E+02       0.753836169359E+02       0.000000000000E+00       0.000000000000E+00
       0.403295000000E-01       0.000000000000E+00       0.000000000000E+00       0.000000000000E+00      -0.757554526242E+02       0.757554526242E+02       0.000000000000E+00       0.000000000000E+00
       0.408400000000E-01       0.000000000000E+00       0.000000000000E+00       0.000000000000E+00      -0.761239543774E+02       0.761239543774E+02       0.000000000000E+00       0.000000000000E+00
       0.413505000000E-01       0.000000000000E+00       0.000000000000E+00       0.000000000000E+00      -0.764848325485E+02       0.764848325485E+02       0.000000000000E+00       0.000000000000E+00
       0.418610000000E-01       0.000000000000E+00       0.000000000000E+00       0.000000000000E+00      -0.768391262635E+02       0.768391262635E+02       0.000000000000E+00       0.000000000000E+00
       0.423715000000E-01       0.000000000000E+00       0.000000000000E+00       0.000000000000E+00      -0.771806000758E+02       0.771806000758E+02       0.000000000000E+00       0.000000000000E+00
       0.428820000000E-01       0.000000000000E+00       0.000000000000E+00       0.000000000000E+00      -0.775072019915E+02       0.775072019915E+02       0.000000000000E+00       0.000000000000E+00
       0.433925000000E-01       0.000000000000E+00       0.000000000000E+00       0.000000000000E+00      -0.778313940058E+02       0.778313940058E+02       0.000000000000E+00       0.000000000000E+00
       0.439030000000E-01       0.000000000000E+00       0.000000000000E+00       0.000000000000E+00      -0.781522572022E+02       0.781522572022E+02       0.000000000000E+00       0.000000000000E+00
       0.444135000000E-01       0.000000000000E+00       0.000000000000E+00       0.000000000000E+00      -0.784672322240E+02       0.784672322240E+02       0.000000000000E+00       0.000000000000E+00
       0.449240000000E-01       0.000000000000E+00       0.000000000000E+00       0.000000000000E+00      -0.787694901117E+02       0.787694901117E+02       0.000000000000E+00       0.000000000000E+00
       0.454345000000E-01       0.000000000000E+00       0.000000000000E+00       0.000000000000E+00      -0.790645941335E+02       0.790645941335E+02       0.000000000000E+00       0.000000000000E+00
       0.459450000000E-01       0.000000000000E+00       0.000000000000E+00       0.000000000000E+00      -0.793565027198E+02       0.793565027198E+02       0.000000000000E+00       0.000000000000E+00
       0.464555000000E-01       0.000000000000E+00       0.000000000000E+00       0.000000000000E+00      -0.795014411300E+02       0.795014411300E+02       0.000000000000E+00       0.000000000000E+00
       0.469660000000E-01       0.000000000000E+00       0.000000000000E+00       0.000000000000E+00      -0.796354159779E+02       0.796354159779E+02       0.000000000000E+00       0.000000000000E+00
       0.474765000000E-01       0.000000000000E+00       0.000000000000E+00       0.000000000000E+00      -0.797245055370E+02       0.797245055370E+02       0.000000000000E+00       0.000000000000E+00
       0.479870000000E-01       0.000000000000E+00       0.000000000000E+00       0.000000000000E+00      -0.797985769710E+02       0.797985769710E+02       0.000000000000E+00       0.000000000000E+00
       0.484975000000E-01       0.000000000000E+00       0.000000000000E+00       0.000000000000E+00      -0.798610809392E+02       0.798610809392E+02       0.000000000000E+00       0.000000000000E+00
       0.490080000000E-01       0.000000000000E+00       0.000000000000E+00       0.000000000000E+00      -0.799135138846E+02       0.799135138846E+02       0.000000000000E+00       0.000000000000E+00
       0.495185000000E-01       0.000000000000E+00       0.000000000000E+00       0.000000000000E+00      -0.799559032718E+02       0.799559032718E+02       0.000000000000E+00       0.000000000000E+00
       0.500290000000E-01       0.000000000000E+00       0.000000000000E+00       0.000000000000E+00      -0.799896554254E+02       0.799896554254E+02       0.000000000000E+00       0.000000000000E+00
       0.505395000000E-01       0.000000000000E+00       0.000000000000E+00       0.000000000000E+00      -0.800151385674E+02       0.800151385674E+02       0.000000000000E+00       0.000000000000E+00
       0.510500000000E-01       0.000000000000E+00       0.000000000000E+00       0.000000000000E+00      -0.800343317033E+02       0.800343317033E+02       0.000000000000E+00       0.000000000000E+00
       0.515605000000E-01       0.000000000000E+00       0.000000000000E+00       0.000000000000E+00      -0.800465376066E+02       0.800465376066E+02       0.000000000000E+00       0.000000000000E+00
       0.520710000000E-01       0.000000000000E+00       0.000000000000E+00       0.000000000000E+00      -0.800486221555E+02       0.800486221555E+02       0.000000000000E+00       0.000000000000E+00
       0.525815000000E-01       0.000000000000E+00       0.000000000000E+00       0.000000000000E+00      -0.800440888710E+02       0.800440888710E+02       0.000000000000E+00       0.000000000000E+00
       0.530920000000E-01       0.000000000000E+00       0.000000000000E+00       0.000000000000E+00      -0.800365511564E+02       0.800365511564E+02       0.000000000000E+00       0.000000000000E+00
       0.536025000000E-01       0.000000000000E+00       0.000000000000E+00       0.000000000000E+00      -0.800228921493E+02       0.800228921493E+02       0.000000000000E+00       0.000000000000E+00
       0.541130000000E-01       0.000000000000E+00       0.000000000000E+00       0.000000000000E+00      -0.800014269203E+02       0.800014269203E+02       0.000000000000E+00       0.000000000000E+00
       0.546235000000E-01       0.000000000000E+00       0.000000000000E+00       0.000000000000E+00      -0.799743810769E+02       0.799743810769E+02       0.000000000000E+00       0.000000000000E+00
       0.551340000000E-01       0.000000000000E+00       0.000000000000E+00       0.000000000000E+00      -0.799418253824E+02       0.799418253824E+02       0.000000000000E+00       0.000000000000E+00
       0.556445000000E-01       0.000000000000E+00       0.000000000000E+00       0.000000000000E+00      -0.799062350917E+02       0.799062350917E+02       0.000000000000E+00       0.000000000000E+00
       0.561550000000E-01       0.000000000000E+00       0.000000000000E+00       0.000000000000E+00      -0.798662368607E+02       0.798662368607E+02       0.000000000000E+00       0.000000000000E+00
       0.566655000000E-01       0.000000000000E+00       0.000000000000E+00       0.000000000000E+00      -0.798227850583E+02       0.798227850583E+02       0.000000000000E+00       0.000000000000E+00
       0.571760000000E-01       0.000000000000E+00       0.000000000000E+00       0.000000000000E+00      -0.797736541542E+02       0.797736541542E+02       0.000000000000E+00       0.000000000000E+00
       0.576865000000E-01       0.000000000000E+00       0.000000000000E+00       0.000000000000E+00      -0.797192623774E+02       0.797192623774E+02       0.000000000000E+00       0.000000000000E+00
       0.581970000000E-01       0.000000000000E+00       0.000000000000E+00       0.000000000000E+00      -0.796603259471E+02       0.796603259471E+02       0.000000000000E+00       0.000000000000E+00
       0.587075000000E-01       0.000000000000E+00       0.000000000000E+00       0.000000000000E+00      -0.795989010727E+02       0.795989010727E+02       0.000000000000E+00       0.000000000000E+00
       0.592180000000E-01       0.000000000000E+00       0.000000000000E+00       0.000000000000E+00      -0.795364631275E+02       0.795364631275E+02       0.000000000000E+00       0.000000000000E+00
       0.597285000000E-01       0.000000000000E+00       0.000000000000E+00       0.000000000000E+00      -0.794712123515E+02       0.794712123515E+02       0.000000000000E+00       0.000000000000E+00
       0.602390000000E-01       0.000000000000E+00       0.000000000000E+00       0.000000000000E+00      -0.794011246582E+02       0.794011246582E+02       0.000000000000E+00       0.000000000000E+00
       0.607495000000E-01       0.000000000000E+00       0.000000000000E+00       0.000000000000E+00      -0.793278042854E+02       0.793278042854E+02       0.000000000000E+00       0.000000000000E+00
       0.612600000000E-01       0.000000000000E+00       0.000000000000E+00       0.000000000000E+00      -0.792496386407E+02       0.792496386407E+02       0.000000000000E+00       0.000000000000E+00
       0.617705000000E-01       0.000000000000E+00       0.000000000000E+00       0.000000000000E+00      -0.791696734702E+02       0.791696734702E+02       0.000000000000E+00       0.000000000000E+00
       0.622810000000E-01       0.000000000000E+00       0.000000000000E+00       0.000000000000E+00      -0.790869012267E+02       0.790869012267E+02       0.000000000000E+00       0.000000000000E+00
       0.627915000000E-01       0.000000000000E+00       0.000000000000E+00       0.000000000000E+00      -0.790019796327E+02       0.790019796327E+02       0.000000000000E+00       0.000000000000E+00
       0.633020000000E-01       0.000000000000E+00       0.000000000000E+00       0.000000000000E+00      -0.789151832041E+02       0.789151832041E+02       0.000000000000E+00       0.000000000000E+00
       0.638125000000E-01       0.000000000000E+00       0.000000000000E+00       0.000000000000E+00      -0.788258322260E+02       0.788258322260E+02       0.000000000000E+00       0.000000000000E+00
       0.643230000000E-01       0.000000000000E+00       0.000000000000E+00       0.000000000000E+00      -0.787340302718E+02       0.787340302718E+02       0.000000000000E+00       0.000000000000E+00
       0.648335000000E-01       0.000000000000E+00       0.000000000000E+00       0.000000000000E+00      -0.786416176094E+02       0.786416176094E+02       0.000000000000E+00       0.000000000000E+00
       0.653440000000E-01       0.000000000000E+00       0.000000000000E+00       0.000000000000E+00      -0.785481756989E+02       0.785481756989E+02       0.000000000000E+00       0.000000000000E+00
       0.658545000000E-01       0.000000000000E+00       0.000000000000E+00       0.000000000000E+00      -0.784521418189E+02       0.784521418189E+02       0.000000000000E+00       0.000000000000E+00
       0.663650000000E-01       0.000000000000E+00       0.000000000000E+00       0.000000000000E+00      -0.783541572546E+02       0.783541572546E+02       0.000000000000E+00       0.000000000000E+00
       0.668755000000E-01       0.000000000000E+00       0.000000000000E+00       0.000000000000E+00      -0.782561425083E+02       0.782561425083E+02       0.000000000000E+00       0.000000000000E+00
       0.673860000000E-01       0.000000000000E+00       0.000000000000E+00       0.000000000000E+00      -0.781576843001E+02       0.781576843001E+02       0.000000000000E+00       0.000000000000E+00
       0.678965000000E-01       0.000000000000E+00       0.000000000000E+00       0.000000000000E+00      -0.780587684654E+02       0.780587684654E+02       0.000000000000E+00       0.000000000000E+00
       0.684070000000E-01       0.000000000000E+00       0.000000000000E+00       0.000000000000E+00      -0.779589076127E+02       0.779589076127E+02       0.000000000000E+00       0.000000000000E+00
       0.689175000000E-01       0.000000000000E+00       0.000000000000E+00       0.000000000000E+00      -0.778588257372E+02       0.778588257372E+02       0.000000000000E+00       0.000000000000E+00
       0.694280000000E-01       0.000000000000E+00       0.000000000000E+00       0.000000000000E+00      -0.777587320261E+02       0.777587320261E+02       0.000000000000E+00       0.000000000000E+00
       0.699385000000E-01       0.000000000000E+00       0.000000000000E+00       0.000000000000E+00      -0.776582306598E+02       0.776582306598E+02       0.000000000000E+00       0.000000000000E+00
       0.704490000000E-01       0.000000000000E+00       0.000000000000E+00       0.000000000000E+00      -0.775570893942E+02       0.775570893942E+02       0.000000000000E+00       0.000000000000E+00
       0.709595000000E-01       0.000000000000E+00       0.000000000000E+00       0.000000000000E+00      -0.774558995188E+02       0.774558995188E+02       0.000000000000E+00       0.000000000000E+00
       0.714700000000E-01       0.000000000000E+00       0.000000000000E+00       0.000000000000E+00      -0.773538971252E+02       0.773538971252E+02       0.000000000000E+00       0.000000000000E+00
       0.719805000000E-01       0.000000000000E+00       0.000000000000E+00       0.000000000000E+00      -0.772514173046E+02       0.772514173046E+02       0.000000000000E+00       0.000000000000E+00
       0.724910000000E-01       0.000000000000E+00       0.000000000000E+00       0.000000000000E+00      -0.771493664359E+02       0.771493664359E+02       0.000000000000E+00       0.000000000000E+00
       0.730015000000E-01       0.000000000000E+00       0.000000000000E+00       0.000000000000E+00      -0.770496830361E+02       0.770496830361E+02       0.000000000000E+00       0.000000000000E+00
       0.735120000000E-01       0.000000000000E+00       0.000000000000E+00       0.000000000000E+00      -0.769512272785E+02       0.769512272785E+02       0.000000000000E+00       0.000000000000E+00
       0.740225000000E-01       0.000000000000E+00       0.000000000000E+00       0.000000000000E+00      -0.768520536580E+02       0.768520536580E+02       0.000000000000E+00       0.000000000000E+00
       0.745330000000E-01       0.000000000000E+00       0.000000000000E+00       0.000000000000E+00      -0.767494040921E+02       0.767494040921E+02       0.000000000000E+00       0.000000000000E+00
       0.750435000000E-01       0.000000000000E+00       0.000000000000E+00       0.000000000000E+00      -0.766467873146E+02       0.766467873146E+02       0.000000000000E+00       0.000000000000E+00
       0.755540000000E-01       0.000000000000E+00       0.000000000000E+00       0.000000000000E+00      -0.765420261271E+02       0.765420261271E+02       0.000000000000E+00       0.000000000000E+00
       0.760645000000E-01       0.000000000000E+00       0.000000000000E+00       0.000000000000E+00      -0.764373315393E+02       0.764373315393E+02       0.000000000000E+00       0.000000000000E+00
       0.765750000000E-01       0.000000000000E+00       0.000000000000E+00       0.000000000000E+00      -0.763323472649E+02       0.763323472649E+02       0.000000000000E+00       0.000000000000E+00
       0.770855000000E-01       0.000000000000E+00       0.000000000000E+00       0.000000000000E+00      -0.762271894907E+02       0.762271894907E+02       0.000000000000E+00       0.000000000000E+00
       0.775960000000E-01       0.000000000000E+00       0.000000000000E+00       0.000000000000E+00      -0.761210558730E+02       0.761210558730E+02       0.000000000000E+00       0.000000000000E+00
       0.781065000000E-01       0.000000000000E+00       0.000000000000E+00       0.000000000000E+00      -0.760150052577E+02       0.760150052577E+02       0.000000000000E+00       0.000000000000E+00
       0.786170000000E-01       0.000000000000E+00       0.000000000000E+00       0.000000000000E+00      -0.759097997682E+02       0.759097997682E+02       0.000000000000E+00       0.000000000000E+00
       0.791275000000E-01       0.000000000000E+00       0.000000000000E+00       0.000000000000E+00      -0.758051997137E+02       0.758051997137E+02       0.000000000000E+00       0.000000000000E+00
       0.796380000000E-01       0.000000000000E+00       0.000000000000E+00       0.000000000000E+00      -0.756970485766E+02       0.756970485766E+02       0.000000000000E+00       0.000000000000E+00
       0.801485000000E-01       0.000000000000E+00       0.000000000000E+00       0.000000000000E+00      -0.755877027161E+02       0.755877027161E+02       0.000000000000E+00       0.000000000000E+00
       0.806590000000E-01       0.000000000000E+00       0.000000000000E+00       0.000000000000E+00      -0.754779992192E+02       0.754779992192E+02       0.000000000000E+00       0.000000000000E+00
       0.811695000000E-01       0.000000000000E+00       0.000000000000E+00       0.000000000000E+00      -0.753680042562E+02       0.753680042562E+02       0.000000000000E+00       0.000000000000E+00
       0.816800000000E-01       0.000000000000E+00       0.000000000000E+00       0.000000000000E+00      -0.752568812589E+02       0.752568812589E+02       0.000000000000E+00       0.000000000000E+00
       0.821905000000E-01       0.000000000000E+00       0.000000000000E+00       0.000000000000E+00      -0.751472431526E+02       0.751472431526E+02       0.000000000000E+00       0.000000000000E+00
       0.827010000000E-01       0.000000000000E+00       0.000000000000E+00       0.000000000000E+00      -0.750382249668E+02       0.750382249668E+02       0.000000000000E+00       0.000000000000E+00
       0.832115000000E-01       0.000000000000E+00       0.000000000000E+00       0.000000000000E+00      -0.749298517507E+02       0.749298517507E+02       0.000000000000E+00       0.000000000000E+00
       0.837220000000E-01       0.000000000000E+00       0.000000000000E+00       0.000000000000E+00      -0.748206657236E+02       0.748206657236E+02       0.000000000000E+00       0.000000000000E+00
       0.842325000000E-01       0.000000000000E+00       0.000000000000E+00       0.000000000000E+00      -0.747125577179E+02       0.747125577179E+02       0.000000000000E+00       0.000000000000E+00
       0.847430000000E-01       0.000000000000E+00       0.000000000000E+00       0.000000000000E+00      -0.746045420910E+02       0.746045420910E+02       0.000000000000E+00       0.000000000000E+00
       0.852535000000E-01       0.000000000000E+00       0.000000000000E+00       0.000000000000E+00      -0.744961642511E+02       0.744961642511E+02       0.000000000000E+00       0.000000000000E+00
       0.857640000000E-01       0.000000000000E+00       0.000000000000E+00       0.000000000000E+00      -0.743879228685E+02       0.743879228685E+02       0.000000000000E+00       0.000000000000E+00
       0.862745000000E-01       0.000000000000E+00       0.000000000000E+00       0.000000000000E+00      -0.742801451447E+02       0.742801451447E+02       0.000000000000E+00       0.000000000000E+00
       0.867850000000E-01       0.000000000000E+00       0.000000000000E+00       0.000000000000E+00      -0.741730090004E+02       0.741730090004E+02       0.000000000000E+00       0.000000000000E+00
       0.872955000000E-01       0.000000000000E+00       0.000000000000E+00       0.000000000000E+00      -0.740656039988E+02       0.740656039988E+02       0.000000000000E+00       0.000000000000E+00
       0.878060000000E-01       0.000000000000E+00       0.000000000000E+00       0.000000000000E+00      -0.739579443261E+02       0.739579443261E+02       0.000000000000E+00       0.000000000000E+00
       0.883165000000E-01       0.000000000000E+00       0.000000000000E+00       0.000000000000E+00      -0.738493364023E+02       0.738493364023E+02       0.000000000000E+00       0.000000000000E+00
       0.888270000000E-01       0.000000000000E+00       0.000000000000E+00       0.000000000000E+00      -0.737401967164E+02       0.737401967164E+02       0.000000000000E+00       0.000000000000E+00
       0.893375000000E-01       0.000000000000E+00       0.000000000000E+00       0.000000000000E+00      -0.736313023416E+02       0.736313023416E+02       0.000000000000E+00       0.000000000000E+00
       0.898480000000E-01       0.000000000000E+00       0.000000000000E+00       0.000000000000E+00      -0.735225357520E+02       0.735225357520E+02       0.000000000000E+00       0.000000000000E+00
       0.903585000000E-01       0.000000000000E+00       0.000000000000E+00       0.000000000000E+00      -0.734132429348E+02       0.734132429348E+02       0.000000000000E+00       0.000000000000E+00
       0.908690000000E-01       0.000000000000E+00       0.000000000000E+00       0.000000000000E+00      -0.733037128209E+02       0.733037128209E+02       0.000000000000E+00       0.000000000000E+00
       0.913795000000E-01       0.000000000000E+00       0.000000000000E+00       0.000000000000E+00      -0.731944756301E+02       0.731944756301E+02       0.000000000000E+00       0.000000000000E+00
       0.918900000000E-01       0.000000000000E+00       0.000000000000E+00       0.000000000000E+00      -0.730838077022E+02       0.730838077022E+02       0.000000000000E+00       0.000000000000E+00
       0.924005000000E-01       0.000000000000E+00       0.000000000000E+00       0.000000000000E+00      -0.729742516281E+02       0.729742516281E+02       0.000000000000E+00       0.000000000000E+00
       0.929110000000E-01       0.000000000000E+00       0.000000000000E+00       0.000000000000E+00      -0.728651564418E+02       0.728651564418E+02       0.000000000000E+00       0.000000000000E+00
       0.934215000000E-01       0.000000000000E+00       0.000000000000E+00       0.000000000000E+00      -0.727557309122E+02       0.727557309122E+02       0.000000000000E+00       0.000000000000E+00
       0.939320000000E-01       0.000000000000E+00       0.000000000000E+00       0.000000000000E+00      -0.726472433916E+02       0.726472433916E+02       0.000000000000E+00       0.000000000000E+00
       0.944425000000E-01       0.000000000000E+00       0.000000000000E+00       0.000000000000E+00      -0.725394732597E+02       0.725394732597E+02       0.000000000000E+00       0.000000000000E+00
       0.949530000000E-01       0.000000000000E+00       0.000000000000E+00       0.000000000000E+00      -0.724302857444E+02       0.724302857444E+02       0.000000000000E+00       0.000000000000E+00
       0.954635000000E-01       0.000000000000E+00       0.000000000000E+00       0.000000000000E+00      -0.723216418175E+02       0.723216418175E+02       0.000000000000E+00       0.000000000000E+00
       0.959740000000E-01       0.000000000000E+00       0.000000000000E+00       0.000000000000E+00      -0.722151638143E+02       0.722151638143E+02       0.000000000000E+00       0.000000000000E+00
       0.964845000000E-01       0.000000000000E+00       0.000000000000E+00       0.000000000000E+00      -0.721087735635E+02       0.721087735635E+02       0.000000000000E+00       0.000000000000E+00
       0.969950000000E-01       0.000000000000E+00       0.000000000000E+00       0.000000000000E+00      -0.720030288731E+02       0.720030288731E+02       0.000000000000E+00       0.000000000000E+00
       0.975055000000E-01       0.000000000000E+00       0.000000000000E+00       0.000000000000E+00      -0.718967411049E+02       0.718967411049E+02       0.000000000000E+00       0.000000000000E+00
       0.980160000000E-01       0.000000000000E+00       0.000000000000E+00       0.000000000000E+00      -0.717904683689E+02       0.717904683689E+02       0.000000000000E+00       0.000000000000E+00
       0.985265000000E-01       0.000000000000E+00       0.000000000000E+00       0.000000000000E+00      -0.716837858518E+02       0.716837858518E+02       0.000000000000E+00       0.000000000000E+00
       0.990370000000E-01       0.000000000000E+00       0.000000000000E+00       0.000000000000E+00      -0.715775985740E+02       0.715775985740E+02       0.000000000000E+00       0.000000000000E+00
       0.995475000000E-01       0.000000000000E+00       0.000000000000E+00       0.000000000000E+00      -0.714728884219E+02       0.714728884219E+02       0.000000000000E+00       0.000000000000E+00
       0.100058000000E+00       0.000000000000E+00       0.000000000000E+00       0.000000000000E+00      -0.713685792961E+02       0.713685792961E+02       0.000000000000E+00       0.000000000000E+00
       0.100568500000E+00       0.000000000000E+00       0.000000000000E+00       0.000000000000E+00      -0.712638873354E+02       0.712638873354E+02       0.000000000000E+00       0.000000000000E+00
       0.101079000000E+00       0.000000000000E+00       0.000000000000E+00       0.000000000000E+00      -0.711594844762E+02       0.711594844762E+02       0.000000000000E+00       0.000000000000E+00
       0.101589500000E+00       0.000000000000E+00       0.000000000000E+00       0.000000000000E+00      -0.710549632835E+02       0.710549632835E+02       0.000000000000E+00       0.000000000000E+00
       0.102100000000E+00       0.000000000000E+00       0.000000000000E+00       0.000000000000E+00      -0.709504076225E+02       0.709504076225E+02       0.000000000000E+00       0.000000000000E+00
