TEXTURE AT STRAIN
    0.955    1.110    0.946   90.048    0.485    0.000
 EPSC Step=   200    1  200   0.1021E+00  -0.4578E-01  -0.5421E-01   0.1048E+04   0.0000E+00   0.0000E+00
 B        282 0
      -36.99      141.67       62.33  0.00494800
      -84.22       64.04       59.24  0.00081170
      129.46       21.30      160.69  0.00340419
     -178.17       94.19     -103.40  0.00280274
       41.95      118.88       15.26  0.00186120
      123.20      102.68      149.31  0.00046430
      -80.73      124.44      -59.30  0.00145096
      176.30       30.09      -45.66  0.00660000
       56.26      109.59      -55.91  0.00085047
       60.78       54.89      -38.74  0.00584716
      129.26      112.17     -121.23  0.00660000
       98.50      103.56     -108.40  0.00272717
     -134.90       15.80     -154.59  0.00655100
       86.12      111.07      -42.73  0.00660000
       46.04       51.98      -31.47  0.00660000
      172.41       41.54      -61.13  0.00394591
      149.44      121.72     -143.23  0.00310579
       19.70      117.23     -143.56  0.00482213
       36.69       50.50     -126.58  0.00201499
       57.28       72.05      158.75  0.00660000
      -86.54       71.88      140.37  0.00410044
        3.97      112.21      155.35  0.00031326
     -145.79      111.92      110.89  0.00660000
       95.00       96.23     -169.51  0.00037721
      107.75      173.45      141.96  0.00349838
     -139.86       91.65     -155.79  0.00083024
       69.29       18.87      -34.80  0.00098139
     -109.24      111.74       25.56  0.00491523
      149.24      158.90     -102.90  0.00308686
       -6.13       15.16     -124.61  0.00383521
      -16.15      139.94     -132.11  0.00660000
     -128.63      102.76      106.37  0.00221857
       30.07       55.35     -124.73  0.00660000
      162.35       43.20       29.70  0.00660000
     -155.98      110.61      -74.59  0.00660000
      -85.81      128.03      103.72  0.00076132
       54.44      174.80      -94.70  0.00216428
       -8.14      113.29        6.97  0.00227260
      143.51      103.38      -12.04  0.00660000
     -132.29      126.91      -51.85  0.00660000
       98.05       77.18      130.93  0.00461302
       69.19       58.87       69.05  0.00273387
      174.81       34.93      -41.50  0.00660000
       45.84       89.66     -104.82  0.00470450
      -48.24       48.70      133.84  0.00512087
       -0.58      127.37     -130.71  0.00064612
      -58.28       72.75       15.97  0.00332753
       23.82        8.89       50.99  0.00383249
       22.66       37.42      145.17  0.00488355
     -179.95      157.23     -151.12  0.00187765
     -107.76       62.10       46.72  0.00660000
      123.05       71.54     -166.92  0.00245957
       58.03      121.63       49.03  0.00660000
     -141.22       93.64     -177.61  0.00614849
      -50.17       10.21        3.92  0.00629748
       19.26       40.95     -137.76  0.00660000
       50.75      103.10     -155.77  0.00003336
       59.18       45.31      -49.97  0.00418584
      -57.26       81.70      -74.21  0.00471814
       61.61      102.87      114.07  0.00660000
     -168.57       82.50      -19.19  0.00475782
      151.82       50.63      126.10  0.00660000
     -143.10      101.38       90.13  0.00484010
       20.83      144.94      121.25  0.00231756
       64.99       79.63       39.89  0.00000318
      -11.51       42.31     -129.29  0.00660000
     -139.41       93.70     -174.09  0.00003828
      178.45       38.23      145.38  0.00347779
     -141.83      163.83       61.16  0.00660000
     -119.64       68.21      153.04  0.00219896
      148.80       85.65      -91.60  0.00660000
       -3.22      153.09     -130.12  0.00660000
      -76.02       86.40      163.40  0.00523839
     -123.21       54.64       46.31  0.00061967
      -11.05       98.63      -26.37  0.00021747
      -85.16      118.59     -137.00  0.00660000
       31.02       50.61     -112.40  0.00660000
      171.25       76.10      140.83  0.00280456
      -14.93       62.44     -136.37  0.00660000
      -46.47       10.40       73.73  0.00176073
     -111.98      116.92      127.15  0.00660000
     -115.68      116.23      -57.38  0.00660000
       87.34      102.25      -79.86  0.00085607
      -24.10       96.45      139.01  0.00124252
     -164.58      110.65      121.01  0.00503921
       53.95      141.68     -144.58  0.00261453
      -42.50       86.44      -70.43  0.00150040
      -19.02       38.19       78.40  0.00369028
       76.28       65.51       64.85  0.00660000
      -57.67       62.77       53.11  0.00249432
       83.47      112.42       78.98  0.00066822
       18.41       36.93       51.54  0.00660000
      -41.24       36.79      -87.61  0.00276735
       58.84       69.52      -99.82  0.00660000
     -160.22       21.51     -148.87  0.00660000
       94.79      114.89      -54.62  0.00660000
     -120.46       67.03      148.73  0.00660000
      -71.31       90.09       47.00  0.00309943
      -30.34      148.34       89.22  0.00166683
     -125.18      124.62      110.89  0.00660000
     -109.67       59.00       55.33  0.00030907
      -98.68      130.82      -96.48  0.00000145
        4.48       49.64      -41.27  0.00660000
      147.94      157.33      122.37  0.00413551
        4.44       67.77     -142.23  0.00321400
     -170.05      135.62       73.00  0.00024467
      -89.75      100.09       21.20  0.00124635
      -92.79       73.49     -114.52  0.00660000
      -66.69       92.78       83.86  0.00240734
      -58.66       60.78       -6.59  0.00031563
       -3.97       54.27       36.89  0.00660000
      -32.71      110.84      153.94  0.00314279
       -3.61       70.82     -163.76  0.00598312
     -146.11      116.15      119.71  0.00509780
      -92.07      111.13       98.03  0.00082601
       41.71       63.56      166.30  0.00374102
     -143.36      121.70      -71.71  0.00660000
       93.96       38.22     -177.00  0.00060936
     -139.26       40.37       55.44  0.00004005
     -162.51      104.32     -178.44  0.00567022
     -138.96       84.46      133.76  0.00255494
       12.48       56.41      -79.51  0.00197321
      -64.29      173.68        7.00  0.00322502
     -161.48       76.73       71.28  0.00010410
      155.11      136.38       -9.15  0.00052093
      141.37       91.89      -22.51  0.00075518
      -63.10      153.91      -15.84  0.00102843
       15.04      167.84     -123.11  0.00660000
     -102.98      121.28     -151.76  0.00660000
      166.65      139.40      -31.53  0.00185067
      120.65      118.43     -138.08  0.00421194
        2.82      151.74      -97.18  0.00163184
      113.71       42.24       65.09  0.00073483
      110.14      145.64       80.30  0.00107228
      -92.96       73.96     -146.56  0.00199535
     -104.86       75.38     -123.52  0.00295227
       11.64      119.50      -61.97  0.00167363
      -99.19      102.50       71.99  0.00287693
      134.06       80.89      100.42  0.00472563
       69.73       62.64       79.71  0.00302104
      176.96      114.35     -149.22  0.00265595
      -76.83       66.66        8.89  0.00225685
      126.50       58.54       57.94  0.00008311
       79.97       31.76       94.67  0.00171892
       36.49      135.44       51.76  0.00660000
       -8.69       22.19      -34.03  0.00660000
     -175.14      140.84       54.18  0.00032057
       72.05       59.03      -67.23  0.00051036
      -72.04       53.70      162.62  0.00256333
      -84.71       66.01      -16.29  0.00197312
     -168.70       62.67     -125.15  0.00082873
      -64.62      108.45      -25.76  0.00235788
     -145.51       48.71      -35.86  0.00262136
       97.40      146.49      127.22  0.00062054
       -0.85       53.26     -102.95  0.00359236
      -52.25       80.11      100.87  0.00660000
       38.02      100.76     -171.39  0.00318670
     -133.11       59.64       55.34  0.00092155
     -122.06      116.87     -144.39  0.00660000
      165.52       63.62      120.70  0.00132228
       49.93      116.29     -143.29  0.00660000
     -101.39       67.67      -62.25  0.00071552
      -81.59      139.88      102.96  0.00137298
       31.47      151.29      -75.54  0.00031368
      -25.95       99.85      -23.72  0.00209359
     -132.80       63.59       43.78  0.00234092
       56.53       42.10      -27.69  0.00221553
      179.52      129.16       40.38  0.00660000
       -0.77       34.04     -140.92  0.00660000
     -122.79       68.43     -127.57  0.00126434
      147.36       10.67       20.08  0.00265389
     -161.02      115.23        4.97  0.00016590
       76.49      118.65      138.36  0.00436024
       -9.89      125.81      128.21  0.00527900
        4.57      139.10     -127.22  0.00660000
       -3.84       79.72      -96.09  0.00310950
     -177.46      142.28       34.26  0.00660000
       50.11       93.45     -173.03  0.00660000
       -6.95       58.21      142.62  0.00034402
       -2.57       82.33      123.37  0.00468584
       51.20      115.58      -56.38  0.00660000
      178.22      152.05      -56.25  0.00660000
      144.07       58.66        3.48  0.00340000
       93.28       72.07       64.71  0.00340000
       45.00       21.05       74.50  0.00340000
       41.58       91.17       18.69  0.00340000
       77.29       16.38       26.23  0.00340000
       63.29       84.58       26.80  0.00340000
      135.81       82.85        3.13  0.00340000
       12.86       77.22       69.45  0.00340000
        1.68       84.65       51.86  0.00340000
       12.40       37.02       35.62  0.00340000
       53.70       32.63       47.11  0.00340000
       84.42       43.74       52.07  0.00340000
       93.08       48.97       82.54  0.00340000
       13.19       41.07       16.74  0.00340000
      142.41       55.20       23.69  0.00340000
       57.82       80.92       70.96  0.00340000
       68.32       62.31       50.92  0.00340000
       41.08       67.01       66.93  0.00340000
       60.24       82.80        7.51  0.00340000
       72.35       48.38       10.89  0.00340000
       98.60       52.06       35.37  0.00340000
       32.52       70.89       77.18  0.00340000
        4.28       88.23       43.66  0.00340000
       81.93       73.95       37.11  0.00340000
        9.14       87.55       11.87  0.00340000
       66.71       56.50       48.10  0.00340000
      101.40       41.54        8.34  0.00340000
       43.54       57.91       63.96  0.00340000
       71.92       36.15       26.82  0.00340000
       24.68       78.53       86.00  0.00340000
        7.14       78.35       61.58  0.00340000
       12.78       47.46       18.71  0.00340000
      105.86       36.62        7.42  0.00340000
      111.24       39.22       62.23  0.00340000
       67.94       55.85       53.51  0.00340000
       93.56       50.60       36.54  0.00340000
       67.35       73.49       18.07  0.00340000
       29.43       16.08       52.02  0.00340000
        9.00       10.22       62.25  0.00340000
       32.11       59.40       28.74  0.00340000
       69.70       49.57       40.87  0.00340000
      145.76       36.18       27.36  0.00340000
       91.40       74.44       17.48  0.00340000
       80.95       69.20        9.28  0.00340000
       83.18       24.94       19.23  0.00340000
       97.25       70.96        8.59  0.00340000
       13.51       44.37       47.70  0.00340000
       94.00       61.73       70.91  0.00340000
      125.24       79.17       14.37  0.00340000
       65.79       14.11       60.32  0.00340000
      156.60       69.61        7.61  0.00340000
       54.71       78.54       58.35  0.00340000
       57.74       76.40       -1.91  0.00340000
       -0.03       87.54       31.98  0.00340000
       16.49       35.55       65.63  0.00340000
       77.42       35.18       88.36  0.00340000
       82.66       39.75        3.08  0.00340000
       31.65       72.74       81.33  0.00340000
       36.54       56.63       63.20  0.00340000
       84.96       47.97       30.36  0.00340000
       91.94       17.58       87.76  0.00340000
       10.88       60.18       49.94  0.00340000
       35.51       70.46       81.13  0.00340000
       33.63       85.04       47.07  0.00340000
       18.76       52.65       61.25  0.00340000
       54.88       47.56       33.91  0.00340000
       51.08       79.75       -0.66  0.00340000
       50.47       59.21       64.34  0.00340000
        1.46       37.09       15.81  0.00340000
      129.28       11.24       27.57  0.00340000
       45.54       46.78       45.71  0.00340000
       10.04       86.43       31.97  0.00340000
        3.96       76.00       62.92  0.00340000
      110.06       27.20       30.26  0.00340000
       87.63       69.97        8.58  0.00340000
        5.25       18.81       29.67  0.00340000
       26.74       31.59       37.36  0.00340000
       31.52       57.12       35.15  0.00340000
      104.23       76.85       35.62  0.00340000
       19.00       43.09       26.77  0.00340000
       18.41       85.64       12.36  0.00340000
       54.08       69.93       80.19  0.00340000
       87.16       31.22        8.94  0.00340000
       46.65       64.90       68.61  0.00340000
      162.53       13.30        5.49  0.00340000
      126.97       74.55       16.44  0.00340000
      102.86       40.03       73.43  0.00340000
      150.60       53.92       18.11  0.00340000
       76.64       22.50       31.84  0.00340000
       62.11       81.94       84.43  0.00340000
      142.93       70.77       13.20  0.00340000
       49.69       48.35       60.51  0.00340000
       61.85       35.29       18.68  0.00340000
       67.02       86.70       82.83  0.00340000
      102.05       56.17       68.60  0.00340000
       56.59       78.23       36.79  0.00340000
       11.44       68.41        2.57  0.00340000
       74.57       75.85       73.08  0.00340000
       30.49       24.71       24.37  0.00340000
       14.72       83.86       68.34  0.00340000
