TEXTURE AT STRAIN
    1.000    1.001    1.000  178.063    2.415  -88.152
 EPSC Step=     1    1    1   0.5105E-03  -0.1390E-03  -0.1561E-03   0.1078E+03   0.0000E+00   0.0000E+00
 B        282 0
      -34.16      142.47       66.25  0.00494800
      -86.72       63.74       61.45  0.00081170
      125.85       23.41      165.45  0.00340419
     -178.00       94.29     -100.12  0.00280274
       41.87      119.45       11.65  0.00186120
      125.08       97.23      148.37  0.00046430
      -86.54      126.39      -61.57  0.00145096
      173.51       30.63      -43.51  0.00660000
       55.11      107.10      -54.47  0.00085047
       63.24       52.43      -38.07  0.00584716
      130.08      111.02     -123.33  0.00660000
       97.26      102.37     -108.44  0.00272717
     -137.25       16.62     -152.89  0.00655100
       86.09      111.56      -41.87  0.00660000
       45.10       51.33      -30.93  0.00660000
      171.73       43.17      -62.22  0.00394591
      146.99      119.76     -145.76  0.00310579
       23.67      115.13     -140.08  0.00482213
       36.86       50.20     -129.83  0.00201499
       58.24       71.34      158.56  0.00660000
      -87.47       72.63      141.09  0.00410044
        5.01      114.35      156.72  0.00031326
     -146.11      112.45      113.53  0.00660000
       93.34       93.55     -169.65  0.00037721
       91.02      170.40      124.93  0.00349838
     -140.66       89.06     -151.73  0.00083024
       76.30       22.85      -39.98  0.00098139
     -107.76      114.02       26.38  0.00491523
      147.95      158.58     -105.01  0.00308686
      -10.34       15.30     -120.14  0.00383521
      -20.18      137.55     -135.40  0.00660000
     -128.20      102.57      106.93  0.00221857
       30.41       56.40     -128.26  0.00660000
      161.99       43.44       29.39  0.00660000
     -157.22      111.70      -73.85  0.00660000
      -88.42      128.16      103.12  0.00076132
       57.05      171.73      -93.98  0.00216428
       -7.21      113.09        5.52  0.00227260
      144.24      103.94      -12.44  0.00660000
     -133.12      126.85      -50.51  0.00660000
       95.66       79.48      130.90  0.00461302
       69.48       53.99       69.98  0.00273387
      170.69       35.81      -38.16  0.00660000
       44.46       93.64     -109.40  0.00470450
      -46.42       48.10      137.44  0.00512087
       -0.96      127.02     -130.62  0.00064612
      -59.85       69.21       16.35  0.00332753
       28.09        8.65       49.74  0.00383249
       23.25       37.57      144.71  0.00488355
      179.49      157.16     -152.62  0.00187765
     -104.62       60.01       45.35  0.00660000
      120.89       66.16     -167.79  0.00245957
       55.25      119.46       50.93  0.00660000
     -142.03       93.94     -177.83  0.00614849
      -65.14       15.54       18.53  0.00629748
       25.44       44.13     -143.33  0.00660000
       49.42       99.31     -153.47  0.00003336
       59.02       44.71      -49.83  0.00418584
      -57.74       82.96      -73.60  0.00471814
       62.11      101.81      114.47  0.00660000
     -168.49       83.70      -19.53  0.00475782
      151.18       51.86      128.86  0.00660000
     -143.29      101.92       86.61  0.00484010
       20.38      145.23      119.83  0.00231756
       62.49       81.70       39.64  0.00000318
      -19.13       45.04     -124.00  0.00660000
     -139.82       92.95     -172.76  0.00003828
      178.28       38.39      146.47  0.00347779
     -140.11      162.34       62.75  0.00660000
     -117.35       65.74      151.48  0.00219896
      150.54       85.79      -94.78  0.00660000
       -3.73      152.71     -129.95  0.00660000
      -78.08       86.20      163.11  0.00523839
     -123.66       54.86       45.23  0.00061967
      -14.34       97.18      -26.50  0.00021747
      -87.03      121.35     -137.23  0.00660000
       29.14       49.22     -111.21  0.00660000
      164.99       75.00      142.80  0.00280456
      -20.49       64.53     -132.83  0.00660000
      -49.06       12.99       75.52  0.00176073
     -108.92      119.54      128.56  0.00660000
     -112.01      119.56      -56.20  0.00660000
       87.65       99.30      -79.85  0.00085607
      -27.41       95.33      137.74  0.00124252
     -161.16      109.32      122.76  0.00503921
       54.46      141.78     -148.55  0.00261453
      -41.22       89.76      -65.73  0.00150040
      -25.84       38.46       83.91  0.00369028
       76.62       62.78       65.43  0.00660000
      -53.52       65.55       54.40  0.00249432
       82.63      110.45       78.36  0.00066822
       21.55       38.11       48.98  0.00660000
      -46.27       37.81      -85.32  0.00276735
       58.57       64.73      -98.26  0.00660000
     -149.91       25.82     -157.76  0.00660000
       93.45      115.46      -56.04  0.00660000
     -119.62       66.99      148.28  0.00660000
      -71.67       89.89       46.88  0.00309943
      -36.86      147.44       84.87  0.00166683
     -123.25      128.30      108.15  0.00660000
     -107.40       54.44       55.44  0.00030907
     -101.79      130.37      -96.49  0.00000145
        6.96       50.36      -42.52  0.00660000
      140.97      154.29      116.03  0.00413551
        7.28       67.95     -143.65  0.00321400
     -166.06      136.52       77.12  0.00024467
      -90.02       96.36       21.15  0.00124635
      -93.57       75.17     -114.38  0.00660000
      -68.67       92.39       83.84  0.00240734
      -55.62       59.34       -8.05  0.00031563
       -7.57       57.10       37.28  0.00660000
      -32.93      109.94      149.53  0.00314279
       -3.19       70.93     -166.60  0.00598312
     -145.78      115.43      124.05  0.00509780
      -92.86      108.54       98.59  0.00082601
       41.56       62.79      169.75  0.00374102
     -144.48      121.84      -73.14  0.00660000
       94.97       38.05     -174.58  0.00060936
     -141.10       38.79       56.98  0.00004005
     -164.41      103.66     -179.01  0.00567022
     -140.31       84.87      133.26  0.00255494
       13.80       56.21      -81.02  0.00197321
      -50.37      173.68       21.61  0.00322502
     -161.15       76.96       70.23  0.00010410
      156.80      136.57       -6.84  0.00052093
      141.88       89.32      -26.83  0.00075518
      -66.00      150.88      -18.22  0.00102843
       24.85      167.72     -113.47  0.00660000
     -103.05      125.80     -152.35  0.00660000
      164.92      138.73      -31.86  0.00185067
      122.85      116.54     -138.96  0.00421194
        2.19      151.70      -94.10  0.00163184
      115.32       42.44       66.30  0.00073483
      111.25      144.75       79.00  0.00107228
      -91.57       75.90     -146.63  0.00199535
     -102.83       75.89     -124.24  0.00295227
       13.28      118.43      -61.57  0.00167363
      -98.58       99.88       72.35  0.00287693
      134.13       81.26      101.03  0.00472563
       67.42       58.90       81.20  0.00302104
      172.65      116.91     -153.24  0.00265595
      -74.81       65.27        8.33  0.00225685
      129.54       60.22       59.62  0.00008311
       79.79       30.64       90.84  0.00171892
       38.35      133.29       56.61  0.00660000
      -14.35       24.19      -28.66  0.00660000
     -172.01      140.83       56.98  0.00032057
       66.83       62.76      -65.20  0.00051036
      -67.83       54.93      161.96  0.00256333
      -85.59       67.60      -15.41  0.00197312
     -165.59       65.02     -126.87  0.00082873
      -66.46      109.78      -27.24  0.00235788
     -145.45       48.51      -38.30  0.00262136
       94.12      146.28      127.74  0.00062054
       -1.21       53.40      -98.68  0.00359236
      -52.84       79.86      100.97  0.00660000
       37.39      100.89     -171.47  0.00318670
     -134.29       60.73       53.13  0.00092155
     -121.83      116.68     -143.84  0.00660000
      162.29       64.74      122.02  0.00132228
       48.03      114.25     -139.72  0.00660000
     -100.71       69.54      -62.72  0.00071552
      -82.61      140.46      102.92  0.00137298
       31.06      151.26      -76.22  0.00031368
      -27.26       98.08      -27.90  0.00209359
     -134.80       65.78       40.76  0.00234092
       58.53       41.05      -24.89  0.00221553
      179.22      128.77       39.74  0.00660000
       -1.24       34.38     -141.42  0.00660000
     -124.51       71.89     -129.08  0.00126434
      150.43       10.73       19.17  0.00265389
     -162.74      114.25        4.29  0.00016590
       79.70      120.28      139.65  0.00436024
      -16.98      124.62      124.09  0.00527900
        7.04      139.16     -125.06  0.00660000
       -2.63       79.79      -93.54  0.00310950
     -176.61      143.07       33.36  0.00660000
       50.40       92.45     -172.35  0.00660000
      -12.30       57.65      145.96  0.00034402
       -5.55       85.24      121.68  0.00468584
       50.24      114.22      -54.51  0.00660000
      176.60      151.99      -58.41  0.00660000
      142.35       57.26        1.40  0.00340000
       91.59       75.20       64.45  0.00340000
       51.72       23.00       69.66  0.00340000
       41.07       88.64       22.41  0.00340000
       75.55       15.40       27.86  0.00340000
       61.56       83.20       27.51  0.00340000
      135.76       81.40        1.67  0.00340000
       13.10       77.25       70.67  0.00340000
        2.90       84.34       52.76  0.00340000
       19.68       38.00       29.85  0.00340000
       51.81       30.12       50.41  0.00340000
       84.47       41.89       52.06  0.00340000
       91.61       49.24       82.69  0.00340000
       17.11       41.73       12.75  0.00340000
      144.64       54.19       21.93  0.00340000
       58.96       82.71       69.84  0.00340000
       70.40       61.24       50.88  0.00340000
       39.53       67.96       66.18  0.00340000
       60.08       80.27        9.16  0.00340000
       67.71       48.71       11.46  0.00340000
      100.00       48.54       34.00  0.00340000
       30.41       70.36       78.06  0.00340000
        8.60       88.53       43.58  0.00340000
       84.28       76.73       37.19  0.00340000
        8.30       87.78       10.54  0.00340000
       69.41       53.66       48.98  0.00340000
      104.97       41.47        8.82  0.00340000
       42.15       57.08       65.23  0.00340000
       72.34       34.78       28.32  0.00340000
       21.97       77.85       87.16  0.00340000
        8.29       78.35       62.76  0.00340000
       16.56       47.94       15.54  0.00340000
      107.77       37.52        9.32  0.00340000
      111.71       37.83       61.24  0.00340000
       70.19       52.37       54.27  0.00340000
       94.67       46.99       35.96  0.00340000
       65.00       73.08       18.57  0.00340000
       25.83       15.04       57.39  0.00340000
       15.37        9.67       59.30  0.00340000
       33.71       59.89       27.67  0.00340000
       72.89       47.11       41.45  0.00340000
      150.47       33.94       22.51  0.00340000
       91.88       77.19       17.68  0.00340000
       80.27       71.78        8.56  0.00340000
       84.52       24.12       19.95  0.00340000
       97.62       72.50        8.80  0.00340000
       18.52       45.62       44.00  0.00340000
       92.48       63.43       71.21  0.00340000
      124.01       79.42       14.41  0.00340000
       72.87       17.68       54.41  0.00340000
      159.73       68.74        5.95  0.00340000
       52.60       81.98       56.76  0.00340000
       57.41       72.67        0.06  0.00340000
        0.12       87.53       30.03  0.00340000
       14.72       34.95       68.73  0.00340000
       74.78       35.97       86.73  0.00340000
       78.94       39.76        2.45  0.00340000
       29.56       72.11       82.63  0.00340000
       34.54       55.71       63.79  0.00340000
       89.11       45.33       29.27  0.00340000
       92.01       13.88       87.53  0.00340000
       15.59       61.40       47.39  0.00340000
       34.11       69.18       83.32  0.00340000
       33.90       85.52       46.36  0.00340000
       18.93       52.58       61.54  0.00340000
       52.90       48.94       31.35  0.00340000
       50.94       76.06        1.97  0.00340000
       51.52       56.39       67.08  0.00340000
        2.79       37.47       11.12  0.00340000
      124.81       12.84       34.02  0.00340000
       44.21       47.01       44.07  0.00340000
       14.06       85.61       31.86  0.00340000
        5.11       75.45       65.30  0.00340000
      107.33       28.83       31.10  0.00340000
       88.27       73.36        8.58  0.00340000
        9.05       19.16       24.54  0.00340000
       31.97       33.26       31.60  0.00340000
       33.32       58.23       32.10  0.00340000
      101.29       78.68       35.54  0.00340000
       25.49       43.53       22.53  0.00340000
       17.75       85.24       13.13  0.00340000
       54.26       66.11       82.52  0.00340000
       87.34       29.87       10.41  0.00340000
       46.65       63.85       69.97  0.00340000
      163.47       13.66        7.77  0.00340000
      126.01       73.86       15.58  0.00340000
      103.35       39.17       72.91  0.00340000
      153.90       52.95       15.68  0.00340000
       78.53       23.21       32.08  0.00340000
       64.50       81.29       84.77  0.00340000
      144.44       69.77       12.01  0.00340000
       50.40       46.45       64.00  0.00340000
       60.32       36.61       16.62  0.00340000
       69.80       87.19       82.73  0.00340000
      101.57       57.55       68.71  0.00340000
       53.16       78.23       36.88  0.00340000
        9.12       68.28        2.91  0.00340000
       76.92       76.34       73.37  0.00340000
       38.14       27.52       16.90  0.00340000
       15.78       84.14       68.24  0.00340000
