  STRAIN   SUBSTRUCTURE     MODE1     MODE2     MODE3
   0.000 0.0000000E+00 0.0000000E+00 0.0000000E+00 0.0000000E+00
   0.001 0.0000000E+00 0.0000000E+00 0.0000000E+00 0.0000000E+00
   0.002 0.0000000E+00 0.0000000E+00 0.0000000E+00 0.0000000E+00
   0.003 0.0000000E+00 0.0000000E+00 0.0000000E+00 0.0000000E+00
   0.004 0.0000000E+00 0.0000000E+00 0.0000000E+00 0.0000000E+00
   0.005 0.0000000E+00 0.0000000E+00 0.0000000E+00 0.0000000E+00
   0.006 0.0000000E+00 0.0000000E+00 0.0000000E+00 0.0000000E+00
   0.007 0.0000000E+00 0.0000000E+00 0.0000000E+00 0.0000000E+00
   0.008 0.8805886E+02 0.8002308E+11 0.1136841E+12 0.2350206E+12
   0.009 0.1285404E+03 0.5957457E+11 0.2948595E+12 0.1119100E+12
   0.010 0.1285355E+03 0.5957206E+11 0.2947953E+12 0.1119716E+12
   0.011 0.1285313E+03 0.5956901E+11 0.2947335E+12 0.1120320E+12
   0.012 0.1285277E+03 0.5956562E+11 0.2946738E+12 0.1120911E+12
   0.013 0.1285245E+03 0.5956201E+11 0.2946160E+12 0.1121490E+12
   0.014 0.1285216E+03 0.5955828E+11 0.2945601E+12 0.1122054E+12
   0.015 0.1285191E+03 0.5955449E+11 0.2945059E+12 0.1122605E+12
   0.016 0.1148086E+04 0.1500176E+12 0.5125044E+12 0.8174053E+11
   0.017 0.1150473E+04 0.1502279E+12 0.5129917E+12 0.8169300E+11
   0.018 0.1360125E+04 0.1476121E+12 0.5374565E+12 0.8055772E+11
   0.019 0.2056548E+04 0.1418680E+12 0.5071096E+12 0.1630069E+12
   0.020 0.2076777E+04 0.1418982E+12 0.5066968E+12 0.1651511E+12
   0.021 0.2096739E+04 0.1419283E+12 0.5062928E+12 0.1672644E+12
   0.022 0.2116422E+04 0.1419582E+12 0.5058974E+12 0.1693459E+12
   0.023 0.2787058E+04 0.1787088E+12 0.5223552E+12 0.1648934E+12
   0.024 0.6764305E+04 0.3116108E+12 0.4937334E+12 0.1597258E+12
   0.025 0.6853198E+04 0.3141193E+12 0.4936944E+12 0.1612195E+12
   0.026 0.6940091E+04 0.3165710E+12 0.4936648E+12 0.1626785E+12
   0.027 0.9346036E+04 0.3121087E+12 0.5624681E+12 0.1599231E+12
   0.028 0.9463297E+04 0.3142462E+12 0.5635690E+12 0.1611918E+12
   0.029 0.1210665E+05 0.2952332E+12 0.6549359E+12 0.2057303E+12
   0.030 0.1964531E+05 0.2522903E+12 0.8501665E+12 0.2906458E+12
   0.031 0.1982817E+05 0.2528930E+12 0.8539985E+12 0.2936503E+12
   0.032 0.2500765E+05 0.3886069E+12 0.7666078E+12 0.4795948E+12
   0.033 0.3092104E+05 0.4289560E+12 0.7553427E+12 0.5452847E+12
   0.034 0.3127609E+05 0.4311791E+12 0.7573417E+12 0.5500343E+12
   0.035 0.3161788E+05 0.4333230E+12 0.7592494E+12 0.5545779E+12
   0.036 0.3195347E+05 0.4354367E+12 0.7610970E+12 0.5590127E+12
   0.037 0.3350444E+05 0.4361681E+12 0.7737665E+12 0.5615247E+12
   0.038 0.3381852E+05 0.4381719E+12 0.7754541E+12 0.5656625E+12
   0.039 0.3494705E+05 0.4393037E+12 0.7838956E+12 0.5686430E+12
   0.040 0.3524691E+05 0.4411978E+12 0.7854890E+12 0.5725022E+12
   0.041 0.3848235E+05 0.4510257E+12 0.7768239E+12 0.6107057E+12
   0.042 0.3879420E+05 0.4528866E+12 0.7781637E+12 0.6146497E+12
   0.043 0.3909373E+05 0.4546800E+12 0.7794427E+12 0.6184223E+12
   0.044 0.3938770E+05 0.4564549E+12 0.7806795E+12 0.6221106E+12
   0.045 0.3967031E+05 0.4581726E+12 0.7818589E+12 0.6256399E+12
   0.046 0.3994767E+05 0.4598781E+12 0.7829969E+12 0.6290880E+12
   0.047 0.4021448E+05 0.4615340E+12 0.7840812E+12 0.6323873E+12
   0.048 0.4047613E+05 0.4631793E+12 0.7851262E+12 0.6356065E+12
   0.049 0.4072797E+05 0.4647794E+12 0.7861220E+12 0.6386875E+12
   0.050 0.4097498E+05 0.4663697E+12 0.7870815E+12 0.6416939E+12
   0.051 0.4121297E+05 0.4679179E+12 0.7879965E+12 0.6445737E+12
   0.052 0.4144529E+05 0.4694478E+12 0.7888756E+12 0.6473704E+12
   0.053 0.4166994E+05 0.4709424E+12 0.7897161E+12 0.6500586E+12
   0.054 0.4188973E+05 0.4724217E+12 0.7905248E+12 0.6526757E+12
   0.055 0.4210262E+05 0.4738684E+12 0.7912985E+12 0.6551960E+12
   0.056 0.4231102E+05 0.4752994E+12 0.7920425E+12 0.6576517E+12
   0.057 0.4251300E+05 0.4766981E+12 0.7927543E+12 0.6600189E+12
   0.058 0.6094510E+05 0.4744509E+12 0.7979266E+12 0.7105993E+12
   0.059 0.6153131E+05 0.4757123E+12 0.7986744E+12 0.7138588E+12
   0.060 0.6210683E+05 0.4769508E+12 0.7993940E+12 0.7170376E+12
   0.061 0.1223095E+06 0.5908231E+12 0.7895101E+12 0.7101185E+12
   0.062 0.1550423E+06 0.5907867E+12 0.8556813E+12 0.7093515E+12
   0.063 0.2224961E+06 0.7534108E+12 0.8372706E+12 0.6967895E+12
   0.064 0.2252125E+06 0.7580472E+12 0.8380869E+12 0.6991572E+12
   0.065 0.2278983E+06 0.7626395E+12 0.8388636E+12 0.7014629E+12
   0.066 0.2305303E+06 0.7671487E+12 0.8395992E+12 0.7036997E+12
   0.067 0.2331277E+06 0.7716109E+12 0.8402960E+12 0.7058805E+12
   0.068 0.2356687E+06 0.7759901E+12 0.8409521E+12 0.7079987E+12
   0.069 0.2381714E+06 0.7803164E+12 0.8415723E+12 0.7100664E+12
   0.070 0.2406157E+06 0.7845529E+12 0.8421586E+12 0.7120782E+12
   0.071 0.2430185E+06 0.7887279E+12 0.8427148E+12 0.7140451E+12
   0.072 0.2453619E+06 0.7928101E+12 0.8432407E+12 0.7159609E+12
   0.073 0.3004741E+06 0.8059003E+12 0.9173939E+12 0.7114046E+12
   0.074 0.3213535E+06 0.8149241E+12 0.9597358E+12 0.7083081E+12
   0.075 0.3380863E+06 0.8195031E+12 0.9596128E+12 0.7296914E+12
   0.076 0.3413086E+06 0.8233818E+12 0.9616743E+12 0.7313350E+12
   0.077 0.3444446E+06 0.8271705E+12 0.9636755E+12 0.7329291E+12
   0.078 0.3475126E+06 0.8308941E+12 0.9656234E+12 0.7344815E+12
   0.079 0.3504910E+06 0.8345207E+12 0.9675104E+12 0.7359898E+12
   0.080 0.3533727E+06 0.8380315E+12 0.9693340E+12 0.7374788E+12
   0.081 0.3561580E+06 0.8414231E+12 0.9710989E+12 0.7389518E+12
   0.082 0.3588421E+06 0.8446822E+12 0.9728129E+12 0.7404130E+12
   0.083 0.3614278E+06 0.8478149E+12 0.9744760E+12 0.7418607E+12
   0.084 0.3639164E+06 0.8508260E+12 0.9760841E+12 0.7432960E+12
   0.085 0.3663352E+06 0.8537518E+12 0.9776410E+12 0.7447322E+12
   0.086 0.3686545E+06 0.8565514E+12 0.9791382E+12 0.7461516E+12
   0.087 0.3708711E+06 0.8592237E+12 0.9805708E+12 0.7475538E+12
   0.088 0.3730038E+06 0.8617975E+12 0.9819438E+12 0.7489475E+12
   0.089 0.3750493E+06 0.8642631E+12 0.9832638E+12 0.7503208E+12
   0.090 0.3770137E+06 0.8666346E+12 0.9845262E+12 0.7516821E+12
   0.091 0.3788964E+06 0.8689072E+12 0.9857383E+12 0.7530210E+12
   0.092 0.7115464E+06 0.9178842E+12 0.1253003E+13 0.7345261E+12
   0.093 0.7171905E+06 0.9204983E+12 0.1257262E+13 0.7355576E+12
   0.094 0.7226271E+06 0.9230098E+12 0.1261364E+13 0.7365745E+12
   0.095 0.7278410E+06 0.9254145E+12 0.1265297E+13 0.7375780E+12
   0.096 0.7328655E+06 0.9277347E+12 0.1269080E+13 0.7385748E+12
   0.097 0.8363509E+06 0.9244062E+12 0.1337903E+13 0.7494245E+12
   0.098 0.8419834E+06 0.9264720E+12 0.1342045E+13 0.7504918E+12
   0.099 0.8474366E+06 0.9284633E+12 0.1346044E+13 0.7515587E+12
   0.100 0.8526946E+06 0.9303763E+12 0.1349893E+13 0.7526152E+12
   0.101 0.8577469E+06 0.9322095E+12 0.1353584E+13 0.7536630E+12
   0.102 0.8626066E+06 0.9339693E+12 0.1357126E+13 0.7547027E+12
   0.103 0.8672829E+06 0.9356610E+12 0.1360523E+13 0.7557347E+12
   0.104 0.8718094E+06 0.9372976E+12 0.1363797E+13 0.7567655E+12
   0.105 0.8761719E+06 0.9388770E+12 0.1366941E+13 0.7577856E+12
   0.106 0.8803616E+06 0.9403966E+12 0.1369949E+13 0.7587968E+12
   0.107 0.8843893E+06 0.9418619E+12 0.1372828E+13 0.7597998E+12
   0.108 0.8882635E+06 0.9432770E+12 0.1375582E+13 0.7607948E+12
   0.109 0.8919916E+06 0.9446452E+12 0.1378218E+13 0.7617822E+12
   0.110 0.8955801E+06 0.9459696E+12 0.1380740E+13 0.7627622E+12
   0.111 0.8990350E+06 0.9472527E+12 0.1383152E+13 0.7637349E+12
   0.112 0.9023624E+06 0.9484968E+12 0.1385460E+13 0.7647005E+12
   0.113 0.9055849E+06 0.9497029E+12 0.1387701E+13 0.7656561E+12
   0.114 0.9087206E+06 0.9508744E+12 0.1389900E+13 0.7665999E+12
   0.115 0.9117721E+06 0.9520130E+12 0.1392057E+13 0.7675321E+12
   0.116 0.9147418E+06 0.9531199E+12 0.1394171E+13 0.7684531E+12
   0.117 0.9176321E+06 0.9541963E+12 0.1396244E+13 0.7693630E+12
   0.118 0.9204452E+06 0.9552431E+12 0.1398276E+13 0.7702622E+12
   0.119 0.9231832E+06 0.9562612E+12 0.1400267E+13 0.7711509E+12
   0.120 0.9258476E+06 0.9572512E+12 0.1402218E+13 0.7720295E+12
   0.121 0.9284402E+06 0.9582137E+12 0.1404129E+13 0.7728982E+12
   0.122 0.9309627E+06 0.9591494E+12 0.1406000E+13 0.7737571E+12
   0.123 0.9334172E+06 0.9600586E+12 0.1407833E+13 0.7746063E+12
   0.124 0.9358051E+06 0.9609419E+12 0.1409628E+13 0.7754460E+12
   0.125 0.9381279E+06 0.9617996E+12 0.1411385E+13 0.7762765E+12
   0.126 0.9403871E+06 0.9626321E+12 0.1413106E+13 0.7770979E+12
   0.127 0.9425839E+06 0.9634396E+12 0.1414790E+13 0.7779103E+12
   0.128 0.9447193E+06 0.9642226E+12 0.1416437E+13 0.7787139E+12
   0.129 0.9467941E+06 0.9649812E+12 0.1418048E+13 0.7795090E+12
   0.130 0.9488092E+06 0.9657158E+12 0.1419621E+13 0.7802955E+12
   0.131 0.9507655E+06 0.9664265E+12 0.1421158E+13 0.7810737E+12
   0.132 0.9526637E+06 0.9671139E+12 0.1422658E+13 0.7818439E+12
   0.133 0.9545045E+06 0.9677780E+12 0.1424119E+13 0.7826061E+12
   0.134 0.9562887E+06 0.9684190E+12 0.1425544E+13 0.7833605E+12
   0.135 0.9580170E+06 0.9690370E+12 0.1426931E+13 0.7841072E+12
   0.136 0.9596814E+06 0.9696286E+12 0.1428275E+13 0.7848446E+12
   0.137 0.9612900E+06 0.9701979E+12 0.1429582E+13 0.7855750E+12
   0.138 0.9628480E+06 0.9707454E+12 0.1430854E+13 0.7862987E+12
   0.139 0.9643541E+06 0.9712708E+12 0.1432090E+13 0.7870156E+12
   0.140 0.9658003E+06 0.9717706E+12 0.1433285E+13 0.7877242E+12
   0.141 0.9671934E+06 0.9722483E+12 0.1434443E+13 0.7884265E+12
   0.142 0.9685377E+06 0.9727045E+12 0.1435566E+13 0.7891228E+12
   0.143 0.9698245E+06 0.9731356E+12 0.1436649E+13 0.7898113E+12
   0.144 0.9710599E+06 0.9735445E+12 0.1437695E+13 0.7904939E+12
   0.145 0.9722405E+06 0.9739291E+12 0.1438702E+13 0.7911694E+12
   0.146 0.9733710E+06 0.9742915E+12 0.1439673E+13 0.7918394E+12
   0.147 0.9744483E+06 0.9746298E+12 0.1440604E+13 0.7925027E+12
   0.148 0.9754767E+06 0.9749459E+12 0.1441500E+13 0.7931607E+12
   0.149 0.9764531E+06 0.9752378E+12 0.1442358E+13 0.7938123E+12
   0.150 0.9773753E+06 0.9755051E+12 0.1443175E+13 0.7944575E+12
   0.151 0.9782514E+06 0.9757505E+12 0.1443957E+13 0.7950980E+12
   0.152 0.9790782E+06 0.9759719E+12 0.1444703E+13 0.7957327E+12
   0.153 0.9798536E+06 0.9761688E+12 0.1445409E+13 0.7963615E+12
   0.154 0.9805861E+06 0.9763470E+12 0.1446080E+13 0.7969857E+12
   0.155 0.9812734E+06 0.9765060E+12 0.1446715E+13 0.7976038E+12
   0.156 0.9819135E+06 0.9766451E+12 0.1447310E+13 0.7982160E+12
   0.157 0.9825135E+06 0.9767664E+12 0.1447872E+13 0.7988237E+12
   0.158 0.9830730E+06 0.9768741E+12 0.1448396E+13 0.7994250E+12
   0.159 0.9835912E+06 0.9769701E+12 0.1448881E+13 0.8000198E+12
   0.160 0.9840700E+06 0.9770539E+12 0.1449328E+13 0.8006083E+12
   0.161 0.9845108E+06 0.9771250E+12 0.1449738E+13 0.8011908E+12
   0.162 0.9849193E+06 0.9771848E+12 0.1450115E+13 0.8017687E+12
   0.163 0.9852945E+06 0.9772311E+12 0.1450459E+13 0.8023410E+12
   0.164 0.9856350E+06 0.9772628E+12 0.1450767E+13 0.8029077E+12
   0.165 0.9859427E+06 0.9772795E+12 0.1451042E+13 0.8034690E+12
   0.166 0.9862192E+06 0.9772805E+12 0.1451283E+13 0.8040251E+12
   0.167 0.9864662E+06 0.9772654E+12 0.1451494E+13 0.8045763E+12
   0.168 0.9866856E+06 0.9772337E+12 0.1451673E+13 0.8051228E+12
   0.169 0.9868789E+06 0.9771848E+12 0.1451823E+13 0.8056647E+12
   0.170 0.9870479E+06 0.9771183E+12 0.1451945E+13 0.8062021E+12
   0.171 0.9871950E+06 0.9770352E+12 0.1452038E+13 0.8067351E+12
   0.172 0.9873244E+06 0.9769403E+12 0.1452104E+13 0.8072633E+12
   0.173 0.9874378E+06 0.9768332E+12 0.1452142E+13 0.8077868E+12
   0.174 0.9875371E+06 0.9767136E+12 0.1452155E+13 0.8083057E+12
   0.175 0.9876246E+06 0.9765816E+12 0.1452143E+13 0.8088202E+12
   0.176 0.9877023E+06 0.9764377E+12 0.1452106E+13 0.8093303E+12
   0.177 0.9877722E+06 0.9762815E+12 0.1452046E+13 0.8098361E+12
   0.178 0.9878362E+06 0.9761128E+12 0.1451964E+13 0.8103379E+12
   0.179 0.9879043E+06 0.9759496E+12 0.1451856E+13 0.8108337E+12
   0.180 0.9879798E+06 0.9757949E+12 0.1451724E+13 0.8113233E+12
   0.181 0.9880641E+06 0.9756473E+12 0.1451568E+13 0.8118070E+12
   0.182 0.9881588E+06 0.9755055E+12 0.1451390E+13 0.8122850E+12
   0.183 0.9882653E+06 0.9753682E+12 0.1451190E+13 0.8127576E+12
   0.184 0.9883851E+06 0.9752341E+12 0.1450969E+13 0.8132250E+12
   0.185 0.9885199E+06 0.9751022E+12 0.1450729E+13 0.8136874E+12
   0.186 0.9886712E+06 0.9749712E+12 0.1450470E+13 0.8141450E+12
   0.187 0.9888409E+06 0.9748400E+12 0.1450194E+13 0.8145980E+12
   0.188 0.9890306E+06 0.9747076E+12 0.1449901E+13 0.8150467E+12
   0.189 0.9892419E+06 0.9745730E+12 0.1449593E+13 0.8154912E+12
   0.190 0.9894767E+06 0.9744352E+12 0.1449270E+13 0.8159318E+12
   0.191 0.9897600E+06 0.9743128E+12 0.1448963E+13 0.8163867E+12
   0.192 0.9900697E+06 0.9741848E+12 0.1448642E+13 0.8168377E+12
   0.193 0.9904073E+06 0.9740504E+12 0.1448309E+13 0.8172849E+12
   0.194 0.9907744E+06 0.9739084E+12 0.1447964E+13 0.8177287E+12
   0.195 0.9911727E+06 0.9737580E+12 0.1447607E+13 0.8181691E+12
   0.196 0.9916047E+06 0.9735986E+12 0.1447241E+13 0.8186063E+12
   0.197 0.9920740E+06 0.9734292E+12 0.1446867E+13 0.8190408E+12
   0.198 0.9925821E+06 0.9732493E+12 0.1446486E+13 0.8194726E+12
   0.199 0.9931304E+06 0.9730582E+12 0.1446098E+13 0.8199018E+12
   0.200 0.9937205E+06 0.9728554E+12 0.1445703E+13 0.8203285E+12
