          %Evm          Svm            E11          E22          E33          E23          E13          E12         SCAU11       SCAU22       SCAU33       SCAU23       SCAU13       SCAU12      TEMP
  0.00000E+00  0.22714E+03    0.00000E+00  0.00000E+00  0.00000E+00  0.00000E+00  0.00000E+00  0.00000E+00    0.00000E+00 -0.22713E+03  0.00000E+00 -0.91971E+00 -0.96173E+00  0.18814E+00
  0.99995E-03  0.22760E+03    0.81773E-03 -0.10000E-02  0.18227E-03  0.00000E+00  0.00000E+00  0.00000E+00    0.00000E+00 -0.22759E+03  0.00000E+00 -0.91045E+00 -0.10323E+01  0.13185E+00
  0.19999E-02  0.22863E+03    0.16350E-02 -0.20000E-02  0.36496E-03  0.00000E+00  0.00000E+00  0.00000E+00    0.00000E+00 -0.22861E+03  0.00000E+00 -0.90110E+00 -0.99040E+00  0.18359E+00
  0.29998E-02  0.22931E+03    0.24503E-02 -0.30000E-02  0.54968E-03  0.00000E+00  0.00000E+00  0.00000E+00    0.00000E+00 -0.22930E+03  0.00000E+00 -0.89919E+00 -0.10028E+01  0.15901E+00
  0.39998E-02  0.23009E+03    0.32628E-02 -0.40000E-02  0.73717E-03  0.00000E+00  0.00000E+00  0.00000E+00    0.00000E+00 -0.23008E+03  0.00000E+00 -0.89486E+00 -0.10147E+01  0.14794E+00
  0.49997E-02  0.23087E+03    0.40725E-02 -0.50000E-02  0.92745E-03  0.00000E+00  0.00000E+00  0.00000E+00    0.00000E+00 -0.23086E+03  0.00000E+00 -0.89124E+00 -0.10263E+01  0.13553E+00
  0.59997E-02  0.23164E+03    0.48795E-02 -0.60000E-02  0.11205E-02  0.00000E+00  0.00000E+00  0.00000E+00    0.00000E+00 -0.23163E+03  0.00000E+00 -0.88793E+00 -0.10376E+01  0.12312E+00
  0.69996E-02  0.23241E+03    0.56835E-02 -0.70000E-02  0.13165E-02  0.00000E+00  0.00000E+00  0.00000E+00    0.00000E+00 -0.23240E+03  0.00000E+00 -0.88493E+00 -0.10485E+01  0.11059E+00
  0.79996E-02  0.23317E+03    0.64848E-02 -0.80000E-02  0.15152E-02  0.00000E+00  0.00000E+00  0.00000E+00    0.00000E+00 -0.23316E+03  0.00000E+00 -0.88216E+00 -0.10582E+01  0.97823E-01
  0.89995E-02  0.23395E+03    0.72831E-02 -0.90000E-02  0.17169E-02  0.00000E+00  0.00000E+00  0.00000E+00    0.00000E+00 -0.23393E+03  0.00000E+00 -0.88334E+00 -0.10645E+01  0.85463E-01
  0.99995E-02  0.23470E+03    0.80786E-02 -0.10000E-01  0.19214E-02  0.00000E+00  0.00000E+00  0.00000E+00    0.00000E+00 -0.23469E+03  0.00000E+00 -0.88169E+00 -0.10728E+01  0.73837E-01
  0.10999E-01  0.23546E+03    0.88711E-02 -0.11000E-01  0.21289E-02  0.00000E+00  0.00000E+00  0.00000E+00    0.00000E+00 -0.23545E+03  0.00000E+00 -0.88043E+00 -0.10807E+01  0.62987E-01
  0.11999E-01  0.23621E+03    0.96607E-02 -0.12000E-01  0.23393E-02  0.00000E+00  0.00000E+00  0.00000E+00    0.00000E+00 -0.23620E+03  0.00000E+00 -0.87940E+00 -0.10879E+01  0.52883E-01
  0.12999E-01  0.23696E+03    0.10447E-01 -0.13000E-01  0.25526E-02  0.00000E+00  0.00000E+00  0.00000E+00    0.00000E+00 -0.23694E+03  0.00000E+00 -0.87859E+00 -0.10944E+01  0.43747E-01
  0.13999E-01  0.23770E+03    0.11231E-01 -0.14000E-01  0.27689E-02  0.00000E+00  0.00000E+00  0.00000E+00    0.00000E+00 -0.23769E+03  0.00000E+00 -0.87793E+00 -0.11002E+01  0.35760E-01
  0.14999E-01  0.23844E+03    0.12012E-01 -0.15000E-01  0.29881E-02  0.00000E+00  0.00000E+00  0.00000E+00    0.00000E+00 -0.23842E+03  0.00000E+00 -0.87736E+00 -0.11055E+01  0.28872E-01
  0.15999E-01  0.23920E+03    0.12790E-01 -0.16000E-01  0.32103E-02  0.00000E+00  0.00000E+00  0.00000E+00    0.00000E+00 -0.23919E+03  0.00000E+00 -0.87344E+00 -0.11007E+01  0.19683E-01
  0.16999E-01  0.23993E+03    0.13565E-01 -0.17000E-01  0.34354E-02  0.00000E+00  0.00000E+00  0.00000E+00    0.00000E+00 -0.23992E+03  0.00000E+00 -0.87253E+00 -0.11032E+01  0.14169E-01
  0.17999E-01  0.24079E+03    0.14337E-01 -0.18000E-01  0.36635E-02  0.00000E+00  0.00000E+00  0.00000E+00    0.00000E+00 -0.24078E+03  0.00000E+00 -0.86888E+00 -0.11050E+01  0.19798E-01
  0.18999E-01  0.24153E+03    0.15106E-01 -0.19000E-01  0.38943E-02  0.00000E+00  0.00000E+00  0.00000E+00    0.00000E+00 -0.24151E+03  0.00000E+00 -0.86986E+00 -0.11084E+01  0.15238E-01
  0.19999E-01  0.24225E+03    0.15872E-01 -0.20000E-01  0.41280E-02  0.00000E+00  0.00000E+00  0.00000E+00    0.00000E+00 -0.24223E+03  0.00000E+00 -0.86945E+00 -0.11110E+01  0.10792E-01
  0.20999E-01  0.24296E+03    0.16635E-01 -0.21000E-01  0.43647E-02  0.00000E+00  0.00000E+00  0.00000E+00    0.00000E+00 -0.24295E+03  0.00000E+00 -0.86917E+00 -0.11129E+01  0.63360E-02
  0.21999E-01  0.24368E+03    0.17396E-01 -0.22000E-01  0.46043E-02  0.00000E+00  0.00000E+00  0.00000E+00    0.00000E+00 -0.24366E+03  0.00000E+00 -0.86900E+00 -0.11144E+01  0.17523E-02
  0.22999E-01  0.24439E+03    0.18153E-01 -0.23000E-01  0.48469E-02  0.00000E+00  0.00000E+00  0.00000E+00    0.00000E+00 -0.24438E+03  0.00000E+00 -0.86795E+00 -0.11152E+01 -0.34853E-02
  0.23999E-01  0.24511E+03    0.18908E-01 -0.24000E-01  0.50924E-02  0.00000E+00  0.00000E+00  0.00000E+00    0.00000E+00 -0.24509E+03  0.00000E+00 -0.86878E+00 -0.11151E+01 -0.85245E-02
  0.24999E-01  0.24581E+03    0.19659E-01 -0.25000E-01  0.53410E-02  0.00000E+00  0.00000E+00  0.00000E+00    0.00000E+00 -0.24580E+03  0.00000E+00 -0.86881E+00 -0.11151E+01 -0.14035E-01
  0.25999E-01  0.24651E+03    0.20408E-01 -0.26000E-01  0.55925E-02  0.00000E+00  0.00000E+00  0.00000E+00    0.00000E+00 -0.24650E+03  0.00000E+00 -0.86888E+00 -0.11149E+01 -0.19677E-01
  0.26999E-01  0.24722E+03    0.21153E-01 -0.27000E-01  0.58469E-02  0.00000E+00  0.00000E+00  0.00000E+00    0.00000E+00 -0.24720E+03  0.00000E+00 -0.86728E+00 -0.11135E+01 -0.26014E-01
  0.27999E-01  0.24791E+03    0.21896E-01 -0.28000E-01  0.61044E-02  0.00000E+00  0.00000E+00  0.00000E+00    0.00000E+00 -0.24790E+03  0.00000E+00 -0.86725E+00 -0.11124E+01 -0.32174E-01
  0.28999E-01  0.24862E+03    0.22635E-01 -0.29000E-01  0.63647E-02  0.00000E+00  0.00000E+00  0.00000E+00    0.00000E+00 -0.24861E+03  0.00000E+00 -0.86352E+00 -0.11131E+01 -0.38263E-01
  0.29998E-01  0.24935E+03    0.23372E-01 -0.30000E-01  0.66281E-02  0.00000E+00  0.00000E+00  0.00000E+00    0.00000E+00 -0.24934E+03  0.00000E+00 -0.84873E+00 -0.11222E+01 -0.43183E-01
  0.30998E-01  0.24999E+03    0.24106E-01 -0.31000E-01  0.68945E-02  0.00000E+00  0.00000E+00  0.00000E+00    0.00000E+00 -0.24998E+03  0.00000E+00 -0.84549E+00 -0.11232E+01 -0.51470E-01
  0.31998E-01  0.25079E+03    0.24837E-01 -0.32000E-01  0.71633E-02  0.00000E+00  0.00000E+00  0.00000E+00    0.00000E+00 -0.25078E+03  0.00000E+00 -0.86923E+00 -0.11098E+01 -0.48580E-01
  0.32998E-01  0.25148E+03    0.25565E-01 -0.33000E-01  0.74355E-02  0.00000E+00  0.00000E+00  0.00000E+00    0.00000E+00 -0.25147E+03  0.00000E+00 -0.87575E+00 -0.11078E+01 -0.54424E-01
  0.33998E-01  0.25213E+03    0.26289E-01 -0.34000E-01  0.77109E-02  0.00000E+00  0.00000E+00  0.00000E+00    0.00000E+00 -0.25211E+03  0.00000E+00 -0.87506E+00 -0.11053E+01 -0.62538E-01
  0.34998E-01  0.25286E+03    0.27011E-01 -0.35000E-01  0.79888E-02  0.00000E+00  0.00000E+00  0.00000E+00    0.00000E+00 -0.25285E+03  0.00000E+00 -0.87581E+00 -0.11033E+01 -0.62758E-01
  0.35998E-01  0.25349E+03    0.27730E-01 -0.36000E-01  0.82699E-02  0.00000E+00  0.00000E+00  0.00000E+00    0.00000E+00 -0.25348E+03  0.00000E+00 -0.87522E+00 -0.10999E+01 -0.69309E-01
  0.36998E-01  0.25422E+03    0.28446E-01 -0.37000E-01  0.85536E-02  0.00000E+00  0.00000E+00  0.00000E+00    0.00000E+00 -0.25421E+03  0.00000E+00 -0.87623E+00 -0.10973E+01 -0.67987E-01
  0.37998E-01  0.25485E+03    0.29159E-01 -0.38000E-01  0.88405E-02  0.00000E+00  0.00000E+00  0.00000E+00    0.00000E+00 -0.25484E+03  0.00000E+00 -0.87572E+00 -0.10932E+01 -0.72084E-01
  0.38998E-01  0.25557E+03    0.29870E-01 -0.39000E-01  0.91299E-02  0.00000E+00  0.00000E+00  0.00000E+00    0.00000E+00 -0.25555E+03  0.00000E+00 -0.87634E+00 -0.10893E+01 -0.68913E-01
  0.39998E-01  0.25610E+03    0.30577E-01 -0.40000E-01  0.94226E-02  0.00000E+00  0.00000E+00  0.00000E+00    0.00000E+00 -0.25608E+03  0.00000E+00 -0.87824E+00 -0.10834E+01 -0.80845E-01
  0.40998E-01  0.25691E+03    0.31282E-01 -0.41000E-01  0.97175E-02  0.00000E+00  0.00000E+00  0.00000E+00    0.00000E+00 -0.25690E+03  0.00000E+00 -0.87399E+00 -0.10761E+01 -0.65515E-01
  0.41998E-01  0.25743E+03    0.31984E-01 -0.42000E-01  0.10016E-01  0.00000E+00  0.00000E+00  0.00000E+00    0.00000E+00 -0.25742E+03  0.00000E+00 -0.87543E+00 -0.10687E+01 -0.76348E-01
  0.42998E-01  0.25823E+03    0.32684E-01 -0.43000E-01  0.10316E-01  0.00000E+00  0.00000E+00  0.00000E+00    0.00000E+00 -0.25822E+03  0.00000E+00 -0.87176E+00 -0.10629E+01 -0.62361E-01
  0.43998E-01  0.25875E+03    0.33380E-01 -0.44000E-01  0.10620E-01  0.00000E+00  0.00000E+00  0.00000E+00    0.00000E+00 -0.25874E+03  0.00000E+00 -0.87267E+00 -0.10554E+01 -0.73111E-01
  0.44998E-01  0.25954E+03    0.34073E-01 -0.45000E-01  0.10927E-01  0.00000E+00  0.00000E+00  0.00000E+00    0.00000E+00 -0.25952E+03  0.00000E+00 -0.86851E+00 -0.10491E+01 -0.60655E-01
  0.45998E-01  0.26006E+03    0.34764E-01 -0.46000E-01  0.11236E-01  0.00000E+00  0.00000E+00  0.00000E+00    0.00000E+00 -0.26005E+03  0.00000E+00 -0.86907E+00 -0.10410E+01 -0.72698E-01
  0.46998E-01  0.26083E+03    0.35452E-01 -0.47000E-01  0.11548E-01  0.00000E+00  0.00000E+00  0.00000E+00    0.00000E+00 -0.26082E+03  0.00000E+00 -0.86437E+00 -0.10343E+01 -0.61498E-01
  0.47998E-01  0.26135E+03    0.36137E-01 -0.48000E-01  0.11863E-01  0.00000E+00  0.00000E+00  0.00000E+00    0.00000E+00 -0.26134E+03  0.00000E+00 -0.86461E+00 -0.10259E+01 -0.74725E-01
  0.48998E-01  0.26212E+03    0.36819E-01 -0.49000E-01  0.12181E-01  0.00000E+00  0.00000E+00  0.00000E+00    0.00000E+00 -0.26211E+03  0.00000E+00 -0.85947E+00 -0.10189E+01 -0.64546E-01
  0.49998E-01  0.26264E+03    0.37499E-01 -0.50000E-01  0.12501E-01  0.00000E+00  0.00000E+00  0.00000E+00    0.00000E+00 -0.26263E+03  0.00000E+00 -0.85957E+00 -0.10108E+01 -0.78597E-01
  0.50998E-01  0.26343E+03    0.38176E-01 -0.51000E-01  0.12824E-01  0.00000E+00  0.00000E+00  0.00000E+00    0.00000E+00 -0.26342E+03  0.00000E+00 -0.85290E+00 -0.10044E+01 -0.66754E-01
  0.51997E-01  0.26391E+03    0.38850E-01 -0.52000E-01  0.13150E-01  0.00000E+00  0.00000E+00  0.00000E+00    0.00000E+00 -0.26390E+03  0.00000E+00 -0.85285E+00 -0.99489E+00 -0.78399E-01
  0.52997E-01  0.26470E+03    0.39522E-01 -0.53000E-01  0.13478E-01  0.00000E+00  0.00000E+00  0.00000E+00    0.00000E+00 -0.26469E+03  0.00000E+00 -0.84787E+00 -0.98713E+00 -0.66249E-01
  0.53997E-01  0.26518E+03    0.40190E-01 -0.54000E-01  0.13810E-01  0.00000E+00  0.00000E+00  0.00000E+00    0.00000E+00 -0.26517E+03  0.00000E+00 -0.84567E+00 -0.97454E+00 -0.85481E-01
  0.54997E-01  0.26596E+03    0.40857E-01 -0.55000E-01  0.14143E-01  0.00000E+00  0.00000E+00  0.00000E+00    0.00000E+00 -0.26595E+03  0.00000E+00 -0.83894E+00 -0.96839E+00 -0.75221E-01
  0.55997E-01  0.26644E+03    0.41520E-01 -0.56000E-01  0.14480E-01  0.00000E+00  0.00000E+00  0.00000E+00    0.00000E+00 -0.26643E+03  0.00000E+00 -0.83975E+00 -0.95782E+00 -0.94923E-01
  0.56997E-01  0.26716E+03    0.42181E-01 -0.57000E-01  0.14819E-01  0.00000E+00  0.00000E+00  0.00000E+00    0.00000E+00 -0.26715E+03  0.00000E+00 -0.83325E+00 -0.95132E+00 -0.88858E-01
  0.57997E-01  0.26778E+03    0.42839E-01 -0.58000E-01  0.15161E-01  0.00000E+00  0.00000E+00  0.00000E+00    0.00000E+00 -0.26778E+03  0.00000E+00 -0.82715E+00 -0.94286E+00 -0.93359E-01
  0.58997E-01  0.26840E+03    0.43494E-01 -0.59000E-01  0.15506E-01  0.00000E+00  0.00000E+00  0.00000E+00    0.00000E+00 -0.26840E+03  0.00000E+00 -0.82372E+00 -0.93409E+00 -0.98156E-01
  0.59997E-01  0.26894E+03    0.44147E-01 -0.60000E-01  0.15853E-01  0.00000E+00  0.00000E+00  0.00000E+00    0.00000E+00 -0.26893E+03  0.00000E+00 -0.82272E+00 -0.92151E+00 -0.11225E+00
  0.60997E-01  0.26965E+03    0.44797E-01 -0.61000E-01  0.16203E-01  0.00000E+00  0.00000E+00  0.00000E+00    0.00000E+00 -0.26964E+03  0.00000E+00 -0.81968E+00 -0.91731E+00 -0.10802E+00
  0.61997E-01  0.27027E+03    0.45445E-01 -0.62000E-01  0.16555E-01  0.00000E+00  0.00000E+00  0.00000E+00    0.00000E+00 -0.27026E+03  0.00000E+00 -0.81927E+00 -0.90765E+00 -0.11371E+00
  0.62997E-01  0.27082E+03    0.46090E-01 -0.63000E-01  0.16910E-01  0.00000E+00  0.00000E+00  0.00000E+00    0.00000E+00 -0.27081E+03  0.00000E+00 -0.80902E+00 -0.90395E+00 -0.12675E+00
  0.63997E-01  0.27152E+03    0.46732E-01 -0.64000E-01  0.17268E-01  0.00000E+00  0.00000E+00  0.00000E+00    0.00000E+00 -0.27151E+03  0.00000E+00 -0.80440E+00 -0.89485E+00 -0.12321E+00
  0.64997E-01  0.27204E+03    0.47372E-01 -0.65000E-01  0.17628E-01  0.00000E+00  0.00000E+00  0.00000E+00    0.00000E+00 -0.27203E+03  0.00000E+00 -0.80405E+00 -0.88092E+00 -0.13802E+00
  0.65997E-01  0.27273E+03    0.48009E-01 -0.66000E-01  0.17991E-01  0.00000E+00  0.00000E+00  0.00000E+00    0.00000E+00 -0.27272E+03  0.00000E+00 -0.79688E+00 -0.87380E+00 -0.13436E+00
  0.66997E-01  0.27326E+03    0.48643E-01 -0.67000E-01  0.18357E-01  0.00000E+00  0.00000E+00  0.00000E+00    0.00000E+00 -0.27325E+03  0.00000E+00 -0.79682E+00 -0.85872E+00 -0.14895E+00
  0.67997E-01  0.27394E+03    0.49275E-01 -0.68000E-01  0.18725E-01  0.00000E+00  0.00000E+00  0.00000E+00    0.00000E+00 -0.27393E+03  0.00000E+00 -0.78977E+00 -0.85128E+00 -0.14563E+00
  0.68997E-01  0.27446E+03    0.49904E-01 -0.69000E-01  0.19096E-01  0.00000E+00  0.00000E+00  0.00000E+00    0.00000E+00 -0.27445E+03  0.00000E+00 -0.78980E+00 -0.83549E+00 -0.15971E+00
  0.69997E-01  0.27514E+03    0.50531E-01 -0.70000E-01  0.19469E-01  0.00000E+00  0.00000E+00  0.00000E+00    0.00000E+00 -0.27513E+03  0.00000E+00 -0.78289E+00 -0.82787E+00 -0.15665E+00
  0.70997E-01  0.27566E+03    0.51155E-01 -0.71000E-01  0.19845E-01  0.00000E+00  0.00000E+00  0.00000E+00    0.00000E+00 -0.27565E+03  0.00000E+00 -0.78328E+00 -0.81154E+00 -0.16997E+00
  0.71997E-01  0.27625E+03    0.51776E-01 -0.72000E-01  0.20224E-01  0.00000E+00  0.00000E+00  0.00000E+00    0.00000E+00 -0.27625E+03  0.00000E+00 -0.78056E+00 -0.79910E+00 -0.17471E+00
  0.72997E-01  0.27693E+03    0.52395E-01 -0.73000E-01  0.20605E-01  0.00000E+00  0.00000E+00  0.00000E+00    0.00000E+00 -0.27693E+03  0.00000E+00 -0.76863E+00 -0.79167E+00 -0.17138E+00
  0.73997E-01  0.27745E+03    0.53012E-01 -0.74000E-01  0.20988E-01  0.00000E+00  0.00000E+00  0.00000E+00    0.00000E+00 -0.27745E+03  0.00000E+00 -0.77205E+00 -0.77930E+00 -0.18464E+00
  0.74997E-01  0.27805E+03    0.53626E-01 -0.75000E-01  0.21374E-01  0.00000E+00  0.00000E+00  0.00000E+00    0.00000E+00 -0.27804E+03  0.00000E+00 -0.76954E+00 -0.76533E+00 -0.18834E+00
  0.75997E-01  0.27864E+03    0.54237E-01 -0.76000E-01  0.21763E-01  0.00000E+00  0.00000E+00  0.00000E+00    0.00000E+00 -0.27863E+03  0.00000E+00 -0.76585E+00 -0.75221E+00 -0.19223E+00
  0.76997E-01  0.27929E+03    0.54846E-01 -0.77000E-01  0.22154E-01  0.00000E+00  0.00000E+00  0.00000E+00    0.00000E+00 -0.27929E+03  0.00000E+00 -0.75914E+00 -0.74376E+00 -0.18913E+00
  0.77997E-01  0.27980E+03    0.55453E-01 -0.78000E-01  0.22547E-01  0.00000E+00  0.00000E+00  0.00000E+00    0.00000E+00 -0.27980E+03  0.00000E+00 -0.75939E+00 -0.72605E+00 -0.19886E+00
  0.78997E-01  0.28039E+03    0.56057E-01 -0.79000E-01  0.22943E-01  0.00000E+00  0.00000E+00  0.00000E+00    0.00000E+00 -0.28038E+03  0.00000E+00 -0.75547E+00 -0.71319E+00 -0.20154E+00
  0.79997E-01  0.28097E+03    0.56658E-01 -0.80000E-01  0.23342E-01  0.00000E+00  0.00000E+00  0.00000E+00    0.00000E+00 -0.28096E+03  0.00000E+00 -0.75254E+00 -0.69940E+00 -0.20372E+00
  0.80997E-01  0.28154E+03    0.57257E-01 -0.81000E-01  0.23743E-01  0.00000E+00  0.00000E+00  0.00000E+00    0.00000E+00 -0.28154E+03  0.00000E+00 -0.75034E+00 -0.68531E+00 -0.20526E+00
  0.81997E-01  0.28212E+03    0.57854E-01 -0.82000E-01  0.24146E-01  0.00000E+00  0.00000E+00  0.00000E+00    0.00000E+00 -0.28211E+03  0.00000E+00 -0.74796E+00 -0.67142E+00 -0.20615E+00
  0.82997E-01  0.28269E+03    0.58448E-01 -0.83000E-01  0.24552E-01  0.00000E+00  0.00000E+00  0.00000E+00    0.00000E+00 -0.28269E+03  0.00000E+00 -0.74559E+00 -0.65714E+00 -0.20612E+00
  0.83997E-01  0.28332E+03    0.59040E-01 -0.84000E-01  0.24960E-01  0.00000E+00  0.00000E+00  0.00000E+00    0.00000E+00 -0.28332E+03  0.00000E+00 -0.73368E+00 -0.65139E+00 -0.19191E+00
  0.84997E-01  0.28382E+03    0.59629E-01 -0.85000E-01  0.25371E-01  0.00000E+00  0.00000E+00  0.00000E+00    0.00000E+00 -0.28381E+03  0.00000E+00 -0.74560E+00 -0.61990E+00 -0.21042E+00
  0.85997E-01  0.28440E+03    0.60215E-01 -0.86000E-01  0.25785E-01  0.00000E+00  0.00000E+00  0.00000E+00    0.00000E+00 -0.28440E+03  0.00000E+00 -0.74267E+00 -0.60663E+00 -0.20624E+00
  0.86997E-01  0.28481E+03    0.60800E-01 -0.87000E-01  0.26200E-01  0.00000E+00  0.00000E+00  0.00000E+00    0.00000E+00 -0.28480E+03  0.00000E+00 -0.73140E+00 -0.61007E+00 -0.19169E+00
  0.87997E-01  0.28552E+03    0.61381E-01 -0.88000E-01  0.26619E-01  0.00000E+00  0.00000E+00  0.00000E+00    0.00000E+00 -0.28552E+03  0.00000E+00 -0.73946E+00 -0.57531E+00 -0.20354E+00
  0.88997E-01  0.28594E+03    0.61961E-01 -0.89000E-01  0.27039E-01  0.00000E+00  0.00000E+00  0.00000E+00    0.00000E+00 -0.28593E+03  0.00000E+00 -0.72868E+00 -0.57976E+00 -0.18891E+00
  0.89996E-01  0.28665E+03    0.62537E-01 -0.90000E-01  0.27463E-01  0.00000E+00  0.00000E+00  0.00000E+00    0.00000E+00 -0.28664E+03  0.00000E+00 -0.73396E+00 -0.54467E+00 -0.19883E+00
  0.90996E-01  0.28722E+03    0.63112E-01 -0.91000E-01  0.27888E-01  0.00000E+00  0.00000E+00  0.00000E+00    0.00000E+00 -0.28722E+03  0.00000E+00 -0.73269E+00 -0.52962E+00 -0.19486E+00
  0.91996E-01  0.28788E+03    0.63685E-01 -0.92000E-01  0.28315E-01  0.00000E+00  0.00000E+00  0.00000E+00    0.00000E+00 -0.28787E+03  0.00000E+00 -0.71144E+00 -0.52176E+00 -0.17713E+00
  0.92996E-01  0.28837E+03    0.64253E-01 -0.93000E-01  0.28747E-01  0.00000E+00  0.00000E+00  0.00000E+00    0.00000E+00 -0.28837E+03  0.00000E+00 -0.72364E+00 -0.48362E+00 -0.19569E+00
  0.93996E-01  0.28894E+03    0.64820E-01 -0.94000E-01  0.29180E-01  0.00000E+00  0.00000E+00  0.00000E+00    0.00000E+00 -0.28894E+03  0.00000E+00 -0.72355E+00 -0.46905E+00 -0.19107E+00
  0.94996E-01  0.28934E+03    0.65385E-01 -0.95000E-01  0.29615E-01  0.00000E+00  0.00000E+00  0.00000E+00    0.00000E+00 -0.28934E+03  0.00000E+00 -0.71431E+00 -0.47408E+00 -0.17895E+00
  0.95996E-01  0.29004E+03    0.65947E-01 -0.96000E-01  0.30053E-01  0.00000E+00  0.00000E+00  0.00000E+00    0.00000E+00 -0.29004E+03  0.00000E+00 -0.72566E+00 -0.43410E+00 -0.18644E+00
  0.96996E-01  0.29062E+03    0.66508E-01 -0.97000E-01  0.30492E-01  0.00000E+00  0.00000E+00  0.00000E+00    0.00000E+00 -0.29062E+03  0.00000E+00 -0.72127E+00 -0.41546E+00 -0.18112E+00
  0.97996E-01  0.29102E+03    0.67065E-01 -0.98000E-01  0.30935E-01  0.00000E+00  0.00000E+00  0.00000E+00    0.00000E+00 -0.29101E+03  0.00000E+00 -0.71518E+00 -0.42131E+00 -0.17093E+00
  0.98996E-01  0.29171E+03    0.67620E-01 -0.99000E-01  0.31380E-01  0.00000E+00  0.00000E+00  0.00000E+00    0.00000E+00 -0.29171E+03  0.00000E+00 -0.72824E+00 -0.38056E+00 -0.17650E+00
  0.99996E-01  0.29227E+03    0.68173E-01 -0.10000E+00  0.31827E-01  0.00000E+00  0.00000E+00  0.00000E+00    0.00000E+00 -0.29227E+03  0.00000E+00 -0.73138E+00 -0.36431E+00 -0.17237E+00
  0.10100E+00  0.29282E+03    0.68724E-01 -0.10100E+00  0.32276E-01  0.00000E+00  0.00000E+00  0.00000E+00    0.00000E+00 -0.29282E+03  0.00000E+00 -0.73465E+00 -0.34641E+00 -0.16898E+00
  0.10200E+00  0.29337E+03    0.69273E-01 -0.10200E+00  0.32727E-01  0.00000E+00  0.00000E+00  0.00000E+00    0.00000E+00 -0.29336E+03  0.00000E+00 -0.73850E+00 -0.32909E+00 -0.16531E+00
  0.10300E+00  0.29376E+03    0.69819E-01 -0.10300E+00  0.33181E-01  0.00000E+00  0.00000E+00  0.00000E+00    0.00000E+00 -0.29375E+03  0.00000E+00 -0.72975E+00 -0.33530E+00 -0.15498E+00
  0.10400E+00  0.29444E+03    0.70363E-01 -0.10400E+00  0.33637E-01  0.00000E+00  0.00000E+00  0.00000E+00    0.00000E+00 -0.29444E+03  0.00000E+00 -0.74786E+00 -0.29442E+00 -0.15849E+00
  0.10500E+00  0.29500E+03    0.70904E-01 -0.10500E+00  0.34096E-01  0.00000E+00  0.00000E+00  0.00000E+00    0.00000E+00 -0.29499E+03  0.00000E+00 -0.75357E+00 -0.27841E+00 -0.15416E+00
  0.10600E+00  0.29554E+03    0.71443E-01 -0.10600E+00  0.34557E-01  0.00000E+00  0.00000E+00  0.00000E+00    0.00000E+00 -0.29553E+03  0.00000E+00 -0.75943E+00 -0.26088E+00 -0.15045E+00
  0.10700E+00  0.29607E+03    0.71980E-01 -0.10700E+00  0.35020E-01  0.00000E+00  0.00000E+00  0.00000E+00    0.00000E+00 -0.29607E+03  0.00000E+00 -0.76587E+00 -0.24401E+00 -0.14648E+00
  0.10800E+00  0.29661E+03    0.72515E-01 -0.10800E+00  0.35485E-01  0.00000E+00  0.00000E+00  0.00000E+00    0.00000E+00 -0.29661E+03  0.00000E+00 -0.77282E+00 -0.22723E+00 -0.14249E+00
  0.10900E+00  0.29714E+03    0.73048E-01 -0.10900E+00  0.35952E-01  0.00000E+00  0.00000E+00  0.00000E+00    0.00000E+00 -0.29714E+03  0.00000E+00 -0.78025E+00 -0.21062E+00 -0.13842E+00
  0.11000E+00  0.29768E+03    0.73579E-01 -0.11000E+00  0.36421E-01  0.00000E+00  0.00000E+00  0.00000E+00    0.00000E+00 -0.29767E+03  0.00000E+00 -0.78815E+00 -0.19419E+00 -0.13431E+00
  0.11100E+00  0.29821E+03    0.74107E-01 -0.11100E+00  0.36893E-01  0.00000E+00  0.00000E+00  0.00000E+00    0.00000E+00 -0.29820E+03  0.00000E+00 -0.79646E+00 -0.17791E+00 -0.13014E+00
  0.11200E+00  0.29873E+03    0.74633E-01 -0.11200E+00  0.37367E-01  0.00000E+00  0.00000E+00  0.00000E+00    0.00000E+00 -0.29873E+03  0.00000E+00 -0.80531E+00 -0.16244E+00 -0.12613E+00
  0.11300E+00  0.29926E+03    0.75157E-01 -0.11300E+00  0.37843E-01  0.00000E+00  0.00000E+00  0.00000E+00    0.00000E+00 -0.29926E+03  0.00000E+00 -0.81477E+00 -0.14721E+00 -0.12210E+00
  0.11400E+00  0.29979E+03    0.75678E-01 -0.11400E+00  0.38322E-01  0.00000E+00  0.00000E+00  0.00000E+00    0.00000E+00 -0.29978E+03  0.00000E+00 -0.82434E+00 -0.13204E+00 -0.11797E+00
  0.11500E+00  0.30031E+03    0.76197E-01 -0.11500E+00  0.38803E-01  0.00000E+00  0.00000E+00  0.00000E+00    0.00000E+00 -0.30030E+03  0.00000E+00 -0.83418E+00 -0.11706E+00 -0.11382E+00
  0.11600E+00  0.30083E+03    0.76715E-01 -0.11600E+00  0.39285E-01  0.00000E+00  0.00000E+00  0.00000E+00    0.00000E+00 -0.30082E+03  0.00000E+00 -0.84426E+00 -0.10225E+00 -0.10962E+00
  0.11700E+00  0.30135E+03    0.77229E-01 -0.11700E+00  0.39771E-01  0.00000E+00  0.00000E+00  0.00000E+00    0.00000E+00 -0.30134E+03  0.00000E+00 -0.85458E+00 -0.87615E-01 -0.10541E+00
  0.11800E+00  0.30186E+03    0.77742E-01 -0.11800E+00  0.40258E-01  0.00000E+00  0.00000E+00  0.00000E+00    0.00000E+00 -0.30186E+03  0.00000E+00 -0.86509E+00 -0.73165E-01 -0.10115E+00
  0.11900E+00  0.30238E+03    0.78253E-01 -0.11900E+00  0.40747E-01  0.00000E+00  0.00000E+00  0.00000E+00    0.00000E+00 -0.30238E+03  0.00000E+00 -0.87575E+00 -0.58910E-01 -0.96745E-01
  0.12000E+00  0.30289E+03    0.78761E-01 -0.12000E+00  0.41239E-01  0.00000E+00  0.00000E+00  0.00000E+00    0.00000E+00 -0.30289E+03  0.00000E+00 -0.88658E+00 -0.44836E-01 -0.92313E-01
  0.12100E+00  0.30340E+03    0.79267E-01 -0.12100E+00  0.41733E-01  0.00000E+00  0.00000E+00  0.00000E+00    0.00000E+00 -0.30340E+03  0.00000E+00 -0.89755E+00 -0.30944E-01 -0.87819E-01
  0.12200E+00  0.30391E+03    0.79771E-01 -0.12200E+00  0.42229E-01  0.00000E+00  0.00000E+00  0.00000E+00    0.00000E+00 -0.30391E+03  0.00000E+00 -0.90862E+00 -0.17232E-01 -0.83263E-01
  0.12300E+00  0.30442E+03    0.80273E-01 -0.12300E+00  0.42727E-01  0.00000E+00  0.00000E+00  0.00000E+00    0.00000E+00 -0.30442E+03  0.00000E+00 -0.91980E+00 -0.36985E-02 -0.78641E-01
  0.12400E+00  0.30493E+03    0.80773E-01 -0.12400E+00  0.43227E-01  0.00000E+00  0.00000E+00  0.00000E+00    0.00000E+00 -0.30492E+03  0.00000E+00 -0.93105E+00  0.96768E-02 -0.73952E-01
  0.12500E+00  0.30543E+03    0.81270E-01 -0.12500E+00  0.43730E-01  0.00000E+00  0.00000E+00  0.00000E+00    0.00000E+00 -0.30543E+03  0.00000E+00 -0.94240E+00  0.22899E-01 -0.69204E-01
  0.12600E+00  0.30593E+03    0.81766E-01 -0.12600E+00  0.44234E-01  0.00000E+00  0.00000E+00  0.00000E+00    0.00000E+00 -0.30593E+03  0.00000E+00 -0.95382E+00  0.35956E-01 -0.64426E-01
  0.12700E+00  0.30644E+03    0.82259E-01 -0.12700E+00  0.44741E-01  0.00000E+00  0.00000E+00  0.00000E+00    0.00000E+00 -0.30643E+03  0.00000E+00 -0.96530E+00  0.48870E-01 -0.59618E-01
  0.12800E+00  0.30694E+03    0.82750E-01 -0.12800E+00  0.45250E-01  0.00000E+00  0.00000E+00  0.00000E+00    0.00000E+00 -0.30693E+03  0.00000E+00 -0.97744E+00  0.61706E-01 -0.54843E-01
  0.12900E+00  0.30743E+03    0.83240E-01 -0.12900E+00  0.45760E-01  0.00000E+00  0.00000E+00  0.00000E+00    0.00000E+00 -0.30743E+03  0.00000E+00 -0.98930E+00  0.74378E-01 -0.50047E-01
  0.13000E+00  0.30793E+03    0.83727E-01 -0.13000E+00  0.46273E-01  0.00000E+00  0.00000E+00  0.00000E+00    0.00000E+00 -0.30793E+03  0.00000E+00 -0.10012E+01  0.86933E-01 -0.45268E-01
  0.13100E+00  0.30843E+03    0.84212E-01 -0.13100E+00  0.46788E-01  0.00000E+00  0.00000E+00  0.00000E+00    0.00000E+00 -0.30842E+03  0.00000E+00 -0.10127E+01  0.99453E-01 -0.40571E-01
  0.13200E+00  0.30892E+03    0.84695E-01 -0.13200E+00  0.47305E-01  0.00000E+00  0.00000E+00  0.00000E+00    0.00000E+00 -0.30891E+03  0.00000E+00 -0.10245E+01  0.11180E+00 -0.35882E-01
  0.13300E+00  0.30941E+03    0.85176E-01 -0.13300E+00  0.47824E-01  0.00000E+00  0.00000E+00  0.00000E+00    0.00000E+00 -0.30941E+03  0.00000E+00 -0.10363E+01  0.12403E+00 -0.31235E-01
  0.13400E+00  0.30990E+03    0.85655E-01 -0.13400E+00  0.48345E-01  0.00000E+00  0.00000E+00  0.00000E+00    0.00000E+00 -0.30990E+03  0.00000E+00 -0.10481E+01  0.13613E+00 -0.26627E-01
  0.13500E+00  0.31057E+03    0.86132E-01 -0.13500E+00  0.48868E-01  0.00000E+00  0.00000E+00  0.00000E+00    0.00000E+00 -0.31057E+03  0.00000E+00 -0.10759E+01  0.16772E+00 -0.21566E-01
  0.13600E+00  0.31088E+03    0.86608E-01 -0.13600E+00  0.49392E-01  0.00000E+00  0.00000E+00  0.00000E+00    0.00000E+00 -0.31087E+03  0.00000E+00 -0.10740E+01  0.15957E+00 -0.17516E-01
  0.13700E+00  0.31136E+03    0.87081E-01 -0.13700E+00  0.49919E-01  0.00000E+00  0.00000E+00  0.00000E+00    0.00000E+00 -0.31136E+03  0.00000E+00 -0.10829E+01  0.17200E+00 -0.13030E-01
  0.13800E+00  0.31185E+03    0.87553E-01 -0.13800E+00  0.50447E-01  0.00000E+00  0.00000E+00  0.00000E+00    0.00000E+00 -0.31184E+03  0.00000E+00 -0.10947E+01  0.18348E+00 -0.86063E-02
  0.13900E+00  0.31251E+03    0.88022E-01 -0.13900E+00  0.50978E-01  0.00000E+00  0.00000E+00  0.00000E+00    0.00000E+00 -0.31250E+03  0.00000E+00 -0.11222E+01  0.21407E+00 -0.36245E-02
  0.14000E+00  0.31281E+03    0.88490E-01 -0.14000E+00  0.51510E-01  0.00000E+00  0.00000E+00  0.00000E+00    0.00000E+00 -0.31281E+03  0.00000E+00 -0.11200E+01  0.20594E+00  0.19421E-03
  0.14100E+00  0.31329E+03    0.88956E-01 -0.14100E+00  0.52044E-01  0.00000E+00  0.00000E+00  0.00000E+00    0.00000E+00 -0.31329E+03  0.00000E+00 -0.11286E+01  0.21791E+00  0.45488E-02
  0.14200E+00  0.31395E+03    0.89420E-01 -0.14200E+00  0.52580E-01  0.00000E+00  0.00000E+00  0.00000E+00    0.00000E+00 -0.31394E+03  0.00000E+00 -0.11557E+01  0.24757E+00  0.96040E-02
  0.14300E+00  0.31425E+03    0.89882E-01 -0.14300E+00  0.53118E-01  0.00000E+00  0.00000E+00  0.00000E+00    0.00000E+00 -0.31424E+03  0.00000E+00 -0.11532E+01  0.23962E+00  0.13186E-01
  0.14400E+00  0.31490E+03    0.90342E-01 -0.14400E+00  0.53658E-01  0.00000E+00  0.00000E+00  0.00000E+00    0.00000E+00 -0.31489E+03  0.00000E+00 -0.11768E+01  0.27015E+00  0.18353E-01
  0.14500E+00  0.31520E+03    0.90801E-01 -0.14500E+00  0.54199E-01  0.00000E+00  0.00000E+00  0.00000E+00    0.00000E+00 -0.31519E+03  0.00000E+00 -0.11746E+01  0.26163E+00  0.21801E-01
  0.14600E+00  0.31584E+03    0.91258E-01 -0.14600E+00  0.54742E-01  0.00000E+00  0.00000E+00  0.00000E+00    0.00000E+00 -0.31584E+03  0.00000E+00 -0.11976E+01  0.29182E+00  0.27146E-01
  0.14700E+00  0.31614E+03    0.91713E-01 -0.14700E+00  0.55287E-01  0.00000E+00  0.00000E+00  0.00000E+00    0.00000E+00 -0.31614E+03  0.00000E+00 -0.11953E+01  0.28330E+00  0.30408E-01
  0.14800E+00  0.31678E+03    0.92166E-01 -0.14800E+00  0.55834E-01  0.00000E+00  0.00000E+00  0.00000E+00    0.00000E+00 -0.31678E+03  0.00000E+00 -0.12178E+01  0.31312E+00  0.36002E-01
  0.14900E+00  0.31724E+03    0.92617E-01 -0.14900E+00  0.56383E-01  0.00000E+00  0.00000E+00  0.00000E+00    0.00000E+00 -0.31723E+03  0.00000E+00 -0.12321E+01  0.32152E+00  0.40331E-01
  0.15000E+00  0.31755E+03    0.93067E-01 -0.15000E+00  0.56933E-01  0.00000E+00  0.00000E+00  0.00000E+00    0.00000E+00 -0.31754E+03  0.00000E+00 -0.12254E+01  0.31538E+00  0.43423E-01
  0.15100E+00  0.31818E+03    0.93515E-01 -0.15100E+00  0.57485E-01  0.00000E+00  0.00000E+00  0.00000E+00    0.00000E+00 -0.31818E+03  0.00000E+00 -0.12469E+01  0.34452E+00  0.49598E-01
  0.15200E+00  0.31864E+03    0.93962E-01 -0.15200E+00  0.58038E-01  0.00000E+00  0.00000E+00  0.00000E+00    0.00000E+00 -0.31863E+03  0.00000E+00 -0.12607E+01  0.35276E+00  0.54021E-01
  0.15300E+00  0.31895E+03    0.94406E-01 -0.15300E+00  0.58594E-01  0.00000E+00  0.00000E+00  0.00000E+00    0.00000E+00 -0.31894E+03  0.00000E+00 -0.12541E+01  0.34667E+00  0.56825E-01
  0.15400E+00  0.31957E+03    0.94849E-01 -0.15400E+00  0.59151E-01  0.00000E+00  0.00000E+00  0.00000E+00    0.00000E+00 -0.31956E+03  0.00000E+00 -0.12750E+01  0.37532E+00  0.63751E-01
  0.15500E+00  0.32002E+03    0.95290E-01 -0.15500E+00  0.59710E-01  0.00000E+00  0.00000E+00  0.00000E+00    0.00000E+00 -0.32001E+03  0.00000E+00 -0.12883E+01  0.38329E+00  0.68476E-01
  0.15600E+00  0.32033E+03    0.95730E-01 -0.15600E+00  0.60270E-01  0.00000E+00  0.00000E+00  0.00000E+00    0.00000E+00 -0.32032E+03  0.00000E+00 -0.12819E+01  0.37720E+00  0.70897E-01
  0.15700E+00  0.32095E+03    0.96168E-01 -0.15700E+00  0.60832E-01  0.00000E+00  0.00000E+00  0.00000E+00    0.00000E+00 -0.32094E+03  0.00000E+00 -0.13025E+01  0.40548E+00  0.78923E-01
  0.15800E+00  0.32139E+03    0.96604E-01 -0.15800E+00  0.61396E-01  0.00000E+00  0.00000E+00  0.00000E+00    0.00000E+00 -0.32139E+03  0.00000E+00 -0.13156E+01  0.41347E+00  0.84081E-01
  0.15900E+00  0.32185E+03    0.97038E-01 -0.15900E+00  0.61962E-01  0.00000E+00  0.00000E+00  0.00000E+00    0.00000E+00 -0.32184E+03  0.00000E+00 -0.13247E+01  0.42375E+00  0.89441E-01
  0.16000E+00  0.32231E+03    0.97471E-01 -0.16000E+00  0.62529E-01  0.00000E+00  0.00000E+00  0.00000E+00    0.00000E+00 -0.32230E+03  0.00000E+00 -0.13335E+01  0.43341E+00  0.94994E-01
  0.16100E+00  0.32261E+03    0.97903E-01 -0.16100E+00  0.63097E-01  0.00000E+00  0.00000E+00  0.00000E+00    0.00000E+00 -0.32260E+03  0.00000E+00 -0.13268E+01  0.42707E+00  0.96773E-01
  0.16200E+00  0.32322E+03    0.98333E-01 -0.16200E+00  0.63667E-01  0.00000E+00  0.00000E+00  0.00000E+00    0.00000E+00 -0.32321E+03  0.00000E+00 -0.13470E+01  0.45396E+00  0.10673E+00
  0.16300E+00  0.32366E+03    0.98761E-01 -0.16300E+00  0.64239E-01  0.00000E+00  0.00000E+00  0.00000E+00    0.00000E+00 -0.32365E+03  0.00000E+00 -0.13595E+01  0.46116E+00  0.11254E+00
  0.16400E+00  0.32411E+03    0.99187E-01 -0.16400E+00  0.64813E-01  0.00000E+00  0.00000E+00  0.00000E+00    0.00000E+00 -0.32410E+03  0.00000E+00 -0.13680E+01  0.47068E+00  0.11865E+00
  0.16500E+00  0.32456E+03    0.99612E-01 -0.16500E+00  0.65388E-01  0.00000E+00  0.00000E+00  0.00000E+00    0.00000E+00 -0.32455E+03  0.00000E+00 -0.13763E+01  0.47954E+00  0.12497E+00
  0.16600E+00  0.32501E+03    0.10004E+00 -0.16600E+00  0.65965E-01  0.00000E+00  0.00000E+00  0.00000E+00    0.00000E+00 -0.32500E+03  0.00000E+00 -0.13845E+01  0.48833E+00  0.13145E+00
  0.16700E+00  0.32545E+03    0.10046E+00 -0.16700E+00  0.66543E-01  0.00000E+00  0.00000E+00  0.00000E+00    0.00000E+00 -0.32544E+03  0.00000E+00 -0.13925E+01  0.49689E+00  0.13809E+00
  0.16800E+00  0.32590E+03    0.10088E+00 -0.16800E+00  0.67122E-01  0.00000E+00  0.00000E+00  0.00000E+00    0.00000E+00 -0.32589E+03  0.00000E+00 -0.14004E+01  0.50528E+00  0.14488E+00
  0.16900E+00  0.32634E+03    0.10130E+00 -0.16900E+00  0.67704E-01  0.00000E+00  0.00000E+00  0.00000E+00    0.00000E+00 -0.32633E+03  0.00000E+00 -0.14081E+01  0.51347E+00  0.15180E+00
  0.17000E+00  0.32679E+03    0.10171E+00 -0.17000E+00  0.68286E-01  0.00000E+00  0.00000E+00  0.00000E+00    0.00000E+00 -0.32677E+03  0.00000E+00 -0.14158E+01  0.52149E+00  0.15884E+00
  0.17099E+00  0.32723E+03    0.10213E+00 -0.17100E+00  0.68871E-01  0.00000E+00  0.00000E+00  0.00000E+00    0.00000E+00 -0.32722E+03  0.00000E+00 -0.14233E+01  0.52945E+00  0.16595E+00
  0.17199E+00  0.32767E+03    0.10254E+00 -0.17200E+00  0.69456E-01  0.00000E+00  0.00000E+00  0.00000E+00    0.00000E+00 -0.32766E+03  0.00000E+00 -0.14306E+01  0.53712E+00  0.17318E+00
  0.17299E+00  0.32811E+03    0.10296E+00 -0.17300E+00  0.70044E-01  0.00000E+00  0.00000E+00  0.00000E+00    0.00000E+00 -0.32810E+03  0.00000E+00 -0.14378E+01  0.54457E+00  0.18058E+00
  0.17399E+00  0.32854E+03    0.10337E+00 -0.17400E+00  0.70633E-01  0.00000E+00  0.00000E+00  0.00000E+00    0.00000E+00 -0.32853E+03  0.00000E+00 -0.14450E+01  0.55182E+00  0.18816E+00
  0.17499E+00  0.32898E+03    0.10378E+00 -0.17500E+00  0.71223E-01  0.00000E+00  0.00000E+00  0.00000E+00    0.00000E+00 -0.32897E+03  0.00000E+00 -0.14519E+01  0.55893E+00  0.19570E+00
  0.17599E+00  0.32942E+03    0.10419E+00 -0.17600E+00  0.71815E-01  0.00000E+00  0.00000E+00  0.00000E+00    0.00000E+00 -0.32941E+03  0.00000E+00 -0.14588E+01  0.56580E+00  0.20337E+00
  0.17699E+00  0.32985E+03    0.10459E+00 -0.17700E+00  0.72408E-01  0.00000E+00  0.00000E+00  0.00000E+00    0.00000E+00 -0.32984E+03  0.00000E+00 -0.14655E+01  0.57247E+00  0.21111E+00
  0.17799E+00  0.33029E+03    0.10500E+00 -0.17800E+00  0.73003E-01  0.00000E+00  0.00000E+00  0.00000E+00    0.00000E+00 -0.33027E+03  0.00000E+00 -0.14726E+01  0.57811E+00  0.21948E+00
  0.17899E+00  0.33072E+03    0.10540E+00 -0.17900E+00  0.73599E-01  0.00000E+00  0.00000E+00  0.00000E+00    0.00000E+00 -0.33071E+03  0.00000E+00 -0.14793E+01  0.58386E+00  0.22760E+00
  0.17999E+00  0.33115E+03    0.10580E+00 -0.18000E+00  0.74197E-01  0.00000E+00  0.00000E+00  0.00000E+00    0.00000E+00 -0.33114E+03  0.00000E+00 -0.14858E+01  0.58945E+00  0.23576E+00
  0.18099E+00  0.33158E+03    0.10620E+00 -0.18100E+00  0.74796E-01  0.00000E+00  0.00000E+00  0.00000E+00    0.00000E+00 -0.33157E+03  0.00000E+00 -0.14923E+01  0.59483E+00  0.24398E+00
  0.18199E+00  0.33201E+03    0.10660E+00 -0.18200E+00  0.75397E-01  0.00000E+00  0.00000E+00  0.00000E+00    0.00000E+00 -0.33200E+03  0.00000E+00 -0.14986E+01  0.59999E+00  0.25228E+00
  0.18299E+00  0.33244E+03    0.10700E+00 -0.18300E+00  0.75999E-01  0.00000E+00  0.00000E+00  0.00000E+00    0.00000E+00 -0.33243E+03  0.00000E+00 -0.15048E+01  0.60493E+00  0.26062E+00
  0.18399E+00  0.33286E+03    0.10740E+00 -0.18400E+00  0.76603E-01  0.00000E+00  0.00000E+00  0.00000E+00    0.00000E+00 -0.33285E+03  0.00000E+00 -0.15109E+01  0.60966E+00  0.26902E+00
  0.18499E+00  0.33329E+03    0.10779E+00 -0.18500E+00  0.77208E-01  0.00000E+00  0.00000E+00  0.00000E+00    0.00000E+00 -0.33328E+03  0.00000E+00 -0.15169E+01  0.61418E+00  0.27747E+00
  0.18599E+00  0.33372E+03    0.10819E+00 -0.18600E+00  0.77814E-01  0.00000E+00  0.00000E+00  0.00000E+00    0.00000E+00 -0.33370E+03  0.00000E+00 -0.15227E+01  0.61848E+00  0.28595E+00
  0.18699E+00  0.33414E+03    0.10858E+00 -0.18700E+00  0.78422E-01  0.00000E+00  0.00000E+00  0.00000E+00    0.00000E+00 -0.33413E+03  0.00000E+00 -0.15285E+01  0.62256E+00  0.29447E+00
  0.18799E+00  0.33456E+03    0.10897E+00 -0.18800E+00  0.79031E-01  0.00000E+00  0.00000E+00  0.00000E+00    0.00000E+00 -0.33455E+03  0.00000E+00 -0.15341E+01  0.62644E+00  0.30301E+00
  0.18899E+00  0.33498E+03    0.10936E+00 -0.18900E+00  0.79641E-01  0.00000E+00  0.00000E+00  0.00000E+00    0.00000E+00 -0.33497E+03  0.00000E+00 -0.15397E+01  0.63013E+00  0.31154E+00
  0.18999E+00  0.33541E+03    0.10975E+00 -0.19000E+00  0.80253E-01  0.00000E+00  0.00000E+00  0.00000E+00    0.00000E+00 -0.33540E+03  0.00000E+00 -0.15450E+01  0.61997E+00  0.32056E+00
  0.19099E+00  0.33583E+03    0.11013E+00 -0.19100E+00  0.80866E-01  0.00000E+00  0.00000E+00  0.00000E+00    0.00000E+00 -0.33582E+03  0.00000E+00 -0.15503E+01  0.63166E+00  0.32885E+00
  0.19199E+00  0.33625E+03    0.11052E+00 -0.19200E+00  0.81480E-01  0.00000E+00  0.00000E+00  0.00000E+00    0.00000E+00 -0.33623E+03  0.00000E+00 -0.15554E+01  0.63365E+00  0.33739E+00
  0.19299E+00  0.33667E+03    0.11090E+00 -0.19300E+00  0.82096E-01  0.00000E+00  0.00000E+00  0.00000E+00    0.00000E+00 -0.33665E+03  0.00000E+00 -0.15603E+01  0.63658E+00  0.34582E+00
  0.19399E+00  0.33708E+03    0.11129E+00 -0.19400E+00  0.82713E-01  0.00000E+00  0.00000E+00  0.00000E+00    0.00000E+00 -0.33707E+03  0.00000E+00 -0.15650E+01  0.63919E+00  0.35434E+00
  0.19499E+00  0.33750E+03    0.11167E+00 -0.19500E+00  0.83331E-01  0.00000E+00  0.00000E+00  0.00000E+00    0.00000E+00 -0.33748E+03  0.00000E+00 -0.15695E+01  0.64167E+00  0.36287E+00
  0.19599E+00  0.33791E+03    0.11205E+00 -0.19600E+00  0.83951E-01  0.00000E+00  0.00000E+00  0.00000E+00    0.00000E+00 -0.33790E+03  0.00000E+00 -0.15737E+01  0.64403E+00  0.37143E+00
  0.19699E+00  0.33832E+03    0.11243E+00 -0.19700E+00  0.84571E-01  0.00000E+00  0.00000E+00  0.00000E+00    0.00000E+00 -0.33831E+03  0.00000E+00 -0.15777E+01  0.64615E+00  0.37994E+00
  0.19799E+00  0.33873E+03    0.11281E+00 -0.19800E+00  0.85193E-01  0.00000E+00  0.00000E+00  0.00000E+00    0.00000E+00 -0.33872E+03  0.00000E+00 -0.15815E+01  0.64811E+00  0.38843E+00
  0.19899E+00  0.33915E+03    0.11318E+00 -0.19900E+00  0.85816E-01  0.00000E+00  0.00000E+00  0.00000E+00    0.00000E+00 -0.33913E+03  0.00000E+00 -0.15850E+01  0.64990E+00  0.39691E+00
  0.19999E+00  0.33955E+03    0.11356E+00 -0.20000E+00  0.86441E-01  0.00000E+00  0.00000E+00  0.00000E+00    0.00000E+00 -0.33954E+03  0.00000E+00 -0.15883E+01  0.65153E+00  0.40538E+00
